--------- beginning of main
--------- beginning of system
06-28 20:21:44.529 10500 10500 W LogFactory: Truncating log tag length as it exceed 23, the limit imposed by Android on certain API Levels
06-28 20:21:48.512 10500 10500 E TransferService: No notification is passed in the intent. Unable to transition to foreground.
06-28 20:22:45.231 10500 10500 W NearbyFragment: Preferences:
06-28 20:22:45.231 10500 10500 W NearbyFragment:   Auto download: true
06-28 20:22:45.231 10500 10500 W NearbyFragment:   Algorithm: fastest
06-28 20:22:45.231 10500 10500 W NearbyFragment:   Fast scheduling: false
06-28 20:22:45.231 10500 10500 W NearbyFragment:   Segmentation: false
06-28 20:22:45.231 10500 10500 W NearbyFragment:   Auto segmentation: false
06-28 20:22:45.231 10500 10500 W NearbyFragment:   Segment number: 4
06-28 20:22:45.231 10500 10500 W NearbyFragment:   Noise tolerance: 45.00
06-28 20:22:45.231 10500 10500 W NearbyFragment:   Quality: 23
06-28 20:22:45.231 10500 10500 W NearbyFragment:   Speed: medium
06-28 20:22:45.231 10500 10500 W NearbyFragment:   Freeze duration: 1.00
06-28 20:22:45.232 10500 10500 W NearbyFragment: Download delay: 1s
06-28 20:22:45.232 10500 10500 W NearbyFragment: Started downloading from dashcam
06-28 20:23:07.371 10500 10500 W NearbyFragment: Sending 20200312_150643.mp4 to Galaxy S8 [2802]
06-28 20:23:07.384 10500 10500 W DashDownloadManager: Successfully downloaded 20200312_150643.mp4 in 22.072s
06-28 20:23:34.779 10500 10500 W NearbyFragment: Sending 20200312_150744.mp4 to Galaxy S8 [2802]
06-28 20:23:34.783 10500 10500 W DashDownloadManager: Successfully downloaded 20200312_150744.mp4 in 26.321s
06-28 20:24:01.343 10500 10500 W NearbyFragment: Completed downloading 20200312_150744.mp4 from Endpoint{id=as84, name=Galaxy S8 [2802]} in 00.162s
06-28 20:24:02.776 10500 10500 W NearbyFragment: Sending 20200312_150844.mp4 to Galaxy S8 [2802]
06-28 20:24:02.780 10500 10500 W DashDownloadManager: Successfully downloaded 20200312_150844.mp4 in 26.954s
06-28 20:24:28.192 10500 10500 W NearbyFragment: Completed downloading 20200312_150844.mp4 from Endpoint{id=as84, name=Galaxy S8 [2802]} in 08.502s
06-28 20:24:35.331 10500 10500 W NearbyFragment: Sending 20200312_150944.mp4 to Galaxy S8 [2802]
06-28 20:24:35.335 10500 10500 W DashDownloadManager: Successfully downloaded 20200312_150944.mp4 in 31.451s
06-28 20:25:00.691 10500 10500 W NearbyFragment: Sending 20200312_151044.mp4 to Nexus 5 [1825]
06-28 20:25:00.694 10500 10500 W DashDownloadManager: Successfully downloaded 20200312_151044.mp4 in 24.298s
06-28 20:25:01.870 10500 10500 W NearbyFragment: Completed downloading 20200312_150944.mp4 from Endpoint{id=as84, name=Galaxy S8 [2802]} in 00.078s
06-28 20:25:34.435 10500 10500 W NearbyFragment: Sending 20200312_193528.mp4 to Galaxy S8 [2802]
06-28 20:25:34.440 10500 10500 W DashDownloadManager: Successfully downloaded 20200312_193528.mp4 in 32.635s
06-28 20:25:59.726 10500 10500 W NearbyFragment: Sending 20200312_193628.mp4 to Galaxy S8 [2802]
06-28 20:25:59.729 10500 10500 W DashDownloadManager: Successfully downloaded 20200312_193628.mp4 in 24.223s
06-28 20:26:25.240 10500 10500 W NearbyFragment: Sending 20200312_193728.mp4 to Nexus 5 [1825]
06-28 20:26:25.246 10500 10500 W DashDownloadManager: Successfully downloaded 20200312_193728.mp4 in 24.462s
06-28 20:26:28.228 10500 10500 W NearbyFragment: Completed downloading 20200312_193628.mp4 from Endpoint{id=as84, name=Galaxy S8 [2802]} in 02.332s
06-28 20:26:56.527 10500 10500 W NearbyFragment: Sending 20200312_193828.mp4 to Galaxy S8 [2802]
06-28 20:26:56.532 10500 10500 W DashDownloadManager: Successfully downloaded 20200312_193828.mp4 in 30.207s
06-28 20:27:25.417 10500 10500 W NearbyFragment: Completed downloading 20200312_193828.mp4 from Endpoint{id=as84, name=Galaxy S8 [2802]} in 00.475s
06-28 20:27:26.690 10500 10500 W NearbyFragment: Completed downloading 20200312_193728.mp4 from Endpoint{id=3b9d, name=Nexus 5 [1825]} in 22.020s
06-28 20:27:37.712 10500 10500 W NearbyFragment: Sending 20200312_193928.mp4 to Galaxy S8 [2802]
06-28 20:27:37.716 10500 10500 W DashDownloadManager: Successfully downloaded 20200312_193928.mp4 in 40.126s
06-28 20:28:04.117 10500 10500 W NearbyFragment: Sending 20200312_194129.mp4 to Galaxy S8 [2802]
06-28 20:28:04.120 10500 10500 W DashDownloadManager: Successfully downloaded 20200312_194129.mp4 in 25.333s
06-28 20:28:26.329 10500 10500 W NearbyFragment: Sending 20200312_194229.mp4 to Nexus 5 [1825]
06-28 20:28:26.332 10500 10500 W DashDownloadManager: Successfully downloaded 20200312_194229.mp4 in 21.139s
06-28 20:28:32.459 10500 10500 W NearbyFragment: Completed downloading 20200312_194129.mp4 from Endpoint{id=as84, name=Galaxy S8 [2802]} in 00.643s
06-28 20:28:56.452 10500 10500 W NearbyFragment: Sending 20200312_194330.mp4 to Galaxy S8 [2802]
06-28 20:28:56.457 10500 10500 W DashDownloadManager: Successfully downloaded 20200312_194330.mp4 in 29.033s
06-28 20:29:17.443 10500 10500 W NearbyFragment: Sending 20200312_194730.mp4 to Galaxy S8 [2802]
06-28 20:29:17.447 10500 10500 W DashDownloadManager: Successfully downloaded 20200312_194730.mp4 in 19.918s
06-28 20:29:37.534 10500 10500 W NearbyFragment: Sending 20200312_194830.mp4 to Galaxy S8 [2802]
06-28 20:29:37.540 10500 10500 W DashDownloadManager: Successfully downloaded 20200312_194830.mp4 in 18.998s
06-28 20:30:02.653 10500 10500 W NearbyFragment: Completed downloading 20200312_194229.mp4 from Endpoint{id=3b9d, name=Nexus 5 [1825]} in 00.874s
06-28 20:30:05.690 10500 10500 W NearbyFragment: Sending 20200312_194930.mp4 to Nexus 5 [1825]
06-28 20:30:05.696 10500 10500 W DashDownloadManager: Successfully downloaded 20200312_194930.mp4 in 27.080s
06-28 20:30:14.895 10500 10500 W NearbyFragment: Completed downloading 20200312_194830.mp4 from Endpoint{id=as84, name=Galaxy S8 [2802]} in 01.166s
06-28 20:30:42.577 10500 10500 W NearbyFragment: Sending 20200312_195230.mp4 to Galaxy S8 [2802]
06-28 20:30:42.581 10500 10500 W DashDownloadManager: Successfully downloaded 20200312_195230.mp4 in 35.799s
06-28 20:31:05.754 10500 10500 W NearbyFragment: Sending 20200312_195330.mp4 to Galaxy S8 [2802]
06-28 20:31:05.759 10500 10500 W DashDownloadManager: Successfully downloaded 20200312_195330.mp4 in 22.102s
06-28 20:31:07.639 10500 10500 W NearbyFragment: Completed downloading 20200312_195230.mp4 from Endpoint{id=as84, name=Galaxy S8 [2802]} in 00.339s
06-28 20:31:30.618 10500 10500 W NearbyFragment: Sending 20200312_195430.mp4 to Galaxy S8 [2802]
06-28 20:31:30.623 10500 10500 W DashDownloadManager: Successfully downloaded 20200312_195430.mp4 in 23.787s
06-28 20:31:31.641 10500 10693 W NearbyFragment: Stopped downloading from dashcam
06-28 20:31:46.793 10500 10500 W NearbyFragment: Completed downloading 20200312_195330.mp4 from Endpoint{id=as84, name=Galaxy S8 [2802]} in 00.491s
06-28 20:32:15.453 10500 10500 W NearbyFragment: Completed downloading 20200312_195430.mp4 from Endpoint{id=as84, name=Galaxy S8 [2802]} in 00.422s
06-28 20:32:33.708 10500 10500 W NearbyFragment: Completed downloading 20200312_194930.mp4 from Endpoint{id=3b9d, name=Nexus 5 [1825]} in 01.249s
