--------- beginning of main
--------- beginning of system
07-05 19:17:20.178  6083  6083 W LogFactory: Truncating log tag length as it exceed 23, the limit imposed by Android on certain API Levels
07-05 19:19:19.901  6083  6083 E TransferService: No notification is passed in the intent. Unable to transition to foreground.
07-05 19:21:32.389  6083  6083 W NearbyFragment: Completed downloading 20200312_150643.mp4 from Endpoint{id=hrLv, name=Galaxy S8 [2802]} in 26.787s
07-05 19:21:32.688  6083  6670 W mobile-ffmpeg: [mov,mp4,m4a,3gp,3g2,mj2 @ 0x7a20f5e400] Found duplicated MOOV Atom. Skipped it
07-05 19:21:32.888  6083  6670 W mobile-ffmpeg: [graph 0 input from stream 0:0 @ 0x7a0f554a40] sws_param option is deprecated and ignored
07-05 19:21:45.784  6083  6669 W Summariser: No activity detected
07-05 19:21:45.789  6083  6670 W mobile-ffmpeg: [mov,mp4,m4a,3gp,3g2,mj2 @ 0x7a20f5e400] Found duplicated MOOV Atom. Skipped it
07-05 19:21:45.858  6083  6669 W Summariser: Summarisation completed
07-05 19:21:45.858  6083  6669 W Summariser:   filename: 20200312_150643.mp4
07-05 19:21:45.858  6083  6669 W Summariser:   active sections: 0
07-05 19:21:45.858  6083  6669 W Summariser:   time: 13.266s
07-05 19:21:45.858  6083  6669 W Summariser:   original duration: 60.02
07-05 19:21:45.858  6083  6669 W Summariser:   summarised duration: -1.00
07-05 19:21:45.858  6083  6669 W Summariser:   noise tolerance: 45.00
07-05 19:21:45.858  6083  6669 W Summariser:   quality: 23
07-05 19:21:45.858  6083  6669 W Summariser:   speed: medium
07-05 19:21:45.858  6083  6669 W Summariser:   freeze duration: 1.00
07-05 19:22:44.826  6083  6083 W NearbyFragment: Completed downloading 20200312_150844.mp4 from Endpoint{id=hrLv, name=Galaxy S8 [2802]} in 31.367s
07-05 19:22:44.907  6083  6670 W mobile-ffmpeg: [mov,mp4,m4a,3gp,3g2,mj2 @ 0x7a20f5e400] Found duplicated MOOV Atom. Skipped it
07-05 19:22:45.049  6083  6670 W mobile-ffmpeg: [graph 0 input from stream 0:0 @ 0x7a0f554a40] sws_param option is deprecated and ignored
07-05 19:22:58.283  6083  6719 W Summariser: Whole video is active
07-05 19:23:01.166  6083  6670 W mobile-ffmpeg: [mov,mp4,m4a,3gp,3g2,mj2 @ 0x7a20f5e400] Found duplicated MOOV Atom. Skipped it
07-05 19:23:01.248  6083  6670 W mobile-ffmpeg: [mov,mp4,m4a,3gp,3g2,mj2 @ 0x7a20f5e400] Found duplicated MOOV Atom. Skipped it
07-05 19:23:01.320  6083  6719 W Summariser: Summarisation completed
07-05 19:23:01.320  6083  6719 W Summariser:   filename: 20200312_150844.mp4
07-05 19:23:01.320  6083  6719 W Summariser:   active sections: -1
07-05 19:23:01.320  6083  6719 W Summariser:   time: 16.265s
07-05 19:23:01.320  6083  6719 W Summariser:   original duration: 60.02
07-05 19:23:01.320  6083  6719 W Summariser:   summarised duration: 60.02
07-05 19:23:01.320  6083  6719 W Summariser:   noise tolerance: 45.00
07-05 19:23:01.320  6083  6719 W Summariser:   quality: 23
07-05 19:23:01.320  6083  6719 W Summariser:   speed: medium
07-05 19:23:01.320  6083  6719 W Summariser:   freeze duration: 1.00
07-05 19:23:01.393  6083  6719 W NearbyFragment: Sending 20200312_150844.mp4 to Galaxy S8 [2802]
07-05 19:23:41.260  6083  6083 W NearbyFragment: Completed downloading 20200312_150944.mp4 from Endpoint{id=hrLv, name=Galaxy S8 [2802]} in 48.842s
07-05 19:23:41.356  6083  6670 W mobile-ffmpeg: [mov,mp4,m4a,3gp,3g2,mj2 @ 0x7a20f5e400] Found duplicated MOOV Atom. Skipped it
07-05 19:23:41.502  6083  6670 W mobile-ffmpeg: [graph 0 input from stream 0:0 @ 0x7a0f554a40] sws_param option is deprecated and ignored
07-05 19:24:03.186  6083  6757 W Summariser: 1 active sections found
07-05 19:24:03.200  6083  6670 W mobile-ffmpeg: [mov,mp4,m4a,3gp,3g2,mj2 @ 0x7a20f5e400] Found duplicated MOOV Atom. Skipped it
07-05 19:24:03.364  6083  6670 W mobile-ffmpeg: [graph 0 input from stream 0:0 @ 0x7a0f554500] sws_param option is deprecated and ignored
07-05 19:24:28.871  6083  6670 W mobile-ffmpeg: [mov,mp4,m4a,3gp,3g2,mj2 @ 0x7a20f5e400] Found duplicated MOOV Atom. Skipped it
07-05 19:24:29.061  6083  6757 W Summariser: Summarisation completed
07-05 19:24:29.061  6083  6757 W Summariser:   filename: 20200312_150944.mp4
07-05 19:24:29.061  6083  6757 W Summariser:   active sections: 1
07-05 19:24:29.061  6083  6757 W Summariser:   time: 47.519s
07-05 19:24:29.061  6083  6757 W Summariser:   original duration: 60.02
07-05 19:24:29.061  6083  6757 W Summariser:   summarised duration: 7.07
07-05 19:24:29.061  6083  6757 W Summariser:   noise tolerance: 45.00
07-05 19:24:29.061  6083  6757 W Summariser:   quality: 23
07-05 19:24:29.061  6083  6757 W Summariser:   speed: medium
07-05 19:24:29.061  6083  6757 W Summariser:   freeze duration: 1.00
07-05 19:24:29.128  6083  6757 W NearbyFragment: Sending 20200312_150944.mp4 to Galaxy S8 [2802]
07-05 19:24:56.385  6083  6083 W NearbyFragment: Completed downloading 20200312_193528.mp4 from Endpoint{id=hrLv, name=Galaxy S8 [2802]} in 22.457s
07-05 19:24:56.460  6083  6670 W mobile-ffmpeg: [mov,mp4,m4a,3gp,3g2,mj2 @ 0x7a20f5e400] Found duplicated MOOV Atom. Skipped it
07-05 19:24:56.579  6083  6670 W mobile-ffmpeg: [graph 0 input from stream 0:0 @ 0x7a0f554a40] sws_param option is deprecated and ignored
07-05 19:25:15.198  6083  6821 W Summariser: No activity detected
07-05 19:25:15.208  6083  6670 W mobile-ffmpeg: [mov,mp4,m4a,3gp,3g2,mj2 @ 0x7a20f5e400] Found duplicated MOOV Atom. Skipped it
07-05 19:25:15.283  6083  6821 W Summariser: Summarisation completed
07-05 19:25:15.283  6083  6821 W Summariser:   filename: 20200312_193528.mp4
07-05 19:25:15.283  6083  6821 W Summariser:   active sections: 0
07-05 19:25:15.283  6083  6821 W Summariser:   time: 18.749s
07-05 19:25:15.283  6083  6821 W Summariser:   original duration: 60.05
07-05 19:25:15.283  6083  6821 W Summariser:   summarised duration: -1.00
07-05 19:25:15.283  6083  6821 W Summariser:   noise tolerance: 45.00
07-05 19:25:15.283  6083  6821 W Summariser:   quality: 23
07-05 19:25:15.283  6083  6821 W Summariser:   speed: medium
07-05 19:25:15.283  6083  6821 W Summariser:   freeze duration: 1.00
07-05 19:26:12.989  6083  6083 W NearbyFragment: Completed downloading 20200312_193728.mp4 from Endpoint{id=hrLv, name=Galaxy S8 [2802]} in 32.195s
07-05 19:26:13.054  6083  6670 W mobile-ffmpeg: [mov,mp4,m4a,3gp,3g2,mj2 @ 0x7a20f5e400] Found duplicated MOOV Atom. Skipped it
07-05 19:26:13.219  6083  6670 W mobile-ffmpeg: [graph 0 input from stream 0:0 @ 0x7a0f554a40] sws_param option is deprecated and ignored
07-05 19:26:30.238  6083  6860 W Summariser: Whole video is active
07-05 19:26:33.655  6083  6670 W mobile-ffmpeg: [mov,mp4,m4a,3gp,3g2,mj2 @ 0x7a20f5e400] Found duplicated MOOV Atom. Skipped it
07-05 19:26:33.777  6083  6670 W mobile-ffmpeg: [mov,mp4,m4a,3gp,3g2,mj2 @ 0x7a20f5e400] Found duplicated MOOV Atom. Skipped it
07-05 19:26:33.874  6083  6860 W Summariser: Summarisation completed
07-05 19:26:33.874  6083  6860 W Summariser:   filename: 20200312_193728.mp4
07-05 19:26:33.874  6083  6860 W Summariser:   active sections: -1
07-05 19:26:33.874  6083  6860 W Summariser:   time: 20.603s
07-05 19:26:33.874  6083  6860 W Summariser:   original duration: 60.02
07-05 19:26:33.874  6083  6860 W Summariser:   summarised duration: 60.02
07-05 19:26:33.874  6083  6860 W Summariser:   noise tolerance: 45.00
07-05 19:26:33.874  6083  6860 W Summariser:   quality: 23
07-05 19:26:33.874  6083  6860 W Summariser:   speed: medium
07-05 19:26:33.874  6083  6860 W Summariser:   freeze duration: 1.00
07-05 19:26:34.146  6083  6860 W NearbyFragment: Sending 20200312_193728.mp4 to Galaxy S8 [2802]
07-05 19:27:13.265  6083  6083 W NearbyFragment: Completed downloading 20200312_193828.mp4 from Endpoint{id=hrLv, name=Galaxy S8 [2802]} in 55.239s
07-05 19:27:13.348  6083  6670 W mobile-ffmpeg: [mov,mp4,m4a,3gp,3g2,mj2 @ 0x7a20f5e400] Found duplicated MOOV Atom. Skipped it
07-05 19:27:13.490  6083  6670 W mobile-ffmpeg: [graph 0 input from stream 0:0 @ 0x7a0f554800] sws_param option is deprecated and ignored
07-05 19:27:34.007  6083  6905 W Summariser: 1 active sections found
07-05 19:27:34.021  6083  6670 W mobile-ffmpeg: [mov,mp4,m4a,3gp,3g2,mj2 @ 0x7a20f5e400] Found duplicated MOOV Atom. Skipped it
07-05 19:27:34.161  6083  6670 W mobile-ffmpeg: [graph 0 input from stream 0:0 @ 0x7a20f2d9c0] sws_param option is deprecated and ignored
07-05 19:28:21.583  6083  6083 W NearbyFragment: Completed downloading 20200312_194129.mp4 from Endpoint{id=hrLv, name=Galaxy S8 [2802]} in 34.783s
07-05 19:28:30.829  6083  6670 W mobile-ffmpeg: [mov,mp4,m4a,3gp,3g2,mj2 @ 0x7a20f5e400] Found duplicated MOOV Atom. Skipped it
07-05 19:28:30.987  6083  6905 W Summariser: Summarisation completed
07-05 19:28:30.987  6083  6905 W Summariser:   filename: 20200312_193828.mp4
07-05 19:28:30.987  6083  6905 W Summariser:   active sections: 1
07-05 19:28:30.987  6083  6905 W Summariser:   time: 77.483s
07-05 19:28:30.987  6083  6905 W Summariser:   original duration: 60.02
07-05 19:28:30.987  6083  6905 W Summariser:   summarised duration: 14.28
07-05 19:28:30.987  6083  6905 W Summariser:   noise tolerance: 45.00
07-05 19:28:30.987  6083  6905 W Summariser:   quality: 23
07-05 19:28:30.987  6083  6905 W Summariser:   speed: medium
07-05 19:28:30.987  6083  6905 W Summariser:   freeze duration: 1.00
07-05 19:28:31.030  6083  6905 W NearbyFragment: Sending 20200312_193828.mp4 to Galaxy S8 [2802]
07-05 19:28:31.056  6083  6670 W mobile-ffmpeg: [mov,mp4,m4a,3gp,3g2,mj2 @ 0x7a20f5e400] Found duplicated MOOV Atom. Skipped it
07-05 19:28:31.190  6083  6670 W mobile-ffmpeg: [graph 0 input from stream 0:0 @ 0x7a0f554800] sws_param option is deprecated and ignored
07-05 19:28:51.748  6083  6905 W Summariser: 2 active sections found
07-05 19:28:51.763  6083  6670 W mobile-ffmpeg: [mov,mp4,m4a,3gp,3g2,mj2 @ 0x7a20f5e400] Found duplicated MOOV Atom. Skipped it
07-05 19:28:51.878  6083  6670 W mobile-ffmpeg: [graph 0 input from stream 0:0 @ 0x7a20f2da80] sws_param option is deprecated and ignored
07-05 19:28:51.878  6083  6670 W mobile-ffmpeg: [graph 0 input from stream 0:0 @ 0x7a0f554bc0] sws_param option is deprecated and ignored
07-05 19:29:21.963  6083  6083 W NearbyFragment: Completed downloading 20200312_194330.mp4 from Endpoint{id=hrLv, name=Galaxy S8 [2802]} in 26.639s
07-05 19:29:46.175  6083  6670 W mobile-ffmpeg: [mov,mp4,m4a,3gp,3g2,mj2 @ 0x7a20f5e400] Found duplicated MOOV Atom. Skipped it
07-05 19:29:46.353  6083  6905 W Summariser: Summarisation completed
07-05 19:29:46.353  6083  6905 W Summariser:   filename: 20200312_194129.mp4
07-05 19:29:46.353  6083  6905 W Summariser:   active sections: 2
07-05 19:29:46.353  6083  6905 W Summariser:   time: 75.097s
07-05 19:29:46.353  6083  6905 W Summariser:   original duration: 60.02
07-05 19:29:46.353  6083  6905 W Summariser:   summarised duration: 10.77
07-05 19:29:46.353  6083  6905 W Summariser:   noise tolerance: 45.00
07-05 19:29:46.353  6083  6905 W Summariser:   quality: 23
07-05 19:29:46.353  6083  6905 W Summariser:   speed: medium
07-05 19:29:46.353  6083  6905 W Summariser:   freeze duration: 1.00
07-05 19:29:46.409  6083  6905 W NearbyFragment: Sending 20200312_194129.mp4 to Galaxy S8 [2802]
07-05 19:29:46.445  6083  6670 W mobile-ffmpeg: [mov,mp4,m4a,3gp,3g2,mj2 @ 0x7a20f5e400] Found duplicated MOOV Atom. Skipped it
07-05 19:29:46.604  6083  6670 W mobile-ffmpeg: [graph 0 input from stream 0:0 @ 0x7a20f2db40] sws_param option is deprecated and ignored
07-05 19:30:15.511  6083  6083 W NearbyFragment: Completed downloading 20200312_194730.mp4 from Endpoint{id=hrLv, name=Galaxy S8 [2802]} in 47.839s
07-05 19:30:21.771  6083  6905 W Summariser: No activity detected
07-05 19:30:21.783  6083  6670 W mobile-ffmpeg: [mov,mp4,m4a,3gp,3g2,mj2 @ 0x7a20f5e400] Found duplicated MOOV Atom. Skipped it
07-05 19:30:21.881  6083  6905 W Summariser: Summarisation completed
07-05 19:30:21.881  6083  6905 W Summariser:   filename: 20200312_194330.mp4
07-05 19:30:21.881  6083  6905 W Summariser:   active sections: 0
07-05 19:30:21.881  6083  6905 W Summariser:   time: 35.344s
07-05 19:30:21.881  6083  6905 W Summariser:   original duration: 60.02
07-05 19:30:21.881  6083  6905 W Summariser:   summarised duration: -1.00
07-05 19:30:21.881  6083  6905 W Summariser:   noise tolerance: 45.00
07-05 19:30:21.881  6083  6905 W Summariser:   quality: 23
07-05 19:30:21.881  6083  6905 W Summariser:   speed: medium
07-05 19:30:21.881  6083  6905 W Summariser:   freeze duration: 1.00
07-05 19:30:21.911  6083  6670 W mobile-ffmpeg: [mov,mp4,m4a,3gp,3g2,mj2 @ 0x7a20f5e400] Found duplicated MOOV Atom. Skipped it
07-05 19:30:22.099  6083  6670 W mobile-ffmpeg: [graph 0 input from stream 0:0 @ 0x7a20f2da80] sws_param option is deprecated and ignored
07-05 19:30:47.117  6083  6083 W NearbyFragment: Completed downloading 20200312_194830.mp4 from Endpoint{id=hrLv, name=Galaxy S8 [2802]} in 51.248s
07-05 19:30:55.084  6083  6905 W Summariser: No activity detected
07-05 19:30:55.100  6083  6670 W mobile-ffmpeg: [mov,mp4,m4a,3gp,3g2,mj2 @ 0x7a20f5e400] Found duplicated MOOV Atom. Skipped it
07-05 19:30:55.202  6083  6905 W Summariser: Summarisation completed
07-05 19:30:55.202  6083  6905 W Summariser:   filename: 20200312_194730.mp4
07-05 19:30:55.202  6083  6905 W Summariser:   active sections: 0
07-05 19:30:55.202  6083  6905 W Summariser:   time: 33.188s
07-05 19:30:55.202  6083  6905 W Summariser:   original duration: 60.02
07-05 19:30:55.202  6083  6905 W Summariser:   summarised duration: -1.00
07-05 19:30:55.202  6083  6905 W Summariser:   noise tolerance: 45.00
07-05 19:30:55.202  6083  6905 W Summariser:   quality: 23
07-05 19:30:55.202  6083  6905 W Summariser:   speed: medium
07-05 19:30:55.202  6083  6905 W Summariser:   freeze duration: 1.00
07-05 19:30:55.236  6083  6670 W mobile-ffmpeg: [mov,mp4,m4a,3gp,3g2,mj2 @ 0x7a20f5e400] Found duplicated MOOV Atom. Skipped it
07-05 19:30:55.445  6083  6670 W mobile-ffmpeg: [graph 0 input from stream 0:0 @ 0x7a20f2da80] sws_param option is deprecated and ignored
07-05 19:31:28.235  6083  6905 W Summariser: 4 active sections found
07-05 19:31:28.252  6083  6670 W mobile-ffmpeg: [mov,mp4,m4a,3gp,3g2,mj2 @ 0x7a20f5e400] Found duplicated MOOV Atom. Skipped it
07-05 19:31:28.458  6083  6670 W mobile-ffmpeg: [graph 0 input from stream 0:0 @ 0x7a0f554a40] sws_param option is deprecated and ignored
07-05 19:31:28.458  6083  6670 W mobile-ffmpeg: [graph 0 input from stream 0:0 @ 0x7a0f555280] sws_param option is deprecated and ignored
07-05 19:31:28.459  6083  6670 W mobile-ffmpeg: [graph 0 input from stream 0:0 @ 0x7a0f555400] sws_param option is deprecated and ignored
07-05 19:31:28.459  6083  6670 W mobile-ffmpeg: [graph 0 input from stream 0:0 @ 0x7a0f555580] sws_param option is deprecated and ignored
07-05 19:31:41.520  6083  6083 W NearbyFragment: Completed downloading 20200312_195230.mp4 from Endpoint{id=hrLv, name=Galaxy S8 [2802]} in 33.464s
07-05 19:32:12.052  6083  6083 W NearbyFragment: Completed downloading 20200312_195330.mp4 from Endpoint{id=hrLv, name=Galaxy S8 [2802]} in 30.600s
07-05 19:32:35.117  6083  6083 W NearbyFragment: Completed downloading 20200312_195430.mp4 from Endpoint{id=hrLv, name=Galaxy S8 [2802]} in 19.084s
07-05 19:33:31.487  6083  6670 W mobile-ffmpeg: [mov,mp4,m4a,3gp,3g2,mj2 @ 0x7a20f5e400] Found duplicated MOOV Atom. Skipped it
07-05 19:33:31.678  6083  6905 W Summariser: Summarisation completed
07-05 19:33:31.678  6083  6905 W Summariser:   filename: 20200312_194830.mp4
07-05 19:33:31.678  6083  6905 W Summariser:   active sections: 4
07-05 19:33:31.678  6083  6905 W Summariser:   time: 156.254s
07-05 19:33:31.678  6083  6905 W Summariser:   original duration: 60.02
07-05 19:33:31.678  6083  6905 W Summariser:   summarised duration: 19.02
07-05 19:33:31.678  6083  6905 W Summariser:   noise tolerance: 45.00
07-05 19:33:31.678  6083  6905 W Summariser:   quality: 23
07-05 19:33:31.678  6083  6905 W Summariser:   speed: medium
07-05 19:33:31.678  6083  6905 W Summariser:   freeze duration: 1.00
07-05 19:33:31.736  6083  6905 W NearbyFragment: Sending 20200312_194830.mp4 to Galaxy S8 [2802]
07-05 19:33:31.763  6083  6670 W mobile-ffmpeg: [mov,mp4,m4a,3gp,3g2,mj2 @ 0x7a20f5e400] Found duplicated MOOV Atom. Skipped it
07-05 19:33:31.918  6083  6670 W mobile-ffmpeg: [graph 0 input from stream 0:0 @ 0x7a0f554500] sws_param option is deprecated and ignored
07-05 19:33:54.046  6083  6905 W Summariser: 1 active sections found
07-05 19:33:54.059  6083  6670 W mobile-ffmpeg: [mov,mp4,m4a,3gp,3g2,mj2 @ 0x7a20f5e400] Found duplicated MOOV Atom. Skipped it
07-05 19:33:54.182  6083  6670 W mobile-ffmpeg: [graph 0 input from stream 0:0 @ 0x7a20f2d900] sws_param option is deprecated and ignored
07-05 19:34:27.622  6083  6670 W mobile-ffmpeg: [mov,mp4,m4a,3gp,3g2,mj2 @ 0x7a20f5e400] Found duplicated MOOV Atom. Skipped it
07-05 19:34:27.748  6083  6905 W Summariser: Summarisation completed
07-05 19:34:27.748  6083  6905 W Summariser:   filename: 20200312_195230.mp4
07-05 19:34:27.748  6083  6905 W Summariser:   active sections: 1
07-05 19:34:27.748  6083  6905 W Summariser:   time: 55.864s
07-05 19:34:27.748  6083  6905 W Summariser:   original duration: 60.02
07-05 19:34:27.748  6083  6905 W Summariser:   summarised duration: 6.97
07-05 19:34:27.748  6083  6905 W Summariser:   noise tolerance: 45.00
07-05 19:34:27.748  6083  6905 W Summariser:   quality: 23
07-05 19:34:27.748  6083  6905 W Summariser:   speed: medium
07-05 19:34:27.748  6083  6905 W Summariser:   freeze duration: 1.00
07-05 19:34:27.803  6083  6905 W NearbyFragment: Sending 20200312_195230.mp4 to Galaxy S8 [2802]
07-05 19:34:27.827  6083  6670 W mobile-ffmpeg: [mov,mp4,m4a,3gp,3g2,mj2 @ 0x7a20f5e400] Found duplicated MOOV Atom. Skipped it
07-05 19:34:27.950  6083  6670 W mobile-ffmpeg: [graph 0 input from stream 0:0 @ 0x7a0f554740] sws_param option is deprecated and ignored
07-05 19:34:48.544  6083  6905 W Summariser: 5 active sections found
07-05 19:34:48.558  6083  6670 W mobile-ffmpeg: [mov,mp4,m4a,3gp,3g2,mj2 @ 0x7a20f5e400] Found duplicated MOOV Atom. Skipped it
07-05 19:34:48.677  6083  6670 W mobile-ffmpeg: [graph 0 input from stream 0:0 @ 0x7a0f554d40] sws_param option is deprecated and ignored
07-05 19:34:48.677  6083  6670 W mobile-ffmpeg: [graph 0 input from stream 0:0 @ 0x7a0f555580] sws_param option is deprecated and ignored
07-05 19:34:48.677  6083  6670 W mobile-ffmpeg: [graph 0 input from stream 0:0 @ 0x7a0f555280] sws_param option is deprecated and ignored
07-05 19:34:48.677  6083  6670 W mobile-ffmpeg: [graph 0 input from stream 0:0 @ 0x7a0f555700] sws_param option is deprecated and ignored
07-05 19:34:48.677  6083  6670 W mobile-ffmpeg: [graph 0 input from stream 0:0 @ 0x7a0f555880] sws_param option is deprecated and ignored
07-05 19:36:30.895  6083  6670 W mobile-ffmpeg: [mov,mp4,m4a,3gp,3g2,mj2 @ 0x7a20f5e400] Found duplicated MOOV Atom. Skipped it
07-05 19:36:31.029  6083  6905 W Summariser: Summarisation completed
07-05 19:36:31.029  6083  6905 W Summariser:   filename: 20200312_195330.mp4
07-05 19:36:31.029  6083  6905 W Summariser:   active sections: 5
07-05 19:36:31.029  6083  6905 W Summariser:   time: 123.067s
07-05 19:36:31.029  6083  6905 W Summariser:   original duration: 60.02
07-05 19:36:31.029  6083  6905 W Summariser:   summarised duration: 23.42
07-05 19:36:31.029  6083  6905 W Summariser:   noise tolerance: 45.00
07-05 19:36:31.029  6083  6905 W Summariser:   quality: 23
07-05 19:36:31.029  6083  6905 W Summariser:   speed: medium
07-05 19:36:31.029  6083  6905 W Summariser:   freeze duration: 1.00
07-05 19:36:31.111  6083  6905 W NearbyFragment: Sending 20200312_195330.mp4 to Galaxy S8 [2802]
07-05 19:36:31.146  6083  6670 W mobile-ffmpeg: [mov,mp4,m4a,3gp,3g2,mj2 @ 0x7a20f5e400] Found duplicated MOOV Atom. Skipped it
07-05 19:36:31.353  6083  6670 W mobile-ffmpeg: [graph 0 input from stream 0:0 @ 0x7a0f554740] sws_param option is deprecated and ignored
07-05 19:36:54.966  6083  6905 W Summariser: 5 active sections found
07-05 19:36:54.983  6083  6670 W mobile-ffmpeg: [mov,mp4,m4a,3gp,3g2,mj2 @ 0x7a20f5e400] Found duplicated MOOV Atom. Skipped it
07-05 19:36:55.158  6083  6670 W mobile-ffmpeg: [graph 0 input from stream 0:0 @ 0x7a0f554d40] sws_param option is deprecated and ignored
07-05 19:36:55.158  6083  6670 W mobile-ffmpeg: [graph 0 input from stream 0:0 @ 0x7a0f555580] sws_param option is deprecated and ignored
07-05 19:36:55.158  6083  6670 W mobile-ffmpeg: [graph 0 input from stream 0:0 @ 0x7a0f555280] sws_param option is deprecated and ignored
07-05 19:36:55.160  6083  6670 W mobile-ffmpeg: [graph 0 input from stream 0:0 @ 0x7a0f555700] sws_param option is deprecated and ignored
07-05 19:36:55.160  6083  6670 W mobile-ffmpeg: [graph 0 input from stream 0:0 @ 0x7a0f555880] sws_param option is deprecated and ignored
07-05 19:38:18.191  6083  6670 W mobile-ffmpeg: [mov,mp4,m4a,3gp,3g2,mj2 @ 0x7a20f5e400] Found duplicated MOOV Atom. Skipped it
07-05 19:38:18.367  6083  6905 W Summariser: Summarisation completed
07-05 19:38:18.367  6083  6905 W Summariser:   filename: 20200312_195430.mp4
07-05 19:38:18.367  6083  6905 W Summariser:   active sections: 5
07-05 19:38:18.367  6083  6905 W Summariser:   time: 107.052s
07-05 19:38:18.367  6083  6905 W Summariser:   original duration: 60.02
07-05 19:38:18.367  6083  6905 W Summariser:   summarised duration: 21.92
07-05 19:38:18.367  6083  6905 W Summariser:   noise tolerance: 45.00
07-05 19:38:18.367  6083  6905 W Summariser:   quality: 23
07-05 19:38:18.367  6083  6905 W Summariser:   speed: medium
07-05 19:38:18.367  6083  6905 W Summariser:   freeze duration: 1.00
07-05 19:38:18.438  6083  6905 W NearbyFragment: Sending 20200312_195430.mp4 to Galaxy S8 [2802]
