--------- beginning of main
07-05 19:17:21.280 21083 21083 E Zygote  : isWhitelistProcess - Process is Whitelisted
07-05 19:17:21.283 21083 21083 E Zygote  : accessInfo : 1
--------- beginning of system
07-05 19:17:22.766 21083 21083 W LogFactory: Truncating log tag length as it exceed 23, the limit imposed by Android on certain API Levels
07-05 19:19:21.523 21083 21083 W ActivityThread: handleWindowVisibility: no activity for token android.os.BinderProxy@b6ddef0
07-05 19:19:21.620 21083 21083 W example.edgesu: Accessing hidden method Landroid/graphics/drawable/Drawable;->getOpticalInsets()Landroid/graphics/Insets; (light greylist, linking)
07-05 19:19:21.620 21083 21083 W example.edgesu: Accessing hidden field Landroid/graphics/Insets;->left:I (light greylist, linking)
07-05 19:19:21.620 21083 21083 W example.edgesu: Accessing hidden field Landroid/graphics/Insets;->right:I (light greylist, linking)
07-05 19:19:21.620 21083 21083 W example.edgesu: Accessing hidden field Landroid/graphics/Insets;->top:I (light greylist, linking)
07-05 19:19:21.620 21083 21083 W example.edgesu: Accessing hidden field Landroid/graphics/Insets;->bottom:I (light greylist, linking)
07-05 19:19:21.670 21083 21083 W example.edgesu: Accessing hidden method Landroid/view/View;->computeFitSystemWindows(Landroid/graphics/Rect;Landroid/graphics/Rect;)Z (light greylist, reflection)
07-05 19:19:21.671 21083 21083 W example.edgesu: Accessing hidden method Landroid/view/ViewGroup;->makeOptionalFitsSystemWindows()V (light greylist, reflection)
07-05 19:19:21.781 21083 21083 W example.edgesu: Accessing hidden method Landroid/widget/TextView;->getTextDirectionHeuristic()Landroid/text/TextDirectionHeuristic; (light greylist, linking)
07-05 19:19:21.790 21083 21083 W example.edgesu: Accessing hidden field Landroid/view/View;->mAccessibilityDelegate:Landroid/view/View$AccessibilityDelegate; (light greylist, reflection)
07-05 19:19:22.147 21083 21083 E TransferService: No notification is passed in the intent. Unable to transition to foreground.
07-05 19:19:22.194 21083 21083 W StaticLayout: maxLineHeight should not be -1.  maxLines:1 lineCount:1
07-05 19:19:22.203 21083 21083 W StaticLayout: maxLineHeight should not be -1.  maxLines:1 lineCount:1
07-05 19:19:22.207 21083 21083 W StaticLayout: maxLineHeight should not be -1.  maxLines:1 lineCount:1
07-05 19:19:22.211 21083 21083 W StaticLayout: maxLineHeight should not be -1.  maxLines:1 lineCount:1
07-05 19:19:22.230 21083 21083 W StaticLayout: maxLineHeight should not be -1.  maxLines:1 lineCount:1
07-05 19:19:22.234 21083 21083 W StaticLayout: maxLineHeight should not be -1.  maxLines:1 lineCount:1
07-05 19:19:57.103 21083 21083 W example.edgesu: Accessing hidden method Landroid/graphics/FontFamily;-><init>()V (light greylist, reflection)
07-05 19:19:57.103 21083 21083 W example.edgesu: Accessing hidden method Landroid/graphics/FontFamily;->addFontFromAssetManager(Landroid/content/res/AssetManager;Ljava/lang/String;IZIII[Landroid/graphics/fonts/FontVariationAxis;)Z (light greylist, reflection)
07-05 19:19:57.103 21083 21083 W example.edgesu: Accessing hidden method Landroid/graphics/FontFamily;->addFontFromBuffer(Ljava/nio/ByteBuffer;I[Landroid/graphics/fonts/FontVariationAxis;II)Z (light greylist, reflection)
07-05 19:19:57.103 21083 21083 W example.edgesu: Accessing hidden method Landroid/graphics/FontFamily;->freeze()Z (light greylist, reflection)
07-05 19:19:57.103 21083 21083 W example.edgesu: Accessing hidden method Landroid/graphics/FontFamily;->abortCreation()V (light greylist, reflection)
07-05 19:19:57.103 21083 21083 W example.edgesu: Accessing hidden method Landroid/graphics/Typeface;->createFromFamiliesWithDefault([Landroid/graphics/FontFamily;Ljava/lang/String;II)Landroid/graphics/Typeface; (light greylist, reflection)
07-05 19:19:58.638 21083 21778 W libEGL  : EGLNativeWindowType 0x78d6434010 disconnect failed
07-05 19:19:58.673 21083 21083 E ViewRootImpl: sendUserActionEvent() returned.
07-05 19:20:05.714 21083 21778 W libEGL  : EGLNativeWindowType 0x78d657b010 disconnect failed
07-05 19:20:05.746 21083 21083 E ViewRootImpl: sendUserActionEvent() returned.
07-05 19:20:45.947 21083 21083 W NearbyFragment: Preferences:
07-05 19:20:45.947 21083 21083 W NearbyFragment:   Auto download: true
07-05 19:20:45.947 21083 21083 W NearbyFragment:   Algorithm: best
07-05 19:20:45.947 21083 21083 W NearbyFragment:   Fast scheduling: true
07-05 19:20:45.947 21083 21083 W NearbyFragment:   Segmentation: false
07-05 19:20:45.947 21083 21083 W NearbyFragment:   Auto segmentation: false
07-05 19:20:45.947 21083 21083 W NearbyFragment:   Segment number: 4
07-05 19:20:45.947 21083 21083 W NearbyFragment:   Noise tolerance: 45.00
07-05 19:20:45.947 21083 21083 W NearbyFragment:   Quality: 23
07-05 19:20:45.947 21083 21083 W NearbyFragment:   Speed: medium
07-05 19:20:45.947 21083 21083 W NearbyFragment:   Freeze duration: 1.00
07-05 19:20:45.948 21083 21083 W NearbyFragment: Download delay: 1s
07-05 19:20:45.948 21083 21083 W NearbyFragment: Started downloading from dashcam
07-05 19:21:07.250 21083 22643 W DashDownloadManager: Successfully downloaded 20200312_150643.mp4 in 21.116s
07-05 19:21:07.263 21083 22643 W NearbyFragment: Sending 20200312_150643.mp4 to Nexus 5X [34d8]
07-05 19:21:43.160 21083 22643 W DashDownloadManager: Successfully downloaded 20200312_150744.mp4 in 34.806s
07-05 19:21:43.168 21083 22643 W NearbyFragment: Sending 20200312_150744.mp4 to Nexus 5 [1825]
07-05 19:21:55.431 21083 21083 W example.edgesu: Accessing hidden method Landroid/view/View;->getTransitionAlpha()F (light greylist, linking)
07-05 19:21:55.431 21083 21083 W example.edgesu: Accessing hidden method Landroid/view/View;->setTransitionAlpha(F)V (light greylist, linking)
07-05 19:21:55.431 21083 21083 W example.edgesu: Accessing hidden method Landroid/view/View;->setAnimationMatrix(Landroid/graphics/Matrix;)V (light greylist, linking)
07-05 19:21:55.432 21083 21083 W example.edgesu: Accessing hidden method Landroid/view/View;->transformMatrixToGlobal(Landroid/graphics/Matrix;)V (light greylist, linking)
07-05 19:21:55.432 21083 21083 W example.edgesu: Accessing hidden method Landroid/view/View;->transformMatrixToLocal(Landroid/graphics/Matrix;)V (light greylist, linking)
07-05 19:21:55.432 21083 21083 W example.edgesu: Accessing hidden method Landroid/view/View;->setLeftTopRightBottom(IIII)V (light greylist, linking)
07-05 19:21:55.432 21083 21083 W example.edgesu: Accessing hidden method Landroid/view/View;->setTransitionVisibility(I)V (dark greylist, linking)
07-05 19:21:55.466 21083 21083 W StaticLayout: maxLineHeight should not be -1.  maxLines:1 lineCount:1
07-05 19:21:55.472 21083 21083 W StaticLayout: maxLineHeight should not be -1.  maxLines:1 lineCount:1
07-05 19:21:55.486 21083 21083 W example.edgesu: Accessing hidden field Landroid/view/View;->mViewFlags:I (light greylist, reflection)
07-05 19:21:55.490 21083 21083 W example.edgesu: Accessing hidden method Landroid/view/ViewGroup;->suppressLayout(Z)V (light greylist, linking)
07-05 19:22:15.092 21083 22643 W DashDownloadManager: Successfully downloaded 20200312_150844.mp4 in 30.795s
07-05 19:22:15.101 21083 22643 W NearbyFragment: Sending 20200312_150844.mp4 to Nexus 5X [34d8]
07-05 19:22:54.053 21083 22643 W DashDownloadManager: Successfully downloaded 20200312_150944.mp4 in 37.815s
07-05 19:22:54.063 21083 22643 W NearbyFragment: Sending 20200312_150944.mp4 to Nexus 5X [34d8]
07-05 19:23:06.561 21083 21083 W NearbyFragment: Completed downloading 20200312_150744.mp4 from Endpoint{id=Rc4h, name=Nexus 5 [1825]} in 03.151s
07-05 19:23:58.544 21083 21083 W NearbyFragment: Completed downloading 20200312_150844.mp4 from Endpoint{id=Qd2N, name=Nexus 5X [34d8]} in 55.230s
07-05 19:24:01.980 21083 22643 W DashDownloadManager: Successfully downloaded 20200312_151044.mp4 in 66.833s
07-05 19:24:01.992 21083 22643 W NearbyFragment: Sending 20200312_151044.mp4 to Nexus 5 [1825]
07-05 19:24:31.910 21083 21083 W NearbyFragment: Completed downloading 20200312_150944.mp4 from Endpoint{id=Qd2N, name=Nexus 5X [34d8]} in 00.881s
07-05 19:24:35.641 21083 22643 W DashDownloadManager: Successfully downloaded 20200312_193528.mp4 in 32.515s
07-05 19:24:35.662 21083 22643 W NearbyFragment: Sending 20200312_193528.mp4 to Nexus 5X [34d8]
07-05 19:25:09.114 21083 22643 W DashDownloadManager: Successfully downloaded 20200312_193628.mp4 in 32.350s
07-05 19:25:09.121 21083 22643 W NearbyFragment: Sending 20200312_193628.mp4 to Nexus 5 [1825]
07-05 19:25:42.454 21083 22643 W DashDownloadManager: Successfully downloaded 20200312_193728.mp4 in 32.240s
07-05 19:25:42.460 21083 22643 W NearbyFragment: Sending 20200312_193728.mp4 to Nexus 5X [34d8]
07-05 19:26:19.515 21083 22643 W DashDownloadManager: Successfully downloaded 20200312_193828.mp4 in 35.941s
07-05 19:26:19.522 21083 22643 W NearbyFragment: Sending 20200312_193828.mp4 to Nexus 5X [34d8]
07-05 19:26:37.031 21083 21092 W System  : A resource failed to call close. 
07-05 19:26:37.056 21083 21092 W System  : A resource failed to call close. 
07-05 19:26:37.059 21083 21092 W System  : A resource failed to call close. 
07-05 19:26:37.076 21083 21092 W System  : A resource failed to call close. 
07-05 19:26:49.753 21083 21083 W NearbyFragment: Completed downloading 20200312_193628.mp4 from Endpoint{id=Rc4h, name=Nexus 5 [1825]} in 06.987s
07-05 19:27:12.316 21083 21083 W NearbyFragment: Completed downloading 20200312_193728.mp4 from Endpoint{id=Qd2N, name=Nexus 5X [34d8]} in 36.289s
07-05 19:27:16.133 21083 22643 W DashDownloadManager: Successfully downloaded 20200312_193928.mp4 in 55.533s
07-05 19:27:16.142 21083 22643 W NearbyFragment: Sending 20200312_193928.mp4 to Nexus 5 [1825]
07-05 19:27:48.472 21083 22643 W DashDownloadManager: Successfully downloaded 20200312_194129.mp4 in 31.219s
07-05 19:27:48.481 21083 22643 W NearbyFragment: Sending 20200312_194129.mp4 to Nexus 5X [34d8]
07-05 19:28:19.449 21083 22643 W DashDownloadManager: Successfully downloaded 20200312_194229.mp4 in 29.822s
07-05 19:28:19.457 21083 22643 W NearbyFragment: Sending 20200312_194229.mp4 to Nexus 5 [1825]
07-05 19:28:34.534 21083 21083 W NearbyFragment: Completed downloading 20200312_193828.mp4 from Endpoint{id=Qd2N, name=Nexus 5X [34d8]} in 01.629s
07-05 19:28:56.965 21083 22643 W DashDownloadManager: Successfully downloaded 20200312_194330.mp4 in 36.433s
07-05 19:28:56.973 21083 22643 W NearbyFragment: Sending 20200312_194330.mp4 to Nexus 5X [34d8]
07-05 19:29:29.214 21083 22643 W DashDownloadManager: Successfully downloaded 20200312_194730.mp4 in 31.139s
07-05 19:29:29.222 21083 22643 W NearbyFragment: Sending 20200312_194730.mp4 to Nexus 5X [34d8]
07-05 19:29:48.930 21083 21083 W NearbyFragment: Completed downloading 20200312_194129.mp4 from Endpoint{id=Qd2N, name=Nexus 5X [34d8]} in 00.637s
07-05 19:29:55.296 21083 22643 W DashDownloadManager: Successfully downloaded 20200312_194830.mp4 in 24.976s
07-05 19:29:55.308 21083 22643 W NearbyFragment: Sending 20200312_194830.mp4 to Nexus 5X [34d8]
07-05 19:30:29.169 21083 22643 W DashDownloadManager: Successfully downloaded 20200312_194930.mp4 in 32.757s
07-05 19:30:29.176 21083 22643 W NearbyFragment: Sending 20200312_194930.mp4 to Nexus 5 [1825]
07-05 19:30:29.750 21083 21083 W NearbyFragment: Completed downloading 20200312_194229.mp4 from Endpoint{id=Rc4h, name=Nexus 5 [1825]} in 01.452s
07-05 19:31:09.723 21083 22643 W DashDownloadManager: Successfully downloaded 20200312_195230.mp4 in 39.451s
07-05 19:31:09.735 21083 22643 W NearbyFragment: Sending 20200312_195230.mp4 to Nexus 5X [34d8]
07-05 19:31:42.816 21083 22643 W DashDownloadManager: Successfully downloaded 20200312_195330.mp4 in 31.961s
07-05 19:31:42.822 21083 22643 W NearbyFragment: Sending 20200312_195330.mp4 to Nexus 5X [34d8]
07-05 19:32:17.800 21083 22643 W DashDownloadManager: Successfully downloaded 20200312_195430.mp4 in 33.889s
07-05 19:32:17.806 21083 22643 W NearbyFragment: Sending 20200312_195430.mp4 to Nexus 5X [34d8]
07-05 19:32:18.814 21083 22643 W NearbyFragment: Stopped downloading from dashcam
07-05 19:33:23.907 21083 21083 W NearbyFragment: Completed downloading 20200312_194930.mp4 from Endpoint{id=Rc4h, name=Nexus 5 [1825]} in 01.497s
07-05 19:33:35.054 21083 21083 W NearbyFragment: Completed downloading 20200312_194830.mp4 from Endpoint{id=Qd2N, name=Nexus 5X [34d8]} in 01.419s
07-05 19:34:30.184 21083 21083 W NearbyFragment: Completed downloading 20200312_195230.mp4 from Endpoint{id=Qd2N, name=Nexus 5X [34d8]} in 00.419s
07-05 19:36:34.495 21083 21083 W NearbyFragment: Completed downloading 20200312_195330.mp4 from Endpoint{id=Qd2N, name=Nexus 5X [34d8]} in 01.420s
07-05 19:38:21.198 21083 21083 W NearbyFragment: Completed downloading 20200312_195430.mp4 from Endpoint{id=Qd2N, name=Nexus 5X [34d8]} in 00.794s
