--------- beginning of main
06-28 20:55:05.400  4462  4462 E Zygote  : isWhitelistProcess - Process is Whitelisted
06-28 20:55:05.402  4462  4462 E Zygote  : accessInfo : 1
06-28 20:55:07.935  4462  4462 W LogFactory: Truncating log tag length as it exceed 23, the limit imposed by Android on certain API Levels
06-28 20:55:11.272  4462  4462 W ActivityThread: handleWindowVisibility: no activity for token android.os.BinderProxy@1177f08
06-28 20:55:11.385  4462  4462 W example.edgesu: Accessing hidden method Landroid/graphics/drawable/Drawable;->getOpticalInsets()Landroid/graphics/Insets; (light greylist, linking)
06-28 20:55:11.385  4462  4462 W example.edgesu: Accessing hidden field Landroid/graphics/Insets;->left:I (light greylist, linking)
06-28 20:55:11.385  4462  4462 W example.edgesu: Accessing hidden field Landroid/graphics/Insets;->right:I (light greylist, linking)
06-28 20:55:11.385  4462  4462 W example.edgesu: Accessing hidden field Landroid/graphics/Insets;->top:I (light greylist, linking)
06-28 20:55:11.385  4462  4462 W example.edgesu: Accessing hidden field Landroid/graphics/Insets;->bottom:I (light greylist, linking)
06-28 20:55:11.443  4462  4462 W example.edgesu: Accessing hidden method Landroid/view/View;->computeFitSystemWindows(Landroid/graphics/Rect;Landroid/graphics/Rect;)Z (light greylist, reflection)
06-28 20:55:11.444  4462  4462 W example.edgesu: Accessing hidden method Landroid/view/ViewGroup;->makeOptionalFitsSystemWindows()V (light greylist, reflection)
06-28 20:55:11.553  4462  4462 W example.edgesu: Accessing hidden method Landroid/widget/TextView;->getTextDirectionHeuristic()Landroid/text/TextDirectionHeuristic; (light greylist, linking)
06-28 20:55:11.562  4462  4462 W example.edgesu: Accessing hidden field Landroid/view/View;->mAccessibilityDelegate:Landroid/view/View$AccessibilityDelegate; (light greylist, reflection)
06-28 20:55:11.889  4462  4462 E TransferService: No notification is passed in the intent. Unable to transition to foreground.
06-28 20:55:11.944  4462  4462 W StaticLayout: maxLineHeight should not be -1.  maxLines:1 lineCount:1
06-28 20:55:11.954  4462  4462 W StaticLayout: maxLineHeight should not be -1.  maxLines:1 lineCount:1
06-28 20:55:11.958  4462  4462 W StaticLayout: maxLineHeight should not be -1.  maxLines:1 lineCount:1
06-28 20:55:11.962  4462  4462 W StaticLayout: maxLineHeight should not be -1.  maxLines:1 lineCount:1
06-28 20:55:11.978  4462  4462 W StaticLayout: maxLineHeight should not be -1.  maxLines:1 lineCount:1
06-28 20:55:11.982  4462  4462 W StaticLayout: maxLineHeight should not be -1.  maxLines:1 lineCount:1
06-28 20:55:27.505  4462  4462 W example.edgesu: Accessing hidden method Landroid/graphics/FontFamily;-><init>()V (light greylist, reflection)
06-28 20:55:27.506  4462  4462 W example.edgesu: Accessing hidden method Landroid/graphics/FontFamily;->addFontFromAssetManager(Landroid/content/res/AssetManager;Ljava/lang/String;IZIII[Landroid/graphics/fonts/FontVariationAxis;)Z (light greylist, reflection)
06-28 20:55:27.506  4462  4462 W example.edgesu: Accessing hidden method Landroid/graphics/FontFamily;->addFontFromBuffer(Ljava/nio/ByteBuffer;I[Landroid/graphics/fonts/FontVariationAxis;II)Z (light greylist, reflection)
06-28 20:55:27.506  4462  4462 W example.edgesu: Accessing hidden method Landroid/graphics/FontFamily;->freeze()Z (light greylist, reflection)
06-28 20:55:27.506  4462  4462 W example.edgesu: Accessing hidden method Landroid/graphics/FontFamily;->abortCreation()V (light greylist, reflection)
06-28 20:55:27.509  4462  4462 W example.edgesu: Accessing hidden method Landroid/graphics/Typeface;->createFromFamiliesWithDefault([Landroid/graphics/FontFamily;Ljava/lang/String;II)Landroid/graphics/Typeface; (light greylist, reflection)
06-28 20:55:37.983  4462  4698 W libEGL  : EGLNativeWindowType 0x7d07d7e010 disconnect failed
06-28 20:55:41.243  4462  4698 W libEGL  : EGLNativeWindowType 0x7d07d7e010 disconnect failed
06-28 20:55:41.332  4462  4462 E ViewRootImpl: sendUserActionEvent() returned.
06-28 20:57:13.799  4462  4462 W NearbyFragment: Completed downloading 20200312_150643.mp4 from Endpoint{id=91YL, name=Nexus 5X [34d8]} in 07.629s
06-28 20:57:14.057  4462  6566 W mobile-ffmpeg: 
06-28 20:57:14.057  4462  6566 W mobile-ffmpeg: [mov,mp4,m4a,3gp,3g2,mj2 @ 0x7d17da6000] 
06-28 20:57:14.057  4462  6566 W mobile-ffmpeg: 
06-28 20:57:14.057  4462  6566 W mobile-ffmpeg: Found duplicated MOOV Atom. Skipped it
06-28 20:57:20.873  4462  6564 W Summariser: No activity detected
06-28 20:57:20.940  4462  6564 W Summariser: Summarisation completed
06-28 20:57:20.940  4462  6564 W Summariser:   filename: 20200312_150643.mp4
06-28 20:57:20.940  4462  6564 W Summariser:   active sections: 0
06-28 20:57:20.940  4462  6564 W Summariser:   time: 06.957s
06-28 20:57:20.940  4462  6564 W Summariser:   original duration: 60.02
06-28 20:57:20.940  4462  6564 W Summariser:   noise tolerance: 45.00
06-28 20:57:20.940  4462  6564 W Summariser:   quality: 23
06-28 20:57:20.940  4462  6564 W Summariser:   speed: medium
06-28 20:57:20.940  4462  6564 W Summariser:   freeze duration: 1.00
06-28 20:57:47.791  4462  4476 W System  : A resource failed to call close. 
06-28 20:57:47.792  4462  4476 W System  : A resource failed to call close. 
06-28 20:57:50.038  4462  4462 W NearbyFragment: Completed downloading 20200312_150844.mp4 from Endpoint{id=91YL, name=Nexus 5X [34d8]} in 07.259s
06-28 20:57:50.083  4462  6566 W mobile-ffmpeg: 
06-28 20:57:50.084  4462  6566 W mobile-ffmpeg: [mov,mp4,m4a,3gp,3g2,mj2 @ 0x7d17da9000] 
06-28 20:57:50.084  4462  6566 W mobile-ffmpeg: 
06-28 20:57:50.084  4462  6566 W mobile-ffmpeg: Found duplicated MOOV Atom. Skipped it
06-28 20:57:56.917  4462  6618 W Summariser: Whole video is active
06-28 20:57:58.728  4462  6618 W Summariser: Summarisation completed
06-28 20:57:58.728  4462  6618 W Summariser:   filename: 20200312_150844.mp4
06-28 20:57:58.728  4462  6618 W Summariser:   active sections: -1
06-28 20:57:58.728  4462  6618 W Summariser:   time: 08.517s
06-28 20:57:58.728  4462  6618 W Summariser:   original duration: 60.02
06-28 20:57:58.728  4462  6618 W Summariser:   summarised duration: 60.02
06-28 20:57:58.728  4462  6618 W Summariser:   noise tolerance: 45.00
06-28 20:57:58.728  4462  6618 W Summariser:   quality: 23
06-28 20:57:58.728  4462  6618 W Summariser:   speed: medium
06-28 20:57:58.728  4462  6618 W Summariser:   freeze duration: 1.00
06-28 20:57:58.849  4462  6618 W NearbyFragment: Sending 20200312_150844.mp4 to Nexus 5X [34d8]
06-28 20:58:20.309  4462  4462 W NearbyFragment: Completed downloading 20200312_150944.mp4 from Endpoint{id=91YL, name=Nexus 5X [34d8]} in 08.442s
06-28 20:58:20.399  4462  6566 W mobile-ffmpeg: 
06-28 20:58:20.399  4462  6566 W mobile-ffmpeg: [mov,mp4,m4a,3gp,3g2,mj2 @ 0x7d17da9000] 
06-28 20:58:20.399  4462  6566 W mobile-ffmpeg: 
06-28 20:58:20.399  4462  6566 W mobile-ffmpeg: Found duplicated MOOV Atom. Skipped it
06-28 20:58:27.145  4462  6667 W Summariser: 1 active sections found
06-28 20:58:27.150  4462  6566 W mobile-ffmpeg: 
06-28 20:58:27.150  4462  6566 W mobile-ffmpeg: [mov,mp4,m4a,3gp,3g2,mj2 @ 0x7d17da9000] 
06-28 20:58:27.150  4462  6566 W mobile-ffmpeg: 
06-28 20:58:27.150  4462  6566 W mobile-ffmpeg: Found duplicated MOOV Atom. Skipped it
06-28 20:58:34.157  4462  6667 W Summariser: Summarisation completed
06-28 20:58:34.157  4462  6667 W Summariser:   filename: 20200312_150944.mp4
06-28 20:58:34.157  4462  6667 W Summariser:   active sections: 1
06-28 20:58:34.157  4462  6667 W Summariser:   time: 13.667s
06-28 20:58:34.157  4462  6667 W Summariser:   original duration: 60.02
06-28 20:58:34.157  4462  6667 W Summariser:   summarised duration: 7.07
06-28 20:58:34.157  4462  6667 W Summariser:   noise tolerance: 45.00
06-28 20:58:34.157  4462  6667 W Summariser:   quality: 23
06-28 20:58:34.157  4462  6667 W Summariser:   speed: medium
06-28 20:58:34.157  4462  6667 W Summariser:   freeze duration: 1.00
06-28 20:58:34.241  4462  6667 W NearbyFragment: Sending 20200312_150944.mp4 to Nexus 5X [34d8]
06-28 20:59:05.340  4462  4476 W System  : A resource failed to call close. 
06-28 20:59:05.342  4462  4476 W System  : A resource failed to call close. 
06-28 20:59:10.031  4462  4462 W NearbyFragment: Completed downloading 20200312_193528.mp4 from Endpoint{id=91YL, name=Nexus 5X [34d8]} in 07.379s
06-28 20:59:10.123  4462  6566 W mobile-ffmpeg: 
06-28 20:59:10.123  4462  6566 W mobile-ffmpeg: [mov,mp4,m4a,3gp,3g2,mj2 @ 0x7d17da9000] 
06-28 20:59:10.123  4462  6566 W mobile-ffmpeg: 
06-28 20:59:10.124  4462  6566 W mobile-ffmpeg: Found duplicated MOOV Atom. Skipped it
06-28 20:59:16.940  4462  6764 W Summariser: No activity detected
06-28 20:59:16.989  4462  6764 W Summariser: Summarisation completed
06-28 20:59:16.989  4462  6764 W Summariser:   filename: 20200312_193528.mp4
06-28 20:59:16.989  4462  6764 W Summariser:   active sections: 0
06-28 20:59:16.989  4462  6764 W Summariser:   time: 06.826s
06-28 20:59:16.989  4462  6764 W Summariser:   original duration: 60.05
06-28 20:59:16.989  4462  6764 W Summariser:   noise tolerance: 45.00
06-28 20:59:16.989  4462  6764 W Summariser:   quality: 23
06-28 20:59:16.989  4462  6764 W Summariser:   speed: medium
06-28 20:59:16.989  4462  6764 W Summariser:   freeze duration: 1.00
06-28 21:00:00.459  4462  4462 W NearbyFragment: Completed downloading 20200312_193728.mp4 from Endpoint{id=91YL, name=Nexus 5X [34d8]} in 07.326s
06-28 21:00:00.551  4462  6566 W mobile-ffmpeg: 
06-28 21:00:00.552  4462  6566 W mobile-ffmpeg: [mov,mp4,m4a,3gp,3g2,mj2 @ 0x7d17da9000] 
06-28 21:00:00.552  4462  6566 W mobile-ffmpeg: 
06-28 21:00:00.552  4462  6566 W mobile-ffmpeg: Found duplicated MOOV Atom. Skipped it
06-28 21:00:07.799  4462  6870 W Summariser: Whole video is active
06-28 21:00:09.537  4462  6870 W Summariser: Summarisation completed
06-28 21:00:09.537  4462  6870 W Summariser:   filename: 20200312_193728.mp4
06-28 21:00:09.537  4462  6870 W Summariser:   active sections: -1
06-28 21:00:09.537  4462  6870 W Summariser:   time: 08.865s
06-28 21:00:09.537  4462  6870 W Summariser:   original duration: 60.02
06-28 21:00:09.537  4462  6870 W Summariser:   summarised duration: 60.02
06-28 21:00:09.537  4462  6870 W Summariser:   noise tolerance: 45.00
06-28 21:00:09.537  4462  6870 W Summariser:   quality: 23
06-28 21:00:09.537  4462  6870 W Summariser:   speed: medium
06-28 21:00:09.537  4462  6870 W Summariser:   freeze duration: 1.00
06-28 21:00:09.661  4462  6870 W NearbyFragment: Sending 20200312_193728.mp4 to Nexus 5X [34d8]
06-28 21:00:24.610  4462  4476 W System  : A resource failed to call close. 
06-28 21:00:24.611  4462  4476 W System  : A resource failed to call close. 
06-28 21:00:31.424  4462  4462 W NearbyFragment: Completed downloading 20200312_193828.mp4 from Endpoint{id=91YL, name=Nexus 5X [34d8]} in 07.776s
06-28 21:00:31.488  4462  6566 W mobile-ffmpeg: 
06-28 21:00:31.489  4462  6566 W mobile-ffmpeg: [mov,mp4,m4a,3gp,3g2,mj2 @ 0x7d00c3d000] 
06-28 21:00:31.489  4462  6566 W mobile-ffmpeg: 
06-28 21:00:31.489  4462  6566 W mobile-ffmpeg: Found duplicated MOOV Atom. Skipped it
06-28 21:00:38.568  4462  6926 W Summariser: 1 active sections found
06-28 21:00:38.572  4462  6566 W mobile-ffmpeg: 
06-28 21:00:38.572  4462  6566 W mobile-ffmpeg: [mov,mp4,m4a,3gp,3g2,mj2 @ 0x7d00c3d000] 
06-28 21:00:38.572  4462  6566 W mobile-ffmpeg: 
06-28 21:00:38.572  4462  6566 W mobile-ffmpeg: Found duplicated MOOV Atom. Skipped it
06-28 21:00:52.343  4462  6926 W Summariser: Summarisation completed
06-28 21:00:52.343  4462  6926 W Summariser:   filename: 20200312_193828.mp4
06-28 21:00:52.343  4462  6926 W Summariser:   active sections: 1
06-28 21:00:52.343  4462  6926 W Summariser:   time: 20.763s
06-28 21:00:52.343  4462  6926 W Summariser:   original duration: 60.02
06-28 21:00:52.343  4462  6926 W Summariser:   summarised duration: 14.28
06-28 21:00:52.343  4462  6926 W Summariser:   noise tolerance: 45.00
06-28 21:00:52.343  4462  6926 W Summariser:   quality: 23
06-28 21:00:52.343  4462  6926 W Summariser:   speed: medium
06-28 21:00:52.343  4462  6926 W Summariser:   freeze duration: 1.00
06-28 21:00:52.444  4462  6926 W NearbyFragment: Sending 20200312_193828.mp4 to Nexus 5X [34d8]
06-28 21:01:28.970  4462  4462 W NearbyFragment: Completed downloading 20200312_194129.mp4 from Endpoint{id=91YL, name=Nexus 5X [34d8]} in 13.625s
06-28 21:01:29.065  4462  6566 W mobile-ffmpeg: 
06-28 21:01:29.065  4462  6566 W mobile-ffmpeg: [mov,mp4,m4a,3gp,3g2,mj2 @ 0x7d00c3d000] 
06-28 21:01:29.065  4462  6566 W mobile-ffmpeg: 
06-28 21:01:29.065  4462  6566 W mobile-ffmpeg: Found duplicated MOOV Atom. Skipped it
06-28 21:01:35.856  4462  7030 W Summariser: 2 active sections found
06-28 21:01:35.861  4462  6566 W mobile-ffmpeg: 
06-28 21:01:35.861  4462  6566 W mobile-ffmpeg: [mov,mp4,m4a,3gp,3g2,mj2 @ 0x7d00c3d000] 
06-28 21:01:35.861  4462  6566 W mobile-ffmpeg: 
06-28 21:01:35.861  4462  6566 W mobile-ffmpeg: Found duplicated MOOV Atom. Skipped it
06-28 21:01:49.414  4462  7030 W Summariser: Summarisation completed
06-28 21:01:49.414  4462  7030 W Summariser:   filename: 20200312_194129.mp4
06-28 21:01:49.414  4462  7030 W Summariser:   active sections: 2
06-28 21:01:49.414  4462  7030 W Summariser:   time: 20.292s
06-28 21:01:49.414  4462  7030 W Summariser:   original duration: 60.02
06-28 21:01:49.414  4462  7030 W Summariser:   summarised duration: 10.77
06-28 21:01:49.414  4462  7030 W Summariser:   noise tolerance: 45.00
06-28 21:01:49.414  4462  7030 W Summariser:   quality: 23
06-28 21:01:49.414  4462  7030 W Summariser:   speed: medium
06-28 21:01:49.414  4462  7030 W Summariser:   freeze duration: 1.00
06-28 21:01:49.521  4462  7030 W NearbyFragment: Sending 20200312_194129.mp4 to Nexus 5X [34d8]
06-28 21:02:14.794  4462  4476 W System  : A resource failed to call close. 
06-28 21:02:14.797  4462  4476 W System  : A resource failed to call close. 
06-28 21:02:14.797  4462  4476 W System  : A resource failed to call close. 
06-28 21:02:14.798  4462  4476 W System  : A resource failed to call close. 
06-28 21:02:18.286  4462  4462 W NearbyFragment: Completed downloading 20200312_194330.mp4 from Endpoint{id=91YL, name=Nexus 5X [34d8]} in 09.348s
06-28 21:02:18.415  4462  6566 W mobile-ffmpeg: 
06-28 21:02:18.416  4462  6566 W mobile-ffmpeg: [mov,mp4,m4a,3gp,3g2,mj2 @ 0x7d00c3d000] 
06-28 21:02:18.416  4462  6566 W mobile-ffmpeg: 
06-28 21:02:18.416  4462  6566 W mobile-ffmpeg: Found duplicated MOOV Atom. Skipped it
06-28 21:02:25.240  4462  7186 W Summariser: No activity detected
06-28 21:02:25.267  4462  7186 W Summariser: Summarisation completed
06-28 21:02:25.267  4462  7186 W Summariser:   filename: 20200312_194330.mp4
06-28 21:02:25.267  4462  7186 W Summariser:   active sections: 0
06-28 21:02:25.267  4462  7186 W Summariser:   time: 06.839s
06-28 21:02:25.267  4462  7186 W Summariser:   original duration: 60.02
06-28 21:02:25.267  4462  7186 W Summariser:   noise tolerance: 45.00
06-28 21:02:25.267  4462  7186 W Summariser:   quality: 23
06-28 21:02:25.267  4462  7186 W Summariser:   speed: medium
06-28 21:02:25.267  4462  7186 W Summariser:   freeze duration: 1.00
06-28 21:02:37.797  4462  4462 W NearbyFragment: Completed downloading 20200312_194730.mp4 from Endpoint{id=91YL, name=Nexus 5X [34d8]} in 07.530s
06-28 21:02:37.868  4462  6566 W mobile-ffmpeg: 
06-28 21:02:37.869  4462  6566 W mobile-ffmpeg: [mov,mp4,m4a,3gp,3g2,mj2 @ 0x7d00c3d000] 
06-28 21:02:37.869  4462  6566 W mobile-ffmpeg: 
06-28 21:02:37.869  4462  6566 W mobile-ffmpeg: Found duplicated MOOV Atom. Skipped it
06-28 21:02:44.795  4462  7274 W Summariser: No activity detected
06-28 21:02:44.841  4462  7274 W Summariser: Summarisation completed
06-28 21:02:44.841  4462  7274 W Summariser:   filename: 20200312_194730.mp4
06-28 21:02:44.841  4462  7274 W Summariser:   active sections: 0
06-28 21:02:44.841  4462  7274 W Summariser:   time: 06.935s
06-28 21:02:44.841  4462  7274 W Summariser:   original duration: 60.02
06-28 21:02:44.841  4462  7274 W Summariser:   noise tolerance: 45.00
06-28 21:02:44.841  4462  7274 W Summariser:   quality: 23
06-28 21:02:44.841  4462  7274 W Summariser:   speed: medium
06-28 21:02:44.841  4462  7274 W Summariser:   freeze duration: 1.00
06-28 21:02:58.660  4462  4462 W NearbyFragment: Completed downloading 20200312_194830.mp4 from Endpoint{id=91YL, name=Nexus 5X [34d8]} in 07.318s
06-28 21:02:58.745  4462  6566 W mobile-ffmpeg: 
06-28 21:02:58.746  4462  6566 W mobile-ffmpeg: [mov,mp4,m4a,3gp,3g2,mj2 @ 0x7d00c3d000] 
06-28 21:02:58.746  4462  6566 W mobile-ffmpeg: 
06-28 21:02:58.746  4462  6566 W mobile-ffmpeg: Found duplicated MOOV Atom. Skipped it
06-28 21:03:05.547  4462  7317 W Summariser: 4 active sections found
06-28 21:03:05.551  4462  6566 W mobile-ffmpeg: 
06-28 21:03:05.551  4462  6566 W mobile-ffmpeg: [mov,mp4,m4a,3gp,3g2,mj2 @ 0x7d00c3d000] 
06-28 21:03:05.551  4462  6566 W mobile-ffmpeg: 
06-28 21:03:05.551  4462  6566 W mobile-ffmpeg: Found duplicated MOOV Atom. Skipped it
06-28 21:03:14.085  4462  4476 W System  : A resource failed to call close. 
06-28 21:03:14.086  4462  4476 W System  : A resource failed to call close. 
06-28 21:03:22.181  4462  4462 W NearbyFragment: Completed downloading 20200312_194930.mp4 from Endpoint{id=91YL, name=Nexus 5X [34d8]} in 09.323s
06-28 21:03:29.563  4462  7317 W Summariser: Summarisation completed
06-28 21:03:29.563  4462  7317 W Summariser:   filename: 20200312_194830.mp4
06-28 21:03:29.563  4462  7317 W Summariser:   active sections: 4
06-28 21:03:29.563  4462  7317 W Summariser:   time: 30.723s
06-28 21:03:29.563  4462  7317 W Summariser:   original duration: 60.02
06-28 21:03:29.563  4462  7317 W Summariser:   summarised duration: 19.02
06-28 21:03:29.563  4462  7317 W Summariser:   noise tolerance: 45.00
06-28 21:03:29.563  4462  7317 W Summariser:   quality: 23
06-28 21:03:29.563  4462  7317 W Summariser:   speed: medium
06-28 21:03:29.563  4462  7317 W Summariser:   freeze duration: 1.00
06-28 21:03:29.639  4462  7317 W NearbyFragment: Sending 20200312_194830.mp4 to Nexus 5X [34d8]
06-28 21:03:29.701  4462  6566 W mobile-ffmpeg: 
06-28 21:03:29.701  4462  6566 W mobile-ffmpeg: [mov,mp4,m4a,3gp,3g2,mj2 @ 0x7d00c3d000] 
06-28 21:03:29.702  4462  6566 W mobile-ffmpeg: 
06-28 21:03:29.702  4462  6566 W mobile-ffmpeg: Found duplicated MOOV Atom. Skipped it
06-28 21:03:37.500  4462  7317 W Summariser: 2 active sections found
06-28 21:03:37.505  4462  6566 W mobile-ffmpeg: 
06-28 21:03:37.505  4462  6566 W mobile-ffmpeg: [mov,mp4,m4a,3gp,3g2,mj2 @ 0x7d00c3d000] 
06-28 21:03:37.505  4462  6566 W mobile-ffmpeg: 
06-28 21:03:37.505  4462  6566 W mobile-ffmpeg: Found duplicated MOOV Atom. Skipped it
06-28 21:03:45.069  4462  4462 W NearbyFragment: Completed downloading 20200312_195230.mp4 from Endpoint{id=91YL, name=Nexus 5X [34d8]} in 09.788s
06-28 21:04:03.877  4462  7317 W Summariser: Summarisation completed
06-28 21:04:03.877  4462  7317 W Summariser:   filename: 20200312_194930.mp4
06-28 21:04:03.877  4462  7317 W Summariser:   active sections: 2
06-28 21:04:03.877  4462  7317 W Summariser:   time: 34.086s
06-28 21:04:03.877  4462  7317 W Summariser:   original duration: 60.02
06-28 21:04:03.877  4462  7317 W Summariser:   summarised duration: 22.25
06-28 21:04:03.877  4462  7317 W Summariser:   noise tolerance: 45.00
06-28 21:04:03.877  4462  7317 W Summariser:   quality: 23
06-28 21:04:03.877  4462  7317 W Summariser:   speed: medium
06-28 21:04:03.877  4462  7317 W Summariser:   freeze duration: 1.00
06-28 21:04:03.990  4462  7317 W NearbyFragment: Sending 20200312_194930.mp4 to Nexus 5X [34d8]
06-28 21:04:04.023  4462  6566 W mobile-ffmpeg: 
06-28 21:04:04.023  4462  6566 W mobile-ffmpeg: [mov,mp4,m4a,3gp,3g2,mj2 @ 0x7d00c3d000] 
06-28 21:04:04.023  4462  6566 W mobile-ffmpeg: 
06-28 21:04:04.023  4462  6566 W mobile-ffmpeg: Found duplicated MOOV Atom. Skipped it
06-28 21:04:11.308  4462  7317 W Summariser: 1 active sections found
06-28 21:04:11.313  4462  6566 W mobile-ffmpeg: 
06-28 21:04:11.313  4462  6566 W mobile-ffmpeg: [mov,mp4,m4a,3gp,3g2,mj2 @ 0x7d00c3d000] 
06-28 21:04:11.313  4462  6566 W mobile-ffmpeg: 
06-28 21:04:11.313  4462  6566 W mobile-ffmpeg: Found duplicated MOOV Atom. Skipped it
06-28 21:04:20.958  4462  7317 W Summariser: Summarisation completed
06-28 21:04:20.958  4462  7317 W Summariser:   filename: 20200312_195230.mp4
06-28 21:04:20.958  4462  7317 W Summariser:   active sections: 1
06-28 21:04:20.958  4462  7317 W Summariser:   time: 16.871s
06-28 21:04:20.958  4462  7317 W Summariser:   original duration: 60.02
06-28 21:04:20.958  4462  7317 W Summariser:   summarised duration: 6.97
06-28 21:04:20.958  4462  7317 W Summariser:   noise tolerance: 45.00
06-28 21:04:20.958  4462  7317 W Summariser:   quality: 23
06-28 21:04:20.958  4462  7317 W Summariser:   speed: medium
06-28 21:04:20.958  4462  7317 W Summariser:   freeze duration: 1.00
06-28 21:04:21.059  4462  7317 W NearbyFragment: Sending 20200312_195230.mp4 to Nexus 5X [34d8]
06-28 21:04:29.099  4462  4476 W System  : A resource failed to call close. 
06-28 21:04:29.100  4462  4476 W System  : A resource failed to call close. 
06-28 21:04:29.100  4462  4476 W System  : A resource failed to call close. 
06-28 21:04:29.101  4462  4476 W System  : A resource failed to call close. 
06-28 21:04:33.112  4462  4462 W NearbyFragment: Completed downloading 20200312_195430.mp4 from Endpoint{id=91YL, name=Nexus 5X [34d8]} in 07.669s
06-28 21:04:33.184  4462  6566 W mobile-ffmpeg: 
06-28 21:04:33.185  4462  6566 W mobile-ffmpeg: [mov,mp4,m4a,3gp,3g2,mj2 @ 0x7d1a0d1400] 
06-28 21:04:33.185  4462  6566 W mobile-ffmpeg: 
06-28 21:04:33.185  4462  6566 W mobile-ffmpeg: Found duplicated MOOV Atom. Skipped it
06-28 21:04:39.691  4462  7682 W Summariser: 5 active sections found
06-28 21:04:39.695  4462  6566 W mobile-ffmpeg: 
06-28 21:04:39.695  4462  6566 W mobile-ffmpeg: [mov,mp4,m4a,3gp,3g2,mj2 @ 0x7d1a0d1400] 
06-28 21:04:39.696  4462  6566 W mobile-ffmpeg: 
06-28 21:04:39.696  4462  6566 W mobile-ffmpeg: Found duplicated MOOV Atom. Skipped it
06-28 21:05:01.958  4462  7682 W Summariser: Summarisation completed
06-28 21:05:01.958  4462  7682 W Summariser:   filename: 20200312_195430.mp4
06-28 21:05:01.958  4462  7682 W Summariser:   active sections: 5
06-28 21:05:01.958  4462  7682 W Summariser:   time: 28.722s
06-28 21:05:01.958  4462  7682 W Summariser:   original duration: 60.02
06-28 21:05:01.958  4462  7682 W Summariser:   summarised duration: 21.92
06-28 21:05:01.958  4462  7682 W Summariser:   noise tolerance: 45.00
06-28 21:05:01.958  4462  7682 W Summariser:   quality: 23
06-28 21:05:01.958  4462  7682 W Summariser:   speed: medium
06-28 21:05:01.958  4462  7682 W Summariser:   freeze duration: 1.00
06-28 21:05:02.006  4462  7682 W NearbyFragment: Sending 20200312_195430.mp4 to Nexus 5X [34d8]
