--------- beginning of main
--------- beginning of system
06-29 02:57:39.480  9380  9380 W LogFactory: Truncating log tag length as it exceed 23, the limit imposed by Android on certain API Levels
06-29 02:57:41.625  9380  9380 E TransferService: No notification is passed in the intent. Unable to transition to foreground.
06-29 03:00:28.375  9380  9380 W NearbyFragment: Preferences:
06-29 03:00:28.375  9380  9380 W NearbyFragment:   Auto download: true
06-29 03:00:28.375  9380  9380 W NearbyFragment:   Algorithm: least_busy
06-29 03:00:28.375  9380  9380 W NearbyFragment:   Fast scheduling: true
06-29 03:00:28.375  9380  9380 W NearbyFragment:   Segmentation: false
06-29 03:00:28.375  9380  9380 W NearbyFragment:   Auto segmentation: false
06-29 03:00:28.375  9380  9380 W NearbyFragment:   Segment number: 4
06-29 03:00:28.375  9380  9380 W NearbyFragment:   Noise tolerance: 45.00
06-29 03:00:28.375  9380  9380 W NearbyFragment:   Quality: 23
06-29 03:00:28.375  9380  9380 W NearbyFragment:   Speed: medium
06-29 03:00:28.375  9380  9380 W NearbyFragment:   Freeze duration: 1.00
06-29 03:00:28.376  9380  9380 W NearbyFragment: Download delay: 1s
06-29 03:00:28.376  9380  9380 W NearbyFragment: Started downloading from dashcam
06-29 03:00:43.212  9380  9380 W NearbyFragment: Sending 20200312_150643.mp4 to Galaxy S8 [2802]
06-29 03:00:43.225  9380  9380 W DashDownloadManager: Successfully downloaded 20200312_150643.mp4 in 14.790s
06-29 03:01:03.868  9380  9380 W NearbyFragment: Sending 20200312_150744.mp4 to Galaxy S8 [2802]
06-29 03:01:03.872  9380  9380 W DashDownloadManager: Successfully downloaded 20200312_150744.mp4 in 19.571s
06-29 03:01:24.770  9380  9380 W NearbyFragment: Sending 20200312_150844.mp4 to Nexus 5 [1825]
06-29 03:01:24.774  9380  9380 W DashDownloadManager: Successfully downloaded 20200312_150844.mp4 in 19.852s
06-29 03:01:29.305  9380  9380 W NearbyFragment: Completed downloading 20200312_150744.mp4 from Endpoint{id=ffHt, name=Galaxy S8 [2802]} in 00.313s
06-29 03:01:53.288  9380  9380 W NearbyFragment: Sending 20200312_150944.mp4 to Galaxy S8 [2802]
06-29 03:01:53.293  9380  9380 W DashDownloadManager: Successfully downloaded 20200312_150944.mp4 in 27.462s
06-29 03:02:14.902  9380  9380 W NearbyFragment: Completed downloading 20200312_150944.mp4 from Endpoint{id=ffHt, name=Galaxy S8 [2802]} in 00.223s
06-29 03:02:21.214  9380  9380 W NearbyFragment: Completed downloading 20200312_150844.mp4 from Endpoint{id=LSxL, name=Nexus 5 [1825]} in 14.550s
06-29 03:02:25.332  9380  9380 W NearbyFragment: Sending 20200312_151044.mp4 to Galaxy S8 [2802]
06-29 03:02:25.335  9380  9380 W DashDownloadManager: Successfully downloaded 20200312_151044.mp4 in 30.997s
06-29 03:02:46.252  9380  9380 W NearbyFragment: Sending 20200312_193528.mp4 to Galaxy S8 [2802]
06-29 03:02:46.256  9380  9380 W DashDownloadManager: Successfully downloaded 20200312_193528.mp4 in 19.868s
06-29 03:03:06.250  9380  9380 W NearbyFragment: Sending 20200312_193628.mp4 to Galaxy S8 [2802]
06-29 03:03:06.255  9380  9380 W DashDownloadManager: Successfully downloaded 20200312_193628.mp4 in 18.954s
06-29 03:03:26.336  9380  9380 W NearbyFragment: Sending 20200312_193728.mp4 to Nexus 5 [1825]
06-29 03:03:26.342  9380  9380 W DashDownloadManager: Successfully downloaded 20200312_193728.mp4 in 19.037s
06-29 03:03:33.427  9380  9380 W NearbyFragment: Completed downloading 20200312_193628.mp4 from Endpoint{id=ffHt, name=Galaxy S8 [2802]} in 00.378s
06-29 03:03:54.408  9380  9380 W NearbyFragment: Sending 20200312_193828.mp4 to Galaxy S8 [2802]
06-29 03:03:54.413  9380  9380 W DashDownloadManager: Successfully downloaded 20200312_193828.mp4 in 26.981s
06-29 03:04:23.477  9380  9380 W NearbyFragment: Completed downloading 20200312_193828.mp4 from Endpoint{id=ffHt, name=Galaxy S8 [2802]} in 00.689s
06-29 03:04:23.696  9380  9380 W NearbyFragment: Completed downloading 20200312_193728.mp4 from Endpoint{id=LSxL, name=Nexus 5 [1825]} in 15.584s
06-29 03:04:28.606  9380  9380 W NearbyFragment: Sending 20200312_193928.mp4 to Galaxy S8 [2802]
06-29 03:04:28.610  9380  9380 W DashDownloadManager: Successfully downloaded 20200312_193928.mp4 in 33.101s
06-29 03:04:49.319  9380  9380 W NearbyFragment: Sending 20200312_194129.mp4 to Galaxy S8 [2802]
06-29 03:04:49.323  9380  9380 W DashDownloadManager: Successfully downloaded 20200312_194129.mp4 in 19.593s
06-29 03:05:09.761  9380  9380 W NearbyFragment: Sending 20200312_194229.mp4 to Nexus 5 [1825]
06-29 03:05:09.765  9380  9380 W DashDownloadManager: Successfully downloaded 20200312_194229.mp4 in 19.366s
06-29 03:05:18.000  9380  9380 W NearbyFragment: Completed downloading 20200312_194129.mp4 from Endpoint{id=ffHt, name=Galaxy S8 [2802]} in 00.724s
06-29 03:05:36.815  9380  9380 W NearbyFragment: Sending 20200312_194330.mp4 to Galaxy S8 [2802]
06-29 03:05:36.820  9380  9380 W DashDownloadManager: Successfully downloaded 20200312_194330.mp4 in 25.993s
06-29 03:05:57.093  9380  9380 W NearbyFragment: Sending 20200312_194730.mp4 to Galaxy S8 [2802]
06-29 03:05:57.097  9380  9380 W DashDownloadManager: Successfully downloaded 20200312_194730.mp4 in 19.188s
06-29 03:06:17.041  9380  9380 W NearbyFragment: Sending 20200312_194830.mp4 to Galaxy S8 [2802]
06-29 03:06:17.046  9380  9380 W DashDownloadManager: Successfully downloaded 20200312_194830.mp4 in 18.867s
06-29 03:06:36.712  9380  9380 W NearbyFragment: Sending 20200312_194930.mp4 to Galaxy S8 [2802]
06-29 03:06:36.716  9380  9380 W DashDownloadManager: Successfully downloaded 20200312_194930.mp4 in 18.605s
06-29 03:06:55.504  9380  9380 W NearbyFragment: Completed downloading 20200312_194229.mp4 from Endpoint{id=LSxL, name=Nexus 5 [1825]} in 01.250s
06-29 03:06:55.733  9380  9380 W NearbyFragment: Completed downloading 20200312_194830.mp4 from Endpoint{id=ffHt, name=Galaxy S8 [2802]} in 00.750s
06-29 03:06:57.243  9380  9380 W NearbyFragment: Sending 20200312_195230.mp4 to Nexus 5 [1825]
06-29 03:06:57.248  9380  9380 W DashDownloadManager: Successfully downloaded 20200312_195230.mp4 in 19.453s
06-29 03:07:24.503  9380  9380 W NearbyFragment: Sending 20200312_195330.mp4 to Galaxy S8 [2802]
06-29 03:07:24.509  9380  9380 W DashDownloadManager: Successfully downloaded 20200312_195330.mp4 in 26.203s
06-29 03:07:29.094  9380  9380 W NearbyFragment: Completed downloading 20200312_194930.mp4 from Endpoint{id=ffHt, name=Galaxy S8 [2802]} in 01.185s
06-29 03:07:45.141  9380  9380 W NearbyFragment: Sending 20200312_195430.mp4 to Galaxy S8 [2802]
06-29 03:07:45.146  9380  9380 W DashDownloadManager: Successfully downloaded 20200312_195430.mp4 in 19.577s
06-29 03:07:46.156  9380  9599 W NearbyFragment: Stopped downloading from dashcam
06-29 03:08:06.930  9380  9380 W NearbyFragment: Completed downloading 20200312_195330.mp4 from Endpoint{id=ffHt, name=Galaxy S8 [2802]} in 00.388s
06-29 03:08:12.442  9380  9380 W NearbyFragment: Completed downloading 20200312_195230.mp4 from Endpoint{id=LSxL, name=Nexus 5 [1825]} in 00.308s
06-29 03:08:35.623  9380  9380 W NearbyFragment: Completed downloading 20200312_195430.mp4 from Endpoint{id=ffHt, name=Galaxy S8 [2802]} in 00.156s
