--------- beginning of main
--------- beginning of system
06-29 02:57:40.246  5639  5639 W LogFactory: Truncating log tag length as it exceed 23, the limit imposed by Android on certain API Levels
06-29 02:57:41.909  5639  5639 E TransferService: No notification is passed in the intent. Unable to transition to foreground.
06-29 02:57:42.077  5639  5639 W StaticLayout: maxLineHeight should not be -1.  maxLines:1 lineCount:1
06-29 02:57:42.091  5639  5639 W StaticLayout: maxLineHeight should not be -1.  maxLines:1 lineCount:1
06-29 02:57:42.113  5639  5639 W StaticLayout: maxLineHeight should not be -1.  maxLines:1 lineCount:1
06-29 02:57:42.157  5639  5658 W Adreno-EGL: <qeglDrvAPI_eglGetConfigAttrib:607>: EGL_BAD_ATTRIBUTE
06-29 02:57:42.161  5639  5658 W Adreno-EGL: <qeglDrvAPI_eglGetConfigAttrib:607>: EGL_BAD_ATTRIBUTE
06-29 02:57:42.164  5639  5639 W StaticLayout: maxLineHeight should not be -1.  maxLines:1 lineCount:1
06-29 02:57:42.176  5639  5639 W StaticLayout: maxLineHeight should not be -1.  maxLines:1 lineCount:1
06-29 02:58:13.227  5639  5658 W Adreno-EGL: <qeglDrvAPI_eglGetConfigAttrib:607>: EGL_BAD_ATTRIBUTE
06-29 02:58:32.844  5639  5658 W Adreno-EGL: <qeglDrvAPI_eglGetConfigAttrib:607>: EGL_BAD_ATTRIBUTE
06-29 03:01:40.156  5639  5639 W NearbyFragment: Completed downloading 20200312_150844.mp4 from Endpoint{id=vf39, name=Nexus 5X [34d8]} in 14.887s
06-29 03:01:40.274  5639  6638 W mobile-ffmpeg: 
06-29 03:01:40.274  5639  6638 W mobile-ffmpeg: [mov,mp4,m4a,3gp,3g2,mj2 @ 0x95f8f200] 
06-29 03:01:40.275  5639  6638 W mobile-ffmpeg: 
06-29 03:01:40.275  5639  6638 W mobile-ffmpeg: Found duplicated MOOV Atom. Skipped it
06-29 03:02:01.873  5639  6637 W Summariser: Whole video is active
06-29 03:02:06.612  5639  6637 W Summariser: Summarisation completed
06-29 03:02:06.612  5639  6637 W Summariser:   filename: 20200312_150844.mp4
06-29 03:02:06.612  5639  6637 W Summariser:   active sections: -1
06-29 03:02:06.612  5639  6637 W Summariser:   time: 26.170s
06-29 03:02:06.612  5639  6637 W Summariser:   original duration: 60.02
06-29 03:02:06.612  5639  6637 W Summariser:   summarised duration: 60.02
06-29 03:02:06.612  5639  6637 W Summariser:   noise tolerance: 45.00
06-29 03:02:06.612  5639  6637 W Summariser:   quality: 23
06-29 03:02:06.612  5639  6637 W Summariser:   speed: medium
06-29 03:02:06.612  5639  6637 W Summariser:   freeze duration: 1.00
06-29 03:02:06.672  5639  6637 W NearbyFragment: Sending 20200312_150844.mp4 to Nexus 5X [34d8]
06-29 03:03:41.417  5639  5639 W NearbyFragment: Completed downloading 20200312_193728.mp4 from Endpoint{id=vf39, name=Nexus 5X [34d8]} in 14.843s
06-29 03:03:41.463  5639  6638 W mobile-ffmpeg: 
06-29 03:03:41.463  5639  6638 W mobile-ffmpeg: [mov,mp4,m4a,3gp,3g2,mj2 @ 0x93273c00] 
06-29 03:03:41.463  5639  6638 W mobile-ffmpeg: 
06-29 03:03:41.463  5639  6638 W mobile-ffmpeg: Found duplicated MOOV Atom. Skipped it
06-29 03:04:03.391  5639  6846 W Summariser: Whole video is active
06-29 03:04:08.075  5639  6846 W Summariser: Summarisation completed
06-29 03:04:08.075  5639  6846 W Summariser:   filename: 20200312_193728.mp4
06-29 03:04:08.075  5639  6846 W Summariser:   active sections: -1
06-29 03:04:08.075  5639  6846 W Summariser:   time: 26.359s
06-29 03:04:08.075  5639  6846 W Summariser:   original duration: 60.02
06-29 03:04:08.075  5639  6846 W Summariser:   summarised duration: 60.02
06-29 03:04:08.075  5639  6846 W Summariser:   noise tolerance: 45.00
06-29 03:04:08.075  5639  6846 W Summariser:   quality: 23
06-29 03:04:08.075  5639  6846 W Summariser:   speed: medium
06-29 03:04:08.075  5639  6846 W Summariser:   freeze duration: 1.00
06-29 03:04:08.137  5639  6846 W NearbyFragment: Sending 20200312_193728.mp4 to Nexus 5X [34d8]
06-29 03:05:24.450  5639  5639 W NearbyFragment: Completed downloading 20200312_194229.mp4 from Endpoint{id=vf39, name=Nexus 5X [34d8]} in 14.597s
06-29 03:05:24.505  5639  6638 W mobile-ffmpeg: 
06-29 03:05:24.505  5639  6638 W mobile-ffmpeg: [mov,mp4,m4a,3gp,3g2,mj2 @ 0xa89a3400] 
06-29 03:05:24.505  5639  6638 W mobile-ffmpeg: 
06-29 03:05:24.506  5639  6638 W mobile-ffmpeg: Found duplicated MOOV Atom. Skipped it
06-29 03:05:47.643  5639  7036 W Summariser: 5 active sections found
06-29 03:05:47.657  5639  6638 W mobile-ffmpeg: 
06-29 03:05:47.657  5639  6638 W mobile-ffmpeg: [mov,mp4,m4a,3gp,3g2,mj2 @ 0x9306f200] 
06-29 03:05:47.658  5639  6638 W mobile-ffmpeg: 
06-29 03:05:47.658  5639  6638 W mobile-ffmpeg: Found duplicated MOOV Atom. Skipped it
06-29 03:06:54.161  5639  7036 W Summariser: Summarisation completed
06-29 03:06:54.161  5639  7036 W Summariser:   filename: 20200312_194229.mp4
06-29 03:06:54.161  5639  7036 W Summariser:   active sections: 5
06-29 03:06:54.161  5639  7036 W Summariser:   time: 89.400s
06-29 03:06:54.161  5639  7036 W Summariser:   original duration: 60.02
06-29 03:06:54.161  5639  7036 W Summariser:   summarised duration: 15.51
06-29 03:06:54.161  5639  7036 W Summariser:   noise tolerance: 45.00
06-29 03:06:54.161  5639  7036 W Summariser:   quality: 23
06-29 03:06:54.161  5639  7036 W Summariser:   speed: medium
06-29 03:06:54.161  5639  7036 W Summariser:   freeze duration: 1.00
06-29 03:06:54.263  5639  7036 W NearbyFragment: Sending 20200312_194229.mp4 to Nexus 5X [34d8]
06-29 03:07:12.032  5639  5639 W NearbyFragment: Completed downloading 20200312_195230.mp4 from Endpoint{id=vf39, name=Nexus 5X [34d8]} in 14.638s
06-29 03:07:12.097  5639  6638 W mobile-ffmpeg: 
06-29 03:07:12.098  5639  6638 W mobile-ffmpeg: [mov,mp4,m4a,3gp,3g2,mj2 @ 0x93274e00] 
06-29 03:07:12.098  5639  6638 W mobile-ffmpeg: 
06-29 03:07:12.098  5639  6638 W mobile-ffmpeg: Found duplicated MOOV Atom. Skipped it
06-29 03:07:35.327  5639  7272 W Summariser: 1 active sections found
06-29 03:07:35.343  5639  6638 W mobile-ffmpeg: 
06-29 03:07:35.343  5639  6638 W mobile-ffmpeg: [mov,mp4,m4a,3gp,3g2,mj2 @ 0x91cd6600] 
06-29 03:07:35.343  5639  6638 W mobile-ffmpeg: 
06-29 03:07:35.343  5639  6638 W mobile-ffmpeg: Found duplicated MOOV Atom. Skipped it
06-29 03:08:12.042  5639  7272 W Summariser: Summarisation completed
06-29 03:08:12.042  5639  7272 W Summariser:   filename: 20200312_195230.mp4
06-29 03:08:12.042  5639  7272 W Summariser:   active sections: 1
06-29 03:08:12.042  5639  7272 W Summariser:   time: 59.699s
06-29 03:08:12.042  5639  7272 W Summariser:   original duration: 60.02
06-29 03:08:12.042  5639  7272 W Summariser:   summarised duration: 6.97
06-29 03:08:12.042  5639  7272 W Summariser:   noise tolerance: 45.00
06-29 03:08:12.042  5639  7272 W Summariser:   quality: 23
06-29 03:08:12.042  5639  7272 W Summariser:   speed: medium
06-29 03:08:12.042  5639  7272 W Summariser:   freeze duration: 1.00
06-29 03:08:12.131  5639  7272 W NearbyFragment: Sending 20200312_195230.mp4 to Nexus 5X [34d8]
