--------- beginning of main
06-29 02:57:40.317 32019 32019 E Zygote  : isWhitelistProcess - Process is Whitelisted
06-29 02:57:40.318 32019 32019 E Zygote  : accessInfo : 1
06-29 02:57:41.855 32019 32019 W LogFactory: Truncating log tag length as it exceed 23, the limit imposed by Android on certain API Levels
06-29 02:57:41.953 32019 32019 W example.edgesu: Accessing hidden method Landroid/graphics/drawable/Drawable;->getOpticalInsets()Landroid/graphics/Insets; (light greylist, linking)
06-29 02:57:41.953 32019 32019 W example.edgesu: Accessing hidden field Landroid/graphics/Insets;->left:I (light greylist, linking)
06-29 02:57:41.953 32019 32019 W example.edgesu: Accessing hidden field Landroid/graphics/Insets;->right:I (light greylist, linking)
06-29 02:57:41.953 32019 32019 W example.edgesu: Accessing hidden field Landroid/graphics/Insets;->top:I (light greylist, linking)
06-29 02:57:41.953 32019 32019 W example.edgesu: Accessing hidden field Landroid/graphics/Insets;->bottom:I (light greylist, linking)
06-29 02:57:42.007 32019 32019 W example.edgesu: Accessing hidden method Landroid/view/View;->computeFitSystemWindows(Landroid/graphics/Rect;Landroid/graphics/Rect;)Z (light greylist, reflection)
06-29 02:57:42.007 32019 32019 W example.edgesu: Accessing hidden method Landroid/view/ViewGroup;->makeOptionalFitsSystemWindows()V (light greylist, reflection)
06-29 02:57:42.120 32019 32019 W example.edgesu: Accessing hidden method Landroid/widget/TextView;->getTextDirectionHeuristic()Landroid/text/TextDirectionHeuristic; (light greylist, linking)
06-29 02:57:42.129 32019 32019 W example.edgesu: Accessing hidden field Landroid/view/View;->mAccessibilityDelegate:Landroid/view/View$AccessibilityDelegate; (light greylist, reflection)
06-29 02:57:42.488 32019 32019 E TransferService: No notification is passed in the intent. Unable to transition to foreground.
06-29 02:57:42.539 32019 32019 W StaticLayout: maxLineHeight should not be -1.  maxLines:1 lineCount:1
06-29 02:57:42.549 32019 32019 W StaticLayout: maxLineHeight should not be -1.  maxLines:1 lineCount:1
06-29 02:57:42.554 32019 32019 W StaticLayout: maxLineHeight should not be -1.  maxLines:1 lineCount:1
06-29 02:57:42.558 32019 32019 W StaticLayout: maxLineHeight should not be -1.  maxLines:1 lineCount:1
06-29 02:57:42.579 32019 32019 W StaticLayout: maxLineHeight should not be -1.  maxLines:1 lineCount:1
06-29 02:57:42.583 32019 32019 W StaticLayout: maxLineHeight should not be -1.  maxLines:1 lineCount:1
06-29 02:57:54.664 32019 32019 W example.edgesu: Accessing hidden method Landroid/graphics/FontFamily;-><init>()V (light greylist, reflection)
06-29 02:57:54.664 32019 32019 W example.edgesu: Accessing hidden method Landroid/graphics/FontFamily;->addFontFromAssetManager(Landroid/content/res/AssetManager;Ljava/lang/String;IZIII[Landroid/graphics/fonts/FontVariationAxis;)Z (light greylist, reflection)
06-29 02:57:54.664 32019 32019 W example.edgesu: Accessing hidden method Landroid/graphics/FontFamily;->addFontFromBuffer(Ljava/nio/ByteBuffer;I[Landroid/graphics/fonts/FontVariationAxis;II)Z (light greylist, reflection)
06-29 02:57:54.664 32019 32019 W example.edgesu: Accessing hidden method Landroid/graphics/FontFamily;->freeze()Z (light greylist, reflection)
06-29 02:57:54.667 32019 32019 W example.edgesu: Accessing hidden method Landroid/graphics/FontFamily;->abortCreation()V (light greylist, reflection)
06-29 02:57:54.668 32019 32019 W example.edgesu: Accessing hidden method Landroid/graphics/Typeface;->createFromFamiliesWithDefault([Landroid/graphics/FontFamily;Ljava/lang/String;II)Landroid/graphics/Typeface; (light greylist, reflection)
06-29 02:58:05.537 32019 32146 W libEGL  : EGLNativeWindowType 0x7c93585010 disconnect failed
06-29 02:58:11.261 32019 32146 W libEGL  : EGLNativeWindowType 0x7c93585010 disconnect failed
06-29 02:58:11.302 32019 32019 E ViewRootImpl: sendUserActionEvent() returned.
06-29 03:00:48.792 32019 32039 W System  : A resource failed to call close. 
06-29 03:00:51.051 32019 32019 W NearbyFragment: Completed downloading 20200312_150643.mp4 from Endpoint{id=vf39, name=Nexus 5X [34d8]} in 07.486s
06-29 03:00:51.242 32019   620 W mobile-ffmpeg: 
06-29 03:00:51.242 32019   620 W mobile-ffmpeg: [mov,mp4,m4a,3gp,3g2,mj2 @ 0x7c93362a00] 
06-29 03:00:51.242 32019   620 W mobile-ffmpeg: 
06-29 03:00:51.242 32019   620 W mobile-ffmpeg: Found duplicated MOOV Atom. Skipped it
06-29 03:00:58.123 32019   619 W Summariser: No activity detected
06-29 03:00:58.192 32019   619 W Summariser: Summarisation completed
06-29 03:00:58.192 32019   619 W Summariser:   filename: 20200312_150643.mp4
06-29 03:00:58.192 32019   619 W Summariser:   active sections: 0
06-29 03:00:58.192 32019   619 W Summariser:   time: 06.979s
06-29 03:00:58.192 32019   619 W Summariser:   original duration: 60.02
06-29 03:00:58.192 32019   619 W Summariser:   noise tolerance: 45.00
06-29 03:00:58.192 32019   619 W Summariser:   quality: 23
06-29 03:00:58.192 32019   619 W Summariser:   speed: medium
06-29 03:00:58.192 32019   619 W Summariser:   freeze duration: 1.00
06-29 03:01:11.322 32019 32019 W NearbyFragment: Completed downloading 20200312_150744.mp4 from Endpoint{id=vf39, name=Nexus 5X [34d8]} in 07.337s
06-29 03:01:11.391 32019   620 W mobile-ffmpeg: 
06-29 03:01:11.391 32019   620 W mobile-ffmpeg: [mov,mp4,m4a,3gp,3g2,mj2 @ 0x7c93362a00] 
06-29 03:01:11.392 32019   620 W mobile-ffmpeg: 
06-29 03:01:11.392 32019   620 W mobile-ffmpeg: Found duplicated MOOV Atom. Skipped it
06-29 03:01:18.206 32019   662 W Summariser: 1 active sections found
06-29 03:01:18.211 32019   620 W mobile-ffmpeg: 
06-29 03:01:18.211 32019   620 W mobile-ffmpeg: [mov,mp4,m4a,3gp,3g2,mj2 @ 0x7c93362a00] 
06-29 03:01:18.211 32019   620 W mobile-ffmpeg: 
06-29 03:01:18.211 32019   620 W mobile-ffmpeg: Found duplicated MOOV Atom. Skipped it
06-29 03:01:28.852 32019   662 W Summariser: Summarisation completed
06-29 03:01:28.852 32019   662 W Summariser:   filename: 20200312_150744.mp4
06-29 03:01:28.852 32019   662 W Summariser:   active sections: 1
06-29 03:01:28.852 32019   662 W Summariser:   time: 17.378s
06-29 03:01:28.852 32019   662 W Summariser:   original duration: 60.02
06-29 03:01:28.852 32019   662 W Summariser:   summarised duration: 4.83
06-29 03:01:28.852 32019   662 W Summariser:   noise tolerance: 45.00
06-29 03:01:28.852 32019   662 W Summariser:   quality: 23
06-29 03:01:28.852 32019   662 W Summariser:   speed: medium
06-29 03:01:28.852 32019   662 W Summariser:   freeze duration: 1.00
06-29 03:01:28.974 32019   662 W NearbyFragment: Sending 20200312_150744.mp4 to Nexus 5X [34d8]
06-29 03:02:00.831 32019 32019 W NearbyFragment: Completed downloading 20200312_150944.mp4 from Endpoint{id=vf39, name=Nexus 5X [34d8]} in 07.319s
06-29 03:02:00.916 32019   620 W mobile-ffmpeg: 
06-29 03:02:00.917 32019   620 W mobile-ffmpeg: [mov,mp4,m4a,3gp,3g2,mj2 @ 0x7c93362a00] 
06-29 03:02:00.917 32019   620 W mobile-ffmpeg: 
06-29 03:02:00.917 32019   620 W mobile-ffmpeg: Found duplicated MOOV Atom. Skipped it
06-29 03:02:07.823 32019   752 W Summariser: 1 active sections found
06-29 03:02:07.828 32019   620 W mobile-ffmpeg: 
06-29 03:02:07.828 32019   620 W mobile-ffmpeg: [mov,mp4,m4a,3gp,3g2,mj2 @ 0x7c93362a00] 
06-29 03:02:07.828 32019   620 W mobile-ffmpeg: 
06-29 03:02:07.828 32019   620 W mobile-ffmpeg: Found duplicated MOOV Atom. Skipped it
06-29 03:02:14.603 32019   752 W Summariser: Summarisation completed
06-29 03:02:14.603 32019   752 W Summariser:   filename: 20200312_150944.mp4
06-29 03:02:14.603 32019   752 W Summariser:   active sections: 1
06-29 03:02:14.603 32019   752 W Summariser:   time: 13.595s
06-29 03:02:14.603 32019   752 W Summariser:   original duration: 60.02
06-29 03:02:14.603 32019   752 W Summariser:   summarised duration: 7.07
06-29 03:02:14.603 32019   752 W Summariser:   noise tolerance: 45.00
06-29 03:02:14.603 32019   752 W Summariser:   quality: 23
06-29 03:02:14.603 32019   752 W Summariser:   speed: medium
06-29 03:02:14.603 32019   752 W Summariser:   freeze duration: 1.00
06-29 03:02:14.726 32019   752 W NearbyFragment: Sending 20200312_150944.mp4 to Nexus 5X [34d8]
06-29 03:02:27.428 32019 32039 W System  : A resource failed to call close. 
06-29 03:02:27.430 32019 32039 W System  : A resource failed to call close. 
06-29 03:02:38.202 32019 32019 W NearbyFragment: Completed downloading 20200312_151044.mp4 from Endpoint{id=vf39, name=Nexus 5X [34d8]} in 12.641s
06-29 03:02:38.269 32019   620 W mobile-ffmpeg: 
06-29 03:02:38.269 32019   620 W mobile-ffmpeg: [mov,mp4,m4a,3gp,3g2,mj2 @ 0x7c93362a00] 
06-29 03:02:38.269 32019   620 W mobile-ffmpeg: 
06-29 03:02:38.269 32019   620 W mobile-ffmpeg: Found duplicated MOOV Atom. Skipped it
06-29 03:02:45.294 32019   824 W Summariser: No activity detected
06-29 03:02:45.344 32019   824 W Summariser: Summarisation completed
06-29 03:02:45.344 32019   824 W Summariser:   filename: 20200312_151044.mp4
06-29 03:02:45.344 32019   824 W Summariser:   active sections: 0
06-29 03:02:45.344 32019   824 W Summariser:   time: 07.034s
06-29 03:02:45.344 32019   824 W Summariser:   original duration: 60.02
06-29 03:02:45.344 32019   824 W Summariser:   noise tolerance: 45.00
06-29 03:02:45.344 32019   824 W Summariser:   quality: 23
06-29 03:02:45.344 32019   824 W Summariser:   speed: medium
06-29 03:02:45.344 32019   824 W Summariser:   freeze duration: 1.00
06-29 03:02:54.342 32019 32019 W NearbyFragment: Completed downloading 20200312_193528.mp4 from Endpoint{id=vf39, name=Nexus 5X [34d8]} in 07.875s
06-29 03:02:54.426 32019   620 W mobile-ffmpeg: 
06-29 03:02:54.426 32019   620 W mobile-ffmpeg: [mov,mp4,m4a,3gp,3g2,mj2 @ 0x7c93362a00] 
06-29 03:02:54.426 32019   620 W mobile-ffmpeg: 
06-29 03:02:54.426 32019   620 W mobile-ffmpeg: Found duplicated MOOV Atom. Skipped it
06-29 03:03:01.063 32019   861 W Summariser: No activity detected
06-29 03:03:01.113 32019   861 W Summariser: Summarisation completed
06-29 03:03:01.113 32019   861 W Summariser:   filename: 20200312_193528.mp4
06-29 03:03:01.113 32019   861 W Summariser:   active sections: 0
06-29 03:03:01.113 32019   861 W Summariser:   time: 06.647s
06-29 03:03:01.113 32019   861 W Summariser:   original duration: 60.05
06-29 03:03:01.113 32019   861 W Summariser:   noise tolerance: 45.00
06-29 03:03:01.113 32019   861 W Summariser:   quality: 23
06-29 03:03:01.113 32019   861 W Summariser:   speed: medium
06-29 03:03:01.113 32019   861 W Summariser:   freeze duration: 1.00
06-29 03:03:12.703 32019 32039 W System  : A resource failed to call close. 
06-29 03:03:12.707 32019 32039 W System  : A resource failed to call close. 
06-29 03:03:14.140 32019 32019 W NearbyFragment: Completed downloading 20200312_193628.mp4 from Endpoint{id=vf39, name=Nexus 5X [34d8]} in 07.714s
06-29 03:03:14.228 32019   620 W mobile-ffmpeg: 
06-29 03:03:14.228 32019   620 W mobile-ffmpeg: [mov,mp4,m4a,3gp,3g2,mj2 @ 0x7c93362a00] 
06-29 03:03:14.228 32019   620 W mobile-ffmpeg: 
06-29 03:03:14.229 32019   620 W mobile-ffmpeg: Found duplicated MOOV Atom. Skipped it
06-29 03:03:21.238 32019   894 W Summariser: 1 active sections found
06-29 03:03:21.242 32019   620 W mobile-ffmpeg: 
06-29 03:03:21.242 32019   620 W mobile-ffmpeg: [mov,mp4,m4a,3gp,3g2,mj2 @ 0x7c93362a00] 
06-29 03:03:21.242 32019   620 W mobile-ffmpeg: 
06-29 03:03:21.242 32019   620 W mobile-ffmpeg: Found duplicated MOOV Atom. Skipped it
06-29 03:03:32.993 32019   894 W Summariser: Summarisation completed
06-29 03:03:32.993 32019   894 W Summariser:   filename: 20200312_193628.mp4
06-29 03:03:32.993 32019   894 W Summariser:   active sections: 1
06-29 03:03:32.993 32019   894 W Summariser:   time: 18.699s
06-29 03:03:32.993 32019   894 W Summariser:   original duration: 60.02
06-29 03:03:32.993 32019   894 W Summariser:   summarised duration: 6.07
06-29 03:03:32.993 32019   894 W Summariser:   noise tolerance: 45.00
06-29 03:03:32.993 32019   894 W Summariser:   quality: 23
06-29 03:03:32.993 32019   894 W Summariser:   speed: medium
06-29 03:03:32.993 32019   894 W Summariser:   freeze duration: 1.00
06-29 03:03:33.068 32019   894 W NearbyFragment: Sending 20200312_193628.mp4 to Nexus 5X [34d8]
06-29 03:04:02.171 32019 32019 W NearbyFragment: Completed downloading 20200312_193828.mp4 from Endpoint{id=vf39, name=Nexus 5X [34d8]} in 07.490s
06-29 03:04:02.241 32019   620 W mobile-ffmpeg: 
06-29 03:04:02.241 32019   620 W mobile-ffmpeg: [mov,mp4,m4a,3gp,3g2,mj2 @ 0x7c93362a00] 
06-29 03:04:02.241 32019   620 W mobile-ffmpeg: 
06-29 03:04:02.242 32019   620 W mobile-ffmpeg: Found duplicated MOOV Atom. Skipped it
06-29 03:04:09.262 32019   981 W Summariser: 1 active sections found
06-29 03:04:09.266 32019   620 W mobile-ffmpeg: 
06-29 03:04:09.266 32019   620 W mobile-ffmpeg: [mov,mp4,m4a,3gp,3g2,mj2 @ 0x7c93362a00] 
06-29 03:04:09.266 32019   620 W mobile-ffmpeg: 
06-29 03:04:09.266 32019   620 W mobile-ffmpeg: Found duplicated MOOV Atom. Skipped it
06-29 03:04:22.720 32019   981 W Summariser: Summarisation completed
06-29 03:04:22.720 32019   981 W Summariser:   filename: 20200312_193828.mp4
06-29 03:04:22.720 32019   981 W Summariser:   active sections: 1
06-29 03:04:22.720 32019   981 W Summariser:   time: 20.390s
06-29 03:04:22.720 32019   981 W Summariser:   original duration: 60.02
06-29 03:04:22.720 32019   981 W Summariser:   summarised duration: 14.28
06-29 03:04:22.720 32019   981 W Summariser:   noise tolerance: 45.00
06-29 03:04:22.720 32019   981 W Summariser:   quality: 23
06-29 03:04:22.720 32019   981 W Summariser:   speed: medium
06-29 03:04:22.720 32019   981 W Summariser:   freeze duration: 1.00
06-29 03:04:22.828 32019   981 W NearbyFragment: Sending 20200312_193828.mp4 to Nexus 5X [34d8]
06-29 03:04:29.764 32019 32046 W example.edgesu: JNI critical lock held for 74.636ms on Thread[9,tid=32046,Runnable,Thread*=0x7cabea4c00,peer=0x13500628,"Binder:32019_1"]
06-29 03:04:36.757 32019 32019 W NearbyFragment: Completed downloading 20200312_193928.mp4 from Endpoint{id=vf39, name=Nexus 5X [34d8]} in 08.009s
06-29 03:04:36.819 32019   620 W mobile-ffmpeg: 
06-29 03:04:36.819 32019   620 W mobile-ffmpeg: [mov,mp4,m4a,3gp,3g2,mj2 @ 0x7ca33be400] 
06-29 03:04:36.819 32019   620 W mobile-ffmpeg: 
06-29 03:04:36.819 32019   620 W mobile-ffmpeg: Found duplicated MOOV Atom. Skipped it
06-29 03:04:43.668 32019  1081 W Summariser: No activity detected
06-29 03:04:43.717 32019  1081 W Summariser: Summarisation completed
06-29 03:04:43.717 32019  1081 W Summariser:   filename: 20200312_193928.mp4
06-29 03:04:43.717 32019  1081 W Summariser:   active sections: 0
06-29 03:04:43.717 32019  1081 W Summariser:   time: 06.859s
06-29 03:04:43.717 32019  1081 W Summariser:   original duration: 60.89
06-29 03:04:43.717 32019  1081 W Summariser:   noise tolerance: 45.00
06-29 03:04:43.717 32019  1081 W Summariser:   quality: 23
06-29 03:04:43.717 32019  1081 W Summariser:   speed: medium
06-29 03:04:43.717 32019  1081 W Summariser:   freeze duration: 1.00
06-29 03:04:50.490 32019 32039 W System  : A resource failed to call close. 
06-29 03:04:50.493 32019 32039 W System  : A resource failed to call close. 
06-29 03:04:50.494 32019 32039 W System  : A resource failed to call close. 
06-29 03:04:50.497 32019 32039 W System  : A resource failed to call close. 
06-29 03:04:50.498 32019 32039 W System  : A resource failed to call close. 
06-29 03:04:50.498 32019 32039 W System  : A resource failed to call close. 
06-29 03:04:56.918 32019 32019 W NearbyFragment: Completed downloading 20200312_194129.mp4 from Endpoint{id=vf39, name=Nexus 5X [34d8]} in 07.383s
06-29 03:04:56.979 32019   620 W mobile-ffmpeg: 
06-29 03:04:56.979 32019   620 W mobile-ffmpeg: [mov,mp4,m4a,3gp,3g2,mj2 @ 0x7ca33be400] 
06-29 03:04:56.979 32019   620 W mobile-ffmpeg: 
06-29 03:04:56.979 32019   620 W mobile-ffmpeg: Found duplicated MOOV Atom. Skipped it
06-29 03:05:03.556 32019  1113 W Summariser: 2 active sections found
06-29 03:05:03.560 32019   620 W mobile-ffmpeg: 
06-29 03:05:03.560 32019   620 W mobile-ffmpeg: [mov,mp4,m4a,3gp,3g2,mj2 @ 0x7ca33be400] 
06-29 03:05:03.560 32019   620 W mobile-ffmpeg: 
06-29 03:05:03.560 32019   620 W mobile-ffmpeg: Found duplicated MOOV Atom. Skipped it
06-29 03:05:17.217 32019  1113 W Summariser: Summarisation completed
06-29 03:05:17.217 32019  1113 W Summariser:   filename: 20200312_194129.mp4
06-29 03:05:17.217 32019  1113 W Summariser:   active sections: 2
06-29 03:05:17.217 32019  1113 W Summariser:   time: 20.158s
06-29 03:05:17.217 32019  1113 W Summariser:   original duration: 60.02
06-29 03:05:17.217 32019  1113 W Summariser:   summarised duration: 10.77
06-29 03:05:17.217 32019  1113 W Summariser:   noise tolerance: 45.00
06-29 03:05:17.217 32019  1113 W Summariser:   quality: 23
06-29 03:05:17.217 32019  1113 W Summariser:   speed: medium
06-29 03:05:17.217 32019  1113 W Summariser:   freeze duration: 1.00
06-29 03:05:17.309 32019  1113 W NearbyFragment: Sending 20200312_194129.mp4 to Nexus 5X [34d8]
06-29 03:05:44.556 32019 32019 W NearbyFragment: Completed downloading 20200312_194330.mp4 from Endpoint{id=vf39, name=Nexus 5X [34d8]} in 07.471s
06-29 03:05:44.620 32019   620 W mobile-ffmpeg: 
06-29 03:05:44.620 32019   620 W mobile-ffmpeg: [mov,mp4,m4a,3gp,3g2,mj2 @ 0x7ca33be400] 
06-29 03:05:44.620 32019   620 W mobile-ffmpeg: 
06-29 03:05:44.621 32019   620 W mobile-ffmpeg: Found duplicated MOOV Atom. Skipped it
06-29 03:05:51.694 32019  1186 W Summariser: No activity detected
06-29 03:05:51.720 32019  1186 W Summariser: Summarisation completed
06-29 03:05:51.720 32019  1186 W Summariser:   filename: 20200312_194330.mp4
06-29 03:05:51.720 32019  1186 W Summariser:   active sections: 0
06-29 03:05:51.720 32019  1186 W Summariser:   time: 07.082s
06-29 03:05:51.720 32019  1186 W Summariser:   original duration: 60.02
06-29 03:05:51.720 32019  1186 W Summariser:   noise tolerance: 45.00
06-29 03:05:51.720 32019  1186 W Summariser:   quality: 23
06-29 03:05:51.720 32019  1186 W Summariser:   speed: medium
06-29 03:05:51.720 32019  1186 W Summariser:   freeze duration: 1.00
06-29 03:06:02.800 32019 32039 W System  : A resource failed to call close. 
06-29 03:06:02.801 32019 32039 W System  : A resource failed to call close. 
06-29 03:06:04.673 32019 32019 W NearbyFragment: Completed downloading 20200312_194730.mp4 from Endpoint{id=vf39, name=Nexus 5X [34d8]} in 07.347s
06-29 03:06:04.740 32019   620 W mobile-ffmpeg: 
06-29 03:06:04.741 32019   620 W mobile-ffmpeg: [mov,mp4,m4a,3gp,3g2,mj2 @ 0x7ca33be400] 
06-29 03:06:04.741 32019   620 W mobile-ffmpeg: 
06-29 03:06:04.741 32019   620 W mobile-ffmpeg: Found duplicated MOOV Atom. Skipped it
06-29 03:06:11.746 32019  1244 W Summariser: No activity detected
06-29 03:06:11.792 32019  1244 W Summariser: Summarisation completed
06-29 03:06:11.792 32019  1244 W Summariser:   filename: 20200312_194730.mp4
06-29 03:06:11.792 32019  1244 W Summariser:   active sections: 0
06-29 03:06:11.792 32019  1244 W Summariser:   time: 07.016s
06-29 03:06:11.792 32019  1244 W Summariser:   original duration: 60.02
06-29 03:06:11.792 32019  1244 W Summariser:   noise tolerance: 45.00
06-29 03:06:11.792 32019  1244 W Summariser:   quality: 23
06-29 03:06:11.792 32019  1244 W Summariser:   speed: medium
06-29 03:06:11.792 32019  1244 W Summariser:   freeze duration: 1.00
06-29 03:06:25.290 32019 32019 W NearbyFragment: Completed downloading 20200312_194830.mp4 from Endpoint{id=vf39, name=Nexus 5X [34d8]} in 08.099s
06-29 03:06:25.358 32019   620 W mobile-ffmpeg: 
06-29 03:06:25.358 32019   620 W mobile-ffmpeg: [mov,mp4,m4a,3gp,3g2,mj2 @ 0x7ca33be400] 
06-29 03:06:25.358 32019   620 W mobile-ffmpeg: 
06-29 03:06:25.358 32019   620 W mobile-ffmpeg: Found duplicated MOOV Atom. Skipped it
06-29 03:06:32.237 32019  1274 W Summariser: 4 active sections found
06-29 03:06:32.242 32019   620 W mobile-ffmpeg: 
06-29 03:06:32.242 32019   620 W mobile-ffmpeg: [mov,mp4,m4a,3gp,3g2,mj2 @ 0x7ca33be400] 
06-29 03:06:32.242 32019   620 W mobile-ffmpeg: 
06-29 03:06:32.242 32019   620 W mobile-ffmpeg: Found duplicated MOOV Atom. Skipped it
06-29 03:06:45.874 32019 32019 W NearbyFragment: Completed downloading 20200312_194930.mp4 from Endpoint{id=vf39, name=Nexus 5X [34d8]} in 09.028s
06-29 03:06:54.947 32019  1274 W Summariser: Summarisation completed
06-29 03:06:54.947 32019  1274 W Summariser:   filename: 20200312_194830.mp4
06-29 03:06:54.947 32019  1274 W Summariser:   active sections: 4
06-29 03:06:54.947 32019  1274 W Summariser:   time: 29.538s
06-29 03:06:54.947 32019  1274 W Summariser:   original duration: 60.02
06-29 03:06:54.947 32019  1274 W Summariser:   summarised duration: 19.02
06-29 03:06:54.947 32019  1274 W Summariser:   noise tolerance: 45.00
06-29 03:06:54.947 32019  1274 W Summariser:   quality: 23
06-29 03:06:54.947 32019  1274 W Summariser:   speed: medium
06-29 03:06:54.947 32019  1274 W Summariser:   freeze duration: 1.00
06-29 03:06:55.040 32019  1274 W NearbyFragment: Sending 20200312_194830.mp4 to Nexus 5X [34d8]
06-29 03:06:55.067 32019   620 W mobile-ffmpeg: 
06-29 03:06:55.067 32019   620 W mobile-ffmpeg: [mov,mp4,m4a,3gp,3g2,mj2 @ 0x7ca33be400] 
06-29 03:06:55.067 32019   620 W mobile-ffmpeg: 
06-29 03:06:55.067 32019   620 W mobile-ffmpeg: Found duplicated MOOV Atom. Skipped it
06-29 03:07:02.288 32019  1274 W Summariser: 2 active sections found
06-29 03:07:02.293 32019   620 W mobile-ffmpeg: 
06-29 03:07:02.293 32019   620 W mobile-ffmpeg: [mov,mp4,m4a,3gp,3g2,mj2 @ 0x7ca33be400] 
06-29 03:07:02.293 32019   620 W mobile-ffmpeg: 
06-29 03:07:02.293 32019   620 W mobile-ffmpeg: Found duplicated MOOV Atom. Skipped it
06-29 03:07:25.201 32019 32039 W System  : A resource failed to call close. 
06-29 03:07:25.202 32019 32039 W System  : A resource failed to call close. 
06-29 03:07:27.769 32019  1274 W Summariser: Summarisation completed
06-29 03:07:27.769 32019  1274 W Summariser:   filename: 20200312_194930.mp4
06-29 03:07:27.769 32019  1274 W Summariser:   active sections: 2
06-29 03:07:27.769 32019  1274 W Summariser:   time: 32.624s
06-29 03:07:27.769 32019  1274 W Summariser:   original duration: 60.02
06-29 03:07:27.769 32019  1274 W Summariser:   summarised duration: 22.25
06-29 03:07:27.769 32019  1274 W Summariser:   noise tolerance: 45.00
06-29 03:07:27.769 32019  1274 W Summariser:   quality: 23
06-29 03:07:27.769 32019  1274 W Summariser:   speed: medium
06-29 03:07:27.769 32019  1274 W Summariser:   freeze duration: 1.00
06-29 03:07:27.886 32019  1274 W NearbyFragment: Sending 20200312_194930.mp4 to Nexus 5X [34d8]
06-29 03:07:33.303 32019 32019 W NearbyFragment: Completed downloading 20200312_195330.mp4 from Endpoint{id=vf39, name=Nexus 5X [34d8]} in 08.615s
06-29 03:07:33.376 32019   620 W mobile-ffmpeg: 
06-29 03:07:33.377 32019   620 W mobile-ffmpeg: [mov,mp4,m4a,3gp,3g2,mj2 @ 0x7ca33be400] 
06-29 03:07:33.377 32019   620 W mobile-ffmpeg: 
06-29 03:07:33.377 32019   620 W mobile-ffmpeg: Found duplicated MOOV Atom. Skipped it
06-29 03:07:40.529 32019  1433 W Summariser: 5 active sections found
06-29 03:07:40.534 32019   620 W mobile-ffmpeg: 
06-29 03:07:40.534 32019   620 W mobile-ffmpeg: [mov,mp4,m4a,3gp,3g2,mj2 @ 0x7ca33be400] 
06-29 03:07:40.534 32019   620 W mobile-ffmpeg: 
06-29 03:07:40.534 32019   620 W mobile-ffmpeg: Found duplicated MOOV Atom. Skipped it
06-29 03:07:54.712 32019 32019 W NearbyFragment: Completed downloading 20200312_195430.mp4 from Endpoint{id=vf39, name=Nexus 5X [34d8]} in 09.352s
06-29 03:08:06.453 32019  1433 W Summariser: Summarisation completed
06-29 03:08:06.453 32019  1433 W Summariser:   filename: 20200312_195330.mp4
06-29 03:08:06.453 32019  1433 W Summariser:   active sections: 5
06-29 03:08:06.453 32019  1433 W Summariser:   time: 32.997s
06-29 03:08:06.453 32019  1433 W Summariser:   original duration: 60.02
06-29 03:08:06.453 32019  1433 W Summariser:   summarised duration: 23.42
06-29 03:08:06.453 32019  1433 W Summariser:   noise tolerance: 45.00
06-29 03:08:06.453 32019  1433 W Summariser:   quality: 23
06-29 03:08:06.453 32019  1433 W Summariser:   speed: medium
06-29 03:08:06.453 32019  1433 W Summariser:   freeze duration: 1.00
06-29 03:08:06.582 32019  1433 W NearbyFragment: Sending 20200312_195330.mp4 to Nexus 5X [34d8]
06-29 03:08:06.620 32019   620 W mobile-ffmpeg: 
06-29 03:08:06.620 32019   620 W mobile-ffmpeg: [mov,mp4,m4a,3gp,3g2,mj2 @ 0x7ca33be400] 
06-29 03:08:06.620 32019   620 W mobile-ffmpeg: 
06-29 03:08:06.621 32019   620 W mobile-ffmpeg: Found duplicated MOOV Atom. Skipped it
06-29 03:08:13.949 32019  1433 W Summariser: 5 active sections found
06-29 03:08:13.954 32019   620 W mobile-ffmpeg: 
06-29 03:08:13.954 32019   620 W mobile-ffmpeg: [mov,mp4,m4a,3gp,3g2,mj2 @ 0x7ca33be400] 
06-29 03:08:13.954 32019   620 W mobile-ffmpeg: 
06-29 03:08:13.954 32019   620 W mobile-ffmpeg: Found duplicated MOOV Atom. Skipped it
06-29 03:08:35.245 32019  1433 W Summariser: Summarisation completed
06-29 03:08:35.245 32019  1433 W Summariser:   filename: 20200312_195430.mp4
06-29 03:08:35.245 32019  1433 W Summariser:   active sections: 5
06-29 03:08:35.245 32019  1433 W Summariser:   time: 28.532s
06-29 03:08:35.245 32019  1433 W Summariser:   original duration: 60.02
06-29 03:08:35.245 32019  1433 W Summariser:   summarised duration: 21.92
06-29 03:08:35.245 32019  1433 W Summariser:   noise tolerance: 45.00
06-29 03:08:35.245 32019  1433 W Summariser:   quality: 23
06-29 03:08:35.245 32019  1433 W Summariser:   speed: medium
06-29 03:08:35.245 32019  1433 W Summariser:   freeze duration: 1.00
06-29 03:08:35.364 32019  1433 W NearbyFragment: Sending 20200312_195430.mp4 to Nexus 5X [34d8]
