--------- beginning of main
06-29 18:49:16.687  5380  5380 W LogFactory: Truncating log tag length as it exceed 23, the limit imposed by Android on certain API Levels
06-29 18:49:16.724  5380  5380 E TransferService: No notification is passed in the intent. Unable to transition to foreground.
06-29 18:51:06.592  5380  5380 W NearbyFragment: Preferences:
06-29 18:51:06.592  5380  5380 W NearbyFragment:   Auto download: true
06-29 18:51:06.592  5380  5380 W NearbyFragment:   Algorithm: least_busy
06-29 18:51:06.592  5380  5380 W NearbyFragment:   Fast scheduling: true
06-29 18:51:06.592  5380  5380 W NearbyFragment:   Segmentation: true
06-29 18:51:06.592  5380  5380 W NearbyFragment:   Auto segmentation: false
06-29 18:51:06.592  5380  5380 W NearbyFragment:   Segment number: 4
06-29 18:51:06.592  5380  5380 W NearbyFragment:   Noise tolerance: 45.00
06-29 18:51:06.592  5380  5380 W NearbyFragment:   Quality: 23
06-29 18:51:06.592  5380  5380 W NearbyFragment:   Speed: medium
06-29 18:51:06.592  5380  5380 W NearbyFragment:   Freeze duration: 1.00
06-29 18:51:06.592  5380  5380 W NearbyFragment: Download delay: 1s
06-29 18:51:06.592  5380  5380 W NearbyFragment: Started downloading from dashcam
06-29 18:51:25.101  5380  5673 W mobile-ffmpeg: 
06-29 18:51:25.101  5380  5673 W mobile-ffmpeg: [mov,mp4,m4a,3gp,3g2,mj2 @ 0x718b0d8200] 
06-29 18:51:25.101  5380  5673 W mobile-ffmpeg: 
06-29 18:51:25.102  5380  5673 W mobile-ffmpeg: Found duplicated MOOV Atom. Skipped it
06-29 18:51:26.174  5380  5380 W NearbyFragment: Sending 20200312_150643!000.mp4 to Galaxy S8 [2802]
06-29 18:51:26.198  5380  5380 W DashDownloadManager: Successfully downloaded 20200312_150643.mp4 in 19.522s
06-29 18:51:30.126  5380  5380 W NearbyFragment: Sending 20200312_150643!001.mp4 to Nexus 5 [1825]
06-29 18:51:33.294  5380  5380 W NearbyFragment: Sending 20200312_150643!002.mp4 to Galaxy S8 [2802]
06-29 18:51:34.858  5380  5380 W NearbyFragment: Sending 20200312_150643!003.mp4 to Galaxy S8 [2802]
06-29 18:51:49.617  5380  5673 W mobile-ffmpeg: 
06-29 18:51:49.618  5380  5673 W mobile-ffmpeg: [mov,mp4,m4a,3gp,3g2,mj2 @ 0x718b0d8200] 
06-29 18:51:49.618  5380  5673 W mobile-ffmpeg: 
06-29 18:51:49.618  5380  5673 W mobile-ffmpeg: Found duplicated MOOV Atom. Skipped it
06-29 18:51:50.945  5380  5380 W NearbyFragment: Sending 20200312_150744!000.mp4 to Galaxy S8 [2802]
06-29 18:51:50.950  5380  5380 W DashDownloadManager: Successfully downloaded 20200312_150744.mp4 in 23.688s
06-29 18:51:53.609  5380  5380 W NearbyFragment: Sending 20200312_150744!001.mp4 to Nexus 5 [1825]
06-29 18:51:56.309  5380  5380 W NearbyFragment: Sending 20200312_150744!002.mp4 to Galaxy S8 [2802]
06-29 18:51:57.491  5380  5380 W NearbyFragment: Sending 20200312_150744!003.mp4 to Galaxy S8 [2802]
06-29 18:52:12.934  5380  5380 W NearbyFragment: Completed downloading 20200312_150744!003.mp4 from Endpoint{id=Sx8V, name=Galaxy S8 [2802]} in 00.581s
06-29 18:52:13.111  5380  5380 W FfmpegTools: Single segment returned, duration of 20200312_150744: 4.89
06-29 18:52:14.896  5380  5673 W mobile-ffmpeg: 
06-29 18:52:14.896  5380  5673 W mobile-ffmpeg: [mov,mp4,m4a,3gp,3g2,mj2 @ 0x718b0d8200] 
06-29 18:52:14.896  5380  5673 W mobile-ffmpeg: 
06-29 18:52:14.896  5380  5673 W mobile-ffmpeg: Found duplicated MOOV Atom. Skipped it
06-29 18:52:16.370  5380  5380 W NearbyFragment: Sending 20200312_150844!000.mp4 to Galaxy S8 [2802]
06-29 18:52:16.375  5380  5380 W DashDownloadManager: Successfully downloaded 20200312_150844.mp4 in 24.361s
06-29 18:52:21.035  5380  5380 W NearbyFragment: Sending 20200312_150844!001.mp4 to Nexus 5 [1825]
06-29 18:52:24.475  5380  5380 W NearbyFragment: Sending 20200312_150844!002.mp4 to Galaxy S8 [2802]
06-29 18:52:25.943  5380  5380 W NearbyFragment: Sending 20200312_150844!003.mp4 to Galaxy S8 [2802]
06-29 18:52:27.239  5380  5380 W NearbyFragment: Completed downloading 20200312_150844!000.mp4 from Endpoint{id=Sx8V, name=Galaxy S8 [2802]} in 02.766s
06-29 18:52:36.419  5380  5380 W NearbyFragment: Completed downloading 20200312_150844!002.mp4 from Endpoint{id=Sx8V, name=Galaxy S8 [2802]} in 03.566s
06-29 18:52:37.375  5380  5380 W NearbyFragment: Completed downloading 20200312_150844!001.mp4 from Endpoint{id=dJ7B, name=Nexus 5 [1825]} in 04.948s
06-29 18:52:38.545  5380  5380 W NearbyFragment: Completed downloading 20200312_150844!003.mp4 from Endpoint{id=Sx8V, name=Galaxy S8 [2802]} in 02.998s
06-29 18:52:40.512  5380  5380 W FfmpegTools: Merged duration of 20200312_150844: 60.08
06-29 18:52:48.690  5380  5673 W mobile-ffmpeg: 
06-29 18:52:48.691  5380  5673 W mobile-ffmpeg: [mov,mp4,m4a,3gp,3g2,mj2 @ 0x718b0d8200] 
06-29 18:52:48.691  5380  5673 W mobile-ffmpeg: 
06-29 18:52:48.691  5380  5673 W mobile-ffmpeg: Found duplicated MOOV Atom. Skipped it
06-29 18:52:50.146  5380  5380 W NearbyFragment: Sending 20200312_150944!000.mp4 to Galaxy S8 [2802]
06-29 18:52:50.150  5380  5380 W DashDownloadManager: Successfully downloaded 20200312_150944.mp4 in 32.711s
06-29 18:52:53.618  5380  5380 W NearbyFragment: Sending 20200312_150944!001.mp4 to Nexus 5 [1825]
06-29 18:52:57.375  5380  5380 W NearbyFragment: Sending 20200312_150944!002.mp4 to Galaxy S8 [2802]
06-29 18:53:01.970  5380  5380 W NearbyFragment: Sending 20200312_150944!003.mp4 to Nexus 5 [1825]
06-29 18:53:06.660  5380  5380 W NearbyFragment: Completed downloading 20200312_150944!000.mp4 from Endpoint{id=Sx8V, name=Galaxy S8 [2802]} in 00.209s
06-29 18:53:09.914  5380  5380 W FfmpegTools: Single segment returned, duration of 20200312_150944: 7.07
06-29 18:53:15.195  5380  5673 W mobile-ffmpeg: 
06-29 18:53:15.195  5380  5673 W mobile-ffmpeg: [mov,mp4,m4a,3gp,3g2,mj2 @ 0x718b0d8200] 
06-29 18:53:15.195  5380  5673 W mobile-ffmpeg: 
06-29 18:53:15.195  5380  5673 W mobile-ffmpeg: Found duplicated MOOV Atom. Skipped it
06-29 18:53:16.570  5380  5380 W NearbyFragment: Sending 20200312_151044!000.mp4 to Galaxy S8 [2802]
06-29 18:53:16.573  5380  5380 W DashDownloadManager: Successfully downloaded 20200312_151044.mp4 in 25.330s
06-29 18:53:19.121  5380  5380 W NearbyFragment: Sending 20200312_151044!001.mp4 to Nexus 5 [1825]
06-29 18:53:21.641  5380  5380 W NearbyFragment: Sending 20200312_151044!002.mp4 to Galaxy S8 [2802]
06-29 18:53:23.295  5380  5380 W NearbyFragment: Sending 20200312_151044!003.mp4 to Galaxy S8 [2802]
06-29 18:53:39.122  5380  5673 W mobile-ffmpeg: 
06-29 18:53:39.122  5380  5673 W mobile-ffmpeg: [mov,mp4,m4a,3gp,3g2,mj2 @ 0x718b0d8200] 
06-29 18:53:39.122  5380  5673 W mobile-ffmpeg: 
06-29 18:53:39.122  5380  5673 W mobile-ffmpeg: Found duplicated MOOV Atom. Skipped it
06-29 18:53:41.008  5380  5380 W NearbyFragment: Sending 20200312_193528!000.mp4 to Galaxy S8 [2802]
06-29 18:53:41.013  5380  5380 W DashDownloadManager: Successfully downloaded 20200312_193528.mp4 in 23.357s
06-29 18:53:43.430  5380  5380 W NearbyFragment: Sending 20200312_193528!001.mp4 to Nexus 5 [1825]
06-29 18:53:45.866  5380  5380 W NearbyFragment: Sending 20200312_193528!002.mp4 to Galaxy S8 [2802]
06-29 18:53:47.294  5380  5380 W NearbyFragment: Sending 20200312_193528!003.mp4 to Galaxy S8 [2802]
06-29 18:54:04.079  5380  5673 W mobile-ffmpeg: 
06-29 18:54:04.079  5380  5673 W mobile-ffmpeg: [mov,mp4,m4a,3gp,3g2,mj2 @ 0x718b0d8200] 
06-29 18:54:04.079  5380  5673 W mobile-ffmpeg: 
06-29 18:54:04.079  5380  5673 W mobile-ffmpeg: Found duplicated MOOV Atom. Skipped it
06-29 18:54:05.850  5380  5380 W NearbyFragment: Sending 20200312_193628!000.mp4 to Galaxy S8 [2802]
06-29 18:54:05.856  5380  5380 W DashDownloadManager: Successfully downloaded 20200312_193628.mp4 in 23.753s
06-29 18:54:08.381  5380  5380 W NearbyFragment: Sending 20200312_193628!001.mp4 to Nexus 5 [1825]
06-29 18:54:10.779  5380  5380 W NearbyFragment: Sending 20200312_193628!002.mp4 to Galaxy S8 [2802]
06-29 18:54:11.825  5380  5380 W NearbyFragment: Sending 20200312_193628!003.mp4 to Galaxy S8 [2802]
06-29 18:54:26.613  5380  5380 W NearbyFragment: Completed downloading 20200312_193628!003.mp4 from Endpoint{id=Sx8V, name=Galaxy S8 [2802]} in 00.182s
06-29 18:54:26.802  5380  5380 W FfmpegTools: Single segment returned, duration of 20200312_193628: 6.16
06-29 18:54:29.256  5380  5673 W mobile-ffmpeg: 
06-29 18:54:29.257  5380  5673 W mobile-ffmpeg: [mov,mp4,m4a,3gp,3g2,mj2 @ 0x718b0d8200] 
06-29 18:54:29.257  5380  5673 W mobile-ffmpeg: 
06-29 18:54:29.257  5380  5673 W mobile-ffmpeg: Found duplicated MOOV Atom. Skipped it
06-29 18:54:30.894  5380  5380 W NearbyFragment: Sending 20200312_193728!000.mp4 to Galaxy S8 [2802]
06-29 18:54:30.898  5380  5380 W DashDownloadManager: Successfully downloaded 20200312_193728.mp4 in 23.964s
06-29 18:54:33.075  5380  5380 W NearbyFragment: Sending 20200312_193728!001.mp4 to Nexus 5 [1825]
06-29 18:54:35.914  5380  5380 W NearbyFragment: Sending 20200312_193728!002.mp4 to Galaxy S8 [2802]
06-29 18:54:37.144  5380  5380 W NearbyFragment: Sending 20200312_193728!003.mp4 to Galaxy S8 [2802]
06-29 18:54:38.492  5380  5380 W NearbyFragment: Completed downloading 20200312_193728!000.mp4 from Endpoint{id=Sx8V, name=Galaxy S8 [2802]} in 02.581s
06-29 18:54:49.562  5380  5380 W NearbyFragment: Completed downloading 20200312_193728!001.mp4 from Endpoint{id=dJ7B, name=Nexus 5 [1825]} in 04.994s
06-29 18:54:51.012  5380  5380 W NearbyFragment: Completed downloading 20200312_193728!002.mp4 from Endpoint{id=Sx8V, name=Galaxy S8 [2802]} in 03.850s
06-29 18:54:53.805  5380  5380 W NearbyFragment: Completed downloading 20200312_193728!003.mp4 from Endpoint{id=Sx8V, name=Galaxy S8 [2802]} in 01.548s
06-29 18:54:56.390  5380  5380 W FfmpegTools: Merged duration of 20200312_193728: 60.07
06-29 18:55:04.542  5380  5673 W mobile-ffmpeg: 
06-29 18:55:04.542  5380  5673 W mobile-ffmpeg: [mov,mp4,m4a,3gp,3g2,mj2 @ 0x718b0d8200] 
06-29 18:55:04.543  5380  5673 W mobile-ffmpeg: 
06-29 18:55:04.543  5380  5673 W mobile-ffmpeg: Found duplicated MOOV Atom. Skipped it
06-29 18:55:05.972  5380  5380 W NearbyFragment: Sending 20200312_193828!000.mp4 to Galaxy S8 [2802]
06-29 18:55:05.978  5380  5380 W DashDownloadManager: Successfully downloaded 20200312_193828.mp4 in 33.985s
06-29 18:55:08.242  5380  5380 W NearbyFragment: Sending 20200312_193828!001.mp4 to Nexus 5 [1825]
06-29 18:55:11.517  5380  5380 W NearbyFragment: Sending 20200312_193828!002.mp4 to Galaxy S8 [2802]
06-29 18:55:14.326  5380  5380 W NearbyFragment: Sending 20200312_193828!003.mp4 to Nexus 5 [1825]
06-29 18:55:24.994  5380  5380 W NearbyFragment: Completed downloading 20200312_193828!000.mp4 from Endpoint{id=Sx8V, name=Galaxy S8 [2802]} in 00.521s
06-29 18:55:26.714  5380  5380 W FfmpegTools: Single segment returned, duration of 20200312_193828: 14.28
06-29 18:55:30.811  5380  5673 W mobile-ffmpeg: 
06-29 18:55:30.812  5380  5673 W mobile-ffmpeg: [mov,mp4,m4a,3gp,3g2,mj2 @ 0x718b0d8200] 
06-29 18:55:30.812  5380  5673 W mobile-ffmpeg: 
06-29 18:55:30.812  5380  5673 W mobile-ffmpeg: Found duplicated MOOV Atom. Skipped it
06-29 18:55:32.464  5380  5380 W NearbyFragment: Sending 20200312_193928!000.mp4 to Galaxy S8 [2802]
06-29 18:55:32.468  5380  5380 W DashDownloadManager: Successfully downloaded 20200312_193928.mp4 in 25.427s
06-29 18:55:34.647  5380  5380 W NearbyFragment: Sending 20200312_193928!001.mp4 to Nexus 5 [1825]
06-29 18:55:36.786  5380  5380 W NearbyFragment: Sending 20200312_193928!002.mp4 to Galaxy S8 [2802]
06-29 18:55:42.327  5380  5380 W NearbyFragment: Sending 20200312_193928!003.mp4 to Galaxy S8 [2802]
06-29 18:55:56.563  5380  5673 W mobile-ffmpeg: 
06-29 18:55:56.564  5380  5673 W mobile-ffmpeg: [mov,mp4,m4a,3gp,3g2,mj2 @ 0x718b0d8200] 
06-29 18:55:56.564  5380  5673 W mobile-ffmpeg: 
06-29 18:55:56.564  5380  5673 W mobile-ffmpeg: Found duplicated MOOV Atom. Skipped it
06-29 18:55:57.970  5380  5380 W NearbyFragment: Sending 20200312_194129!000.mp4 to Galaxy S8 [2802]
06-29 18:55:57.974  5380  5380 W DashDownloadManager: Successfully downloaded 20200312_194129.mp4 in 24.433s
06-29 18:56:00.146  5380  5380 W NearbyFragment: Sending 20200312_194129!001.mp4 to Nexus 5 [1825]
06-29 18:56:02.359  5380  5380 W NearbyFragment: Sending 20200312_194129!002.mp4 to Galaxy S8 [2802]
06-29 18:56:04.286  5380  5380 W NearbyFragment: Sending 20200312_194129!003.mp4 to Galaxy S8 [2802]
06-29 18:56:15.503  5380  5380 W NearbyFragment: Completed downloading 20200312_194129!002.mp4 from Endpoint{id=Sx8V, name=Galaxy S8 [2802]} in 00.240s
06-29 18:56:18.090  5380  5380 W NearbyFragment: Completed downloading 20200312_194129!003.mp4 from Endpoint{id=Sx8V, name=Galaxy S8 [2802]} in 00.114s
06-29 18:56:21.426  5380  5380 W NearbyFragment: Completed downloading 20200312_194129!001.mp4 from Endpoint{id=dJ7B, name=Nexus 5 [1825]} in 00.086s
06-29 18:56:21.894  5380  5380 W FfmpegTools: Merged duration of 20200312_194129: 11.04
06-29 18:56:22.636  5380  5673 W mobile-ffmpeg: 
06-29 18:56:22.637  5380  5673 W mobile-ffmpeg: [mov,mp4,m4a,3gp,3g2,mj2 @ 0x718b0d8200] 
06-29 18:56:22.637  5380  5673 W mobile-ffmpeg: 
06-29 18:56:22.637  5380  5673 W mobile-ffmpeg: Found duplicated MOOV Atom. Skipped it
06-29 18:56:24.457  5380  5380 W NearbyFragment: Sending 20200312_194229!000.mp4 to Galaxy S8 [2802]
06-29 18:56:24.461  5380  5380 W DashDownloadManager: Successfully downloaded 20200312_194229.mp4 in 25.422s
06-29 18:56:26.405  5380  5380 W NearbyFragment: Sending 20200312_194229!001.mp4 to Nexus 5 [1825]
06-29 18:56:30.799  5380  5380 W NearbyFragment: Sending 20200312_194229!002.mp4 to Galaxy S8 [2802]
06-29 18:56:33.569  5380  5380 W NearbyFragment: Sending 20200312_194229!003.mp4 to Nexus 5 [1825]
06-29 18:56:36.040  5380  5380 W NearbyFragment: Completed downloading 20200312_194229!000.mp4 from Endpoint{id=Sx8V, name=Galaxy S8 [2802]} in 00.410s
06-29 18:56:49.798  5380  5673 W mobile-ffmpeg: 
06-29 18:56:49.798  5380  5673 W mobile-ffmpeg: [mov,mp4,m4a,3gp,3g2,mj2 @ 0x718b0d8200] 
06-29 18:56:49.798  5380  5673 W mobile-ffmpeg: 
06-29 18:56:49.799  5380  5673 W mobile-ffmpeg: Found duplicated MOOV Atom. Skipped it
06-29 18:56:51.174  5380  5380 W NearbyFragment: Sending 20200312_194330!000.mp4 to Galaxy S8 [2802]
06-29 18:56:51.177  5380  5380 W DashDownloadManager: Successfully downloaded 20200312_194330.mp4 in 25.653s
06-29 18:56:53.113  5380  5380 W NearbyFragment: Sending 20200312_194330!001.mp4 to Galaxy S8 [2802]
06-29 18:56:55.478  5380  5380 W NearbyFragment: Sending 20200312_194330!002.mp4 to Galaxy S8 [2802]
06-29 18:56:55.521  5380  5380 W NearbyFragment: Sending 20200312_194330!003.mp4 to Galaxy S8 [2802]
06-29 18:57:07.047  5380  5380 W NearbyFragment: Completed downloading 20200312_194229!001.mp4 from Endpoint{id=dJ7B, name=Nexus 5 [1825]} in 00.421s
06-29 18:57:12.148  5380  5380 W FfmpegTools: Merged duration of 20200312_194229: 14.35
06-29 18:57:13.577  5380  5673 W mobile-ffmpeg: 
06-29 18:57:13.577  5380  5673 W mobile-ffmpeg: [mov,mp4,m4a,3gp,3g2,mj2 @ 0x718b0d8200] 
06-29 18:57:13.577  5380  5673 W mobile-ffmpeg: 
06-29 18:57:13.577  5380  5673 W mobile-ffmpeg: Found duplicated MOOV Atom. Skipped it
06-29 18:57:15.238  5380  5380 W NearbyFragment: Sending 20200312_194730!000.mp4 to Galaxy S8 [2802]
06-29 18:57:15.242  5380  5380 W DashDownloadManager: Successfully downloaded 20200312_194730.mp4 in 23.008s
06-29 18:57:17.225  5380  5380 W NearbyFragment: Sending 20200312_194730!001.mp4 to Nexus 5 [1825]
06-29 18:57:19.362  5380  5380 W NearbyFragment: Sending 20200312_194730!002.mp4 to Galaxy S8 [2802]
06-29 18:57:21.409  5380  5380 W NearbyFragment: Sending 20200312_194730!003.mp4 to Galaxy S8 [2802]
06-29 18:57:38.655  5380  5673 W mobile-ffmpeg: 
06-29 18:57:38.655  5380  5673 W mobile-ffmpeg: [mov,mp4,m4a,3gp,3g2,mj2 @ 0x718b0d8200] 
06-29 18:57:38.655  5380  5673 W mobile-ffmpeg: 
06-29 18:57:38.656  5380  5673 W mobile-ffmpeg: Found duplicated MOOV Atom. Skipped it
06-29 18:57:40.388  5380  5380 W NearbyFragment: Sending 20200312_194830!000.mp4 to Galaxy S8 [2802]
06-29 18:57:40.392  5380  5380 W DashDownloadManager: Successfully downloaded 20200312_194830.mp4 in 24.067s
06-29 18:57:42.674  5380  5380 W NearbyFragment: Sending 20200312_194830!001.mp4 to Nexus 5 [1825]
06-29 18:57:46.753  5380  5380 W NearbyFragment: Sending 20200312_194830!002.mp4 to Galaxy S8 [2802]
06-29 18:57:49.338  5380  5380 W NearbyFragment: Sending 20200312_194830!003.mp4 to Nexus 5 [1825]
06-29 18:57:50.612  5380  5380 W NearbyFragment: Completed downloading 20200312_194830!000.mp4 from Endpoint{id=Sx8V, name=Galaxy S8 [2802]} in 00.209s
06-29 18:58:01.945  5380  5380 W NearbyFragment: Completed downloading 20200312_194830!002.mp4 from Endpoint{id=Sx8V, name=Galaxy S8 [2802]} in 00.248s
06-29 18:58:05.396  5380  5673 W mobile-ffmpeg: 
06-29 18:58:05.396  5380  5673 W mobile-ffmpeg: [mov,mp4,m4a,3gp,3g2,mj2 @ 0x718b0d8200] 
06-29 18:58:05.396  5380  5673 W mobile-ffmpeg: 
06-29 18:58:05.396  5380  5673 W mobile-ffmpeg: Found duplicated MOOV Atom. Skipped it
06-29 18:58:07.071  5380  5380 W NearbyFragment: Sending 20200312_194930!000.mp4 to Galaxy S8 [2802]
06-29 18:58:07.074  5380  5380 W DashDownloadManager: Successfully downloaded 20200312_194930.mp4 in 25.615s
06-29 18:58:09.014  5380  5380 W NearbyFragment: Sending 20200312_194930!001.mp4 to Galaxy S8 [2802]
06-29 18:58:10.920  5380  5380 W NearbyFragment: Sending 20200312_194930!002.mp4 to Galaxy S8 [2802]
06-29 18:58:13.165  5380  5380 W NearbyFragment: Sending 20200312_194930!003.mp4 to Nexus 5 [1825]
06-29 18:58:21.942  5380  5380 W NearbyFragment: Completed downloading 20200312_194930!000.mp4 from Endpoint{id=Sx8V, name=Galaxy S8 [2802]} in 00.293s
06-29 18:58:23.548  5380  5380 W NearbyFragment: Completed downloading 20200312_194830!001.mp4 from Endpoint{id=dJ7B, name=Nexus 5 [1825]} in 00.364s
06-29 18:58:26.041  5380  5380 W NearbyFragment: Completed downloading 20200312_194930!001.mp4 from Endpoint{id=Sx8V, name=Galaxy S8 [2802]} in 00.092s
06-29 18:58:29.655  5380  5380 W FfmpegTools: Merged duration of 20200312_194830: 20.90
06-29 18:58:31.235  5380  5673 W mobile-ffmpeg: 
06-29 18:58:31.235  5380  5673 W mobile-ffmpeg: [mov,mp4,m4a,3gp,3g2,mj2 @ 0x718b0d8200] 
06-29 18:58:31.235  5380  5673 W mobile-ffmpeg: 
06-29 18:58:31.236  5380  5673 W mobile-ffmpeg: Found duplicated MOOV Atom. Skipped it
06-29 18:58:32.627  5380  5380 W NearbyFragment: Sending 20200312_195230!000.mp4 to Galaxy S8 [2802]
06-29 18:58:32.630  5380  5380 W DashDownloadManager: Successfully downloaded 20200312_195230.mp4 in 24.491s
06-29 18:58:34.572  5380  5380 W NearbyFragment: Sending 20200312_195230!001.mp4 to Galaxy S8 [2802]
06-29 18:58:36.702  5380  5380 W NearbyFragment: Sending 20200312_195230!002.mp4 to Nexus 5 [1825]
06-29 18:58:36.898  5380  5380 W NearbyFragment: Sending 20200312_195230!003.mp4 to Galaxy S8 [2802]
06-29 18:58:47.395  5380  5380 W NearbyFragment: Completed downloading 20200312_195230!001.mp4 from Endpoint{id=Sx8V, name=Galaxy S8 [2802]} in 00.290s
06-29 18:58:56.798  5380  5673 W mobile-ffmpeg: 
06-29 18:58:56.798  5380  5673 W mobile-ffmpeg: [mov,mp4,m4a,3gp,3g2,mj2 @ 0x718b0d8200] 
06-29 18:58:56.798  5380  5673 W mobile-ffmpeg: 
06-29 18:58:56.798  5380  5673 W mobile-ffmpeg: Found duplicated MOOV Atom. Skipped it
06-29 18:58:58.215  5380  5380 W NearbyFragment: Sending 20200312_195330!000.mp4 to Galaxy S8 [2802]
06-29 18:58:58.220  5380  5380 W DashDownloadManager: Successfully downloaded 20200312_195330.mp4 in 24.499s
06-29 18:59:00.115  5380  5380 W NearbyFragment: Sending 20200312_195330!001.mp4 to Galaxy S8 [2802]
06-29 18:59:02.343  5380  5380 W NearbyFragment: Sending 20200312_195330!002.mp4 to Galaxy S8 [2802]
06-29 18:59:04.490  5380  5380 W NearbyFragment: Sending 20200312_195330!003.mp4 to Nexus 5 [1825]
06-29 18:59:05.694  5380  5380 W NearbyFragment: Completed downloading 20200312_195330!000.mp4 from Endpoint{id=Sx8V, name=Galaxy S8 [2802]} in 00.203s
06-29 18:59:18.497  5380  5380 W NearbyFragment: Completed downloading 20200312_195330!001.mp4 from Endpoint{id=Sx8V, name=Galaxy S8 [2802]} in 00.327s
06-29 18:59:21.293  5380  5673 W mobile-ffmpeg: 
06-29 18:59:21.293  5380  5673 W mobile-ffmpeg: [mov,mp4,m4a,3gp,3g2,mj2 @ 0x718b0d8200] 
06-29 18:59:21.293  5380  5673 W mobile-ffmpeg: 
06-29 18:59:21.293  5380  5673 W mobile-ffmpeg: Found duplicated MOOV Atom. Skipped it
06-29 18:59:22.767  5380  5380 W NearbyFragment: Sending 20200312_195430!000.mp4 to Galaxy S8 [2802]
06-29 18:59:22.770  5380  5380 W DashDownloadManager: Successfully downloaded 20200312_195430.mp4 in 23.478s
06-29 18:59:23.777  5380  5634 W NearbyFragment: Stopped downloading from dashcam
06-29 18:59:25.142  5380  5380 W NearbyFragment: Sending 20200312_195430!001.mp4 to Galaxy S8 [2802]
06-29 18:59:26.978  5380  5380 W NearbyFragment: Sending 20200312_195430!002.mp4 to Nexus 5 [1825]
06-29 18:59:27.425  5380  5380 W NearbyFragment: Sending 20200312_195430!003.mp4 to Galaxy S8 [2802]
06-29 18:59:29.359  5380  5380 W NearbyFragment: Completed downloading 20200312_194930!003.mp4 from Endpoint{id=dJ7B, name=Nexus 5 [1825]} in 02.385s
06-29 18:59:29.954  5380  5380 W FfmpegTools: Merged duration of 20200312_194930: 22.33
06-29 18:59:30.000  5380  5380 W NearbyFragment: Completed downloading 20200312_195330!002.mp4 from Endpoint{id=Sx8V, name=Galaxy S8 [2802]} in 00.005s
06-29 18:59:37.243  5380  5380 W FfmpegTools: Single segment returned, duration of 20200312_195230: 6.97
06-29 18:59:37.891  5380  5380 W NearbyFragment: Completed downloading 20200312_195430!000.mp4 from Endpoint{id=Sx8V, name=Galaxy S8 [2802]} in 00.009s
06-29 18:59:46.077  5380  5380 W NearbyFragment: Completed downloading 20200312_195430!001.mp4 from Endpoint{id=Sx8V, name=Galaxy S8 [2802]} in 00.086s
06-29 18:59:52.031  5380  5380 W NearbyFragment: Completed downloading 20200312_195430!003.mp4 from Endpoint{id=Sx8V, name=Galaxy S8 [2802]} in 00.102s
06-29 19:00:01.671  5380  5380 W NearbyFragment: Completed downloading 20200312_195330!003.mp4 from Endpoint{id=dJ7B, name=Nexus 5 [1825]} in 00.127s
06-29 19:00:02.196  5380  5380 W FfmpegTools: Merged duration of 20200312_195330: 24.63
06-29 19:00:35.285  5380  5380 W NearbyFragment: Completed downloading 20200312_195430!002.mp4 from Endpoint{id=dJ7B, name=Nexus 5 [1825]} in 00.259s
06-29 19:00:35.787  5380  5380 W FfmpegTools: Merged duration of 20200312_195430: 21.94
