--------- beginning of main
06-29 18:49:17.108  2816  2816 W LogFactory: Truncating log tag length as it exceed 23, the limit imposed by Android on certain API Levels
06-29 18:49:17.136  2816  2816 E TransferService: No notification is passed in the intent. Unable to transition to foreground.
06-29 18:49:17.287  2816  2816 W StaticLayout: maxLineHeight should not be -1.  maxLines:1 lineCount:1
06-29 18:49:17.339  2816  2816 W StaticLayout: maxLineHeight should not be -1.  maxLines:1 lineCount:1
06-29 18:49:17.371  2816  2870 W Adreno-EGL: <qeglDrvAPI_eglGetConfigAttrib:607>: EGL_BAD_ATTRIBUTE
06-29 18:49:17.373  2816  2870 W Adreno-EGL: <qeglDrvAPI_eglGetConfigAttrib:607>: EGL_BAD_ATTRIBUTE
06-29 18:49:17.378  2816  2816 W StaticLayout: maxLineHeight should not be -1.  maxLines:1 lineCount:1
06-29 18:49:17.390  2816  2816 W StaticLayout: maxLineHeight should not be -1.  maxLines:1 lineCount:1
06-29 18:49:54.778  2816  2870 W Adreno-EGL: <qeglDrvAPI_eglGetConfigAttrib:607>: EGL_BAD_ATTRIBUTE
06-29 18:50:18.828  2816  2870 W Adreno-EGL: <qeglDrvAPI_eglGetConfigAttrib:607>: EGL_BAD_ATTRIBUTE
06-29 18:51:34.823  2816  2816 W NearbyFragment: Completed downloading 20200312_150643!001.mp4 from Endpoint{id=DYPX, name=Nexus 5X [34d8]} in 04.413s
06-29 18:51:41.256  2816  3436 W Summariser: No activity detected
06-29 18:51:41.367  2816  3436 W Summariser: Summarisation completed
06-29 18:51:41.367  2816  3436 W Summariser:   filename: 20200312_150643!001.mp4
06-29 18:51:41.367  2816  3436 W Summariser:   active sections: 0
06-29 18:51:41.367  2816  3436 W Summariser:   time: 06.347s
06-29 18:51:41.367  2816  3436 W Summariser:   original duration: 16.01
06-29 18:51:41.367  2816  3436 W Summariser:   summarised duration: -1.00
06-29 18:51:41.367  2816  3436 W Summariser:   noise tolerance: 45.00
06-29 18:51:41.367  2816  3436 W Summariser:   quality: 23
06-29 18:51:41.367  2816  3436 W Summariser:   speed: medium
06-29 18:51:41.367  2816  3436 W Summariser:   freeze duration: 1.00
06-29 18:51:57.479  2816  2816 W NearbyFragment: Completed downloading 20200312_150744!001.mp4 from Endpoint{id=DYPX, name=Nexus 5X [34d8]} in 03.770s
06-29 18:52:03.519  2816  3527 W Summariser: No activity detected
06-29 18:52:03.633  2816  3527 W Summariser: Summarisation completed
06-29 18:52:03.633  2816  3527 W Summariser:   filename: 20200312_150744!001.mp4
06-29 18:52:03.633  2816  3527 W Summariser:   active sections: 0
06-29 18:52:03.633  2816  3527 W Summariser:   time: 06.001s
06-29 18:52:03.633  2816  3527 W Summariser:   original duration: 16.02
06-29 18:52:03.633  2816  3527 W Summariser:   summarised duration: -1.00
06-29 18:52:03.633  2816  3527 W Summariser:   noise tolerance: 45.00
06-29 18:52:03.633  2816  3527 W Summariser:   quality: 23
06-29 18:52:03.633  2816  3527 W Summariser:   speed: medium
06-29 18:52:03.633  2816  3527 W Summariser:   freeze duration: 1.00
06-29 18:52:25.918  2816  2816 W NearbyFragment: Completed downloading 20200312_150844!001.mp4 from Endpoint{id=DYPX, name=Nexus 5X [34d8]} in 04.791s
06-29 18:52:30.941  2816  3589 W Summariser: Whole video is active
06-29 18:52:32.364  2816  3589 W Summariser: Summarisation completed
06-29 18:52:32.364  2816  3589 W Summariser:   filename: 20200312_150844!001.mp4
06-29 18:52:32.364  2816  3589 W Summariser:   active sections: -1
06-29 18:52:32.364  2816  3589 W Summariser:   time: 06.175s
06-29 18:52:32.364  2816  3589 W Summariser:   original duration: 16.01
06-29 18:52:32.364  2816  3589 W Summariser:   summarised duration: 16.01
06-29 18:52:32.364  2816  3589 W Summariser:   noise tolerance: 45.00
06-29 18:52:32.364  2816  3589 W Summariser:   quality: 23
06-29 18:52:32.364  2816  3589 W Summariser:   speed: medium
06-29 18:52:32.364  2816  3589 W Summariser:   freeze duration: 1.00
06-29 18:52:32.417  2816  3589 W NearbyFragment: Sending 20200312_150844!001.mp4 to Nexus 5X [34d8]
06-29 18:52:57.361  2816  2816 W NearbyFragment: Completed downloading 20200312_150944!001.mp4 from Endpoint{id=DYPX, name=Nexus 5X [34d8]} in 03.395s
06-29 18:53:02.643  2816  3674 W Summariser: No activity detected
06-29 18:53:02.737  2816  3674 W Summariser: Summarisation completed
06-29 18:53:02.737  2816  3674 W Summariser:   filename: 20200312_150944!001.mp4
06-29 18:53:02.737  2816  3674 W Summariser:   active sections: 0
06-29 18:53:02.737  2816  3674 W Summariser:   time: 05.236s
06-29 18:53:02.737  2816  3674 W Summariser:   original duration: 16.01
06-29 18:53:02.737  2816  3674 W Summariser:   summarised duration: -1.00
06-29 18:53:02.737  2816  3674 W Summariser:   noise tolerance: 45.00
06-29 18:53:02.737  2816  3674 W Summariser:   quality: 23
06-29 18:53:02.737  2816  3674 W Summariser:   speed: medium
06-29 18:53:02.737  2816  3674 W Summariser:   freeze duration: 1.00
06-29 18:53:05.068  2816  2816 W NearbyFragment: Completed downloading 20200312_150944!003.mp4 from Endpoint{id=DYPX, name=Nexus 5X [34d8]} in 02.971s
06-29 18:53:09.710  2816  3722 W Summariser: No activity detected
06-29 18:53:09.791  2816  3722 W Summariser: Summarisation completed
06-29 18:53:09.791  2816  3722 W Summariser:   filename: 20200312_150944!003.mp4
06-29 18:53:09.791  2816  3722 W Summariser:   active sections: 0
06-29 18:53:09.791  2816  3722 W Summariser:   time: 04.596s
06-29 18:53:09.791  2816  3722 W Summariser:   original duration: 12.01
06-29 18:53:09.791  2816  3722 W Summariser:   summarised duration: -1.00
06-29 18:53:09.791  2816  3722 W Summariser:   noise tolerance: 45.00
06-29 18:53:09.791  2816  3722 W Summariser:   quality: 23
06-29 18:53:09.791  2816  3722 W Summariser:   speed: medium
06-29 18:53:09.791  2816  3722 W Summariser:   freeze duration: 1.00
06-29 18:53:23.173  2816  2816 W NearbyFragment: Completed downloading 20200312_151044!001.mp4 from Endpoint{id=DYPX, name=Nexus 5X [34d8]} in 04.013s
06-29 18:53:29.343  2816  3761 W Summariser: No activity detected
06-29 18:53:29.439  2816  3761 W Summariser: Summarisation completed
06-29 18:53:29.439  2816  3761 W Summariser:   filename: 20200312_151044!001.mp4
06-29 18:53:29.439  2816  3761 W Summariser:   active sections: 0
06-29 18:53:29.439  2816  3761 W Summariser:   time: 06.076s
06-29 18:53:29.439  2816  3761 W Summariser:   original duration: 16.02
06-29 18:53:29.439  2816  3761 W Summariser:   summarised duration: -1.00
06-29 18:53:29.439  2816  3761 W Summariser:   noise tolerance: 45.00
06-29 18:53:29.439  2816  3761 W Summariser:   quality: 23
06-29 18:53:29.439  2816  3761 W Summariser:   speed: medium
06-29 18:53:29.439  2816  3761 W Summariser:   freeze duration: 1.00
06-29 18:53:47.273  2816  2816 W NearbyFragment: Completed downloading 20200312_193528!001.mp4 from Endpoint{id=DYPX, name=Nexus 5X [34d8]} in 03.580s
06-29 18:53:53.313  2816  3812 W Summariser: No activity detected
06-29 18:53:53.386  2816  3812 W Summariser: Summarisation completed
06-29 18:53:53.386  2816  3812 W Summariser:   filename: 20200312_193528!001.mp4
06-29 18:53:53.386  2816  3812 W Summariser:   active sections: 0
06-29 18:53:53.386  2816  3812 W Summariser:   time: 05.997s
06-29 18:53:53.386  2816  3812 W Summariser:   original duration: 16.01
06-29 18:53:53.386  2816  3812 W Summariser:   summarised duration: -1.00
06-29 18:53:53.386  2816  3812 W Summariser:   noise tolerance: 45.00
06-29 18:53:53.386  2816  3812 W Summariser:   quality: 23
06-29 18:53:53.386  2816  3812 W Summariser:   speed: medium
06-29 18:53:53.386  2816  3812 W Summariser:   freeze duration: 1.00
06-29 18:54:11.732  2816  2816 W NearbyFragment: Completed downloading 20200312_193628!001.mp4 from Endpoint{id=DYPX, name=Nexus 5X [34d8]} in 03.160s
06-29 18:54:17.625  2816  3863 W Summariser: No activity detected
06-29 18:54:17.720  2816  3863 W Summariser: Summarisation completed
06-29 18:54:17.720  2816  3863 W Summariser:   filename: 20200312_193628!001.mp4
06-29 18:54:17.720  2816  3863 W Summariser:   active sections: 0
06-29 18:54:17.720  2816  3863 W Summariser:   time: 05.857s
06-29 18:54:17.720  2816  3863 W Summariser:   original duration: 16.01
06-29 18:54:17.720  2816  3863 W Summariser:   summarised duration: -1.00
06-29 18:54:17.720  2816  3863 W Summariser:   noise tolerance: 45.00
06-29 18:54:17.720  2816  3863 W Summariser:   quality: 23
06-29 18:54:17.720  2816  3863 W Summariser:   speed: medium
06-29 18:54:17.720  2816  3863 W Summariser:   freeze duration: 1.00
06-29 18:54:37.111  2816  2816 W NearbyFragment: Completed downloading 20200312_193728!001.mp4 from Endpoint{id=DYPX, name=Nexus 5X [34d8]} in 03.758s
06-29 18:54:43.194  2816  3915 W Summariser: Whole video is active
06-29 18:54:44.447  2816  3915 W Summariser: Summarisation completed
06-29 18:54:44.447  2816  3915 W Summariser:   filename: 20200312_193728!001.mp4
06-29 18:54:44.447  2816  3915 W Summariser:   active sections: -1
06-29 18:54:44.447  2816  3915 W Summariser:   time: 07.112s
06-29 18:54:44.447  2816  3915 W Summariser:   original duration: 16.01
06-29 18:54:44.447  2816  3915 W Summariser:   summarised duration: 16.01
06-29 18:54:44.447  2816  3915 W Summariser:   noise tolerance: 45.00
06-29 18:54:44.447  2816  3915 W Summariser:   quality: 23
06-29 18:54:44.447  2816  3915 W Summariser:   speed: medium
06-29 18:54:44.447  2816  3915 W Summariser:   freeze duration: 1.00
06-29 18:54:44.505  2816  3915 W NearbyFragment: Sending 20200312_193728!001.mp4 to Nexus 5X [34d8]
06-29 18:55:11.502  2816  2816 W NearbyFragment: Completed downloading 20200312_193828!001.mp4 from Endpoint{id=DYPX, name=Nexus 5X [34d8]} in 03.121s
06-29 18:55:17.066  2816  4000 W Summariser: No activity detected
06-29 18:55:17.174  2816  4000 W Summariser: Summarisation completed
06-29 18:55:17.174  2816  4000 W Summariser:   filename: 20200312_193828!001.mp4
06-29 18:55:17.174  2816  4000 W Summariser:   active sections: 0
06-29 18:55:17.174  2816  4000 W Summariser:   time: 05.465s
06-29 18:55:17.174  2816  4000 W Summariser:   original duration: 16.01
06-29 18:55:17.174  2816  4000 W Summariser:   summarised duration: -1.00
06-29 18:55:17.174  2816  4000 W Summariser:   noise tolerance: 45.00
06-29 18:55:17.174  2816  4000 W Summariser:   quality: 23
06-29 18:55:17.174  2816  4000 W Summariser:   speed: medium
06-29 18:55:17.174  2816  4000 W Summariser:   freeze duration: 1.00
06-29 18:55:17.323  2816  2816 W NearbyFragment: Completed downloading 20200312_193828!003.mp4 from Endpoint{id=DYPX, name=Nexus 5X [34d8]} in 02.927s
06-29 18:55:21.155  2816  4022 W Summariser: No activity detected
06-29 18:55:21.229  2816  4022 W Summariser: Summarisation completed
06-29 18:55:21.229  2816  4022 W Summariser:   filename: 20200312_193828!003.mp4
06-29 18:55:21.229  2816  4022 W Summariser:   active sections: 0
06-29 18:55:21.229  2816  4022 W Summariser:   time: 03.799s
06-29 18:55:21.229  2816  4022 W Summariser:   original duration: 12.01
06-29 18:55:21.229  2816  4022 W Summariser:   summarised duration: -1.00
06-29 18:55:21.229  2816  4022 W Summariser:   noise tolerance: 45.00
06-29 18:55:21.229  2816  4022 W Summariser:   quality: 23
06-29 18:55:21.229  2816  4022 W Summariser:   speed: medium
06-29 18:55:21.229  2816  4022 W Summariser:   freeze duration: 1.00
06-29 18:55:42.324  2816  2816 W NearbyFragment: Completed downloading 20200312_193928!001.mp4 from Endpoint{id=DYPX, name=Nexus 5X [34d8]} in 07.602s
06-29 18:55:48.475  2816  4084 W Summariser: No activity detected
06-29 18:55:48.567  2816  4084 W Summariser: Summarisation completed
06-29 18:55:48.567  2816  4084 W Summariser:   filename: 20200312_193928!001.mp4
06-29 18:55:48.567  2816  4084 W Summariser:   active sections: 0
06-29 18:55:48.567  2816  4084 W Summariser:   time: 06.100s
06-29 18:55:48.567  2816  4084 W Summariser:   original duration: 16.05
06-29 18:55:48.567  2816  4084 W Summariser:   summarised duration: -1.00
06-29 18:55:48.567  2816  4084 W Summariser:   noise tolerance: 45.00
06-29 18:55:48.567  2816  4084 W Summariser:   quality: 23
06-29 18:55:48.567  2816  4084 W Summariser:   speed: medium
06-29 18:55:48.567  2816  4084 W Summariser:   freeze duration: 1.00
06-29 18:56:04.264  2816  2816 W NearbyFragment: Completed downloading 20200312_194129!001.mp4 from Endpoint{id=DYPX, name=Nexus 5X [34d8]} in 03.872s
06-29 18:56:10.443  2816  4136 W Summariser: 1 active sections found
06-29 18:56:21.298  2816  4136 W Summariser: Summarisation completed
06-29 18:56:21.298  2816  4136 W Summariser:   filename: 20200312_194129!001.mp4
06-29 18:56:21.298  2816  4136 W Summariser:   active sections: 1
06-29 18:56:21.298  2816  4136 W Summariser:   time: 16.856s
06-29 18:56:21.298  2816  4136 W Summariser:   original duration: 16.02
06-29 18:56:21.298  2816  4136 W Summariser:   summarised duration: 2.97
06-29 18:56:21.298  2816  4136 W Summariser:   noise tolerance: 45.00
06-29 18:56:21.298  2816  4136 W Summariser:   quality: 23
06-29 18:56:21.298  2816  4136 W Summariser:   speed: medium
06-29 18:56:21.298  2816  4136 W Summariser:   freeze duration: 1.00
06-29 18:56:21.327  2816  4136 W NearbyFragment: Sending 20200312_194129!001.mp4 to Nexus 5X [34d8]
06-29 18:56:30.783  2816  2816 W NearbyFragment: Completed downloading 20200312_194229!001.mp4 from Endpoint{id=DYPX, name=Nexus 5X [34d8]} in 04.183s
06-29 18:56:36.767  2816  2816 W NearbyFragment: Completed downloading 20200312_194229!003.mp4 from Endpoint{id=DYPX, name=Nexus 5X [34d8]} in 03.012s
06-29 18:56:39.296  2816  4239 W Summariser: 2 active sections found
06-29 18:57:06.558  2816  4239 W Summariser: Summarisation completed
06-29 18:57:06.558  2816  4239 W Summariser:   filename: 20200312_194229!001.mp4
06-29 18:57:06.558  2816  4239 W Summariser:   active sections: 2
06-29 18:57:06.558  2816  4239 W Summariser:   time: 35.520s
06-29 18:57:06.558  2816  4239 W Summariser:   original duration: 16.01
06-29 18:57:06.558  2816  4239 W Summariser:   summarised duration: 8.74
06-29 18:57:06.558  2816  4239 W Summariser:   noise tolerance: 45.00
06-29 18:57:06.558  2816  4239 W Summariser:   quality: 23
06-29 18:57:06.558  2816  4239 W Summariser:   speed: medium
06-29 18:57:06.558  2816  4239 W Summariser:   freeze duration: 1.00
06-29 18:57:06.597  2816  4239 W NearbyFragment: Sending 20200312_194229!001.mp4 to Nexus 5X [34d8]
06-29 18:57:11.590  2816  4239 W Summariser: No activity detected
06-29 18:57:11.681  2816  4239 W Summariser: Summarisation completed
06-29 18:57:11.681  2816  4239 W Summariser:   filename: 20200312_194229!003.mp4
06-29 18:57:11.681  2816  4239 W Summariser:   active sections: 0
06-29 18:57:11.681  2816  4239 W Summariser:   time: 04.980s
06-29 18:57:11.681  2816  4239 W Summariser:   original duration: 11.98
06-29 18:57:11.681  2816  4239 W Summariser:   summarised duration: -1.00
06-29 18:57:11.681  2816  4239 W Summariser:   noise tolerance: 45.00
06-29 18:57:11.681  2816  4239 W Summariser:   quality: 23
06-29 18:57:11.681  2816  4239 W Summariser:   speed: medium
06-29 18:57:11.681  2816  4239 W Summariser:   freeze duration: 1.00
06-29 18:57:21.385  2816  2816 W NearbyFragment: Completed downloading 20200312_194730!001.mp4 from Endpoint{id=DYPX, name=Nexus 5X [34d8]} in 03.782s
06-29 18:57:29.377  2816  4377 W Summariser: No activity detected
06-29 18:57:29.484  2816  4377 W Summariser: Summarisation completed
06-29 18:57:29.484  2816  4377 W Summariser:   filename: 20200312_194730!001.mp4
06-29 18:57:29.484  2816  4377 W Summariser:   active sections: 0
06-29 18:57:29.484  2816  4377 W Summariser:   time: 07.940s
06-29 18:57:29.484  2816  4377 W Summariser:   original duration: 16.02
06-29 18:57:29.484  2816  4377 W Summariser:   summarised duration: -1.00
06-29 18:57:29.484  2816  4377 W Summariser:   noise tolerance: 45.00
06-29 18:57:29.484  2816  4377 W Summariser:   quality: 23
06-29 18:57:29.484  2816  4377 W Summariser:   speed: medium
06-29 18:57:29.484  2816  4377 W Summariser:   freeze duration: 1.00
06-29 18:57:46.721  2816  2816 W NearbyFragment: Completed downloading 20200312_194830!001.mp4 from Endpoint{id=DYPX, name=Nexus 5X [34d8]} in 03.947s
06-29 18:57:52.769  2816  2816 W NearbyFragment: Completed downloading 20200312_194830!003.mp4 from Endpoint{id=DYPX, name=Nexus 5X [34d8]} in 03.368s
06-29 18:57:54.049  2816  4417 W Summariser: 2 active sections found
06-29 18:58:16.691  2816  2816 W NearbyFragment: Completed downloading 20200312_194930!003.mp4 from Endpoint{id=DYPX, name=Nexus 5X [34d8]} in 03.392s
06-29 18:58:22.965  2816  4417 W Summariser: Summarisation completed
06-29 18:58:22.965  2816  4417 W Summariser:   filename: 20200312_194830!001.mp4
06-29 18:58:22.965  2816  4417 W Summariser:   active sections: 2
06-29 18:58:22.965  2816  4417 W Summariser:   time: 35.987s
06-29 18:58:22.965  2816  4417 W Summariser:   original duration: 16.01
06-29 18:58:22.965  2816  4417 W Summariser:   summarised duration: 8.10
06-29 18:58:22.965  2816  4417 W Summariser:   noise tolerance: 45.00
06-29 18:58:22.965  2816  4417 W Summariser:   quality: 23
06-29 18:58:22.965  2816  4417 W Summariser:   speed: medium
06-29 18:58:22.965  2816  4417 W Summariser:   freeze duration: 1.00
06-29 18:58:23.028  2816  4417 W NearbyFragment: Sending 20200312_194830!001.mp4 to Nexus 5X [34d8]
06-29 18:58:29.123  2816  4417 W Summariser: No activity detected
06-29 18:58:29.201  2816  4417 W Summariser: Summarisation completed
06-29 18:58:29.201  2816  4417 W Summariser:   filename: 20200312_194830!003.mp4
06-29 18:58:29.201  2816  4417 W Summariser:   active sections: 0
06-29 18:58:29.201  2816  4417 W Summariser:   time: 06.072s
06-29 18:58:29.201  2816  4417 W Summariser:   original duration: 11.98
06-29 18:58:29.201  2816  4417 W Summariser:   summarised duration: -1.00
06-29 18:58:29.201  2816  4417 W Summariser:   noise tolerance: 45.00
06-29 18:58:29.201  2816  4417 W Summariser:   quality: 23
06-29 18:58:29.201  2816  4417 W Summariser:   speed: medium
06-29 18:58:29.201  2816  4417 W Summariser:   freeze duration: 1.00
06-29 18:58:34.723  2816  4417 W Summariser: 1 active sections found
06-29 18:58:42.846  2816  2816 W NearbyFragment: Completed downloading 20200312_195230!002.mp4 from Endpoint{id=DYPX, name=Nexus 5X [34d8]} in 05.900s
06-29 18:59:08.867  2816  2816 W NearbyFragment: Completed downloading 20200312_195330!003.mp4 from Endpoint{id=DYPX, name=Nexus 5X [34d8]} in 04.316s
06-29 18:59:26.885  2816  4417 W Summariser: Summarisation completed
06-29 18:59:26.885  2816  4417 W Summariser:   filename: 20200312_194930!003.mp4
06-29 18:59:26.885  2816  4417 W Summariser:   active sections: 1
06-29 18:59:26.885  2816  4417 W Summariser:   time: 57.450s
06-29 18:59:26.885  2816  4417 W Summariser:   original duration: 12.01
06-29 18:59:26.885  2816  4417 W Summariser:   summarised duration: 10.95
06-29 18:59:26.885  2816  4417 W Summariser:   noise tolerance: 45.00
06-29 18:59:26.885  2816  4417 W Summariser:   quality: 23
06-29 18:59:26.885  2816  4417 W Summariser:   speed: medium
06-29 18:59:26.885  2816  4417 W Summariser:   freeze duration: 1.00
06-29 18:59:26.924  2816  4417 W NearbyFragment: Sending 20200312_194930!003.mp4 to Nexus 5X [34d8]
06-29 18:59:35.237  2816  2816 W NearbyFragment: Completed downloading 20200312_195430!002.mp4 from Endpoint{id=DYPX, name=Nexus 5X [34d8]} in 08.215s
06-29 18:59:36.941  2816  4417 W Summariser: No activity detected
06-29 18:59:37.096  2816  4417 W Summariser: Summarisation completed
06-29 18:59:37.096  2816  4417 W Summariser:   filename: 20200312_195230!002.mp4
06-29 18:59:37.096  2816  4417 W Summariser:   active sections: 0
06-29 18:59:37.096  2816  4417 W Summariser:   time: 10.002s
06-29 18:59:37.096  2816  4417 W Summariser:   original duration: 16.01
06-29 18:59:37.096  2816  4417 W Summariser:   summarised duration: -1.00
06-29 18:59:37.096  2816  4417 W Summariser:   noise tolerance: 45.00
06-29 18:59:37.096  2816  4417 W Summariser:   quality: 23
06-29 18:59:37.096  2816  4417 W Summariser:   speed: medium
06-29 18:59:37.096  2816  4417 W Summariser:   freeze duration: 1.00
06-29 18:59:45.330  2816  4417 W Summariser: 1 active sections found
06-29 19:00:01.462  2816  4417 W Summariser: Summarisation completed
06-29 19:00:01.462  2816  4417 W Summariser:   filename: 20200312_195330!003.mp4
06-29 19:00:01.462  2816  4417 W Summariser:   active sections: 1
06-29 19:00:01.462  2816  4417 W Summariser:   time: 24.119s
06-29 19:00:01.462  2816  4417 W Summariser:   original duration: 12.03
06-29 19:00:01.462  2816  4417 W Summariser:   summarised duration: 3.53
06-29 19:00:01.462  2816  4417 W Summariser:   noise tolerance: 45.00
06-29 19:00:01.462  2816  4417 W Summariser:   quality: 23
06-29 19:00:01.462  2816  4417 W Summariser:   speed: medium
06-29 19:00:01.462  2816  4417 W Summariser:   freeze duration: 1.00
06-29 19:00:01.505  2816  4417 W NearbyFragment: Sending 20200312_195330!003.mp4 to Nexus 5X [34d8]
06-29 19:00:10.421  2816  4417 W Summariser: 2 active sections found
06-29 19:00:34.898  2816  4417 W Summariser: Summarisation completed
06-29 19:00:34.898  2816  4417 W Summariser:   filename: 20200312_195430!002.mp4
06-29 19:00:34.898  2816  4417 W Summariser:   active sections: 2
06-29 19:00:34.898  2816  4417 W Summariser:   time: 33.119s
06-29 19:00:34.898  2816  4417 W Summariser:   original duration: 16.01
06-29 19:00:34.898  2816  4417 W Summariser:   summarised duration: 6.17
06-29 19:00:34.898  2816  4417 W Summariser:   noise tolerance: 45.00
06-29 19:00:34.898  2816  4417 W Summariser:   quality: 23
06-29 19:00:34.898  2816  4417 W Summariser:   speed: medium
06-29 19:00:34.898  2816  4417 W Summariser:   freeze duration: 1.00
06-29 19:00:35.002  2816  4417 W NearbyFragment: Sending 20200312_195430!002.mp4 to Nexus 5X [34d8]
