--------- beginning of main
--------- beginning of system
06-30 03:00:08.604  7588  7588 W LogFactory: Truncating log tag length as it exceed 23, the limit imposed by Android on certain API Levels
06-30 03:01:20.132  7588  7588 E TransferService: No notification is passed in the intent. Unable to transition to foreground.
06-30 03:03:03.280  7588  7588 W NearbyFragment: Preferences:
06-30 03:03:03.280  7588  7588 W NearbyFragment:   Auto download: true
06-30 03:03:03.280  7588  7588 W NearbyFragment:   Algorithm: fastest
06-30 03:03:03.280  7588  7588 W NearbyFragment:   Fast scheduling: false
06-30 03:03:03.280  7588  7588 W NearbyFragment:   Segmentation: true
06-30 03:03:03.280  7588  7588 W NearbyFragment:   Auto segmentation: false
06-30 03:03:03.280  7588  7588 W NearbyFragment:   Segment number: 4
06-30 03:03:03.280  7588  7588 W NearbyFragment:   Noise tolerance: 45.00
06-30 03:03:03.280  7588  7588 W NearbyFragment:   Quality: 23
06-30 03:03:03.280  7588  7588 W NearbyFragment:   Speed: medium
06-30 03:03:03.280  7588  7588 W NearbyFragment:   Freeze duration: 1.00
06-30 03:03:03.281  7588  7588 W NearbyFragment: Download delay: 1s
06-30 03:03:03.282  7588  7588 W NearbyFragment: Started downloading from dashcam
06-30 03:03:18.652  7588  7941 W mobile-ffmpeg: 
06-30 03:03:18.652  7588  7941 W mobile-ffmpeg: [mov,mp4,m4a,3gp,3g2,mj2 @ 0x7aa5193c00] 
06-30 03:03:18.652  7588  7941 W mobile-ffmpeg: 
06-30 03:03:18.652  7588  7941 W mobile-ffmpeg: Found duplicated MOOV Atom. Skipped it
06-30 03:03:20.225  7588  7588 W NearbyFragment: Sending 20200312_150643!000.mp4 to Galaxy S8 [2802]
06-30 03:03:20.242  7588  7588 W DashDownloadManager: Successfully downloaded 20200312_150643.mp4 in 16.841s
06-30 03:03:25.187  7588  7588 W NearbyFragment: Sending 20200312_150643!001.mp4 to Galaxy S8 [2802]
06-30 03:03:30.092  7588  7588 W NearbyFragment: Sending 20200312_150643!002.mp4 to Galaxy S8 [2802]
06-30 03:03:34.788  7588  7588 W NearbyFragment: Sending 20200312_150643!003.mp4 to Galaxy S8 [2802]
06-30 03:03:42.283  7588  7941 W mobile-ffmpeg: 
06-30 03:03:42.284  7588  7941 W mobile-ffmpeg: [mov,mp4,m4a,3gp,3g2,mj2 @ 0x7aa5193c00] 
06-30 03:03:42.284  7588  7941 W mobile-ffmpeg: 
06-30 03:03:42.284  7588  7941 W mobile-ffmpeg: Found duplicated MOOV Atom. Skipped it
06-30 03:03:43.621  7588  7588 W NearbyFragment: Sending 20200312_150744!000.mp4 to Galaxy S8 [2802]
06-30 03:03:43.626  7588  7588 W DashDownloadManager: Successfully downloaded 20200312_150744.mp4 in 22.308s
06-30 03:03:48.321  7588  7588 W NearbyFragment: Sending 20200312_150744!001.mp4 to Galaxy S8 [2802]
06-30 03:03:53.241  7588  7588 W NearbyFragment: Sending 20200312_150744!002.mp4 to Galaxy S8 [2802]
06-30 03:03:59.335  7588  7588 W NearbyFragment: Sending 20200312_150744!003.mp4 to Galaxy S8 [2802]
06-30 03:04:06.092  7588  7941 W mobile-ffmpeg: 
06-30 03:04:06.093  7588  7941 W mobile-ffmpeg: [mov,mp4,m4a,3gp,3g2,mj2 @ 0x7aa5193c00] 
06-30 03:04:06.093  7588  7941 W mobile-ffmpeg: 
06-30 03:04:06.093  7588  7941 W mobile-ffmpeg: Found duplicated MOOV Atom. Skipped it
06-30 03:04:07.575  7588  7588 W NearbyFragment: Sending 20200312_150844!000.mp4 to Nexus 5 [1825]
06-30 03:04:07.580  7588  7588 W DashDownloadManager: Successfully downloaded 20200312_150844.mp4 in 22.883s
06-30 03:04:10.189  7588  7588 W NearbyFragment: Sending 20200312_150844!001.mp4 to Galaxy S8 [2802]
06-30 03:04:10.476  7588  7588 W NearbyFragment: Completed downloading 20200312_150744!003.mp4 from Endpoint{id=HZ7Y, name=Galaxy S8 [2802]} in 00.290s
06-30 03:04:10.707  7588  7588 W FfmpegTools: Single segment returned, duration of 20200312_150744: 4.89
06-30 03:04:17.995  7588  7588 W NearbyFragment: Sending 20200312_150844!002.mp4 to Galaxy S8 [2802]
06-30 03:04:20.418  7588  7588 W NearbyFragment: Sending 20200312_150844!003.mp4 to Nexus 5 [1825]
06-30 03:04:23.195  7588  7588 W NearbyFragment: Completed downloading 20200312_150844!001.mp4 from Endpoint{id=HZ7Y, name=Galaxy S8 [2802]} in 05.204s
06-30 03:04:26.464  7588  7588 W NearbyFragment: Completed downloading 20200312_150844!000.mp4 from Endpoint{id=LIc5, name=Nexus 5 [1825]} in 06.049s
06-30 03:04:29.924  7588  7588 W NearbyFragment: Completed downloading 20200312_150844!002.mp4 from Endpoint{id=HZ7Y, name=Galaxy S8 [2802]} in 04.368s
06-30 03:04:37.491  7588  7588 W NearbyFragment: Completed downloading 20200312_150844!003.mp4 from Endpoint{id=LIc5, name=Nexus 5 [1825]} in 03.051s
06-30 03:04:40.984  7588  7588 W FfmpegTools: Merged duration of 20200312_150844: 60.08
06-30 03:04:42.097  7588  7941 W mobile-ffmpeg: 
06-30 03:04:42.098  7588  7941 W mobile-ffmpeg: [mov,mp4,m4a,3gp,3g2,mj2 @ 0x7aa5193c00] 
06-30 03:04:42.098  7588  7941 W mobile-ffmpeg: 
06-30 03:04:42.098  7588  7941 W mobile-ffmpeg: Found duplicated MOOV Atom. Skipped it
06-30 03:04:43.803  7588  7588 W NearbyFragment: Sending 20200312_150944!000.mp4 to Galaxy S8 [2802]
06-30 03:04:43.808  7588  7588 W DashDownloadManager: Successfully downloaded 20200312_150944.mp4 in 35.151s
06-30 03:04:56.940  7588  7588 W NearbyFragment: Sending 20200312_150944!001.mp4 to Galaxy S8 [2802]
06-30 03:04:57.499  7588  7588 W NearbyFragment: Completed downloading 20200312_150944!000.mp4 from Endpoint{id=HZ7Y, name=Galaxy S8 [2802]} in 00.562s
06-30 03:05:02.862  7588  7588 W NearbyFragment: Sending 20200312_150944!002.mp4 to Galaxy S8 [2802]
06-30 03:05:06.229  7588  7941 W mobile-ffmpeg: 
06-30 03:05:06.229  7588  7941 W mobile-ffmpeg: [mov,mp4,m4a,3gp,3g2,mj2 @ 0x7aa5193c00] 
06-30 03:05:06.229  7588  7941 W mobile-ffmpeg: 
06-30 03:05:06.229  7588  7941 W mobile-ffmpeg: Found duplicated MOOV Atom. Skipped it
06-30 03:05:07.689  7588  7588 W NearbyFragment: Sending 20200312_150944!003.mp4 to Nexus 5 [1825]
06-30 03:05:07.695  7588  7588 W DashDownloadManager: Successfully downloaded 20200312_151044.mp4 in 22.817s
06-30 03:05:08.134  7588  7588 W NearbyFragment: Sending 20200312_151044!000.mp4 to Galaxy S8 [2802]
06-30 03:05:16.366  7588  7588 W FfmpegTools: Single segment returned, duration of 20200312_150944: 7.07
06-30 03:05:16.497  7588  7588 W NearbyFragment: Sending 20200312_151044!001.mp4 to Nexus 5 [1825]
06-30 03:05:17.186  7588  7588 W NearbyFragment: Sending 20200312_151044!002.mp4 to Galaxy S8 [2802]
06-30 03:05:24.943  7588  7588 W NearbyFragment: Sending 20200312_151044!003.mp4 to Galaxy S8 [2802]
06-30 03:05:38.361  7588  7941 W mobile-ffmpeg: 
06-30 03:05:38.361  7588  7941 W mobile-ffmpeg: [mov,mp4,m4a,3gp,3g2,mj2 @ 0x7aa5193c00] 
06-30 03:05:38.361  7588  7941 W mobile-ffmpeg: 
06-30 03:05:38.361  7588  7941 W mobile-ffmpeg: Found duplicated MOOV Atom. Skipped it
06-30 03:05:39.770  7588  7588 W NearbyFragment: Sending 20200312_193528!000.mp4 to Galaxy S8 [2802]
06-30 03:05:39.774  7588  7588 W DashDownloadManager: Successfully downloaded 20200312_193528.mp4 in 31.010s
06-30 03:05:45.146  7588  7588 W NearbyFragment: Sending 20200312_193528!001.mp4 to Galaxy S8 [2802]
06-30 03:05:50.407  7588  7588 W NearbyFragment: Sending 20200312_193528!002.mp4 to Galaxy S8 [2802]
06-30 03:05:56.115  7588  7588 W NearbyFragment: Sending 20200312_193528!003.mp4 to Galaxy S8 [2802]
06-30 03:06:03.724  7588  7941 W mobile-ffmpeg: 
06-30 03:06:03.724  7588  7941 W mobile-ffmpeg: [mov,mp4,m4a,3gp,3g2,mj2 @ 0x7aa5193c00] 
06-30 03:06:03.725  7588  7941 W mobile-ffmpeg: 
06-30 03:06:03.725  7588  7941 W mobile-ffmpeg: Found duplicated MOOV Atom. Skipped it
06-30 03:06:05.186  7588  7588 W NearbyFragment: Sending 20200312_193628!000.mp4 to Galaxy S8 [2802]
06-30 03:06:05.189  7588  7588 W DashDownloadManager: Successfully downloaded 20200312_193628.mp4 in 24.338s
06-30 03:06:10.900  7588  7588 W NearbyFragment: Sending 20200312_193628!001.mp4 to Galaxy S8 [2802]
06-30 03:06:16.109  7588  7588 W NearbyFragment: Sending 20200312_193628!002.mp4 to Galaxy S8 [2802]
06-30 03:06:22.373  7588  7588 W NearbyFragment: Sending 20200312_193628!003.mp4 to Galaxy S8 [2802]
06-30 03:06:30.381  7588  7941 W mobile-ffmpeg: 
06-30 03:06:30.381  7588  7941 W mobile-ffmpeg: [mov,mp4,m4a,3gp,3g2,mj2 @ 0x7aa5193c00] 
06-30 03:06:30.381  7588  7941 W mobile-ffmpeg: 
06-30 03:06:30.381  7588  7941 W mobile-ffmpeg: Found duplicated MOOV Atom. Skipped it
06-30 03:06:31.901  7588  7588 W NearbyFragment: Sending 20200312_193728!000.mp4 to Nexus 5 [1825]
06-30 03:06:31.904  7588  7588 W DashDownloadManager: Successfully downloaded 20200312_193728.mp4 in 25.643s
06-30 03:06:34.374  7588  7588 W NearbyFragment: Sending 20200312_193728!001.mp4 to Galaxy S8 [2802]
06-30 03:06:35.753  7588  7588 W NearbyFragment: Completed downloading 20200312_193628!003.mp4 from Endpoint{id=HZ7Y, name=Galaxy S8 [2802]} in 01.383s
06-30 03:06:35.952  7588  7588 W FfmpegTools: Single segment returned, duration of 20200312_193628: 6.16
06-30 03:06:41.110  7588  7588 W NearbyFragment: Sending 20200312_193728!002.mp4 to Galaxy S8 [2802]
06-30 03:06:42.894  7588  7588 W NearbyFragment: Sending 20200312_193728!003.mp4 to Nexus 5 [1825]
06-30 03:06:45.985  7588  7588 W NearbyFragment: Completed downloading 20200312_193728!001.mp4 from Endpoint{id=HZ7Y, name=Galaxy S8 [2802]} in 04.880s
06-30 03:06:47.778  7588  7588 W NearbyFragment: Completed downloading 20200312_193728!000.mp4 from Endpoint{id=LIc5, name=Nexus 5 [1825]} in 04.887s
06-30 03:06:55.232  7588  7588 W NearbyFragment: Completed downloading 20200312_193728!002.mp4 from Endpoint{id=HZ7Y, name=Galaxy S8 [2802]} in 03.991s
06-30 03:07:02.781  7588  7588 W NearbyFragment: Completed downloading 20200312_193728!003.mp4 from Endpoint{id=LIc5, name=Nexus 5 [1825]} in 02.765s
06-30 03:07:05.808  7588  7588 W FfmpegTools: Merged duration of 20200312_193728: 60.07
06-30 03:07:07.634  7588  7941 W mobile-ffmpeg: 
06-30 03:07:07.634  7588  7941 W mobile-ffmpeg: [mov,mp4,m4a,3gp,3g2,mj2 @ 0x7aa5b30400] 
06-30 03:07:07.634  7588  7941 W mobile-ffmpeg: 
06-30 03:07:07.634  7588  7941 W mobile-ffmpeg: Found duplicated MOOV Atom. Skipped it
06-30 03:07:08.752  7588  7588 W NearbyFragment: Sending 20200312_193828!000.mp4 to Galaxy S8 [2802]
06-30 03:07:08.756  7588  7588 W DashDownloadManager: Successfully downloaded 20200312_193828.mp4 in 35.765s
06-30 03:07:28.260  7588  7941 W mobile-ffmpeg: 
06-30 03:07:28.266  7588  7941 W mobile-ffmpeg: [mov,mp4,m4a,3gp,3g2,mj2 @ 0x7aa5b30400] 
06-30 03:07:28.266  7588  7941 W mobile-ffmpeg: 
06-30 03:07:28.266  7588  7941 W mobile-ffmpeg: Found duplicated MOOV Atom. Skipped it
06-30 03:07:29.356  7588  7588 W NearbyFragment: Sending 20200312_193828!001.mp4 to Nexus 5 [1825]
06-30 03:07:29.360  7588  7588 W DashDownloadManager: Successfully downloaded 20200312_193928.mp4 in 19.421s
06-30 03:07:29.368  7588  7588 W NearbyFragment: Sending 20200312_193828!002.mp4 to Galaxy S8 [2802]
06-30 03:07:30.091  7588  7588 W NearbyFragment: Completed downloading 20200312_193828!000.mp4 from Endpoint{id=HZ7Y, name=Galaxy S8 [2802]} in 00.725s
06-30 03:07:38.640  7588  7588 W NearbyFragment: Sending 20200312_193828!003.mp4 to Galaxy S8 [2802]
06-30 03:07:39.232  7588  7588 W NearbyFragment: Sending 20200312_193928!000.mp4 to Nexus 5 [1825]
06-30 03:07:42.905  7588  7588 W FfmpegTools: Single segment returned, duration of 20200312_193828: 14.28
06-30 03:07:43.146  7588  7588 W NearbyFragment: Sending 20200312_193928!001.mp4 to Galaxy S8 [2802]
06-30 03:07:49.645  7588  7588 W NearbyFragment: Sending 20200312_193928!002.mp4 to Galaxy S8 [2802]
06-30 03:07:50.439  7588  7588 W NearbyFragment: Sending 20200312_193928!003.mp4 to Nexus 5 [1825]
06-30 03:08:03.408  7588  7941 W mobile-ffmpeg: 
06-30 03:08:03.408  7588  7941 W mobile-ffmpeg: [mov,mp4,m4a,3gp,3g2,mj2 @ 0x7ab32d8200] 
06-30 03:08:03.408  7588  7941 W mobile-ffmpeg: 
06-30 03:08:03.408  7588  7941 W mobile-ffmpeg: Found duplicated MOOV Atom. Skipped it
06-30 03:08:04.379  7588  7588 W NearbyFragment: Sending 20200312_194129!000.mp4 to Galaxy S8 [2802]
06-30 03:08:04.382  7588  7588 W DashDownloadManager: Successfully downloaded 20200312_194129.mp4 in 33.931s
06-30 03:08:09.892  7588  7588 W NearbyFragment: Sending 20200312_194129!001.mp4 to Galaxy S8 [2802]
06-30 03:08:20.125  7588  7588 W NearbyFragment: Sending 20200312_194129!002.mp4 to Galaxy S8 [2802]
06-30 03:08:20.414  7588  7588 W NearbyFragment: Completed downloading 20200312_194129!001.mp4 from Endpoint{id=HZ7Y, name=Galaxy S8 [2802]} in 00.291s
06-30 03:08:27.810  7588  7941 W mobile-ffmpeg: 
06-30 03:08:27.810  7588  7941 W mobile-ffmpeg: [mov,mp4,m4a,3gp,3g2,mj2 @ 0x7ab32d8200] 
06-30 03:08:27.810  7588  7941 W mobile-ffmpeg: 
06-30 03:08:27.811  7588  7941 W mobile-ffmpeg: Found duplicated MOOV Atom. Skipped it
06-30 03:08:28.843  7588  7588 W NearbyFragment: Sending 20200312_194129!003.mp4 to Nexus 5 [1825]
06-30 03:08:28.847  7588  7588 W DashDownloadManager: Successfully downloaded 20200312_194229.mp4 in 23.400s
06-30 03:08:32.911  7588  7588 W NearbyFragment: Sending 20200312_194229!000.mp4 to Galaxy S8 [2802]
06-30 03:08:33.336  7588  7588 W NearbyFragment: Completed downloading 20200312_194129!002.mp4 from Endpoint{id=HZ7Y, name=Galaxy S8 [2802]} in 00.431s
06-30 03:08:39.624  7588  7588 W NearbyFragment: Sending 20200312_194229!001.mp4 to Nexus 5 [1825]
06-30 03:08:39.707  7588  7588 W NearbyFragment: Completed downloading 20200312_194129!003.mp4 from Endpoint{id=LIc5, name=Nexus 5 [1825]} in 00.084s
06-30 03:08:40.222  7588  7588 W FfmpegTools: Merged duration of 20200312_194129: 11.04
06-30 03:08:45.556  7588  7588 W NearbyFragment: Sending 20200312_194229!002.mp4 to Galaxy S8 [2802]
06-30 03:08:45.791  7588  7588 W NearbyFragment: Completed downloading 20200312_194229!000.mp4 from Endpoint{id=HZ7Y, name=Galaxy S8 [2802]} in 00.241s
06-30 03:08:50.915  7588  7588 W NearbyFragment: Sending 20200312_194229!003.mp4 to Galaxy S8 [2802]
06-30 03:08:56.642  7588  7941 W mobile-ffmpeg: 
06-30 03:08:56.642  7588  7941 W mobile-ffmpeg: [mov,mp4,m4a,3gp,3g2,mj2 @ 0x7ab32d8200] 
06-30 03:08:56.643  7588  7941 W mobile-ffmpeg: 
06-30 03:08:56.643  7588  7941 W mobile-ffmpeg: Found duplicated MOOV Atom. Skipped it
06-30 03:08:58.106  7588  7588 W NearbyFragment: Sending 20200312_194330!000.mp4 to Galaxy S8 [2802]
06-30 03:08:58.110  7588  7588 W DashDownloadManager: Successfully downloaded 20200312_194330.mp4 in 28.185s
06-30 03:09:04.119  7588  7588 W NearbyFragment: Sending 20200312_194330!001.mp4 to Galaxy S8 [2802]
06-30 03:09:09.682  7588  7588 W NearbyFragment: Sending 20200312_194330!002.mp4 to Galaxy S8 [2802]
06-30 03:09:11.400  7588  7588 W NearbyFragment: Sending 20200312_194330!003.mp4 to Nexus 5 [1825]
06-30 03:09:12.461  7588  7588 W NearbyFragment: Completed downloading 20200312_194229!001.mp4 from Endpoint{id=LIc5, name=Nexus 5 [1825]} in 01.058s
06-30 03:09:12.961  7588  7588 W FfmpegTools: Merged duration of 20200312_194229: 14.35
06-30 03:09:23.493  7588  7941 W mobile-ffmpeg: 
06-30 03:09:23.493  7588  7941 W mobile-ffmpeg: [mov,mp4,m4a,3gp,3g2,mj2 @ 0x7ab32d8200] 
06-30 03:09:23.493  7588  7941 W mobile-ffmpeg: 
06-30 03:09:23.493  7588  7941 W mobile-ffmpeg: Found duplicated MOOV Atom. Skipped it
06-30 03:09:24.511  7588  7588 W NearbyFragment: Sending 20200312_194730!000.mp4 to Galaxy S8 [2802]
06-30 03:09:24.514  7588  7588 W DashDownloadManager: Successfully downloaded 20200312_194730.mp4 in 25.321s
06-30 03:09:30.162  7588  7588 W NearbyFragment: Sending 20200312_194730!001.mp4 to Galaxy S8 [2802]
06-30 03:09:35.280  7588  7588 W NearbyFragment: Sending 20200312_194730!002.mp4 to Galaxy S8 [2802]
06-30 03:09:40.716  7588  7588 W NearbyFragment: Sending 20200312_194730!003.mp4 to Galaxy S8 [2802]
06-30 03:09:48.253  7588  7941 W mobile-ffmpeg: 
06-30 03:09:48.253  7588  7941 W mobile-ffmpeg: [mov,mp4,m4a,3gp,3g2,mj2 @ 0x7ab32d8200] 
06-30 03:09:48.253  7588  7941 W mobile-ffmpeg: 
06-30 03:09:48.253  7588  7941 W mobile-ffmpeg: Found duplicated MOOV Atom. Skipped it
06-30 03:09:49.676  7588  7588 W NearbyFragment: Sending 20200312_194830!000.mp4 to Galaxy S8 [2802]
06-30 03:09:49.680  7588  7588 W DashDownloadManager: Successfully downloaded 20200312_194830.mp4 in 24.090s
06-30 03:10:00.738  7588  7588 W NearbyFragment: Sending 20200312_194830!001.mp4 to Galaxy S8 [2802]
06-30 03:10:01.083  7588  7588 W NearbyFragment: Completed downloading 20200312_194830!000.mp4 from Endpoint{id=HZ7Y, name=Galaxy S8 [2802]} in 00.347s
06-30 03:10:10.723  7588  7941 W mobile-ffmpeg: 
06-30 03:10:10.723  7588  7941 W mobile-ffmpeg: [mov,mp4,m4a,3gp,3g2,mj2 @ 0x7ab32d8200] 
06-30 03:10:10.723  7588  7941 W mobile-ffmpeg: 
06-30 03:10:10.724  7588  7941 W mobile-ffmpeg: Found duplicated MOOV Atom. Skipped it
06-30 03:10:11.749  7588  7588 W NearbyFragment: Sending 20200312_194830!002.mp4 to Nexus 5 [1825]
06-30 03:10:11.752  7588  7588 W DashDownloadManager: Successfully downloaded 20200312_194930.mp4 in 21.002s
06-30 03:10:15.591  7588  7588 W NearbyFragment: Sending 20200312_194830!003.mp4 to Galaxy S8 [2802]
06-30 03:10:16.050  7588  7588 W NearbyFragment: Completed downloading 20200312_194830!001.mp4 from Endpoint{id=HZ7Y, name=Galaxy S8 [2802]} in 00.462s
06-30 03:10:19.989  7588  7588 W NearbyFragment: Sending 20200312_194930!000.mp4 to Galaxy S8 [2802]
06-30 03:10:34.264  7588  7941 W mobile-ffmpeg: 
06-30 03:10:34.264  7588  7941 W mobile-ffmpeg: [mov,mp4,m4a,3gp,3g2,mj2 @ 0x7ab32d8200] 
06-30 03:10:34.264  7588  7941 W mobile-ffmpeg: 
06-30 03:10:34.264  7588  7941 W mobile-ffmpeg: Found duplicated MOOV Atom. Skipped it
06-30 03:10:35.655  7588  7588 W NearbyFragment: Sending 20200312_194930!001.mp4 to Nexus 5X [9c8f]
06-30 03:10:35.661  7588  7588 W DashDownloadManager: Successfully downloaded 20200312_195230.mp4 in 22.830s
06-30 03:10:35.674  7588  7588 W NearbyFragment: Sending 20200312_194930!002.mp4 to Galaxy S8 [2802]
06-30 03:10:35.939  7588  7588 W NearbyFragment: Completed downloading 20200312_194930!000.mp4 from Endpoint{id=HZ7Y, name=Galaxy S8 [2802]} in 00.269s
06-30 03:10:45.584  7588  7588 W NearbyFragment: Sending 20200312_194930!003.mp4 to Nexus 5 [1825]
06-30 03:10:45.961  7588  7588 W NearbyFragment: Sending 20200312_195230!000.mp4 to Galaxy S8 [2802]
06-30 03:10:46.052  7588  7588 W NearbyFragment: Completed downloading 20200312_194830!002.mp4 from Endpoint{id=LIc5, name=Nexus 5 [1825]} in 00.471s
06-30 03:10:46.613  7588  7588 W FfmpegTools: Merged duration of 20200312_194830: 20.90
06-30 03:10:48.904  7588  7588 W NearbyFragment: Sending 20200312_195230!001.mp4 to Nexus 5X [9c8f]
06-30 03:10:49.129  7588  7588 W NearbyFragment: Completed downloading 20200312_194930!001.mp4 from Endpoint{id=Z3HZ, name=Nexus 5X [9c8f]} in 00.230s
06-30 03:10:53.636  7588  7588 W NearbyFragment: Sending 20200312_195230!002.mp4 to Galaxy S8 [2802]
06-30 03:10:59.741  7588  7588 W NearbyFragment: Sending 20200312_195230!003.mp4 to Galaxy S8 [2802]
06-30 03:11:07.682  7588  7941 W mobile-ffmpeg: 
06-30 03:11:07.682  7588  7941 W mobile-ffmpeg: [mov,mp4,m4a,3gp,3g2,mj2 @ 0x7ab32d8200] 
06-30 03:11:07.682  7588  7941 W mobile-ffmpeg: 
06-30 03:11:07.682  7588  7941 W mobile-ffmpeg: Found duplicated MOOV Atom. Skipped it
06-30 03:11:08.719  7588  7588 W NearbyFragment: Sending 20200312_195330!000.mp4 to Galaxy S8 [2802]
06-30 03:11:08.722  7588  7588 W DashDownloadManager: Successfully downloaded 20200312_195330.mp4 in 31.999s
06-30 03:11:14.888  7588  7588 W NearbyFragment: Sending 20200312_195330!001.mp4 to Nexus 5X [9c8f]
06-30 03:11:16.595  7588  7588 W NearbyFragment: Completed downloading 20200312_195230!001.mp4 from Endpoint{id=Z3HZ, name=Nexus 5X [9c8f]} in 01.710s
06-30 03:11:16.783  7588  7588 W FfmpegTools: Single segment returned, duration of 20200312_195230: 6.97
06-30 03:11:17.692  7588  7588 W NearbyFragment: Sending 20200312_195330!002.mp4 to Galaxy S8 [2802]
06-30 03:11:17.759  7588  7588 W NearbyFragment: Completed downloading 20200312_195330!000.mp4 from Endpoint{id=HZ7Y, name=Galaxy S8 [2802]} in 00.070s
06-30 03:11:22.689  7588  7588 W NearbyFragment: Sending 20200312_195330!003.mp4 to Nexus 5 [1825]
06-30 03:11:23.591  7588  7588 W NearbyFragment: Completed downloading 20200312_194930!003.mp4 from Endpoint{id=LIc5, name=Nexus 5 [1825]} in 00.904s
06-30 03:11:24.216  7588  7588 W FfmpegTools: Merged duration of 20200312_194930: 22.33
06-30 03:11:32.263  7588  7588 W NearbyFragment: Completed downloading 20200312_195330!002.mp4 from Endpoint{id=HZ7Y, name=Galaxy S8 [2802]} in 00.344s
06-30 03:11:35.506  7588  7941 W mobile-ffmpeg: 
06-30 03:11:35.506  7588  7941 W mobile-ffmpeg: [mov,mp4,m4a,3gp,3g2,mj2 @ 0x7ab32d8200] 
06-30 03:11:35.506  7588  7941 W mobile-ffmpeg: 
06-30 03:11:35.506  7588  7941 W mobile-ffmpeg: Found duplicated MOOV Atom. Skipped it
06-30 03:11:36.538  7588  7588 W NearbyFragment: Sending 20200312_195430!000.mp4 to Galaxy S8 [2802]
06-30 03:11:36.541  7588  7588 W DashDownloadManager: Successfully downloaded 20200312_195430.mp4 in 26.749s
06-30 03:11:37.549  7588  7926 W NearbyFragment: Stopped downloading from dashcam
06-30 03:11:44.445  7588  7588 W NearbyFragment: Sending 20200312_195430!001.mp4 to Nexus 5 [1825]
06-30 03:11:44.587  7588  7588 W NearbyFragment: Completed downloading 20200312_195330!003.mp4 from Endpoint{id=LIc5, name=Nexus 5 [1825]} in 00.145s
06-30 03:11:47.194  7588  7588 W NearbyFragment: Sending 20200312_195430!002.mp4 to Nexus 5X [9c8f]
06-30 03:11:47.400  7588  7588 W NearbyFragment: Sending 20200312_195430!003.mp4 to Galaxy S8 [2802]
06-30 03:11:47.705  7588  7588 W NearbyFragment: Completed downloading 20200312_195430!000.mp4 from Endpoint{id=HZ7Y, name=Galaxy S8 [2802]} in 00.307s
06-30 03:11:50.181  7588  7588 W NearbyFragment: Completed downloading 20200312_195330!001.mp4 from Endpoint{id=Z3HZ, name=Nexus 5X [9c8f]} in 02.990s
06-30 03:11:50.884  7588  7588 W FfmpegTools: Merged duration of 20200312_195330: 24.63
06-30 03:11:58.852  7588  7588 W NearbyFragment: Completed downloading 20200312_195430!003.mp4 from Endpoint{id=HZ7Y, name=Galaxy S8 [2802]} in 00.136s
06-30 03:12:07.507  7588  7588 W NearbyFragment: Completed downloading 20200312_195430!002.mp4 from Endpoint{id=Z3HZ, name=Nexus 5X [9c8f]} in 00.212s
06-30 03:12:12.914  7588  7588 W NearbyFragment: Completed downloading 20200312_195430!001.mp4 from Endpoint{id=LIc5, name=Nexus 5 [1825]} in 00.221s
06-30 03:12:13.453  7588  7588 W FfmpegTools: Merged duration of 20200312_195430: 21.94
