--------- beginning of main
06-30 03:00:10.037 22514 22514 E Zygote  : isWhitelistProcess - Process is Whitelisted
06-30 03:00:10.039 22514 22514 E Zygote  : accessInfo : 1
--------- beginning of system
06-30 03:00:11.941 22514 22514 W LogFactory: Truncating log tag length as it exceed 23, the limit imposed by Android on certain API Levels
06-30 03:01:20.348 22514 22514 W ActivityThread: handleWindowVisibility: no activity for token android.os.BinderProxy@c6be4d5
06-30 03:01:20.428 22514 22514 W example.edgesu: Accessing hidden method Landroid/graphics/drawable/Drawable;->getOpticalInsets()Landroid/graphics/Insets; (light greylist, linking)
06-30 03:01:20.428 22514 22514 W example.edgesu: Accessing hidden field Landroid/graphics/Insets;->left:I (light greylist, linking)
06-30 03:01:20.428 22514 22514 W example.edgesu: Accessing hidden field Landroid/graphics/Insets;->right:I (light greylist, linking)
06-30 03:01:20.428 22514 22514 W example.edgesu: Accessing hidden field Landroid/graphics/Insets;->top:I (light greylist, linking)
06-30 03:01:20.428 22514 22514 W example.edgesu: Accessing hidden field Landroid/graphics/Insets;->bottom:I (light greylist, linking)
06-30 03:01:20.474 22514 22514 W example.edgesu: Accessing hidden method Landroid/view/View;->computeFitSystemWindows(Landroid/graphics/Rect;Landroid/graphics/Rect;)Z (light greylist, reflection)
06-30 03:01:20.475 22514 22514 W example.edgesu: Accessing hidden method Landroid/view/ViewGroup;->makeOptionalFitsSystemWindows()V (light greylist, reflection)
06-30 03:01:20.577 22514 22514 W example.edgesu: Accessing hidden method Landroid/widget/TextView;->getTextDirectionHeuristic()Landroid/text/TextDirectionHeuristic; (light greylist, linking)
06-30 03:01:20.586 22514 22514 W example.edgesu: Accessing hidden field Landroid/view/View;->mAccessibilityDelegate:Landroid/view/View$AccessibilityDelegate; (light greylist, reflection)
06-30 03:01:20.910 22514 22514 E TransferService: No notification is passed in the intent. Unable to transition to foreground.
06-30 03:01:20.953 22514 22514 W StaticLayout: maxLineHeight should not be -1.  maxLines:1 lineCount:1
06-30 03:01:20.963 22514 22514 W StaticLayout: maxLineHeight should not be -1.  maxLines:1 lineCount:1
06-30 03:01:20.967 22514 22514 W StaticLayout: maxLineHeight should not be -1.  maxLines:1 lineCount:1
06-30 03:01:20.971 22514 22514 W StaticLayout: maxLineHeight should not be -1.  maxLines:1 lineCount:1
06-30 03:01:20.988 22514 22514 W StaticLayout: maxLineHeight should not be -1.  maxLines:1 lineCount:1
06-30 03:01:20.992 22514 22514 W StaticLayout: maxLineHeight should not be -1.  maxLines:1 lineCount:1
06-30 03:01:42.900 22514 22514 W example.edgesu: Accessing hidden method Landroid/graphics/FontFamily;-><init>()V (light greylist, reflection)
06-30 03:01:42.901 22514 22514 W example.edgesu: Accessing hidden method Landroid/graphics/FontFamily;->addFontFromAssetManager(Landroid/content/res/AssetManager;Ljava/lang/String;IZIII[Landroid/graphics/fonts/FontVariationAxis;)Z (light greylist, reflection)
06-30 03:01:42.901 22514 22514 W example.edgesu: Accessing hidden method Landroid/graphics/FontFamily;->addFontFromBuffer(Ljava/nio/ByteBuffer;I[Landroid/graphics/fonts/FontVariationAxis;II)Z (light greylist, reflection)
06-30 03:01:42.901 22514 22514 W example.edgesu: Accessing hidden method Landroid/graphics/FontFamily;->freeze()Z (light greylist, reflection)
06-30 03:01:42.901 22514 22514 W example.edgesu: Accessing hidden method Landroid/graphics/FontFamily;->abortCreation()V (light greylist, reflection)
06-30 03:01:42.902 22514 22514 W example.edgesu: Accessing hidden method Landroid/graphics/Typeface;->createFromFamiliesWithDefault([Landroid/graphics/FontFamily;Ljava/lang/String;II)Landroid/graphics/Typeface; (light greylist, reflection)
06-30 03:01:50.473 22514 22683 W libEGL  : EGLNativeWindowType 0x7300096010 disconnect failed
06-30 03:01:53.380 22514 22683 W libEGL  : EGLNativeWindowType 0x7300096010 disconnect failed
06-30 03:01:53.475 22514 22514 E ViewRootImpl: sendUserActionEvent() returned.
06-30 03:03:22.488 22514 22514 W NearbyFragment: Completed downloading 20200312_150643!000.mp4 from Endpoint{id=jfM6, name=Nexus 5X [34d8]} in 02.245s
06-30 03:03:24.959 22514 24282 W Summariser: No activity detected
06-30 03:03:25.014 22514 24282 W Summariser: Summarisation completed
06-30 03:03:25.014 22514 24282 W Summariser:   filename: 20200312_150643!000.mp4
06-30 03:03:25.014 22514 24282 W Summariser:   active sections: 0
06-30 03:03:25.014 22514 24282 W Summariser:   time: 02.296s
06-30 03:03:25.014 22514 24282 W Summariser:   original duration: 16.07
06-30 03:03:25.014 22514 24282 W Summariser:   summarised duration: -1.00
06-30 03:03:25.014 22514 24282 W Summariser:   noise tolerance: 45.00
06-30 03:03:25.014 22514 24282 W Summariser:   quality: 23
06-30 03:03:25.014 22514 24282 W Summariser:   speed: medium
06-30 03:03:25.014 22514 24282 W Summariser:   freeze duration: 1.00
06-30 03:03:27.574 22514 22514 W NearbyFragment: Completed downloading 20200312_150643!001.mp4 from Endpoint{id=jfM6, name=Nexus 5X [34d8]} in 02.511s
06-30 03:03:29.848 22514 24318 W Summariser: No activity detected
06-30 03:03:29.909 22514 24318 W Summariser: Summarisation completed
06-30 03:03:29.909 22514 24318 W Summariser:   filename: 20200312_150643!001.mp4
06-30 03:03:29.909 22514 24318 W Summariser:   active sections: 0
06-30 03:03:29.909 22514 24318 W Summariser:   time: 02.181s
06-30 03:03:29.909 22514 24318 W Summariser:   original duration: 16.01
06-30 03:03:29.909 22514 24318 W Summariser:   summarised duration: -1.00
06-30 03:03:29.909 22514 24318 W Summariser:   noise tolerance: 45.00
06-30 03:03:29.909 22514 24318 W Summariser:   quality: 23
06-30 03:03:29.909 22514 24318 W Summariser:   speed: medium
06-30 03:03:29.909 22514 24318 W Summariser:   freeze duration: 1.00
06-30 03:03:32.297 22514 22514 W NearbyFragment: Completed downloading 20200312_150643!002.mp4 from Endpoint{id=jfM6, name=Nexus 5X [34d8]} in 02.322s
06-30 03:03:34.552 22514 24353 W Summariser: No activity detected
06-30 03:03:34.612 22514 24353 W Summariser: Summarisation completed
06-30 03:03:34.612 22514 24353 W Summariser:   filename: 20200312_150643!002.mp4
06-30 03:03:34.612 22514 24353 W Summariser:   active sections: 0
06-30 03:03:34.612 22514 24353 W Summariser:   time: 02.165s
06-30 03:03:34.612 22514 24353 W Summariser:   original duration: 16.01
06-30 03:03:34.612 22514 24353 W Summariser:   summarised duration: -1.00
06-30 03:03:34.612 22514 24353 W Summariser:   noise tolerance: 45.00
06-30 03:03:34.612 22514 24353 W Summariser:   quality: 23
06-30 03:03:34.612 22514 24353 W Summariser:   speed: medium
06-30 03:03:34.612 22514 24353 W Summariser:   freeze duration: 1.00
06-30 03:03:36.420 22514 22514 W NearbyFragment: Completed downloading 20200312_150643!003.mp4 from Endpoint{id=jfM6, name=Nexus 5X [34d8]} in 01.648s
06-30 03:03:38.239 22514 24382 W Summariser: No activity detected
06-30 03:03:38.286 22514 24382 W Summariser: Summarisation completed
06-30 03:03:38.286 22514 24382 W Summariser:   filename: 20200312_150643!003.mp4
06-30 03:03:38.286 22514 24382 W Summariser:   active sections: 0
06-30 03:03:38.286 22514 24382 W Summariser:   time: 01.741s
06-30 03:03:38.286 22514 24382 W Summariser:   original duration: 12.01
06-30 03:03:38.286 22514 24382 W Summariser:   summarised duration: -1.00
06-30 03:03:38.286 22514 24382 W Summariser:   noise tolerance: 45.00
06-30 03:03:38.286 22514 24382 W Summariser:   quality: 23
06-30 03:03:38.286 22514 24382 W Summariser:   speed: medium
06-30 03:03:38.286 22514 24382 W Summariser:   freeze duration: 1.00
06-30 03:03:45.881 22514 22514 W NearbyFragment: Completed downloading 20200312_150744!000.mp4 from Endpoint{id=jfM6, name=Nexus 5X [34d8]} in 02.283s
06-30 03:03:48.097 22514 24412 W Summariser: No activity detected
06-30 03:03:48.146 22514 24412 W Summariser: Summarisation completed
06-30 03:03:48.146 22514 24412 W Summariser:   filename: 20200312_150744!000.mp4
06-30 03:03:48.146 22514 24412 W Summariser:   active sections: 0
06-30 03:03:48.146 22514 24412 W Summariser:   time: 02.106s
06-30 03:03:48.146 22514 24412 W Summariser:   original duration: 16.07
06-30 03:03:48.146 22514 24412 W Summariser:   summarised duration: -1.00
06-30 03:03:48.146 22514 24412 W Summariser:   noise tolerance: 45.00
06-30 03:03:48.146 22514 24412 W Summariser:   quality: 23
06-30 03:03:48.146 22514 24412 W Summariser:   speed: medium
06-30 03:03:48.146 22514 24412 W Summariser:   freeze duration: 1.00
06-30 03:03:48.186 22514 22523 W System  : A resource failed to call close. 
06-30 03:03:48.193 22514 22523 W System  : A resource failed to call close. 
06-30 03:03:50.695 22514 22514 W NearbyFragment: Completed downloading 20200312_150744!001.mp4 from Endpoint{id=jfM6, name=Nexus 5X [34d8]} in 02.494s
06-30 03:03:52.979 22514 24445 W Summariser: No activity detected
06-30 03:03:53.040 22514 24445 W Summariser: Summarisation completed
06-30 03:03:53.040 22514 24445 W Summariser:   filename: 20200312_150744!001.mp4
06-30 03:03:53.040 22514 24445 W Summariser:   active sections: 0
06-30 03:03:53.040 22514 24445 W Summariser:   time: 02.201s
06-30 03:03:53.040 22514 24445 W Summariser:   original duration: 16.02
06-30 03:03:53.040 22514 24445 W Summariser:   summarised duration: -1.00
06-30 03:03:53.040 22514 24445 W Summariser:   noise tolerance: 45.00
06-30 03:03:53.040 22514 24445 W Summariser:   quality: 23
06-30 03:03:53.040 22514 24445 W Summariser:   speed: medium
06-30 03:03:53.040 22514 24445 W Summariser:   freeze duration: 1.00
06-30 03:03:56.756 22514 22514 W NearbyFragment: Completed downloading 20200312_150744!002.mp4 from Endpoint{id=jfM6, name=Nexus 5X [34d8]} in 03.617s
06-30 03:03:59.057 22514 24476 W Summariser: No activity detected
06-30 03:03:59.116 22514 24476 W Summariser: Summarisation completed
06-30 03:03:59.116 22514 24476 W Summariser:   filename: 20200312_150744!002.mp4
06-30 03:03:59.116 22514 24476 W Summariser:   active sections: 0
06-30 03:03:59.116 22514 24476 W Summariser:   time: 02.196s
06-30 03:03:59.116 22514 24476 W Summariser:   original duration: 16.01
06-30 03:03:59.116 22514 24476 W Summariser:   summarised duration: -1.00
06-30 03:03:59.116 22514 24476 W Summariser:   noise tolerance: 45.00
06-30 03:03:59.116 22514 24476 W Summariser:   quality: 23
06-30 03:03:59.116 22514 24476 W Summariser:   speed: medium
06-30 03:03:59.116 22514 24476 W Summariser:   freeze duration: 1.00
06-30 03:04:01.596 22514 22514 W NearbyFragment: Completed downloading 20200312_150744!003.mp4 from Endpoint{id=jfM6, name=Nexus 5X [34d8]} in 02.353s
06-30 03:04:03.538 22514 24506 W Summariser: 1 active sections found
06-30 03:04:09.762 22514 24506 W Summariser: Summarisation completed
06-30 03:04:09.762 22514 24506 W Summariser:   filename: 20200312_150744!003.mp4
06-30 03:04:09.762 22514 24506 W Summariser:   active sections: 1
06-30 03:04:09.762 22514 24506 W Summariser:   time: 07.856s
06-30 03:04:09.762 22514 24506 W Summariser:   original duration: 12.03
06-30 03:04:09.762 22514 24506 W Summariser:   summarised duration: 4.89
06-30 03:04:09.762 22514 24506 W Summariser:   noise tolerance: 45.00
06-30 03:04:09.762 22514 24506 W Summariser:   quality: 23
06-30 03:04:09.762 22514 24506 W Summariser:   speed: medium
06-30 03:04:09.762 22514 24506 W Summariser:   freeze duration: 1.00
06-30 03:04:09.917 22514 24506 W NearbyFragment: Sending 20200312_150744!003.mp4 to Nexus 5X [34d8]
06-30 03:04:14.775 22514 22514 W NearbyFragment: Completed downloading 20200312_150844!001.mp4 from Endpoint{id=jfM6, name=Nexus 5X [34d8]} in 04.565s
06-30 03:04:17.097 22514 24572 W Summariser: Whole video is active
06-30 03:04:17.664 22514 24572 W Summariser: Summarisation completed
06-30 03:04:17.664 22514 24572 W Summariser:   filename: 20200312_150844!001.mp4
06-30 03:04:17.664 22514 24572 W Summariser:   active sections: -1
06-30 03:04:17.664 22514 24572 W Summariser:   time: 02.655s
06-30 03:04:17.664 22514 24572 W Summariser:   original duration: 16.01
06-30 03:04:17.664 22514 24572 W Summariser:   summarised duration: 16.01
06-30 03:04:17.664 22514 24572 W Summariser:   noise tolerance: 45.00
06-30 03:04:17.664 22514 24572 W Summariser:   quality: 23
06-30 03:04:17.664 22514 24572 W Summariser:   speed: medium
06-30 03:04:17.664 22514 24572 W Summariser:   freeze duration: 1.00
06-30 03:04:17.785 22514 24572 W NearbyFragment: Sending 20200312_150844!001.mp4 to Nexus 5X [34d8]
06-30 03:04:22.299 22514 22514 W NearbyFragment: Completed downloading 20200312_150844!002.mp4 from Endpoint{id=jfM6, name=Nexus 5X [34d8]} in 04.419s
06-30 03:04:24.578 22514 24607 W Summariser: Whole video is active
06-30 03:04:25.133 22514 24607 W Summariser: Summarisation completed
06-30 03:04:25.133 22514 24607 W Summariser:   filename: 20200312_150844!002.mp4
06-30 03:04:25.133 22514 24607 W Summariser:   active sections: -1
06-30 03:04:25.133 22514 24607 W Summariser:   time: 02.616s
06-30 03:04:25.133 22514 24607 W Summariser:   original duration: 16.01
06-30 03:04:25.133 22514 24607 W Summariser:   summarised duration: 16.01
06-30 03:04:25.133 22514 24607 W Summariser:   noise tolerance: 45.00
06-30 03:04:25.133 22514 24607 W Summariser:   quality: 23
06-30 03:04:25.133 22514 24607 W Summariser:   speed: medium
06-30 03:04:25.133 22514 24607 W Summariser:   freeze duration: 1.00
06-30 03:04:25.190 22514 24607 W NearbyFragment: Sending 20200312_150844!002.mp4 to Nexus 5X [34d8]
06-30 03:04:47.057 22514 22514 W NearbyFragment: Completed downloading 20200312_150944!000.mp4 from Endpoint{id=jfM6, name=Nexus 5X [34d8]} in 03.250s
06-30 03:04:49.410 22514 24648 W Summariser: 1 active sections found
06-30 03:04:56.650 22514 24648 W Summariser: Summarisation completed
06-30 03:04:56.650 22514 24648 W Summariser:   filename: 20200312_150944!000.mp4
06-30 03:04:56.650 22514 24648 W Summariser:   active sections: 1
06-30 03:04:56.650 22514 24648 W Summariser:   time: 09.340s
06-30 03:04:56.650 22514 24648 W Summariser:   original duration: 16.06
06-30 03:04:56.650 22514 24648 W Summariser:   summarised duration: 7.07
06-30 03:04:56.650 22514 24648 W Summariser:   noise tolerance: 45.00
06-30 03:04:56.650 22514 24648 W Summariser:   quality: 23
06-30 03:04:56.650 22514 24648 W Summariser:   speed: medium
06-30 03:04:56.650 22514 24648 W Summariser:   freeze duration: 1.00
06-30 03:04:56.744 22514 24648 W NearbyFragment: Sending 20200312_150944!000.mp4 to Nexus 5X [34d8]
06-30 03:04:58.790 22514 22523 W System  : A resource failed to call close. 
06-30 03:04:58.792 22514 22523 W System  : A resource failed to call close. 
06-30 03:04:58.793 22514 22523 W System  : A resource failed to call close. 
06-30 03:04:58.795 22514 22523 W System  : A resource failed to call close. 
06-30 03:05:00.238 22514 22514 W NearbyFragment: Completed downloading 20200312_150944!001.mp4 from Endpoint{id=jfM6, name=Nexus 5X [34d8]} in 03.390s
06-30 03:05:02.609 22514 24725 W Summariser: No activity detected
06-30 03:05:02.671 22514 24725 W Summariser: Summarisation completed
06-30 03:05:02.671 22514 24725 W Summariser:   filename: 20200312_150944!001.mp4
06-30 03:05:02.671 22514 24725 W Summariser:   active sections: 0
06-30 03:05:02.671 22514 24725 W Summariser:   time: 02.284s
06-30 03:05:02.671 22514 24725 W Summariser:   original duration: 16.01
06-30 03:05:02.671 22514 24725 W Summariser:   summarised duration: -1.00
06-30 03:05:02.671 22514 24725 W Summariser:   noise tolerance: 45.00
06-30 03:05:02.671 22514 24725 W Summariser:   quality: 23
06-30 03:05:02.671 22514 24725 W Summariser:   speed: medium
06-30 03:05:02.671 22514 24725 W Summariser:   freeze duration: 1.00
06-30 03:05:05.622 22514 22514 W NearbyFragment: Completed downloading 20200312_150944!002.mp4 from Endpoint{id=jfM6, name=Nexus 5X [34d8]} in 02.869s
06-30 03:05:07.895 22514 24761 W Summariser: No activity detected
06-30 03:05:07.953 22514 24761 W Summariser: Summarisation completed
06-30 03:05:07.953 22514 24761 W Summariser:   filename: 20200312_150944!002.mp4
06-30 03:05:07.953 22514 24761 W Summariser:   active sections: 0
06-30 03:05:07.953 22514 24761 W Summariser:   time: 02.164s
06-30 03:05:07.953 22514 24761 W Summariser:   original duration: 16.01
06-30 03:05:07.953 22514 24761 W Summariser:   summarised duration: -1.00
06-30 03:05:07.953 22514 24761 W Summariser:   noise tolerance: 45.00
06-30 03:05:07.953 22514 24761 W Summariser:   quality: 23
06-30 03:05:07.953 22514 24761 W Summariser:   speed: medium
06-30 03:05:07.953 22514 24761 W Summariser:   freeze duration: 1.00
06-30 03:05:14.379 22514 22514 W NearbyFragment: Completed downloading 20200312_151044!000.mp4 from Endpoint{id=jfM6, name=Nexus 5X [34d8]} in 06.377s
06-30 03:05:16.795 22514 24799 W Summariser: No activity detected
06-30 03:05:16.844 22514 24799 W Summariser: Summarisation completed
06-30 03:05:16.844 22514 24799 W Summariser:   filename: 20200312_151044!000.mp4
06-30 03:05:16.844 22514 24799 W Summariser:   active sections: 0
06-30 03:05:16.844 22514 24799 W Summariser:   time: 02.324s
06-30 03:05:16.844 22514 24799 W Summariser:   original duration: 16.07
06-30 03:05:16.844 22514 24799 W Summariser:   summarised duration: -1.00
06-30 03:05:16.844 22514 24799 W Summariser:   noise tolerance: 45.00
06-30 03:05:16.844 22514 24799 W Summariser:   quality: 23
06-30 03:05:16.844 22514 24799 W Summariser:   speed: medium
06-30 03:05:16.844 22514 24799 W Summariser:   freeze duration: 1.00
06-30 03:05:22.322 22514 22514 W NearbyFragment: Completed downloading 20200312_151044!002.mp4 from Endpoint{id=jfM6, name=Nexus 5X [34d8]} in 05.225s
06-30 03:05:24.664 22514 24834 W Summariser: No activity detected
06-30 03:05:24.746 22514 24834 W Summariser: Summarisation completed
06-30 03:05:24.746 22514 24834 W Summariser:   filename: 20200312_151044!002.mp4
06-30 03:05:24.746 22514 24834 W Summariser:   active sections: 0
06-30 03:05:24.746 22514 24834 W Summariser:   time: 02.244s
06-30 03:05:24.746 22514 24834 W Summariser:   original duration: 16.01
06-30 03:05:24.746 22514 24834 W Summariser:   summarised duration: -1.00
06-30 03:05:24.746 22514 24834 W Summariser:   noise tolerance: 45.00
06-30 03:05:24.746 22514 24834 W Summariser:   quality: 23
06-30 03:05:24.746 22514 24834 W Summariser:   speed: medium
06-30 03:05:24.746 22514 24834 W Summariser:   freeze duration: 1.00
06-30 03:05:27.173 22514 22514 W NearbyFragment: Completed downloading 20200312_151044!003.mp4 from Endpoint{id=jfM6, name=Nexus 5X [34d8]} in 02.353s
06-30 03:05:29.040 22514 24868 W Summariser: No activity detected
06-30 03:05:29.089 22514 24868 W Summariser: Summarisation completed
06-30 03:05:29.089 22514 24868 W Summariser:   filename: 20200312_151044!003.mp4
06-30 03:05:29.089 22514 24868 W Summariser:   active sections: 0
06-30 03:05:29.089 22514 24868 W Summariser:   time: 01.763s
06-30 03:05:29.089 22514 24868 W Summariser:   original duration: 12.03
06-30 03:05:29.089 22514 24868 W Summariser:   summarised duration: -1.00
06-30 03:05:29.089 22514 24868 W Summariser:   noise tolerance: 45.00
06-30 03:05:29.089 22514 24868 W Summariser:   quality: 23
06-30 03:05:29.089 22514 24868 W Summariser:   speed: medium
06-30 03:05:29.089 22514 24868 W Summariser:   freeze duration: 1.00
06-30 03:05:42.620 22514 22514 W NearbyFragment: Completed downloading 20200312_193528!000.mp4 from Endpoint{id=jfM6, name=Nexus 5X [34d8]} in 02.776s
06-30 03:05:44.941 22514 24900 W Summariser: No activity detected
06-30 03:05:44.967 22514 24900 W Summariser: Summarisation completed
06-30 03:05:44.967 22514 24900 W Summariser:   filename: 20200312_193528!000.mp4
06-30 03:05:44.967 22514 24900 W Summariser:   active sections: 0
06-30 03:05:44.967 22514 24900 W Summariser:   time: 02.220s
06-30 03:05:44.967 22514 24900 W Summariser:   original duration: 16.06
06-30 03:05:44.967 22514 24900 W Summariser:   summarised duration: -1.00
06-30 03:05:44.967 22514 24900 W Summariser:   noise tolerance: 45.00
06-30 03:05:44.967 22514 24900 W Summariser:   quality: 23
06-30 03:05:44.967 22514 24900 W Summariser:   speed: medium
06-30 03:05:44.967 22514 24900 W Summariser:   freeze duration: 1.00
06-30 03:05:47.984 22514 22514 W NearbyFragment: Completed downloading 20200312_193528!001.mp4 from Endpoint{id=jfM6, name=Nexus 5X [34d8]} in 02.925s
06-30 03:05:50.182 22514 24931 W Summariser: No activity detected
06-30 03:05:50.228 22514 24931 W Summariser: Summarisation completed
06-30 03:05:50.228 22514 24931 W Summariser:   filename: 20200312_193528!001.mp4
06-30 03:05:50.228 22514 24931 W Summariser:   active sections: 0
06-30 03:05:50.228 22514 24931 W Summariser:   time: 02.119s
06-30 03:05:50.228 22514 24931 W Summariser:   original duration: 16.01
06-30 03:05:50.228 22514 24931 W Summariser:   summarised duration: -1.00
06-30 03:05:50.228 22514 24931 W Summariser:   noise tolerance: 45.00
06-30 03:05:50.228 22514 24931 W Summariser:   quality: 23
06-30 03:05:50.228 22514 24931 W Summariser:   speed: medium
06-30 03:05:50.228 22514 24931 W Summariser:   freeze duration: 1.00
06-30 03:05:53.536 22514 22514 W NearbyFragment: Completed downloading 20200312_193528!002.mp4 from Endpoint{id=jfM6, name=Nexus 5X [34d8]} in 03.248s
06-30 03:05:55.885 22514 24961 W Summariser: No activity detected
06-30 03:05:55.932 22514 24961 W Summariser: Summarisation completed
06-30 03:05:55.932 22514 24961 W Summariser:   filename: 20200312_193528!002.mp4
06-30 03:05:55.932 22514 24961 W Summariser:   active sections: 0
06-30 03:05:55.932 22514 24961 W Summariser:   time: 02.245s
06-30 03:05:55.932 22514 24961 W Summariser:   original duration: 16.06
06-30 03:05:55.932 22514 24961 W Summariser:   summarised duration: -1.00
06-30 03:05:55.932 22514 24961 W Summariser:   noise tolerance: 45.00
06-30 03:05:55.932 22514 24961 W Summariser:   quality: 23
06-30 03:05:55.932 22514 24961 W Summariser:   speed: medium
06-30 03:05:55.932 22514 24961 W Summariser:   freeze duration: 1.00
06-30 03:05:58.588 22514 22514 W NearbyFragment: Completed downloading 20200312_193528!003.mp4 from Endpoint{id=jfM6, name=Nexus 5X [34d8]} in 02.584s
06-30 03:06:00.354 22514 24996 W Summariser: No activity detected
06-30 03:06:00.415 22514 24996 W Summariser: Summarisation completed
06-30 03:06:00.415 22514 24996 W Summariser:   filename: 20200312_193528!003.mp4
06-30 03:06:00.415 22514 24996 W Summariser:   active sections: 0
06-30 03:06:00.415 22514 24996 W Summariser:   time: 01.664s
06-30 03:06:00.415 22514 24996 W Summariser:   original duration: 12.01
06-30 03:06:00.415 22514 24996 W Summariser:   summarised duration: -1.00
06-30 03:06:00.415 22514 24996 W Summariser:   noise tolerance: 45.00
06-30 03:06:00.415 22514 24996 W Summariser:   quality: 23
06-30 03:06:00.415 22514 24996 W Summariser:   speed: medium
06-30 03:06:00.415 22514 24996 W Summariser:   freeze duration: 1.00
06-30 03:06:00.444 22514 22523 W System  : A resource failed to call close. 
06-30 03:06:00.454 22514 22523 W System  : A resource failed to call close. 
06-30 03:06:08.273 22514 22514 W NearbyFragment: Completed downloading 20200312_193628!000.mp4 from Endpoint{id=jfM6, name=Nexus 5X [34d8]} in 03.148s
06-30 03:06:10.663 22514 25027 W Summariser: No activity detected
06-30 03:06:10.707 22514 25027 W Summariser: Summarisation completed
06-30 03:06:10.707 22514 25027 W Summariser:   filename: 20200312_193628!000.mp4
06-30 03:06:10.707 22514 25027 W Summariser:   active sections: 0
06-30 03:06:10.707 22514 25027 W Summariser:   time: 02.306s
06-30 03:06:10.707 22514 25027 W Summariser:   original duration: 16.07
06-30 03:06:10.707 22514 25027 W Summariser:   summarised duration: -1.00
06-30 03:06:10.707 22514 25027 W Summariser:   noise tolerance: 45.00
06-30 03:06:10.707 22514 25027 W Summariser:   quality: 23
06-30 03:06:10.707 22514 25027 W Summariser:   speed: medium
06-30 03:06:10.707 22514 25027 W Summariser:   freeze duration: 1.00
06-30 03:06:13.598 22514 22514 W NearbyFragment: Completed downloading 20200312_193628!001.mp4 from Endpoint{id=jfM6, name=Nexus 5X [34d8]} in 02.789s
06-30 03:06:15.884 22514 25085 W Summariser: No activity detected
06-30 03:06:15.940 22514 25085 W Summariser: Summarisation completed
06-30 03:06:15.940 22514 25085 W Summariser:   filename: 20200312_193628!001.mp4
06-30 03:06:15.940 22514 25085 W Summariser:   active sections: 0
06-30 03:06:15.940 22514 25085 W Summariser:   time: 02.183s
06-30 03:06:15.940 22514 25085 W Summariser:   original duration: 16.01
06-30 03:06:15.940 22514 25085 W Summariser:   summarised duration: -1.00
06-30 03:06:15.940 22514 25085 W Summariser:   noise tolerance: 45.00
06-30 03:06:15.940 22514 25085 W Summariser:   quality: 23
06-30 03:06:15.940 22514 25085 W Summariser:   speed: medium
06-30 03:06:15.940 22514 25085 W Summariser:   freeze duration: 1.00
06-30 03:06:19.860 22514 22514 W NearbyFragment: Completed downloading 20200312_193628!002.mp4 from Endpoint{id=jfM6, name=Nexus 5X [34d8]} in 03.873s
06-30 03:06:22.108 22514 25119 W Summariser: No activity detected
06-30 03:06:22.165 22514 25119 W Summariser: Summarisation completed
06-30 03:06:22.165 22514 25119 W Summariser:   filename: 20200312_193628!002.mp4
06-30 03:06:22.165 22514 25119 W Summariser:   active sections: 0
06-30 03:06:22.165 22514 25119 W Summariser:   time: 02.138s
06-30 03:06:22.165 22514 25119 W Summariser:   original duration: 16.02
06-30 03:06:22.165 22514 25119 W Summariser:   summarised duration: -1.00
06-30 03:06:22.165 22514 25119 W Summariser:   noise tolerance: 45.00
06-30 03:06:22.165 22514 25119 W Summariser:   quality: 23
06-30 03:06:22.165 22514 25119 W Summariser:   speed: medium
06-30 03:06:22.165 22514 25119 W Summariser:   freeze duration: 1.00
06-30 03:06:24.767 22514 22514 W NearbyFragment: Completed downloading 20200312_193628!003.mp4 from Endpoint{id=jfM6, name=Nexus 5X [34d8]} in 02.485s
06-30 03:06:26.624 22514 25152 W Summariser: 1 active sections found
06-30 03:06:34.019 22514 25152 W Summariser: Summarisation completed
06-30 03:06:34.019 22514 25152 W Summariser:   filename: 20200312_193628!003.mp4
06-30 03:06:34.019 22514 25152 W Summariser:   active sections: 1
06-30 03:06:34.019 22514 25152 W Summariser:   time: 09.052s
06-30 03:06:34.019 22514 25152 W Summariser:   original duration: 12.03
06-30 03:06:34.019 22514 25152 W Summariser:   summarised duration: 6.16
06-30 03:06:34.019 22514 25152 W Summariser:   noise tolerance: 45.00
06-30 03:06:34.019 22514 25152 W Summariser:   quality: 23
06-30 03:06:34.019 22514 25152 W Summariser:   speed: medium
06-30 03:06:34.019 22514 25152 W Summariser:   freeze duration: 1.00
06-30 03:06:34.087 22514 25152 W NearbyFragment: Sending 20200312_193628!003.mp4 to Nexus 5X [34d8]
06-30 03:06:37.967 22514 22514 W NearbyFragment: Completed downloading 20200312_193728!001.mp4 from Endpoint{id=jfM6, name=Nexus 5X [34d8]} in 03.707s
06-30 03:06:40.313 22514 25228 W Summariser: Whole video is active
06-30 03:06:40.843 22514 25228 W Summariser: Summarisation completed
06-30 03:06:40.843 22514 25228 W Summariser:   filename: 20200312_193728!001.mp4
06-30 03:06:40.843 22514 25228 W Summariser:   active sections: -1
06-30 03:06:40.843 22514 25228 W Summariser:   time: 02.642s
06-30 03:06:40.843 22514 25228 W Summariser:   original duration: 16.01
06-30 03:06:40.843 22514 25228 W Summariser:   summarised duration: 16.01
06-30 03:06:40.843 22514 25228 W Summariser:   noise tolerance: 45.00
06-30 03:06:40.843 22514 25228 W Summariser:   quality: 23
06-30 03:06:40.843 22514 25228 W Summariser:   speed: medium
06-30 03:06:40.843 22514 25228 W Summariser:   freeze duration: 1.00
06-30 03:06:40.903 22514 25228 W NearbyFragment: Sending 20200312_193728!001.mp4 to Nexus 5X [34d8]
06-30 03:06:48.082 22514 22514 W NearbyFragment: Completed downloading 20200312_193728!002.mp4 from Endpoint{id=jfM6, name=Nexus 5X [34d8]} in 07.071s
06-30 03:06:50.521 22514 25260 W Summariser: Whole video is active
06-30 03:06:50.975 22514 25260 W Summariser: Summarisation completed
06-30 03:06:50.975 22514 25260 W Summariser:   filename: 20200312_193728!002.mp4
06-30 03:06:50.975 22514 25260 W Summariser:   active sections: -1
06-30 03:06:50.975 22514 25260 W Summariser:   time: 02.724s
06-30 03:06:50.975 22514 25260 W Summariser:   original duration: 16.01
06-30 03:06:50.975 22514 25260 W Summariser:   summarised duration: 16.01
06-30 03:06:50.975 22514 25260 W Summariser:   noise tolerance: 45.00
06-30 03:06:50.975 22514 25260 W Summariser:   quality: 23
06-30 03:06:50.975 22514 25260 W Summariser:   speed: medium
06-30 03:06:50.975 22514 25260 W Summariser:   freeze duration: 1.00
06-30 03:06:51.058 22514 25260 W NearbyFragment: Sending 20200312_193728!002.mp4 to Nexus 5X [34d8]
06-30 03:07:11.879 22514 22514 W NearbyFragment: Completed downloading 20200312_193828!000.mp4 from Endpoint{id=jfM6, name=Nexus 5X [34d8]} in 03.089s
06-30 03:07:12.076 22514 22523 W System  : A resource failed to call close. 
06-30 03:07:12.081 22514 22523 W System  : A resource failed to call close. 
06-30 03:07:14.213 22514 25300 W Summariser: 1 active sections found
06-30 03:07:28.347 22514 25300 W Summariser: Summarisation completed
06-30 03:07:28.347 22514 25300 W Summariser:   filename: 20200312_193828!000.mp4
06-30 03:07:28.347 22514 25300 W Summariser:   active sections: 1
06-30 03:07:28.347 22514 25300 W Summariser:   time: 16.228s
06-30 03:07:28.347 22514 25300 W Summariser:   original duration: 16.06
06-30 03:07:28.347 22514 25300 W Summariser:   summarised duration: 14.28
06-30 03:07:28.347 22514 25300 W Summariser:   noise tolerance: 45.00
06-30 03:07:28.347 22514 25300 W Summariser:   quality: 23
06-30 03:07:28.347 22514 25300 W Summariser:   speed: medium
06-30 03:07:28.347 22514 25300 W Summariser:   freeze duration: 1.00
06-30 03:07:28.422 22514 25300 W NearbyFragment: Sending 20200312_193828!000.mp4 to Nexus 5X [34d8]
06-30 03:07:36.041 22514 22514 W NearbyFragment: Completed downloading 20200312_193828!002.mp4 from Endpoint{id=jfM6, name=Nexus 5X [34d8]} in 06.621s
06-30 03:07:38.394 22514 25376 W Summariser: No activity detected
06-30 03:07:38.450 22514 25376 W Summariser: Summarisation completed
06-30 03:07:38.450 22514 25376 W Summariser:   filename: 20200312_193828!002.mp4
06-30 03:07:38.450 22514 25376 W Summariser:   active sections: 0
06-30 03:07:38.450 22514 25376 W Summariser:   time: 02.269s
06-30 03:07:38.450 22514 25376 W Summariser:   original duration: 16.01
06-30 03:07:38.450 22514 25376 W Summariser:   summarised duration: -1.00
06-30 03:07:38.450 22514 25376 W Summariser:   noise tolerance: 45.00
06-30 03:07:38.450 22514 25376 W Summariser:   quality: 23
06-30 03:07:38.450 22514 25376 W Summariser:   speed: medium
06-30 03:07:38.450 22514 25376 W Summariser:   freeze duration: 1.00
06-30 03:07:40.835 22514 22514 W NearbyFragment: Completed downloading 20200312_193828!003.mp4 from Endpoint{id=jfM6, name=Nexus 5X [34d8]} in 02.292s
06-30 03:07:42.592 22514 25408 W Summariser: No activity detected
06-30 03:07:42.617 22514 25408 W Summariser: Summarisation completed
06-30 03:07:42.617 22514 25408 W Summariser:   filename: 20200312_193828!003.mp4
06-30 03:07:42.617 22514 25408 W Summariser:   active sections: 0
06-30 03:07:42.617 22514 25408 W Summariser:   time: 01.677s
06-30 03:07:42.617 22514 25408 W Summariser:   original duration: 12.01
06-30 03:07:42.617 22514 25408 W Summariser:   summarised duration: -1.00
06-30 03:07:42.617 22514 25408 W Summariser:   noise tolerance: 45.00
06-30 03:07:42.617 22514 25408 W Summariser:   quality: 23
06-30 03:07:42.617 22514 25408 W Summariser:   speed: medium
06-30 03:07:42.617 22514 25408 W Summariser:   freeze duration: 1.00
06-30 03:07:47.105 22514 22514 W NearbyFragment: Completed downloading 20200312_193928!001.mp4 from Endpoint{id=jfM6, name=Nexus 5X [34d8]} in 03.970s
06-30 03:07:49.392 22514 25439 W Summariser: No activity detected
06-30 03:07:49.455 22514 25439 W Summariser: Summarisation completed
06-30 03:07:49.455 22514 25439 W Summariser:   filename: 20200312_193928!001.mp4
06-30 03:07:49.455 22514 25439 W Summariser:   active sections: 0
06-30 03:07:49.455 22514 25439 W Summariser:   time: 02.189s
06-30 03:07:49.455 22514 25439 W Summariser:   original duration: 16.05
06-30 03:07:49.455 22514 25439 W Summariser:   summarised duration: -1.00
06-30 03:07:49.455 22514 25439 W Summariser:   noise tolerance: 45.00
06-30 03:07:49.455 22514 25439 W Summariser:   quality: 23
06-30 03:07:49.455 22514 25439 W Summariser:   speed: medium
06-30 03:07:49.455 22514 25439 W Summariser:   freeze duration: 1.00
06-30 03:07:52.330 22514 22514 W NearbyFragment: Completed downloading 20200312_193928!002.mp4 from Endpoint{id=jfM6, name=Nexus 5X [34d8]} in 02.785s
06-30 03:07:54.694 22514 25470 W Summariser: No activity detected
06-30 03:07:54.740 22514 25470 W Summariser: Summarisation completed
06-30 03:07:54.740 22514 25470 W Summariser:   filename: 20200312_193928!002.mp4
06-30 03:07:54.740 22514 25470 W Summariser:   active sections: 0
06-30 03:07:54.740 22514 25470 W Summariser:   time: 02.251s
06-30 03:07:54.740 22514 25470 W Summariser:   original duration: 16.06
06-30 03:07:54.740 22514 25470 W Summariser:   summarised duration: -1.00
06-30 03:07:54.740 22514 25470 W Summariser:   noise tolerance: 45.00
06-30 03:07:54.740 22514 25470 W Summariser:   quality: 23
06-30 03:07:54.740 22514 25470 W Summariser:   speed: medium
06-30 03:07:54.740 22514 25470 W Summariser:   freeze duration: 1.00
06-30 03:08:07.317 22514 22514 W NearbyFragment: Completed downloading 20200312_194129!000.mp4 from Endpoint{id=jfM6, name=Nexus 5X [34d8]} in 02.589s
06-30 03:08:09.661 22514 25502 W Summariser: No activity detected
06-30 03:08:09.705 22514 25502 W Summariser: Summarisation completed
06-30 03:08:09.705 22514 25502 W Summariser:   filename: 20200312_194129!000.mp4
06-30 03:08:09.705 22514 25502 W Summariser:   active sections: 0
06-30 03:08:09.705 22514 25502 W Summariser:   time: 02.238s
06-30 03:08:09.705 22514 25502 W Summariser:   original duration: 16.07
06-30 03:08:09.705 22514 25502 W Summariser:   summarised duration: -1.00
06-30 03:08:09.705 22514 25502 W Summariser:   noise tolerance: 45.00
06-30 03:08:09.705 22514 25502 W Summariser:   quality: 23
06-30 03:08:09.705 22514 25502 W Summariser:   speed: medium
06-30 03:08:09.705 22514 25502 W Summariser:   freeze duration: 1.00
06-30 03:08:12.791 22514 22514 W NearbyFragment: Completed downloading 20200312_194129!001.mp4 from Endpoint{id=jfM6, name=Nexus 5X [34d8]} in 03.012s
06-30 03:08:15.167 22514 25539 W Summariser: 1 active sections found
06-30 03:08:19.782 22514 25539 W Summariser: Summarisation completed
06-30 03:08:19.782 22514 25539 W Summariser:   filename: 20200312_194129!001.mp4
06-30 03:08:19.782 22514 25539 W Summariser:   active sections: 1
06-30 03:08:19.782 22514 25539 W Summariser:   time: 06.722s
06-30 03:08:19.782 22514 25539 W Summariser:   original duration: 16.02
06-30 03:08:19.782 22514 25539 W Summariser:   summarised duration: 2.97
06-30 03:08:19.782 22514 25539 W Summariser:   noise tolerance: 45.00
06-30 03:08:19.782 22514 25539 W Summariser:   quality: 23
06-30 03:08:19.782 22514 25539 W Summariser:   speed: medium
06-30 03:08:19.782 22514 25539 W Summariser:   freeze duration: 1.00
06-30 03:08:19.909 22514 25539 W NearbyFragment: Sending 20200312_194129!001.mp4 to Nexus 5X [34d8]
06-30 03:08:23.093 22514 22514 W NearbyFragment: Completed downloading 20200312_194129!002.mp4 from Endpoint{id=jfM6, name=Nexus 5X [34d8]} in 03.081s
06-30 03:08:25.476 22514 25605 W Summariser: 1 active sections found
06-30 03:08:32.566 22514 25605 W Summariser: Summarisation completed
06-30 03:08:32.566 22514 25605 W Summariser:   filename: 20200312_194129!002.mp4
06-30 03:08:32.566 22514 25605 W Summariser:   active sections: 1
06-30 03:08:32.566 22514 25605 W Summariser:   time: 09.208s
06-30 03:08:32.566 22514 25605 W Summariser:   original duration: 16.01
06-30 03:08:32.566 22514 25605 W Summariser:   summarised duration: 7.37
06-30 03:08:32.566 22514 25605 W Summariser:   noise tolerance: 45.00
06-30 03:08:32.566 22514 25605 W Summariser:   quality: 23
06-30 03:08:32.566 22514 25605 W Summariser:   speed: medium
06-30 03:08:32.566 22514 25605 W Summariser:   freeze duration: 1.00
06-30 03:08:32.711 22514 25605 W NearbyFragment: Sending 20200312_194129!002.mp4 to Nexus 5X [34d8]
06-30 03:08:33.756 22514 22523 W System  : A resource failed to call close. 
06-30 03:08:33.758 22514 22523 W System  : A resource failed to call close. 
06-30 03:08:33.758 22514 22523 W System  : A resource failed to call close. 
06-30 03:08:33.760 22514 22523 W System  : A resource failed to call close. 
06-30 03:08:36.051 22514 22514 W NearbyFragment: Completed downloading 20200312_194229!000.mp4 from Endpoint{id=jfM6, name=Nexus 5X [34d8]} in 03.246s
06-30 03:08:38.464 22514 25671 W Summariser: 1 active sections found
06-30 03:08:45.307 22514 25671 W Summariser: Summarisation completed
06-30 03:08:45.307 22514 25671 W Summariser:   filename: 20200312_194229!000.mp4
06-30 03:08:45.307 22514 25671 W Summariser:   active sections: 1
06-30 03:08:45.307 22514 25671 W Summariser:   time: 09.045s
06-30 03:08:45.307 22514 25671 W Summariser:   original duration: 16.06
06-30 03:08:45.307 22514 25671 W Summariser:   summarised duration: 5.62
06-30 03:08:45.307 22514 25671 W Summariser:   noise tolerance: 45.00
06-30 03:08:45.307 22514 25671 W Summariser:   quality: 23
06-30 03:08:45.307 22514 25671 W Summariser:   speed: medium
06-30 03:08:45.307 22514 25671 W Summariser:   freeze duration: 1.00
06-30 03:08:45.366 22514 25671 W NearbyFragment: Sending 20200312_194229!000.mp4 to Nexus 5X [34d8]
06-30 03:08:48.254 22514 22514 W NearbyFragment: Completed downloading 20200312_194229!002.mp4 from Endpoint{id=jfM6, name=Nexus 5X [34d8]} in 02.793s
06-30 03:08:50.678 22514 25737 W Summariser: No activity detected
06-30 03:08:50.734 22514 25737 W Summariser: Summarisation completed
06-30 03:08:50.734 22514 25737 W Summariser:   filename: 20200312_194229!002.mp4
06-30 03:08:50.734 22514 25737 W Summariser:   active sections: 0
06-30 03:08:50.734 22514 25737 W Summariser:   time: 02.287s
06-30 03:08:50.734 22514 25737 W Summariser:   original duration: 16.01
06-30 03:08:50.734 22514 25737 W Summariser:   summarised duration: -1.00
06-30 03:08:50.734 22514 25737 W Summariser:   noise tolerance: 45.00
06-30 03:08:50.734 22514 25737 W Summariser:   quality: 23
06-30 03:08:50.734 22514 25737 W Summariser:   speed: medium
06-30 03:08:50.734 22514 25737 W Summariser:   freeze duration: 1.00
06-30 03:08:52.892 22514 22514 W NearbyFragment: Completed downloading 20200312_194229!003.mp4 from Endpoint{id=jfM6, name=Nexus 5X [34d8]} in 02.093s
06-30 03:08:54.701 22514 25766 W Summariser: No activity detected
06-30 03:08:54.745 22514 25766 W Summariser: Summarisation completed
06-30 03:08:54.745 22514 25766 W Summariser:   filename: 20200312_194229!003.mp4
06-30 03:08:54.745 22514 25766 W Summariser:   active sections: 0
06-30 03:08:54.745 22514 25766 W Summariser:   time: 01.706s
06-30 03:08:54.745 22514 25766 W Summariser:   original duration: 11.98
06-30 03:08:54.745 22514 25766 W Summariser:   summarised duration: -1.00
06-30 03:08:54.745 22514 25766 W Summariser:   noise tolerance: 45.00
06-30 03:08:54.745 22514 25766 W Summariser:   quality: 23
06-30 03:08:54.745 22514 25766 W Summariser:   speed: medium
06-30 03:08:54.745 22514 25766 W Summariser:   freeze duration: 1.00
06-30 03:09:01.559 22514 22514 W NearbyFragment: Completed downloading 20200312_194330!000.mp4 from Endpoint{id=jfM6, name=Nexus 5X [34d8]} in 03.580s
06-30 03:09:03.866 22514 25795 W Summariser: No activity detected
06-30 03:09:03.911 22514 25795 W Summariser: Summarisation completed
06-30 03:09:03.911 22514 25795 W Summariser:   filename: 20200312_194330!000.mp4
06-30 03:09:03.911 22514 25795 W Summariser:   active sections: 0
06-30 03:09:03.911 22514 25795 W Summariser:   time: 02.201s
06-30 03:09:03.911 22514 25795 W Summariser:   original duration: 16.07
06-30 03:09:03.911 22514 25795 W Summariser:   summarised duration: -1.00
06-30 03:09:03.911 22514 25795 W Summariser:   noise tolerance: 45.00
06-30 03:09:03.911 22514 25795 W Summariser:   quality: 23
06-30 03:09:03.911 22514 25795 W Summariser:   speed: medium
06-30 03:09:03.911 22514 25795 W Summariser:   freeze duration: 1.00
06-30 03:09:07.212 22514 22514 W NearbyFragment: Completed downloading 20200312_194330!001.mp4 from Endpoint{id=jfM6, name=Nexus 5X [34d8]} in 03.205s
06-30 03:09:09.452 22514 25827 W Summariser: No activity detected
06-30 03:09:09.507 22514 25827 W Summariser: Summarisation completed
06-30 03:09:09.507 22514 25827 W Summariser:   filename: 20200312_194330!001.mp4
06-30 03:09:09.507 22514 25827 W Summariser:   active sections: 0
06-30 03:09:09.507 22514 25827 W Summariser:   time: 02.144s
06-30 03:09:09.507 22514 25827 W Summariser:   original duration: 16.01
06-30 03:09:09.507 22514 25827 W Summariser:   summarised duration: -1.00
06-30 03:09:09.507 22514 25827 W Summariser:   noise tolerance: 45.00
06-30 03:09:09.507 22514 25827 W Summariser:   quality: 23
06-30 03:09:09.507 22514 25827 W Summariser:   speed: medium
06-30 03:09:09.507 22514 25827 W Summariser:   freeze duration: 1.00
06-30 03:09:12.745 22514 22514 W NearbyFragment: Completed downloading 20200312_194330!002.mp4 from Endpoint{id=jfM6, name=Nexus 5X [34d8]} in 03.178s
06-30 03:09:15.064 22514 25858 W Summariser: No activity detected
06-30 03:09:15.122 22514 25858 W Summariser: Summarisation completed
06-30 03:09:15.122 22514 25858 W Summariser:   filename: 20200312_194330!002.mp4
06-30 03:09:15.122 22514 25858 W Summariser:   active sections: 0
06-30 03:09:15.122 22514 25858 W Summariser:   time: 02.228s
06-30 03:09:15.122 22514 25858 W Summariser:   original duration: 16.01
06-30 03:09:15.122 22514 25858 W Summariser:   summarised duration: -1.00
06-30 03:09:15.122 22514 25858 W Summariser:   noise tolerance: 45.00
06-30 03:09:15.122 22514 25858 W Summariser:   quality: 23
06-30 03:09:15.122 22514 25858 W Summariser:   speed: medium
06-30 03:09:15.122 22514 25858 W Summariser:   freeze duration: 1.00
06-30 03:09:27.590 22514 22514 W NearbyFragment: Completed downloading 20200312_194730!000.mp4 from Endpoint{id=jfM6, name=Nexus 5X [34d8]} in 02.682s
06-30 03:09:29.953 22514 25914 W Summariser: No activity detected
06-30 03:09:29.977 22514 25914 W Summariser: Summarisation completed
06-30 03:09:29.977 22514 25914 W Summariser:   filename: 20200312_194730!000.mp4
06-30 03:09:29.977 22514 25914 W Summariser:   active sections: 0
06-30 03:09:29.977 22514 25914 W Summariser:   time: 02.272s
06-30 03:09:29.977 22514 25914 W Summariser:   original duration: 16.07
06-30 03:09:29.977 22514 25914 W Summariser:   summarised duration: -1.00
06-30 03:09:29.977 22514 25914 W Summariser:   noise tolerance: 45.00
06-30 03:09:29.977 22514 25914 W Summariser:   quality: 23
06-30 03:09:29.977 22514 25914 W Summariser:   speed: medium
06-30 03:09:29.977 22514 25914 W Summariser:   freeze duration: 1.00
06-30 03:09:32.728 22514 22514 W NearbyFragment: Completed downloading 20200312_194730!001.mp4 from Endpoint{id=jfM6, name=Nexus 5X [34d8]} in 02.537s
06-30 03:09:35.056 22514 25945 W Summariser: No activity detected
06-30 03:09:35.066 22514 22523 W System  : A resource failed to call close. 
06-30 03:09:35.069 22514 22523 W System  : A resource failed to call close. 
06-30 03:09:35.114 22514 25945 W Summariser: Summarisation completed
06-30 03:09:35.114 22514 25945 W Summariser:   filename: 20200312_194730!001.mp4
06-30 03:09:35.114 22514 25945 W Summariser:   active sections: 0
06-30 03:09:35.114 22514 25945 W Summariser:   time: 02.239s
06-30 03:09:35.114 22514 25945 W Summariser:   original duration: 16.02
06-30 03:09:35.114 22514 25945 W Summariser:   summarised duration: -1.00
06-30 03:09:35.114 22514 25945 W Summariser:   noise tolerance: 45.00
06-30 03:09:35.114 22514 25945 W Summariser:   quality: 23
06-30 03:09:35.114 22514 25945 W Summariser:   speed: medium
06-30 03:09:35.114 22514 25945 W Summariser:   freeze duration: 1.00
06-30 03:09:38.230 22514 22514 W NearbyFragment: Completed downloading 20200312_194730!002.mp4 from Endpoint{id=jfM6, name=Nexus 5X [34d8]} in 03.071s
06-30 03:09:40.478 22514 25975 W Summariser: No activity detected
06-30 03:09:40.533 22514 25975 W Summariser: Summarisation completed
06-30 03:09:40.533 22514 25975 W Summariser:   filename: 20200312_194730!002.mp4
06-30 03:09:40.533 22514 25975 W Summariser:   active sections: 0
06-30 03:09:40.533 22514 25975 W Summariser:   time: 02.145s
06-30 03:09:40.533 22514 25975 W Summariser:   original duration: 16.01
06-30 03:09:40.533 22514 25975 W Summariser:   summarised duration: -1.00
06-30 03:09:40.533 22514 25975 W Summariser:   noise tolerance: 45.00
06-30 03:09:40.533 22514 25975 W Summariser:   quality: 23
06-30 03:09:40.533 22514 25975 W Summariser:   speed: medium
06-30 03:09:40.533 22514 25975 W Summariser:   freeze duration: 1.00
06-30 03:09:43.085 22514 22514 W NearbyFragment: Completed downloading 20200312_194730!003.mp4 from Endpoint{id=jfM6, name=Nexus 5X [34d8]} in 02.471s
06-30 03:09:44.874 22514 26004 W Summariser: No activity detected
06-30 03:09:44.919 22514 26004 W Summariser: Summarisation completed
06-30 03:09:44.919 22514 26004 W Summariser:   filename: 20200312_194730!003.mp4
06-30 03:09:44.919 22514 26004 W Summariser:   active sections: 0
06-30 03:09:44.919 22514 26004 W Summariser:   time: 01.708s
06-30 03:09:44.919 22514 26004 W Summariser:   original duration: 12.03
06-30 03:09:44.919 22514 26004 W Summariser:   summarised duration: -1.00
06-30 03:09:44.919 22514 26004 W Summariser:   noise tolerance: 45.00
06-30 03:09:44.919 22514 26004 W Summariser:   quality: 23
06-30 03:09:44.919 22514 26004 W Summariser:   speed: medium
06-30 03:09:44.919 22514 26004 W Summariser:   freeze duration: 1.00
06-30 03:09:52.731 22514 22514 W NearbyFragment: Completed downloading 20200312_194830!000.mp4 from Endpoint{id=jfM6, name=Nexus 5X [34d8]} in 03.146s
06-30 03:09:55.058 22514 26035 W Summariser: 1 active sections found
06-30 03:10:00.441 22514 26035 W Summariser: Summarisation completed
06-30 03:10:00.441 22514 26035 W Summariser:   filename: 20200312_194830!000.mp4
06-30 03:10:00.441 22514 26035 W Summariser:   active sections: 1
06-30 03:10:00.441 22514 26035 W Summariser:   time: 07.462s
06-30 03:10:00.441 22514 26035 W Summariser:   original duration: 16.06
06-30 03:10:00.441 22514 26035 W Summariser:   summarised duration: 3.97
06-30 03:10:00.441 22514 26035 W Summariser:   noise tolerance: 45.00
06-30 03:10:00.441 22514 26035 W Summariser:   quality: 23
06-30 03:10:00.441 22514 26035 W Summariser:   speed: medium
06-30 03:10:00.441 22514 26035 W Summariser:   freeze duration: 1.00
06-30 03:10:00.518 22514 26035 W NearbyFragment: Sending 20200312_194830!000.mp4 to Nexus 5X [34d8]
06-30 03:10:04.003 22514 22514 W NearbyFragment: Completed downloading 20200312_194830!001.mp4 from Endpoint{id=jfM6, name=Nexus 5X [34d8]} in 03.348s
06-30 03:10:06.370 22514 26120 W Summariser: 2 active sections found
06-30 03:10:15.254 22514 26120 W Summariser: Summarisation completed
06-30 03:10:15.254 22514 26120 W Summariser:   filename: 20200312_194830!001.mp4
06-30 03:10:15.254 22514 26120 W Summariser:   active sections: 2
06-30 03:10:15.254 22514 26120 W Summariser:   time: 11.032s
06-30 03:10:15.254 22514 26120 W Summariser:   original duration: 16.01
06-30 03:10:15.254 22514 26120 W Summariser:   summarised duration: 8.10
06-30 03:10:15.254 22514 26120 W Summariser:   noise tolerance: 45.00
06-30 03:10:15.254 22514 26120 W Summariser:   quality: 23
06-30 03:10:15.254 22514 26120 W Summariser:   speed: medium
06-30 03:10:15.254 22514 26120 W Summariser:   freeze duration: 1.00
06-30 03:10:15.363 22514 26120 W NearbyFragment: Sending 20200312_194830!001.mp4 to Nexus 5X [34d8]
06-30 03:10:17.833 22514 22514 W NearbyFragment: Completed downloading 20200312_194830!003.mp4 from Endpoint{id=jfM6, name=Nexus 5X [34d8]} in 02.341s
06-30 03:10:19.721 22514 26193 W Summariser: No activity detected
06-30 03:10:19.788 22514 26193 W Summariser: Summarisation completed
06-30 03:10:19.788 22514 26193 W Summariser:   filename: 20200312_194830!003.mp4
06-30 03:10:19.788 22514 26193 W Summariser:   active sections: 0
06-30 03:10:19.788 22514 26193 W Summariser:   time: 01.782s
06-30 03:10:19.788 22514 26193 W Summariser:   original duration: 11.98
06-30 03:10:19.788 22514 26193 W Summariser:   summarised duration: -1.00
06-30 03:10:19.788 22514 26193 W Summariser:   noise tolerance: 45.00
06-30 03:10:19.788 22514 26193 W Summariser:   quality: 23
06-30 03:10:19.788 22514 26193 W Summariser:   speed: medium
06-30 03:10:19.788 22514 26193 W Summariser:   freeze duration: 1.00
06-30 03:10:22.756 22514 22514 W NearbyFragment: Completed downloading 20200312_194930!000.mp4 from Endpoint{id=jfM6, name=Nexus 5X [34d8]} in 02.862s
06-30 03:10:25.229 22514 26225 W Summariser: 1 active sections found
06-30 03:10:35.283 22514 26225 W Summariser: Summarisation completed
06-30 03:10:35.283 22514 26225 W Summariser:   filename: 20200312_194930!000.mp4
06-30 03:10:35.283 22514 26225 W Summariser:   active sections: 1
06-30 03:10:35.283 22514 26225 W Summariser:   time: 12.298s
06-30 03:10:35.283 22514 26225 W Summariser:   original duration: 16.07
06-30 03:10:35.283 22514 26225 W Summariser:   summarised duration: 9.36
06-30 03:10:35.283 22514 26225 W Summariser:   noise tolerance: 45.00
06-30 03:10:35.283 22514 26225 W Summariser:   quality: 23
06-30 03:10:35.283 22514 26225 W Summariser:   speed: medium
06-30 03:10:35.283 22514 26225 W Summariser:   freeze duration: 1.00
06-30 03:10:35.372 22514 26225 W NearbyFragment: Sending 20200312_194930!000.mp4 to Nexus 5X [34d8]
06-30 03:10:43.326 22514 22514 W NearbyFragment: Completed downloading 20200312_194930!002.mp4 from Endpoint{id=jfM6, name=Nexus 5X [34d8]} in 07.700s
06-30 03:10:45.682 22514 26299 W Summariser: No activity detected
06-30 03:10:45.738 22514 26299 W Summariser: Summarisation completed
06-30 03:10:45.738 22514 26299 W Summariser:   filename: 20200312_194930!002.mp4
06-30 03:10:45.738 22514 26299 W Summariser:   active sections: 0
06-30 03:10:45.738 22514 26299 W Summariser:   time: 02.239s
06-30 03:10:45.738 22514 26299 W Summariser:   original duration: 16.01
06-30 03:10:45.738 22514 26299 W Summariser:   summarised duration: -1.00
06-30 03:10:45.738 22514 26299 W Summariser:   noise tolerance: 45.00
06-30 03:10:45.738 22514 26299 W Summariser:   quality: 23
06-30 03:10:45.738 22514 26299 W Summariser:   speed: medium
06-30 03:10:45.738 22514 26299 W Summariser:   freeze duration: 1.00
06-30 03:10:49.701 22514 22523 W System  : A resource failed to call close. 
06-30 03:10:49.706 22514 22523 W System  : A resource failed to call close. 
06-30 03:10:49.707 22514 22523 W System  : A resource failed to call close. 
06-30 03:10:49.708 22514 22523 W System  : A resource failed to call close. 
06-30 03:10:49.714 22514 22523 W System  : A resource failed to call close. 
06-30 03:10:51.112 22514 22514 W NearbyFragment: Completed downloading 20200312_195230!000.mp4 from Endpoint{id=jfM6, name=Nexus 5X [34d8]} in 05.236s
06-30 03:10:53.419 22514 26330 W Summariser: No activity detected
06-30 03:10:53.464 22514 26330 W Summariser: Summarisation completed
06-30 03:10:53.464 22514 26330 W Summariser:   filename: 20200312_195230!000.mp4
06-30 03:10:53.464 22514 26330 W Summariser:   active sections: 0
06-30 03:10:53.464 22514 26330 W Summariser:   time: 02.216s
06-30 03:10:53.464 22514 26330 W Summariser:   original duration: 16.07
06-30 03:10:53.464 22514 26330 W Summariser:   summarised duration: -1.00
06-30 03:10:53.464 22514 26330 W Summariser:   noise tolerance: 45.00
06-30 03:10:53.464 22514 26330 W Summariser:   quality: 23
06-30 03:10:53.464 22514 26330 W Summariser:   speed: medium
06-30 03:10:53.464 22514 26330 W Summariser:   freeze duration: 1.00
06-30 03:10:57.008 22514 22514 W NearbyFragment: Completed downloading 20200312_195230!002.mp4 from Endpoint{id=jfM6, name=Nexus 5X [34d8]} in 03.458s
06-30 03:10:59.497 22514 26364 W Summariser: No activity detected
06-30 03:10:59.553 22514 26364 W Summariser: Summarisation completed
06-30 03:10:59.553 22514 26364 W Summariser:   filename: 20200312_195230!002.mp4
06-30 03:10:59.553 22514 26364 W Summariser:   active sections: 0
06-30 03:10:59.553 22514 26364 W Summariser:   time: 02.403s
06-30 03:10:59.553 22514 26364 W Summariser:   original duration: 16.01
06-30 03:10:59.553 22514 26364 W Summariser:   summarised duration: -1.00
06-30 03:10:59.553 22514 26364 W Summariser:   noise tolerance: 45.00
06-30 03:10:59.553 22514 26364 W Summariser:   quality: 23
06-30 03:10:59.553 22514 26364 W Summariser:   speed: medium
06-30 03:10:59.553 22514 26364 W Summariser:   freeze duration: 1.00
06-30 03:11:01.881 22514 22514 W NearbyFragment: Completed downloading 20200312_195230!003.mp4 from Endpoint{id=jfM6, name=Nexus 5X [34d8]} in 02.084s
06-30 03:11:03.668 22514 26393 W Summariser: No activity detected
06-30 03:11:03.713 22514 26393 W Summariser: Summarisation completed
06-30 03:11:03.713 22514 26393 W Summariser:   filename: 20200312_195230!003.mp4
06-30 03:11:03.713 22514 26393 W Summariser:   active sections: 0
06-30 03:11:03.713 22514 26393 W Summariser:   time: 01.725s
06-30 03:11:03.713 22514 26393 W Summariser:   original duration: 12.01
06-30 03:11:03.713 22514 26393 W Summariser:   summarised duration: -1.00
06-30 03:11:03.713 22514 26393 W Summariser:   noise tolerance: 45.00
06-30 03:11:03.713 22514 26393 W Summariser:   quality: 23
06-30 03:11:03.713 22514 26393 W Summariser:   speed: medium
06-30 03:11:03.713 22514 26393 W Summariser:   freeze duration: 1.00
06-30 03:11:11.861 22514 22514 W NearbyFragment: Completed downloading 20200312_195330!000.mp4 from Endpoint{id=jfM6, name=Nexus 5X [34d8]} in 03.200s
06-30 03:11:14.172 22514 26426 W Summariser: 1 active sections found
06-30 03:11:17.281 22514 26426 W Summariser: Summarisation completed
06-30 03:11:17.281 22514 26426 W Summariser:   filename: 20200312_195330!000.mp4
06-30 03:11:17.281 22514 26426 W Summariser:   active sections: 1
06-30 03:11:17.281 22514 26426 W Summariser:   time: 05.190s
06-30 03:11:17.281 22514 26426 W Summariser:   original duration: 16.07
06-30 03:11:17.281 22514 26426 W Summariser:   summarised duration: 1.11
06-30 03:11:17.281 22514 26426 W Summariser:   noise tolerance: 45.00
06-30 03:11:17.281 22514 26426 W Summariser:   quality: 23
06-30 03:11:17.281 22514 26426 W Summariser:   speed: medium
06-30 03:11:17.281 22514 26426 W Summariser:   freeze duration: 1.00
06-30 03:11:17.379 22514 26426 W NearbyFragment: Sending 20200312_195330!000.mp4 to Nexus 5X [34d8]
06-30 03:11:20.776 22514 22514 W NearbyFragment: Completed downloading 20200312_195330!002.mp4 from Endpoint{id=jfM6, name=Nexus 5X [34d8]} in 03.181s
06-30 03:11:23.123 22514 26491 W Summariser: 2 active sections found
06-30 03:11:31.647 22514 26491 W Summariser: Summarisation completed
06-30 03:11:31.647 22514 26491 W Summariser:   filename: 20200312_195330!002.mp4
06-30 03:11:31.647 22514 26491 W Summariser:   active sections: 2
06-30 03:11:31.647 22514 26491 W Summariser:   time: 10.638s
06-30 03:11:31.647 22514 26491 W Summariser:   original duration: 16.01
06-30 03:11:31.647 22514 26491 W Summariser:   summarised duration: 9.07
06-30 03:11:31.647 22514 26491 W Summariser:   noise tolerance: 45.00
06-30 03:11:31.647 22514 26491 W Summariser:   quality: 23
06-30 03:11:31.647 22514 26491 W Summariser:   speed: medium
06-30 03:11:31.647 22514 26491 W Summariser:   freeze duration: 1.00
06-30 03:11:31.730 22514 26491 W NearbyFragment: Sending 20200312_195330!002.mp4 to Nexus 5X [34d8]
06-30 03:11:39.151 22514 22514 W NearbyFragment: Completed downloading 20200312_195430!000.mp4 from Endpoint{id=jfM6, name=Nexus 5X [34d8]} in 02.278s
06-30 03:11:41.435 22514 26559 W Summariser: 1 active sections found
06-30 03:11:47.106 22514 26559 W Summariser: Summarisation completed
06-30 03:11:47.106 22514 26559 W Summariser:   filename: 20200312_195430!000.mp4
06-30 03:11:47.106 22514 26559 W Summariser:   active sections: 1
06-30 03:11:47.106 22514 26559 W Summariser:   time: 07.778s
06-30 03:11:47.106 22514 26559 W Summariser:   original duration: 16.06
06-30 03:11:47.106 22514 26559 W Summariser:   summarised duration: 5.34
06-30 03:11:47.106 22514 26559 W Summariser:   noise tolerance: 45.00
06-30 03:11:47.106 22514 26559 W Summariser:   quality: 23
06-30 03:11:47.106 22514 26559 W Summariser:   speed: medium
06-30 03:11:47.106 22514 26559 W Summariser:   freeze duration: 1.00
06-30 03:11:47.191 22514 26559 W NearbyFragment: Sending 20200312_195430!000.mp4 to Nexus 5X [34d8]
06-30 03:11:52.285 22514 22514 W NearbyFragment: Completed downloading 20200312_195430!003.mp4 from Endpoint{id=jfM6, name=Nexus 5X [34d8]} in 04.971s
06-30 03:11:54.086 22514 26628 W Summariser: 1 active sections found
06-30 03:11:58.415 22514 26628 W Summariser: Summarisation completed
06-30 03:11:58.415 22514 26628 W Summariser:   filename: 20200312_195430!003.mp4
06-30 03:11:58.415 22514 26628 W Summariser:   active sections: 1
06-30 03:11:58.415 22514 26628 W Summariser:   time: 05.856s
06-30 03:11:58.415 22514 26628 W Summariser:   original duration: 11.98
06-30 03:11:58.415 22514 26628 W Summariser:   summarised duration: 4.54
06-30 03:11:58.415 22514 26628 W Summariser:   noise tolerance: 45.00
06-30 03:11:58.415 22514 26628 W Summariser:   quality: 23
06-30 03:11:58.415 22514 26628 W Summariser:   speed: medium
06-30 03:11:58.415 22514 26628 W Summariser:   freeze duration: 1.00
06-30 03:11:58.526 22514 26628 W NearbyFragment: Sending 20200312_195430!003.mp4 to Nexus 5X [34d8]
