--------- beginning of main
--------- beginning of system
07-03 03:07:02.592 10471 10471 W LogFactory: Truncating log tag length as it exceed 23, the limit imposed by Android on certain API Levels
07-03 03:07:15.024 10471 10471 E TransferService: No notification is passed in the intent. Unable to transition to foreground.
07-03 03:09:05.280 10471 10471 W NearbyFragment: Completed downloading 20200312_150643!003.mp4 from Endpoint{id=3PH2, name=Nexus 5X [34d8]} in 07.420s
07-03 03:09:05.516 10471 10890 W mobile-ffmpeg: [graph 0 input from stream 0:0 @ 0x7a9ce31f00] sws_param option is deprecated and ignored
07-03 03:09:07.580 10471 10889 W Summariser: No activity detected
07-03 03:09:07.631 10471 10889 W Summariser: Summarisation completed
07-03 03:09:07.631 10471 10889 W Summariser:   filename: 20200312_150643!003.mp4
07-03 03:09:07.631 10471 10889 W Summariser:   active sections: 0
07-03 03:09:07.631 10471 10889 W Summariser:   time: 02.242s
07-03 03:09:07.631 10471 10889 W Summariser:   original duration: 12.01
07-03 03:09:07.631 10471 10889 W Summariser:   summarised duration: -1.00
07-03 03:09:07.631 10471 10889 W Summariser:   noise tolerance: 45.00
07-03 03:09:07.631 10471 10889 W Summariser:   quality: 23
07-03 03:09:07.631 10471 10889 W Summariser:   speed: medium
07-03 03:09:07.631 10471 10889 W Summariser:   freeze duration: 1.00
07-03 03:09:23.845 10471 10471 W NearbyFragment: Completed downloading 20200312_150744!003.mp4 from Endpoint{id=3PH2, name=Nexus 5X [34d8]} in 04.143s
07-03 03:09:23.991 10471 10890 W mobile-ffmpeg: [graph 0 input from stream 0:0 @ 0x7a9ce31f00] sws_param option is deprecated and ignored
07-03 03:09:26.053 10471 10912 W Summariser: 1 active sections found
07-03 03:09:26.130 10471 10890 W mobile-ffmpeg: [graph 0 input from stream 0:0 @ 0x7a9ce31e40] sws_param option is deprecated and ignored
07-03 03:09:37.233 10471 10912 W Summariser: Summarisation completed
07-03 03:09:37.233 10471 10912 W Summariser:   filename: 20200312_150744!003.mp4
07-03 03:09:37.233 10471 10912 W Summariser:   active sections: 1
07-03 03:09:37.233 10471 10912 W Summariser:   time: 13.263s
07-03 03:09:37.233 10471 10912 W Summariser:   original duration: 12.03
07-03 03:09:37.233 10471 10912 W Summariser:   summarised duration: 4.89
07-03 03:09:37.233 10471 10912 W Summariser:   noise tolerance: 45.00
07-03 03:09:37.233 10471 10912 W Summariser:   quality: 23
07-03 03:09:37.233 10471 10912 W Summariser:   speed: medium
07-03 03:09:37.233 10471 10912 W Summariser:   freeze duration: 1.00
07-03 03:09:37.244 10471 10912 W NearbyFragment: Sending 20200312_150744!003.mp4 to Nexus 5X [34d8]
07-03 03:09:47.693 10471 10471 W NearbyFragment: Completed downloading 20200312_150844!002.mp4 from Endpoint{id=3PH2, name=Nexus 5X [34d8]} in 09.165s
07-03 03:09:47.940 10471 10890 W mobile-ffmpeg: [graph 0 input from stream 0:0 @ 0x7a9ce31f00] sws_param option is deprecated and ignored
07-03 03:09:50.957 10471 10968 W Summariser: Whole video is active
07-03 03:09:51.680 10471 10968 W Summariser: Summarisation completed
07-03 03:09:51.680 10471 10968 W Summariser:   filename: 20200312_150844!002.mp4
07-03 03:09:51.680 10471 10968 W Summariser:   active sections: -1
07-03 03:09:51.680 10471 10968 W Summariser:   time: 03.796s
07-03 03:09:51.680 10471 10968 W Summariser:   original duration: 16.01
07-03 03:09:51.680 10471 10968 W Summariser:   summarised duration: 16.01
07-03 03:09:51.680 10471 10968 W Summariser:   noise tolerance: 45.00
07-03 03:09:51.680 10471 10968 W Summariser:   quality: 23
07-03 03:09:51.680 10471 10968 W Summariser:   speed: medium
07-03 03:09:51.680 10471 10968 W Summariser:   freeze duration: 1.00
07-03 03:09:51.691 10471 10968 W NearbyFragment: Sending 20200312_150844!002.mp4 to Nexus 5X [34d8]
07-03 03:10:16.551 10471 10471 W NearbyFragment: Completed downloading 20200312_150944!002.mp4 from Endpoint{id=3PH2, name=Nexus 5X [34d8]} in 03.219s
07-03 03:10:16.747 10471 10890 W mobile-ffmpeg: [graph 0 input from stream 0:0 @ 0x7a9ce31f00] sws_param option is deprecated and ignored
07-03 03:10:19.704 10471 10994 W Summariser: No activity detected
07-03 03:10:19.768 10471 10994 W Summariser: Summarisation completed
07-03 03:10:19.768 10471 10994 W Summariser:   filename: 20200312_150944!002.mp4
07-03 03:10:19.768 10471 10994 W Summariser:   active sections: 0
07-03 03:10:19.768 10471 10994 W Summariser:   time: 03.103s
07-03 03:10:19.768 10471 10994 W Summariser:   original duration: 16.01
07-03 03:10:19.768 10471 10994 W Summariser:   summarised duration: -1.00
07-03 03:10:19.768 10471 10994 W Summariser:   noise tolerance: 45.00
07-03 03:10:19.768 10471 10994 W Summariser:   quality: 23
07-03 03:10:19.768 10471 10994 W Summariser:   speed: medium
07-03 03:10:19.768 10471 10994 W Summariser:   freeze duration: 1.00
07-03 03:10:40.465 10471 10471 W NearbyFragment: Completed downloading 20200312_151044!003.mp4 from Endpoint{id=3PH2, name=Nexus 5X [34d8]} in 03.989s
07-03 03:10:40.605 10471 10890 W mobile-ffmpeg: [graph 0 input from stream 0:0 @ 0x7a9ce31f00] sws_param option is deprecated and ignored
07-03 03:10:42.709 10471 11028 W Summariser: No activity detected
07-03 03:10:42.750 10471 11028 W Summariser: Summarisation completed
07-03 03:10:42.750 10471 11028 W Summariser:   filename: 20200312_151044!003.mp4
07-03 03:10:42.750 10471 11028 W Summariser:   active sections: 0
07-03 03:10:42.750 10471 11028 W Summariser:   time: 02.200s
07-03 03:10:42.750 10471 11028 W Summariser:   original duration: 12.03
07-03 03:10:42.750 10471 11028 W Summariser:   summarised duration: -1.00
07-03 03:10:42.750 10471 11028 W Summariser:   noise tolerance: 45.00
07-03 03:10:42.750 10471 11028 W Summariser:   quality: 23
07-03 03:10:42.750 10471 11028 W Summariser:   speed: medium
07-03 03:10:42.750 10471 11028 W Summariser:   freeze duration: 1.00
07-03 03:11:08.181 10471 10471 W NearbyFragment: Completed downloading 20200312_193528!003.mp4 from Endpoint{id=3PH2, name=Nexus 5X [34d8]} in 07.648s
07-03 03:11:08.370 10471 10890 W mobile-ffmpeg: [graph 0 input from stream 0:0 @ 0x7a9ce31f00] sws_param option is deprecated and ignored
07-03 03:11:10.478 10471 11054 W Summariser: No activity detected
07-03 03:11:10.540 10471 11054 W Summariser: Summarisation completed
07-03 03:11:10.540 10471 11054 W Summariser:   filename: 20200312_193528!003.mp4
07-03 03:11:10.540 10471 11054 W Summariser:   active sections: 0
07-03 03:11:10.540 10471 11054 W Summariser:   time: 02.240s
07-03 03:11:10.540 10471 11054 W Summariser:   original duration: 12.01
07-03 03:11:10.540 10471 11054 W Summariser:   summarised duration: -1.00
07-03 03:11:10.540 10471 11054 W Summariser:   noise tolerance: 45.00
07-03 03:11:10.540 10471 11054 W Summariser:   quality: 23
07-03 03:11:10.540 10471 11054 W Summariser:   speed: medium
07-03 03:11:10.540 10471 11054 W Summariser:   freeze duration: 1.00
07-03 03:11:32.835 10471 10471 W NearbyFragment: Completed downloading 20200312_193628!003.mp4 from Endpoint{id=3PH2, name=Nexus 5X [34d8]} in 07.821s
07-03 03:11:32.977 10471 10890 W mobile-ffmpeg: [graph 0 input from stream 0:0 @ 0x7a9ce31f00] sws_param option is deprecated and ignored
07-03 03:11:35.139 10471 11079 W Summariser: 1 active sections found
07-03 03:11:35.215 10471 10890 W mobile-ffmpeg: [graph 0 input from stream 0:0 @ 0x7a9ce31e40] sws_param option is deprecated and ignored
07-03 03:11:49.852 10471 11079 W Summariser: Summarisation completed
07-03 03:11:49.852 10471 11079 W Summariser:   filename: 20200312_193628!003.mp4
07-03 03:11:49.852 10471 11079 W Summariser:   active sections: 1
07-03 03:11:49.852 10471 11079 W Summariser:   time: 16.899s
07-03 03:11:49.852 10471 11079 W Summariser:   original duration: 12.03
07-03 03:11:49.852 10471 11079 W Summariser:   summarised duration: 6.16
07-03 03:11:49.852 10471 11079 W Summariser:   noise tolerance: 45.00
07-03 03:11:49.852 10471 11079 W Summariser:   quality: 23
07-03 03:11:49.852 10471 11079 W Summariser:   speed: medium
07-03 03:11:49.852 10471 11079 W Summariser:   freeze duration: 1.00
07-03 03:11:49.861 10471 11079 W NearbyFragment: Sending 20200312_193628!003.mp4 to Nexus 5X [34d8]
07-03 03:12:02.670 10471 10471 W NearbyFragment: Completed downloading 20200312_193728!003.mp4 from Endpoint{id=3PH2, name=Nexus 5X [34d8]} in 12.520s
07-03 03:12:02.922 10471 10890 W mobile-ffmpeg: [graph 0 input from stream 0:0 @ 0x7a9ce31f00] sws_param option is deprecated and ignored
07-03 03:12:05.229 10471 11126 W Summariser: Whole video is active
07-03 03:12:05.689 10471 11126 W Summariser: Summarisation completed
07-03 03:12:05.689 10471 11126 W Summariser:   filename: 20200312_193728!003.mp4
07-03 03:12:05.689 10471 11126 W Summariser:   active sections: -1
07-03 03:12:05.689 10471 11126 W Summariser:   time: 02.881s
07-03 03:12:05.689 10471 11126 W Summariser:   original duration: 11.98
07-03 03:12:05.689 10471 11126 W Summariser:   summarised duration: 11.98
07-03 03:12:05.689 10471 11126 W Summariser:   noise tolerance: 45.00
07-03 03:12:05.689 10471 11126 W Summariser:   quality: 23
07-03 03:12:05.689 10471 11126 W Summariser:   speed: medium
07-03 03:12:05.689 10471 11126 W Summariser:   freeze duration: 1.00
07-03 03:12:05.700 10471 11126 W NearbyFragment: Sending 20200312_193728!003.mp4 to Nexus 5X [34d8]
07-03 03:12:27.992 10471 10471 W NearbyFragment: Completed downloading 20200312_193828!002.mp4 from Endpoint{id=3PH2, name=Nexus 5X [34d8]} in 02.985s
07-03 03:12:28.195 10471 10890 W mobile-ffmpeg: [graph 0 input from stream 0:0 @ 0x7a9ce31f00] sws_param option is deprecated and ignored
07-03 03:12:31.162 10471 11155 W Summariser: No activity detected
07-03 03:12:31.233 10471 11155 W Summariser: Summarisation completed
07-03 03:12:31.233 10471 11155 W Summariser:   filename: 20200312_193828!002.mp4
07-03 03:12:31.233 10471 11155 W Summariser:   active sections: 0
07-03 03:12:31.233 10471 11155 W Summariser:   time: 03.131s
07-03 03:12:31.233 10471 11155 W Summariser:   original duration: 16.01
07-03 03:12:31.233 10471 11155 W Summariser:   summarised duration: -1.00
07-03 03:12:31.233 10471 11155 W Summariser:   noise tolerance: 45.00
07-03 03:12:31.233 10471 11155 W Summariser:   quality: 23
07-03 03:12:31.233 10471 11155 W Summariser:   speed: medium
07-03 03:12:31.233 10471 11155 W Summariser:   freeze duration: 1.00
07-03 03:12:49.019 10471 10471 W NearbyFragment: Completed downloading 20200312_193928!003.mp4 from Endpoint{id=3PH2, name=Nexus 5X [34d8]} in 04.067s
07-03 03:12:49.204 10471 10890 W mobile-ffmpeg: [graph 0 input from stream 0:0 @ 0x7a9ce31f00] sws_param option is deprecated and ignored
07-03 03:12:51.397 10471 11178 W Summariser: No activity detected
07-03 03:12:51.455 10471 11178 W Summariser: Summarisation completed
07-03 03:12:51.455 10471 11178 W Summariser:   filename: 20200312_193928!003.mp4
07-03 03:12:51.455 10471 11178 W Summariser:   active sections: 0
07-03 03:12:51.455 10471 11178 W Summariser:   time: 02.340s
07-03 03:12:51.455 10471 11178 W Summariser:   original duration: 12.01
07-03 03:12:51.455 10471 11178 W Summariser:   summarised duration: -1.00
07-03 03:12:51.455 10471 11178 W Summariser:   noise tolerance: 45.00
07-03 03:12:51.455 10471 11178 W Summariser:   quality: 23
07-03 03:12:51.455 10471 11178 W Summariser:   speed: medium
07-03 03:12:51.455 10471 11178 W Summariser:   freeze duration: 1.00
07-03 03:13:16.463 10471 10471 W NearbyFragment: Completed downloading 20200312_194129!003.mp4 from Endpoint{id=3PH2, name=Nexus 5X [34d8]} in 07.814s
07-03 03:13:16.585 10471 10890 W mobile-ffmpeg: [graph 0 input from stream 0:0 @ 0x7a9ce31f00] sws_param option is deprecated and ignored
07-03 03:13:18.713 10471 11208 W Summariser: 1 active sections found
07-03 03:13:18.786 10471 10890 W mobile-ffmpeg: [graph 0 input from stream 0:0 @ 0x7a9ce31e40] sws_param option is deprecated and ignored
07-03 03:13:20.522 10471 11208 W Summariser: Summarisation completed
07-03 03:13:20.522 10471 11208 W Summariser:   filename: 20200312_194129!003.mp4
07-03 03:13:20.522 10471 11208 W Summariser:   active sections: 1
07-03 03:13:20.522 10471 11208 W Summariser:   time: 03.939s
07-03 03:13:20.522 10471 11208 W Summariser:   original duration: 12.03
07-03 03:13:20.522 10471 11208 W Summariser:   summarised duration: 0.70
07-03 03:13:20.522 10471 11208 W Summariser:   noise tolerance: 45.00
07-03 03:13:20.522 10471 11208 W Summariser:   quality: 23
07-03 03:13:20.522 10471 11208 W Summariser:   speed: medium
07-03 03:13:20.522 10471 11208 W Summariser:   freeze duration: 1.00
07-03 03:13:20.532 10471 11208 W NearbyFragment: Sending 20200312_194129!003.mp4 to Nexus 5X [34d8]
07-03 03:13:36.054 10471 10471 W NearbyFragment: Completed downloading 20200312_194229!002.mp4 from Endpoint{id=3PH2, name=Nexus 5X [34d8]} in 07.670s
07-03 03:13:36.255 10471 10890 W mobile-ffmpeg: [graph 0 input from stream 0:0 @ 0x7a9ce31f00] sws_param option is deprecated and ignored
07-03 03:13:39.204 10471 11258 W Summariser: No activity detected
07-03 03:13:39.261 10471 11258 W Summariser: Summarisation completed
07-03 03:13:39.261 10471 11258 W Summariser:   filename: 20200312_194229!002.mp4
07-03 03:13:39.261 10471 11258 W Summariser:   active sections: 0
07-03 03:13:39.261 10471 11258 W Summariser:   time: 03.100s
07-03 03:13:39.261 10471 11258 W Summariser:   original duration: 16.01
07-03 03:13:39.261 10471 11258 W Summariser:   summarised duration: -1.00
07-03 03:13:39.261 10471 11258 W Summariser:   noise tolerance: 45.00
07-03 03:13:39.261 10471 11258 W Summariser:   quality: 23
07-03 03:13:39.261 10471 11258 W Summariser:   speed: medium
07-03 03:13:39.261 10471 11258 W Summariser:   freeze duration: 1.00
07-03 03:14:03.272 10471 10471 W NearbyFragment: Completed downloading 20200312_194330!001.mp4 from Endpoint{id=3PH2, name=Nexus 5X [34d8]} in 07.853s
07-03 03:14:03.497 10471 10890 W mobile-ffmpeg: [graph 0 input from stream 0:0 @ 0x7a9ce31f00] sws_param option is deprecated and ignored
07-03 03:14:06.405 10471 11284 W Summariser: No activity detected
07-03 03:14:06.460 10471 11284 W Summariser: Summarisation completed
07-03 03:14:06.460 10471 11284 W Summariser:   filename: 20200312_194330!001.mp4
07-03 03:14:06.460 10471 11284 W Summariser:   active sections: 0
07-03 03:14:06.460 10471 11284 W Summariser:   time: 03.086s
07-03 03:14:06.460 10471 11284 W Summariser:   original duration: 16.01
07-03 03:14:06.460 10471 11284 W Summariser:   summarised duration: -1.00
07-03 03:14:06.460 10471 11284 W Summariser:   noise tolerance: 45.00
07-03 03:14:06.460 10471 11284 W Summariser:   quality: 23
07-03 03:14:06.460 10471 11284 W Summariser:   speed: medium
07-03 03:14:06.460 10471 11284 W Summariser:   freeze duration: 1.00
07-03 03:14:32.393 10471 10471 W NearbyFragment: Completed downloading 20200312_194730!003.mp4 from Endpoint{id=3PH2, name=Nexus 5X [34d8]} in 07.881s
07-03 03:14:32.509 10471 10890 W mobile-ffmpeg: [graph 0 input from stream 0:0 @ 0x7a9ce31f00] sws_param option is deprecated and ignored
07-03 03:14:34.687 10471 11309 W Summariser: No activity detected
07-03 03:14:34.724 10471 11309 W Summariser: Summarisation completed
07-03 03:14:34.724 10471 11309 W Summariser:   filename: 20200312_194730!003.mp4
07-03 03:14:34.724 10471 11309 W Summariser:   active sections: 0
07-03 03:14:34.724 10471 11309 W Summariser:   time: 02.257s
07-03 03:14:34.724 10471 11309 W Summariser:   original duration: 12.03
07-03 03:14:34.724 10471 11309 W Summariser:   summarised duration: -1.00
07-03 03:14:34.724 10471 11309 W Summariser:   noise tolerance: 45.00
07-03 03:14:34.724 10471 11309 W Summariser:   quality: 23
07-03 03:14:34.724 10471 11309 W Summariser:   speed: medium
07-03 03:14:34.724 10471 11309 W Summariser:   freeze duration: 1.00
07-03 03:14:51.512 10471 10471 W NearbyFragment: Completed downloading 20200312_194830!002.mp4 from Endpoint{id=3PH2, name=Nexus 5X [34d8]} in 02.729s
07-03 03:14:51.719 10471 10890 W mobile-ffmpeg: [graph 0 input from stream 0:0 @ 0x7a9ce31f00] sws_param option is deprecated and ignored
07-03 03:14:54.931 10471 11332 W Summariser: 2 active sections found
07-03 03:14:55.024 10471 10890 W mobile-ffmpeg: [graph 0 input from stream 0:0 @ 0x7a9ce31f00] sws_param option is deprecated and ignored
07-03 03:14:55.024 10471 10890 W mobile-ffmpeg: [graph 0 input from stream 0:0 @ 0x7a9ce322c0] sws_param option is deprecated and ignored
07-03 03:15:15.875 10471 11332 W Summariser: Summarisation completed
07-03 03:15:15.875 10471 11332 W Summariser:   filename: 20200312_194830!002.mp4
07-03 03:15:15.875 10471 11332 W Summariser:   active sections: 2
07-03 03:15:15.875 10471 11332 W Summariser:   time: 24.217s
07-03 03:15:15.875 10471 11332 W Summariser:   original duration: 16.01
07-03 03:15:15.875 10471 11332 W Summariser:   summarised duration: 8.84
07-03 03:15:15.875 10471 11332 W Summariser:   noise tolerance: 45.00
07-03 03:15:15.875 10471 11332 W Summariser:   quality: 23
07-03 03:15:15.875 10471 11332 W Summariser:   speed: medium
07-03 03:15:15.875 10471 11332 W Summariser:   freeze duration: 1.00
07-03 03:15:15.884 10471 11332 W NearbyFragment: Sending 20200312_194830!002.mp4 to Nexus 5X [34d8]
07-03 03:15:21.627 10471 10471 W NearbyFragment: Completed downloading 20200312_194930!002.mp4 from Endpoint{id=3PH2, name=Nexus 5X [34d8]} in 05.632s
07-03 03:15:21.893 10471 10890 W mobile-ffmpeg: [graph 0 input from stream 0:0 @ 0x7a9ce31f00] sws_param option is deprecated and ignored
07-03 03:15:25.275 10471 11380 W Summariser: No activity detected
07-03 03:15:25.373 10471 11380 W Summariser: Summarisation completed
07-03 03:15:25.373 10471 11380 W Summariser:   filename: 20200312_194930!002.mp4
07-03 03:15:25.373 10471 11380 W Summariser:   active sections: 0
07-03 03:15:25.373 10471 11380 W Summariser:   time: 03.603s
07-03 03:15:25.373 10471 11380 W Summariser:   original duration: 16.01
07-03 03:15:25.373 10471 11380 W Summariser:   summarised duration: -1.00
07-03 03:15:25.373 10471 11380 W Summariser:   noise tolerance: 45.00
07-03 03:15:25.373 10471 11380 W Summariser:   quality: 23
07-03 03:15:25.373 10471 11380 W Summariser:   speed: medium
07-03 03:15:25.373 10471 11380 W Summariser:   freeze duration: 1.00
07-03 03:15:44.319 10471 10471 W NearbyFragment: Completed downloading 20200312_195230!001.mp4 from Endpoint{id=3PH2, name=Nexus 5X [34d8]} in 02.901s
07-03 03:15:44.546 10471 10890 W mobile-ffmpeg: [graph 0 input from stream 0:0 @ 0x7a9ce31f00] sws_param option is deprecated and ignored
07-03 03:15:48.929 10471 11404 W Summariser: 1 active sections found
07-03 03:15:49.097 10471 10890 W mobile-ffmpeg: [graph 0 input from stream 0:0 @ 0x7a9ce31e40] sws_param option is deprecated and ignored
07-03 03:16:10.403 10471 11404 W Summariser: Summarisation completed
07-03 03:16:10.403 10471 11404 W Summariser:   filename: 20200312_195230!001.mp4
07-03 03:16:10.403 10471 11404 W Summariser:   active sections: 1
07-03 03:16:10.403 10471 11404 W Summariser:   time: 25.849s
07-03 03:16:10.403 10471 11404 W Summariser:   original duration: 16.01
07-03 03:16:10.403 10471 11404 W Summariser:   summarised duration: 6.97
07-03 03:16:10.403 10471 11404 W Summariser:   noise tolerance: 45.00
07-03 03:16:10.403 10471 11404 W Summariser:   quality: 23
07-03 03:16:10.403 10471 11404 W Summariser:   speed: medium
07-03 03:16:10.403 10471 11404 W Summariser:   freeze duration: 1.00
07-03 03:16:10.453 10471 11404 W NearbyFragment: Sending 20200312_195230!001.mp4 to Nexus 5X [34d8]
07-03 03:16:18.176 10471 10471 W NearbyFragment: Completed downloading 20200312_195330!002.mp4 from Endpoint{id=3PH2, name=Nexus 5X [34d8]} in 07.636s
07-03 03:16:18.386 10471 10890 W mobile-ffmpeg: [graph 0 input from stream 0:0 @ 0x7a9ce31f00] sws_param option is deprecated and ignored
07-03 03:16:24.018 10471 11455 W Summariser: 2 active sections found
07-03 03:16:24.192 10471 10890 W mobile-ffmpeg: [graph 0 input from stream 0:0 @ 0x7a9ce31f00] sws_param option is deprecated and ignored
07-03 03:16:24.192 10471 10890 W mobile-ffmpeg: [graph 0 input from stream 0:0 @ 0x7a9ce322c0] sws_param option is deprecated and ignored
07-03 03:16:53.275 10471 11455 W Summariser: Summarisation completed
07-03 03:16:53.275 10471 11455 W Summariser:   filename: 20200312_195330!002.mp4
07-03 03:16:53.275 10471 11455 W Summariser:   active sections: 2
07-03 03:16:53.275 10471 11455 W Summariser:   time: 34.884s
07-03 03:16:53.275 10471 11455 W Summariser:   original duration: 16.01
07-03 03:16:53.275 10471 11455 W Summariser:   summarised duration: 9.07
07-03 03:16:53.275 10471 11455 W Summariser:   noise tolerance: 45.00
07-03 03:16:53.275 10471 11455 W Summariser:   quality: 23
07-03 03:16:53.275 10471 11455 W Summariser:   speed: medium
07-03 03:16:53.275 10471 11455 W Summariser:   freeze duration: 1.00
07-03 03:16:53.322 10471 11455 W NearbyFragment: Sending 20200312_195330!002.mp4 to Nexus 5X [34d8]
