--------- beginning of main
07-05 15:58:55.379 18472 18472 E Zygote  : isWhitelistProcess - Process is Whitelisted
07-05 15:58:55.380 18472 18472 E Zygote  : accessInfo : 1
--------- beginning of system
07-05 15:58:56.132 18472 18472 W LogFactory: Truncating log tag length as it exceed 23, the limit imposed by Android on certain API Levels
07-05 15:58:56.162 18472 18472 W ActivityThread: handleWindowVisibility: no activity for token android.os.BinderProxy@ff213ba
07-05 15:58:56.223 18472 18472 W example.edgesu: Accessing hidden method Landroid/graphics/drawable/Drawable;->getOpticalInsets()Landroid/graphics/Insets; (light greylist, linking)
07-05 15:58:56.223 18472 18472 W example.edgesu: Accessing hidden field Landroid/graphics/Insets;->left:I (light greylist, linking)
07-05 15:58:56.223 18472 18472 W example.edgesu: Accessing hidden field Landroid/graphics/Insets;->right:I (light greylist, linking)
07-05 15:58:56.223 18472 18472 W example.edgesu: Accessing hidden field Landroid/graphics/Insets;->top:I (light greylist, linking)
07-05 15:58:56.223 18472 18472 W example.edgesu: Accessing hidden field Landroid/graphics/Insets;->bottom:I (light greylist, linking)
07-05 15:58:56.268 18472 18472 W example.edgesu: Accessing hidden method Landroid/view/View;->computeFitSystemWindows(Landroid/graphics/Rect;Landroid/graphics/Rect;)Z (light greylist, reflection)
07-05 15:58:56.269 18472 18472 W example.edgesu: Accessing hidden method Landroid/view/ViewGroup;->makeOptionalFitsSystemWindows()V (light greylist, reflection)
07-05 15:58:56.367 18472 18472 W example.edgesu: Accessing hidden method Landroid/widget/TextView;->getTextDirectionHeuristic()Landroid/text/TextDirectionHeuristic; (light greylist, linking)
07-05 15:58:56.376 18472 18472 W example.edgesu: Accessing hidden field Landroid/view/View;->mAccessibilityDelegate:Landroid/view/View$AccessibilityDelegate; (light greylist, reflection)
07-05 15:58:56.705 18472 18472 E TransferService: No notification is passed in the intent. Unable to transition to foreground.
07-05 15:58:56.758 18472 18472 W StaticLayout: maxLineHeight should not be -1.  maxLines:1 lineCount:1
07-05 15:58:56.767 18472 18472 W StaticLayout: maxLineHeight should not be -1.  maxLines:1 lineCount:1
07-05 15:58:56.771 18472 18472 W StaticLayout: maxLineHeight should not be -1.  maxLines:1 lineCount:1
07-05 15:58:56.775 18472 18472 W StaticLayout: maxLineHeight should not be -1.  maxLines:1 lineCount:1
07-05 15:58:56.795 18472 18472 W StaticLayout: maxLineHeight should not be -1.  maxLines:1 lineCount:1
07-05 15:58:56.800 18472 18472 W StaticLayout: maxLineHeight should not be -1.  maxLines:1 lineCount:1
07-05 15:59:02.623 18472 18472 W NearbyFragment: Preferences:
07-05 15:59:02.623 18472 18472 W NearbyFragment:   Auto download: true
07-05 15:59:02.623 18472 18472 W NearbyFragment:   Algorithm: best
07-05 15:59:02.623 18472 18472 W NearbyFragment:   Fast scheduling: true
07-05 15:59:02.623 18472 18472 W NearbyFragment:   Segmentation: false
07-05 15:59:02.623 18472 18472 W NearbyFragment:   Auto segmentation: false
07-05 15:59:02.623 18472 18472 W NearbyFragment:   Segment number: 4
07-05 15:59:02.623 18472 18472 W NearbyFragment:   Noise tolerance: 45.00
07-05 15:59:02.623 18472 18472 W NearbyFragment:   Quality: 23
07-05 15:59:02.623 18472 18472 W NearbyFragment:   Speed: medium
07-05 15:59:02.623 18472 18472 W NearbyFragment:   Freeze duration: 1.00
07-05 15:59:02.623 18472 18472 W NearbyFragment: Download delay: 1s
07-05 15:59:02.623 18472 18472 W NearbyFragment: Started downloading from dashcam
07-05 15:59:11.727 18472 18472 W example.edgesu: Accessing hidden method Landroid/view/View;->getTransitionAlpha()F (light greylist, linking)
07-05 15:59:11.727 18472 18472 W example.edgesu: Accessing hidden method Landroid/view/View;->setTransitionAlpha(F)V (light greylist, linking)
07-05 15:59:11.727 18472 18472 W example.edgesu: Accessing hidden method Landroid/view/View;->setAnimationMatrix(Landroid/graphics/Matrix;)V (light greylist, linking)
07-05 15:59:11.727 18472 18472 W example.edgesu: Accessing hidden method Landroid/view/View;->transformMatrixToGlobal(Landroid/graphics/Matrix;)V (light greylist, linking)
07-05 15:59:11.728 18472 18472 W example.edgesu: Accessing hidden method Landroid/view/View;->transformMatrixToLocal(Landroid/graphics/Matrix;)V (light greylist, linking)
07-05 15:59:11.728 18472 18472 W example.edgesu: Accessing hidden method Landroid/view/View;->setLeftTopRightBottom(IIII)V (light greylist, linking)
07-05 15:59:11.728 18472 18472 W example.edgesu: Accessing hidden method Landroid/view/View;->setTransitionVisibility(I)V (dark greylist, linking)
07-05 15:59:11.774 18472 18472 W StaticLayout: maxLineHeight should not be -1.  maxLines:1 lineCount:1
07-05 15:59:11.780 18472 18472 W StaticLayout: maxLineHeight should not be -1.  maxLines:1 lineCount:1
07-05 15:59:11.793 18472 18472 W example.edgesu: Accessing hidden field Landroid/view/View;->mViewFlags:I (light greylist, reflection)
07-05 15:59:11.796 18472 18472 W example.edgesu: Accessing hidden method Landroid/view/ViewGroup;->suppressLayout(Z)V (light greylist, linking)
07-05 15:59:19.508 18472 18521 W DashDownloadManager: Successfully downloaded 20200312_150643.mp4 in 16.725s
07-05 15:59:19.715 18472 18612 W mobile-ffmpeg: [mov,mp4,m4a,3gp,3g2,mj2 @ 0x779b2fe000] Found duplicated MOOV Atom. Skipped it
07-05 15:59:19.955 18472 18612 W mobile-ffmpeg: [graph 0 input from stream 0:0 @ 0x779b5e1900] sws_param option is deprecated and ignored
07-05 15:59:30.828 18472 18611 W Summariser: No activity detected
07-05 15:59:30.834 18472 18612 W mobile-ffmpeg: [mov,mp4,m4a,3gp,3g2,mj2 @ 0x779b2fe000] Found duplicated MOOV Atom. Skipped it
07-05 15:59:30.887 18472 18611 W Summariser: Summarisation completed
07-05 15:59:30.887 18472 18611 W Summariser:   filename: 20200312_150643.mp4
07-05 15:59:30.887 18472 18611 W Summariser:   active sections: 0
07-05 15:59:30.887 18472 18611 W Summariser:   time: 11.262s
07-05 15:59:30.887 18472 18611 W Summariser:   original duration: 60.02
07-05 15:59:30.887 18472 18611 W Summariser:   summarised duration: -1.00
07-05 15:59:30.887 18472 18611 W Summariser:   noise tolerance: 45.00
07-05 15:59:30.887 18472 18611 W Summariser:   quality: 23
07-05 15:59:30.887 18472 18611 W Summariser:   speed: medium
07-05 15:59:30.887 18472 18611 W Summariser:   freeze duration: 1.00
07-05 15:59:34.539 18472 18521 W DashDownloadManager: Successfully downloaded 20200312_150744.mp4 in 13.882s
07-05 15:59:34.583 18472 18612 W mobile-ffmpeg: [mov,mp4,m4a,3gp,3g2,mj2 @ 0x779b2fe000] Found duplicated MOOV Atom. Skipped it
07-05 15:59:34.722 18472 18612 W mobile-ffmpeg: [graph 0 input from stream 0:0 @ 0x779b5e1900] sws_param option is deprecated and ignored
07-05 15:59:45.622 18472 18612 W mobile-ffmpeg: [mov,mp4,m4a,3gp,3g2,mj2 @ 0x779b2fe000] Found duplicated MOOV Atom. Skipped it
07-05 15:59:45.661 18472 18692 W Summariser: 1 active sections found
07-05 15:59:45.666 18472 18612 W mobile-ffmpeg: [mov,mp4,m4a,3gp,3g2,mj2 @ 0x779b2fe000] Found duplicated MOOV Atom. Skipped it
07-05 15:59:45.720 18472 18612 W mobile-ffmpeg: [graph 0 input from stream 0:0 @ 0x779b5e13c0] sws_param option is deprecated and ignored
07-05 15:59:49.459 18472 18521 W DashDownloadManager: Successfully downloaded 20200312_150844.mp4 in 13.798s
07-05 16:00:01.053 18472 18612 W mobile-ffmpeg: [mov,mp4,m4a,3gp,3g2,mj2 @ 0x779b2fe000] Found duplicated MOOV Atom. Skipped it
07-05 16:00:01.110 18472 18692 W Summariser: Summarisation completed
07-05 16:00:01.110 18472 18692 W Summariser:   filename: 20200312_150744.mp4
07-05 16:00:01.110 18472 18692 W Summariser:   active sections: 1
07-05 16:00:01.110 18472 18692 W Summariser:   time: 26.474s
07-05 16:00:01.110 18472 18692 W Summariser:   original duration: 60.02
07-05 16:00:01.110 18472 18692 W Summariser:   summarised duration: 4.83
07-05 16:00:01.110 18472 18692 W Summariser:   noise tolerance: 45.00
07-05 16:00:01.110 18472 18692 W Summariser:   quality: 23
07-05 16:00:01.110 18472 18692 W Summariser:   speed: medium
07-05 16:00:01.110 18472 18692 W Summariser:   freeze duration: 1.00
07-05 16:00:01.185 18472 18612 W mobile-ffmpeg: [mov,mp4,m4a,3gp,3g2,mj2 @ 0x779b2fe000] Found duplicated MOOV Atom. Skipped it
07-05 16:00:01.291 18472 18612 W mobile-ffmpeg: [graph 0 input from stream 0:0 @ 0x779b5e1240] sws_param option is deprecated and ignored
07-05 16:00:04.626 18472 18521 W DashDownloadManager: Successfully downloaded 20200312_150944.mp4 in 14.088s
07-05 16:00:10.122 18472 18692 W Summariser: Whole video is active
07-05 16:00:12.025 18472 18612 W mobile-ffmpeg: [mov,mp4,m4a,3gp,3g2,mj2 @ 0x779b2fe000] Found duplicated MOOV Atom. Skipped it
07-05 16:00:12.077 18472 18612 W mobile-ffmpeg: [mov,mp4,m4a,3gp,3g2,mj2 @ 0x779b2fe000] Found duplicated MOOV Atom. Skipped it
07-05 16:00:12.121 18472 18692 W Summariser: Summarisation completed
07-05 16:00:12.121 18472 18692 W Summariser:   filename: 20200312_150844.mp4
07-05 16:00:12.121 18472 18692 W Summariser:   active sections: -1
07-05 16:00:12.121 18472 18692 W Summariser:   time: 10.840s
07-05 16:00:12.121 18472 18692 W Summariser:   original duration: 60.02
07-05 16:00:12.121 18472 18692 W Summariser:   summarised duration: 60.02
07-05 16:00:12.121 18472 18692 W Summariser:   noise tolerance: 45.00
07-05 16:00:12.121 18472 18692 W Summariser:   quality: 23
07-05 16:00:12.121 18472 18692 W Summariser:   speed: medium
07-05 16:00:12.121 18472 18692 W Summariser:   freeze duration: 1.00
07-05 16:00:12.178 18472 18612 W mobile-ffmpeg: [mov,mp4,m4a,3gp,3g2,mj2 @ 0x779b2fe000] Found duplicated MOOV Atom. Skipped it
07-05 16:00:12.255 18472 18612 W mobile-ffmpeg: [graph 0 input from stream 0:0 @ 0x779b5e16c0] sws_param option is deprecated and ignored
07-05 16:00:19.853 18472 18521 W DashDownloadManager: Successfully downloaded 20200312_151044.mp4 in 14.092s
07-05 16:00:21.659 18472 18692 W Summariser: 1 active sections found
07-05 16:00:21.665 18472 18612 W mobile-ffmpeg: [mov,mp4,m4a,3gp,3g2,mj2 @ 0x779b2fe000] Found duplicated MOOV Atom. Skipped it
07-05 16:00:21.729 18472 18612 W mobile-ffmpeg: [graph 0 input from stream 0:0 @ 0x779b5e1180] sws_param option is deprecated and ignored
07-05 16:00:30.959 18472 18612 W mobile-ffmpeg: [mov,mp4,m4a,3gp,3g2,mj2 @ 0x779b2fe000] Found duplicated MOOV Atom. Skipped it
07-05 16:00:31.033 18472 18692 W Summariser: Summarisation completed
07-05 16:00:31.033 18472 18692 W Summariser:   filename: 20200312_150944.mp4
07-05 16:00:31.033 18472 18692 W Summariser:   active sections: 1
07-05 16:00:31.033 18472 18692 W Summariser:   time: 18.783s
07-05 16:00:31.033 18472 18692 W Summariser:   original duration: 60.02
07-05 16:00:31.033 18472 18692 W Summariser:   summarised duration: 7.07
07-05 16:00:31.033 18472 18692 W Summariser:   noise tolerance: 45.00
07-05 16:00:31.033 18472 18692 W Summariser:   quality: 23
07-05 16:00:31.033 18472 18692 W Summariser:   speed: medium
07-05 16:00:31.033 18472 18692 W Summariser:   freeze duration: 1.00
07-05 16:00:31.121 18472 18612 W mobile-ffmpeg: [mov,mp4,m4a,3gp,3g2,mj2 @ 0x779b2fe000] Found duplicated MOOV Atom. Skipped it
07-05 16:00:31.236 18472 18612 W mobile-ffmpeg: [graph 0 input from stream 0:0 @ 0x779b5e1600] sws_param option is deprecated and ignored
07-05 16:00:35.027 18472 18521 W DashDownloadManager: Successfully downloaded 20200312_193528.mp4 in 14.077s
07-05 16:00:39.973 18472 18692 W Summariser: No activity detected
07-05 16:00:39.977 18472 18612 W mobile-ffmpeg: [mov,mp4,m4a,3gp,3g2,mj2 @ 0x779b2fe000] Found duplicated MOOV Atom. Skipped it
07-05 16:00:40.012 18472 18692 W Summariser: Summarisation completed
07-05 16:00:40.012 18472 18692 W Summariser:   filename: 20200312_151044.mp4
07-05 16:00:40.012 18472 18692 W Summariser:   active sections: 0
07-05 16:00:40.012 18472 18692 W Summariser:   time: 08.858s
07-05 16:00:40.012 18472 18692 W Summariser:   original duration: 60.02
07-05 16:00:40.012 18472 18692 W Summariser:   summarised duration: -1.00
07-05 16:00:40.012 18472 18692 W Summariser:   noise tolerance: 45.00
07-05 16:00:40.012 18472 18692 W Summariser:   quality: 23
07-05 16:00:40.012 18472 18692 W Summariser:   speed: medium
07-05 16:00:40.012 18472 18692 W Summariser:   freeze duration: 1.00
07-05 16:00:40.025 18472 18612 W mobile-ffmpeg: [mov,mp4,m4a,3gp,3g2,mj2 @ 0x779b2fe000] Found duplicated MOOV Atom. Skipped it
07-05 16:00:40.097 18472 18612 W mobile-ffmpeg: [graph 0 input from stream 0:0 @ 0x779b5e1180] sws_param option is deprecated and ignored
07-05 16:00:48.219 18472 18692 W Summariser: No activity detected
07-05 16:00:48.225 18472 18612 W mobile-ffmpeg: [mov,mp4,m4a,3gp,3g2,mj2 @ 0x779b2fe000] Found duplicated MOOV Atom. Skipped it
07-05 16:00:48.256 18472 18692 W Summariser: Summarisation completed
07-05 16:00:48.256 18472 18692 W Summariser:   filename: 20200312_193528.mp4
07-05 16:00:48.256 18472 18692 W Summariser:   active sections: 0
07-05 16:00:48.256 18472 18692 W Summariser:   time: 08.199s
07-05 16:00:48.256 18472 18692 W Summariser:   original duration: 60.05
07-05 16:00:48.256 18472 18692 W Summariser:   summarised duration: -1.00
07-05 16:00:48.256 18472 18692 W Summariser:   noise tolerance: 45.00
07-05 16:00:48.256 18472 18692 W Summariser:   quality: 23
07-05 16:00:48.256 18472 18692 W Summariser:   speed: medium
07-05 16:00:48.256 18472 18692 W Summariser:   freeze duration: 1.00
07-05 16:00:50.015 18472 18521 W DashDownloadManager: Successfully downloaded 20200312_193628.mp4 in 13.917s
07-05 16:00:50.054 18472 18612 W mobile-ffmpeg: [mov,mp4,m4a,3gp,3g2,mj2 @ 0x779b2fe000] Found duplicated MOOV Atom. Skipped it
07-05 16:00:50.174 18472 18612 W mobile-ffmpeg: [graph 0 input from stream 0:0 @ 0x779b5e19c0] sws_param option is deprecated and ignored
07-05 16:00:57.870 18472 18612 W mobile-ffmpeg: [mov,mp4,m4a,3gp,3g2,mj2 @ 0x779b2fe000] Found duplicated MOOV Atom. Skipped it
07-05 16:00:57.906 18472 18481 W System  : A resource failed to call close. 
07-05 16:00:57.906 18472 18481 W System  : A resource failed to call close. 
07-05 16:00:57.911 18472 19176 W Summariser: 1 active sections found
07-05 16:00:57.911 18472 18481 W System  : A resource failed to call close. 
07-05 16:00:57.911 18472 18481 W System  : A resource failed to call close. 
07-05 16:00:57.914 18472 18481 W System  : A resource failed to call close. 
07-05 16:00:57.915 18472 18612 W mobile-ffmpeg: [mov,mp4,m4a,3gp,3g2,mj2 @ 0x779b2fe000] Found duplicated MOOV Atom. Skipped it
07-05 16:00:57.921 18472 18481 W System  : A resource failed to call close. 
07-05 16:00:57.928 18472 18481 W System  : A resource failed to call close. 
07-05 16:00:57.930 18472 18481 W System  : A resource failed to call close. 
07-05 16:00:57.931 18472 18481 W System  : A resource failed to call close. 
07-05 16:00:57.933 18472 18481 W System  : A resource failed to call close. 
07-05 16:00:57.935 18472 18481 W System  : A resource failed to call close. 
07-05 16:00:57.940 18472 18481 W System  : A resource failed to call close. 
07-05 16:00:57.991 18472 18612 W mobile-ffmpeg: [graph 0 input from stream 0:0 @ 0x779b5e1240] sws_param option is deprecated and ignored
07-05 16:01:05.269 18472 18521 W DashDownloadManager: Successfully downloaded 20200312_193728.mp4 in 14.180s
07-05 16:01:13.620 18472 18612 W mobile-ffmpeg: [mov,mp4,m4a,3gp,3g2,mj2 @ 0x779b2fe000] Found duplicated MOOV Atom. Skipped it
07-05 16:01:13.686 18472 19176 W Summariser: Summarisation completed
07-05 16:01:13.686 18472 19176 W Summariser:   filename: 20200312_193628.mp4
07-05 16:01:13.686 18472 19176 W Summariser:   active sections: 1
07-05 16:01:13.686 18472 19176 W Summariser:   time: 23.570s
07-05 16:01:13.686 18472 19176 W Summariser:   original duration: 60.02
07-05 16:01:13.686 18472 19176 W Summariser:   summarised duration: 6.07
07-05 16:01:13.686 18472 19176 W Summariser:   noise tolerance: 45.00
07-05 16:01:13.686 18472 19176 W Summariser:   quality: 23
07-05 16:01:13.686 18472 19176 W Summariser:   speed: medium
07-05 16:01:13.686 18472 19176 W Summariser:   freeze duration: 1.00
07-05 16:01:13.758 18472 18612 W mobile-ffmpeg: [mov,mp4,m4a,3gp,3g2,mj2 @ 0x779b2fe000] Found duplicated MOOV Atom. Skipped it
07-05 16:01:13.933 18472 18612 W mobile-ffmpeg: [graph 0 input from stream 0:0 @ 0x779b5e1180] sws_param option is deprecated and ignored
07-05 16:01:20.361 18472 18521 W DashDownloadManager: Successfully downloaded 20200312_193828.mp4 in 13.964s
07-05 16:01:22.849 18472 19176 W Summariser: Whole video is active
07-05 16:01:24.800 18472 18612 W mobile-ffmpeg: [mov,mp4,m4a,3gp,3g2,mj2 @ 0x779b2fe000] Found duplicated MOOV Atom. Skipped it
07-05 16:01:24.851 18472 18612 W mobile-ffmpeg: [mov,mp4,m4a,3gp,3g2,mj2 @ 0x779b2fe000] Found duplicated MOOV Atom. Skipped it
07-05 16:01:24.895 18472 19176 W Summariser: Summarisation completed
07-05 16:01:24.895 18472 19176 W Summariser:   filename: 20200312_193728.mp4
07-05 16:01:24.895 18472 19176 W Summariser:   active sections: -1
07-05 16:01:24.895 18472 19176 W Summariser:   time: 11.039s
07-05 16:01:24.895 18472 19176 W Summariser:   original duration: 60.02
07-05 16:01:24.895 18472 19176 W Summariser:   summarised duration: 60.02
07-05 16:01:24.895 18472 19176 W Summariser:   noise tolerance: 45.00
07-05 16:01:24.895 18472 19176 W Summariser:   quality: 23
07-05 16:01:24.895 18472 19176 W Summariser:   speed: medium
07-05 16:01:24.895 18472 19176 W Summariser:   freeze duration: 1.00
07-05 16:01:24.981 18472 18612 W mobile-ffmpeg: [mov,mp4,m4a,3gp,3g2,mj2 @ 0x779b2fe000] Found duplicated MOOV Atom. Skipped it
07-05 16:01:25.159 18472 18612 W mobile-ffmpeg: [graph 0 input from stream 0:0 @ 0x779b5e16c0] sws_param option is deprecated and ignored
07-05 16:01:34.218 18472 19176 W Summariser: 1 active sections found
07-05 16:01:34.224 18472 18612 W mobile-ffmpeg: [mov,mp4,m4a,3gp,3g2,mj2 @ 0x779b2fe000] Found duplicated MOOV Atom. Skipped it
07-05 16:01:34.334 18472 18612 W mobile-ffmpeg: [graph 0 input from stream 0:0 @ 0x779b4502c0] sws_param option is deprecated and ignored
07-05 16:01:35.573 18472 18521 W DashDownloadManager: Successfully downloaded 20200312_193928.mp4 in 14.079s
07-05 16:01:50.725 18472 18521 W DashDownloadManager: Successfully downloaded 20200312_194129.mp4 in 14.075s
07-05 16:01:52.501 18472 18612 W mobile-ffmpeg: [mov,mp4,m4a,3gp,3g2,mj2 @ 0x779b2fe000] Found duplicated MOOV Atom. Skipped it
07-05 16:01:52.563 18472 19176 W Summariser: Summarisation completed
07-05 16:01:52.563 18472 19176 W Summariser:   filename: 20200312_193828.mp4
07-05 16:01:52.563 18472 19176 W Summariser:   active sections: 1
07-05 16:01:52.563 18472 19176 W Summariser:   time: 27.535s
07-05 16:01:52.563 18472 19176 W Summariser:   original duration: 60.02
07-05 16:01:52.563 18472 19176 W Summariser:   summarised duration: 14.28
07-05 16:01:52.563 18472 19176 W Summariser:   noise tolerance: 45.00
07-05 16:01:52.563 18472 19176 W Summariser:   quality: 23
07-05 16:01:52.563 18472 19176 W Summariser:   speed: medium
07-05 16:01:52.563 18472 19176 W Summariser:   freeze duration: 1.00
07-05 16:01:52.622 18472 18612 W mobile-ffmpeg: [mov,mp4,m4a,3gp,3g2,mj2 @ 0x779b2fe000] Found duplicated MOOV Atom. Skipped it
07-05 16:01:52.745 18472 18612 W mobile-ffmpeg: [graph 0 input from stream 0:0 @ 0x779b5e1600] sws_param option is deprecated and ignored
07-05 16:02:00.866 18472 19176 W Summariser: No activity detected
07-05 16:02:00.871 18472 18612 W mobile-ffmpeg: [mov,mp4,m4a,3gp,3g2,mj2 @ 0x779b2fe000] Found duplicated MOOV Atom. Skipped it
07-05 16:02:00.903 18472 19176 W Summariser: Summarisation completed
07-05 16:02:00.903 18472 19176 W Summariser:   filename: 20200312_193928.mp4
07-05 16:02:00.903 18472 19176 W Summariser:   active sections: 0
07-05 16:02:00.903 18472 19176 W Summariser:   time: 08.251s
07-05 16:02:00.903 18472 19176 W Summariser:   original duration: 60.89
07-05 16:02:00.903 18472 19176 W Summariser:   summarised duration: -1.00
07-05 16:02:00.903 18472 19176 W Summariser:   noise tolerance: 45.00
07-05 16:02:00.903 18472 19176 W Summariser:   quality: 23
07-05 16:02:00.903 18472 19176 W Summariser:   speed: medium
07-05 16:02:00.903 18472 19176 W Summariser:   freeze duration: 1.00
07-05 16:02:00.918 18472 18612 W mobile-ffmpeg: [mov,mp4,m4a,3gp,3g2,mj2 @ 0x779b2fe000] Found duplicated MOOV Atom. Skipped it
07-05 16:02:00.985 18472 18612 W mobile-ffmpeg: [graph 0 input from stream 0:0 @ 0x779b5e13c0] sws_param option is deprecated and ignored
07-05 16:02:05.837 18472 18521 W DashDownloadManager: Successfully downloaded 20200312_194229.mp4 in 14.031s
07-05 16:02:09.020 18472 19176 W Summariser: 2 active sections found
07-05 16:02:09.026 18472 18612 W mobile-ffmpeg: [mov,mp4,m4a,3gp,3g2,mj2 @ 0x779b2fe000] Found duplicated MOOV Atom. Skipped it
07-05 16:02:09.075 18472 18612 W mobile-ffmpeg: [graph 0 input from stream 0:0 @ 0x779b4502c0] sws_param option is deprecated and ignored
07-05 16:02:09.075 18472 18612 W mobile-ffmpeg: [graph 0 input from stream 0:0 @ 0x779b5e2200] sws_param option is deprecated and ignored
07-05 16:02:21.177 18472 18521 W DashDownloadManager: Successfully downloaded 20200312_194330.mp4 in 14.241s
07-05 16:02:26.875 18472 18612 W mobile-ffmpeg: [mov,mp4,m4a,3gp,3g2,mj2 @ 0x779b2fe000] Found duplicated MOOV Atom. Skipped it
07-05 16:02:26.923 18472 19176 W Summariser: Summarisation completed
07-05 16:02:26.923 18472 19176 W Summariser:   filename: 20200312_194129.mp4
07-05 16:02:26.923 18472 19176 W Summariser:   active sections: 2
07-05 16:02:26.923 18472 19176 W Summariser:   time: 25.962s
07-05 16:02:26.923 18472 19176 W Summariser:   original duration: 60.02
07-05 16:02:26.923 18472 19176 W Summariser:   summarised duration: 10.77
07-05 16:02:26.923 18472 19176 W Summariser:   noise tolerance: 45.00
07-05 16:02:26.923 18472 19176 W Summariser:   quality: 23
07-05 16:02:26.923 18472 19176 W Summariser:   speed: medium
07-05 16:02:26.923 18472 19176 W Summariser:   freeze duration: 1.00
07-05 16:02:26.986 18472 18612 W mobile-ffmpeg: [mov,mp4,m4a,3gp,3g2,mj2 @ 0x779b2fe000] Found duplicated MOOV Atom. Skipped it
07-05 16:02:27.050 18472 18612 W mobile-ffmpeg: [graph 0 input from stream 0:0 @ 0x779b5e1480] sws_param option is deprecated and ignored
07-05 16:02:35.500 18472 18612 W mobile-ffmpeg: [mov,mp4,m4a,3gp,3g2,mj2 @ 0x779b2fe000] Found duplicated MOOV Atom. Skipped it
07-05 16:02:35.553 18472 19176 W Summariser: 5 active sections found
07-05 16:02:35.560 18472 18612 W mobile-ffmpeg: [mov,mp4,m4a,3gp,3g2,mj2 @ 0x779b2fe000] Found duplicated MOOV Atom. Skipped it
07-05 16:02:35.642 18472 18612 W mobile-ffmpeg: [graph 0 input from stream 0:0 @ 0x779b5e22c0] sws_param option is deprecated and ignored
07-05 16:02:35.642 18472 18612 W mobile-ffmpeg: [graph 0 input from stream 0:0 @ 0x779b5e2a40] sws_param option is deprecated and ignored
07-05 16:02:35.642 18472 18612 W mobile-ffmpeg: [graph 0 input from stream 0:0 @ 0x779b5e2800] sws_param option is deprecated and ignored
07-05 16:02:35.642 18472 18612 W mobile-ffmpeg: [graph 0 input from stream 0:0 @ 0x779b5e2c80] sws_param option is deprecated and ignored
07-05 16:02:35.642 18472 18612 W mobile-ffmpeg: [graph 0 input from stream 0:0 @ 0x779b5e2e00] sws_param option is deprecated and ignored
07-05 16:02:36.466 18472 18521 W DashDownloadManager: Successfully downloaded 20200312_194730.mp4 in 14.197s
07-05 16:02:51.434 18472 18521 W DashDownloadManager: Successfully downloaded 20200312_194830.mp4 in 13.860s
07-05 16:03:06.264 18472 18612 W mobile-ffmpeg: [mov,mp4,m4a,3gp,3g2,mj2 @ 0x779b2fe000] Found duplicated MOOV Atom. Skipped it
07-05 16:03:06.366 18472 19176 W Summariser: Summarisation completed
07-05 16:03:06.366 18472 19176 W Summariser:   filename: 20200312_194229.mp4
07-05 16:03:06.366 18472 19176 W Summariser:   active sections: 5
07-05 16:03:06.366 18472 19176 W Summariser:   time: 39.278s
07-05 16:03:06.366 18472 19176 W Summariser:   original duration: 60.02
07-05 16:03:06.366 18472 19176 W Summariser:   summarised duration: 15.51
07-05 16:03:06.366 18472 19176 W Summariser:   noise tolerance: 45.00
07-05 16:03:06.366 18472 19176 W Summariser:   quality: 23
07-05 16:03:06.366 18472 19176 W Summariser:   speed: medium
07-05 16:03:06.366 18472 19176 W Summariser:   freeze duration: 1.00
07-05 16:03:06.442 18472 18612 W mobile-ffmpeg: [mov,mp4,m4a,3gp,3g2,mj2 @ 0x779b2fe000] Found duplicated MOOV Atom. Skipped it
07-05 16:03:06.488 18472 18521 W DashDownloadManager: Successfully downloaded 20200312_194930.mp4 in 13.993s
07-05 16:03:06.540 18472 18612 W mobile-ffmpeg: [graph 0 input from stream 0:0 @ 0x779b5e1540] sws_param option is deprecated and ignored
07-05 16:03:17.318 18472 19176 W Summariser: No activity detected
07-05 16:03:17.323 18472 18612 W mobile-ffmpeg: [mov,mp4,m4a,3gp,3g2,mj2 @ 0x779b2fe000] Found duplicated MOOV Atom. Skipped it
07-05 16:03:17.379 18472 19176 W Summariser: Summarisation completed
07-05 16:03:17.379 18472 19176 W Summariser:   filename: 20200312_194330.mp4
07-05 16:03:17.379 18472 19176 W Summariser:   active sections: 0
07-05 16:03:17.379 18472 19176 W Summariser:   time: 10.882s
07-05 16:03:17.379 18472 19176 W Summariser:   original duration: 60.02
07-05 16:03:17.379 18472 19176 W Summariser:   summarised duration: -1.00
07-05 16:03:17.379 18472 19176 W Summariser:   noise tolerance: 45.00
07-05 16:03:17.379 18472 19176 W Summariser:   quality: 23
07-05 16:03:17.379 18472 19176 W Summariser:   speed: medium
07-05 16:03:17.379 18472 19176 W Summariser:   freeze duration: 1.00
07-05 16:03:17.407 18472 18612 W mobile-ffmpeg: [mov,mp4,m4a,3gp,3g2,mj2 @ 0x779b2fe000] Found duplicated MOOV Atom. Skipped it
07-05 16:03:17.484 18472 18612 W mobile-ffmpeg: [graph 0 input from stream 0:0 @ 0x779b5e1540] sws_param option is deprecated and ignored
07-05 16:03:21.510 18472 18521 W DashDownloadManager: Successfully downloaded 20200312_195230.mp4 in 13.941s
07-05 16:03:28.047 18472 19176 W Summariser: No activity detected
07-05 16:03:28.059 18472 18612 W mobile-ffmpeg: [mov,mp4,m4a,3gp,3g2,mj2 @ 0x779b2fe000] Found duplicated MOOV Atom. Skipped it
07-05 16:03:28.141 18472 19176 W Summariser: Summarisation completed
07-05 16:03:28.141 18472 19176 W Summariser:   filename: 20200312_194730.mp4
07-05 16:03:28.141 18472 19176 W Summariser:   active sections: 0
07-05 16:03:28.141 18472 19176 W Summariser:   time: 10.647s
07-05 16:03:28.141 18472 19176 W Summariser:   original duration: 60.02
07-05 16:03:28.141 18472 19176 W Summariser:   summarised duration: -1.00
07-05 16:03:28.141 18472 19176 W Summariser:   noise tolerance: 45.00
07-05 16:03:28.141 18472 19176 W Summariser:   quality: 23
07-05 16:03:28.141 18472 19176 W Summariser:   speed: medium
07-05 16:03:28.141 18472 19176 W Summariser:   freeze duration: 1.00
07-05 16:03:28.162 18472 18612 W mobile-ffmpeg: [mov,mp4,m4a,3gp,3g2,mj2 @ 0x779b2fe000] Found duplicated MOOV Atom. Skipped it
07-05 16:03:28.278 18472 18612 W mobile-ffmpeg: [graph 0 input from stream 0:0 @ 0x779b5e1480] sws_param option is deprecated and ignored
07-05 16:03:36.602 18472 18521 W DashDownloadManager: Successfully downloaded 20200312_195330.mp4 in 14.013s
07-05 16:03:38.847 18472 19176 W Summariser: 4 active sections found
07-05 16:03:38.856 18472 18612 W mobile-ffmpeg: [mov,mp4,m4a,3gp,3g2,mj2 @ 0x779b2fe000] Found duplicated MOOV Atom. Skipped it
07-05 16:03:39.008 18472 18612 W mobile-ffmpeg: [graph 0 input from stream 0:0 @ 0x779b5e2380] sws_param option is deprecated and ignored
07-05 16:03:39.008 18472 18612 W mobile-ffmpeg: [graph 0 input from stream 0:0 @ 0x779b5e2bc0] sws_param option is deprecated and ignored
07-05 16:03:39.009 18472 18612 W mobile-ffmpeg: [graph 0 input from stream 0:0 @ 0x779b5e2d40] sws_param option is deprecated and ignored
07-05 16:03:39.009 18472 18612 W mobile-ffmpeg: [graph 0 input from stream 0:0 @ 0x779b5e2ec0] sws_param option is deprecated and ignored
07-05 16:03:52.035 18472 18521 W DashDownloadManager: Successfully downloaded 20200312_195430.mp4 in 14.146s
07-05 16:03:53.043 18472 18521 W NearbyFragment: Stopped downloading from dashcam
07-05 16:04:10.870 18472 18612 W mobile-ffmpeg: [mov,mp4,m4a,3gp,3g2,mj2 @ 0x779b2fe000] Found duplicated MOOV Atom. Skipped it
07-05 16:04:10.961 18472 19176 W Summariser: Summarisation completed
07-05 16:04:10.961 18472 19176 W Summariser:   filename: 20200312_194830.mp4
07-05 16:04:10.961 18472 19176 W Summariser:   active sections: 4
07-05 16:04:10.961 18472 19176 W Summariser:   time: 42.707s
07-05 16:04:10.961 18472 19176 W Summariser:   original duration: 60.02
07-05 16:04:10.961 18472 19176 W Summariser:   summarised duration: 19.02
07-05 16:04:10.961 18472 19176 W Summariser:   noise tolerance: 45.00
07-05 16:04:10.961 18472 19176 W Summariser:   quality: 23
07-05 16:04:10.961 18472 19176 W Summariser:   speed: medium
07-05 16:04:10.961 18472 19176 W Summariser:   freeze duration: 1.00
07-05 16:04:11.080 18472 18612 W mobile-ffmpeg: [mov,mp4,m4a,3gp,3g2,mj2 @ 0x779b2fe000] Found duplicated MOOV Atom. Skipped it
07-05 16:04:11.216 18472 18612 W mobile-ffmpeg: [graph 0 input from stream 0:0 @ 0x779b5e1480] sws_param option is deprecated and ignored
07-05 16:04:20.272 18472 18612 W mobile-ffmpeg: [mov,mp4,m4a,3gp,3g2,mj2 @ 0x779b2fe000] Found duplicated MOOV Atom. Skipped it
07-05 16:04:20.332 18472 19176 W Summariser: 2 active sections found
07-05 16:04:20.340 18472 18612 W mobile-ffmpeg: [mov,mp4,m4a,3gp,3g2,mj2 @ 0x779b2fe000] Found duplicated MOOV Atom. Skipped it
07-05 16:04:20.425 18472 18612 W mobile-ffmpeg: [graph 0 input from stream 0:0 @ 0x779b5e1180] sws_param option is deprecated and ignored
07-05 16:04:20.425 18472 18612 W mobile-ffmpeg: [graph 0 input from stream 0:0 @ 0x779b5e19c0] sws_param option is deprecated and ignored
07-05 16:04:53.110 18472 18612 W mobile-ffmpeg: [mov,mp4,m4a,3gp,3g2,mj2 @ 0x779b2fe000] Found duplicated MOOV Atom. Skipped it
07-05 16:04:53.196 18472 19176 W Summariser: Summarisation completed
07-05 16:04:53.196 18472 19176 W Summariser:   filename: 20200312_194930.mp4
07-05 16:04:53.196 18472 19176 W Summariser:   active sections: 2
07-05 16:04:53.196 18472 19176 W Summariser:   time: 42.030s
07-05 16:04:53.196 18472 19176 W Summariser:   original duration: 60.02
07-05 16:04:53.196 18472 19176 W Summariser:   summarised duration: 22.25
07-05 16:04:53.196 18472 19176 W Summariser:   noise tolerance: 45.00
07-05 16:04:53.196 18472 19176 W Summariser:   quality: 23
07-05 16:04:53.196 18472 19176 W Summariser:   speed: medium
07-05 16:04:53.196 18472 19176 W Summariser:   freeze duration: 1.00
07-05 16:04:53.313 18472 18612 W mobile-ffmpeg: [mov,mp4,m4a,3gp,3g2,mj2 @ 0x779b2fe000] Found duplicated MOOV Atom. Skipped it
07-05 16:04:53.438 18472 18612 W mobile-ffmpeg: [graph 0 input from stream 0:0 @ 0x779b5e1540] sws_param option is deprecated and ignored
07-05 16:05:02.741 18472 19176 W Summariser: 1 active sections found
07-05 16:05:02.749 18472 18612 W mobile-ffmpeg: [mov,mp4,m4a,3gp,3g2,mj2 @ 0x779b2fe000] Found duplicated MOOV Atom. Skipped it
07-05 16:05:02.824 18472 18612 W mobile-ffmpeg: [graph 0 input from stream 0:0 @ 0x779b5e2380] sws_param option is deprecated and ignored
07-05 16:05:15.668 18472 18612 W mobile-ffmpeg: [mov,mp4,m4a,3gp,3g2,mj2 @ 0x779b2fe000] Found duplicated MOOV Atom. Skipped it
07-05 16:05:15.739 18472 19176 W Summariser: Summarisation completed
07-05 16:05:15.739 18472 19176 W Summariser:   filename: 20200312_195230.mp4
07-05 16:05:15.739 18472 19176 W Summariser:   active sections: 1
07-05 16:05:15.739 18472 19176 W Summariser:   time: 22.359s
07-05 16:05:15.739 18472 19176 W Summariser:   original duration: 60.02
07-05 16:05:15.739 18472 19176 W Summariser:   summarised duration: 6.97
07-05 16:05:15.739 18472 19176 W Summariser:   noise tolerance: 45.00
07-05 16:05:15.739 18472 19176 W Summariser:   quality: 23
07-05 16:05:15.739 18472 19176 W Summariser:   speed: medium
07-05 16:05:15.739 18472 19176 W Summariser:   freeze duration: 1.00
07-05 16:05:15.831 18472 18612 W mobile-ffmpeg: [mov,mp4,m4a,3gp,3g2,mj2 @ 0x779b2fe000] Found duplicated MOOV Atom. Skipped it
07-05 16:05:15.942 18472 18612 W mobile-ffmpeg: [graph 0 input from stream 0:0 @ 0x779b5e1540] sws_param option is deprecated and ignored
07-05 16:05:25.073 18472 19176 W Summariser: 5 active sections found
07-05 16:05:25.080 18472 18612 W mobile-ffmpeg: [mov,mp4,m4a,3gp,3g2,mj2 @ 0x779b2fe000] Found duplicated MOOV Atom. Skipped it
07-05 16:05:25.150 18472 18612 W mobile-ffmpeg: [graph 0 input from stream 0:0 @ 0x779b5e2140] sws_param option is deprecated and ignored
07-05 16:05:25.150 18472 18612 W mobile-ffmpeg: [graph 0 input from stream 0:0 @ 0x779b5e2980] sws_param option is deprecated and ignored
07-05 16:05:25.150 18472 18612 W mobile-ffmpeg: [graph 0 input from stream 0:0 @ 0x779b5e2680] sws_param option is deprecated and ignored
07-05 16:05:25.150 18472 18612 W mobile-ffmpeg: [graph 0 input from stream 0:0 @ 0x779b5e2b00] sws_param option is deprecated and ignored
07-05 16:05:25.150 18472 18612 W mobile-ffmpeg: [graph 0 input from stream 0:0 @ 0x779b5e2c80] sws_param option is deprecated and ignored
07-05 16:05:56.321 18472 18612 W mobile-ffmpeg: [mov,mp4,m4a,3gp,3g2,mj2 @ 0x779b2fe000] Found duplicated MOOV Atom. Skipped it
07-05 16:05:56.388 18472 19176 W Summariser: Summarisation completed
07-05 16:05:56.388 18472 19176 W Summariser:   filename: 20200312_195330.mp4
07-05 16:05:56.388 18472 19176 W Summariser:   active sections: 5
07-05 16:05:56.388 18472 19176 W Summariser:   time: 40.496s
07-05 16:05:56.388 18472 19176 W Summariser:   original duration: 60.02
07-05 16:05:56.388 18472 19176 W Summariser:   summarised duration: 23.42
07-05 16:05:56.388 18472 19176 W Summariser:   noise tolerance: 45.00
07-05 16:05:56.388 18472 19176 W Summariser:   quality: 23
07-05 16:05:56.388 18472 19176 W Summariser:   speed: medium
07-05 16:05:56.388 18472 19176 W Summariser:   freeze duration: 1.00
07-05 16:05:56.546 18472 18612 W mobile-ffmpeg: [mov,mp4,m4a,3gp,3g2,mj2 @ 0x779b2fe000] Found duplicated MOOV Atom. Skipped it
07-05 16:05:56.674 18472 18612 W mobile-ffmpeg: [graph 0 input from stream 0:0 @ 0x779b5e1540] sws_param option is deprecated and ignored
07-05 16:06:05.665 18472 19176 W Summariser: 5 active sections found
07-05 16:06:05.673 18472 18612 W mobile-ffmpeg: [mov,mp4,m4a,3gp,3g2,mj2 @ 0x779b2fe000] Found duplicated MOOV Atom. Skipped it
07-05 16:06:05.763 18472 18612 W mobile-ffmpeg: [graph 0 input from stream 0:0 @ 0x779b5e2140] sws_param option is deprecated and ignored
07-05 16:06:05.763 18472 18612 W mobile-ffmpeg: [graph 0 input from stream 0:0 @ 0x779b5e2980] sws_param option is deprecated and ignored
07-05 16:06:05.763 18472 18612 W mobile-ffmpeg: [graph 0 input from stream 0:0 @ 0x779b5e2740] sws_param option is deprecated and ignored
07-05 16:06:05.763 18472 18612 W mobile-ffmpeg: [graph 0 input from stream 0:0 @ 0x779b5e2b00] sws_param option is deprecated and ignored
07-05 16:06:05.763 18472 18612 W mobile-ffmpeg: [graph 0 input from stream 0:0 @ 0x779b5e2c80] sws_param option is deprecated and ignored
07-05 16:06:33.409 18472 18612 W mobile-ffmpeg: [mov,mp4,m4a,3gp,3g2,mj2 @ 0x779b2fe000] Found duplicated MOOV Atom. Skipped it
07-05 16:06:33.498 18472 19176 W Summariser: Summarisation completed
07-05 16:06:33.498 18472 19176 W Summariser:   filename: 20200312_195430.mp4
07-05 16:06:33.498 18472 19176 W Summariser:   active sections: 5
07-05 16:06:33.498 18472 19176 W Summariser:   time: 36.869s
07-05 16:06:33.498 18472 19176 W Summariser:   original duration: 60.02
07-05 16:06:33.498 18472 19176 W Summariser:   summarised duration: 21.92
07-05 16:06:33.498 18472 19176 W Summariser:   noise tolerance: 45.00
07-05 16:06:33.498 18472 19176 W Summariser:   quality: 23
07-05 16:06:33.498 18472 19176 W Summariser:   speed: medium
07-05 16:06:33.498 18472 19176 W Summariser:   freeze duration: 1.00
