--------- beginning of main
06-29 20:48:40.627  5979  5979 W LogFactory: Truncating log tag length as it exceed 23, the limit imposed by Android on certain API Levels
06-29 20:48:40.669  5979  5979 E TransferService: No notification is passed in the intent. Unable to transition to foreground.
06-29 20:50:15.006  5979  5979 W NearbyFragment: Preferences:
06-29 20:50:15.006  5979  5979 W NearbyFragment:   Auto download: true
06-29 20:50:15.006  5979  5979 W NearbyFragment:   Algorithm: ordered
06-29 20:50:15.006  5979  5979 W NearbyFragment:   Fast scheduling: true
06-29 20:50:15.006  5979  5979 W NearbyFragment:   Segmentation: false
06-29 20:50:15.006  5979  5979 W NearbyFragment:   Auto segmentation: false
06-29 20:50:15.006  5979  5979 W NearbyFragment:   Segment number: 4
06-29 20:50:15.006  5979  5979 W NearbyFragment:   Noise tolerance: 45.00
06-29 20:50:15.006  5979  5979 W NearbyFragment:   Quality: 23
06-29 20:50:15.006  5979  5979 W NearbyFragment:   Speed: medium
06-29 20:50:15.006  5979  5979 W NearbyFragment:   Freeze duration: 1.00
06-29 20:50:15.007  5979  5979 W NearbyFragment: Download delay: 1s
06-29 20:50:15.007  5979  5979 W NearbyFragment: Started downloading from dashcam
06-29 20:50:43.757  5979  5979 W DashDownloadManager: Successfully downloaded 20200312_150643.mp4 in 28.644s
06-29 20:51:18.914  5979  5979 W DashDownloadManager: Successfully downloaded 20200312_150744.mp4 in 34.097s
06-29 20:51:46.936  5979  5979 W NearbyFragment: Sending 20200312_150643.mp4 to Galaxy S8 [2802]
06-29 20:51:46.943  5979  5979 W NearbyFragment: Sending 20200312_150744.mp4 to Nexus 5 [1825]
06-29 20:51:46.950  5979  5979 W NearbyFragment: Sending 20200312_150844.mp4 to Nexus 5X [9c8f]
06-29 20:51:46.959  5979  5979 W DashDownloadManager: Successfully downloaded 20200312_150844.mp4 in 26.956s
06-29 20:52:42.624  5979  5979 W NearbyFragment: Sending 20200312_150944.mp4 to Galaxy S8 [2802]
06-29 20:52:42.632  5979  5979 W DashDownloadManager: Successfully downloaded 20200312_150944.mp4 in 54.617s
06-29 20:53:03.059  5979  5979 W NearbyFragment: Completed downloading 20200312_150844.mp4 from Endpoint{id=odIV, name=Nexus 5X [9c8f]} in 19.429s
06-29 20:53:08.392  5979  5979 W NearbyFragment: Completed downloading 20200312_150744.mp4 from Endpoint{id=Ya04, name=Nexus 5 [1825]} in 00.006s
06-29 20:53:15.594  5979  5979 W NearbyFragment: Completed downloading 20200312_150944.mp4 from Endpoint{id=2o2o, name=Galaxy S8 [2802]} in 01.940s
06-29 20:53:27.155  5979  5979 W NearbyFragment: Sending 20200312_151044.mp4 to Nexus 5X [9c8f]
06-29 20:53:27.163  5979  5979 W DashDownloadManager: Successfully downloaded 20200312_151044.mp4 in 43.450s
06-29 20:54:05.796  5979  5979 W NearbyFragment: Sending 20200312_193528.mp4 to Nexus 5 [1825]
06-29 20:54:05.804  5979  5979 W DashDownloadManager: Successfully downloaded 20200312_193528.mp4 in 37.573s
06-29 20:54:45.060  5979  5979 W NearbyFragment: Sending 20200312_193628.mp4 to Galaxy S8 [2802]
06-29 20:54:45.067  5979  5979 W DashDownloadManager: Successfully downloaded 20200312_193628.mp4 in 38.187s
06-29 20:55:13.222  5979  5979 W NearbyFragment: Completed downloading 20200312_193628.mp4 from Endpoint{id=2o2o, name=Galaxy S8 [2802]} in 00.878s
06-29 20:55:15.798  5979  5979 W NearbyFragment: Sending 20200312_193728.mp4 to Nexus 5X [9c8f]
06-29 20:55:15.805  5979  5979 W DashDownloadManager: Successfully downloaded 20200312_193728.mp4 in 29.663s
06-29 20:55:54.058  5979  5979 W NearbyFragment: Completed downloading 20200312_193728.mp4 from Endpoint{id=odIV, name=Nexus 5X [9c8f]} in 09.400s
06-29 20:56:03.705  5979  5979 W NearbyFragment: Sending 20200312_193828.mp4 to Nexus 5 [1825]
06-29 20:56:03.714  5979  5979 W DashDownloadManager: Successfully downloaded 20200312_193828.mp4 in 46.829s
06-29 20:56:43.392  5979  5979 W NearbyFragment: Sending 20200312_193928.mp4 to Galaxy S8 [2802]
06-29 20:56:43.397  5979  5979 W DashDownloadManager: Successfully downloaded 20200312_193928.mp4 in 38.612s
06-29 20:57:18.798  5979  5979 W NearbyFragment: Sending 20200312_194129.mp4 to Nexus 5X [9c8f]
06-29 20:57:18.803  5979  5979 W DashDownloadManager: Successfully downloaded 20200312_194129.mp4 in 34.311s
06-29 20:57:32.430  5979  5979 W NearbyFragment: Completed downloading 20200312_193828.mp4 from Endpoint{id=Ya04, name=Nexus 5 [1825]} in 00.604s
06-29 20:57:58.788  5979  5979 W NearbyFragment: Sending 20200312_194229.mp4 to Galaxy S8 [2802]
06-29 20:57:58.792  5979  5979 W DashDownloadManager: Successfully downloaded 20200312_194229.mp4 in 38.904s
06-29 20:58:28.483  5979  5979 W NearbyFragment: Sending 20200312_194330.mp4 to Nexus 5 [1825]
06-29 20:58:28.488  5979  5979 W DashDownloadManager: Successfully downloaded 20200312_194330.mp4 in 28.627s
06-29 20:58:29.819  5979  5979 W NearbyFragment: Completed downloading 20200312_194129.mp4 from Endpoint{id=odIV, name=Nexus 5X [9c8f]} in 00.566s
06-29 20:58:39.758  5979  5979 W NearbyFragment: Completed downloading 20200312_194229.mp4 from Endpoint{id=2o2o, name=Galaxy S8 [2802]} in 06.419s
06-29 20:59:05.198  5979  5979 W NearbyFragment: Sending 20200312_194730.mp4 to Nexus 5X [9c8f]
06-29 20:59:05.205  5979  5979 W DashDownloadManager: Successfully downloaded 20200312_194730.mp4 in 35.629s
06-29 20:59:38.486  5979  5979 W NearbyFragment: Sending 20200312_194830.mp4 to Galaxy S8 [2802]
06-29 20:59:38.492  5979  5979 W DashDownloadManager: Successfully downloaded 20200312_194830.mp4 in 32.229s
06-29 21:00:09.860  5979  5979 W NearbyFragment: Sending 20200312_194930.mp4 to Nexus 5 [1825]
06-29 21:00:09.865  5979  5979 W DashDownloadManager: Successfully downloaded 20200312_194930.mp4 in 30.307s
06-29 21:00:19.693  5979  5979 W NearbyFragment: Completed downloading 20200312_194830.mp4 from Endpoint{id=2o2o, name=Galaxy S8 [2802]} in 04.563s
06-29 21:00:48.545  5979  5979 W NearbyFragment: Sending 20200312_195230.mp4 to Nexus 5X [9c8f]
06-29 21:00:48.551  5979  5979 W DashDownloadManager: Successfully downloaded 20200312_195230.mp4 in 37.609s
06-29 21:01:21.906  5979  5979 W NearbyFragment: Sending 20200312_195330.mp4 to Galaxy S8 [2802]
06-29 21:01:21.912  5979  5979 W DashDownloadManager: Successfully downloaded 20200312_195330.mp4 in 32.287s
06-29 21:01:51.290  5979  5979 W NearbyFragment: Completed downloading 20200312_195230.mp4 from Endpoint{id=odIV, name=Nexus 5X [9c8f]} in 00.243s
06-29 21:01:52.966  5979  5979 W NearbyFragment: Sending 20200312_195430.mp4 to Nexus 5X [9c8f]
06-29 21:01:52.972  5979  5979 W DashDownloadManager: Successfully downloaded 20200312_195430.mp4 in 29.998s
06-29 21:01:53.987  5979  6299 W NearbyFragment: Stopped downloading from dashcam
06-29 21:02:05.394  5979  5979 W NearbyFragment: Completed downloading 20200312_195330.mp4 from Endpoint{id=2o2o, name=Galaxy S8 [2802]} in 04.194s
06-29 21:02:35.237  5979  5979 W NearbyFragment: Completed downloading 20200312_194930.mp4 from Endpoint{id=Ya04, name=Nexus 5 [1825]} in 00.876s
06-29 21:03:38.773  5979  5979 W NearbyFragment: Completed downloading 20200312_195430.mp4 from Endpoint{id=odIV, name=Nexus 5X [9c8f]} in 00.499s
