--------- beginning of main
06-29 20:48:37.479  5917  5917 W LogFactory: Truncating log tag length as it exceed 23, the limit imposed by Android on certain API Levels
06-29 20:48:37.497  5917  5917 E TransferService: No notification is passed in the intent. Unable to transition to foreground.
06-29 20:52:25.649  5917  5917 W NearbyFragment: Completed downloading 20200312_150844.mp4 from Endpoint{id=dafo, name=Nexus 5X [34d8]} in 40.395s
06-29 20:52:25.785  5917  6486 W mobile-ffmpeg: 
06-29 20:52:25.786  5917  6486 W mobile-ffmpeg: [mov,mp4,m4a,3gp,3g2,mj2 @ 0x75f31a0800] 
06-29 20:52:25.786  5917  6486 W mobile-ffmpeg: 
06-29 20:52:25.786  5917  6486 W mobile-ffmpeg: Found duplicated MOOV Atom. Skipped it
06-29 20:52:39.095  5917  6485 W Summariser: Whole video is active
06-29 20:52:41.629  5917  6485 W Summariser: Summarisation completed
06-29 20:52:41.629  5917  6485 W Summariser:   filename: 20200312_150844.mp4
06-29 20:52:41.629  5917  6485 W Summariser:   active sections: -1
06-29 20:52:41.629  5917  6485 W Summariser:   time: 15.652s
06-29 20:52:41.629  5917  6485 W Summariser:   original duration: 60.02
06-29 20:52:41.629  5917  6485 W Summariser:   summarised duration: 60.02
06-29 20:52:41.629  5917  6485 W Summariser:   noise tolerance: 45.00
06-29 20:52:41.629  5917  6485 W Summariser:   quality: 23
06-29 20:52:41.629  5917  6485 W Summariser:   speed: medium
06-29 20:52:41.629  5917  6485 W Summariser:   freeze duration: 1.00
06-29 20:52:41.697  5917  6485 W NearbyFragment: Sending 20200312_150844.mp4 to Nexus 5X [34d8]
06-29 20:53:40.118  5917  5917 W NearbyFragment: Completed downloading 20200312_151044.mp4 from Endpoint{id=dafo, name=Nexus 5X [34d8]} in 14.726s
06-29 20:53:40.189  5917  6486 W mobile-ffmpeg: 
06-29 20:53:40.189  5917  6486 W mobile-ffmpeg: [mov,mp4,m4a,3gp,3g2,mj2 @ 0x75f31a0800] 
06-29 20:53:40.189  5917  6486 W mobile-ffmpeg: 
06-29 20:53:40.191  5917  6486 W mobile-ffmpeg: Found duplicated MOOV Atom. Skipped it
06-29 20:53:53.833  5917  6540 W Summariser: No activity detected
06-29 20:53:53.954  5917  6540 W Summariser: Summarisation completed
06-29 20:53:53.954  5917  6540 W Summariser:   filename: 20200312_151044.mp4
06-29 20:53:53.954  5917  6540 W Summariser:   active sections: 0
06-29 20:53:53.954  5917  6540 W Summariser:   time: 13.652s
06-29 20:53:53.954  5917  6540 W Summariser:   original duration: 60.02
06-29 20:53:53.954  5917  6540 W Summariser:   summarised duration: -1.00
06-29 20:53:53.954  5917  6540 W Summariser:   noise tolerance: 45.00
06-29 20:53:53.954  5917  6540 W Summariser:   quality: 23
06-29 20:53:53.954  5917  6540 W Summariser:   speed: medium
06-29 20:53:53.954  5917  6540 W Summariser:   freeze duration: 1.00
06-29 20:55:25.612  5917  5917 W NearbyFragment: Completed downloading 20200312_193728.mp4 from Endpoint{id=dafo, name=Nexus 5X [34d8]} in 11.540s
06-29 20:55:25.676  5917  6486 W mobile-ffmpeg: 
06-29 20:55:25.676  5917  6486 W mobile-ffmpeg: [mov,mp4,m4a,3gp,3g2,mj2 @ 0x75f31a0800] 
06-29 20:55:25.676  5917  6486 W mobile-ffmpeg: 
06-29 20:55:25.676  5917  6486 W mobile-ffmpeg: Found duplicated MOOV Atom. Skipped it
06-29 20:55:39.496  5917  6589 W Summariser: Whole video is active
06-29 20:55:42.542  5917  6589 W Summariser: Summarisation completed
06-29 20:55:42.542  5917  6589 W Summariser:   filename: 20200312_193728.mp4
06-29 20:55:42.542  5917  6589 W Summariser:   active sections: -1
06-29 20:55:42.542  5917  6589 W Summariser:   time: 16.656s
06-29 20:55:42.542  5917  6589 W Summariser:   original duration: 60.02
06-29 20:55:42.542  5917  6589 W Summariser:   summarised duration: 60.02
06-29 20:55:42.542  5917  6589 W Summariser:   noise tolerance: 45.00
06-29 20:55:42.542  5917  6589 W Summariser:   quality: 23
06-29 20:55:42.542  5917  6589 W Summariser:   speed: medium
06-29 20:55:42.542  5917  6589 W Summariser:   freeze duration: 1.00
06-29 20:55:42.657  5917  6589 W NearbyFragment: Sending 20200312_193728.mp4 to Nexus 5X [34d8]
06-29 20:57:27.420  5917  5917 W NearbyFragment: Completed downloading 20200312_194129.mp4 from Endpoint{id=dafo, name=Nexus 5X [34d8]} in 10.243s
06-29 20:57:27.942  5917  6486 W mobile-ffmpeg: 
06-29 20:57:27.942  5917  6486 W mobile-ffmpeg: [mov,mp4,m4a,3gp,3g2,mj2 @ 0x75f31a0800] 
06-29 20:57:27.942  5917  6486 W mobile-ffmpeg: 
06-29 20:57:27.942  5917  6486 W mobile-ffmpeg: Found duplicated MOOV Atom. Skipped it
06-29 20:57:41.374  5917  6622 W Summariser: 2 active sections found
06-29 20:57:41.396  5917  6486 W mobile-ffmpeg: 
06-29 20:57:41.397  5917  6486 W mobile-ffmpeg: [mov,mp4,m4a,3gp,3g2,mj2 @ 0x75f31a0800] 
06-29 20:57:41.397  5917  6486 W mobile-ffmpeg: 
06-29 20:57:41.397  5917  6486 W mobile-ffmpeg: Found duplicated MOOV Atom. Skipped it
06-29 20:58:27.250  5917  6622 W Summariser: Summarisation completed
06-29 20:58:27.250  5917  6622 W Summariser:   filename: 20200312_194129.mp4
06-29 20:58:27.250  5917  6622 W Summariser:   active sections: 2
06-29 20:58:27.250  5917  6622 W Summariser:   time: 59.146s
06-29 20:58:27.250  5917  6622 W Summariser:   original duration: 60.02
06-29 20:58:27.250  5917  6622 W Summariser:   summarised duration: 10.77
06-29 20:58:27.250  5917  6622 W Summariser:   noise tolerance: 45.00
06-29 20:58:27.250  5917  6622 W Summariser:   quality: 23
06-29 20:58:27.250  5917  6622 W Summariser:   speed: medium
06-29 20:58:27.250  5917  6622 W Summariser:   freeze duration: 1.00
06-29 20:58:27.309  5917  6622 W NearbyFragment: Sending 20200312_194129.mp4 to Nexus 5X [34d8]
06-29 20:59:16.920  5917  5917 W NearbyFragment: Completed downloading 20200312_194730.mp4 from Endpoint{id=dafo, name=Nexus 5X [34d8]} in 13.356s
06-29 20:59:16.984  5917  6486 W mobile-ffmpeg: 
06-29 20:59:16.985  5917  6486 W mobile-ffmpeg: [mov,mp4,m4a,3gp,3g2,mj2 @ 0x75f31a0800] 
06-29 20:59:16.985  5917  6486 W mobile-ffmpeg: 
06-29 20:59:16.985  5917  6486 W mobile-ffmpeg: Found duplicated MOOV Atom. Skipped it
06-29 20:59:34.368  5917  6683 W Summariser: No activity detected
06-29 20:59:34.457  5917  6683 W Summariser: Summarisation completed
06-29 20:59:34.457  5917  6683 W Summariser:   filename: 20200312_194730.mp4
06-29 20:59:34.457  5917  6683 W Summariser:   active sections: 0
06-29 20:59:34.457  5917  6683 W Summariser:   time: 17.391s
06-29 20:59:34.457  5917  6683 W Summariser:   original duration: 60.02
06-29 20:59:34.457  5917  6683 W Summariser:   summarised duration: -1.00
06-29 20:59:34.457  5917  6683 W Summariser:   noise tolerance: 45.00
06-29 20:59:34.457  5917  6683 W Summariser:   quality: 23
06-29 20:59:34.457  5917  6683 W Summariser:   speed: medium
06-29 20:59:34.457  5917  6683 W Summariser:   freeze duration: 1.00
06-29 21:00:59.144  5917  5917 W NearbyFragment: Completed downloading 20200312_195230.mp4 from Endpoint{id=dafo, name=Nexus 5X [34d8]} in 12.402s
06-29 21:00:59.220  5917  6486 W mobile-ffmpeg: 
06-29 21:00:59.220  5917  6486 W mobile-ffmpeg: [mov,mp4,m4a,3gp,3g2,mj2 @ 0x7603f8ba00] 
06-29 21:00:59.220  5917  6486 W mobile-ffmpeg: 
06-29 21:00:59.220  5917  6486 W mobile-ffmpeg: Found duplicated MOOV Atom. Skipped it
06-29 21:01:15.305  5917  6720 W Summariser: 1 active sections found
06-29 21:01:15.317  5917  6486 W mobile-ffmpeg: 
06-29 21:01:15.317  5917  6486 W mobile-ffmpeg: [mov,mp4,m4a,3gp,3g2,mj2 @ 0x7603f8ba00] 
06-29 21:01:15.317  5917  6486 W mobile-ffmpeg: 
06-29 21:01:15.317  5917  6486 W mobile-ffmpeg: Found duplicated MOOV Atom. Skipped it
06-29 21:01:48.972  5917  6720 W Summariser: Summarisation completed
06-29 21:01:48.972  5917  6720 W Summariser:   filename: 20200312_195230.mp4
06-29 21:01:48.972  5917  6720 W Summariser:   active sections: 1
06-29 21:01:48.972  5917  6720 W Summariser:   time: 49.594s
06-29 21:01:48.972  5917  6720 W Summariser:   original duration: 60.02
06-29 21:01:48.972  5917  6720 W Summariser:   summarised duration: 6.97
06-29 21:01:48.972  5917  6720 W Summariser:   noise tolerance: 45.00
06-29 21:01:48.972  5917  6720 W Summariser:   quality: 23
06-29 21:01:48.972  5917  6720 W Summariser:   speed: medium
06-29 21:01:48.972  5917  6720 W Summariser:   freeze duration: 1.00
06-29 21:01:49.039  5917  6720 W NearbyFragment: Sending 20200312_195230.mp4 to Nexus 5X [34d8]
06-29 21:02:03.102  5917  5917 W NearbyFragment: Completed downloading 20200312_195430.mp4 from Endpoint{id=dafo, name=Nexus 5X [34d8]} in 11.824s
06-29 21:02:03.302  5917  6486 W mobile-ffmpeg: 
06-29 21:02:03.302  5917  6486 W mobile-ffmpeg: [mov,mp4,m4a,3gp,3g2,mj2 @ 0x7603f8a800] 
06-29 21:02:03.302  5917  6486 W mobile-ffmpeg: 
06-29 21:02:03.302  5917  6486 W mobile-ffmpeg: Found duplicated MOOV Atom. Skipped it
06-29 21:02:23.154  5917  6767 W Summariser: 5 active sections found
06-29 21:02:23.166  5917  6486 W mobile-ffmpeg: 
06-29 21:02:23.166  5917  6486 W mobile-ffmpeg: [mov,mp4,m4a,3gp,3g2,mj2 @ 0x7603f8a800] 
06-29 21:02:23.166  5917  6486 W mobile-ffmpeg: 
06-29 21:02:23.166  5917  6486 W mobile-ffmpeg: Found duplicated MOOV Atom. Skipped it
06-29 21:03:36.203  5917  6767 W Summariser: Summarisation completed
06-29 21:03:36.203  5917  6767 W Summariser:   filename: 20200312_195430.mp4
06-29 21:03:36.203  5917  6767 W Summariser:   active sections: 5
06-29 21:03:36.203  5917  6767 W Summariser:   time: 92.719s
06-29 21:03:36.203  5917  6767 W Summariser:   original duration: 60.02
06-29 21:03:36.203  5917  6767 W Summariser:   summarised duration: 21.92
06-29 21:03:36.203  5917  6767 W Summariser:   noise tolerance: 45.00
06-29 21:03:36.203  5917  6767 W Summariser:   quality: 23
06-29 21:03:36.203  5917  6767 W Summariser:   speed: medium
06-29 21:03:36.203  5917  6767 W Summariser:   freeze duration: 1.00
06-29 21:03:36.260  5917  6767 W NearbyFragment: Sending 20200312_195430.mp4 to Nexus 5X [34d8]
