--------- beginning of main
--------- beginning of system
07-05 23:38:26.499 28360 28360 W LogFactory: Truncating log tag length as it exceed 23, the limit imposed by Android on certain API Levels
07-05 23:38:28.929 28360 28360 E TransferService: No notification is passed in the intent. Unable to transition to foreground.
07-05 23:38:29.070 28360 28360 W StaticLayout: maxLineHeight should not be -1.  maxLines:1 lineCount:1
07-05 23:38:29.104 28360 28360 W StaticLayout: maxLineHeight should not be -1.  maxLines:1 lineCount:1
07-05 23:38:29.137 28360 28390 W Adreno-EGL: <qeglDrvAPI_eglGetConfigAttrib:607>: EGL_BAD_ATTRIBUTE
07-05 23:38:29.139 28360 28390 W Adreno-EGL: <qeglDrvAPI_eglGetConfigAttrib:607>: EGL_BAD_ATTRIBUTE
07-05 23:38:29.154 28360 28360 W StaticLayout: maxLineHeight should not be -1.  maxLines:1 lineCount:1
07-05 23:38:29.165 28360 28360 W StaticLayout: maxLineHeight should not be -1.  maxLines:1 lineCount:1
07-05 23:39:04.425 28360 28390 W Adreno-EGL: <qeglDrvAPI_eglGetConfigAttrib:607>: EGL_BAD_ATTRIBUTE
07-05 23:39:08.321 28360 28390 W Adreno-EGL: <qeglDrvAPI_eglGetConfigAttrib:607>: EGL_BAD_ATTRIBUTE
07-05 23:40:39.791 28360 28360 W NearbyFragment: Completed downloading 20200312_150744.mp4 from Endpoint{id=njPJ, name=Galaxy S8 [2802]} in 19.788s
07-05 23:40:39.910 28360 28663 W mobile-ffmpeg: [mov,mp4,m4a,3gp,3g2,mj2 @ 0xa538d800] Found duplicated MOOV Atom. Skipped it
07-05 23:40:40.012 28360 28663 W mobile-ffmpeg: [graph 0 input from stream 0:0 @ 0xa53c2f40] sws_param option is deprecated and ignored
07-05 23:41:01.611 28360 28663 W mobile-ffmpeg: [mov,mp4,m4a,3gp,3g2,mj2 @ 0x9254c400] Found duplicated MOOV Atom. Skipped it
07-05 23:41:01.685 28360 28662 W Summariser: 1 active sections found
07-05 23:41:01.697 28360 28663 W mobile-ffmpeg: [mov,mp4,m4a,3gp,3g2,mj2 @ 0x8d89f600] Found duplicated MOOV Atom. Skipped it
07-05 23:41:01.828 28360 28663 W mobile-ffmpeg: [graph 0 input from stream 0:0 @ 0x93a6f1c0] sws_param option is deprecated and ignored
07-05 23:41:30.615 28360 28663 W mobile-ffmpeg: [mov,mp4,m4a,3gp,3g2,mj2 @ 0x8d89f600] Found duplicated MOOV Atom. Skipped it
07-05 23:41:30.756 28360 28662 W Summariser: Summarisation completed
07-05 23:41:30.756 28360 28662 W Summariser:   filename: 20200312_150744.mp4
07-05 23:41:30.756 28360 28662 W Summariser:   active sections: 1
07-05 23:41:30.756 28360 28662 W Summariser:   time: 50.778s
07-05 23:41:30.756 28360 28662 W Summariser:   original duration: 60.02
07-05 23:41:30.756 28360 28662 W Summariser:   summarised duration: 4.83
07-05 23:41:30.756 28360 28662 W Summariser:   noise tolerance: 45.00
07-05 23:41:30.756 28360 28662 W Summariser:   quality: 23
07-05 23:41:30.756 28360 28662 W Summariser:   speed: medium
07-05 23:41:30.756 28360 28662 W Summariser:   freeze duration: 1.00
07-05 23:41:30.826 28360 28662 W NearbyFragment: Sending 20200312_150744.mp4 to Galaxy S8 [2802]
07-05 23:42:39.625 28360 28360 W NearbyFragment: Completed downloading 20200312_193528.mp4 from Endpoint{id=njPJ, name=Galaxy S8 [2802]} in 38.875s
07-05 23:42:39.679 28360 28663 W mobile-ffmpeg: [mov,mp4,m4a,3gp,3g2,mj2 @ 0x8d8a3e00] Found duplicated MOOV Atom. Skipped it
07-05 23:42:39.766 28360 28663 W mobile-ffmpeg: [graph 0 input from stream 0:0 @ 0x93a6f160] sws_param option is deprecated and ignored
07-05 23:43:01.132 28360 28781 W Summariser: No activity detected
07-05 23:43:01.139 28360 28663 W mobile-ffmpeg: [mov,mp4,m4a,3gp,3g2,mj2 @ 0x925a0600] Found duplicated MOOV Atom. Skipped it
07-05 23:43:01.197 28360 28781 W Summariser: Summarisation completed
07-05 23:43:01.197 28360 28781 W Summariser:   filename: 20200312_193528.mp4
07-05 23:43:01.197 28360 28781 W Summariser:   active sections: 0
07-05 23:43:01.197 28360 28781 W Summariser:   time: 21.469s
07-05 23:43:01.197 28360 28781 W Summariser:   original duration: 60.05
07-05 23:43:01.197 28360 28781 W Summariser:   summarised duration: -1.00
07-05 23:43:01.197 28360 28781 W Summariser:   noise tolerance: 45.00
07-05 23:43:01.197 28360 28781 W Summariser:   quality: 23
07-05 23:43:01.197 28360 28781 W Summariser:   speed: medium
07-05 23:43:01.197 28360 28781 W Summariser:   freeze duration: 1.00
07-05 23:43:51.852 28360 28360 W NearbyFragment: Completed downloading 20200312_193828.mp4 from Endpoint{id=njPJ, name=Galaxy S8 [2802]} in 39.526s
07-05 23:43:51.931 28360 28663 W mobile-ffmpeg: [mov,mp4,m4a,3gp,3g2,mj2 @ 0x8c837800] Found duplicated MOOV Atom. Skipped it
07-05 23:43:52.045 28360 28663 W mobile-ffmpeg: [graph 0 input from stream 0:0 @ 0x9370d680] sws_param option is deprecated and ignored
07-05 23:44:13.891 28360 28858 W Summariser: 1 active sections found
07-05 23:44:13.906 28360 28663 W mobile-ffmpeg: [mov,mp4,m4a,3gp,3g2,mj2 @ 0x8dece800] Found duplicated MOOV Atom. Skipped it
07-05 23:44:14.023 28360 28663 W mobile-ffmpeg: [graph 0 input from stream 0:0 @ 0x93a69780] sws_param option is deprecated and ignored
07-05 23:44:56.568 28360 28663 W mobile-ffmpeg: [mov,mp4,m4a,3gp,3g2,mj2 @ 0x8dece800] Found duplicated MOOV Atom. Skipped it
07-05 23:44:56.758 28360 28858 W Summariser: Summarisation completed
07-05 23:44:56.758 28360 28858 W Summariser:   filename: 20200312_193828.mp4
07-05 23:44:56.758 28360 28858 W Summariser:   active sections: 1
07-05 23:44:56.758 28360 28858 W Summariser:   time: 64.642s
07-05 23:44:56.758 28360 28858 W Summariser:   original duration: 60.02
07-05 23:44:56.758 28360 28858 W Summariser:   summarised duration: 14.28
07-05 23:44:56.758 28360 28858 W Summariser:   noise tolerance: 45.00
07-05 23:44:56.758 28360 28858 W Summariser:   quality: 23
07-05 23:44:56.758 28360 28858 W Summariser:   speed: medium
07-05 23:44:56.758 28360 28858 W Summariser:   freeze duration: 1.00
07-05 23:44:56.820 28360 28858 W NearbyFragment: Sending 20200312_193828.mp4 to Galaxy S8 [2802]
07-05 23:46:02.460 28360 28360 W NearbyFragment: Completed downloading 20200312_194730.mp4 from Endpoint{id=njPJ, name=Galaxy S8 [2802]} in 40.790s
07-05 23:46:02.516 28360 28663 W mobile-ffmpeg: [mov,mp4,m4a,3gp,3g2,mj2 @ 0xa538c600] Found duplicated MOOV Atom. Skipped it
07-05 23:46:02.591 28360 28663 W mobile-ffmpeg: [graph 0 input from stream 0:0 @ 0xa53c2dc0] sws_param option is deprecated and ignored
07-05 23:46:26.399 28360 28979 W Summariser: No activity detected
07-05 23:46:26.407 28360 28663 W mobile-ffmpeg: [mov,mp4,m4a,3gp,3g2,mj2 @ 0xa538f000] Found duplicated MOOV Atom. Skipped it
07-05 23:46:26.472 28360 28979 W Summariser: Summarisation completed
07-05 23:46:26.472 28360 28979 W Summariser:   filename: 20200312_194730.mp4
07-05 23:46:26.472 28360 28979 W Summariser:   active sections: 0
07-05 23:46:26.472 28360 28979 W Summariser:   time: 23.903s
07-05 23:46:26.472 28360 28979 W Summariser:   original duration: 60.02
07-05 23:46:26.472 28360 28979 W Summariser:   summarised duration: -1.00
07-05 23:46:26.472 28360 28979 W Summariser:   noise tolerance: 45.00
07-05 23:46:26.472 28360 28979 W Summariser:   quality: 23
07-05 23:46:26.472 28360 28979 W Summariser:   speed: medium
07-05 23:46:26.472 28360 28979 W Summariser:   freeze duration: 1.00
07-05 23:46:40.127 28360 28360 W NearbyFragment: Completed downloading 20200312_194930.mp4 from Endpoint{id=njPJ, name=Galaxy S8 [2802]} in 26.426s
07-05 23:46:40.190 28360 28663 W mobile-ffmpeg: [mov,mp4,m4a,3gp,3g2,mj2 @ 0x8d8ec800] Found duplicated MOOV Atom. Skipped it
07-05 23:46:40.358 28360 28663 W mobile-ffmpeg: [graph 0 input from stream 0:0 @ 0x93a6b220] sws_param option is deprecated and ignored
07-05 23:47:03.184 28360 28360 W NearbyFragment: Completed downloading 20200312_195230.mp4 from Endpoint{id=njPJ, name=Galaxy S8 [2802]} in 20.715s
07-05 23:47:07.632 28360 28663 W mobile-ffmpeg: [mov,mp4,m4a,3gp,3g2,mj2 @ 0x925a1200] Found duplicated MOOV Atom. Skipped it
07-05 23:47:07.729 28360 29029 W Summariser: 2 active sections found
07-05 23:47:07.748 28360 28663 W mobile-ffmpeg: [mov,mp4,m4a,3gp,3g2,mj2 @ 0x8d4e2400] Found duplicated MOOV Atom. Skipped it
07-05 23:47:07.910 28360 28663 W mobile-ffmpeg: [graph 0 input from stream 0:0 @ 0x93a6e620] sws_param option is deprecated and ignored
07-05 23:47:07.911 28360 28663 W mobile-ffmpeg: [graph 0 input from stream 0:0 @ 0x93a6e740] sws_param option is deprecated and ignored
07-05 23:48:44.670 28360 28663 W mobile-ffmpeg: [mov,mp4,m4a,3gp,3g2,mj2 @ 0x8d4e2400] Found duplicated MOOV Atom. Skipped it
07-05 23:48:44.892 28360 29029 W Summariser: Summarisation completed
07-05 23:48:44.892 28360 29029 W Summariser:   filename: 20200312_194930.mp4
07-05 23:48:44.892 28360 29029 W Summariser:   active sections: 2
07-05 23:48:44.892 28360 29029 W Summariser:   time: 124.493s
07-05 23:48:44.892 28360 29029 W Summariser:   original duration: 60.02
07-05 23:48:44.892 28360 29029 W Summariser:   summarised duration: 22.25
07-05 23:48:44.892 28360 29029 W Summariser:   noise tolerance: 45.00
07-05 23:48:44.892 28360 29029 W Summariser:   quality: 23
07-05 23:48:44.892 28360 29029 W Summariser:   speed: medium
07-05 23:48:44.892 28360 29029 W Summariser:   freeze duration: 1.00
07-05 23:48:44.989 28360 29029 W NearbyFragment: Sending 20200312_194930.mp4 to Galaxy S8 [2802]
07-05 23:48:45.033 28360 28663 W mobile-ffmpeg: [mov,mp4,m4a,3gp,3g2,mj2 @ 0x8c787800] Found duplicated MOOV Atom. Skipped it
07-05 23:48:45.324 28360 28663 W mobile-ffmpeg: [graph 0 input from stream 0:0 @ 0x93a6e500] sws_param option is deprecated and ignored
07-05 23:49:15.839 28360 29029 W Summariser: 1 active sections found
07-05 23:49:15.862 28360 28663 W mobile-ffmpeg: [mov,mp4,m4a,3gp,3g2,mj2 @ 0x8ccb1000] Found duplicated MOOV Atom. Skipped it
07-05 23:49:16.050 28360 28663 W mobile-ffmpeg: [graph 0 input from stream 0:0 @ 0x91214960] sws_param option is deprecated and ignored
07-05 23:49:58.119 28360 28663 W mobile-ffmpeg: [mov,mp4,m4a,3gp,3g2,mj2 @ 0x8ccb1000] Found duplicated MOOV Atom. Skipped it
07-05 23:49:58.297 28360 29029 W Summariser: Summarisation completed
07-05 23:49:58.297 28360 29029 W Summariser:   filename: 20200312_195230.mp4
07-05 23:49:58.297 28360 29029 W Summariser:   active sections: 1
07-05 23:49:58.297 28360 29029 W Summariser:   time: 73.095s
07-05 23:49:58.297 28360 29029 W Summariser:   original duration: 60.02
07-05 23:49:58.297 28360 29029 W Summariser:   summarised duration: 6.97
07-05 23:49:58.297 28360 29029 W Summariser:   noise tolerance: 45.00
07-05 23:49:58.297 28360 29029 W Summariser:   quality: 23
07-05 23:49:58.297 28360 29029 W Summariser:   speed: medium
07-05 23:49:58.297 28360 29029 W Summariser:   freeze duration: 1.00
07-05 23:49:58.382 28360 29029 W NearbyFragment: Sending 20200312_195230.mp4 to Galaxy S8 [2802]
