--------- beginning of main
07-06 00:12:15.733 16928 16928 E Zygote  : isWhitelistProcess - Process is Whitelisted
07-06 00:12:15.736 16928 16928 E Zygote  : accessInfo : 1
07-06 00:12:15.752 16928 16928 I example.edgesu: Late-enabling -Xcheck:jni
07-06 00:12:17.265 16928 16928 I TransferService: Starting Transfer Service to listen for network connectivity changes.
07-06 00:12:17.270 16928 16928 W LogFactory: Truncating log tag length as it exceed 23, the limit imposed by Android on certain API Levels
07-06 00:12:17.364 16928 16928 I TransferService: Registering the network receiver
07-06 00:12:17.371 16928 16928 I TransferService: Moving the service out of the Foreground state.
07-06 00:12:17.373 16928 16928 I TransferService: De-registering the network receiver.
07-06 00:12:29.980 16928 16928 W ActivityThread: handleWindowVisibility: no activity for token android.os.BinderProxy@b6ddef0
07-06 00:12:29.992 16928 16963 D vndksupport: Loading /vendor/lib64/egl/libGLES_mali.so from current namespace instead of sphal namespace.
07-06 00:12:30.023 16928 16963 D libEGL  : loaded /vendor/lib64/egl/libGLES_mali.so
07-06 00:12:30.066 16928 16928 W example.edgesu: Accessing hidden method Landroid/graphics/drawable/Drawable;->getOpticalInsets()Landroid/graphics/Insets; (light greylist, linking)
07-06 00:12:30.066 16928 16928 W example.edgesu: Accessing hidden field Landroid/graphics/Insets;->left:I (light greylist, linking)
07-06 00:12:30.066 16928 16928 W example.edgesu: Accessing hidden field Landroid/graphics/Insets;->right:I (light greylist, linking)
07-06 00:12:30.066 16928 16928 W example.edgesu: Accessing hidden field Landroid/graphics/Insets;->top:I (light greylist, linking)
07-06 00:12:30.066 16928 16928 W example.edgesu: Accessing hidden field Landroid/graphics/Insets;->bottom:I (light greylist, linking)
07-06 00:12:30.084 16928 16928 I DecorView: createDecorCaptionView >> DecorView@b3c04dd[], isFloating: false, isApplication: true, hasWindowDecorCaption: false, hasWindowControllerCallback: true
07-06 00:12:30.114 16928 16928 W example.edgesu: Accessing hidden method Landroid/view/View;->computeFitSystemWindows(Landroid/graphics/Rect;Landroid/graphics/Rect;)Z (light greylist, reflection)
07-06 00:12:30.115 16928 16928 W example.edgesu: Accessing hidden method Landroid/view/ViewGroup;->makeOptionalFitsSystemWindows()V (light greylist, reflection)
07-06 00:12:30.218 16928 16928 W example.edgesu: Accessing hidden method Landroid/widget/TextView;->getTextDirectionHeuristic()Landroid/text/TextDirectionHeuristic; (light greylist, linking)
07-06 00:12:30.227 16928 16928 W example.edgesu: Accessing hidden field Landroid/view/View;->mAccessibilityDelegate:Landroid/view/View$AccessibilityDelegate; (light greylist, reflection)
07-06 00:12:30.291 16928 16928 V Repo    : /storage/emulated/0/Movies/raw
07-06 00:12:30.292 16928 16928 V Repo    : /storage/emulated/0/Movies/summarised
07-06 00:12:30.321 16928 16928 V FileManager: External storage is readable
07-06 00:12:30.322 16928 16928 V FileManager: Directory already exists: /storage/emulated/0/Movies/raw
07-06 00:12:30.323 16928 16928 V FileManager: External storage is readable
07-06 00:12:30.324 16928 16928 V FileManager: Directory already exists: /storage/emulated/0/Movies/summarised
07-06 00:12:30.325 16928 16928 V FileManager: External storage is readable
07-06 00:12:30.325 16928 16928 V FileManager: Directory already exists: /storage/emulated/0/Download/nearby
07-06 00:12:30.326 16928 16928 V FileManager: External storage is readable
07-06 00:12:30.326 16928 16928 V FileManager: Directory already exists: /storage/emulated/0/Movies/segment
07-06 00:12:30.327 16928 16928 V FileManager: External storage is readable
07-06 00:12:30.328 16928 16928 V FileManager: Directory already exists: /storage/emulated/0/Movies/segment-sum
07-06 00:12:30.461 16928 16928 V VideoManager: getAllVideoFromExternalStorageFolder
07-06 00:12:30.463 16928 16928 D VideoManager: /storage/emulated/0/Movies/summarised
07-06 00:12:30.470 16928 16928 D VideoManager: 0 videos return
07-06 00:12:30.502 16928 16928 V VideoManager: getAllVideoFromExternalStorageFolder
07-06 00:12:30.504 16928 16928 D VideoManager: /storage/emulated/0/Movies/raw
07-06 00:12:30.509 16928 16928 D VideoManager: 0 videos return
07-06 00:12:30.533 16928 16928 D OpenGLRenderer: Skia GL Pipeline
07-06 00:12:30.536 16928 16928 D EmergencyMode: [EmergencyManager] android createPackageContext successful
07-06 00:12:30.551 16928 16928 D InputTransport: Input channel constructed: fd=64
07-06 00:12:30.552 16928 16928 D ViewRootImpl@c283b21[MainActivity]: setView = DecorView@b3c04dd[MainActivity] TM=true MM=false
07-06 00:12:30.556 16928 16928 I TransferService: Starting Transfer Service to listen for network connectivity changes.
07-06 00:12:30.556 16928 16928 I TransferService: Registering the network receiver
07-06 00:12:30.558 16928 16928 E TransferService: No notification is passed in the intent. Unable to transition to foreground.
07-06 00:12:30.578 16928 16943 D MainActivity: Scanned /storage/emulated/0/Movies/summarised
07-06 00:12:30.578 16928 16943 D MainActivity:   -> uri=content://media/external/file/138420
07-06 00:12:30.594 16928 16928 D ViewRootImpl@c283b21[MainActivity]: dispatchAttachedToWindow
07-06 00:12:30.600 16928 16943 D MainActivity: Scanned /storage/emulated/0/Movies/raw
07-06 00:12:30.600 16928 16943 D MainActivity:   -> uri=content://media/external/file/138419
07-06 00:12:30.609 16928 16928 W StaticLayout: maxLineHeight should not be -1.  maxLines:1 lineCount:1
07-06 00:12:30.622 16928 16928 I chatty  : uid=10568(com.example.edgesum) identical 2 lines
07-06 00:12:30.626 16928 16928 W StaticLayout: maxLineHeight should not be -1.  maxLines:1 lineCount:1
07-06 00:12:30.636 16928 16928 D ViewRootImpl@c283b21[MainActivity]: Relayout returned: old=[0,0][720,1480] new=[0,0][720,1480] result=0x7 surface={valid=true 519406923776} changed=true
07-06 00:12:30.643 16928 16928 W StaticLayout: maxLineHeight should not be -1.  maxLines:1 lineCount:1
07-06 00:12:30.647 16928 16967 I ConfigStore: android::hardware::configstore::V1_0::ISurfaceFlingerConfigs::hasWideColorDisplay retrieved: 0
07-06 00:12:30.647 16928 16967 I ConfigStore: android::hardware::configstore::V1_0::ISurfaceFlingerConfigs::hasHDRDisplay retrieved: 0
07-06 00:12:30.647 16928 16967 I OpenGLRenderer: Initialized EGL, version 1.4
07-06 00:12:30.647 16928 16928 W StaticLayout: maxLineHeight should not be -1.  maxLines:1 lineCount:1
07-06 00:12:30.647 16928 16967 D OpenGLRenderer: Swap behavior 2
07-06 00:12:30.657 16928 16928 I TransferNetworkLossHand: Network connectivity changed detected.
07-06 00:12:30.658 16928 16928 I TransferNetworkLossHand: Network connected: true
07-06 00:12:30.658 16928 16967 D mali_winsys: EGLint new_window_surface(egl_winsys_display *, void *, EGLSurface, EGLConfig, egl_winsys_surface **, EGLBoolean) returns 0x3000
07-06 00:12:30.658 16928 16967 D OpenGLRenderer: eglCreateWindowSurface = 0x78d67c5f80, 0x78ef10b010
07-06 00:12:30.659 16928 16981 D TransferNetworkLossHand: Loading transfers from database...
07-06 00:12:30.662 16928 16981 D TransferNetworkLossHand: Closing the cursor for resumeAllTransfers
07-06 00:12:30.662 16928 16981 D TransferNetworkLossHand: 0 transfers are loaded from database.
07-06 00:12:30.731 16928 16967 D vndksupport: Loading /vendor/lib64/hw/android.hardware.graphics.mapper@2.0-impl.so from current namespace instead of sphal namespace.
07-06 00:12:30.752 16928 16928 D ViewRootImpl@c283b21[MainActivity]: MSG_RESIZED: frame=Rect(0, 0 - 720, 1480) ci=Rect(0, 48 - 0, 96) vi=Rect(0, 48 - 0, 96) or=1
07-06 00:12:30.753 16928 16928 D ViewRootImpl@c283b21[MainActivity]: setWindowStopped(false) old=false
07-06 00:12:30.759 16928 16928 D ViewRootImpl@c283b21[MainActivity]: MSG_WINDOW_FOCUS_CHANGED 1 1
07-06 00:12:30.759 16928 16928 D InputMethodManager: prepareNavigationBarInfo() DecorView@b3c04dd[MainActivity]
07-06 00:12:30.759 16928 16928 D InputMethodManager: getNavigationBarColor() -855310
07-06 00:12:30.764 16928 16928 D InputMethodManager: prepareNavigationBarInfo() DecorView@b3c04dd[MainActivity]
07-06 00:12:30.764 16928 16928 D InputMethodManager: getNavigationBarColor() -855310
07-06 00:12:30.764 16928 16928 V InputMethodManager: Starting input: tba=com.example.edgesum ic=null mNaviBarColor -855310 mIsGetNaviBarColorSuccess true , NavVisible : true , NavTrans : false
07-06 00:12:30.764 16928 16928 D InputMethodManager: startInputInner - Id : 0
07-06 00:12:30.764 16928 16928 I InputMethodManager: startInputInner - mService.startInputOrWindowGainedFocus
07-06 00:12:30.769 16928 16943 D InputTransport: Input channel constructed: fd=74
07-06 00:12:30.802 16928 16928 D InputMethodManager: prepareNavigationBarInfo() DecorView@b3c04dd[MainActivity]
07-06 00:12:30.802 16928 16928 D InputMethodManager: getNavigationBarColor() -855310
07-06 00:12:30.802 16928 16928 V InputMethodManager: Starting input: tba=com.example.edgesum ic=null mNaviBarColor -855310 mIsGetNaviBarColorSuccess true , NavVisible : true , NavTrans : false
07-06 00:12:30.802 16928 16928 D InputMethodManager: startInputInner - Id : 0
07-06 00:12:42.086 16928 16928 D ViewRootImpl@c283b21[MainActivity]: ViewPostIme pointer 0
07-06 00:12:42.142 16928 16928 D ViewRootImpl@c283b21[MainActivity]: ViewPostIme pointer 1
07-06 00:12:43.144 16928 16928 D ViewRootImpl@c283b21[MainActivity]: ViewPostIme pointer 0
07-06 00:12:43.226 16928 16928 D ViewRootImpl@c283b21[MainActivity]: ViewPostIme pointer 1
07-06 00:12:43.240 16928 16928 V MainActivity: Connect button clicked
07-06 00:12:47.324 16928 16928 D ViewRootImpl@c283b21[MainActivity]: ViewPostIme pointer 0
07-06 00:12:47.439 16928 16928 D ViewRootImpl@c283b21[MainActivity]: ViewPostIme pointer 1
07-06 00:12:47.449 16928 16928 V ConnectionFragment: Advertisement switch checked
07-06 00:12:48.861 16928 16928 D NearbyFragment: Started advertising
07-06 00:13:00.884 16928 16928 D NearbyFragment: Initiated connection with Qd2N: Nexus 5X [34d8]
07-06 00:13:00.900 16928 16928 D Dialog  : mIsSamsungBasicInteraction = false
07-06 00:13:00.900 16928 16928 D Dialog  : mIsSamsungBasicInteraction = false, isMetaDataInActivity = false
07-06 00:13:00.933 16928 16928 I DecorView: createDecorCaptionView >> DecorView@85f3a11[], isFloating: true, isApplication: true, hasWindowDecorCaption: false, hasWindowControllerCallback: false
07-06 00:13:00.997 16928 16928 D ScrollView: initGoToTop
07-06 00:13:01.042 16928 16928 D InputTransport: Input channel constructed: fd=76
07-06 00:13:01.044 16928 16928 D ViewRootImpl@6f07cbd[MainActivity]: setView = DecorView@85f3a11[MainActivity] TM=true MM=false
07-06 00:13:01.056 16928 16928 W example.edgesu: Accessing hidden method Landroid/graphics/FontFamily;-><init>()V (light greylist, reflection)
07-06 00:13:01.056 16928 16928 W example.edgesu: Accessing hidden method Landroid/graphics/FontFamily;->addFontFromAssetManager(Landroid/content/res/AssetManager;Ljava/lang/String;IZIII[Landroid/graphics/fonts/FontVariationAxis;)Z (light greylist, reflection)
07-06 00:13:01.057 16928 16928 W example.edgesu: Accessing hidden method Landroid/graphics/FontFamily;->addFontFromBuffer(Ljava/nio/ByteBuffer;I[Landroid/graphics/fonts/FontVariationAxis;II)Z (light greylist, reflection)
07-06 00:13:01.057 16928 16928 W example.edgesu: Accessing hidden method Landroid/graphics/FontFamily;->freeze()Z (light greylist, reflection)
07-06 00:13:01.057 16928 16928 W example.edgesu: Accessing hidden method Landroid/graphics/FontFamily;->abortCreation()V (light greylist, reflection)
07-06 00:13:01.057 16928 16928 W example.edgesu: Accessing hidden method Landroid/graphics/Typeface;->createFromFamiliesWithDefault([Landroid/graphics/FontFamily;Ljava/lang/String;II)Landroid/graphics/Typeface; (light greylist, reflection)
07-06 00:13:01.100 16928 16928 D ViewRootImpl@6f07cbd[MainActivity]: dispatchAttachedToWindow
07-06 00:13:01.146 16928 16928 D ViewRootImpl@6f07cbd[MainActivity]: Relayout returned: old=[0,48][720,1384] new=[18,508][702,923] result=0x7 surface={valid=true 518990819328} changed=true
07-06 00:13:01.150 16928 16967 D mali_winsys: EGLint new_window_surface(egl_winsys_display *, void *, EGLSurface, EGLConfig, egl_winsys_surface **, EGLBoolean) returns 0x3000
07-06 00:13:01.150 16928 16967 D OpenGLRenderer: eglCreateWindowSurface = 0x78d618b500, 0x78d6437010
07-06 00:13:01.168 16928 16928 D ScrollView:  onsize change changed 
07-06 00:13:01.179 16928 16928 D ViewRootImpl@6f07cbd[MainActivity]: MSG_WINDOW_FOCUS_CHANGED 1 1
07-06 00:13:01.216 16928 16928 D ViewRootImpl@6f07cbd[MainActivity]: MSG_RESIZED: frame=Rect(18, 508 - 702, 923) ci=Rect(0, 0 - 0, 0) vi=Rect(0, 0 - 0, 0) or=1
07-06 00:13:01.269 16928 16928 D ViewRootImpl@c283b21[MainActivity]: MSG_WINDOW_FOCUS_CHANGED 0 1
07-06 00:13:01.269 16928 16928 D InputMethodManager: prepareNavigationBarInfo() DecorView@b3c04dd[MainActivity]
07-06 00:13:01.269 16928 16928 D InputMethodManager: getNavigationBarColor() -855310
07-06 00:13:03.090 16928 16928 D ViewRootImpl@6f07cbd[MainActivity]: ViewPostIme pointer 0
07-06 00:13:03.179 16928 16928 D ViewRootImpl@6f07cbd[MainActivity]: ViewPostIme pointer 1
07-06 00:13:03.208 16928 16967 W libEGL  : EGLNativeWindowType 0x78d6437010 disconnect failed
07-06 00:13:03.208 16928 16967 D OpenGLRenderer: eglDestroySurface = 0x78d618b500, 0x78d6437000
07-06 00:13:03.208 16928 16967 D OpenGLRenderer: endAllActiveAnimators on 0x78d61ce900 (RippleDrawable) with handle 0x78d67bc4a0
07-06 00:13:03.208 16928 16928 D ViewRootImpl@6f07cbd[MainActivity]: dispatchDetachedFromWindow
07-06 00:13:03.209 16928 16928 D ViewRootImpl@6f07cbd[MainActivity]: Surface release. android.view.ViewRootImpl.doDie:7979 android.view.ViewRootImpl.die:7947 android.view.WindowManagerGlobal.removeViewLocked:497 android.view.WindowManagerGlobal.removeView:435 android.view.WindowManagerImpl.removeViewImmediate:124 android.app.Dialog.dismissDialog:518 android.app.Dialog.dismiss:501 androidx.appcompat.app.AlertController$ButtonHandler.handleMessage:171 
07-06 00:13:03.225 16928 16928 D InputTransport: Input channel destroyed: fd=76
07-06 00:13:03.229 16928 16928 I NearbyFragment: Connected to Endpoint{id=Qd2N, name=Nexus 5X [34d8]}
07-06 00:13:03.287 16928 16928 D ViewRootImpl@c283b21[MainActivity]: MSG_WINDOW_FOCUS_CHANGED 1 1
07-06 00:13:03.288 16928 16928 D InputMethodManager: prepareNavigationBarInfo() DecorView@b3c04dd[MainActivity]
07-06 00:13:03.288 16928 16928 D InputMethodManager: getNavigationBarColor() -855310
07-06 00:13:03.298 16928 16928 E ViewRootImpl: sendUserActionEvent() returned.
07-06 00:13:09.495 16928 16928 D NearbyFragment: Initiated connection with Rc4h: Nexus 5 [1825]
07-06 00:13:09.500 16928 16928 D Dialog  : mIsSamsungBasicInteraction = false
07-06 00:13:09.501 16928 16928 D Dialog  : mIsSamsungBasicInteraction = false, isMetaDataInActivity = false
07-06 00:13:09.519 16928 16928 I DecorView: createDecorCaptionView >> DecorView@767e628[], isFloating: true, isApplication: true, hasWindowDecorCaption: false, hasWindowControllerCallback: false
07-06 00:13:09.581 16928 16928 D ScrollView: initGoToTop
07-06 00:13:09.635 16928 16928 D InputTransport: Input channel constructed: fd=79
07-06 00:13:09.638 16928 16928 D ViewRootImpl@7584f1f[MainActivity]: setView = DecorView@767e628[MainActivity] TM=true MM=false
07-06 00:13:09.691 16928 16928 D ViewRootImpl@7584f1f[MainActivity]: dispatchAttachedToWindow
07-06 00:13:09.713 16928 16934 I example.edgesu: Compiler allocated 4MB to compile void android.widget.TextView.<init>(android.content.Context, android.util.AttributeSet, int, int)
07-06 00:13:09.775 16928 16928 D ViewRootImpl@7584f1f[MainActivity]: Relayout returned: old=[0,48][720,1384] new=[18,508][702,923] result=0x7 surface={valid=true 519299391488} changed=true
07-06 00:13:09.787 16928 16967 D mali_winsys: EGLint new_window_surface(egl_winsys_display *, void *, EGLSurface, EGLConfig, egl_winsys_surface **, EGLBoolean) returns 0x3000
07-06 00:13:09.787 16928 16967 D OpenGLRenderer: eglCreateWindowSurface = 0x78d6575080, 0x78e8a7e010
07-06 00:13:09.813 16928 16928 D ScrollView:  onsize change changed 
07-06 00:13:09.829 16928 16928 D ViewRootImpl@7584f1f[MainActivity]: MSG_WINDOW_FOCUS_CHANGED 1 1
07-06 00:13:09.879 16928 16928 D ViewRootImpl@7584f1f[MainActivity]: MSG_RESIZED: frame=Rect(18, 508 - 702, 923) ci=Rect(0, 0 - 0, 0) vi=Rect(0, 0 - 0, 0) or=1
07-06 00:13:09.930 16928 16928 D ViewRootImpl@c283b21[MainActivity]: MSG_WINDOW_FOCUS_CHANGED 0 1
07-06 00:13:09.930 16928 16928 D InputMethodManager: prepareNavigationBarInfo() DecorView@b3c04dd[MainActivity]
07-06 00:13:09.930 16928 16928 D InputMethodManager: getNavigationBarColor() -855310
07-06 00:13:11.250 16928 16928 D ViewRootImpl@7584f1f[MainActivity]: ViewPostIme pointer 0
07-06 00:13:11.351 16928 16928 D ViewRootImpl@7584f1f[MainActivity]: ViewPostIme pointer 1
07-06 00:13:11.399 16928 16967 W libEGL  : EGLNativeWindowType 0x78e8a7e010 disconnect failed
07-06 00:13:11.399 16928 16967 D OpenGLRenderer: eglDestroySurface = 0x78d6575080, 0x78e8a7e000
07-06 00:13:11.399 16928 16967 D OpenGLRenderer: endAllActiveAnimators on 0x78d14cd000 (RippleDrawable) with handle 0x78d67bca00
07-06 00:13:11.399 16928 16928 D ViewRootImpl@7584f1f[MainActivity]: dispatchDetachedFromWindow
07-06 00:13:11.400 16928 16928 D ViewRootImpl@7584f1f[MainActivity]: Surface release. android.view.ViewRootImpl.doDie:7979 android.view.ViewRootImpl.die:7947 android.view.WindowManagerGlobal.removeViewLocked:497 android.view.WindowManagerGlobal.removeView:435 android.view.WindowManagerImpl.removeViewImmediate:124 android.app.Dialog.dismissDialog:518 android.app.Dialog.dismiss:501 androidx.appcompat.app.AlertController$ButtonHandler.handleMessage:171 
07-06 00:13:11.413 16928 16928 D InputTransport: Input channel destroyed: fd=79
07-06 00:13:11.420 16928 16928 D ViewRootImpl@c283b21[MainActivity]: MSG_WINDOW_FOCUS_CHANGED 1 1
07-06 00:13:11.420 16928 16928 D InputMethodManager: prepareNavigationBarInfo() DecorView@b3c04dd[MainActivity]
07-06 00:13:11.420 16928 16928 D InputMethodManager: getNavigationBarColor() -855310
07-06 00:13:11.431 16928 16928 E ViewRootImpl: sendUserActionEvent() returned.
07-06 00:13:12.805 16928 16928 I NearbyFragment: Connected to Endpoint{id=Rc4h, name=Nexus 5 [1825]}
07-06 00:13:21.592 16928 16928 D NearbyFragment: Initiated connection with jKhx: Nexus 5X [9c8f]
07-06 00:13:21.599 16928 16928 D Dialog  : mIsSamsungBasicInteraction = false
07-06 00:13:21.600 16928 16928 D Dialog  : mIsSamsungBasicInteraction = false, isMetaDataInActivity = false
07-06 00:13:21.618 16928 16928 I DecorView: createDecorCaptionView >> DecorView@594b501[], isFloating: true, isApplication: true, hasWindowDecorCaption: false, hasWindowControllerCallback: false
07-06 00:13:21.686 16928 16928 D ScrollView: initGoToTop
07-06 00:13:21.750 16928 16928 D InputTransport: Input channel constructed: fd=76
07-06 00:13:21.755 16928 16928 D ViewRootImpl@3b34b2c[MainActivity]: setView = DecorView@594b501[MainActivity] TM=true MM=false
07-06 00:13:21.818 16928 16928 D ViewRootImpl@3b34b2c[MainActivity]: dispatchAttachedToWindow
07-06 00:13:21.895 16928 16928 D ViewRootImpl@3b34b2c[MainActivity]: Relayout returned: old=[0,48][720,1384] new=[18,508][702,923] result=0x7 surface={valid=true 518992310272} changed=true
07-06 00:13:21.904 16928 16967 D mali_winsys: EGLint new_window_surface(egl_winsys_display *, void *, EGLSurface, EGLConfig, egl_winsys_surface **, EGLBoolean) returns 0x3000
07-06 00:13:21.904 16928 16967 D OpenGLRenderer: eglCreateWindowSurface = 0x78d6398380, 0x78d65a3010
07-06 00:13:21.924 16928 16928 D ScrollView:  onsize change changed 
07-06 00:13:21.948 16928 16928 D ViewRootImpl@3b34b2c[MainActivity]: MSG_WINDOW_FOCUS_CHANGED 1 1
07-06 00:13:21.996 16928 16928 D ViewRootImpl@3b34b2c[MainActivity]: MSG_RESIZED: frame=Rect(18, 508 - 702, 923) ci=Rect(0, 0 - 0, 0) vi=Rect(0, 0 - 0, 0) or=1
07-06 00:13:22.091 16928 16928 D ViewRootImpl@c283b21[MainActivity]: MSG_WINDOW_FOCUS_CHANGED 0 1
07-06 00:13:22.091 16928 16928 D InputMethodManager: prepareNavigationBarInfo() DecorView@b3c04dd[MainActivity]
07-06 00:13:22.092 16928 16928 D InputMethodManager: getNavigationBarColor() -855310
07-06 00:13:23.678 16928 16928 D ViewRootImpl@3b34b2c[MainActivity]: ViewPostIme pointer 0
07-06 00:13:23.754 16928 16928 D ViewRootImpl@3b34b2c[MainActivity]: ViewPostIme pointer 1
07-06 00:13:23.776 16928 16967 W libEGL  : EGLNativeWindowType 0x78d65a3010 disconnect failed
07-06 00:13:23.777 16928 16967 D OpenGLRenderer: eglDestroySurface = 0x78d6398380, 0x78d65a3000
07-06 00:13:23.777 16928 16967 D OpenGLRenderer: endAllActiveAnimators on 0x78d149f100 (RippleDrawable) with handle 0x78d67afe00
07-06 00:13:23.777 16928 16928 D ViewRootImpl@3b34b2c[MainActivity]: dispatchDetachedFromWindow
07-06 00:13:23.778 16928 16928 D ViewRootImpl@3b34b2c[MainActivity]: Surface release. android.view.ViewRootImpl.doDie:7979 android.view.ViewRootImpl.die:7947 android.view.WindowManagerGlobal.removeViewLocked:497 android.view.WindowManagerGlobal.removeView:435 android.view.WindowManagerImpl.removeViewImmediate:124 android.app.Dialog.dismissDialog:518 android.app.Dialog.dismiss:501 androidx.appcompat.app.AlertController$ButtonHandler.handleMessage:171 
07-06 00:13:23.791 16928 16928 D InputTransport: Input channel destroyed: fd=76
07-06 00:13:23.794 16928 16928 I NearbyFragment: Connected to Endpoint{id=jKhx, name=Nexus 5X [9c8f]}
07-06 00:13:23.871 16928 16928 E ViewRootImpl: sendUserActionEvent() returned.
07-06 00:13:23.871 16928 16928 D ViewRootImpl@c283b21[MainActivity]: MSG_WINDOW_FOCUS_CHANGED 1 1
07-06 00:13:23.873 16928 16928 D InputMethodManager: prepareNavigationBarInfo() DecorView@b3c04dd[MainActivity]
07-06 00:13:23.873 16928 16928 D InputMethodManager: getNavigationBarColor() -855310
07-06 00:13:25.852 16928 16928 D ViewRootImpl@c283b21[MainActivity]: ViewPostIme pointer 0
07-06 00:13:25.948 16928 16928 D ViewRootImpl@c283b21[MainActivity]: ViewPostIme pointer 1
07-06 00:13:25.953 16928 16928 V ConnectionFragment: Advertisement switch unchecked
07-06 00:13:25.953 16928 16928 D NearbyFragment: Stopped advertising
07-06 00:18:13.405 16928 16928 D ViewRootImpl@c283b21[MainActivity]: ViewPostIme pointer 0
07-06 00:18:13.491 16928 16928 D ViewRootImpl@c283b21[MainActivity]: ViewPostIme pointer 1
07-06 00:18:13.498 16928 16928 V ConnectionFragment: Auto-send switch checked
07-06 00:18:13.528 16928 16928 W NearbyFragment: Preferences:
07-06 00:18:13.528 16928 16928 W NearbyFragment:   Auto download: true
07-06 00:18:13.528 16928 16928 W NearbyFragment:   Algorithm: ordered
07-06 00:18:13.528 16928 16928 W NearbyFragment:   Fast scheduling: true
07-06 00:18:13.528 16928 16928 W NearbyFragment:   Segmentation: false
07-06 00:18:13.528 16928 16928 W NearbyFragment:   Auto segmentation: false
07-06 00:18:13.528 16928 16928 W NearbyFragment:   Segment number: 4
07-06 00:18:13.528 16928 16928 W NearbyFragment:   Noise tolerance: 45.00
07-06 00:18:13.528 16928 16928 W NearbyFragment:   Quality: 23
07-06 00:18:13.528 16928 16928 W NearbyFragment:   Speed: medium
07-06 00:18:13.528 16928 16928 W NearbyFragment:   Freeze duration: 1.00
07-06 00:18:13.529 16928 16928 W NearbyFragment: Download delay: 1s
07-06 00:18:13.529 16928 16928 W NearbyFragment: Started downloading from dashcam
07-06 00:18:13.533 16928 17725 V DownloadTestVideosTask: Starting DownloadTestVideosTask
07-06 00:18:13.545 16928 17725 V DashDownloadManager: Started downloading: 20200312_150643.mp4
07-06 00:18:13.562 16928 17725 D NetworkSecurityConfig: No Network Security Config specified, using platform default
07-06 00:18:13.566 16928 17725 I System.out: (HTTPLog)-Static: isSBSettingEnabled false
07-06 00:18:13.567 16928 17725 I System.out: (HTTPLog)-Static: isSBSettingEnabled false
07-06 00:18:13.573 16928 17725 D TcpOptimizer: TcpOptimizer-ON
07-06 00:18:13.586 16928 17725 I System.out: (HTTPLog)-Thread-3097-25143882: getTransferStream : ContentLength=69990400, method=GET, HTTPVersion=http/1.1
07-06 00:18:30.978 16928 17725 V VideoManager: Retrieving video from /storage/emulated/0/Movies/raw/20200312_150643.mp4
07-06 00:18:31.018 16928 17725 D VideoManager: videoCursor is null
07-06 00:18:31.095 16928 17725 V VideoManager: videoFromCursor
07-06 00:18:31.102 16928 17725 W DashDownloadManager: Successfully downloaded 20200312_150643.mp4 in 17.413s
07-06 00:18:31.104 16928 17725 V DownloadTestVideosTask: Entering callback for download completion of 20200312_150643.mp4
07-06 00:18:31.108 16928 17725 V RawFootageEventHandler: onAdd
07-06 00:18:31.113 16928 17725 V NearbyFragment: nextTransfer with selected algorithm: ordered
07-06 00:18:31.115 16928 17725 D NearbyFragment: Less queued transfers than connected endpoints
07-06 00:18:32.117 16928 17725 V DownloadTestVideosTask: Starting DownloadTestVideosTask
07-06 00:18:32.133 16928 17725 V DashDownloadManager: Started downloading: 20200312_150744.mp4
07-06 00:18:32.143 16928 17725 I System.out: (HTTPLog)-Static: isSBSettingEnabled false
07-06 00:18:32.145 16928 17725 I System.out: (HTTPLog)-Static: isSBSettingEnabled false
07-06 00:18:32.156 16928 17725 I System.out: (HTTPLog)-Thread-3097-176110074: getTransferStream : ContentLength=69990400, method=GET, HTTPVersion=http/1.1
07-06 00:18:49.635 16928 17725 V VideoManager: Retrieving video from /storage/emulated/0/Movies/raw/20200312_150744.mp4
07-06 00:18:49.647 16928 17725 D VideoManager: videoCursor is null
07-06 00:18:49.714 16928 17725 V VideoManager: videoFromCursor
07-06 00:18:49.720 16928 17725 W DashDownloadManager: Successfully downloaded 20200312_150744.mp4 in 17.500s
07-06 00:18:49.721 16928 17725 V DownloadTestVideosTask: Entering callback for download completion of 20200312_150744.mp4
07-06 00:18:49.723 16928 17725 V RawFootageEventHandler: onAdd
07-06 00:18:49.726 16928 17725 V NearbyFragment: nextTransfer with selected algorithm: ordered
07-06 00:18:49.727 16928 17725 D NearbyFragment: Less queued transfers than connected endpoints
07-06 00:18:50.729 16928 17725 V DownloadTestVideosTask: Starting DownloadTestVideosTask
07-06 00:18:50.744 16928 17725 V DashDownloadManager: Started downloading: 20200312_150844.mp4
07-06 00:18:50.756 16928 17725 I System.out: (HTTPLog)-Static: isSBSettingEnabled false
07-06 00:18:50.757 16928 17725 I System.out: (HTTPLog)-Static: isSBSettingEnabled false
07-06 00:18:50.789 16928 17725 I System.out: (HTTPLog)-Thread-3097-253706760: getTransferStream : ContentLength=69990400, method=GET, HTTPVersion=http/1.1
07-06 00:19:08.631 16928 17725 V VideoManager: Retrieving video from /storage/emulated/0/Movies/raw/20200312_150844.mp4
07-06 00:19:08.654 16928 17725 D VideoManager: videoCursor is null
07-06 00:19:08.729 16928 17725 V VideoManager: videoFromCursor
07-06 00:19:08.735 16928 17725 W DashDownloadManager: Successfully downloaded 20200312_150844.mp4 in 17.885s
07-06 00:19:08.736 16928 17725 V DownloadTestVideosTask: Entering callback for download completion of 20200312_150844.mp4
07-06 00:19:08.737 16928 17725 V RawFootageEventHandler: onAdd
07-06 00:19:08.741 16928 17725 V NearbyFragment: nextTransfer with selected algorithm: ordered
07-06 00:19:08.748 16928 17725 W NearbyFragment: Sending 20200312_150643.mp4 to Nexus 5X [34d8]
07-06 00:19:08.758 16928 17725 W NearbyFragment: Sending 20200312_150744.mp4 to Nexus 5 [1825]
07-06 00:19:08.767 16928 17725 W NearbyFragment: Sending 20200312_150844.mp4 to Nexus 5X [9c8f]
07-06 00:19:08.784 16928 16928 V NearbyFragment: Transfer to Endpoint{id=Qd2N, name=Nexus 5X [34d8]} complete
07-06 00:19:08.788 16928 16928 V NearbyFragment: Transfer to Endpoint{id=Rc4h, name=Nexus 5 [1825]} complete
07-06 00:19:08.795 16928 16928 V NearbyFragment: Transfer to Endpoint{id=jKhx, name=Nexus 5X [9c8f]} complete
07-06 00:19:09.772 16928 17725 V DownloadTestVideosTask: Starting DownloadTestVideosTask
07-06 00:19:09.775 16928 17725 V DashDownloadManager: Started downloading: 20200312_150944.mp4
07-06 00:19:09.778 16928 17725 I System.out: (HTTPLog)-Static: isSBSettingEnabled false
07-06 00:19:09.779 16928 17725 I System.out: (HTTPLog)-Static: isSBSettingEnabled false
07-06 00:19:10.033 16928 17725 I System.out: (HTTPLog)-Thread-3097-59918880: getTransferStream : ContentLength=69990400, method=GET, HTTPVersion=http/1.1
07-06 00:19:22.087 16928 16928 V NearbyFragment: Transfer to Endpoint{id=Qd2N, name=Nexus 5X [34d8]} complete
07-06 00:19:22.192 16928 16928 D NearbyFragment: onPayloadReceived(endpointId=Qd2N, payload=com.google.android.gms.nearby.connection.Payload@c9f7fd9)
07-06 00:19:22.195 16928 16928 D NearbyFragment: Endpoint{id=Qd2N, name=Nexus 5X [34d8]} has finished downloading 20200312_150643.mp4
07-06 00:19:22.201 16928 16928 V VideoManager: Retrieving video from /storage/emulated/0/Movies/raw/20200312_150643.mp4
07-06 00:19:22.213 16928 16928 V VideoManager: videoFromCursor
07-06 00:19:22.217 16928 16928 V ProcessingVideosEventHandler: onAdd
07-06 00:19:22.218 16928 16928 V RawFootageEventHandler: onRemove
07-06 00:19:22.221 16928 16928 I NearbyFragment: Transfer queue is empty
07-06 00:19:22.254 16928 16928 V NearbyFragment: Transfer to Endpoint{id=Qd2N, name=Nexus 5X [34d8]} complete
07-06 00:19:35.792 16928 16928 D NearbyFragment: onPayloadReceived(endpointId=Qd2N, payload=com.google.android.gms.nearby.connection.Payload@61a15aa)
07-06 00:19:35.800 16928 16928 D NearbyFragment: 20200312_150643.mp4 from Endpoint{id=Qd2N, name=Nexus 5X [34d8]} contained no activity
07-06 00:19:35.806 16928 16928 V VideoManager: Retrieving video from /storage/emulated/0/Movies/raw/20200312_150643.mp4
07-06 00:19:35.821 16928 16928 V VideoManager: videoFromCursor
07-06 00:19:35.826 16928 16928 V ProcessingVideosEventHandler: onRemove
07-06 00:19:35.827 16928 16928 I NearbyFragment: Transfer queue is empty
07-06 00:19:35.900 16928 16928 V NearbyFragment: Transfer to Endpoint{id=Qd2N, name=Nexus 5X [34d8]} complete
07-06 00:19:46.263 16928 16928 V NearbyFragment: Transfer to Endpoint{id=Rc4h, name=Nexus 5 [1825]} complete
07-06 00:19:46.818 16928 16928 D NearbyFragment: onPayloadReceived(endpointId=Rc4h, payload=com.google.android.gms.nearby.connection.Payload@f2b3d38)
07-06 00:19:46.827 16928 16928 D NearbyFragment: Endpoint{id=Rc4h, name=Nexus 5 [1825]} has finished downloading 20200312_150744.mp4
07-06 00:19:46.832 16928 16928 V VideoManager: Retrieving video from /storage/emulated/0/Movies/raw/20200312_150744.mp4
07-06 00:19:46.851 16928 16928 V VideoManager: videoFromCursor
07-06 00:19:46.856 16928 16928 V ProcessingVideosEventHandler: onAdd
07-06 00:19:46.857 16928 16928 V RawFootageEventHandler: onRemove
07-06 00:19:46.858 16928 16928 I NearbyFragment: Transfer queue is empty
07-06 00:19:46.894 16928 16928 V NearbyFragment: Transfer to Endpoint{id=Rc4h, name=Nexus 5 [1825]} complete
07-06 00:19:47.977 16928 17725 V VideoManager: Retrieving video from /storage/emulated/0/Movies/raw/20200312_150944.mp4
07-06 00:19:47.997 16928 17725 D VideoManager: videoCursor is null
07-06 00:19:48.103 16928 17725 V VideoManager: videoFromCursor
07-06 00:19:48.109 16928 17725 W DashDownloadManager: Successfully downloaded 20200312_150944.mp4 in 38.199s
07-06 00:19:48.111 16928 17725 V DownloadTestVideosTask: Entering callback for download completion of 20200312_150944.mp4
07-06 00:19:48.112 16928 17725 V RawFootageEventHandler: onAdd
07-06 00:19:48.115 16928 17725 V NearbyFragment: nextTransfer with selected algorithm: ordered
07-06 00:19:48.118 16928 17725 W NearbyFragment: Sending 20200312_150944.mp4 to Nexus 5X [34d8]
07-06 00:19:48.137 16928 16928 V NearbyFragment: Transfer to Endpoint{id=Qd2N, name=Nexus 5X [34d8]} complete
07-06 00:19:49.124 16928 17725 V DownloadTestVideosTask: Starting DownloadTestVideosTask
07-06 00:19:49.130 16928 17725 V DashDownloadManager: Started downloading: 20200312_151044.mp4
07-06 00:19:49.135 16928 17725 I System.out: (HTTPLog)-Static: isSBSettingEnabled false
07-06 00:19:49.136 16928 17725 I System.out: (HTTPLog)-Static: isSBSettingEnabled false
07-06 00:19:49.183 16928 17725 I System.out: (HTTPLog)-Thread-3097-66501907: getTransferStream : ContentLength=69990400, method=GET, HTTPVersion=http/1.1
07-06 00:19:56.207 16928 16928 D ViewRootImpl@c283b21[MainActivity]: ViewPostIme pointer 0
07-06 00:19:56.274 16928 16928 D ViewRootImpl@c283b21[MainActivity]: ViewPostIme pointer 1
07-06 00:19:56.289 16928 16928 V MainActivity: Navigation summarised button clicked
07-06 00:19:56.294 16928 16928 W example.edgesu: Accessing hidden method Landroid/view/View;->getTransitionAlpha()F (light greylist, linking)
07-06 00:19:56.295 16928 16928 W example.edgesu: Accessing hidden method Landroid/view/View;->setTransitionAlpha(F)V (light greylist, linking)
07-06 00:19:56.295 16928 16928 W example.edgesu: Accessing hidden method Landroid/view/View;->setAnimationMatrix(Landroid/graphics/Matrix;)V (light greylist, linking)
07-06 00:19:56.295 16928 16928 W example.edgesu: Accessing hidden method Landroid/view/View;->transformMatrixToGlobal(Landroid/graphics/Matrix;)V (light greylist, linking)
07-06 00:19:56.295 16928 16928 W example.edgesu: Accessing hidden method Landroid/view/View;->transformMatrixToLocal(Landroid/graphics/Matrix;)V (light greylist, linking)
07-06 00:19:56.295 16928 16928 W example.edgesu: Accessing hidden method Landroid/view/View;->setLeftTopRightBottom(IIII)V (light greylist, linking)
07-06 00:19:56.296 16928 16928 W example.edgesu: Accessing hidden method Landroid/view/View;->setTransitionVisibility(I)V (dark greylist, linking)
07-06 00:19:56.328 16928 16928 W StaticLayout: maxLineHeight should not be -1.  maxLines:1 lineCount:1
07-06 00:19:56.333 16928 16928 W StaticLayout: maxLineHeight should not be -1.  maxLines:1 lineCount:1
07-06 00:19:56.347 16928 16928 W example.edgesu: Accessing hidden field Landroid/view/View;->mViewFlags:I (light greylist, reflection)
07-06 00:19:56.350 16928 16928 W example.edgesu: Accessing hidden method Landroid/view/ViewGroup;->suppressLayout(Z)V (light greylist, linking)
07-06 00:19:56.353 16928 16928 D skia    : approximate: numPoints=2, lengths[0]=0.000000, totalLength=4.000000, segmentPoints[0]=[96.000000,16.000000]
07-06 00:19:56.353 16928 16928 D skia    : approximate: approximation[0]=0.000000, approximation[1]=96.000000, approximation[2]=16.000000
07-06 00:19:56.353 16928 16928 D skia    : approximate: numPoints=2, lengths[1]=4.000000, totalLength=4.000000, segmentPoints[1]=[96.000000,12.000000]
07-06 00:19:56.353 16928 16928 D skia    : approximate: approximation[3]=1.000000, approximation[4]=96.000000, approximation[5]=12.000000
07-06 00:19:56.354 16928 16928 D skia    : approximate: numPoints=2, lengths[0]=0.000000, totalLength=4.000000, segmentPoints[0]=[96.000000,12.000000]
07-06 00:19:56.354 16928 16928 D skia    : approximate: approximation[0]=0.000000, approximation[1]=96.000000, approximation[2]=12.000000
07-06 00:19:56.354 16928 16928 D skia    : approximate: numPoints=2, lengths[1]=4.000000, totalLength=4.000000, segmentPoints[1]=[96.000000,16.000000]
07-06 00:19:56.354 16928 16928 D skia    : approximate: approximation[3]=1.000000, approximation[4]=96.000000, approximation[5]=16.000000
07-06 00:20:03.862 16928 16928 V NearbyFragment: Transfer to Endpoint{id=jKhx, name=Nexus 5X [9c8f]} complete
07-06 00:20:04.049 16928 16928 D NearbyFragment: onPayloadReceived(endpointId=jKhx, payload=com.google.android.gms.nearby.connection.Payload@2238567)
07-06 00:20:04.052 16928 16928 D NearbyFragment: Endpoint{id=jKhx, name=Nexus 5X [9c8f]} has finished downloading 20200312_150844.mp4
07-06 00:20:04.054 16928 16928 V VideoManager: Retrieving video from /storage/emulated/0/Movies/raw/20200312_150844.mp4
07-06 00:20:04.070 16928 16928 V VideoManager: videoFromCursor
07-06 00:20:04.076 16928 16928 V ProcessingVideosEventHandler: onAdd
07-06 00:20:04.077 16928 16928 V RawFootageEventHandler: onRemove
07-06 00:20:04.079 16928 16928 I NearbyFragment: Transfer queue is empty
07-06 00:20:04.099 16928 16928 V NearbyFragment: Transfer to Endpoint{id=jKhx, name=Nexus 5X [9c8f]} complete
07-06 00:20:19.176 16928 16928 D NearbyFragment: onPayloadReceived(endpointId=jKhx, payload=com.google.android.gms.nearby.connection.Payload@3641db2)
07-06 00:20:19.179 16928 16928 V NearbyFragment: Started downloading 20200312_150844.mp4 from Endpoint{id=jKhx, name=Nexus 5X [9c8f]}
07-06 00:20:19.181 16928 16928 I NearbyFragment: Transfer queue is empty
07-06 00:20:19.193 16928 16928 V NearbyFragment: Transfer to Endpoint{id=jKhx, name=Nexus 5X [9c8f]} complete
07-06 00:20:19.324 16928 16928 D NearbyFragment: onPayloadReceived(endpointId=jKhx, payload=com.google.android.gms.nearby.connection.Payload@c591103)
07-06 00:20:21.635 16928 16928 V NearbyFragment: Transfer to Endpoint{id=Qd2N, name=Nexus 5X [34d8]} complete
07-06 00:20:22.190 16928 16928 D NearbyFragment: onPayloadReceived(endpointId=Qd2N, payload=com.google.android.gms.nearby.connection.Payload@6d5880)
07-06 00:20:22.193 16928 16928 D NearbyFragment: Endpoint{id=Qd2N, name=Nexus 5X [34d8]} has finished downloading 20200312_150944.mp4
07-06 00:20:22.195 16928 16928 V VideoManager: Retrieving video from /storage/emulated/0/Movies/raw/20200312_150944.mp4
07-06 00:20:22.210 16928 16928 V VideoManager: videoFromCursor
07-06 00:20:22.216 16928 16928 V ProcessingVideosEventHandler: onAdd
07-06 00:20:22.216 16928 16928 V RawFootageEventHandler: onRemove
07-06 00:20:22.219 16928 16928 I NearbyFragment: Transfer queue is empty
07-06 00:20:22.259 16928 16928 V NearbyFragment: Transfer to Endpoint{id=Qd2N, name=Nexus 5X [34d8]} complete
07-06 00:20:34.305 16928 16928 D NearbyFragment: onPayloadReceived(endpointId=Rc4h, payload=com.google.android.gms.nearby.connection.Payload@7d1ba5f)
07-06 00:20:34.307 16928 16928 V NearbyFragment: Started downloading 20200312_150744.mp4 from Endpoint{id=Rc4h, name=Nexus 5 [1825]}
07-06 00:20:34.309 16928 16928 I NearbyFragment: Transfer queue is empty
07-06 00:20:34.316 16928 16928 V NearbyFragment: Transfer to Endpoint{id=Rc4h, name=Nexus 5 [1825]} complete
07-06 00:20:34.499 16928 16928 D NearbyFragment: onPayloadReceived(endpointId=Rc4h, payload=com.google.android.gms.nearby.connection.Payload@f8f7cac)
07-06 00:20:39.045 16928 17725 V VideoManager: Retrieving video from /storage/emulated/0/Movies/raw/20200312_151044.mp4
07-06 00:20:39.060 16928 17725 D VideoManager: videoCursor is null
07-06 00:20:39.144 16928 17725 V VideoManager: videoFromCursor
07-06 00:20:39.149 16928 17725 W DashDownloadManager: Successfully downloaded 20200312_151044.mp4 in 49.914s
07-06 00:20:39.150 16928 17725 V DownloadTestVideosTask: Entering callback for download completion of 20200312_151044.mp4
07-06 00:20:39.151 16928 17725 V RawFootageEventHandler: onAdd
07-06 00:20:39.154 16928 17725 V NearbyFragment: nextTransfer with selected algorithm: ordered
07-06 00:20:39.156 16928 17725 W NearbyFragment: Sending 20200312_151044.mp4 to Nexus 5X [9c8f]
07-06 00:20:39.180 16928 16928 V NearbyFragment: Transfer to Endpoint{id=jKhx, name=Nexus 5X [9c8f]} complete
07-06 00:20:40.010 16928 16928 V NearbyFragment: Transfer to Endpoint{id=Rc4h, name=Nexus 5 [1825]} complete
07-06 00:20:40.013 16928 16928 W NearbyFragment: Completed downloading 20200312_150744.mp4 from Endpoint{id=Rc4h, name=Nexus 5 [1825]} in 05.703s
07-06 00:20:40.087 16928 16928 V VideoManager: Retrieving video from /storage/emulated/0/Movies/summarised/20200312_150744.mp4
07-06 00:20:40.097 16928 16928 D VideoManager: videoCursor is null
07-06 00:20:40.132 16928 16928 V VideoManager: videoFromCursor
07-06 00:20:40.136 16928 16928 V SummarisedVideosEventHandler: onAdd
07-06 00:20:40.136 16928 16928 V ProcessingVideosEventHandler: removeByName
07-06 00:20:40.162 16928 17725 V DownloadTestVideosTask: Starting DownloadTestVideosTask
07-06 00:20:40.166 16928 17725 V DashDownloadManager: Started downloading: 20200312_193528.mp4
07-06 00:20:40.171 16928 17725 I System.out: (HTTPLog)-Static: isSBSettingEnabled false
07-06 00:20:40.172 16928 17725 I System.out: (HTTPLog)-Static: isSBSettingEnabled false
07-06 00:20:40.351 16928 17725 I System.out: (HTTPLog)-Thread-3097-92444247: getTransferStream : ContentLength=69990400, method=GET, HTTPVersion=http/1.1
07-06 00:20:40.748 16928 16934 I example.edgesu: Compiler allocated 4MB to compile void android.view.ViewRootImpl.performTraversals()
07-06 00:20:45.743 16928 16928 V NearbyFragment: Transfer to Endpoint{id=jKhx, name=Nexus 5X [9c8f]} complete
07-06 00:20:45.746 16928 16928 W NearbyFragment: Completed downloading 20200312_150844.mp4 from Endpoint{id=jKhx, name=Nexus 5X [9c8f]} in 26.563s
07-06 00:20:47.737 16928 16928 V VideoManager: Retrieving video from /storage/emulated/0/Movies/summarised/20200312_150844.mp4
07-06 00:20:47.745 16928 16928 D VideoManager: videoCursor is null
07-06 00:20:47.779 16928 16928 V VideoManager: videoFromCursor
07-06 00:20:47.782 16928 16928 V SummarisedVideosEventHandler: onAdd
07-06 00:20:47.782 16928 16928 V ProcessingVideosEventHandler: removeByName
07-06 00:20:53.303 16928 16928 D NearbyFragment: onPayloadReceived(endpointId=Qd2N, payload=com.google.android.gms.nearby.connection.Payload@ae7b56c)
07-06 00:20:53.305 16928 16928 V NearbyFragment: Started downloading 20200312_150944.mp4 from Endpoint{id=Qd2N, name=Nexus 5X [34d8]}
07-06 00:20:53.307 16928 16928 I NearbyFragment: Transfer queue is empty
07-06 00:20:53.309 16928 16928 V NearbyFragment: Transfer to Endpoint{id=Qd2N, name=Nexus 5X [34d8]} complete
07-06 00:20:53.591 16928 16928 D NearbyFragment: onPayloadReceived(endpointId=Qd2N, payload=com.google.android.gms.nearby.connection.Payload@b775735)
07-06 00:20:55.231 16928 16928 V NearbyFragment: Transfer to Endpoint{id=Qd2N, name=Nexus 5X [34d8]} complete
07-06 00:20:55.234 16928 16928 W NearbyFragment: Completed downloading 20200312_150944.mp4 from Endpoint{id=Qd2N, name=Nexus 5X [34d8]} in 01.926s
07-06 00:20:55.306 16928 16928 V VideoManager: Retrieving video from /storage/emulated/0/Movies/summarised/20200312_150944.mp4
07-06 00:20:55.316 16928 16928 D VideoManager: videoCursor is null
07-06 00:20:55.379 16928 16928 V VideoManager: videoFromCursor
07-06 00:20:55.383 16928 16928 V SummarisedVideosEventHandler: onAdd
07-06 00:20:55.383 16928 16928 V ProcessingVideosEventHandler: removeByName
07-06 00:20:58.526 16928 16928 V NearbyFragment: Transfer to Endpoint{id=jKhx, name=Nexus 5X [9c8f]} complete
07-06 00:20:59.199 16928 16928 D NearbyFragment: onPayloadReceived(endpointId=jKhx, payload=com.google.android.gms.nearby.connection.Payload@b22e921)
07-06 00:20:59.200 16928 16928 D NearbyFragment: Endpoint{id=jKhx, name=Nexus 5X [9c8f]} has finished downloading 20200312_151044.mp4
07-06 00:20:59.201 16928 16928 V VideoManager: Retrieving video from /storage/emulated/0/Movies/raw/20200312_151044.mp4
07-06 00:20:59.216 16928 16928 V VideoManager: videoFromCursor
07-06 00:20:59.221 16928 16928 V ProcessingVideosEventHandler: onAdd
07-06 00:20:59.224 16928 16928 V RawFootageEventHandler: onRemove
07-06 00:20:59.227 16928 16928 I NearbyFragment: Transfer queue is empty
07-06 00:20:59.228 16928 16928 V NearbyFragment: Transfer to Endpoint{id=jKhx, name=Nexus 5X [9c8f]} complete
07-06 00:21:12.071 16928 17725 V VideoManager: Retrieving video from /storage/emulated/0/Movies/raw/20200312_193528.mp4
07-06 00:21:12.092 16928 17725 D VideoManager: videoCursor is null
07-06 00:21:12.179 16928 17725 V VideoManager: videoFromCursor
07-06 00:21:12.184 16928 17725 W DashDownloadManager: Successfully downloaded 20200312_193528.mp4 in 31.904s
07-06 00:21:12.185 16928 17725 V DownloadTestVideosTask: Entering callback for download completion of 20200312_193528.mp4
07-06 00:21:12.186 16928 17725 V RawFootageEventHandler: onAdd
07-06 00:21:12.189 16928 17725 V NearbyFragment: nextTransfer with selected algorithm: ordered
07-06 00:21:12.192 16928 17725 W NearbyFragment: Sending 20200312_193528.mp4 to Nexus 5 [1825]
07-06 00:21:12.220 16928 16928 V NearbyFragment: Transfer to Endpoint{id=Rc4h, name=Nexus 5 [1825]} complete
07-06 00:21:12.701 16928 16928 D NearbyFragment: onPayloadReceived(endpointId=jKhx, payload=com.google.android.gms.nearby.connection.Payload@faa14a3)
07-06 00:21:12.706 16928 16928 D NearbyFragment: 20200312_151044.mp4 from Endpoint{id=jKhx, name=Nexus 5X [9c8f]} contained no activity
07-06 00:21:12.711 16928 16928 V VideoManager: Retrieving video from /storage/emulated/0/Movies/raw/20200312_151044.mp4
07-06 00:21:12.726 16928 16928 V VideoManager: videoFromCursor
07-06 00:21:12.732 16928 16928 V ProcessingVideosEventHandler: onRemove
07-06 00:21:12.734 16928 16928 I NearbyFragment: Transfer queue is empty
07-06 00:21:12.765 16928 16928 V NearbyFragment: Transfer to Endpoint{id=jKhx, name=Nexus 5X [9c8f]} complete
07-06 00:21:13.199 16928 17725 V DownloadTestVideosTask: Starting DownloadTestVideosTask
07-06 00:21:13.211 16928 17725 V DashDownloadManager: Started downloading: 20200312_193628.mp4
07-06 00:21:13.223 16928 17725 I System.out: (HTTPLog)-Static: isSBSettingEnabled false
07-06 00:21:13.225 16928 17725 I System.out: (HTTPLog)-Static: isSBSettingEnabled false
07-06 00:21:13.297 16928 17725 I System.out: (HTTPLog)-Thread-3097-103717721: getTransferStream : ContentLength=69990400, method=GET, HTTPVersion=http/1.1
07-06 00:21:34.056 16928 16928 V NearbyFragment: Transfer to Endpoint{id=Rc4h, name=Nexus 5 [1825]} complete
07-06 00:21:34.295 16928 16928 D NearbyFragment: onPayloadReceived(endpointId=Rc4h, payload=com.google.android.gms.nearby.connection.Payload@503731e)
07-06 00:21:34.297 16928 16928 D NearbyFragment: Endpoint{id=Rc4h, name=Nexus 5 [1825]} has finished downloading 20200312_193528.mp4
07-06 00:21:34.299 16928 16928 V VideoManager: Retrieving video from /storage/emulated/0/Movies/raw/20200312_193528.mp4
07-06 00:21:34.312 16928 16928 V VideoManager: videoFromCursor
07-06 00:21:34.317 16928 16928 V ProcessingVideosEventHandler: onAdd
07-06 00:21:34.318 16928 16928 V RawFootageEventHandler: onRemove
07-06 00:21:34.320 16928 16928 I NearbyFragment: Transfer queue is empty
07-06 00:21:34.347 16928 16928 V NearbyFragment: Transfer to Endpoint{id=Rc4h, name=Nexus 5 [1825]} complete
07-06 00:21:42.957 16928 17725 V VideoManager: Retrieving video from /storage/emulated/0/Movies/raw/20200312_193628.mp4
07-06 00:21:42.979 16928 17725 D VideoManager: videoCursor is null
07-06 00:21:43.084 16928 17725 V VideoManager: videoFromCursor
07-06 00:21:43.089 16928 17725 W DashDownloadManager: Successfully downloaded 20200312_193628.mp4 in 29.745s
07-06 00:21:43.090 16928 17725 V DownloadTestVideosTask: Entering callback for download completion of 20200312_193628.mp4
07-06 00:21:43.091 16928 17725 V RawFootageEventHandler: onAdd
07-06 00:21:43.094 16928 17725 V NearbyFragment: nextTransfer with selected algorithm: ordered
07-06 00:21:43.097 16928 17725 W NearbyFragment: Sending 20200312_193628.mp4 to Nexus 5X [34d8]
07-06 00:21:43.123 16928 16928 V NearbyFragment: Transfer to Endpoint{id=Qd2N, name=Nexus 5X [34d8]} complete
07-06 00:21:44.103 16928 17725 V DownloadTestVideosTask: Starting DownloadTestVideosTask
07-06 00:21:44.107 16928 17725 V DashDownloadManager: Started downloading: 20200312_193728.mp4
07-06 00:21:44.111 16928 17725 I System.out: (HTTPLog)-Static: isSBSettingEnabled false
07-06 00:21:44.112 16928 17725 I System.out: (HTTPLog)-Static: isSBSettingEnabled false
07-06 00:21:44.123 16928 17725 I System.out: (HTTPLog)-Thread-3097-107038392: getTransferStream : ContentLength=69990400, method=GET, HTTPVersion=http/1.1
07-06 00:21:56.640 16928 16928 D NearbyFragment: onPayloadReceived(endpointId=Rc4h, payload=com.google.android.gms.nearby.connection.Payload@5475c91)
07-06 00:21:56.642 16928 16928 D NearbyFragment: 20200312_193528.mp4 from Endpoint{id=Rc4h, name=Nexus 5 [1825]} contained no activity
07-06 00:21:56.645 16928 16928 V VideoManager: Retrieving video from /storage/emulated/0/Movies/raw/20200312_193528.mp4
07-06 00:21:56.659 16928 16928 V VideoManager: videoFromCursor
07-06 00:21:56.664 16928 16928 V ProcessingVideosEventHandler: onRemove
07-06 00:21:56.666 16928 16928 I NearbyFragment: Transfer queue is empty
07-06 00:21:56.691 16928 16928 V NearbyFragment: Transfer to Endpoint{id=Rc4h, name=Nexus 5 [1825]} complete
07-06 00:21:59.630 16928 16928 V NearbyFragment: Transfer to Endpoint{id=Qd2N, name=Nexus 5X [34d8]} complete
07-06 00:21:59.802 16928 16928 D NearbyFragment: onPayloadReceived(endpointId=Qd2N, payload=com.google.android.gms.nearby.connection.Payload@19247f7)
07-06 00:21:59.803 16928 16928 D NearbyFragment: Endpoint{id=Qd2N, name=Nexus 5X [34d8]} has finished downloading 20200312_193628.mp4
07-06 00:21:59.803 16928 16928 V VideoManager: Retrieving video from /storage/emulated/0/Movies/raw/20200312_193628.mp4
07-06 00:21:59.825 16928 16928 V VideoManager: videoFromCursor
07-06 00:21:59.833 16928 16928 V ProcessingVideosEventHandler: onAdd
07-06 00:21:59.833 16928 16928 V RawFootageEventHandler: onRemove
07-06 00:21:59.835 16928 16928 I NearbyFragment: Transfer queue is empty
07-06 00:21:59.857 16928 16928 V NearbyFragment: Transfer to Endpoint{id=Qd2N, name=Nexus 5X [34d8]} complete
07-06 00:22:09.400 16928 17725 V VideoManager: Retrieving video from /storage/emulated/0/Movies/raw/20200312_193728.mp4
07-06 00:22:09.410 16928 17725 D VideoManager: videoCursor is null
07-06 00:22:09.452 16928 17725 V VideoManager: videoFromCursor
07-06 00:22:09.456 16928 17725 W DashDownloadManager: Successfully downloaded 20200312_193728.mp4 in 25.292s
07-06 00:22:09.457 16928 17725 V DownloadTestVideosTask: Entering callback for download completion of 20200312_193728.mp4
07-06 00:22:09.457 16928 17725 V RawFootageEventHandler: onAdd
07-06 00:22:09.459 16928 17725 V NearbyFragment: nextTransfer with selected algorithm: ordered
07-06 00:22:09.461 16928 17725 W NearbyFragment: Sending 20200312_193728.mp4 to Nexus 5X [9c8f]
07-06 00:22:09.475 16928 16928 V NearbyFragment: Transfer to Endpoint{id=jKhx, name=Nexus 5X [9c8f]} complete
07-06 00:22:10.465 16928 17725 V DownloadTestVideosTask: Starting DownloadTestVideosTask
07-06 00:22:10.467 16928 17725 V DashDownloadManager: Started downloading: 20200312_193828.mp4
07-06 00:22:10.469 16928 17725 I System.out: (HTTPLog)-Static: isSBSettingEnabled false
07-06 00:22:10.469 16928 17725 I System.out: (HTTPLog)-Static: isSBSettingEnabled false
07-06 00:22:10.524 16928 17725 I System.out: (HTTPLog)-Thread-3097-220204233: getTransferStream : ContentLength=69990400, method=GET, HTTPVersion=http/1.1
07-06 00:22:13.083 16928 16938 W System  : A resource failed to call close. 
07-06 00:22:13.117 16928 16938 I chatty  : uid=10568(com.example.edgesum) FinalizerDaemon identical 23 lines
07-06 00:22:13.119 16928 16938 W System  : A resource failed to call close. 
07-06 00:22:22.795 16928 16928 V NearbyFragment: Transfer to Endpoint{id=jKhx, name=Nexus 5X [9c8f]} complete
07-06 00:22:22.949 16928 16928 D NearbyFragment: onPayloadReceived(endpointId=jKhx, payload=com.google.android.gms.nearby.connection.Payload@700dfce)
07-06 00:22:22.951 16928 16928 D NearbyFragment: Endpoint{id=jKhx, name=Nexus 5X [9c8f]} has finished downloading 20200312_193728.mp4
07-06 00:22:22.953 16928 16928 V VideoManager: Retrieving video from /storage/emulated/0/Movies/raw/20200312_193728.mp4
07-06 00:22:22.977 16928 16928 V VideoManager: videoFromCursor
07-06 00:22:22.985 16928 16928 V ProcessingVideosEventHandler: onAdd
07-06 00:22:22.985 16928 16928 V RawFootageEventHandler: onRemove
07-06 00:22:22.986 16928 16928 I NearbyFragment: Transfer queue is empty
07-06 00:22:22.987 16928 16928 V NearbyFragment: Transfer to Endpoint{id=jKhx, name=Nexus 5X [9c8f]} complete
07-06 00:22:35.982 16928 17725 V VideoManager: Retrieving video from /storage/emulated/0/Movies/raw/20200312_193828.mp4
07-06 00:22:35.996 16928 17725 D VideoManager: videoCursor is null
07-06 00:22:36.058 16928 17725 V VideoManager: videoFromCursor
07-06 00:22:36.062 16928 17725 W DashDownloadManager: Successfully downloaded 20200312_193828.mp4 in 25.514s
07-06 00:22:36.063 16928 17725 V DownloadTestVideosTask: Entering callback for download completion of 20200312_193828.mp4
07-06 00:22:36.064 16928 17725 V RawFootageEventHandler: onAdd
07-06 00:22:36.067 16928 17725 V NearbyFragment: nextTransfer with selected algorithm: ordered
07-06 00:22:36.070 16928 17725 W NearbyFragment: Sending 20200312_193828.mp4 to Nexus 5 [1825]
07-06 00:22:36.091 16928 16928 V NearbyFragment: Transfer to Endpoint{id=Rc4h, name=Nexus 5 [1825]} complete
07-06 00:22:37.075 16928 17725 V DownloadTestVideosTask: Starting DownloadTestVideosTask
07-06 00:22:37.080 16928 17725 V DashDownloadManager: Started downloading: 20200312_193928.mp4
07-06 00:22:37.085 16928 17725 I System.out: (HTTPLog)-Static: isSBSettingEnabled false
07-06 00:22:37.086 16928 17725 I System.out: (HTTPLog)-Static: isSBSettingEnabled false
07-06 00:22:37.203 16928 17725 I System.out: (HTTPLog)-Thread-3097-219139560: getTransferStream : ContentLength=69990400, method=GET, HTTPVersion=http/1.1
07-06 00:22:39.344 16928 16928 D NearbyFragment: onPayloadReceived(endpointId=jKhx, payload=com.google.android.gms.nearby.connection.Payload@9e78c01)
07-06 00:22:39.345 16928 16928 V NearbyFragment: Started downloading 20200312_193728.mp4 from Endpoint{id=jKhx, name=Nexus 5X [9c8f]}
07-06 00:22:39.347 16928 16928 I NearbyFragment: Transfer queue is empty
07-06 00:22:39.350 16928 16928 V NearbyFragment: Transfer to Endpoint{id=jKhx, name=Nexus 5X [9c8f]} complete
07-06 00:22:39.737 16928 16928 D NearbyFragment: onPayloadReceived(endpointId=jKhx, payload=com.google.android.gms.nearby.connection.Payload@e051aa6)
07-06 00:22:51.848 16928 16928 D NearbyFragment: onPayloadReceived(endpointId=Qd2N, payload=com.google.android.gms.nearby.connection.Payload@8af1ce7)
07-06 00:22:51.851 16928 16928 V NearbyFragment: Started downloading 20200312_193628.mp4 from Endpoint{id=Qd2N, name=Nexus 5X [34d8]}
07-06 00:22:51.853 16928 16928 I NearbyFragment: Transfer queue is empty
07-06 00:22:51.855 16928 16928 V NearbyFragment: Transfer to Endpoint{id=Qd2N, name=Nexus 5X [34d8]} complete
07-06 00:22:55.108 16928 16928 D NearbyFragment: onPayloadReceived(endpointId=Qd2N, payload=com.google.android.gms.nearby.connection.Payload@f07e094)
07-06 00:23:10.306 16928 16928 V NearbyFragment: Transfer to Endpoint{id=Qd2N, name=Nexus 5X [34d8]} complete
07-06 00:23:10.309 16928 16928 W NearbyFragment: Completed downloading 20200312_193628.mp4 from Endpoint{id=Qd2N, name=Nexus 5X [34d8]} in 18.456s
07-06 00:23:10.389 16928 16928 V VideoManager: Retrieving video from /storage/emulated/0/Movies/summarised/20200312_193628.mp4
07-06 00:23:10.429 16928 16928 D VideoManager: videoCursor is null
07-06 00:23:10.511 16928 16928 V VideoManager: videoFromCursor
07-06 00:23:10.517 16928 16928 V SummarisedVideosEventHandler: onAdd
07-06 00:23:10.517 16928 16928 V ProcessingVideosEventHandler: removeByName
07-06 00:23:12.640 16928 16928 V NearbyFragment: Transfer to Endpoint{id=jKhx, name=Nexus 5X [9c8f]} complete
07-06 00:23:12.646 16928 16928 W NearbyFragment: Completed downloading 20200312_193728.mp4 from Endpoint{id=jKhx, name=Nexus 5X [9c8f]} in 33.295s
07-06 00:23:14.561 16928 16928 V VideoManager: Retrieving video from /storage/emulated/0/Movies/summarised/20200312_193728.mp4
07-06 00:23:14.572 16928 16928 D VideoManager: videoCursor is null
07-06 00:23:14.603 16928 16928 V VideoManager: videoFromCursor
07-06 00:23:14.606 16928 16928 V SummarisedVideosEventHandler: onAdd
07-06 00:23:14.607 16928 16928 V ProcessingVideosEventHandler: removeByName
07-06 00:23:25.292 16928 16928 V NearbyFragment: Transfer to Endpoint{id=Rc4h, name=Nexus 5 [1825]} complete
07-06 00:23:25.631 16928 16928 D NearbyFragment: onPayloadReceived(endpointId=Rc4h, payload=com.google.android.gms.nearby.connection.Payload@28cb28c)
07-06 00:23:25.633 16928 16928 D NearbyFragment: Endpoint{id=Rc4h, name=Nexus 5 [1825]} has finished downloading 20200312_193828.mp4
07-06 00:23:25.633 16928 16928 V VideoManager: Retrieving video from /storage/emulated/0/Movies/raw/20200312_193828.mp4
07-06 00:23:25.659 16928 16928 V VideoManager: videoFromCursor
07-06 00:23:25.665 16928 16928 V ProcessingVideosEventHandler: onAdd
07-06 00:23:25.665 16928 16928 V RawFootageEventHandler: onRemove
07-06 00:23:25.667 16928 16928 I NearbyFragment: Transfer queue is empty
07-06 00:23:25.691 16928 16928 V NearbyFragment: Transfer to Endpoint{id=Rc4h, name=Nexus 5 [1825]} complete
07-06 00:23:30.935 16928 17725 V VideoManager: Retrieving video from /storage/emulated/0/Movies/raw/20200312_193928.mp4
07-06 00:23:30.957 16928 17725 D VideoManager: videoCursor is null
07-06 00:23:31.031 16928 17725 V VideoManager: videoFromCursor
07-06 00:23:31.038 16928 17725 W DashDownloadManager: Successfully downloaded 20200312_193928.mp4 in 53.854s
07-06 00:23:31.039 16928 17725 V DownloadTestVideosTask: Entering callback for download completion of 20200312_193928.mp4
07-06 00:23:31.040 16928 17725 V RawFootageEventHandler: onAdd
07-06 00:23:31.044 16928 17725 V NearbyFragment: nextTransfer with selected algorithm: ordered
07-06 00:23:31.048 16928 17725 W NearbyFragment: Sending 20200312_193928.mp4 to Nexus 5X [9c8f]
07-06 00:23:31.068 16928 16928 V NearbyFragment: Transfer to Endpoint{id=jKhx, name=Nexus 5X [9c8f]} complete
07-06 00:23:32.057 16928 17725 V DownloadTestVideosTask: Starting DownloadTestVideosTask
07-06 00:23:32.068 16928 17725 V DashDownloadManager: Started downloading: 20200312_194129.mp4
07-06 00:23:32.079 16928 17725 I System.out: (HTTPLog)-Static: isSBSettingEnabled false
07-06 00:23:32.081 16928 17725 I System.out: (HTTPLog)-Static: isSBSettingEnabled false
07-06 00:23:32.384 16928 17725 I System.out: (HTTPLog)-Thread-3097-32922294: getTransferStream : ContentLength=69990400, method=GET, HTTPVersion=http/1.1
07-06 00:24:06.283 16928 17725 V VideoManager: Retrieving video from /storage/emulated/0/Movies/raw/20200312_194129.mp4
07-06 00:24:06.325 16928 17725 D VideoManager: videoCursor is null
07-06 00:24:06.405 16928 17725 V VideoManager: videoFromCursor
07-06 00:24:06.410 16928 17725 W DashDownloadManager: Successfully downloaded 20200312_194129.mp4 in 34.212s
07-06 00:24:06.411 16928 17725 V DownloadTestVideosTask: Entering callback for download completion of 20200312_194129.mp4
07-06 00:24:06.413 16928 17725 V RawFootageEventHandler: onAdd
07-06 00:24:06.419 16928 17725 V NearbyFragment: nextTransfer with selected algorithm: ordered
07-06 00:24:06.422 16928 17725 W NearbyFragment: Sending 20200312_194129.mp4 to Nexus 5X [34d8]
07-06 00:24:06.446 16928 16928 V NearbyFragment: Transfer to Endpoint{id=Qd2N, name=Nexus 5X [34d8]} complete
07-06 00:24:07.351 16928 16928 V NearbyFragment: Transfer to Endpoint{id=jKhx, name=Nexus 5X [9c8f]} complete
07-06 00:24:07.428 16928 17725 V DownloadTestVideosTask: Starting DownloadTestVideosTask
07-06 00:24:07.433 16928 17725 V DashDownloadManager: Started downloading: 20200312_194229.mp4
07-06 00:24:07.438 16928 17725 I System.out: (HTTPLog)-Static: isSBSettingEnabled false
07-06 00:24:07.439 16928 17725 I System.out: (HTTPLog)-Static: isSBSettingEnabled false
07-06 00:24:07.589 16928 17725 I System.out: (HTTPLog)-Thread-3097-50687042: getTransferStream : ContentLength=69990400, method=GET, HTTPVersion=http/1.1
07-06 00:24:07.644 16928 16928 D NearbyFragment: onPayloadReceived(endpointId=jKhx, payload=com.google.android.gms.nearby.connection.Payload@d576453)
07-06 00:24:07.646 16928 16928 D NearbyFragment: Endpoint{id=jKhx, name=Nexus 5X [9c8f]} has finished downloading 20200312_193928.mp4
07-06 00:24:07.647 16928 16928 V VideoManager: Retrieving video from /storage/emulated/0/Movies/raw/20200312_193928.mp4
07-06 00:24:07.662 16928 16928 V VideoManager: videoFromCursor
07-06 00:24:07.667 16928 16928 V ProcessingVideosEventHandler: onAdd
07-06 00:24:07.668 16928 16928 V RawFootageEventHandler: onRemove
07-06 00:24:07.670 16928 16928 I NearbyFragment: Transfer queue is empty
07-06 00:24:07.761 16928 16928 V NearbyFragment: Transfer to Endpoint{id=jKhx, name=Nexus 5X [9c8f]} complete
07-06 00:24:21.021 16928 16928 D NearbyFragment: onPayloadReceived(endpointId=jKhx, payload=com.google.android.gms.nearby.connection.Payload@20a8e)
07-06 00:24:21.021 16928 16928 D NearbyFragment: 20200312_193928.mp4 from Endpoint{id=jKhx, name=Nexus 5X [9c8f]} contained no activity
07-06 00:24:21.022 16928 16928 V VideoManager: Retrieving video from /storage/emulated/0/Movies/raw/20200312_193928.mp4
07-06 00:24:21.035 16928 16928 V VideoManager: videoFromCursor
07-06 00:24:21.038 16928 16928 V ProcessingVideosEventHandler: onRemove
07-06 00:24:21.039 16928 16928 I NearbyFragment: Transfer queue is empty
07-06 00:24:21.245 16928 16928 V NearbyFragment: Transfer to Endpoint{id=jKhx, name=Nexus 5X [9c8f]} complete
07-06 00:24:28.407 16928 16928 D NearbyFragment: onPayloadReceived(endpointId=Rc4h, payload=com.google.android.gms.nearby.connection.Payload@8e7d6bc)
07-06 00:24:28.411 16928 16928 V NearbyFragment: Started downloading 20200312_193828.mp4 from Endpoint{id=Rc4h, name=Nexus 5 [1825]}
07-06 00:24:28.416 16928 16928 I NearbyFragment: Transfer queue is empty
07-06 00:24:28.424 16928 16928 V NearbyFragment: Transfer to Endpoint{id=Rc4h, name=Nexus 5 [1825]} complete
07-06 00:24:28.529 16928 16928 D NearbyFragment: onPayloadReceived(endpointId=Rc4h, payload=com.google.android.gms.nearby.connection.Payload@f8be645)
07-06 00:24:29.757 16928 17725 V VideoManager: Retrieving video from /storage/emulated/0/Movies/raw/20200312_194229.mp4
07-06 00:24:29.772 16928 17725 D VideoManager: videoCursor is null
07-06 00:24:29.850 16928 17725 V VideoManager: videoFromCursor
07-06 00:24:29.856 16928 17725 W DashDownloadManager: Successfully downloaded 20200312_194229.mp4 in 22.323s
07-06 00:24:29.857 16928 17725 V DownloadTestVideosTask: Entering callback for download completion of 20200312_194229.mp4
07-06 00:24:29.858 16928 17725 V RawFootageEventHandler: onAdd
07-06 00:24:29.860 16928 17725 V NearbyFragment: nextTransfer with selected algorithm: ordered
07-06 00:24:29.864 16928 17725 W NearbyFragment: Sending 20200312_194229.mp4 to Nexus 5X [9c8f]
07-06 00:24:29.887 16928 16928 V NearbyFragment: Transfer to Endpoint{id=jKhx, name=Nexus 5X [9c8f]} complete
07-06 00:24:30.090 16928 16928 V NearbyFragment: Transfer to Endpoint{id=Rc4h, name=Nexus 5 [1825]} complete
07-06 00:24:30.093 16928 16928 W NearbyFragment: Completed downloading 20200312_193828.mp4 from Endpoint{id=Rc4h, name=Nexus 5 [1825]} in 01.678s
07-06 00:24:30.238 16928 16928 V VideoManager: Retrieving video from /storage/emulated/0/Movies/summarised/20200312_193828.mp4
07-06 00:24:30.255 16928 16928 D VideoManager: videoCursor is null
07-06 00:24:30.309 16928 16928 V VideoManager: videoFromCursor
07-06 00:24:30.314 16928 16928 V SummarisedVideosEventHandler: onAdd
07-06 00:24:30.314 16928 16928 V ProcessingVideosEventHandler: removeByName
07-06 00:24:30.869 16928 17725 V DownloadTestVideosTask: Starting DownloadTestVideosTask
07-06 00:24:30.873 16928 17725 V DashDownloadManager: Started downloading: 20200312_194330.mp4
07-06 00:24:30.877 16928 17725 I System.out: (HTTPLog)-Static: isSBSettingEnabled false
07-06 00:24:30.878 16928 17725 I System.out: (HTTPLog)-Static: isSBSettingEnabled false
07-06 00:24:30.886 16928 17725 I System.out: (HTTPLog)-Thread-3097-37398404: getTransferStream : ContentLength=69990400, method=GET, HTTPVersion=http/1.1
07-06 00:24:51.277 16928 17725 V VideoManager: Retrieving video from /storage/emulated/0/Movies/raw/20200312_194330.mp4
07-06 00:24:51.290 16928 17725 D VideoManager: videoCursor is null
07-06 00:24:51.355 16928 17725 V VideoManager: videoFromCursor
07-06 00:24:51.360 16928 17725 W DashDownloadManager: Successfully downloaded 20200312_194330.mp4 in 20.403s
07-06 00:24:51.360 16928 17725 V DownloadTestVideosTask: Entering callback for download completion of 20200312_194330.mp4
07-06 00:24:51.361 16928 17725 V RawFootageEventHandler: onAdd
07-06 00:24:51.364 16928 17725 V NearbyFragment: nextTransfer with selected algorithm: ordered
07-06 00:24:51.366 16928 17725 W NearbyFragment: Sending 20200312_194330.mp4 to Nexus 5 [1825]
07-06 00:24:51.386 16928 16928 V NearbyFragment: Transfer to Endpoint{id=Rc4h, name=Nexus 5 [1825]} complete
07-06 00:24:52.371 16928 17725 V DownloadTestVideosTask: Starting DownloadTestVideosTask
07-06 00:24:52.382 16928 17725 V DashDownloadManager: Started downloading: 20200312_194730.mp4
07-06 00:24:52.395 16928 17725 I System.out: (HTTPLog)-Static: isSBSettingEnabled false
07-06 00:24:52.396 16928 17725 I System.out: (HTTPLog)-Static: isSBSettingEnabled false
07-06 00:24:52.410 16928 17725 I System.out: (HTTPLog)-Thread-3097-175945712: getTransferStream : ContentLength=69990400, method=GET, HTTPVersion=http/1.1
07-06 00:25:13.255 16928 17725 V VideoManager: Retrieving video from /storage/emulated/0/Movies/raw/20200312_194730.mp4
07-06 00:25:13.275 16928 17725 D VideoManager: videoCursor is null
07-06 00:25:13.345 16928 17725 V VideoManager: videoFromCursor
07-06 00:25:13.352 16928 17725 W DashDownloadManager: Successfully downloaded 20200312_194730.mp4 in 20.870s
07-06 00:25:13.353 16928 17725 V DownloadTestVideosTask: Entering callback for download completion of 20200312_194730.mp4
07-06 00:25:13.354 16928 17725 V RawFootageEventHandler: onAdd
07-06 00:25:13.359 16928 17725 V NearbyFragment: nextTransfer with selected algorithm: ordered
07-06 00:25:13.363 16928 17725 I NearbyFragment: Endpoint queue is empty
07-06 00:25:13.369 16928 17725 W NearbyFragment: Sending 20200312_194730.mp4 to Nexus 5X [34d8]
07-06 00:25:13.552 16928 16928 V NearbyFragment: Transfer to Endpoint{id=Qd2N, name=Nexus 5X [34d8]} complete
07-06 00:25:14.375 16928 17725 V DownloadTestVideosTask: Starting DownloadTestVideosTask
07-06 00:25:14.386 16928 17725 V DashDownloadManager: Started downloading: 20200312_194830.mp4
07-06 00:25:14.400 16928 17725 I System.out: (HTTPLog)-Static: isSBSettingEnabled false
07-06 00:25:14.402 16928 17725 I System.out: (HTTPLog)-Static: isSBSettingEnabled false
07-06 00:25:14.417 16928 17725 I System.out: (HTTPLog)-Thread-3097-126706460: getTransferStream : ContentLength=69990400, method=GET, HTTPVersion=http/1.1
07-06 00:25:16.136 16928 16928 V NearbyFragment: Transfer to Endpoint{id=Qd2N, name=Nexus 5X [34d8]} complete
07-06 00:25:17.177 16928 16928 D NearbyFragment: onPayloadReceived(endpointId=Qd2N, payload=com.google.android.gms.nearby.connection.Payload@f0deb25)
07-06 00:25:17.179 16928 16928 D NearbyFragment: Endpoint{id=Qd2N, name=Nexus 5X [34d8]} has finished downloading 20200312_194129.mp4
07-06 00:25:17.181 16928 16928 V VideoManager: Retrieving video from /storage/emulated/0/Movies/raw/20200312_194129.mp4
07-06 00:25:17.200 16928 16928 V VideoManager: videoFromCursor
07-06 00:25:17.209 16928 16928 V ProcessingVideosEventHandler: onAdd
07-06 00:25:17.210 16928 16928 V RawFootageEventHandler: onRemove
07-06 00:25:17.211 16928 16928 I NearbyFragment: Transfer queue is empty
07-06 00:25:17.212 16928 16928 V NearbyFragment: Transfer to Endpoint{id=Qd2N, name=Nexus 5X [34d8]} complete
07-06 00:25:32.510 16928 16928 V NearbyFragment: Transfer to Endpoint{id=jKhx, name=Nexus 5X [9c8f]} complete
07-06 00:25:32.803 16928 16928 D NearbyFragment: onPayloadReceived(endpointId=jKhx, payload=com.google.android.gms.nearby.connection.Payload@59b9508)
07-06 00:25:32.805 16928 16928 D NearbyFragment: Endpoint{id=jKhx, name=Nexus 5X [9c8f]} has finished downloading 20200312_194229.mp4
07-06 00:25:32.806 16928 16928 V VideoManager: Retrieving video from /storage/emulated/0/Movies/raw/20200312_194229.mp4
07-06 00:25:32.822 16928 16928 V VideoManager: videoFromCursor
07-06 00:25:32.828 16928 16928 V ProcessingVideosEventHandler: onAdd
07-06 00:25:32.828 16928 16928 V RawFootageEventHandler: onRemove
07-06 00:25:32.831 16928 16928 I NearbyFragment: Transfer queue is empty
07-06 00:25:32.866 16928 16928 V NearbyFragment: Transfer to Endpoint{id=jKhx, name=Nexus 5X [9c8f]} complete
07-06 00:25:54.125 16928 17725 V VideoManager: Retrieving video from /storage/emulated/0/Movies/raw/20200312_194830.mp4
07-06 00:25:54.146 16928 17725 D VideoManager: videoCursor is null
07-06 00:25:54.249 16928 17725 V VideoManager: videoFromCursor
07-06 00:25:54.254 16928 17725 W DashDownloadManager: Successfully downloaded 20200312_194830.mp4 in 39.736s
07-06 00:25:54.255 16928 17725 V DownloadTestVideosTask: Entering callback for download completion of 20200312_194830.mp4
07-06 00:25:54.256 16928 17725 V RawFootageEventHandler: onAdd
07-06 00:25:54.259 16928 17725 V NearbyFragment: nextTransfer with selected algorithm: ordered
07-06 00:25:54.259 16928 17725 I NearbyFragment: Endpoint queue is empty
07-06 00:25:54.262 16928 17725 W NearbyFragment: Sending 20200312_194830.mp4 to Nexus 5 [1825]
07-06 00:25:54.290 16928 16928 V NearbyFragment: Transfer to Endpoint{id=Rc4h, name=Nexus 5 [1825]} complete
07-06 00:25:55.267 16928 17725 V DownloadTestVideosTask: Starting DownloadTestVideosTask
07-06 00:25:55.271 16928 17725 V DashDownloadManager: Started downloading: 20200312_194930.mp4
07-06 00:25:55.277 16928 17725 I System.out: (HTTPLog)-Static: isSBSettingEnabled false
07-06 00:25:55.278 16928 17725 I System.out: (HTTPLog)-Static: isSBSettingEnabled false
07-06 00:25:55.351 16928 17725 I System.out: (HTTPLog)-Thread-3097-16304466: getTransferStream : ContentLength=69990400, method=GET, HTTPVersion=http/1.1
07-06 00:25:58.069 16928 16928 V NearbyFragment: Transfer to Endpoint{id=Rc4h, name=Nexus 5 [1825]} complete
07-06 00:25:58.310 16928 16928 D NearbyFragment: onPayloadReceived(endpointId=Rc4h, payload=com.google.android.gms.nearby.connection.Payload@eb0e423)
07-06 00:25:58.312 16928 16928 D NearbyFragment: Endpoint{id=Rc4h, name=Nexus 5 [1825]} has finished downloading 20200312_194330.mp4
07-06 00:25:58.314 16928 16928 V VideoManager: Retrieving video from /storage/emulated/0/Movies/raw/20200312_194330.mp4
07-06 00:25:58.331 16928 16928 V VideoManager: videoFromCursor
07-06 00:25:58.338 16928 16928 V ProcessingVideosEventHandler: onAdd
07-06 00:25:58.339 16928 16928 V RawFootageEventHandler: onRemove
07-06 00:25:58.342 16928 16928 I NearbyFragment: Transfer queue is empty
07-06 00:25:58.383 16928 16928 V NearbyFragment: Transfer to Endpoint{id=Rc4h, name=Nexus 5 [1825]} complete
07-06 00:26:15.280 16928 16928 D NearbyFragment: onPayloadReceived(endpointId=Qd2N, payload=com.google.android.gms.nearby.connection.Payload@6b6289e)
07-06 00:26:15.281 16928 16928 V NearbyFragment: Started downloading 20200312_194129.mp4 from Endpoint{id=Qd2N, name=Nexus 5X [34d8]}
07-06 00:26:15.282 16928 16928 I NearbyFragment: Transfer queue is empty
07-06 00:26:15.308 16928 16928 V NearbyFragment: Transfer to Endpoint{id=Qd2N, name=Nexus 5X [34d8]} complete
07-06 00:26:17.567 16928 17725 V VideoManager: Retrieving video from /storage/emulated/0/Movies/raw/20200312_194930.mp4
07-06 00:26:17.578 16928 17725 D VideoManager: videoCursor is null
07-06 00:26:17.625 16928 17725 V VideoManager: videoFromCursor
07-06 00:26:17.630 16928 17725 W DashDownloadManager: Successfully downloaded 20200312_194930.mp4 in 22.295s
07-06 00:26:17.630 16928 17725 V DownloadTestVideosTask: Entering callback for download completion of 20200312_194930.mp4
07-06 00:26:17.631 16928 17725 V RawFootageEventHandler: onAdd
07-06 00:26:17.633 16928 17725 V NearbyFragment: nextTransfer with selected algorithm: ordered
07-06 00:26:17.637 16928 17725 W NearbyFragment: Sending 20200312_194930.mp4 to Nexus 5X [34d8]
07-06 00:26:17.659 16928 16928 V NearbyFragment: Transfer to Endpoint{id=Qd2N, name=Nexus 5X [34d8]} complete
07-06 00:26:18.645 16928 17725 V DownloadTestVideosTask: Starting DownloadTestVideosTask
07-06 00:26:18.654 16928 17725 V DashDownloadManager: Started downloading: 20200312_195230.mp4
07-06 00:26:18.666 16928 17725 I System.out: (HTTPLog)-Static: isSBSettingEnabled false
07-06 00:26:18.668 16928 17725 I System.out: (HTTPLog)-Static: isSBSettingEnabled false
07-06 00:26:18.788 16928 17725 I System.out: (HTTPLog)-Thread-3097-240660650: getTransferStream : ContentLength=69990400, method=GET, HTTPVersion=http/1.1
07-06 00:26:19.123 16928 16928 D NearbyFragment: onPayloadReceived(endpointId=Qd2N, payload=com.google.android.gms.nearby.connection.Payload@7dcb49b)
07-06 00:26:21.418 16928 16928 D NearbyFragment: onPayloadReceived(endpointId=Rc4h, payload=com.google.android.gms.nearby.connection.Payload@2e25038)
07-06 00:26:21.418 16928 16928 D NearbyFragment: 20200312_194330.mp4 from Endpoint{id=Rc4h, name=Nexus 5 [1825]} contained no activity
07-06 00:26:21.419 16928 16928 V VideoManager: Retrieving video from /storage/emulated/0/Movies/raw/20200312_194330.mp4
07-06 00:26:21.439 16928 16928 V VideoManager: videoFromCursor
07-06 00:26:21.447 16928 16928 V ProcessingVideosEventHandler: onRemove
07-06 00:26:21.449 16928 16928 I NearbyFragment: Transfer queue is empty
07-06 00:26:21.476 16928 16928 V NearbyFragment: Transfer to Endpoint{id=Rc4h, name=Nexus 5 [1825]} complete
07-06 00:26:42.784 16928 17725 V VideoManager: Retrieving video from /storage/emulated/0/Movies/raw/20200312_195230.mp4
07-06 00:26:42.796 16928 17725 D VideoManager: videoCursor is null
07-06 00:26:42.869 16928 17725 V VideoManager: videoFromCursor
07-06 00:26:42.874 16928 17725 W DashDownloadManager: Successfully downloaded 20200312_195230.mp4 in 24.129s
07-06 00:26:42.874 16928 17725 V DownloadTestVideosTask: Entering callback for download completion of 20200312_195230.mp4
07-06 00:26:42.875 16928 17725 V RawFootageEventHandler: onAdd
07-06 00:26:42.878 16928 17725 V NearbyFragment: nextTransfer with selected algorithm: ordered
07-06 00:26:42.881 16928 17725 W NearbyFragment: Sending 20200312_195230.mp4 to Nexus 5 [1825]
07-06 00:26:42.907 16928 16928 V NearbyFragment: Transfer to Endpoint{id=Rc4h, name=Nexus 5 [1825]} complete
07-06 00:26:43.893 16928 17725 V DownloadTestVideosTask: Starting DownloadTestVideosTask
07-06 00:26:43.902 16928 17725 V DashDownloadManager: Started downloading: 20200312_195330.mp4
07-06 00:26:43.915 16928 17725 I System.out: (HTTPLog)-Static: isSBSettingEnabled false
07-06 00:26:43.916 16928 17725 I System.out: (HTTPLog)-Static: isSBSettingEnabled false
07-06 00:26:43.928 16928 17725 I System.out: (HTTPLog)-Thread-3097-257913933: getTransferStream : ContentLength=69990400, method=GET, HTTPVersion=http/1.1
07-06 00:26:46.460 16928 16928 D NearbyFragment: onPayloadReceived(endpointId=jKhx, payload=com.google.android.gms.nearby.connection.Payload@1a22b02)
07-06 00:26:46.461 16928 16928 V NearbyFragment: Started downloading 20200312_194229.mp4 from Endpoint{id=jKhx, name=Nexus 5X [9c8f]}
07-06 00:26:46.462 16928 16928 I NearbyFragment: Transfer queue is empty
07-06 00:26:46.466 16928 16928 V NearbyFragment: Transfer to Endpoint{id=jKhx, name=Nexus 5X [9c8f]} complete
07-06 00:26:46.829 16928 16928 D NearbyFragment: onPayloadReceived(endpointId=jKhx, payload=com.google.android.gms.nearby.connection.Payload@b31c13)
07-06 00:26:48.812 16928 16928 V NearbyFragment: Transfer to Endpoint{id=jKhx, name=Nexus 5X [9c8f]} complete
07-06 00:26:48.814 16928 16928 W NearbyFragment: Completed downloading 20200312_194229.mp4 from Endpoint{id=jKhx, name=Nexus 5X [9c8f]} in 02.352s
07-06 00:26:48.943 16928 16928 V VideoManager: Retrieving video from /storage/emulated/0/Movies/summarised/20200312_194229.mp4
07-06 00:26:48.955 16928 16928 D VideoManager: videoCursor is null
07-06 00:26:49.013 16928 16928 V VideoManager: videoFromCursor
07-06 00:26:49.017 16928 16928 V SummarisedVideosEventHandler: onAdd
07-06 00:26:49.018 16928 16928 V ProcessingVideosEventHandler: removeByName
07-06 00:26:55.349 16928 16928 V NearbyFragment: Transfer to Endpoint{id=Qd2N, name=Nexus 5X [34d8]} complete
07-06 00:26:58.493 16928 16928 V NearbyFragment: Transfer to Endpoint{id=Qd2N, name=Nexus 5X [34d8]} complete
07-06 00:26:58.496 16928 16928 W NearbyFragment: Completed downloading 20200312_194129.mp4 from Endpoint{id=Qd2N, name=Nexus 5X [34d8]} in 43.213s
07-06 00:26:58.581 16928 16928 V VideoManager: Retrieving video from /storage/emulated/0/Movies/summarised/20200312_194129.mp4
07-06 00:26:58.595 16928 16928 D VideoManager: videoCursor is null
07-06 00:26:58.651 16928 16928 V VideoManager: videoFromCursor
07-06 00:26:58.658 16928 16928 V SummarisedVideosEventHandler: onAdd
07-06 00:26:58.658 16928 16928 V ProcessingVideosEventHandler: removeByName
07-06 00:26:58.659 16928 16928 D NearbyFragment: onPayloadReceived(endpointId=Qd2N, payload=com.google.android.gms.nearby.connection.Payload@66c95f)
07-06 00:26:58.660 16928 16928 D NearbyFragment: Endpoint{id=Qd2N, name=Nexus 5X [34d8]} has finished downloading 20200312_194730.mp4
07-06 00:26:58.660 16928 16928 V VideoManager: Retrieving video from /storage/emulated/0/Movies/raw/20200312_194730.mp4
07-06 00:26:58.674 16928 16928 V VideoManager: videoFromCursor
07-06 00:26:58.678 16928 16928 V ProcessingVideosEventHandler: onAdd
07-06 00:26:58.679 16928 16928 V RawFootageEventHandler: onRemove
07-06 00:26:58.680 16928 16928 I NearbyFragment: Transfer queue is empty
07-06 00:26:58.680 16928 16928 V NearbyFragment: Transfer to Endpoint{id=Qd2N, name=Nexus 5X [34d8]} complete
07-06 00:27:16.647 16928 16928 D NearbyFragment: onPayloadReceived(endpointId=Qd2N, payload=com.google.android.gms.nearby.connection.Payload@ef189c8)
07-06 00:27:16.650 16928 16928 D NearbyFragment: 20200312_194730.mp4 from Endpoint{id=Qd2N, name=Nexus 5X [34d8]} contained no activity
07-06 00:27:16.651 16928 16928 V VideoManager: Retrieving video from /storage/emulated/0/Movies/raw/20200312_194730.mp4
07-06 00:27:16.672 16928 16928 V VideoManager: videoFromCursor
07-06 00:27:16.681 16928 16928 V ProcessingVideosEventHandler: onRemove
07-06 00:27:16.683 16928 16928 I NearbyFragment: Transfer queue is empty
07-06 00:27:16.811 16928 16928 V NearbyFragment: Transfer to Endpoint{id=Qd2N, name=Nexus 5X [34d8]} complete
07-06 00:27:23.086 16928 16928 V NearbyFragment: Transfer to Endpoint{id=Rc4h, name=Nexus 5 [1825]} complete
07-06 00:27:23.888 16928 17725 V VideoManager: Retrieving video from /storage/emulated/0/Movies/raw/20200312_195330.mp4
07-06 00:27:23.913 16928 16928 D NearbyFragment: onPayloadReceived(endpointId=Rc4h, payload=com.google.android.gms.nearby.connection.Payload@25fe986)
07-06 00:27:23.915 16928 16928 D NearbyFragment: Endpoint{id=Rc4h, name=Nexus 5 [1825]} has finished downloading 20200312_194830.mp4
07-06 00:27:23.915 16928 16928 V VideoManager: Retrieving video from /storage/emulated/0/Movies/raw/20200312_194830.mp4
07-06 00:27:23.916 16928 17725 D VideoManager: videoCursor is null
07-06 00:27:23.938 16928 16928 V VideoManager: videoFromCursor
07-06 00:27:23.947 16928 16928 V ProcessingVideosEventHandler: onAdd
07-06 00:27:23.948 16928 16928 V RawFootageEventHandler: onRemove
07-06 00:27:23.950 16928 16928 I NearbyFragment: Transfer queue is empty
07-06 00:27:23.976 16928 16928 V NearbyFragment: Transfer to Endpoint{id=Rc4h, name=Nexus 5 [1825]} complete
07-06 00:27:24.008 16928 17725 V VideoManager: videoFromCursor
07-06 00:27:24.013 16928 17725 W DashDownloadManager: Successfully downloaded 20200312_195330.mp4 in 39.985s
07-06 00:27:24.014 16928 17725 V DownloadTestVideosTask: Entering callback for download completion of 20200312_195330.mp4
07-06 00:27:24.017 16928 17725 V RawFootageEventHandler: onAdd
07-06 00:27:24.020 16928 17725 V NearbyFragment: nextTransfer with selected algorithm: ordered
07-06 00:27:24.023 16928 17725 W NearbyFragment: Sending 20200312_195330.mp4 to Nexus 5X [9c8f]
07-06 00:27:24.044 16928 16928 V NearbyFragment: Transfer to Endpoint{id=jKhx, name=Nexus 5X [9c8f]} complete
07-06 00:27:25.030 16928 17725 V DownloadTestVideosTask: Starting DownloadTestVideosTask
07-06 00:27:25.038 16928 17725 V DashDownloadManager: Started downloading: 20200312_195430.mp4
07-06 00:27:25.051 16928 17725 I System.out: (HTTPLog)-Static: isSBSettingEnabled false
07-06 00:27:25.053 16928 17725 I System.out: (HTTPLog)-Static: isSBSettingEnabled false
07-06 00:27:25.366 16928 17725 I System.out: (HTTPLog)-Thread-3097-183355872: getTransferStream : ContentLength=69990400, method=GET, HTTPVersion=http/1.1
07-06 00:27:47.927 16928 17725 V VideoManager: Retrieving video from /storage/emulated/0/Movies/raw/20200312_195430.mp4
07-06 00:27:47.950 16928 17725 D VideoManager: videoCursor is null
07-06 00:27:48.061 16928 17725 V VideoManager: videoFromCursor
07-06 00:27:48.067 16928 17725 W DashDownloadManager: Successfully downloaded 20200312_195430.mp4 in 22.887s
07-06 00:27:48.068 16928 17725 V DownloadTestVideosTask: Entering callback for download completion of 20200312_195430.mp4
07-06 00:27:48.069 16928 17725 V RawFootageEventHandler: onAdd
07-06 00:27:48.073 16928 17725 V NearbyFragment: nextTransfer with selected algorithm: ordered
07-06 00:27:48.076 16928 17725 W NearbyFragment: Sending 20200312_195430.mp4 to Nexus 5X [34d8]
07-06 00:27:48.109 16928 16928 V NearbyFragment: Transfer to Endpoint{id=Qd2N, name=Nexus 5X [34d8]} complete
07-06 00:27:49.082 16928 17725 V DownloadTestVideosTask: Starting DownloadTestVideosTask
07-06 00:27:49.097 16928 17725 D DownloadTestVideosTask: No new videos
07-06 00:27:49.097 16928 17725 W NearbyFragment: Stopped downloading from dashcam
07-06 00:28:00.779 16928 16928 V NearbyFragment: Transfer to Endpoint{id=Qd2N, name=Nexus 5X [34d8]} complete
07-06 00:28:01.477 16928 16928 D NearbyFragment: onPayloadReceived(endpointId=Qd2N, payload=com.google.android.gms.nearby.connection.Payload@295a40c)
07-06 00:28:01.478 16928 16928 D NearbyFragment: Endpoint{id=Qd2N, name=Nexus 5X [34d8]} has finished downloading 20200312_194930.mp4
07-06 00:28:01.479 16928 16928 V VideoManager: Retrieving video from /storage/emulated/0/Movies/raw/20200312_194930.mp4
07-06 00:28:01.493 16928 16928 V VideoManager: videoFromCursor
07-06 00:28:01.499 16928 16928 V ProcessingVideosEventHandler: onAdd
07-06 00:28:01.499 16928 16928 V RawFootageEventHandler: onRemove
07-06 00:28:01.501 16928 16928 I NearbyFragment: Transfer queue is empty
07-06 00:28:01.525 16928 16928 V NearbyFragment: Transfer to Endpoint{id=Qd2N, name=Nexus 5X [34d8]} complete
07-06 00:28:16.876 16928 16928 V NearbyFragment: Transfer to Endpoint{id=Rc4h, name=Nexus 5 [1825]} complete
07-06 00:28:17.690 16928 16928 D NearbyFragment: onPayloadReceived(endpointId=Rc4h, payload=com.google.android.gms.nearby.connection.Payload@925f45b)
07-06 00:28:17.693 16928 16928 D NearbyFragment: Endpoint{id=Rc4h, name=Nexus 5 [1825]} has finished downloading 20200312_195230.mp4
07-06 00:28:17.695 16928 16928 V VideoManager: Retrieving video from /storage/emulated/0/Movies/raw/20200312_195230.mp4
07-06 00:28:17.718 16928 16928 V VideoManager: videoFromCursor
07-06 00:28:17.725 16928 16928 V ProcessingVideosEventHandler: onAdd
07-06 00:28:17.726 16928 16928 V RawFootageEventHandler: onRemove
07-06 00:28:17.729 16928 16928 I NearbyFragment: Transfer queue is empty
07-06 00:28:17.755 16928 16928 V NearbyFragment: Transfer to Endpoint{id=Rc4h, name=Nexus 5 [1825]} complete
07-06 00:28:29.565 16928 16928 V NearbyFragment: Transfer to Endpoint{id=jKhx, name=Nexus 5X [9c8f]} complete
07-06 00:28:29.723 16928 16928 D NearbyFragment: onPayloadReceived(endpointId=jKhx, payload=com.google.android.gms.nearby.connection.Payload@ebbc036)
07-06 00:28:29.725 16928 16928 D NearbyFragment: Endpoint{id=jKhx, name=Nexus 5X [9c8f]} has finished downloading 20200312_195330.mp4
07-06 00:28:29.726 16928 16928 V VideoManager: Retrieving video from /storage/emulated/0/Movies/raw/20200312_195330.mp4
07-06 00:28:29.740 16928 16928 V VideoManager: videoFromCursor
07-06 00:28:29.745 16928 16928 V ProcessingVideosEventHandler: onAdd
07-06 00:28:29.746 16928 16928 V RawFootageEventHandler: onRemove
07-06 00:28:29.747 16928 16928 I NearbyFragment: Transfer queue is empty
07-06 00:28:29.910 16928 16928 V NearbyFragment: Transfer to Endpoint{id=jKhx, name=Nexus 5X [9c8f]} complete
07-06 00:28:49.377 16928 16928 V NearbyFragment: Transfer to Endpoint{id=Qd2N, name=Nexus 5X [34d8]} complete
07-06 00:28:49.532 16928 16928 D NearbyFragment: onPayloadReceived(endpointId=Qd2N, payload=com.google.android.gms.nearby.connection.Payload@d48b60d)
07-06 00:28:49.534 16928 16928 D NearbyFragment: Endpoint{id=Qd2N, name=Nexus 5X [34d8]} has finished downloading 20200312_195430.mp4
07-06 00:28:49.537 16928 16928 V VideoManager: Retrieving video from /storage/emulated/0/Movies/raw/20200312_195430.mp4
07-06 00:28:49.565 16928 16928 V VideoManager: videoFromCursor
07-06 00:28:49.574 16928 16928 V ProcessingVideosEventHandler: onAdd
07-06 00:28:49.576 16928 16928 V RawFootageEventHandler: onRemove
07-06 00:28:49.578 16928 16928 I NearbyFragment: Transfer queue is empty
07-06 00:28:49.582 16928 16928 V NearbyFragment: Transfer to Endpoint{id=Qd2N, name=Nexus 5X [34d8]} complete
07-06 00:29:14.718 16928 16928 D NearbyFragment: onPayloadReceived(endpointId=Rc4h, payload=com.google.android.gms.nearby.connection.Payload@5776b10)
07-06 00:29:14.721 16928 16928 V NearbyFragment: Started downloading 20200312_194830.mp4 from Endpoint{id=Rc4h, name=Nexus 5 [1825]}
07-06 00:29:14.724 16928 16928 I NearbyFragment: Transfer queue is empty
07-06 00:29:14.733 16928 16928 V NearbyFragment: Transfer to Endpoint{id=Rc4h, name=Nexus 5 [1825]} complete
07-06 00:29:14.826 16928 16928 D NearbyFragment: onPayloadReceived(endpointId=Rc4h, payload=com.google.android.gms.nearby.connection.Payload@4d7a609)
07-06 00:29:15.787 16928 16928 V NearbyFragment: Transfer to Endpoint{id=Rc4h, name=Nexus 5 [1825]} complete
07-06 00:29:15.789 16928 16928 W NearbyFragment: Completed downloading 20200312_194830.mp4 from Endpoint{id=Rc4h, name=Nexus 5 [1825]} in 01.065s
07-06 00:29:15.946 16928 16928 V VideoManager: Retrieving video from /storage/emulated/0/Movies/summarised/20200312_194830.mp4
07-06 00:29:15.963 16928 16928 D VideoManager: videoCursor is null
07-06 00:29:16.075 16928 16928 V VideoManager: videoFromCursor
07-06 00:29:16.081 16928 16928 V SummarisedVideosEventHandler: onAdd
07-06 00:29:16.082 16928 16928 V ProcessingVideosEventHandler: removeByName
07-06 00:29:54.941 16928 16928 D NearbyFragment: onPayloadReceived(endpointId=Qd2N, payload=com.google.android.gms.nearby.connection.Payload@5b12ca)
07-06 00:29:54.941 16928 16928 V NearbyFragment: Started downloading 20200312_194930.mp4 from Endpoint{id=Qd2N, name=Nexus 5X [34d8]}
07-06 00:29:54.942 16928 16928 I NearbyFragment: Transfer queue is empty
07-06 00:29:54.943 16928 16928 V NearbyFragment: Transfer to Endpoint{id=Qd2N, name=Nexus 5X [34d8]} complete
07-06 00:29:54.995 16928 16928 D NearbyFragment: onPayloadReceived(endpointId=Qd2N, payload=com.google.android.gms.nearby.connection.Payload@8bcbc3b)
07-06 00:29:57.332 16928 16928 V NearbyFragment: Transfer to Endpoint{id=Qd2N, name=Nexus 5X [34d8]} complete
07-06 00:29:57.334 16928 16928 W NearbyFragment: Completed downloading 20200312_194930.mp4 from Endpoint{id=Qd2N, name=Nexus 5X [34d8]} in 02.390s
07-06 00:29:57.533 16928 16928 V VideoManager: Retrieving video from /storage/emulated/0/Movies/summarised/20200312_194930.mp4
07-06 00:29:57.584 16928 16928 D VideoManager: videoCursor is null
07-06 00:29:57.672 16928 16928 V VideoManager: videoFromCursor
07-06 00:29:57.677 16928 16928 V SummarisedVideosEventHandler: onAdd
07-06 00:29:57.678 16928 16928 V ProcessingVideosEventHandler: removeByName
07-06 00:30:04.867 16928 16928 D NearbyFragment: onPayloadReceived(endpointId=jKhx, payload=com.google.android.gms.nearby.connection.Payload@6e8bb34)
07-06 00:30:04.868 16928 16928 V NearbyFragment: Started downloading 20200312_195330.mp4 from Endpoint{id=jKhx, name=Nexus 5X [9c8f]}
07-06 00:30:04.869 16928 16928 I NearbyFragment: Transfer queue is empty
07-06 00:30:04.872 16928 16928 V NearbyFragment: Transfer to Endpoint{id=jKhx, name=Nexus 5X [9c8f]} complete
07-06 00:30:04.925 16928 16928 D NearbyFragment: onPayloadReceived(endpointId=jKhx, payload=com.google.android.gms.nearby.connection.Payload@859bd5d)
07-06 00:30:06.792 16928 16928 V NearbyFragment: Transfer to Endpoint{id=jKhx, name=Nexus 5X [9c8f]} complete
07-06 00:30:06.795 16928 16928 W NearbyFragment: Completed downloading 20200312_195330.mp4 from Endpoint{id=jKhx, name=Nexus 5X [9c8f]} in 01.924s
07-06 00:30:06.980 16928 16928 V VideoManager: Retrieving video from /storage/emulated/0/Movies/summarised/20200312_195330.mp4
07-06 00:30:06.999 16928 16928 D VideoManager: videoCursor is null
07-06 00:30:07.082 16928 16928 V VideoManager: videoFromCursor
07-06 00:30:07.087 16928 16928 V SummarisedVideosEventHandler: onAdd
07-06 00:30:07.088 16928 16928 V ProcessingVideosEventHandler: removeByName
07-06 00:30:19.073 16928 16928 D NearbyFragment: onPayloadReceived(endpointId=Rc4h, payload=com.google.android.gms.nearby.connection.Payload@72703c9)
07-06 00:30:19.074 16928 16928 V NearbyFragment: Started downloading 20200312_195230.mp4 from Endpoint{id=Rc4h, name=Nexus 5 [1825]}
07-06 00:30:19.074 16928 16928 I NearbyFragment: Transfer queue is empty
07-06 00:30:19.080 16928 16928 V NearbyFragment: Transfer to Endpoint{id=Rc4h, name=Nexus 5 [1825]} complete
07-06 00:30:19.129 16928 16928 D NearbyFragment: onPayloadReceived(endpointId=Rc4h, payload=com.google.android.gms.nearby.connection.Payload@53a0ace)
07-06 00:30:19.333 16928 16928 V NearbyFragment: Transfer to Endpoint{id=Rc4h, name=Nexus 5 [1825]} complete
07-06 00:30:19.337 16928 16928 W NearbyFragment: Completed downloading 20200312_195230.mp4 from Endpoint{id=Rc4h, name=Nexus 5 [1825]} in 00.260s
07-06 00:30:19.422 16928 16928 V VideoManager: Retrieving video from /storage/emulated/0/Movies/summarised/20200312_195230.mp4
07-06 00:30:19.440 16928 16928 D VideoManager: videoCursor is null
07-06 00:30:19.527 16928 16928 V VideoManager: videoFromCursor
07-06 00:30:19.532 16928 16928 V SummarisedVideosEventHandler: onAdd
07-06 00:30:19.532 16928 16928 V ProcessingVideosEventHandler: removeByName
07-06 00:31:28.785 16928 16928 D NearbyFragment: onPayloadReceived(endpointId=Qd2N, payload=com.google.android.gms.nearby.connection.Payload@f7005da)
07-06 00:31:28.786 16928 16928 V NearbyFragment: Started downloading 20200312_195430.mp4 from Endpoint{id=Qd2N, name=Nexus 5X [34d8]}
07-06 00:31:28.787 16928 16928 I NearbyFragment: Transfer queue is empty
07-06 00:31:28.790 16928 16928 V NearbyFragment: Transfer to Endpoint{id=Qd2N, name=Nexus 5X [34d8]} complete
07-06 00:31:28.883 16928 16928 D NearbyFragment: onPayloadReceived(endpointId=Qd2N, payload=com.google.android.gms.nearby.connection.Payload@5171a0b)
07-06 00:31:30.514 16928 16928 V NearbyFragment: Transfer to Endpoint{id=Qd2N, name=Nexus 5X [34d8]} complete
07-06 00:31:30.517 16928 16928 W NearbyFragment: Completed downloading 20200312_195430.mp4 from Endpoint{id=Qd2N, name=Nexus 5X [34d8]} in 01.729s
07-06 00:31:30.684 16928 16928 V VideoManager: Retrieving video from /storage/emulated/0/Movies/summarised/20200312_195430.mp4
07-06 00:31:30.738 16928 16928 D VideoManager: videoCursor is null
07-06 00:31:30.830 16928 16928 V VideoManager: videoFromCursor
07-06 00:31:30.838 16928 16928 V SummarisedVideosEventHandler: onAdd
07-06 00:31:30.839 16928 16928 V ProcessingVideosEventHandler: removeByName
