--------- beginning of main
--------- beginning of system
06-28 23:30:46.073  7594  7594 W LogFactory: Truncating log tag length as it exceed 23, the limit imposed by Android on certain API Levels
06-28 23:30:48.771  7594  7594 E TransferService: No notification is passed in the intent. Unable to transition to foreground.
06-28 23:35:40.927  7594  7594 W NearbyFragment: Completed downloading 20200312_150844.mp4 from Endpoint{id=gTTg, name=Nexus 5X [34d8]} in 37.030s
06-28 23:35:41.029  7594  8011 W mobile-ffmpeg: 
06-28 23:35:41.029  7594  8011 W mobile-ffmpeg: [mov,mp4,m4a,3gp,3g2,mj2 @ 0x71a36a4800] 
06-28 23:35:41.029  7594  8011 W mobile-ffmpeg: 
06-28 23:35:41.029  7594  8011 W mobile-ffmpeg: Found duplicated MOOV Atom. Skipped it
06-28 23:35:53.297  7594  8010 W Summariser: Whole video is active
06-28 23:35:55.655  7594  8010 W Summariser: Summarisation completed
06-28 23:35:55.655  7594  8010 W Summariser:   filename: 20200312_150844.mp4
06-28 23:35:55.655  7594  8010 W Summariser:   active sections: -1
06-28 23:35:55.655  7594  8010 W Summariser:   time: 14.466s
06-28 23:35:55.655  7594  8010 W Summariser:   original duration: 60.02
06-28 23:35:55.655  7594  8010 W Summariser:   summarised duration: 60.02
06-28 23:35:55.655  7594  8010 W Summariser:   noise tolerance: 45.00
06-28 23:35:55.655  7594  8010 W Summariser:   quality: 23
06-28 23:35:55.655  7594  8010 W Summariser:   speed: medium
06-28 23:35:55.655  7594  8010 W Summariser:   freeze duration: 1.00
06-28 23:35:55.739  7594  8010 W NearbyFragment: Sending 20200312_150844.mp4 to Nexus 5X [34d8]
06-28 23:36:36.948  7594  7594 W NearbyFragment: Completed downloading 20200312_151044.mp4 from Endpoint{id=gTTg, name=Nexus 5X [34d8]} in 12.239s
06-28 23:36:37.001  7594  8011 W mobile-ffmpeg: 
06-28 23:36:37.001  7594  8011 W mobile-ffmpeg: [mov,mp4,m4a,3gp,3g2,mj2 @ 0x71a36a4800] 
06-28 23:36:37.001  7594  8011 W mobile-ffmpeg: 
06-28 23:36:37.002  7594  8011 W mobile-ffmpeg: Found duplicated MOOV Atom. Skipped it
06-28 23:36:50.577  7594  8044 W Summariser: No activity detected
06-28 23:36:50.698  7594  8044 W Summariser: Summarisation completed
06-28 23:36:50.698  7594  8044 W Summariser:   filename: 20200312_151044.mp4
06-28 23:36:50.698  7594  8044 W Summariser:   active sections: 0
06-28 23:36:50.698  7594  8044 W Summariser:   time: 13.584s
06-28 23:36:50.698  7594  8044 W Summariser:   original duration: 60.02
06-28 23:36:50.698  7594  8044 W Summariser:   noise tolerance: 45.00
06-28 23:36:50.698  7594  8044 W Summariser:   quality: 23
06-28 23:36:50.698  7594  8044 W Summariser:   speed: medium
06-28 23:36:50.698  7594  8044 W Summariser:   freeze duration: 1.00
06-28 23:37:51.932  7594  7594 W NearbyFragment: Completed downloading 20200312_193728.mp4 from Endpoint{id=gTTg, name=Nexus 5X [34d8]} in 09.692s
06-28 23:37:51.999  7594  8011 W mobile-ffmpeg: 
06-28 23:37:51.999  7594  8011 W mobile-ffmpeg: [mov,mp4,m4a,3gp,3g2,mj2 @ 0x71a36a4800] 
06-28 23:37:51.999  7594  8011 W mobile-ffmpeg: 
06-28 23:37:51.999  7594  8011 W mobile-ffmpeg: Found duplicated MOOV Atom. Skipped it
06-28 23:38:05.756  7594  8077 W Summariser: Whole video is active
06-28 23:38:08.217  7594  8077 W Summariser: Summarisation completed
06-28 23:38:08.217  7594  8077 W Summariser:   filename: 20200312_193728.mp4
06-28 23:38:08.217  7594  8077 W Summariser:   active sections: -1
06-28 23:38:08.217  7594  8077 W Summariser:   time: 16.047s
06-28 23:38:08.217  7594  8077 W Summariser:   original duration: 60.02
06-28 23:38:08.217  7594  8077 W Summariser:   summarised duration: 60.02
06-28 23:38:08.217  7594  8077 W Summariser:   noise tolerance: 45.00
06-28 23:38:08.217  7594  8077 W Summariser:   quality: 23
06-28 23:38:08.217  7594  8077 W Summariser:   speed: medium
06-28 23:38:08.217  7594  8077 W Summariser:   freeze duration: 1.00
06-28 23:38:08.342  7594  8077 W NearbyFragment: Sending 20200312_193728.mp4 to Nexus 5X [34d8]
06-28 23:39:16.184  7594  7594 W NearbyFragment: Completed downloading 20200312_194129.mp4 from Endpoint{id=gTTg, name=Nexus 5X [34d8]} in 09.563s
06-28 23:39:16.250  7594  8011 W mobile-ffmpeg: 
06-28 23:39:16.250  7594  8011 W mobile-ffmpeg: [mov,mp4,m4a,3gp,3g2,mj2 @ 0x71a36a4800] 
06-28 23:39:16.250  7594  8011 W mobile-ffmpeg: 
06-28 23:39:16.250  7594  8011 W mobile-ffmpeg: Found duplicated MOOV Atom. Skipped it
06-28 23:39:29.838  7594  8104 W Summariser: 2 active sections found
06-28 23:39:29.850  7594  8011 W mobile-ffmpeg: 
06-28 23:39:29.850  7594  8011 W mobile-ffmpeg: [mov,mp4,m4a,3gp,3g2,mj2 @ 0x71a36a4800] 
06-28 23:39:29.851  7594  8011 W mobile-ffmpeg: 
06-28 23:39:29.851  7594  8011 W mobile-ffmpeg: Found duplicated MOOV Atom. Skipped it
06-28 23:40:14.887  7594  8104 W Summariser: Summarisation completed
06-28 23:40:14.887  7594  8104 W Summariser:   filename: 20200312_194129.mp4
06-28 23:40:14.887  7594  8104 W Summariser:   active sections: 2
06-28 23:40:14.887  7594  8104 W Summariser:   time: 58.476s
06-28 23:40:14.887  7594  8104 W Summariser:   original duration: 60.02
06-28 23:40:14.887  7594  8104 W Summariser:   summarised duration: 10.77
06-28 23:40:14.887  7594  8104 W Summariser:   noise tolerance: 45.00
06-28 23:40:14.887  7594  8104 W Summariser:   quality: 23
06-28 23:40:14.887  7594  8104 W Summariser:   speed: medium
06-28 23:40:14.887  7594  8104 W Summariser:   freeze duration: 1.00
06-28 23:40:14.956  7594  8104 W NearbyFragment: Sending 20200312_194129.mp4 to Nexus 5X [34d8]
06-28 23:40:56.074  7594  7594 W NearbyFragment: Completed downloading 20200312_194830.mp4 from Endpoint{id=gTTg, name=Nexus 5X [34d8]} in 09.298s
06-28 23:40:56.160  7594  8011 W mobile-ffmpeg: 
06-28 23:40:56.160  7594  8011 W mobile-ffmpeg: [mov,mp4,m4a,3gp,3g2,mj2 @ 0x71a36a4800] 
06-28 23:40:56.160  7594  8011 W mobile-ffmpeg: 
06-28 23:40:56.160  7594  8011 W mobile-ffmpeg: Found duplicated MOOV Atom. Skipped it
06-28 23:41:12.733  7594  8164 W Summariser: 4 active sections found
06-28 23:41:12.746  7594  8011 W mobile-ffmpeg: 
06-28 23:41:12.746  7594  8011 W mobile-ffmpeg: [mov,mp4,m4a,3gp,3g2,mj2 @ 0x71a36a4800] 
06-28 23:41:12.746  7594  8011 W mobile-ffmpeg: 
06-28 23:41:12.746  7594  8011 W mobile-ffmpeg: Found duplicated MOOV Atom. Skipped it
06-28 23:42:31.560  7594  8164 W Summariser: Summarisation completed
06-28 23:42:31.560  7594  8164 W Summariser:   filename: 20200312_194830.mp4
06-28 23:42:31.560  7594  8164 W Summariser:   active sections: 4
06-28 23:42:31.560  7594  8164 W Summariser:   time: 95.205s
06-28 23:42:31.560  7594  8164 W Summariser:   original duration: 60.02
06-28 23:42:31.560  7594  8164 W Summariser:   summarised duration: 19.02
06-28 23:42:31.560  7594  8164 W Summariser:   noise tolerance: 45.00
06-28 23:42:31.560  7594  8164 W Summariser:   quality: 23
06-28 23:42:31.560  7594  8164 W Summariser:   speed: medium
06-28 23:42:31.560  7594  8164 W Summariser:   freeze duration: 1.00
06-28 23:42:31.619  7594  8164 W NearbyFragment: Sending 20200312_194830.mp4 to Nexus 5X [34d8]
