--------- beginning of main
07-04 23:11:36.843  5189  5189 W LogFactory: Truncating log tag length as it exceed 23, the limit imposed by Android on certain API Levels
07-04 23:11:36.869  5189  5189 E TransferService: No notification is passed in the intent. Unable to transition to foreground.
07-04 23:20:40.868  5189  5189 W NearbyFragment: Completed downloading 20200312_194930.mp4 from Endpoint{id=MGMd, name=Nexus 5X [34d8]} in 16.033s
07-04 23:20:41.112  5189  5995 W mobile-ffmpeg: [mov,mp4,m4a,3gp,3g2,mj2 @ 0x72ca637000] Found duplicated MOOV Atom. Skipped it
07-04 23:20:41.278  5189  5995 W mobile-ffmpeg: [graph 0 input from stream 0:0 @ 0x72ca748dc0] sws_param option is deprecated and ignored
07-04 23:20:53.401  5189  5995 W mobile-ffmpeg: [mov,mp4,m4a,3gp,3g2,mj2 @ 0x72ca637000] Found duplicated MOOV Atom. Skipped it
07-04 23:20:53.477  5189  5994 W Summariser: 2 active sections found
07-04 23:20:53.486  5189  5995 W mobile-ffmpeg: [mov,mp4,m4a,3gp,3g2,mj2 @ 0x72ca637000] Found duplicated MOOV Atom. Skipped it
07-04 23:20:53.630  5189  5995 W mobile-ffmpeg: [graph 0 input from stream 0:0 @ 0x72ca748c40] sws_param option is deprecated and ignored
07-04 23:20:53.630  5189  5995 W mobile-ffmpeg: [graph 0 input from stream 0:0 @ 0x72ca753980] sws_param option is deprecated and ignored
07-04 23:21:51.492  5189  5995 W mobile-ffmpeg: [mov,mp4,m4a,3gp,3g2,mj2 @ 0x72ca637000] Found duplicated MOOV Atom. Skipped it
07-04 23:21:51.622  5189  5994 W Summariser: Summarisation completed
07-04 23:21:51.622  5189  5994 W Summariser:   filename: 20200312_194930.mp4
07-04 23:21:51.622  5189  5994 W Summariser:   active sections: 2
07-04 23:21:51.622  5189  5994 W Summariser:   time: 70.526s
07-04 23:21:51.622  5189  5994 W Summariser:   original duration: 60.02
07-04 23:21:51.622  5189  5994 W Summariser:   summarised duration: 22.25
07-04 23:21:51.622  5189  5994 W Summariser:   noise tolerance: 45.00
07-04 23:21:51.622  5189  5994 W Summariser:   quality: 23
07-04 23:21:51.622  5189  5994 W Summariser:   speed: medium
07-04 23:21:51.622  5189  5994 W Summariser:   freeze duration: 1.00
07-04 23:21:51.703  5189  5994 W NearbyFragment: Sending 20200312_194930.mp4 to Nexus 5X [34d8]
