--------- beginning of main
--------- beginning of system
07-05 21:55:39.362 14016 14016 W LogFactory: Truncating log tag length as it exceed 23, the limit imposed by Android on certain API Levels
07-05 21:55:40.781 14016 14016 E TransferService: No notification is passed in the intent. Unable to transition to foreground.
07-05 21:56:53.464 14016 14016 W NearbyFragment: Completed downloading 20200312_150643!000.mp4 from Endpoint{id=vMbk, name=Galaxy S8 [2802]} in 07.826s
07-05 21:56:53.718 14016 14243 W mobile-ffmpeg: [graph 0 input from stream 0:0 @ 0x7a0f7521c0] sws_param option is deprecated and ignored
07-05 21:56:56.564 14016 14242 W Summariser: No activity detected
07-05 21:56:56.617 14016 14242 W Summariser: Summarisation completed
07-05 21:56:56.617 14016 14242 W Summariser:   filename: 20200312_150643!000.mp4
07-05 21:56:56.617 14016 14242 W Summariser:   active sections: 0
07-05 21:56:56.617 14016 14242 W Summariser:   time: 03.041s
07-05 21:56:56.617 14016 14242 W Summariser:   original duration: 16.07
07-05 21:56:56.617 14016 14242 W Summariser:   summarised duration: -1.00
07-05 21:56:56.617 14016 14242 W Summariser:   noise tolerance: 45.00
07-05 21:56:56.617 14016 14242 W Summariser:   quality: 23
07-05 21:56:56.617 14016 14242 W Summariser:   speed: medium
07-05 21:56:56.617 14016 14242 W Summariser:   freeze duration: 1.00
07-05 21:57:08.113 14016 14016 W NearbyFragment: Completed downloading 20200312_150643!002.mp4 from Endpoint{id=vMbk, name=Galaxy S8 [2802]} in 11.361s
07-05 21:57:08.267 14016 14243 W mobile-ffmpeg: [graph 0 input from stream 0:0 @ 0x7a0f7521c0] sws_param option is deprecated and ignored
07-05 21:57:10.646 14016 14016 W NearbyFragment: Completed downloading 20200312_150643!003.mp4 from Endpoint{id=vMbk, name=Galaxy S8 [2802]} in 07.866s
07-05 21:57:11.587 14016 14276 W Summariser: No activity detected
07-05 21:57:11.653 14016 14276 W Summariser: Summarisation completed
07-05 21:57:11.653 14016 14276 W Summariser:   filename: 20200312_150643!002.mp4
07-05 21:57:11.653 14016 14276 W Summariser:   active sections: 0
07-05 21:57:11.653 14016 14276 W Summariser:   time: 03.429s
07-05 21:57:11.653 14016 14276 W Summariser:   original duration: 16.01
07-05 21:57:11.653 14016 14276 W Summariser:   summarised duration: -1.00
07-05 21:57:11.653 14016 14276 W Summariser:   noise tolerance: 45.00
07-05 21:57:11.653 14016 14276 W Summariser:   quality: 23
07-05 21:57:11.653 14016 14276 W Summariser:   speed: medium
07-05 21:57:11.653 14016 14276 W Summariser:   freeze duration: 1.00
07-05 21:57:11.733 14016 14243 W mobile-ffmpeg: [graph 0 input from stream 0:0 @ 0x7a0f7521c0] sws_param option is deprecated and ignored
07-05 21:57:14.313 14016 14276 W Summariser: No activity detected
07-05 21:57:14.362 14016 14276 W Summariser: Summarisation completed
07-05 21:57:14.362 14016 14276 W Summariser:   filename: 20200312_150643!003.mp4
07-05 21:57:14.362 14016 14276 W Summariser:   active sections: 0
07-05 21:57:14.362 14016 14276 W Summariser:   time: 02.651s
07-05 21:57:14.362 14016 14276 W Summariser:   original duration: 12.01
07-05 21:57:14.362 14016 14276 W Summariser:   summarised duration: -1.00
07-05 21:57:14.362 14016 14276 W Summariser:   noise tolerance: 45.00
07-05 21:57:14.362 14016 14276 W Summariser:   quality: 23
07-05 21:57:14.362 14016 14276 W Summariser:   speed: medium
07-05 21:57:14.362 14016 14276 W Summariser:   freeze duration: 1.00
07-05 21:57:25.675 14016 14016 W NearbyFragment: Completed downloading 20200312_150744!001.mp4 from Endpoint{id=vMbk, name=Galaxy S8 [2802]} in 11.219s
07-05 21:57:25.874 14016 14243 W mobile-ffmpeg: [graph 0 input from stream 0:0 @ 0x7a0f7521c0] sws_param option is deprecated and ignored
07-05 21:57:29.409 14016 14318 W Summariser: No activity detected
07-05 21:57:29.477 14016 14318 W Summariser: Summarisation completed
07-05 21:57:29.477 14016 14318 W Summariser:   filename: 20200312_150744!001.mp4
07-05 21:57:29.477 14016 14318 W Summariser:   active sections: 0
07-05 21:57:29.477 14016 14318 W Summariser:   time: 03.659s
07-05 21:57:29.477 14016 14318 W Summariser:   original duration: 16.02
07-05 21:57:29.477 14016 14318 W Summariser:   summarised duration: -1.00
07-05 21:57:29.477 14016 14318 W Summariser:   noise tolerance: 45.00
07-05 21:57:29.477 14016 14318 W Summariser:   quality: 23
07-05 21:57:29.477 14016 14318 W Summariser:   speed: medium
07-05 21:57:29.477 14016 14318 W Summariser:   freeze duration: 1.00
07-05 21:57:32.240 14016 14016 W NearbyFragment: Completed downloading 20200312_150744!002.mp4 from Endpoint{id=vMbk, name=Galaxy S8 [2802]} in 11.043s
07-05 21:57:32.380 14016 14243 W mobile-ffmpeg: [graph 0 input from stream 0:0 @ 0x7a0f7521c0] sws_param option is deprecated and ignored
07-05 21:57:35.784 14016 14349 W Summariser: No activity detected
07-05 21:57:35.851 14016 14349 W Summariser: Summarisation completed
07-05 21:57:35.851 14016 14349 W Summariser:   filename: 20200312_150744!002.mp4
07-05 21:57:35.851 14016 14349 W Summariser:   active sections: 0
07-05 21:57:35.851 14016 14349 W Summariser:   time: 03.507s
07-05 21:57:35.851 14016 14349 W Summariser:   original duration: 16.01
07-05 21:57:35.851 14016 14349 W Summariser:   summarised duration: -1.00
07-05 21:57:35.851 14016 14349 W Summariser:   noise tolerance: 45.00
07-05 21:57:35.851 14016 14349 W Summariser:   quality: 23
07-05 21:57:35.851 14016 14349 W Summariser:   speed: medium
07-05 21:57:35.851 14016 14349 W Summariser:   freeze duration: 1.00
07-05 21:57:48.110 14016 14016 W NearbyFragment: Completed downloading 20200312_150844!000.mp4 from Endpoint{id=vMbk, name=Galaxy S8 [2802]} in 03.043s
07-05 21:57:48.296 14016 14243 W mobile-ffmpeg: [graph 0 input from stream 0:0 @ 0x7a0f7521c0] sws_param option is deprecated and ignored
07-05 21:57:51.656 14016 14016 W NearbyFragment: Completed downloading 20200312_150844!001.mp4 from Endpoint{id=vMbk, name=Galaxy S8 [2802]} in 03.487s
07-05 21:57:52.116 14016 14370 W Summariser: Whole video is active
07-05 21:57:52.778 14016 14370 W Summariser: Summarisation completed
07-05 21:57:52.778 14016 14370 W Summariser:   filename: 20200312_150844!000.mp4
07-05 21:57:52.778 14016 14370 W Summariser:   active sections: -1
07-05 21:57:52.778 14016 14370 W Summariser:   time: 04.503s
07-05 21:57:52.778 14016 14370 W Summariser:   original duration: 16.06
07-05 21:57:52.778 14016 14370 W Summariser:   summarised duration: 16.06
07-05 21:57:52.778 14016 14370 W Summariser:   noise tolerance: 45.00
07-05 21:57:52.778 14016 14370 W Summariser:   quality: 23
07-05 21:57:52.778 14016 14370 W Summariser:   speed: medium
07-05 21:57:52.778 14016 14370 W Summariser:   freeze duration: 1.00
07-05 21:57:52.830 14016 14370 W NearbyFragment: Sending 20200312_150844!000.mp4 to Galaxy S8 [2802]
07-05 21:57:52.943 14016 14243 W mobile-ffmpeg: [graph 0 input from stream 0:0 @ 0x7a0f7521c0] sws_param option is deprecated and ignored
07-05 21:57:56.659 14016 14370 W Summariser: Whole video is active
07-05 21:57:57.484 14016 14370 W Summariser: Summarisation completed
07-05 21:57:57.484 14016 14370 W Summariser:   filename: 20200312_150844!001.mp4
07-05 21:57:57.484 14016 14370 W Summariser:   active sections: -1
07-05 21:57:57.484 14016 14370 W Summariser:   time: 04.421s
07-05 21:57:57.484 14016 14370 W Summariser:   original duration: 16.01
07-05 21:57:57.484 14016 14370 W Summariser:   summarised duration: 16.01
07-05 21:57:57.484 14016 14370 W Summariser:   noise tolerance: 45.00
07-05 21:57:57.484 14016 14370 W Summariser:   quality: 23
07-05 21:57:57.484 14016 14370 W Summariser:   speed: medium
07-05 21:57:57.484 14016 14370 W Summariser:   freeze duration: 1.00
07-05 21:57:57.492 14016 14370 W NearbyFragment: Sending 20200312_150844!001.mp4 to Galaxy S8 [2802]
07-05 21:58:00.076 14016 14016 W NearbyFragment: Completed downloading 20200312_150844!003.mp4 from Endpoint{id=vMbk, name=Galaxy S8 [2802]} in 07.032s
07-05 21:58:00.233 14016 14243 W mobile-ffmpeg: [graph 0 input from stream 0:0 @ 0x7a0f7521c0] sws_param option is deprecated and ignored
07-05 21:58:03.192 14016 14418 W Summariser: Whole video is active
07-05 21:58:03.701 14016 14418 W Summariser: Summarisation completed
07-05 21:58:03.701 14016 14418 W Summariser:   filename: 20200312_150844!003.mp4
07-05 21:58:03.701 14016 14418 W Summariser:   active sections: -1
07-05 21:58:03.701 14016 14418 W Summariser:   time: 03.506s
07-05 21:58:03.701 14016 14418 W Summariser:   original duration: 11.98
07-05 21:58:03.701 14016 14418 W Summariser:   summarised duration: 11.98
07-05 21:58:03.701 14016 14418 W Summariser:   noise tolerance: 45.00
07-05 21:58:03.701 14016 14418 W Summariser:   quality: 23
07-05 21:58:03.701 14016 14418 W Summariser:   speed: medium
07-05 21:58:03.701 14016 14418 W Summariser:   freeze duration: 1.00
07-05 21:58:03.708 14016 14418 W NearbyFragment: Sending 20200312_150844!003.mp4 to Galaxy S8 [2802]
07-05 21:58:33.681 14016 14016 W NearbyFragment: Completed downloading 20200312_150944!000.mp4 from Endpoint{id=vMbk, name=Galaxy S8 [2802]} in 04.884s
07-05 21:58:33.856 14016 14243 W mobile-ffmpeg: [graph 0 input from stream 0:0 @ 0x7a0f7521c0] sws_param option is deprecated and ignored
07-05 21:58:36.951 14016 14445 W Summariser: 1 active sections found
07-05 21:58:37.036 14016 14243 W mobile-ffmpeg: [graph 0 input from stream 0:0 @ 0x7a0f752100] sws_param option is deprecated and ignored
07-05 21:58:43.950 14016 14016 W NearbyFragment: Completed downloading 20200312_150944!002.mp4 from Endpoint{id=vMbk, name=Galaxy S8 [2802]} in 04.421s
07-05 21:58:53.483 14016 14445 W Summariser: Summarisation completed
07-05 21:58:53.483 14016 14445 W Summariser:   filename: 20200312_150944!000.mp4
07-05 21:58:53.483 14016 14445 W Summariser:   active sections: 1
07-05 21:58:53.483 14016 14445 W Summariser:   time: 19.665s
07-05 21:58:53.483 14016 14445 W Summariser:   original duration: 16.06
07-05 21:58:53.483 14016 14445 W Summariser:   summarised duration: 7.07
07-05 21:58:53.483 14016 14445 W Summariser:   noise tolerance: 45.00
07-05 21:58:53.483 14016 14445 W Summariser:   quality: 23
07-05 21:58:53.483 14016 14445 W Summariser:   speed: medium
07-05 21:58:53.483 14016 14445 W Summariser:   freeze duration: 1.00
07-05 21:58:53.492 14016 14445 W NearbyFragment: Sending 20200312_150944!000.mp4 to Galaxy S8 [2802]
07-05 21:58:53.615 14016 14243 W mobile-ffmpeg: [graph 0 input from stream 0:0 @ 0x7a0f752280] sws_param option is deprecated and ignored
07-05 21:58:58.315 14016 14445 W Summariser: No activity detected
07-05 21:58:58.428 14016 14445 W Summariser: Summarisation completed
07-05 21:58:58.428 14016 14445 W Summariser:   filename: 20200312_150944!002.mp4
07-05 21:58:58.428 14016 14445 W Summariser:   active sections: 0
07-05 21:58:58.428 14016 14445 W Summariser:   time: 04.816s
07-05 21:58:58.428 14016 14445 W Summariser:   original duration: 16.01
07-05 21:58:58.428 14016 14445 W Summariser:   summarised duration: -1.00
07-05 21:58:58.428 14016 14445 W Summariser:   noise tolerance: 45.00
07-05 21:58:58.428 14016 14445 W Summariser:   quality: 23
07-05 21:58:58.428 14016 14445 W Summariser:   speed: medium
07-05 21:58:58.428 14016 14445 W Summariser:   freeze duration: 1.00
07-05 21:59:06.816 14016 14016 W NearbyFragment: Completed downloading 20200312_151044!001.mp4 from Endpoint{id=vMbk, name=Galaxy S8 [2802]} in 07.607s
07-05 21:59:07.015 14016 14243 W mobile-ffmpeg: [graph 0 input from stream 0:0 @ 0x7a0f7521c0] sws_param option is deprecated and ignored
07-05 21:59:12.958 14016 14523 W Summariser: No activity detected
07-05 21:59:13.067 14016 14523 W Summariser: Summarisation completed
07-05 21:59:13.067 14016 14523 W Summariser:   filename: 20200312_151044!001.mp4
07-05 21:59:13.067 14016 14523 W Summariser:   active sections: 0
07-05 21:59:13.067 14016 14523 W Summariser:   time: 06.098s
07-05 21:59:13.067 14016 14523 W Summariser:   original duration: 16.02
07-05 21:59:13.067 14016 14523 W Summariser:   summarised duration: -1.00
07-05 21:59:13.067 14016 14523 W Summariser:   noise tolerance: 45.00
07-05 21:59:13.067 14016 14523 W Summariser:   quality: 23
07-05 21:59:13.067 14016 14523 W Summariser:   speed: medium
07-05 21:59:13.067 14016 14523 W Summariser:   freeze duration: 1.00
07-05 21:59:14.369 14016 14016 W NearbyFragment: Completed downloading 20200312_151044!002.mp4 from Endpoint{id=vMbk, name=Galaxy S8 [2802]} in 11.085s
07-05 21:59:14.548 14016 14243 W mobile-ffmpeg: [graph 0 input from stream 0:0 @ 0x7a0f7521c0] sws_param option is deprecated and ignored
07-05 21:59:19.991 14016 14538 W Summariser: No activity detected
07-05 21:59:20.103 14016 14538 W Summariser: Summarisation completed
07-05 21:59:20.103 14016 14538 W Summariser:   filename: 20200312_151044!002.mp4
07-05 21:59:20.103 14016 14538 W Summariser:   active sections: 0
07-05 21:59:20.103 14016 14538 W Summariser:   time: 05.593s
07-05 21:59:20.103 14016 14538 W Summariser:   original duration: 16.01
07-05 21:59:20.103 14016 14538 W Summariser:   summarised duration: -1.00
07-05 21:59:20.103 14016 14538 W Summariser:   noise tolerance: 45.00
07-05 21:59:20.103 14016 14538 W Summariser:   quality: 23
07-05 21:59:20.103 14016 14538 W Summariser:   speed: medium
07-05 21:59:20.103 14016 14538 W Summariser:   freeze duration: 1.00
07-05 21:59:30.589 14016 14016 W NearbyFragment: Completed downloading 20200312_193528!000.mp4 from Endpoint{id=vMbk, name=Galaxy S8 [2802]} in 03.317s
07-05 21:59:30.798 14016 14243 W mobile-ffmpeg: [graph 0 input from stream 0:0 @ 0x7a0f7521c0] sws_param option is deprecated and ignored
07-05 21:59:36.260 14016 14558 W Summariser: No activity detected
07-05 21:59:36.342 14016 14558 W Summariser: Summarisation completed
07-05 21:59:36.342 14016 14558 W Summariser:   filename: 20200312_193528!000.mp4
07-05 21:59:36.342 14016 14558 W Summariser:   active sections: 0
07-05 21:59:36.342 14016 14558 W Summariser:   time: 05.591s
07-05 21:59:36.342 14016 14558 W Summariser:   original duration: 16.06
07-05 21:59:36.342 14016 14558 W Summariser:   summarised duration: -1.00
07-05 21:59:36.342 14016 14558 W Summariser:   noise tolerance: 45.00
07-05 21:59:36.342 14016 14558 W Summariser:   quality: 23
07-05 21:59:36.342 14016 14558 W Summariser:   speed: medium
07-05 21:59:36.342 14016 14558 W Summariser:   freeze duration: 1.00
07-05 21:59:40.277 14016 14016 W NearbyFragment: Completed downloading 20200312_193528!002.mp4 from Endpoint{id=vMbk, name=Galaxy S8 [2802]} in 03.868s
07-05 21:59:40.469 14016 14243 W mobile-ffmpeg: [graph 0 input from stream 0:0 @ 0x7a0f7521c0] sws_param option is deprecated and ignored
07-05 21:59:43.111 14016 14016 W NearbyFragment: Completed downloading 20200312_193528!003.mp4 from Endpoint{id=vMbk, name=Galaxy S8 [2802]} in 05.840s
07-05 21:59:45.121 14016 14574 W Summariser: No activity detected
07-05 21:59:45.194 14016 14574 W Summariser: Summarisation completed
07-05 21:59:45.194 14016 14574 W Summariser:   filename: 20200312_193528!002.mp4
07-05 21:59:45.194 14016 14574 W Summariser:   active sections: 0
07-05 21:59:45.194 14016 14574 W Summariser:   time: 04.812s
07-05 21:59:45.194 14016 14574 W Summariser:   original duration: 16.06
07-05 21:59:45.194 14016 14574 W Summariser:   summarised duration: -1.00
07-05 21:59:45.194 14016 14574 W Summariser:   noise tolerance: 45.00
07-05 21:59:45.194 14016 14574 W Summariser:   quality: 23
07-05 21:59:45.194 14016 14574 W Summariser:   speed: medium
07-05 21:59:45.194 14016 14574 W Summariser:   freeze duration: 1.00
07-05 21:59:45.373 14016 14243 W mobile-ffmpeg: [graph 0 input from stream 0:0 @ 0x7a0f7521c0] sws_param option is deprecated and ignored
07-05 21:59:48.613 14016 14574 W Summariser: No activity detected
07-05 21:59:48.725 14016 14574 W Summariser: Summarisation completed
07-05 21:59:48.725 14016 14574 W Summariser:   filename: 20200312_193528!003.mp4
07-05 21:59:48.725 14016 14574 W Summariser:   active sections: 0
07-05 21:59:48.725 14016 14574 W Summariser:   time: 03.399s
07-05 21:59:48.725 14016 14574 W Summariser:   original duration: 12.01
07-05 21:59:48.725 14016 14574 W Summariser:   summarised duration: -1.00
07-05 21:59:48.725 14016 14574 W Summariser:   noise tolerance: 45.00
07-05 21:59:48.725 14016 14574 W Summariser:   quality: 23
07-05 21:59:48.725 14016 14574 W Summariser:   speed: medium
07-05 21:59:48.725 14016 14574 W Summariser:   freeze duration: 1.00
07-05 21:59:58.670 14016 14016 W NearbyFragment: Completed downloading 20200312_193628!000.mp4 from Endpoint{id=vMbk, name=Galaxy S8 [2802]} in 03.346s
07-05 21:59:58.882 14016 14243 W mobile-ffmpeg: [graph 0 input from stream 0:0 @ 0x7a0f7521c0] sws_param option is deprecated and ignored
07-05 22:00:03.307 14016 14618 W Summariser: No activity detected
07-05 22:00:03.376 14016 14618 W Summariser: Summarisation completed
07-05 22:00:03.376 14016 14618 W Summariser:   filename: 20200312_193628!000.mp4
07-05 22:00:03.376 14016 14618 W Summariser:   active sections: 0
07-05 22:00:03.376 14016 14618 W Summariser:   time: 04.585s
07-05 22:00:03.376 14016 14618 W Summariser:   original duration: 16.07
07-05 22:00:03.376 14016 14618 W Summariser:   summarised duration: -1.00
07-05 22:00:03.376 14016 14618 W Summariser:   noise tolerance: 45.00
07-05 22:00:03.376 14016 14618 W Summariser:   quality: 23
07-05 22:00:03.376 14016 14618 W Summariser:   speed: medium
07-05 22:00:03.376 14016 14618 W Summariser:   freeze duration: 1.00
07-05 22:00:09.001 14016 14016 W NearbyFragment: Completed downloading 20200312_193628!002.mp4 from Endpoint{id=vMbk, name=Galaxy S8 [2802]} in 05.385s
07-05 22:00:09.198 14016 14243 W mobile-ffmpeg: [graph 0 input from stream 0:0 @ 0x7a0f7521c0] sws_param option is deprecated and ignored
07-05 22:00:12.872 14016 14016 W NearbyFragment: Completed downloading 20200312_193628!003.mp4 from Endpoint{id=vMbk, name=Galaxy S8 [2802]} in 07.227s
07-05 22:00:14.750 14016 14645 W Summariser: No activity detected
07-05 22:00:14.854 14016 14645 W Summariser: Summarisation completed
07-05 22:00:14.854 14016 14645 W Summariser:   filename: 20200312_193628!002.mp4
07-05 22:00:14.854 14016 14645 W Summariser:   active sections: 0
07-05 22:00:14.854 14016 14645 W Summariser:   time: 05.707s
07-05 22:00:14.854 14016 14645 W Summariser:   original duration: 16.02
07-05 22:00:14.854 14016 14645 W Summariser:   summarised duration: -1.00
07-05 22:00:14.854 14016 14645 W Summariser:   noise tolerance: 45.00
07-05 22:00:14.854 14016 14645 W Summariser:   quality: 23
07-05 22:00:14.854 14016 14645 W Summariser:   speed: medium
07-05 22:00:14.854 14016 14645 W Summariser:   freeze duration: 1.00
07-05 22:00:14.989 14016 14243 W mobile-ffmpeg: [graph 0 input from stream 0:0 @ 0x7a0f7521c0] sws_param option is deprecated and ignored
07-05 22:00:19.254 14016 14645 W Summariser: 1 active sections found
07-05 22:00:19.388 14016 14243 W mobile-ffmpeg: [graph 0 input from stream 0:0 @ 0x7a0f752100] sws_param option is deprecated and ignored
07-05 22:00:31.565 14016 14016 W NearbyFragment: Completed downloading 20200312_193728!001.mp4 from Endpoint{id=vMbk, name=Galaxy S8 [2802]} in 03.543s
07-05 22:00:46.784 14016 14645 W Summariser: Summarisation completed
07-05 22:00:46.784 14016 14645 W Summariser:   filename: 20200312_193628!003.mp4
07-05 22:00:46.784 14016 14645 W Summariser:   active sections: 1
07-05 22:00:46.784 14016 14645 W Summariser:   time: 31.794s
07-05 22:00:46.784 14016 14645 W Summariser:   original duration: 12.03
07-05 22:00:46.784 14016 14645 W Summariser:   summarised duration: 6.16
07-05 22:00:46.784 14016 14645 W Summariser:   noise tolerance: 45.00
07-05 22:00:46.784 14016 14645 W Summariser:   quality: 23
07-05 22:00:46.784 14016 14645 W Summariser:   speed: medium
07-05 22:00:46.784 14016 14645 W Summariser:   freeze duration: 1.00
07-05 22:00:46.830 14016 14645 W NearbyFragment: Sending 20200312_193628!003.mp4 to Galaxy S8 [2802]
07-05 22:00:47.025 14016 14243 W mobile-ffmpeg: [graph 0 input from stream 0:0 @ 0x7a0f752280] sws_param option is deprecated and ignored
07-05 22:00:52.613 14016 14645 W Summariser: Whole video is active
07-05 22:00:53.538 14016 14645 W Summariser: Summarisation completed
07-05 22:00:53.538 14016 14645 W Summariser:   filename: 20200312_193728!001.mp4
07-05 22:00:53.538 14016 14645 W Summariser:   active sections: -1
07-05 22:00:53.538 14016 14645 W Summariser:   time: 06.502s
07-05 22:00:53.538 14016 14645 W Summariser:   original duration: 16.01
07-05 22:00:53.538 14016 14645 W Summariser:   summarised duration: 16.01
07-05 22:00:53.538 14016 14645 W Summariser:   noise tolerance: 45.00
07-05 22:00:53.538 14016 14645 W Summariser:   quality: 23
07-05 22:00:53.538 14016 14645 W Summariser:   speed: medium
07-05 22:00:53.538 14016 14645 W Summariser:   freeze duration: 1.00
07-05 22:00:53.553 14016 14645 W NearbyFragment: Sending 20200312_193728!001.mp4 to Galaxy S8 [2802]
07-05 22:01:03.557 14016 14016 W NearbyFragment: Completed downloading 20200312_193828!000.mp4 from Endpoint{id=vMbk, name=Galaxy S8 [2802]} in 04.933s
07-05 22:01:03.716 14016 14243 W mobile-ffmpeg: [graph 0 input from stream 0:0 @ 0x7a0f7521c0] sws_param option is deprecated and ignored
07-05 22:01:09.242 14016 14726 W Summariser: 1 active sections found
07-05 22:01:09.367 14016 14243 W mobile-ffmpeg: [graph 0 input from stream 0:0 @ 0x7a0f752100] sws_param option is deprecated and ignored
07-05 22:01:17.168 14016 14016 W NearbyFragment: Completed downloading 20200312_193828!002.mp4 from Endpoint{id=vMbk, name=Galaxy S8 [2802]} in 06.661s
07-05 22:01:48.368 14016 14016 W NearbyFragment: Completed downloading 20200312_193928!002.mp4 from Endpoint{id=vMbk, name=Galaxy S8 [2802]} in 05.518s
07-05 22:02:03.597 14016 14726 W Summariser: Summarisation completed
07-05 22:02:03.597 14016 14726 W Summariser:   filename: 20200312_193828!000.mp4
07-05 22:02:03.597 14016 14726 W Summariser:   active sections: 1
07-05 22:02:03.597 14016 14726 W Summariser:   time: 59.875s
07-05 22:02:03.597 14016 14726 W Summariser:   original duration: 16.06
07-05 22:02:03.597 14016 14726 W Summariser:   summarised duration: 14.28
07-05 22:02:03.597 14016 14726 W Summariser:   noise tolerance: 45.00
07-05 22:02:03.597 14016 14726 W Summariser:   quality: 23
07-05 22:02:03.597 14016 14726 W Summariser:   speed: medium
07-05 22:02:03.597 14016 14726 W Summariser:   freeze duration: 1.00
07-05 22:02:03.663 14016 14726 W NearbyFragment: Sending 20200312_193828!000.mp4 to Galaxy S8 [2802]
07-05 22:02:03.864 14016 14243 W mobile-ffmpeg: [graph 0 input from stream 0:0 @ 0x7a0f7521c0] sws_param option is deprecated and ignored
07-05 22:02:09.398 14016 14726 W Summariser: No activity detected
07-05 22:02:09.505 14016 14726 W Summariser: Summarisation completed
07-05 22:02:09.505 14016 14726 W Summariser:   filename: 20200312_193828!002.mp4
07-05 22:02:09.505 14016 14726 W Summariser:   active sections: 0
07-05 22:02:09.505 14016 14726 W Summariser:   time: 05.723s
07-05 22:02:09.505 14016 14726 W Summariser:   original duration: 16.01
07-05 22:02:09.505 14016 14726 W Summariser:   summarised duration: -1.00
07-05 22:02:09.505 14016 14726 W Summariser:   noise tolerance: 45.00
07-05 22:02:09.505 14016 14726 W Summariser:   quality: 23
07-05 22:02:09.505 14016 14726 W Summariser:   speed: medium
07-05 22:02:09.505 14016 14726 W Summariser:   freeze duration: 1.00
07-05 22:02:09.655 14016 14243 W mobile-ffmpeg: [graph 0 input from stream 0:0 @ 0x7a0f7521c0] sws_param option is deprecated and ignored
07-05 22:02:15.419 14016 14726 W Summariser: No activity detected
07-05 22:02:15.485 14016 14726 W Summariser: Summarisation completed
07-05 22:02:15.485 14016 14726 W Summariser:   filename: 20200312_193928!002.mp4
07-05 22:02:15.485 14016 14726 W Summariser:   active sections: 0
07-05 22:02:15.485 14016 14726 W Summariser:   time: 05.898s
07-05 22:02:15.485 14016 14726 W Summariser:   original duration: 16.06
07-05 22:02:15.485 14016 14726 W Summariser:   summarised duration: -1.00
07-05 22:02:15.485 14016 14726 W Summariser:   noise tolerance: 45.00
07-05 22:02:15.485 14016 14726 W Summariser:   quality: 23
07-05 22:02:15.485 14016 14726 W Summariser:   speed: medium
07-05 22:02:15.485 14016 14726 W Summariser:   freeze duration: 1.00
07-05 22:02:18.354 14016 14016 W NearbyFragment: Completed downloading 20200312_194129!002.mp4 from Endpoint{id=vMbk, name=Galaxy S8 [2802]} in 10.929s
07-05 22:02:18.553 14016 14243 W mobile-ffmpeg: [graph 0 input from stream 0:0 @ 0x7a0f7521c0] sws_param option is deprecated and ignored
07-05 22:02:22.340 14016 14016 W NearbyFragment: Completed downloading 20200312_194129!003.mp4 from Endpoint{id=vMbk, name=Galaxy S8 [2802]} in 12.379s
07-05 22:02:24.666 14016 14812 W Summariser: 1 active sections found
07-05 22:02:24.830 14016 14243 W mobile-ffmpeg: [graph 0 input from stream 0:0 @ 0x7a0f752100] sws_param option is deprecated and ignored
07-05 22:02:41.848 14016 14016 W NearbyFragment: Completed downloading 20200312_194229!001.mp4 from Endpoint{id=vMbk, name=Galaxy S8 [2802]} in 06.257s
07-05 22:02:51.442 14016 14812 W Summariser: Summarisation completed
07-05 22:02:51.442 14016 14812 W Summariser:   filename: 20200312_194129!002.mp4
07-05 22:02:51.442 14016 14812 W Summariser:   active sections: 1
07-05 22:02:51.442 14016 14812 W Summariser:   time: 32.888s
07-05 22:02:51.442 14016 14812 W Summariser:   original duration: 16.01
07-05 22:02:51.442 14016 14812 W Summariser:   summarised duration: 7.37
07-05 22:02:51.442 14016 14812 W Summariser:   noise tolerance: 45.00
07-05 22:02:51.442 14016 14812 W Summariser:   quality: 23
07-05 22:02:51.442 14016 14812 W Summariser:   speed: medium
07-05 22:02:51.442 14016 14812 W Summariser:   freeze duration: 1.00
07-05 22:02:51.454 14016 14812 W NearbyFragment: Sending 20200312_194129!002.mp4 to Galaxy S8 [2802]
07-05 22:02:51.598 14016 14243 W mobile-ffmpeg: [graph 0 input from stream 0:0 @ 0x7a0f752280] sws_param option is deprecated and ignored
07-05 22:02:55.770 14016 14812 W Summariser: 1 active sections found
07-05 22:02:55.893 14016 14243 W mobile-ffmpeg: [graph 0 input from stream 0:0 @ 0x7a0f752100] sws_param option is deprecated and ignored
07-05 22:02:58.974 14016 14812 W Summariser: Summarisation completed
07-05 22:02:58.974 14016 14812 W Summariser:   filename: 20200312_194129!003.mp4
07-05 22:02:58.974 14016 14812 W Summariser:   active sections: 1
07-05 22:02:58.974 14016 14812 W Summariser:   time: 07.380s
07-05 22:02:58.974 14016 14812 W Summariser:   original duration: 12.03
07-05 22:02:58.974 14016 14812 W Summariser:   summarised duration: 0.70
07-05 22:02:58.974 14016 14812 W Summariser:   noise tolerance: 45.00
07-05 22:02:58.974 14016 14812 W Summariser:   quality: 23
07-05 22:02:58.974 14016 14812 W Summariser:   speed: medium
07-05 22:02:58.974 14016 14812 W Summariser:   freeze duration: 1.00
07-05 22:02:58.987 14016 14812 W NearbyFragment: Sending 20200312_194129!003.mp4 to Galaxy S8 [2802]
07-05 22:02:59.173 14016 14243 W mobile-ffmpeg: [graph 0 input from stream 0:0 @ 0x7a0f7521c0] sws_param option is deprecated and ignored
07-05 22:03:04.327 14016 14016 W NearbyFragment: Completed downloading 20200312_194330!000.mp4 from Endpoint{id=vMbk, name=Galaxy S8 [2802]} in 05.189s
07-05 22:03:05.881 14016 14812 W Summariser: 2 active sections found
07-05 22:03:06.059 14016 14243 W mobile-ffmpeg: [graph 0 input from stream 0:0 @ 0x7a0f752400] sws_param option is deprecated and ignored
07-05 22:03:06.059 14016 14243 W mobile-ffmpeg: [graph 0 input from stream 0:0 @ 0x7a0f752580] sws_param option is deprecated and ignored
07-05 22:03:08.101 14016 14016 W NearbyFragment: Completed downloading 20200312_194330!001.mp4 from Endpoint{id=vMbk, name=Galaxy S8 [2802]} in 03.686s
07-05 22:03:12.470 14016 14016 W NearbyFragment: Completed downloading 20200312_194330!002.mp4 from Endpoint{id=vMbk, name=Galaxy S8 [2802]} in 04.327s
07-05 22:03:37.430 14016 14812 W Summariser: Summarisation completed
07-05 22:03:37.430 14016 14812 W Summariser:   filename: 20200312_194229!001.mp4
07-05 22:03:37.430 14016 14812 W Summariser:   active sections: 2
07-05 22:03:37.430 14016 14812 W Summariser:   time: 38.271s
07-05 22:03:37.430 14016 14812 W Summariser:   original duration: 16.01
07-05 22:03:37.430 14016 14812 W Summariser:   summarised duration: 8.74
07-05 22:03:37.430 14016 14812 W Summariser:   noise tolerance: 45.00
07-05 22:03:37.430 14016 14812 W Summariser:   quality: 23
07-05 22:03:37.430 14016 14812 W Summariser:   speed: medium
07-05 22:03:37.430 14016 14812 W Summariser:   freeze duration: 1.00
07-05 22:03:37.442 14016 14812 W NearbyFragment: Sending 20200312_194229!001.mp4 to Galaxy S8 [2802]
07-05 22:03:37.594 14016 14243 W mobile-ffmpeg: [graph 0 input from stream 0:0 @ 0x7a20ebc2c0] sws_param option is deprecated and ignored
07-05 22:03:43.098 14016 14812 W Summariser: No activity detected
07-05 22:03:43.164 14016 14812 W Summariser: Summarisation completed
07-05 22:03:43.164 14016 14812 W Summariser:   filename: 20200312_194330!000.mp4
07-05 22:03:43.164 14016 14812 W Summariser:   active sections: 0
07-05 22:03:43.164 14016 14812 W Summariser:   time: 05.644s
07-05 22:03:43.164 14016 14812 W Summariser:   original duration: 16.07
07-05 22:03:43.164 14016 14812 W Summariser:   summarised duration: -1.00
07-05 22:03:43.164 14016 14812 W Summariser:   noise tolerance: 45.00
07-05 22:03:43.164 14016 14812 W Summariser:   quality: 23
07-05 22:03:43.164 14016 14812 W Summariser:   speed: medium
07-05 22:03:43.164 14016 14812 W Summariser:   freeze duration: 1.00
07-05 22:03:43.330 14016 14243 W mobile-ffmpeg: [graph 0 input from stream 0:0 @ 0x7a20ebc440] sws_param option is deprecated and ignored
07-05 22:03:48.720 14016 14812 W Summariser: No activity detected
07-05 22:03:48.823 14016 14812 W Summariser: Summarisation completed
07-05 22:03:48.823 14016 14812 W Summariser:   filename: 20200312_194330!001.mp4
07-05 22:03:48.823 14016 14812 W Summariser:   active sections: 0
07-05 22:03:48.823 14016 14812 W Summariser:   time: 05.540s
07-05 22:03:48.823 14016 14812 W Summariser:   original duration: 16.01
07-05 22:03:48.823 14016 14812 W Summariser:   summarised duration: -1.00
07-05 22:03:48.823 14016 14812 W Summariser:   noise tolerance: 45.00
07-05 22:03:48.823 14016 14812 W Summariser:   quality: 23
07-05 22:03:48.823 14016 14812 W Summariser:   speed: medium
07-05 22:03:48.823 14016 14812 W Summariser:   freeze duration: 1.00
07-05 22:03:49.000 14016 14243 W mobile-ffmpeg: [graph 0 input from stream 0:0 @ 0x7a20ebc440] sws_param option is deprecated and ignored
07-05 22:03:54.433 14016 14812 W Summariser: No activity detected
07-05 22:03:54.542 14016 14812 W Summariser: Summarisation completed
07-05 22:03:54.542 14016 14812 W Summariser:   filename: 20200312_194330!002.mp4
07-05 22:03:54.542 14016 14812 W Summariser:   active sections: 0
07-05 22:03:54.542 14016 14812 W Summariser:   time: 05.593s
07-05 22:03:54.542 14016 14812 W Summariser:   original duration: 16.01
07-05 22:03:54.542 14016 14812 W Summariser:   summarised duration: -1.00
07-05 22:03:54.542 14016 14812 W Summariser:   noise tolerance: 45.00
07-05 22:03:54.542 14016 14812 W Summariser:   quality: 23
07-05 22:03:54.542 14016 14812 W Summariser:   speed: medium
07-05 22:03:54.542 14016 14812 W Summariser:   freeze duration: 1.00
07-05 22:04:00.802 14016 14016 W NearbyFragment: Completed downloading 20200312_194830!000.mp4 from Endpoint{id=vMbk, name=Galaxy S8 [2802]} in 04.018s
07-05 22:04:00.987 14016 14243 W mobile-ffmpeg: [graph 0 input from stream 0:0 @ 0x7a20ebca40] sws_param option is deprecated and ignored
07-05 22:04:06.897 14016 14016 W NearbyFragment: Completed downloading 20200312_194830!001.mp4 from Endpoint{id=vMbk, name=Galaxy S8 [2802]} in 06.035s
07-05 22:04:07.403 14016 14979 W Summariser: 1 active sections found
07-05 22:04:07.535 14016 14243 W mobile-ffmpeg: [graph 0 input from stream 0:0 @ 0x7a20ebc980] sws_param option is deprecated and ignored
07-05 22:04:15.966 14016 14016 W NearbyFragment: Completed downloading 20200312_194830!003.mp4 from Endpoint{id=vMbk, name=Galaxy S8 [2802]} in 08.895s
07-05 22:04:27.100 14016 14979 W Summariser: Summarisation completed
07-05 22:04:27.100 14016 14979 W Summariser:   filename: 20200312_194830!000.mp4
07-05 22:04:27.100 14016 14979 W Summariser:   active sections: 1
07-05 22:04:27.100 14016 14979 W Summariser:   time: 26.124s
07-05 22:04:27.100 14016 14979 W Summariser:   original duration: 16.06
07-05 22:04:27.100 14016 14979 W Summariser:   summarised duration: 3.97
07-05 22:04:27.100 14016 14979 W Summariser:   noise tolerance: 45.00
07-05 22:04:27.100 14016 14979 W Summariser:   quality: 23
07-05 22:04:27.100 14016 14979 W Summariser:   speed: medium
07-05 22:04:27.100 14016 14979 W Summariser:   freeze duration: 1.00
07-05 22:04:27.144 14016 14979 W NearbyFragment: Sending 20200312_194830!000.mp4 to Galaxy S8 [2802]
07-05 22:04:27.311 14016 14243 W mobile-ffmpeg: [graph 0 input from stream 0:0 @ 0x7a20ebcb00] sws_param option is deprecated and ignored
07-05 22:04:33.673 14016 14016 W NearbyFragment: Completed downloading 20200312_194930!001.mp4 from Endpoint{id=vMbk, name=Galaxy S8 [2802]} in 06.270s
07-05 22:04:33.752 14016 14979 W Summariser: 2 active sections found
07-05 22:04:33.898 14016 14243 W mobile-ffmpeg: [graph 0 input from stream 0:0 @ 0x7a20ebca40] sws_param option is deprecated and ignored
07-05 22:04:33.898 14016 14243 W mobile-ffmpeg: [graph 0 input from stream 0:0 @ 0x7a0f751ec0] sws_param option is deprecated and ignored
07-05 22:04:43.253 14016 14016 W NearbyFragment: Completed downloading 20200312_194930!003.mp4 from Endpoint{id=vMbk, name=Galaxy S8 [2802]} in 09.424s
07-05 22:05:07.678 14016 14016 W NearbyFragment: Completed downloading 20200312_195230!001.mp4 from Endpoint{id=vMbk, name=Galaxy S8 [2802]} in 08.931s
07-05 22:05:08.947 14016 14979 W Summariser: Summarisation completed
07-05 22:05:08.947 14016 14979 W Summariser:   filename: 20200312_194830!001.mp4
07-05 22:05:08.947 14016 14979 W Summariser:   active sections: 2
07-05 22:05:08.947 14016 14979 W Summariser:   time: 41.598s
07-05 22:05:08.947 14016 14979 W Summariser:   original duration: 16.01
07-05 22:05:08.947 14016 14979 W Summariser:   summarised duration: 8.10
07-05 22:05:08.947 14016 14979 W Summariser:   noise tolerance: 45.00
07-05 22:05:08.947 14016 14979 W Summariser:   quality: 23
07-05 22:05:08.947 14016 14979 W Summariser:   speed: medium
07-05 22:05:08.947 14016 14979 W Summariser:   freeze duration: 1.00
07-05 22:05:08.963 14016 14979 W NearbyFragment: Sending 20200312_194830!001.mp4 to Galaxy S8 [2802]
07-05 22:05:09.130 14016 14243 W mobile-ffmpeg: [graph 0 input from stream 0:0 @ 0x7a20ebc680] sws_param option is deprecated and ignored
07-05 22:05:13.878 14016 14979 W Summariser: No activity detected
07-05 22:05:13.960 14016 14979 W Summariser: Summarisation completed
07-05 22:05:13.960 14016 14979 W Summariser:   filename: 20200312_194830!003.mp4
07-05 22:05:13.960 14016 14979 W Summariser:   active sections: 0
07-05 22:05:13.960 14016 14979 W Summariser:   time: 04.899s
07-05 22:05:13.960 14016 14979 W Summariser:   original duration: 11.98
07-05 22:05:13.960 14016 14979 W Summariser:   summarised duration: -1.00
07-05 22:05:13.960 14016 14979 W Summariser:   noise tolerance: 45.00
07-05 22:05:13.960 14016 14979 W Summariser:   quality: 23
07-05 22:05:13.960 14016 14979 W Summariser:   speed: medium
07-05 22:05:13.960 14016 14979 W Summariser:   freeze duration: 1.00
07-05 22:05:14.149 14016 14243 W mobile-ffmpeg: [graph 0 input from stream 0:0 @ 0x7a20ebca40] sws_param option is deprecated and ignored
07-05 22:05:21.690 14016 14979 W Summariser: 1 active sections found
07-05 22:05:21.928 14016 14243 W mobile-ffmpeg: [graph 0 input from stream 0:0 @ 0x7a20ebc980] sws_param option is deprecated and ignored
07-05 22:05:29.083 14016 14016 W NearbyFragment: Completed downloading 20200312_195330!000.mp4 from Endpoint{id=vMbk, name=Galaxy S8 [2802]} in 06.583s
07-05 22:05:33.927 14016 14979 W Summariser: Summarisation completed
07-05 22:05:33.927 14016 14979 W Summariser:   filename: 20200312_194930!001.mp4
07-05 22:05:33.927 14016 14979 W Summariser:   active sections: 1
07-05 22:05:33.927 14016 14979 W Summariser:   time: 19.713s
07-05 22:05:33.927 14016 14979 W Summariser:   original duration: 16.01
07-05 22:05:33.927 14016 14979 W Summariser:   summarised duration: 2.02
07-05 22:05:33.927 14016 14979 W Summariser:   noise tolerance: 45.00
07-05 22:05:33.927 14016 14979 W Summariser:   quality: 23
07-05 22:05:33.927 14016 14979 W Summariser:   speed: medium
07-05 22:05:33.927 14016 14979 W Summariser:   freeze duration: 1.00
07-05 22:05:33.973 14016 14979 W NearbyFragment: Sending 20200312_194930!001.mp4 to Galaxy S8 [2802]
07-05 22:05:34.170 14016 14243 W mobile-ffmpeg: [graph 0 input from stream 0:0 @ 0x7a20ebca40] sws_param option is deprecated and ignored
07-05 22:05:40.682 14016 14016 W NearbyFragment: Completed downloading 20200312_195330!001.mp4 from Endpoint{id=vMbk, name=Galaxy S8 [2802]} in 11.537s
07-05 22:05:41.566 14016 14979 W Summariser: 1 active sections found
07-05 22:05:41.760 14016 14243 W mobile-ffmpeg: [graph 0 input from stream 0:0 @ 0x7a20ebc980] sws_param option is deprecated and ignored
07-05 22:05:53.455 14016 14016 W NearbyFragment: Completed downloading 20200312_195330!002.mp4 from Endpoint{id=vMbk, name=Galaxy S8 [2802]} in 18.065s
07-05 22:05:59.914 14016 14016 W NearbyFragment: Completed downloading 20200312_195330!003.mp4 from Endpoint{id=vMbk, name=Galaxy S8 [2802]} in 17.892s
07-05 22:06:24.034 14016 14016 W NearbyFragment: Completed downloading 20200312_195430!003.mp4 from Endpoint{id=vMbk, name=Galaxy S8 [2802]} in 17.527s
07-05 22:06:43.916 14016 14979 W Summariser: Summarisation completed
07-05 22:06:43.916 14016 14979 W Summariser:   filename: 20200312_194930!003.mp4
07-05 22:06:43.916 14016 14979 W Summariser:   active sections: 1
07-05 22:06:43.916 14016 14979 W Summariser:   time: 69.749s
07-05 22:06:43.916 14016 14979 W Summariser:   original duration: 12.01
07-05 22:06:43.916 14016 14979 W Summariser:   summarised duration: 10.95
07-05 22:06:43.916 14016 14979 W Summariser:   noise tolerance: 45.00
07-05 22:06:43.916 14016 14979 W Summariser:   quality: 23
07-05 22:06:43.916 14016 14979 W Summariser:   speed: medium
07-05 22:06:43.916 14016 14979 W Summariser:   freeze duration: 1.00
07-05 22:06:43.937 14016 14979 W NearbyFragment: Sending 20200312_194930!003.mp4 to Galaxy S8 [2802]
07-05 22:06:44.224 14016 14243 W mobile-ffmpeg: [graph 0 input from stream 0:0 @ 0x7a20ebcb00] sws_param option is deprecated and ignored
07-05 22:06:52.965 14016 14979 W Summariser: 1 active sections found
07-05 22:06:53.213 14016 14243 W mobile-ffmpeg: [graph 0 input from stream 0:0 @ 0x7a20ebc980] sws_param option is deprecated and ignored
07-05 22:07:25.100 14016 14979 W Summariser: Summarisation completed
07-05 22:07:25.100 14016 14979 W Summariser:   filename: 20200312_195230!001.mp4
07-05 22:07:25.100 14016 14979 W Summariser:   active sections: 1
07-05 22:07:25.100 14016 14979 W Summariser:   time: 40.984s
07-05 22:07:25.100 14016 14979 W Summariser:   original duration: 16.01
07-05 22:07:25.100 14016 14979 W Summariser:   summarised duration: 6.97
07-05 22:07:25.100 14016 14979 W Summariser:   noise tolerance: 45.00
07-05 22:07:25.100 14016 14979 W Summariser:   quality: 23
07-05 22:07:25.100 14016 14979 W Summariser:   speed: medium
07-05 22:07:25.100 14016 14979 W Summariser:   freeze duration: 1.00
07-05 22:07:25.114 14016 14979 W NearbyFragment: Sending 20200312_195230!001.mp4 to Galaxy S8 [2802]
07-05 22:07:25.246 14016 14243 W mobile-ffmpeg: [graph 0 input from stream 0:0 @ 0x7a20ebcb00] sws_param option is deprecated and ignored
07-05 22:07:30.821 14016 14979 W Summariser: 1 active sections found
07-05 22:07:30.933 14016 14243 W mobile-ffmpeg: [graph 0 input from stream 0:0 @ 0x7a20ebc980] sws_param option is deprecated and ignored
07-05 22:07:39.413 14016 14979 W Summariser: Summarisation completed
07-05 22:07:39.413 14016 14979 W Summariser:   filename: 20200312_195330!000.mp4
07-05 22:07:39.413 14016 14979 W Summariser:   active sections: 1
07-05 22:07:39.413 14016 14979 W Summariser:   time: 14.170s
07-05 22:07:39.413 14016 14979 W Summariser:   original duration: 16.07
07-05 22:07:39.413 14016 14979 W Summariser:   summarised duration: 1.11
07-05 22:07:39.413 14016 14979 W Summariser:   noise tolerance: 45.00
07-05 22:07:39.413 14016 14979 W Summariser:   quality: 23
07-05 22:07:39.413 14016 14979 W Summariser:   speed: medium
07-05 22:07:39.413 14016 14979 W Summariser:   freeze duration: 1.00
07-05 22:07:39.473 14016 14979 W NearbyFragment: Sending 20200312_195330!000.mp4 to Galaxy S8 [2802]
07-05 22:07:39.646 14016 14243 W mobile-ffmpeg: [graph 0 input from stream 0:0 @ 0x7a20ebcb00] sws_param option is deprecated and ignored
07-05 22:07:45.947 14016 14979 W Summariser: 2 active sections found
07-05 22:07:46.101 14016 14243 W mobile-ffmpeg: [graph 0 input from stream 0:0 @ 0x7a0f751d40] sws_param option is deprecated and ignored
07-05 22:07:46.101 14016 14243 W mobile-ffmpeg: [graph 0 input from stream 0:0 @ 0x7a0f751ec0] sws_param option is deprecated and ignored
07-05 22:08:26.363 14016 14979 W Summariser: Summarisation completed
07-05 22:08:26.363 14016 14979 W Summariser:   filename: 20200312_195330!001.mp4
07-05 22:08:26.363 14016 14979 W Summariser:   active sections: 2
07-05 22:08:26.363 14016 14979 W Summariser:   time: 46.717s
07-05 22:08:26.363 14016 14979 W Summariser:   original duration: 16.02
07-05 22:08:26.363 14016 14979 W Summariser:   summarised duration: 10.91
07-05 22:08:26.363 14016 14979 W Summariser:   noise tolerance: 45.00
07-05 22:08:26.363 14016 14979 W Summariser:   quality: 23
07-05 22:08:26.363 14016 14979 W Summariser:   speed: medium
07-05 22:08:26.363 14016 14979 W Summariser:   freeze duration: 1.00
07-05 22:08:26.387 14016 14979 W NearbyFragment: Sending 20200312_195330!001.mp4 to Galaxy S8 [2802]
07-05 22:08:26.597 14016 14243 W mobile-ffmpeg: [graph 0 input from stream 0:0 @ 0x7a20ebc680] sws_param option is deprecated and ignored
07-05 22:08:32.239 14016 14979 W Summariser: 2 active sections found
07-05 22:08:32.407 14016 14243 W mobile-ffmpeg: [graph 0 input from stream 0:0 @ 0x7a20ebc980] sws_param option is deprecated and ignored
07-05 22:08:32.407 14016 14243 W mobile-ffmpeg: [graph 0 input from stream 0:0 @ 0x7a0f751ec0] sws_param option is deprecated and ignored
07-05 22:09:01.518 14016 14979 W Summariser: Summarisation completed
07-05 22:09:01.518 14016 14979 W Summariser:   filename: 20200312_195330!002.mp4
07-05 22:09:01.518 14016 14979 W Summariser:   active sections: 2
07-05 22:09:01.518 14016 14979 W Summariser:   time: 34.949s
07-05 22:09:01.518 14016 14979 W Summariser:   original duration: 16.01
07-05 22:09:01.518 14016 14979 W Summariser:   summarised duration: 9.07
07-05 22:09:01.518 14016 14979 W Summariser:   noise tolerance: 45.00
07-05 22:09:01.518 14016 14979 W Summariser:   quality: 23
07-05 22:09:01.518 14016 14979 W Summariser:   speed: medium
07-05 22:09:01.518 14016 14979 W Summariser:   freeze duration: 1.00
07-05 22:09:01.537 14016 14979 W NearbyFragment: Sending 20200312_195330!002.mp4 to Galaxy S8 [2802]
07-05 22:09:01.693 14016 14243 W mobile-ffmpeg: [graph 0 input from stream 0:0 @ 0x7a20ebc980] sws_param option is deprecated and ignored
07-05 22:09:05.889 14016 14979 W Summariser: 1 active sections found
07-05 22:09:06.013 14016 14243 W mobile-ffmpeg: [graph 0 input from stream 0:0 @ 0x7a20ebc740] sws_param option is deprecated and ignored
07-05 22:09:19.169 14016 14979 W Summariser: Summarisation completed
07-05 22:09:19.169 14016 14979 W Summariser:   filename: 20200312_195330!003.mp4
07-05 22:09:19.169 14016 14979 W Summariser:   active sections: 1
07-05 22:09:19.169 14016 14979 W Summariser:   time: 17.479s
07-05 22:09:19.169 14016 14979 W Summariser:   original duration: 12.03
07-05 22:09:19.169 14016 14979 W Summariser:   summarised duration: 3.53
07-05 22:09:19.169 14016 14979 W Summariser:   noise tolerance: 45.00
07-05 22:09:19.169 14016 14979 W Summariser:   quality: 23
07-05 22:09:19.169 14016 14979 W Summariser:   speed: medium
07-05 22:09:19.169 14016 14979 W Summariser:   freeze duration: 1.00
07-05 22:09:19.185 14016 14979 W NearbyFragment: Sending 20200312_195330!003.mp4 to Galaxy S8 [2802]
07-05 22:09:19.346 14016 14243 W mobile-ffmpeg: [graph 0 input from stream 0:0 @ 0x7a20ebcb00] sws_param option is deprecated and ignored
07-05 22:09:24.116 14016 14979 W Summariser: 1 active sections found
07-05 22:09:24.258 14016 14243 W mobile-ffmpeg: [graph 0 input from stream 0:0 @ 0x7a20ebc980] sws_param option is deprecated and ignored
07-05 22:09:40.488 14016 14979 W Summariser: Summarisation completed
07-05 22:09:40.488 14016 14979 W Summariser:   filename: 20200312_195430!003.mp4
07-05 22:09:40.488 14016 14979 W Summariser:   active sections: 1
07-05 22:09:40.488 14016 14979 W Summariser:   time: 21.149s
07-05 22:09:40.488 14016 14979 W Summariser:   original duration: 11.98
07-05 22:09:40.488 14016 14979 W Summariser:   summarised duration: 4.54
07-05 22:09:40.488 14016 14979 W Summariser:   noise tolerance: 45.00
07-05 22:09:40.488 14016 14979 W Summariser:   quality: 23
07-05 22:09:40.488 14016 14979 W Summariser:   speed: medium
07-05 22:09:40.488 14016 14979 W Summariser:   freeze duration: 1.00
07-05 22:09:40.505 14016 14979 W NearbyFragment: Sending 20200312_195430!003.mp4 to Galaxy S8 [2802]
