--------- beginning of main
06-29 03:14:09.772  1724  1724 E Zygote  : isWhitelistProcess - Process is Whitelisted
06-29 03:14:09.775  1724  1724 E Zygote  : accessInfo : 1
06-29 03:14:11.814  1724  1724 W LogFactory: Truncating log tag length as it exceed 23, the limit imposed by Android on certain API Levels
06-29 03:14:11.846  1724  1724 W ActivityThread: handleWindowVisibility: no activity for token android.os.BinderProxy@f437c39
06-29 03:14:11.915  1724  1724 W example.edgesu: Accessing hidden method Landroid/graphics/drawable/Drawable;->getOpticalInsets()Landroid/graphics/Insets; (light greylist, linking)
06-29 03:14:11.915  1724  1724 W example.edgesu: Accessing hidden field Landroid/graphics/Insets;->left:I (light greylist, linking)
06-29 03:14:11.915  1724  1724 W example.edgesu: Accessing hidden field Landroid/graphics/Insets;->right:I (light greylist, linking)
06-29 03:14:11.915  1724  1724 W example.edgesu: Accessing hidden field Landroid/graphics/Insets;->top:I (light greylist, linking)
06-29 03:14:11.916  1724  1724 W example.edgesu: Accessing hidden field Landroid/graphics/Insets;->bottom:I (light greylist, linking)
06-29 03:14:11.965  1724  1724 W example.edgesu: Accessing hidden method Landroid/view/View;->computeFitSystemWindows(Landroid/graphics/Rect;Landroid/graphics/Rect;)Z (light greylist, reflection)
06-29 03:14:11.966  1724  1724 W example.edgesu: Accessing hidden method Landroid/view/ViewGroup;->makeOptionalFitsSystemWindows()V (light greylist, reflection)
06-29 03:14:12.071  1724  1724 W example.edgesu: Accessing hidden method Landroid/widget/TextView;->getTextDirectionHeuristic()Landroid/text/TextDirectionHeuristic; (light greylist, linking)
06-29 03:14:12.083  1724  1724 W example.edgesu: Accessing hidden field Landroid/view/View;->mAccessibilityDelegate:Landroid/view/View$AccessibilityDelegate; (light greylist, reflection)
06-29 03:14:12.412  1724  1724 E TransferService: No notification is passed in the intent. Unable to transition to foreground.
06-29 03:14:12.459  1724  1724 W StaticLayout: maxLineHeight should not be -1.  maxLines:1 lineCount:1
06-29 03:14:12.469  1724  1724 W StaticLayout: maxLineHeight should not be -1.  maxLines:1 lineCount:1
06-29 03:14:12.477  1724  1724 W StaticLayout: maxLineHeight should not be -1.  maxLines:1 lineCount:1
06-29 03:14:12.493  1724  1724 W StaticLayout: maxLineHeight should not be -1.  maxLines:1 lineCount:1
06-29 03:14:12.497  1724  1724 W StaticLayout: maxLineHeight should not be -1.  maxLines:1 lineCount:1
06-29 03:14:23.166  1724  1724 W example.edgesu: Accessing hidden method Landroid/graphics/FontFamily;-><init>()V (light greylist, reflection)
06-29 03:14:23.166  1724  1724 W example.edgesu: Accessing hidden method Landroid/graphics/FontFamily;->addFontFromAssetManager(Landroid/content/res/AssetManager;Ljava/lang/String;IZIII[Landroid/graphics/fonts/FontVariationAxis;)Z (light greylist, reflection)
06-29 03:14:23.167  1724  1724 W example.edgesu: Accessing hidden method Landroid/graphics/FontFamily;->addFontFromBuffer(Ljava/nio/ByteBuffer;I[Landroid/graphics/fonts/FontVariationAxis;II)Z (light greylist, reflection)
06-29 03:14:23.167  1724  1724 W example.edgesu: Accessing hidden method Landroid/graphics/FontFamily;->freeze()Z (light greylist, reflection)
06-29 03:14:23.167  1724  1724 W example.edgesu: Accessing hidden method Landroid/graphics/FontFamily;->abortCreation()V (light greylist, reflection)
06-29 03:14:23.168  1724  1724 W example.edgesu: Accessing hidden method Landroid/graphics/Typeface;->createFromFamiliesWithDefault([Landroid/graphics/FontFamily;Ljava/lang/String;II)Landroid/graphics/Typeface; (light greylist, reflection)
06-29 03:14:44.126  1724  1854 W libEGL  : EGLNativeWindowType 0x7c93155010 disconnect failed
06-29 03:14:45.185  1724  1854 W libEGL  : EGLNativeWindowType 0x7c93155010 disconnect failed
06-29 03:14:45.218  1724  1724 E ViewRootImpl: sendUserActionEvent() returned.
06-29 03:15:53.865  1724  1741 W System  : A resource failed to call close. 
06-29 03:16:01.131  1724  1724 W NearbyFragment: Completed downloading 20200312_150643.mp4 from Endpoint{id=vf39, name=Nexus 5X [34d8]} in 07.374s
06-29 03:16:01.343  1724  2612 W mobile-ffmpeg: 
06-29 03:16:01.344  1724  2612 W mobile-ffmpeg: [mov,mp4,m4a,3gp,3g2,mj2 @ 0x7c80e21000] 
06-29 03:16:01.344  1724  2612 W mobile-ffmpeg: 
06-29 03:16:01.344  1724  2612 W mobile-ffmpeg: Found duplicated MOOV Atom. Skipped it
06-29 03:16:08.373  1724  2611 W Summariser: No activity detected
06-29 03:16:08.442  1724  2611 W Summariser: Summarisation completed
06-29 03:16:08.442  1724  2611 W Summariser:   filename: 20200312_150643.mp4
06-29 03:16:08.442  1724  2611 W Summariser:   active sections: 0
06-29 03:16:08.442  1724  2611 W Summariser:   time: 07.134s
06-29 03:16:08.442  1724  2611 W Summariser:   original duration: 60.02
06-29 03:16:08.442  1724  2611 W Summariser:   noise tolerance: 45.00
06-29 03:16:08.442  1724  2611 W Summariser:   quality: 23
06-29 03:16:08.442  1724  2611 W Summariser:   speed: medium
06-29 03:16:08.442  1724  2611 W Summariser:   freeze duration: 1.00
06-29 03:16:33.160  1724  1724 W NearbyFragment: Completed downloading 20200312_150844.mp4 from Endpoint{id=vf39, name=Nexus 5X [34d8]} in 07.455s
06-29 03:16:33.228  1724  2612 W mobile-ffmpeg: 
06-29 03:16:33.228  1724  2612 W mobile-ffmpeg: [mov,mp4,m4a,3gp,3g2,mj2 @ 0x7ca33e3000] 
06-29 03:16:33.228  1724  2612 W mobile-ffmpeg: 
06-29 03:16:33.228  1724  2612 W mobile-ffmpeg: Found duplicated MOOV Atom. Skipped it
06-29 03:16:40.001  1724  2651 W Summariser: Whole video is active
06-29 03:16:41.794  1724  2651 W Summariser: Summarisation completed
06-29 03:16:41.794  1724  2651 W Summariser:   filename: 20200312_150844.mp4
06-29 03:16:41.794  1724  2651 W Summariser:   active sections: -1
06-29 03:16:41.794  1724  2651 W Summariser:   time: 08.442s
06-29 03:16:41.794  1724  2651 W Summariser:   original duration: 60.02
06-29 03:16:41.794  1724  2651 W Summariser:   summarised duration: 60.02
06-29 03:16:41.794  1724  2651 W Summariser:   noise tolerance: 45.00
06-29 03:16:41.794  1724  2651 W Summariser:   quality: 23
06-29 03:16:41.794  1724  2651 W Summariser:   speed: medium
06-29 03:16:41.794  1724  2651 W Summariser:   freeze duration: 1.00
06-29 03:16:41.920  1724  2651 W NearbyFragment: Sending 20200312_150844.mp4 to Nexus 5X [34d8]
06-29 03:16:48.061  1724  1741 W System  : A resource failed to call close. 
06-29 03:16:48.062  1724  1741 W System  : A resource failed to call close. 
06-29 03:17:01.871  1724  1724 W NearbyFragment: Completed downloading 20200312_150944.mp4 from Endpoint{id=vf39, name=Nexus 5X [34d8]} in 08.054s
06-29 03:17:01.962  1724  2612 W mobile-ffmpeg: 
06-29 03:17:01.962  1724  2612 W mobile-ffmpeg: [mov,mp4,m4a,3gp,3g2,mj2 @ 0x7ca3397000] 
06-29 03:17:01.962  1724  2612 W mobile-ffmpeg: 
06-29 03:17:01.962  1724  2612 W mobile-ffmpeg: Found duplicated MOOV Atom. Skipped it
06-29 03:17:08.749  1724  2691 W Summariser: 1 active sections found
06-29 03:17:08.753  1724  2612 W mobile-ffmpeg: 
06-29 03:17:08.753  1724  2612 W mobile-ffmpeg: [mov,mp4,m4a,3gp,3g2,mj2 @ 0x7ca3397000] 
06-29 03:17:08.753  1724  2612 W mobile-ffmpeg: 
06-29 03:17:08.753  1724  2612 W mobile-ffmpeg: Found duplicated MOOV Atom. Skipped it
06-29 03:17:15.486  1724  2691 W Summariser: Summarisation completed
06-29 03:17:15.486  1724  2691 W Summariser:   filename: 20200312_150944.mp4
06-29 03:17:15.486  1724  2691 W Summariser:   active sections: 1
06-29 03:17:15.486  1724  2691 W Summariser:   time: 13.431s
06-29 03:17:15.486  1724  2691 W Summariser:   original duration: 60.02
06-29 03:17:15.486  1724  2691 W Summariser:   summarised duration: 7.07
06-29 03:17:15.486  1724  2691 W Summariser:   noise tolerance: 45.00
06-29 03:17:15.486  1724  2691 W Summariser:   quality: 23
06-29 03:17:15.486  1724  2691 W Summariser:   speed: medium
06-29 03:17:15.486  1724  2691 W Summariser:   freeze duration: 1.00
06-29 03:17:15.602  1724  2691 W NearbyFragment: Sending 20200312_150944.mp4 to Nexus 5X [34d8]
06-29 03:17:48.330  1724  1724 W NearbyFragment: Completed downloading 20200312_193528.mp4 from Endpoint{id=vf39, name=Nexus 5X [34d8]} in 07.508s
06-29 03:17:48.468  1724  2612 W mobile-ffmpeg: 
06-29 03:17:48.469  1724  2612 W mobile-ffmpeg: [mov,mp4,m4a,3gp,3g2,mj2 @ 0x7ca3397000] 
06-29 03:17:48.469  1724  2612 W mobile-ffmpeg: 
06-29 03:17:48.469  1724  2612 W mobile-ffmpeg: Found duplicated MOOV Atom. Skipped it
06-29 03:17:55.257  1724  2775 W Summariser: No activity detected
06-29 03:17:55.307  1724  2775 W Summariser: Summarisation completed
06-29 03:17:55.307  1724  2775 W Summariser:   filename: 20200312_193528.mp4
06-29 03:17:55.307  1724  2775 W Summariser:   active sections: 0
06-29 03:17:55.307  1724  2775 W Summariser:   time: 06.798s
06-29 03:17:55.307  1724  2775 W Summariser:   original duration: 60.05
06-29 03:17:55.307  1724  2775 W Summariser:   noise tolerance: 45.00
06-29 03:17:55.307  1724  2775 W Summariser:   quality: 23
06-29 03:17:55.307  1724  2775 W Summariser:   speed: medium
06-29 03:17:55.307  1724  2775 W Summariser:   freeze duration: 1.00
06-29 03:18:30.605  1724  1741 W System  : A resource failed to call close. 
06-29 03:18:30.606  1724  1741 W System  : A resource failed to call close. 
06-29 03:18:30.606  1724  1741 W System  : A resource failed to call close. 
06-29 03:18:30.606  1724  1741 W System  : A resource failed to call close. 
06-29 03:18:35.299  1724  1724 W NearbyFragment: Completed downloading 20200312_193728.mp4 from Endpoint{id=vf39, name=Nexus 5X [34d8]} in 07.567s
06-29 03:18:35.396  1724  2612 W mobile-ffmpeg: 
06-29 03:18:35.396  1724  2612 W mobile-ffmpeg: [mov,mp4,m4a,3gp,3g2,mj2 @ 0x7ca3397000] 
06-29 03:18:35.396  1724  2612 W mobile-ffmpeg: 
06-29 03:18:35.396  1724  2612 W mobile-ffmpeg: Found duplicated MOOV Atom. Skipped it
06-29 03:18:42.615  1724  2812 W Summariser: Whole video is active
06-29 03:18:44.396  1724  2812 W Summariser: Summarisation completed
06-29 03:18:44.396  1724  2812 W Summariser:   filename: 20200312_193728.mp4
06-29 03:18:44.396  1724  2812 W Summariser:   active sections: -1
06-29 03:18:44.396  1724  2812 W Summariser:   time: 08.832s
06-29 03:18:44.396  1724  2812 W Summariser:   original duration: 60.02
06-29 03:18:44.396  1724  2812 W Summariser:   summarised duration: 60.02
06-29 03:18:44.396  1724  2812 W Summariser:   noise tolerance: 45.00
06-29 03:18:44.396  1724  2812 W Summariser:   quality: 23
06-29 03:18:44.396  1724  2812 W Summariser:   speed: medium
06-29 03:18:44.396  1724  2812 W Summariser:   freeze duration: 1.00
06-29 03:18:44.556  1724  2812 W NearbyFragment: Sending 20200312_193728.mp4 to Nexus 5X [34d8]
06-29 03:19:00.215  1724  1724 W NearbyFragment: Completed downloading 20200312_193828.mp4 from Endpoint{id=vf39, name=Nexus 5X [34d8]} in 09.495s
06-29 03:19:00.279  1724  2612 W mobile-ffmpeg: 
06-29 03:19:00.279  1724  2612 W mobile-ffmpeg: [mov,mp4,m4a,3gp,3g2,mj2 @ 0x7c7cef4000] 
06-29 03:19:00.279  1724  2612 W mobile-ffmpeg: 
06-29 03:19:00.279  1724  2612 W mobile-ffmpeg: Found duplicated MOOV Atom. Skipped it
06-29 03:19:07.436  1724  2851 W Summariser: 1 active sections found
06-29 03:19:07.441  1724  2612 W mobile-ffmpeg: 
06-29 03:19:07.441  1724  2612 W mobile-ffmpeg: [mov,mp4,m4a,3gp,3g2,mj2 @ 0x7c7cef4000] 
06-29 03:19:07.441  1724  2612 W mobile-ffmpeg: 
06-29 03:19:07.441  1724  2612 W mobile-ffmpeg: Found duplicated MOOV Atom. Skipped it
06-29 03:19:14.090  1724  1741 W System  : A resource failed to call close. 
06-29 03:19:14.091  1724  1741 W System  : A resource failed to call close. 
06-29 03:19:21.800  1724  1724 W NearbyFragment: Completed downloading 20200312_193928.mp4 from Endpoint{id=vf39, name=Nexus 5X [34d8]} in 09.270s
06-29 03:19:22.821  1724  2851 W Summariser: Summarisation completed
06-29 03:19:22.821  1724  2851 W Summariser:   filename: 20200312_193828.mp4
06-29 03:19:22.821  1724  2851 W Summariser:   active sections: 1
06-29 03:19:22.821  1724  2851 W Summariser:   time: 22.468s
06-29 03:19:22.821  1724  2851 W Summariser:   original duration: 60.02
06-29 03:19:22.821  1724  2851 W Summariser:   summarised duration: 14.28
06-29 03:19:22.821  1724  2851 W Summariser:   noise tolerance: 45.00
06-29 03:19:22.821  1724  2851 W Summariser:   quality: 23
06-29 03:19:22.821  1724  2851 W Summariser:   speed: medium
06-29 03:19:22.821  1724  2851 W Summariser:   freeze duration: 1.00
06-29 03:19:22.895  1724  2851 W NearbyFragment: Sending 20200312_193828.mp4 to Nexus 5X [34d8]
06-29 03:19:22.932  1724  2612 W mobile-ffmpeg: 
06-29 03:19:22.932  1724  2612 W mobile-ffmpeg: [mov,mp4,m4a,3gp,3g2,mj2 @ 0x7c7cef4000] 
06-29 03:19:22.932  1724  2612 W mobile-ffmpeg: 
06-29 03:19:22.932  1724  2612 W mobile-ffmpeg: Found duplicated MOOV Atom. Skipped it
06-29 03:19:29.768  1724  2851 W Summariser: No activity detected
06-29 03:19:29.817  1724  2851 W Summariser: Summarisation completed
06-29 03:19:29.817  1724  2851 W Summariser:   filename: 20200312_193928.mp4
06-29 03:19:29.817  1724  2851 W Summariser:   active sections: 0
06-29 03:19:29.817  1724  2851 W Summariser:   time: 06.844s
06-29 03:19:29.817  1724  2851 W Summariser:   original duration: 60.89
06-29 03:19:29.817  1724  2851 W Summariser:   noise tolerance: 45.00
06-29 03:19:29.817  1724  2851 W Summariser:   quality: 23
06-29 03:19:29.817  1724  2851 W Summariser:   speed: medium
06-29 03:19:29.817  1724  2851 W Summariser:   freeze duration: 1.00
06-29 03:19:37.468  1724  2584 W example.edgesu: JNI critical lock held for 16.178ms on Thread[16,tid=2584,Runnable,Thread*=0x7c93239800,peer=0x14700a68,"Binder:1724_4"]
06-29 03:19:44.951  1724  1724 W NearbyFragment: Completed downloading 20200312_194129.mp4 from Endpoint{id=vf39, name=Nexus 5X [34d8]} in 12.312s
06-29 03:19:44.986  1724  2612 W mobile-ffmpeg: 
06-29 03:19:44.986  1724  2612 W mobile-ffmpeg: [mov,mp4,m4a,3gp,3g2,mj2 @ 0x7c80ecb000] 
06-29 03:19:44.986  1724  2612 W mobile-ffmpeg: 
06-29 03:19:44.986  1724  2612 W mobile-ffmpeg: Found duplicated MOOV Atom. Skipped it
06-29 03:19:51.888  1724  2958 W Summariser: 2 active sections found
06-29 03:19:51.892  1724  2612 W mobile-ffmpeg: 
06-29 03:19:51.892  1724  2612 W mobile-ffmpeg: [mov,mp4,m4a,3gp,3g2,mj2 @ 0x7c80ecb000] 
06-29 03:19:51.892  1724  2612 W mobile-ffmpeg: 
06-29 03:19:51.892  1724  2612 W mobile-ffmpeg: Found duplicated MOOV Atom. Skipped it
06-29 03:20:05.576  1724  2958 W Summariser: Summarisation completed
06-29 03:20:05.576  1724  2958 W Summariser:   filename: 20200312_194129.mp4
06-29 03:20:05.576  1724  2958 W Summariser:   active sections: 2
06-29 03:20:05.576  1724  2958 W Summariser:   time: 20.528s
06-29 03:20:05.576  1724  2958 W Summariser:   original duration: 60.02
06-29 03:20:05.576  1724  2958 W Summariser:   summarised duration: 10.77
06-29 03:20:05.576  1724  2958 W Summariser:   noise tolerance: 45.00
06-29 03:20:05.576  1724  2958 W Summariser:   quality: 23
06-29 03:20:05.576  1724  2958 W Summariser:   speed: medium
06-29 03:20:05.576  1724  2958 W Summariser:   freeze duration: 1.00
06-29 03:20:05.691  1724  2958 W NearbyFragment: Sending 20200312_194129.mp4 to Nexus 5X [34d8]
06-29 03:20:25.830  1724  1741 W System  : A resource failed to call close. 
06-29 03:20:25.831  1724  1741 W System  : A resource failed to call close. 
06-29 03:20:28.319  1724  1724 W NearbyFragment: Completed downloading 20200312_194330.mp4 from Endpoint{id=vf39, name=Nexus 5X [34d8]} in 07.446s
06-29 03:20:28.410  1724  2612 W mobile-ffmpeg: 
06-29 03:20:28.410  1724  2612 W mobile-ffmpeg: [mov,mp4,m4a,3gp,3g2,mj2 @ 0x7ca5678800] 
06-29 03:20:28.410  1724  2612 W mobile-ffmpeg: 
06-29 03:20:28.411  1724  2612 W mobile-ffmpeg: Found duplicated MOOV Atom. Skipped it
06-29 03:20:35.039  1724  3075 W Summariser: No activity detected
06-29 03:20:35.065  1724  3075 W Summariser: Summarisation completed
06-29 03:20:35.065  1724  3075 W Summariser:   filename: 20200312_194330.mp4
06-29 03:20:35.065  1724  3075 W Summariser:   active sections: 0
06-29 03:20:35.065  1724  3075 W Summariser:   time: 06.641s
06-29 03:20:35.065  1724  3075 W Summariser:   original duration: 60.02
06-29 03:20:35.065  1724  3075 W Summariser:   noise tolerance: 45.00
06-29 03:20:35.065  1724  3075 W Summariser:   quality: 23
06-29 03:20:35.065  1724  3075 W Summariser:   speed: medium
06-29 03:20:35.065  1724  3075 W Summariser:   freeze duration: 1.00
06-29 03:20:48.145  1724  1724 W NearbyFragment: Completed downloading 20200312_194730.mp4 from Endpoint{id=vf39, name=Nexus 5X [34d8]} in 07.421s
06-29 03:20:48.282  1724  2612 W mobile-ffmpeg: 
06-29 03:20:48.282  1724  2612 W mobile-ffmpeg: [mov,mp4,m4a,3gp,3g2,mj2 @ 0x7ca5678800] 
06-29 03:20:48.282  1724  2612 W mobile-ffmpeg: 
06-29 03:20:48.283  1724  2612 W mobile-ffmpeg: Found duplicated MOOV Atom. Skipped it
06-29 03:20:55.342  1724  3112 W Summariser: No activity detected
06-29 03:20:55.389  1724  3112 W Summariser: Summarisation completed
06-29 03:20:55.389  1724  3112 W Summariser:   filename: 20200312_194730.mp4
06-29 03:20:55.389  1724  3112 W Summariser:   active sections: 0
06-29 03:20:55.389  1724  3112 W Summariser:   time: 07.072s
06-29 03:20:55.389  1724  3112 W Summariser:   original duration: 60.02
06-29 03:20:55.389  1724  3112 W Summariser:   noise tolerance: 45.00
06-29 03:20:55.389  1724  3112 W Summariser:   quality: 23
06-29 03:20:55.389  1724  3112 W Summariser:   speed: medium
06-29 03:20:55.389  1724  3112 W Summariser:   freeze duration: 1.00
06-29 03:21:08.782  1724  1724 W NearbyFragment: Completed downloading 20200312_194830.mp4 from Endpoint{id=vf39, name=Nexus 5X [34d8]} in 07.667s
06-29 03:21:08.864  1724  2612 W mobile-ffmpeg: 
06-29 03:21:08.864  1724  2612 W mobile-ffmpeg: [mov,mp4,m4a,3gp,3g2,mj2 @ 0x7ca5678800] 
06-29 03:21:08.864  1724  2612 W mobile-ffmpeg: 
06-29 03:21:08.865  1724  2612 W mobile-ffmpeg: Found duplicated MOOV Atom. Skipped it
06-29 03:21:15.850  1724  3142 W Summariser: 4 active sections found
06-29 03:21:15.854  1724  2612 W mobile-ffmpeg: 
06-29 03:21:15.854  1724  2612 W mobile-ffmpeg: [mov,mp4,m4a,3gp,3g2,mj2 @ 0x7ca5678800] 
06-29 03:21:15.854  1724  2612 W mobile-ffmpeg: 
06-29 03:21:15.854  1724  2612 W mobile-ffmpeg: Found duplicated MOOV Atom. Skipped it
06-29 03:21:23.461  1724  1741 W System  : A resource failed to call close. 
06-29 03:21:23.464  1724  1741 W System  : A resource failed to call close. 
06-29 03:21:31.199  1724  1724 W NearbyFragment: Completed downloading 20200312_194930.mp4 from Endpoint{id=vf39, name=Nexus 5X [34d8]} in 09.772s
06-29 03:21:39.096  1724  3142 W Summariser: Summarisation completed
06-29 03:21:39.096  1724  3142 W Summariser:   filename: 20200312_194830.mp4
06-29 03:21:39.096  1724  3142 W Summariser:   active sections: 4
06-29 03:21:39.096  1724  3142 W Summariser:   time: 30.142s
06-29 03:21:39.096  1724  3142 W Summariser:   original duration: 60.02
06-29 03:21:39.096  1724  3142 W Summariser:   summarised duration: 19.02
06-29 03:21:39.096  1724  3142 W Summariser:   noise tolerance: 45.00
06-29 03:21:39.096  1724  3142 W Summariser:   quality: 23
06-29 03:21:39.096  1724  3142 W Summariser:   speed: medium
06-29 03:21:39.096  1724  3142 W Summariser:   freeze duration: 1.00
06-29 03:21:39.180  1724  3142 W NearbyFragment: Sending 20200312_194830.mp4 to Nexus 5X [34d8]
06-29 03:21:39.235  1724  2612 W mobile-ffmpeg: 
06-29 03:21:39.235  1724  2612 W mobile-ffmpeg: [mov,mp4,m4a,3gp,3g2,mj2 @ 0x7ca5678800] 
06-29 03:21:39.235  1724  2612 W mobile-ffmpeg: 
06-29 03:21:39.236  1724  2612 W mobile-ffmpeg: Found duplicated MOOV Atom. Skipped it
06-29 03:21:47.150  1724  3142 W Summariser: 2 active sections found
06-29 03:21:47.155  1724  2612 W mobile-ffmpeg: 
06-29 03:21:47.155  1724  2612 W mobile-ffmpeg: [mov,mp4,m4a,3gp,3g2,mj2 @ 0x7ca5678800] 
06-29 03:21:47.155  1724  2612 W mobile-ffmpeg: 
06-29 03:21:47.155  1724  2612 W mobile-ffmpeg: Found duplicated MOOV Atom. Skipped it
06-29 03:21:50.198  1724  1724 W NearbyFragment: Completed downloading 20200312_195230.mp4 from Endpoint{id=vf39, name=Nexus 5X [34d8]} in 09.255s
06-29 03:22:13.634  1724  3142 W Summariser: Summarisation completed
06-29 03:22:13.634  1724  3142 W Summariser:   filename: 20200312_194930.mp4
06-29 03:22:13.634  1724  3142 W Summariser:   active sections: 2
06-29 03:22:13.634  1724  3142 W Summariser:   time: 34.300s
06-29 03:22:13.634  1724  3142 W Summariser:   original duration: 60.02
06-29 03:22:13.634  1724  3142 W Summariser:   summarised duration: 22.25
06-29 03:22:13.634  1724  3142 W Summariser:   noise tolerance: 45.00
06-29 03:22:13.634  1724  3142 W Summariser:   quality: 23
06-29 03:22:13.634  1724  3142 W Summariser:   speed: medium
06-29 03:22:13.634  1724  3142 W Summariser:   freeze duration: 1.00
06-29 03:22:13.764  1724  3142 W NearbyFragment: Sending 20200312_194930.mp4 to Nexus 5X [34d8]
06-29 03:22:13.818  1724  2612 W mobile-ffmpeg: 
06-29 03:22:13.819  1724  2612 W mobile-ffmpeg: [mov,mp4,m4a,3gp,3g2,mj2 @ 0x7ca5678800] 
06-29 03:22:13.819  1724  2612 W mobile-ffmpeg: 
06-29 03:22:13.819  1724  2612 W mobile-ffmpeg: Found duplicated MOOV Atom. Skipped it
06-29 03:22:21.243  1724  3142 W Summariser: 1 active sections found
06-29 03:22:21.247  1724  2612 W mobile-ffmpeg: 
06-29 03:22:21.248  1724  2612 W mobile-ffmpeg: [mov,mp4,m4a,3gp,3g2,mj2 @ 0x7ca5678800] 
06-29 03:22:21.248  1724  2612 W mobile-ffmpeg: 
06-29 03:22:21.248  1724  2612 W mobile-ffmpeg: Found duplicated MOOV Atom. Skipped it
06-29 03:22:31.564  1724  3142 W Summariser: Summarisation completed
06-29 03:22:31.564  1724  3142 W Summariser:   filename: 20200312_195230.mp4
06-29 03:22:31.564  1724  3142 W Summariser:   active sections: 1
06-29 03:22:31.564  1724  3142 W Summariser:   time: 17.666s
06-29 03:22:31.564  1724  3142 W Summariser:   original duration: 60.02
06-29 03:22:31.564  1724  3142 W Summariser:   summarised duration: 6.97
06-29 03:22:31.564  1724  3142 W Summariser:   noise tolerance: 45.00
06-29 03:22:31.564  1724  3142 W Summariser:   quality: 23
06-29 03:22:31.564  1724  3142 W Summariser:   speed: medium
06-29 03:22:31.564  1724  3142 W Summariser:   freeze duration: 1.00
06-29 03:22:31.664  1724  3142 W NearbyFragment: Sending 20200312_195230.mp4 to Nexus 5X [34d8]
06-29 03:22:32.836  1724  1741 W System  : A resource failed to call close. 
06-29 03:22:32.836  1724  1741 W System  : A resource failed to call close. 
06-29 03:22:32.837  1724  1741 W System  : A resource failed to call close. 
06-29 03:22:35.937  1724  1724 W NearbyFragment: Completed downloading 20200312_195430.mp4 from Endpoint{id=vf39, name=Nexus 5X [34d8]} in 07.381s
06-29 03:22:36.003  1724  2612 W mobile-ffmpeg: 
06-29 03:22:36.004  1724  2612 W mobile-ffmpeg: [mov,mp4,m4a,3gp,3g2,mj2 @ 0x7ca5678800] 
06-29 03:22:36.004  1724  2612 W mobile-ffmpeg: 
06-29 03:22:36.004  1724  2612 W mobile-ffmpeg: Found duplicated MOOV Atom. Skipped it
06-29 03:22:42.955  1724  3553 W Summariser: 5 active sections found
06-29 03:22:42.959  1724  2612 W mobile-ffmpeg: 
06-29 03:22:42.959  1724  2612 W mobile-ffmpeg: [mov,mp4,m4a,3gp,3g2,mj2 @ 0x7ca5678800] 
06-29 03:22:42.959  1724  2612 W mobile-ffmpeg: 
06-29 03:22:42.959  1724  2612 W mobile-ffmpeg: Found duplicated MOOV Atom. Skipped it
06-29 03:23:04.352  1724  3553 W Summariser: Summarisation completed
06-29 03:23:04.352  1724  3553 W Summariser:   filename: 20200312_195430.mp4
06-29 03:23:04.352  1724  3553 W Summariser:   active sections: 5
06-29 03:23:04.352  1724  3553 W Summariser:   time: 28.252s
06-29 03:23:04.352  1724  3553 W Summariser:   original duration: 60.02
06-29 03:23:04.352  1724  3553 W Summariser:   summarised duration: 21.92
06-29 03:23:04.352  1724  3553 W Summariser:   noise tolerance: 45.00
06-29 03:23:04.352  1724  3553 W Summariser:   quality: 23
06-29 03:23:04.352  1724  3553 W Summariser:   speed: medium
06-29 03:23:04.352  1724  3553 W Summariser:   freeze duration: 1.00
06-29 03:23:04.473  1724  3553 W NearbyFragment: Sending 20200312_195430.mp4 to Nexus 5X [34d8]
