--------- beginning of main
07-05 23:11:26.633  9882  9882 E Zygote  : isWhitelistProcess - Process is Whitelisted
07-05 23:11:26.636  9882  9882 E Zygote  : accessInfo : 1
07-05 23:11:26.651  9882  9882 I example.edgesu: Late-enabling -Xcheck:jni
07-05 23:11:28.105  9882  9882 I TransferService: Starting Transfer Service to listen for network connectivity changes.
07-05 23:11:28.110  9882  9882 W LogFactory: Truncating log tag length as it exceed 23, the limit imposed by Android on certain API Levels
07-05 23:11:28.205  9882  9882 I TransferService: Registering the network receiver
07-05 23:11:28.209  9882  9882 I TransferService: Moving the service out of the Foreground state.
07-05 23:11:28.211  9882  9882 I TransferService: De-registering the network receiver.
07-05 23:11:49.069  9882  9882 W ActivityThread: handleWindowVisibility: no activity for token android.os.BinderProxy@5e6eb33
07-05 23:11:49.078  9882  9909 D vndksupport: Loading /vendor/lib64/egl/libGLES_mali.so from current namespace instead of sphal namespace.
07-05 23:11:49.101  9882  9909 D libEGL  : loaded /vendor/lib64/egl/libGLES_mali.so
07-05 23:11:49.152  9882  9882 W example.edgesu: Accessing hidden method Landroid/graphics/drawable/Drawable;->getOpticalInsets()Landroid/graphics/Insets; (light greylist, linking)
07-05 23:11:49.153  9882  9882 W example.edgesu: Accessing hidden field Landroid/graphics/Insets;->left:I (light greylist, linking)
07-05 23:11:49.153  9882  9882 W example.edgesu: Accessing hidden field Landroid/graphics/Insets;->right:I (light greylist, linking)
07-05 23:11:49.153  9882  9882 W example.edgesu: Accessing hidden field Landroid/graphics/Insets;->top:I (light greylist, linking)
07-05 23:11:49.153  9882  9882 W example.edgesu: Accessing hidden field Landroid/graphics/Insets;->bottom:I (light greylist, linking)
07-05 23:11:49.170  9882  9882 I DecorView: createDecorCaptionView >> DecorView@d5170b4[], isFloating: false, isApplication: true, hasWindowDecorCaption: false, hasWindowControllerCallback: true
07-05 23:11:49.199  9882  9882 W example.edgesu: Accessing hidden method Landroid/view/View;->computeFitSystemWindows(Landroid/graphics/Rect;Landroid/graphics/Rect;)Z (light greylist, reflection)
07-05 23:11:49.200  9882  9882 W example.edgesu: Accessing hidden method Landroid/view/ViewGroup;->makeOptionalFitsSystemWindows()V (light greylist, reflection)
07-05 23:11:49.304  9882  9882 W example.edgesu: Accessing hidden method Landroid/widget/TextView;->getTextDirectionHeuristic()Landroid/text/TextDirectionHeuristic; (light greylist, linking)
07-05 23:11:49.314  9882  9882 W example.edgesu: Accessing hidden field Landroid/view/View;->mAccessibilityDelegate:Landroid/view/View$AccessibilityDelegate; (light greylist, reflection)
07-05 23:11:49.379  9882  9882 V Repo    : /storage/emulated/0/Movies/raw
07-05 23:11:49.380  9882  9882 V Repo    : /storage/emulated/0/Movies/summarised
07-05 23:11:49.408  9882  9882 V FileManager: External storage is readable
07-05 23:11:49.409  9882  9882 V FileManager: Directory already exists: /storage/emulated/0/Movies/raw
07-05 23:11:49.411  9882  9882 V FileManager: External storage is readable
07-05 23:11:49.412  9882  9882 V FileManager: Directory already exists: /storage/emulated/0/Movies/summarised
07-05 23:11:49.414  9882  9882 V FileManager: External storage is readable
07-05 23:11:49.414  9882  9882 V FileManager: Directory already exists: /storage/emulated/0/Download/nearby
07-05 23:11:49.415  9882  9882 V FileManager: External storage is readable
07-05 23:11:49.415  9882  9882 V FileManager: Directory already exists: /storage/emulated/0/Movies/segment
07-05 23:11:49.416  9882  9882 V FileManager: External storage is readable
07-05 23:11:49.417  9882  9882 V FileManager: Directory already exists: /storage/emulated/0/Movies/segment-sum
07-05 23:11:49.551  9882  9882 V VideoManager: getAllVideoFromExternalStorageFolder
07-05 23:11:49.552  9882  9882 D VideoManager: /storage/emulated/0/Movies/summarised
07-05 23:11:49.566  9882  9882 D VideoManager: 0 videos return
07-05 23:11:49.596  9882  9882 V VideoManager: getAllVideoFromExternalStorageFolder
07-05 23:11:49.598  9882  9882 D VideoManager: /storage/emulated/0/Movies/raw
07-05 23:11:49.602  9882  9882 D VideoManager: 0 videos return
07-05 23:11:49.627  9882  9882 D OpenGLRenderer: Skia GL Pipeline
07-05 23:11:49.630  9882  9882 D EmergencyMode: [EmergencyManager] android createPackageContext successful
07-05 23:11:49.643  9882  9882 D InputTransport: Input channel constructed: fd=64
07-05 23:11:49.644  9882  9882 D ViewRootImpl@f774588[MainActivity]: setView = DecorView@d5170b4[MainActivity] TM=true MM=false
07-05 23:11:49.648  9882  9882 I TransferService: Starting Transfer Service to listen for network connectivity changes.
07-05 23:11:49.648  9882  9882 I TransferService: Registering the network receiver
07-05 23:11:49.650  9882  9882 E TransferService: No notification is passed in the intent. Unable to transition to foreground.
07-05 23:11:49.686  9882  9882 D ViewRootImpl@f774588[MainActivity]: dispatchAttachedToWindow
07-05 23:11:49.688  9882  9895 D MainActivity: Scanned /storage/emulated/0/Movies/raw
07-05 23:11:49.688  9882  9895 D MainActivity:   -> uri=content://media/external/file/138419
07-05 23:11:49.702  9882  9882 W StaticLayout: maxLineHeight should not be -1.  maxLines:1 lineCount:1
07-05 23:11:49.708  9882  9895 D MainActivity: Scanned /storage/emulated/0/Movies/summarised
07-05 23:11:49.708  9882  9895 D MainActivity:   -> uri=content://media/external/file/138420
07-05 23:11:49.711  9882  9882 W StaticLayout: maxLineHeight should not be -1.  maxLines:1 lineCount:1
07-05 23:11:49.715  9882  9882 I chatty  : uid=10568(com.example.edgesum) identical 1 line
07-05 23:11:49.719  9882  9882 W StaticLayout: maxLineHeight should not be -1.  maxLines:1 lineCount:1
07-05 23:11:49.731  9882  9882 D ViewRootImpl@f774588[MainActivity]: Relayout returned: old=[0,0][720,1480] new=[0,0][720,1480] result=0x7 surface={valid=true 519406923776} changed=true
07-05 23:11:49.737  9882  9882 W StaticLayout: maxLineHeight should not be -1.  maxLines:1 lineCount:1
07-05 23:11:49.740  9882  9914 I ConfigStore: android::hardware::configstore::V1_0::ISurfaceFlingerConfigs::hasWideColorDisplay retrieved: 0
07-05 23:11:49.741  9882  9914 I ConfigStore: android::hardware::configstore::V1_0::ISurfaceFlingerConfigs::hasHDRDisplay retrieved: 0
07-05 23:11:49.741  9882  9914 I OpenGLRenderer: Initialized EGL, version 1.4
07-05 23:11:49.741  9882  9914 D OpenGLRenderer: Swap behavior 2
07-05 23:11:49.742  9882  9882 W StaticLayout: maxLineHeight should not be -1.  maxLines:1 lineCount:1
07-05 23:11:49.751  9882  9882 I TransferNetworkLossHand: Network connectivity changed detected.
07-05 23:11:49.752  9882  9914 D mali_winsys: EGLint new_window_surface(egl_winsys_display *, void *, EGLSurface, EGLConfig, egl_winsys_surface **, EGLBoolean) returns 0x3000
07-05 23:11:49.752  9882  9914 D OpenGLRenderer: eglCreateWindowSurface = 0x78d5f6c200, 0x78ef10b010
07-05 23:11:49.753  9882  9882 I TransferNetworkLossHand: Network connected: true
07-05 23:11:49.754  9882  9929 D TransferNetworkLossHand: Loading transfers from database...
07-05 23:11:49.757  9882  9929 D TransferNetworkLossHand: Closing the cursor for resumeAllTransfers
07-05 23:11:49.757  9882  9929 D TransferNetworkLossHand: 0 transfers are loaded from database.
07-05 23:11:49.836  9882  9914 D vndksupport: Loading /vendor/lib64/hw/android.hardware.graphics.mapper@2.0-impl.so from current namespace instead of sphal namespace.
07-05 23:11:49.857  9882  9882 D ViewRootImpl@f774588[MainActivity]: setWindowStopped(false) old=false
07-05 23:11:49.862  9882  9882 D ViewRootImpl@f774588[MainActivity]: MSG_RESIZED: frame=Rect(0, 0 - 720, 1480) ci=Rect(0, 48 - 0, 96) vi=Rect(0, 48 - 0, 96) or=1
07-05 23:11:49.862  9882  9882 D ViewRootImpl@f774588[MainActivity]: MSG_WINDOW_FOCUS_CHANGED 1 1
07-05 23:11:49.869  9882  9882 D InputMethodManager: prepareNavigationBarInfo() DecorView@d5170b4[MainActivity]
07-05 23:11:49.869  9882  9882 D InputMethodManager: getNavigationBarColor() -855310
07-05 23:11:49.874  9882  9882 D InputMethodManager: prepareNavigationBarInfo() DecorView@d5170b4[MainActivity]
07-05 23:11:49.874  9882  9882 D InputMethodManager: getNavigationBarColor() -855310
07-05 23:11:49.874  9882  9882 V InputMethodManager: Starting input: tba=com.example.edgesum ic=null mNaviBarColor -855310 mIsGetNaviBarColorSuccess true , NavVisible : true , NavTrans : false
07-05 23:11:49.874  9882  9882 D InputMethodManager: startInputInner - Id : 0
07-05 23:11:49.874  9882  9882 I InputMethodManager: startInputInner - mService.startInputOrWindowGainedFocus
07-05 23:11:49.879  9882  9895 D InputTransport: Input channel constructed: fd=74
07-05 23:11:49.911  9882  9882 D InputMethodManager: prepareNavigationBarInfo() DecorView@d5170b4[MainActivity]
07-05 23:11:49.911  9882  9882 D InputMethodManager: getNavigationBarColor() -855310
07-05 23:11:49.911  9882  9882 V InputMethodManager: Starting input: tba=com.example.edgesum ic=null mNaviBarColor -855310 mIsGetNaviBarColorSuccess true , NavVisible : true , NavTrans : false
07-05 23:11:49.911  9882  9882 D InputMethodManager: startInputInner - Id : 0
07-05 23:11:55.455  9882  9882 D ViewRootImpl@f774588[MainActivity]: ViewPostIme pointer 0
07-05 23:11:55.497  9882  9882 D ViewRootImpl@f774588[MainActivity]: ViewPostIme pointer 1
07-05 23:11:55.516  9882  9882 V MainActivity: Connect button clicked
07-05 23:11:57.905  9882  9882 D ViewRootImpl@f774588[MainActivity]: ViewPostIme pointer 0
07-05 23:11:57.952  9882  9882 D ViewRootImpl@f774588[MainActivity]: ViewPostIme pointer 1
07-05 23:11:57.961  9882  9882 V ConnectionFragment: Advertisement switch checked
07-05 23:11:59.286  9882  9882 D NearbyFragment: Started advertising
07-05 23:12:09.349  9882  9882 D NearbyFragment: Initiated connection with Qd2N: Nexus 5X [34d8]
07-05 23:12:09.368  9882  9882 D Dialog  : mIsSamsungBasicInteraction = false
07-05 23:12:09.368  9882  9882 D Dialog  : mIsSamsungBasicInteraction = false, isMetaDataInActivity = false
07-05 23:12:09.404  9882  9882 I DecorView: createDecorCaptionView >> DecorView@8a02a38[], isFloating: true, isApplication: true, hasWindowDecorCaption: false, hasWindowControllerCallback: false
07-05 23:12:09.476  9882  9882 D ScrollView: initGoToTop
07-05 23:12:09.534  9882  9882 D InputTransport: Input channel constructed: fd=76
07-05 23:12:09.536  9882  9882 D ViewRootImpl@66f5c14[MainActivity]: setView = DecorView@8a02a38[MainActivity] TM=true MM=false
07-05 23:12:09.559  9882  9882 W example.edgesu: Accessing hidden method Landroid/graphics/FontFamily;-><init>()V (light greylist, reflection)
07-05 23:12:09.559  9882  9882 W example.edgesu: Accessing hidden method Landroid/graphics/FontFamily;->addFontFromAssetManager(Landroid/content/res/AssetManager;Ljava/lang/String;IZIII[Landroid/graphics/fonts/FontVariationAxis;)Z (light greylist, reflection)
07-05 23:12:09.559  9882  9882 W example.edgesu: Accessing hidden method Landroid/graphics/FontFamily;->addFontFromBuffer(Ljava/nio/ByteBuffer;I[Landroid/graphics/fonts/FontVariationAxis;II)Z (light greylist, reflection)
07-05 23:12:09.559  9882  9882 W example.edgesu: Accessing hidden method Landroid/graphics/FontFamily;->freeze()Z (light greylist, reflection)
07-05 23:12:09.559  9882  9882 W example.edgesu: Accessing hidden method Landroid/graphics/FontFamily;->abortCreation()V (light greylist, reflection)
07-05 23:12:09.559  9882  9882 W example.edgesu: Accessing hidden method Landroid/graphics/Typeface;->createFromFamiliesWithDefault([Landroid/graphics/FontFamily;Ljava/lang/String;II)Landroid/graphics/Typeface; (light greylist, reflection)
07-05 23:12:09.627  9882  9882 D ViewRootImpl@66f5c14[MainActivity]: dispatchAttachedToWindow
07-05 23:12:09.701  9882  9882 D ViewRootImpl@66f5c14[MainActivity]: Relayout returned: old=[0,48][720,1384] new=[18,508][702,923] result=0x7 surface={valid=true 518994243584} changed=true
07-05 23:12:09.704  9882  9914 D mali_winsys: EGLint new_window_surface(egl_winsys_display *, void *, EGLSurface, EGLConfig, egl_winsys_surface **, EGLBoolean) returns 0x3000
07-05 23:12:09.704  9882  9914 D OpenGLRenderer: eglCreateWindowSurface = 0x78d617c380, 0x78d677b010
07-05 23:12:09.720  9882  9882 D ScrollView:  onsize change changed 
07-05 23:12:09.732  9882  9882 D ViewRootImpl@66f5c14[MainActivity]: MSG_WINDOW_FOCUS_CHANGED 1 1
07-05 23:12:09.766  9882  9882 D ViewRootImpl@66f5c14[MainActivity]: MSG_RESIZED: frame=Rect(18, 508 - 702, 923) ci=Rect(0, 0 - 0, 0) vi=Rect(0, 0 - 0, 0) or=1
07-05 23:12:09.830  9882  9882 D ViewRootImpl@f774588[MainActivity]: MSG_WINDOW_FOCUS_CHANGED 0 1
07-05 23:12:09.830  9882  9882 D InputMethodManager: prepareNavigationBarInfo() DecorView@d5170b4[MainActivity]
07-05 23:12:09.830  9882  9882 D InputMethodManager: getNavigationBarColor() -855310
07-05 23:12:10.808  9882  9882 D ViewRootImpl@66f5c14[MainActivity]: ViewPostIme pointer 0
07-05 23:12:10.873  9882  9882 D ViewRootImpl@66f5c14[MainActivity]: ViewPostIme pointer 1
07-05 23:12:10.912  9882  9914 W libEGL  : EGLNativeWindowType 0x78d677b010 disconnect failed
07-05 23:12:10.912  9882  9914 D OpenGLRenderer: eglDestroySurface = 0x78d617c380, 0x78d677b000
07-05 23:12:10.912  9882  9914 D OpenGLRenderer: endAllActiveAnimators on 0x78d6194900 (RippleDrawable) with handle 0x78d651e040
07-05 23:12:10.912  9882  9882 D ViewRootImpl@66f5c14[MainActivity]: dispatchDetachedFromWindow
07-05 23:12:10.914  9882  9882 D ViewRootImpl@66f5c14[MainActivity]: Surface release. android.view.ViewRootImpl.doDie:7979 android.view.ViewRootImpl.die:7947 android.view.WindowManagerGlobal.removeViewLocked:497 android.view.WindowManagerGlobal.removeView:435 android.view.WindowManagerImpl.removeViewImmediate:124 android.app.Dialog.dismissDialog:518 android.app.Dialog.dismiss:501 androidx.appcompat.app.AlertController$ButtonHandler.handleMessage:171 
07-05 23:12:10.930  9882  9882 D InputTransport: Input channel destroyed: fd=76
07-05 23:12:10.933  9882  9882 I NearbyFragment: Connected to Endpoint{id=Qd2N, name=Nexus 5X [34d8]}
07-05 23:12:10.996  9882  9882 D ViewRootImpl@f774588[MainActivity]: MSG_WINDOW_FOCUS_CHANGED 1 1
07-05 23:12:10.997  9882  9882 D InputMethodManager: prepareNavigationBarInfo() DecorView@d5170b4[MainActivity]
07-05 23:12:10.998  9882  9882 D InputMethodManager: getNavigationBarColor() -855310
07-05 23:12:11.013  9882  9882 E ViewRootImpl: sendUserActionEvent() returned.
07-05 23:12:15.343  9882  9882 D NearbyFragment: Initiated connection with w2Lc: Nexus 5 [1825]
07-05 23:12:15.348  9882  9882 D Dialog  : mIsSamsungBasicInteraction = false
07-05 23:12:15.348  9882  9882 D Dialog  : mIsSamsungBasicInteraction = false, isMetaDataInActivity = false
07-05 23:12:15.367  9882  9882 I DecorView: createDecorCaptionView >> DecorView@ba42c4b[], isFloating: true, isApplication: true, hasWindowDecorCaption: false, hasWindowControllerCallback: false
07-05 23:12:15.428  9882  9882 D ScrollView: initGoToTop
07-05 23:12:15.487  9882  9882 D InputTransport: Input channel constructed: fd=76
07-05 23:12:15.491  9882  9882 D ViewRootImpl@25752be[MainActivity]: setView = DecorView@ba42c4b[MainActivity] TM=true MM=false
07-05 23:12:15.550  9882  9882 D ViewRootImpl@25752be[MainActivity]: dispatchAttachedToWindow
07-05 23:12:15.585  9882  9887 I example.edgesu: Compiler allocated 4MB to compile void android.widget.TextView.<init>(android.content.Context, android.util.AttributeSet, int, int)
07-05 23:12:15.641  9882  9882 D ViewRootImpl@25752be[MainActivity]: Relayout returned: old=[0,48][720,1384] new=[18,508][702,923] result=0x7 surface={valid=true 518904668160} changed=true
07-05 23:12:15.650  9882  9914 D mali_winsys: EGLint new_window_surface(egl_winsys_display *, void *, EGLSurface, EGLConfig, egl_winsys_surface **, EGLBoolean) returns 0x3000
07-05 23:12:15.650  9882  9914 D OpenGLRenderer: eglCreateWindowSurface = 0x78d6504380, 0x78d120e010
07-05 23:12:15.675  9882  9882 D ScrollView:  onsize change changed 
07-05 23:12:15.689  9882  9882 D ViewRootImpl@25752be[MainActivity]: MSG_WINDOW_FOCUS_CHANGED 1 1
07-05 23:12:15.733  9882  9882 D ViewRootImpl@25752be[MainActivity]: MSG_RESIZED: frame=Rect(18, 508 - 702, 923) ci=Rect(0, 0 - 0, 0) vi=Rect(0, 0 - 0, 0) or=1
07-05 23:12:15.775  9882  9882 D ViewRootImpl@f774588[MainActivity]: MSG_WINDOW_FOCUS_CHANGED 0 1
07-05 23:12:15.776  9882  9882 D InputMethodManager: prepareNavigationBarInfo() DecorView@d5170b4[MainActivity]
07-05 23:12:15.776  9882  9882 D InputMethodManager: getNavigationBarColor() -855310
07-05 23:12:16.789  9882  9882 D ViewRootImpl@25752be[MainActivity]: ViewPostIme pointer 0
07-05 23:12:16.870  9882  9882 D ViewRootImpl@25752be[MainActivity]: ViewPostIme pointer 1
07-05 23:12:17.649  9882  9882 D ViewRootImpl@25752be[MainActivity]: ViewPostIme pointer 0
07-05 23:12:17.721  9882  9882 D ViewRootImpl@25752be[MainActivity]: ViewPostIme pointer 1
07-05 23:12:17.746  9882  9914 W libEGL  : EGLNativeWindowType 0x78d120e010 disconnect failed
07-05 23:12:17.746  9882  9914 D OpenGLRenderer: eglDestroySurface = 0x78d6504380, 0x78d120e000
07-05 23:12:17.746  9882  9914 D OpenGLRenderer: endAllActiveAnimators on 0x78d12b5000 (RippleDrawable) with handle 0x78d6444c00
07-05 23:12:17.747  9882  9882 D ViewRootImpl@25752be[MainActivity]: dispatchDetachedFromWindow
07-05 23:12:17.747  9882  9882 D ViewRootImpl@25752be[MainActivity]: Surface release. android.view.ViewRootImpl.doDie:7979 android.view.ViewRootImpl.die:7947 android.view.WindowManagerGlobal.removeViewLocked:497 android.view.WindowManagerGlobal.removeView:435 android.view.WindowManagerImpl.removeViewImmediate:124 android.app.Dialog.dismissDialog:518 android.app.Dialog.dismiss:501 androidx.appcompat.app.AlertController$ButtonHandler.handleMessage:171 
07-05 23:12:17.767  9882  9882 D InputTransport: Input channel destroyed: fd=76
07-05 23:12:17.770  9882  9882 I NearbyFragment: Connected to Endpoint{id=w2Lc, name=Nexus 5 [1825]}
07-05 23:12:17.847  9882  9882 D ViewRootImpl@f774588[MainActivity]: MSG_WINDOW_FOCUS_CHANGED 1 1
07-05 23:12:17.848  9882  9882 D InputMethodManager: prepareNavigationBarInfo() DecorView@d5170b4[MainActivity]
07-05 23:12:17.848  9882  9882 D InputMethodManager: getNavigationBarColor() -855310
07-05 23:12:17.857  9882  9882 E ViewRootImpl: sendUserActionEvent() returned.
07-05 23:12:23.090  9882  9882 D NearbyFragment: Initiated connection with weVh: Nexus 5X [9c8f]
07-05 23:12:23.104  9882  9882 D Dialog  : mIsSamsungBasicInteraction = false
07-05 23:12:23.105  9882  9882 D Dialog  : mIsSamsungBasicInteraction = false, isMetaDataInActivity = false
07-05 23:12:23.137  9882  9882 I DecorView: createDecorCaptionView >> DecorView@e03fae8[], isFloating: true, isApplication: true, hasWindowDecorCaption: false, hasWindowControllerCallback: false
07-05 23:12:23.203  9882  9882 D ScrollView: initGoToTop
07-05 23:12:23.275  9882  9882 D InputTransport: Input channel constructed: fd=76
07-05 23:12:23.279  9882  9882 D ViewRootImpl@301b2df[MainActivity]: setView = DecorView@e03fae8[MainActivity] TM=true MM=false
07-05 23:12:23.343  9882  9882 D ViewRootImpl@301b2df[MainActivity]: dispatchAttachedToWindow
07-05 23:12:23.422  9882  9882 D ViewRootImpl@301b2df[MainActivity]: Relayout returned: old=[0,48][720,1384] new=[18,508][702,923] result=0x7 surface={valid=true 518996574208} changed=true
07-05 23:12:23.428  9882  9914 D mali_winsys: EGLint new_window_surface(egl_winsys_display *, void *, EGLSurface, EGLConfig, egl_winsys_surface **, EGLBoolean) returns 0x3000
07-05 23:12:23.428  9882  9914 D OpenGLRenderer: eglCreateWindowSurface = 0x78d6198e00, 0x78d69b4010
07-05 23:12:23.452  9882  9882 D ScrollView:  onsize change changed 
07-05 23:12:23.474  9882  9882 D ViewRootImpl@301b2df[MainActivity]: MSG_WINDOW_FOCUS_CHANGED 1 1
07-05 23:12:23.521  9882  9882 D ViewRootImpl@301b2df[MainActivity]: MSG_RESIZED: frame=Rect(18, 508 - 702, 923) ci=Rect(0, 0 - 0, 0) vi=Rect(0, 0 - 0, 0) or=1
07-05 23:12:23.564  9882  9882 D ViewRootImpl@f774588[MainActivity]: MSG_WINDOW_FOCUS_CHANGED 0 1
07-05 23:12:23.565  9882  9882 D InputMethodManager: prepareNavigationBarInfo() DecorView@d5170b4[MainActivity]
07-05 23:12:23.565  9882  9882 D InputMethodManager: getNavigationBarColor() -855310
07-05 23:12:24.403  9882  9882 D ViewRootImpl@301b2df[MainActivity]: ViewPostIme pointer 0
07-05 23:12:24.495  9882  9882 D ViewRootImpl@301b2df[MainActivity]: ViewPostIme pointer 1
07-05 23:12:24.518  9882  9914 W libEGL  : EGLNativeWindowType 0x78d69b4010 disconnect failed
07-05 23:12:24.518  9882  9914 D OpenGLRenderer: eglDestroySurface = 0x78d6198e00, 0x78d69b4000
07-05 23:12:24.518  9882  9914 D OpenGLRenderer: endAllActiveAnimators on 0x78d6434100 (RippleDrawable) with handle 0x78d5f5ca60
07-05 23:12:24.518  9882  9882 D ViewRootImpl@301b2df[MainActivity]: dispatchDetachedFromWindow
07-05 23:12:24.519  9882  9882 D ViewRootImpl@301b2df[MainActivity]: Surface release. android.view.ViewRootImpl.doDie:7979 android.view.ViewRootImpl.die:7947 android.view.WindowManagerGlobal.removeViewLocked:497 android.view.WindowManagerGlobal.removeView:435 android.view.WindowManagerImpl.removeViewImmediate:124 android.app.Dialog.dismissDialog:518 android.app.Dialog.dismiss:501 androidx.appcompat.app.AlertController$ButtonHandler.handleMessage:171 
07-05 23:12:24.532  9882  9882 D InputTransport: Input channel destroyed: fd=76
07-05 23:12:24.535  9882  9882 I NearbyFragment: Connected to Endpoint{id=weVh, name=Nexus 5X [9c8f]}
07-05 23:12:24.537  9882  9882 D ViewRootImpl@f774588[MainActivity]: MSG_WINDOW_FOCUS_CHANGED 1 1
07-05 23:12:24.540  9882  9882 D InputMethodManager: prepareNavigationBarInfo() DecorView@d5170b4[MainActivity]
07-05 23:12:24.540  9882  9882 D InputMethodManager: getNavigationBarColor() -855310
07-05 23:12:24.623  9882  9882 E ViewRootImpl: sendUserActionEvent() returned.
07-05 23:12:26.562  9882  9882 D ViewRootImpl@f774588[MainActivity]: ViewPostIme pointer 0
07-05 23:12:26.667  9882  9882 D ViewRootImpl@f774588[MainActivity]: ViewPostIme pointer 1
07-05 23:12:26.675  9882  9882 V ConnectionFragment: Advertisement switch unchecked
07-05 23:12:26.675  9882  9882 D NearbyFragment: Stopped advertising
07-05 23:12:51.227  9882  9882 D ViewRootImpl@f774588[MainActivity]: ViewPostIme pointer 0
07-05 23:12:51.283  9882  9882 D ViewRootImpl@f774588[MainActivity]: ViewPostIme pointer 1
07-05 23:12:51.289  9882  9882 V ConnectionFragment: Auto-send switch checked
07-05 23:12:51.349  9882  9882 W NearbyFragment: Preferences:
07-05 23:12:51.349  9882  9882 W NearbyFragment:   Auto download: true
07-05 23:12:51.349  9882  9882 W NearbyFragment:   Algorithm: best
07-05 23:12:51.349  9882  9882 W NearbyFragment:   Fast scheduling: true
07-05 23:12:51.349  9882  9882 W NearbyFragment:   Segmentation: false
07-05 23:12:51.349  9882  9882 W NearbyFragment:   Auto segmentation: false
07-05 23:12:51.349  9882  9882 W NearbyFragment:   Segment number: 4
07-05 23:12:51.349  9882  9882 W NearbyFragment:   Noise tolerance: 45.00
07-05 23:12:51.349  9882  9882 W NearbyFragment:   Quality: 23
07-05 23:12:51.349  9882  9882 W NearbyFragment:   Speed: medium
07-05 23:12:51.349  9882  9882 W NearbyFragment:   Freeze duration: 1.00
07-05 23:12:51.349  9882  9882 W NearbyFragment: Download delay: 1s
07-05 23:12:51.350  9882  9882 W NearbyFragment: Started downloading from dashcam
07-05 23:12:51.354  9882 10153 V DownloadTestVideosTask: Starting DownloadTestVideosTask
07-05 23:12:51.365  9882 10153 V DashDownloadManager: Started downloading: 20200312_150643.mp4
07-05 23:12:51.382  9882 10153 D NetworkSecurityConfig: No Network Security Config specified, using platform default
07-05 23:12:51.387  9882 10153 I System.out: (HTTPLog)-Static: isSBSettingEnabled false
07-05 23:12:51.387  9882 10153 I System.out: (HTTPLog)-Static: isSBSettingEnabled false
07-05 23:12:51.394  9882 10153 D TcpOptimizer: TcpOptimizer-ON
07-05 23:12:51.405  9882 10153 I System.out: (HTTPLog)-Thread-2650-10601397: getTransferStream : ContentLength=69990400, method=GET, HTTPVersion=http/1.1
07-05 23:12:52.201  9882  9882 D ViewRootImpl@f774588[MainActivity]: ViewPostIme pointer 0
07-05 23:12:52.251  9882  9882 D ViewRootImpl@f774588[MainActivity]: ViewPostIme pointer 1
07-05 23:12:52.256  9882  9882 V MainActivity: Navigation summarised button clicked
07-05 23:12:52.265  9882  9882 W example.edgesu: Accessing hidden method Landroid/view/View;->getTransitionAlpha()F (light greylist, linking)
07-05 23:12:52.265  9882  9882 W example.edgesu: Accessing hidden method Landroid/view/View;->setTransitionAlpha(F)V (light greylist, linking)
07-05 23:12:52.265  9882  9882 W example.edgesu: Accessing hidden method Landroid/view/View;->setAnimationMatrix(Landroid/graphics/Matrix;)V (light greylist, linking)
07-05 23:12:52.265  9882  9882 W example.edgesu: Accessing hidden method Landroid/view/View;->transformMatrixToGlobal(Landroid/graphics/Matrix;)V (light greylist, linking)
07-05 23:12:52.265  9882  9882 W example.edgesu: Accessing hidden method Landroid/view/View;->transformMatrixToLocal(Landroid/graphics/Matrix;)V (light greylist, linking)
07-05 23:12:52.266  9882  9882 W example.edgesu: Accessing hidden method Landroid/view/View;->setLeftTopRightBottom(IIII)V (light greylist, linking)
07-05 23:12:52.266  9882  9882 W example.edgesu: Accessing hidden method Landroid/view/View;->setTransitionVisibility(I)V (dark greylist, linking)
07-05 23:12:52.312  9882  9882 W StaticLayout: maxLineHeight should not be -1.  maxLines:1 lineCount:1
07-05 23:12:52.318  9882  9882 W StaticLayout: maxLineHeight should not be -1.  maxLines:1 lineCount:1
07-05 23:12:52.332  9882  9882 W example.edgesu: Accessing hidden field Landroid/view/View;->mViewFlags:I (light greylist, reflection)
07-05 23:12:52.334  9882  9882 W example.edgesu: Accessing hidden method Landroid/view/ViewGroup;->suppressLayout(Z)V (light greylist, linking)
07-05 23:12:52.338  9882  9882 D skia    : approximate: numPoints=2, lengths[0]=0.000000, totalLength=4.000000, segmentPoints[0]=[96.000000,16.000000]
07-05 23:12:52.338  9882  9882 D skia    : approximate: approximation[0]=0.000000, approximation[1]=96.000000, approximation[2]=16.000000
07-05 23:12:52.338  9882  9882 D skia    : approximate: numPoints=2, lengths[1]=4.000000, totalLength=4.000000, segmentPoints[1]=[96.000000,12.000000]
07-05 23:12:52.338  9882  9882 D skia    : approximate: approximation[3]=1.000000, approximation[4]=96.000000, approximation[5]=12.000000
07-05 23:12:52.339  9882  9882 D skia    : approximate: numPoints=2, lengths[0]=0.000000, totalLength=4.000000, segmentPoints[0]=[96.000000,12.000000]
07-05 23:12:52.339  9882  9882 D skia    : approximate: approximation[0]=0.000000, approximation[1]=96.000000, approximation[2]=12.000000
07-05 23:12:52.339  9882  9882 D skia    : approximate: numPoints=2, lengths[1]=4.000000, totalLength=4.000000, segmentPoints[1]=[96.000000,16.000000]
07-05 23:12:52.339  9882  9882 D skia    : approximate: approximation[3]=1.000000, approximation[4]=96.000000, approximation[5]=16.000000
07-05 23:13:08.693  9882 10153 V VideoManager: Retrieving video from /storage/emulated/0/Movies/raw/20200312_150643.mp4
07-05 23:13:08.752  9882 10153 D VideoManager: videoCursor is null
07-05 23:13:08.847  9882 10153 V VideoManager: videoFromCursor
07-05 23:13:08.856  9882 10153 W DashDownloadManager: Successfully downloaded 20200312_150643.mp4 in 17.305s
07-05 23:13:08.857  9882 10153 V DownloadTestVideosTask: Entering callback for download completion of 20200312_150643.mp4
07-05 23:13:08.861  9882 10153 V RawFootageEventHandler: onAdd
07-05 23:13:08.865  9882 10153 V NearbyFragment: nextTransfer with selected algorithm: best
07-05 23:13:08.872  9882 10153 W NearbyFragment: Sending 20200312_150643.mp4 to Nexus 5X [34d8]
07-05 23:13:08.900  9882  9882 V NearbyFragment: Transfer to Endpoint{id=Qd2N, name=Nexus 5X [34d8]} complete
07-05 23:13:09.878  9882 10153 V DownloadTestVideosTask: Starting DownloadTestVideosTask
07-05 23:13:09.885  9882 10153 V DashDownloadManager: Started downloading: 20200312_150744.mp4
07-05 23:13:09.891  9882 10153 I System.out: (HTTPLog)-Static: isSBSettingEnabled false
07-05 23:13:09.891  9882 10153 I System.out: (HTTPLog)-Static: isSBSettingEnabled false
07-05 23:13:09.931  9882 10153 I System.out: (HTTPLog)-Thread-2650-62111134: getTransferStream : ContentLength=69990400, method=GET, HTTPVersion=http/1.1
07-05 23:13:34.334  9882  9882 V NearbyFragment: Transfer to Endpoint{id=Qd2N, name=Nexus 5X [34d8]} complete
07-05 23:13:34.635  9882  9882 D NearbyFragment: onPayloadReceived(endpointId=Qd2N, payload=com.google.android.gms.nearby.connection.Payload@d82107f)
07-05 23:13:34.639  9882  9882 D NearbyFragment: Endpoint{id=Qd2N, name=Nexus 5X [34d8]} has finished downloading 20200312_150643.mp4
07-05 23:13:34.643  9882  9882 V VideoManager: Retrieving video from /storage/emulated/0/Movies/raw/20200312_150643.mp4
07-05 23:13:34.656  9882  9882 V VideoManager: videoFromCursor
07-05 23:13:34.660  9882  9882 V ProcessingVideosEventHandler: onAdd
07-05 23:13:34.661  9882  9882 V RawFootageEventHandler: onRemove
07-05 23:13:34.663  9882  9882 I NearbyFragment: Transfer queue is empty
07-05 23:13:34.665  9882  9882 V NearbyFragment: Transfer to Endpoint{id=Qd2N, name=Nexus 5X [34d8]} complete
07-05 23:13:37.065  9882 10153 V VideoManager: Retrieving video from /storage/emulated/0/Movies/raw/20200312_150744.mp4
07-05 23:13:37.078  9882 10153 D VideoManager: videoCursor is null
07-05 23:13:37.143  9882 10153 V VideoManager: videoFromCursor
07-05 23:13:37.149  9882 10153 W DashDownloadManager: Successfully downloaded 20200312_150744.mp4 in 27.179s
07-05 23:13:37.150  9882 10153 V DownloadTestVideosTask: Entering callback for download completion of 20200312_150744.mp4
07-05 23:13:37.151  9882 10153 V RawFootageEventHandler: onAdd
07-05 23:13:37.155  9882 10153 V NearbyFragment: nextTransfer with selected algorithm: best
07-05 23:13:37.159  9882 10153 W NearbyFragment: Sending 20200312_150744.mp4 to Nexus 5 [1825]
07-05 23:13:37.183  9882  9882 V NearbyFragment: Transfer to Endpoint{id=w2Lc, name=Nexus 5 [1825]} complete
07-05 23:13:38.166  9882 10153 V DownloadTestVideosTask: Starting DownloadTestVideosTask
07-05 23:13:38.170  9882 10153 V DashDownloadManager: Started downloading: 20200312_150844.mp4
07-05 23:13:38.175  9882 10153 I System.out: (HTTPLog)-Static: isSBSettingEnabled false
07-05 23:13:38.176  9882 10153 I System.out: (HTTPLog)-Static: isSBSettingEnabled false
07-05 23:13:38.184  9882 10153 I System.out: (HTTPLog)-Thread-2650-215736950: getTransferStream : ContentLength=69990400, method=GET, HTTPVersion=http/1.1
07-05 23:13:48.142  9882  9882 D NearbyFragment: onPayloadReceived(endpointId=Qd2N, payload=com.google.android.gms.nearby.connection.Payload@5e39077)
07-05 23:13:48.144  9882  9882 D NearbyFragment: 20200312_150643.mp4 from Endpoint{id=Qd2N, name=Nexus 5X [34d8]} contained no activity
07-05 23:13:48.145  9882  9882 V VideoManager: Retrieving video from /storage/emulated/0/Movies/raw/20200312_150643.mp4
07-05 23:13:48.171  9882  9882 V VideoManager: videoFromCursor
07-05 23:13:48.178  9882  9882 V ProcessingVideosEventHandler: onRemove
07-05 23:13:48.180  9882  9882 I NearbyFragment: Transfer queue is empty
07-05 23:13:48.349  9882  9882 V NearbyFragment: Transfer to Endpoint{id=Qd2N, name=Nexus 5X [34d8]} complete
07-05 23:14:06.851  9882 10153 V VideoManager: Retrieving video from /storage/emulated/0/Movies/raw/20200312_150844.mp4
07-05 23:14:06.862  9882 10153 D VideoManager: videoCursor is null
07-05 23:14:06.919  9882 10153 V VideoManager: videoFromCursor
07-05 23:14:06.926  9882 10153 W DashDownloadManager: Successfully downloaded 20200312_150844.mp4 in 28.679s
07-05 23:14:06.927  9882 10153 V DownloadTestVideosTask: Entering callback for download completion of 20200312_150844.mp4
07-05 23:14:06.928  9882 10153 V RawFootageEventHandler: onAdd
07-05 23:14:06.931  9882 10153 V NearbyFragment: nextTransfer with selected algorithm: best
07-05 23:14:06.935  9882 10153 W NearbyFragment: Sending 20200312_150844.mp4 to Nexus 5X [34d8]
07-05 23:14:06.955  9882  9882 V NearbyFragment: Transfer to Endpoint{id=Qd2N, name=Nexus 5X [34d8]} complete
07-05 23:14:07.942  9882 10153 V DownloadTestVideosTask: Starting DownloadTestVideosTask
07-05 23:14:07.956  9882 10153 V DashDownloadManager: Started downloading: 20200312_150944.mp4
07-05 23:14:07.968  9882 10153 I System.out: (HTTPLog)-Static: isSBSettingEnabled false
07-05 23:14:07.969  9882 10153 I System.out: (HTTPLog)-Static: isSBSettingEnabled false
07-05 23:14:08.161  9882 10153 I System.out: (HTTPLog)-Thread-2650-224164688: getTransferStream : ContentLength=69990400, method=GET, HTTPVersion=http/1.1
07-05 23:14:10.139  9882  9882 V NearbyFragment: Transfer to Endpoint{id=w2Lc, name=Nexus 5 [1825]} complete
07-05 23:14:10.259  9882  9882 D NearbyFragment: onPayloadReceived(endpointId=w2Lc, payload=com.google.android.gms.nearby.connection.Payload@dd31149)
07-05 23:14:10.261  9882  9882 D NearbyFragment: Endpoint{id=w2Lc, name=Nexus 5 [1825]} has finished downloading 20200312_150744.mp4
07-05 23:14:10.264  9882  9882 V VideoManager: Retrieving video from /storage/emulated/0/Movies/raw/20200312_150744.mp4
07-05 23:14:10.274  9882  9882 V VideoManager: videoFromCursor
07-05 23:14:10.278  9882  9882 V ProcessingVideosEventHandler: onAdd
07-05 23:14:10.279  9882  9882 V RawFootageEventHandler: onRemove
07-05 23:14:10.281  9882  9882 I NearbyFragment: Transfer queue is empty
07-05 23:14:10.311  9882  9882 V NearbyFragment: Transfer to Endpoint{id=w2Lc, name=Nexus 5 [1825]} complete
07-05 23:14:26.771  9882  9882 V NearbyFragment: Transfer to Endpoint{id=Qd2N, name=Nexus 5X [34d8]} complete
07-05 23:14:26.891  9882  9882 D NearbyFragment: onPayloadReceived(endpointId=Qd2N, payload=com.google.android.gms.nearby.connection.Payload@e95fc7c)
07-05 23:14:26.898  9882  9882 D NearbyFragment: Endpoint{id=Qd2N, name=Nexus 5X [34d8]} has finished downloading 20200312_150844.mp4
07-05 23:14:26.904  9882  9882 V VideoManager: Retrieving video from /storage/emulated/0/Movies/raw/20200312_150844.mp4
07-05 23:14:26.923  9882  9882 V VideoManager: videoFromCursor
07-05 23:14:26.928  9882  9882 V ProcessingVideosEventHandler: onAdd
07-05 23:14:26.928  9882  9882 V RawFootageEventHandler: onRemove
07-05 23:14:26.930  9882  9882 I NearbyFragment: Transfer queue is empty
07-05 23:14:26.936  9882  9882 V NearbyFragment: Transfer to Endpoint{id=Qd2N, name=Nexus 5X [34d8]} complete
07-05 23:14:34.733  9882 10153 V VideoManager: Retrieving video from /storage/emulated/0/Movies/raw/20200312_150944.mp4
07-05 23:14:34.753  9882 10153 D VideoManager: videoCursor is null
07-05 23:14:34.849  9882 10153 V VideoManager: videoFromCursor
07-05 23:14:34.854  9882 10153 W DashDownloadManager: Successfully downloaded 20200312_150944.mp4 in 26.776s
07-05 23:14:34.855  9882 10153 V DownloadTestVideosTask: Entering callback for download completion of 20200312_150944.mp4
07-05 23:14:34.857  9882 10153 V RawFootageEventHandler: onAdd
07-05 23:14:34.860  9882 10153 V NearbyFragment: nextTransfer with selected algorithm: best
07-05 23:14:34.864  9882 10153 W NearbyFragment: Sending 20200312_150944.mp4 to Nexus 5X [9c8f]
07-05 23:14:34.885  9882  9882 V NearbyFragment: Transfer to Endpoint{id=weVh, name=Nexus 5X [9c8f]} complete
07-05 23:14:35.870  9882 10153 V DownloadTestVideosTask: Starting DownloadTestVideosTask
07-05 23:14:35.885  9882 10153 V DashDownloadManager: Started downloading: 20200312_151044.mp4
07-05 23:14:35.897  9882 10153 I System.out: (HTTPLog)-Static: isSBSettingEnabled false
07-05 23:14:35.898  9882 10153 I System.out: (HTTPLog)-Static: isSBSettingEnabled false
07-05 23:14:35.928  9882 10153 I System.out: (HTTPLog)-Thread-2650-157275430: getTransferStream : ContentLength=69990400, method=GET, HTTPVersion=http/1.1
07-05 23:14:44.108  9882  9882 D NearbyFragment: onPayloadReceived(endpointId=Qd2N, payload=com.google.android.gms.nearby.connection.Payload@2238567)
07-05 23:14:44.111  9882  9882 V NearbyFragment: Started downloading 20200312_150844.mp4 from Endpoint{id=Qd2N, name=Nexus 5X [34d8]}
07-05 23:14:44.113  9882  9882 I NearbyFragment: Transfer queue is empty
07-05 23:14:44.117  9882  9882 V NearbyFragment: Transfer to Endpoint{id=Qd2N, name=Nexus 5X [34d8]} complete
07-05 23:14:44.757  9882  9882 D NearbyFragment: onPayloadReceived(endpointId=Qd2N, payload=com.google.android.gms.nearby.connection.Payload@6f5f14)
07-05 23:14:55.738  9882  9882 V NearbyFragment: Transfer to Endpoint{id=weVh, name=Nexus 5X [9c8f]} complete
07-05 23:14:56.297  9882  9882 D NearbyFragment: onPayloadReceived(endpointId=weVh, payload=com.google.android.gms.nearby.connection.Payload@bdbc3bd)
07-05 23:14:56.300  9882  9882 D NearbyFragment: Endpoint{id=weVh, name=Nexus 5X [9c8f]} has finished downloading 20200312_150944.mp4
07-05 23:14:56.303  9882  9882 V VideoManager: Retrieving video from /storage/emulated/0/Movies/raw/20200312_150944.mp4
07-05 23:14:56.320  9882  9882 V VideoManager: videoFromCursor
07-05 23:14:56.325  9882  9882 V ProcessingVideosEventHandler: onAdd
07-05 23:14:56.326  9882  9882 V RawFootageEventHandler: onRemove
07-05 23:14:56.328  9882  9882 I NearbyFragment: Transfer queue is empty
07-05 23:14:56.350  9882  9882 V NearbyFragment: Transfer to Endpoint{id=weVh, name=Nexus 5X [9c8f]} complete
07-05 23:15:01.484  9882  9882 D NearbyFragment: onPayloadReceived(endpointId=w2Lc, payload=com.google.android.gms.nearby.connection.Payload@6d5880)
07-05 23:15:01.485  9882  9882 V NearbyFragment: Started downloading 20200312_150744.mp4 from Endpoint{id=w2Lc, name=Nexus 5 [1825]}
07-05 23:15:01.485  9882  9882 I NearbyFragment: Transfer queue is empty
07-05 23:15:01.493  9882  9882 V NearbyFragment: Transfer to Endpoint{id=w2Lc, name=Nexus 5 [1825]} complete
07-05 23:15:01.536  9882  9882 D NearbyFragment: onPayloadReceived(endpointId=w2Lc, payload=com.google.android.gms.nearby.connection.Payload@285deb9)
07-05 23:15:02.290  9882  9882 V NearbyFragment: Transfer to Endpoint{id=w2Lc, name=Nexus 5 [1825]} complete
07-05 23:15:02.293  9882  9882 W NearbyFragment: Completed downloading 20200312_150744.mp4 from Endpoint{id=w2Lc, name=Nexus 5 [1825]} in 00.805s
07-05 23:15:02.374  9882  9882 V VideoManager: Retrieving video from /storage/emulated/0/Movies/summarised/20200312_150744.mp4
07-05 23:15:02.387  9882  9882 D VideoManager: videoCursor is null
07-05 23:15:02.437  9882  9882 V VideoManager: videoFromCursor
07-05 23:15:02.440  9882  9882 V SummarisedVideosEventHandler: onAdd
07-05 23:15:02.440  9882  9882 V ProcessingVideosEventHandler: removeByName
07-05 23:15:09.859  9882  9882 V NearbyFragment: Transfer to Endpoint{id=Qd2N, name=Nexus 5X [34d8]} complete
07-05 23:15:09.861  9882  9882 W NearbyFragment: Completed downloading 20200312_150844.mp4 from Endpoint{id=Qd2N, name=Nexus 5X [34d8]} in 25.747s
07-05 23:15:12.139  9882  9882 V VideoManager: Retrieving video from /storage/emulated/0/Movies/summarised/20200312_150844.mp4
07-05 23:15:12.147  9882  9882 D VideoManager: videoCursor is null
07-05 23:15:12.189  9882  9882 V VideoManager: videoFromCursor
07-05 23:15:12.193  9882  9882 V SummarisedVideosEventHandler: onAdd
07-05 23:15:12.193  9882  9882 V ProcessingVideosEventHandler: removeByName
07-05 23:15:19.737  9882 10153 V VideoManager: Retrieving video from /storage/emulated/0/Movies/raw/20200312_151044.mp4
07-05 23:15:19.759  9882 10153 D VideoManager: videoCursor is null
07-05 23:15:19.846  9882 10153 V VideoManager: videoFromCursor
07-05 23:15:19.852  9882 10153 W DashDownloadManager: Successfully downloaded 20200312_151044.mp4 in 43.849s
07-05 23:15:19.853  9882 10153 V DownloadTestVideosTask: Entering callback for download completion of 20200312_151044.mp4
07-05 23:15:19.854  9882 10153 V RawFootageEventHandler: onAdd
07-05 23:15:19.858  9882 10153 V NearbyFragment: nextTransfer with selected algorithm: best
07-05 23:15:19.862  9882 10153 W NearbyFragment: Sending 20200312_151044.mp4 to Nexus 5X [34d8]
07-05 23:15:19.890  9882  9882 V NearbyFragment: Transfer to Endpoint{id=Qd2N, name=Nexus 5X [34d8]} complete
07-05 23:15:20.868  9882 10153 V DownloadTestVideosTask: Starting DownloadTestVideosTask
07-05 23:15:20.878  9882 10153 V DashDownloadManager: Started downloading: 20200312_193528.mp4
07-05 23:15:20.889  9882 10153 I System.out: (HTTPLog)-Static: isSBSettingEnabled false
07-05 23:15:20.890  9882 10153 I System.out: (HTTPLog)-Static: isSBSettingEnabled false
07-05 23:15:20.964  9882 10153 I System.out: (HTTPLog)-Thread-2650-49251648: getTransferStream : ContentLength=69990400, method=GET, HTTPVersion=http/1.1
07-05 23:15:24.179  9882  9882 D NearbyFragment: onPayloadReceived(endpointId=weVh, payload=com.google.android.gms.nearby.connection.Payload@a156c79)
07-05 23:15:24.184  9882  9882 V NearbyFragment: Started downloading 20200312_150944.mp4 from Endpoint{id=weVh, name=Nexus 5X [9c8f]}
07-05 23:15:24.188  9882  9882 I NearbyFragment: Transfer queue is empty
07-05 23:15:24.192  9882  9882 V NearbyFragment: Transfer to Endpoint{id=weVh, name=Nexus 5X [9c8f]} complete
07-05 23:15:24.488  9882  9882 D NearbyFragment: onPayloadReceived(endpointId=weVh, payload=com.google.android.gms.nearby.connection.Payload@c23dbe)
07-05 23:15:28.587  9882  9882 V NearbyFragment: Transfer to Endpoint{id=weVh, name=Nexus 5X [9c8f]} complete
07-05 23:15:28.588  9882  9882 W NearbyFragment: Completed downloading 20200312_150944.mp4 from Endpoint{id=weVh, name=Nexus 5X [9c8f]} in 04.402s
07-05 23:15:28.651  9882  9882 V VideoManager: Retrieving video from /storage/emulated/0/Movies/summarised/20200312_150944.mp4
07-05 23:15:28.664  9882  9882 D VideoManager: videoCursor is null
07-05 23:15:28.721  9882  9882 V VideoManager: videoFromCursor
07-05 23:15:28.724  9882  9882 V SummarisedVideosEventHandler: onAdd
07-05 23:15:28.724  9882  9882 V ProcessingVideosEventHandler: removeByName
07-05 23:15:50.045  9882 10153 V VideoManager: Retrieving video from /storage/emulated/0/Movies/raw/20200312_193528.mp4
07-05 23:15:50.063  9882 10153 D VideoManager: videoCursor is null
07-05 23:15:50.138  9882 10153 V VideoManager: videoFromCursor
07-05 23:15:50.144  9882 10153 W DashDownloadManager: Successfully downloaded 20200312_193528.mp4 in 29.166s
07-05 23:15:50.144  9882 10153 V DownloadTestVideosTask: Entering callback for download completion of 20200312_193528.mp4
07-05 23:15:50.145  9882 10153 V RawFootageEventHandler: onAdd
07-05 23:15:50.148  9882 10153 V NearbyFragment: nextTransfer with selected algorithm: best
07-05 23:15:50.151  9882 10153 W NearbyFragment: Sending 20200312_193528.mp4 to Nexus 5 [1825]
07-05 23:15:50.177  9882  9882 V NearbyFragment: Transfer to Endpoint{id=w2Lc, name=Nexus 5 [1825]} complete
07-05 23:15:50.274  9882  9887 I example.edgesu: Compiler allocated 4MB to compile void android.view.ViewRootImpl.performTraversals()
07-05 23:15:51.157  9882 10153 V DownloadTestVideosTask: Starting DownloadTestVideosTask
07-05 23:15:51.167  9882 10153 V DashDownloadManager: Started downloading: 20200312_193628.mp4
07-05 23:15:51.180  9882 10153 I System.out: (HTTPLog)-Static: isSBSettingEnabled false
07-05 23:15:51.181  9882 10153 I System.out: (HTTPLog)-Static: isSBSettingEnabled false
07-05 23:15:51.403  9882 10153 I System.out: (HTTPLog)-Thread-2650-186837281: getTransferStream : ContentLength=69990400, method=GET, HTTPVersion=http/1.1
07-05 23:16:09.846  9882  9882 V NearbyFragment: Transfer to Endpoint{id=Qd2N, name=Nexus 5X [34d8]} complete
07-05 23:16:11.451  9882  9882 D NearbyFragment: onPayloadReceived(endpointId=Qd2N, payload=com.google.android.gms.nearby.connection.Payload@16b8146)
07-05 23:16:11.456  9882  9882 D NearbyFragment: Endpoint{id=Qd2N, name=Nexus 5X [34d8]} has finished downloading 20200312_151044.mp4
07-05 23:16:11.461  9882  9882 V VideoManager: Retrieving video from /storage/emulated/0/Movies/raw/20200312_151044.mp4
07-05 23:16:11.482  9882  9882 V VideoManager: videoFromCursor
07-05 23:16:11.488  9882  9882 V ProcessingVideosEventHandler: onAdd
07-05 23:16:11.490  9882  9882 V RawFootageEventHandler: onRemove
07-05 23:16:11.493  9882  9882 I NearbyFragment: Transfer queue is empty
07-05 23:16:11.588  9882  9882 V NearbyFragment: Transfer to Endpoint{id=Qd2N, name=Nexus 5X [34d8]} complete
07-05 23:16:18.092  9882 10153 V VideoManager: Retrieving video from /storage/emulated/0/Movies/raw/20200312_193628.mp4
07-05 23:16:18.116  9882 10153 D VideoManager: videoCursor is null
07-05 23:16:18.204  9882 10153 V VideoManager: videoFromCursor
07-05 23:16:18.210  9882 10153 W DashDownloadManager: Successfully downloaded 20200312_193628.mp4 in 26.924s
07-05 23:16:18.211  9882 10153 V DownloadTestVideosTask: Entering callback for download completion of 20200312_193628.mp4
07-05 23:16:18.212  9882 10153 V RawFootageEventHandler: onAdd
07-05 23:16:18.215  9882 10153 V NearbyFragment: nextTransfer with selected algorithm: best
07-05 23:16:18.220  9882 10153 W NearbyFragment: Sending 20200312_193628.mp4 to Nexus 5X [9c8f]
07-05 23:16:18.243  9882  9882 V NearbyFragment: Transfer to Endpoint{id=weVh, name=Nexus 5X [9c8f]} complete
07-05 23:16:19.226  9882 10153 V DownloadTestVideosTask: Starting DownloadTestVideosTask
07-05 23:16:19.231  9882 10153 V DashDownloadManager: Started downloading: 20200312_193728.mp4
07-05 23:16:19.238  9882 10153 I System.out: (HTTPLog)-Static: isSBSettingEnabled false
07-05 23:16:19.239  9882 10153 I System.out: (HTTPLog)-Static: isSBSettingEnabled false
07-05 23:16:19.341  9882 10153 I System.out: (HTTPLog)-Thread-2650-113681312: getTransferStream : ContentLength=69990400, method=GET, HTTPVersion=http/1.1
07-05 23:16:25.931  9882  9882 D NearbyFragment: onPayloadReceived(endpointId=Qd2N, payload=com.google.android.gms.nearby.connection.Payload@62e9b59)
07-05 23:16:25.936  9882  9882 D NearbyFragment: 20200312_151044.mp4 from Endpoint{id=Qd2N, name=Nexus 5X [34d8]} contained no activity
07-05 23:16:25.940  9882  9882 V VideoManager: Retrieving video from /storage/emulated/0/Movies/raw/20200312_151044.mp4
07-05 23:16:25.960  9882  9882 V VideoManager: videoFromCursor
07-05 23:16:25.967  9882  9882 V ProcessingVideosEventHandler: onRemove
07-05 23:16:25.970  9882  9882 I NearbyFragment: Transfer queue is empty
07-05 23:16:26.010  9882  9882 V NearbyFragment: Transfer to Endpoint{id=Qd2N, name=Nexus 5X [34d8]} complete
07-05 23:16:37.292  9882  9882 V NearbyFragment: Transfer to Endpoint{id=w2Lc, name=Nexus 5 [1825]} complete
07-05 23:16:37.911  9882  9882 D NearbyFragment: onPayloadReceived(endpointId=w2Lc, payload=com.google.android.gms.nearby.connection.Payload@6bf57ff)
07-05 23:16:37.912  9882  9882 D NearbyFragment: Endpoint{id=w2Lc, name=Nexus 5 [1825]} has finished downloading 20200312_193528.mp4
07-05 23:16:37.913  9882  9882 V VideoManager: Retrieving video from /storage/emulated/0/Movies/raw/20200312_193528.mp4
07-05 23:16:37.938  9882  9882 V VideoManager: videoFromCursor
07-05 23:16:37.946  9882  9882 V ProcessingVideosEventHandler: onAdd
07-05 23:16:37.946  9882  9882 V RawFootageEventHandler: onRemove
07-05 23:16:37.948  9882  9882 I NearbyFragment: Transfer queue is empty
07-05 23:16:37.976  9882  9882 V NearbyFragment: Transfer to Endpoint{id=w2Lc, name=Nexus 5 [1825]} complete
07-05 23:16:56.484  9882 10153 V VideoManager: Retrieving video from /storage/emulated/0/Movies/raw/20200312_193728.mp4
07-05 23:16:56.496  9882 10153 D VideoManager: videoCursor is null
07-05 23:16:56.575  9882 10153 V VideoManager: videoFromCursor
07-05 23:16:56.580  9882 10153 W DashDownloadManager: Successfully downloaded 20200312_193728.mp4 in 37.253s
07-05 23:16:56.581  9882 10153 V DownloadTestVideosTask: Entering callback for download completion of 20200312_193728.mp4
07-05 23:16:56.582  9882 10153 V RawFootageEventHandler: onAdd
07-05 23:16:56.584  9882 10153 V NearbyFragment: nextTransfer with selected algorithm: best
07-05 23:16:56.587  9882 10153 W NearbyFragment: Sending 20200312_193728.mp4 to Nexus 5X [34d8]
07-05 23:16:56.606  9882  9882 V NearbyFragment: Transfer to Endpoint{id=Qd2N, name=Nexus 5X [34d8]} complete
07-05 23:16:57.595  9882 10153 V DownloadTestVideosTask: Starting DownloadTestVideosTask
07-05 23:16:57.605  9882 10153 V DashDownloadManager: Started downloading: 20200312_193828.mp4
07-05 23:16:57.619  9882 10153 I System.out: (HTTPLog)-Static: isSBSettingEnabled false
07-05 23:16:57.621  9882 10153 I System.out: (HTTPLog)-Static: isSBSettingEnabled false
07-05 23:16:57.794  9882 10153 I System.out: (HTTPLog)-Thread-2650-88562833: getTransferStream : ContentLength=69990400, method=GET, HTTPVersion=http/1.1
07-05 23:17:00.536  9882  9882 D NearbyFragment: onPayloadReceived(endpointId=w2Lc, payload=com.google.android.gms.nearby.connection.Payload@6bcc7f6)
07-05 23:17:00.539  9882  9882 D NearbyFragment: 20200312_193528.mp4 from Endpoint{id=w2Lc, name=Nexus 5 [1825]} contained no activity
07-05 23:17:00.542  9882  9882 V VideoManager: Retrieving video from /storage/emulated/0/Movies/raw/20200312_193528.mp4
07-05 23:17:00.555  9882  9882 V VideoManager: videoFromCursor
07-05 23:17:00.560  9882  9882 V ProcessingVideosEventHandler: onRemove
07-05 23:17:00.562  9882  9882 I NearbyFragment: Transfer queue is empty
07-05 23:17:00.610  9882  9882 V NearbyFragment: Transfer to Endpoint{id=w2Lc, name=Nexus 5 [1825]} complete
07-05 23:17:00.678  9882  9882 V NearbyFragment: Transfer to Endpoint{id=weVh, name=Nexus 5X [9c8f]} complete
07-05 23:17:01.452  9882  9882 D NearbyFragment: onPayloadReceived(endpointId=weVh, payload=com.google.android.gms.nearby.connection.Payload@d401664)
07-05 23:17:01.454  9882  9882 D NearbyFragment: Endpoint{id=weVh, name=Nexus 5X [9c8f]} has finished downloading 20200312_193628.mp4
07-05 23:17:01.456  9882  9882 V VideoManager: Retrieving video from /storage/emulated/0/Movies/raw/20200312_193628.mp4
07-05 23:17:01.473  9882  9882 V VideoManager: videoFromCursor
07-05 23:17:01.477  9882  9882 V ProcessingVideosEventHandler: onAdd
07-05 23:17:01.478  9882  9882 V RawFootageEventHandler: onRemove
07-05 23:17:01.479  9882  9882 I NearbyFragment: Transfer queue is empty
07-05 23:17:01.512  9882  9882 V NearbyFragment: Transfer to Endpoint{id=weVh, name=Nexus 5X [9c8f]} complete
07-05 23:17:17.044  9882  9891 W System  : A resource failed to call close. 
07-05 23:17:17.085  9882  9891 I chatty  : uid=10568(com.example.edgesum) FinalizerDaemon identical 23 lines
07-05 23:17:17.087  9882  9891 W System  : A resource failed to call close. 
07-05 23:17:23.620  9882 10153 V VideoManager: Retrieving video from /storage/emulated/0/Movies/raw/20200312_193828.mp4
07-05 23:17:23.646  9882 10153 D VideoManager: videoCursor is null
07-05 23:17:23.705  9882 10153 V VideoManager: videoFromCursor
07-05 23:17:23.709  9882 10153 W DashDownloadManager: Successfully downloaded 20200312_193828.mp4 in 26.013s
07-05 23:17:23.709  9882 10153 V DownloadTestVideosTask: Entering callback for download completion of 20200312_193828.mp4
07-05 23:17:23.710  9882 10153 V RawFootageEventHandler: onAdd
07-05 23:17:23.717  9882 10153 V NearbyFragment: nextTransfer with selected algorithm: best
07-05 23:17:23.720  9882 10153 W NearbyFragment: Sending 20200312_193828.mp4 to Nexus 5 [1825]
07-05 23:17:23.736  9882  9882 V NearbyFragment: Transfer to Endpoint{id=w2Lc, name=Nexus 5 [1825]} complete
07-05 23:17:24.725  9882 10153 V DownloadTestVideosTask: Starting DownloadTestVideosTask
07-05 23:17:24.735  9882 10153 V DashDownloadManager: Started downloading: 20200312_193928.mp4
07-05 23:17:24.747  9882 10153 I System.out: (HTTPLog)-Static: isSBSettingEnabled false
07-05 23:17:24.748  9882 10153 I System.out: (HTTPLog)-Static: isSBSettingEnabled false
07-05 23:17:25.007  9882 10153 I System.out: (HTTPLog)-Thread-2650-117497806: getTransferStream : ContentLength=69990400, method=GET, HTTPVersion=http/1.1
07-05 23:17:40.242  9882  9882 D NearbyFragment: onPayloadReceived(endpointId=weVh, payload=com.google.android.gms.nearby.connection.Payload@6e43eef)
07-05 23:17:40.244  9882  9882 V NearbyFragment: Started downloading 20200312_193628.mp4 from Endpoint{id=weVh, name=Nexus 5X [9c8f]}
07-05 23:17:40.246  9882  9882 I NearbyFragment: Transfer queue is empty
07-05 23:17:40.248  9882  9882 V NearbyFragment: Transfer to Endpoint{id=weVh, name=Nexus 5X [9c8f]} complete
07-05 23:17:40.407  9882  9882 D NearbyFragment: onPayloadReceived(endpointId=weVh, payload=com.google.android.gms.nearby.connection.Payload@635cdfc)
07-05 23:17:41.403  9882  9882 V NearbyFragment: Transfer to Endpoint{id=weVh, name=Nexus 5X [9c8f]} complete
07-05 23:17:41.405  9882  9882 W NearbyFragment: Completed downloading 20200312_193628.mp4 from Endpoint{id=weVh, name=Nexus 5X [9c8f]} in 01.158s
07-05 23:17:41.461  9882  9882 V VideoManager: Retrieving video from /storage/emulated/0/Movies/summarised/20200312_193628.mp4
07-05 23:17:41.470  9882  9882 D VideoManager: videoCursor is null
07-05 23:17:41.521  9882  9882 V VideoManager: videoFromCursor
07-05 23:17:41.524  9882  9882 V SummarisedVideosEventHandler: onAdd
07-05 23:17:41.524  9882  9882 V ProcessingVideosEventHandler: removeByName
07-05 23:17:44.543  9882  9882 V NearbyFragment: Transfer to Endpoint{id=Qd2N, name=Nexus 5X [34d8]} complete
07-05 23:17:45.080  9882  9882 D NearbyFragment: onPayloadReceived(endpointId=Qd2N, payload=com.google.android.gms.nearby.connection.Payload@d6a7771)
07-05 23:17:45.082  9882  9882 D NearbyFragment: Endpoint{id=Qd2N, name=Nexus 5X [34d8]} has finished downloading 20200312_193728.mp4
07-05 23:17:45.083  9882  9882 V VideoManager: Retrieving video from /storage/emulated/0/Movies/raw/20200312_193728.mp4
07-05 23:17:45.097  9882  9882 V VideoManager: videoFromCursor
07-05 23:17:45.102  9882  9882 V ProcessingVideosEventHandler: onAdd
07-05 23:17:45.102  9882  9882 V RawFootageEventHandler: onRemove
07-05 23:17:45.103  9882  9882 I NearbyFragment: Transfer queue is empty
07-05 23:17:45.133  9882  9882 V NearbyFragment: Transfer to Endpoint{id=Qd2N, name=Nexus 5X [34d8]} complete
07-05 23:17:53.837  9882 10153 V VideoManager: Retrieving video from /storage/emulated/0/Movies/raw/20200312_193928.mp4
07-05 23:17:53.869  9882 10153 D VideoManager: videoCursor is null
07-05 23:17:53.948  9882 10153 V VideoManager: videoFromCursor
07-05 23:17:53.953  9882 10153 W DashDownloadManager: Successfully downloaded 20200312_193928.mp4 in 29.099s
07-05 23:17:53.958  9882 10153 V DownloadTestVideosTask: Entering callback for download completion of 20200312_193928.mp4
07-05 23:17:53.958  9882 10153 V RawFootageEventHandler: onAdd
07-05 23:17:53.961  9882 10153 V NearbyFragment: nextTransfer with selected algorithm: best
07-05 23:17:53.965  9882 10153 W NearbyFragment: Sending 20200312_193928.mp4 to Nexus 5X [9c8f]
07-05 23:17:53.982  9882  9882 V NearbyFragment: Transfer to Endpoint{id=weVh, name=Nexus 5X [9c8f]} complete
07-05 23:17:54.970  9882 10153 V DownloadTestVideosTask: Starting DownloadTestVideosTask
07-05 23:17:54.974  9882 10153 V DashDownloadManager: Started downloading: 20200312_194129.mp4
07-05 23:17:54.980  9882 10153 I System.out: (HTTPLog)-Static: isSBSettingEnabled false
07-05 23:17:54.981  9882 10153 I System.out: (HTTPLog)-Static: isSBSettingEnabled false
07-05 23:17:55.102  9882 10153 I System.out: (HTTPLog)-Thread-2650-90222707: getTransferStream : ContentLength=69990400, method=GET, HTTPVersion=http/1.1
07-05 23:18:02.655  9882  9882 D NearbyFragment: onPayloadReceived(endpointId=Qd2N, payload=com.google.android.gms.nearby.connection.Payload@be05b30)
07-05 23:18:02.657  9882  9882 V NearbyFragment: Started downloading 20200312_193728.mp4 from Endpoint{id=Qd2N, name=Nexus 5X [34d8]}
07-05 23:18:02.659  9882  9882 I NearbyFragment: Transfer queue is empty
07-05 23:18:02.670  9882  9882 V NearbyFragment: Transfer to Endpoint{id=Qd2N, name=Nexus 5X [34d8]} complete
07-05 23:18:02.979  9882  9882 D NearbyFragment: onPayloadReceived(endpointId=Qd2N, payload=com.google.android.gms.nearby.connection.Payload@16fa3a9)
07-05 23:18:09.263  9882  9882 V NearbyFragment: Transfer to Endpoint{id=w2Lc, name=Nexus 5 [1825]} complete
07-05 23:18:09.506  9882  9882 D NearbyFragment: onPayloadReceived(endpointId=w2Lc, payload=com.google.android.gms.nearby.connection.Payload@e1c5d2e)
07-05 23:18:09.511  9882  9882 D NearbyFragment: Endpoint{id=w2Lc, name=Nexus 5 [1825]} has finished downloading 20200312_193828.mp4
07-05 23:18:09.515  9882  9882 V VideoManager: Retrieving video from /storage/emulated/0/Movies/raw/20200312_193828.mp4
07-05 23:18:09.539  9882  9882 V VideoManager: videoFromCursor
07-05 23:18:09.546  9882  9882 V ProcessingVideosEventHandler: onAdd
07-05 23:18:09.547  9882  9882 V RawFootageEventHandler: onRemove
07-05 23:18:09.550  9882  9882 I NearbyFragment: Transfer queue is empty
07-05 23:18:09.850  9882  9882 V NearbyFragment: Transfer to Endpoint{id=w2Lc, name=Nexus 5 [1825]} complete
07-05 23:18:33.140  9882  9882 V NearbyFragment: Transfer to Endpoint{id=weVh, name=Nexus 5X [9c8f]} complete
07-05 23:18:33.517  9882  9882 D NearbyFragment: onPayloadReceived(endpointId=weVh, payload=com.google.android.gms.nearby.connection.Payload@4f5d165)
07-05 23:18:33.519  9882  9882 D NearbyFragment: Endpoint{id=weVh, name=Nexus 5X [9c8f]} has finished downloading 20200312_193928.mp4
07-05 23:18:33.521  9882  9882 V VideoManager: Retrieving video from /storage/emulated/0/Movies/raw/20200312_193928.mp4
07-05 23:18:33.536  9882  9882 V VideoManager: videoFromCursor
07-05 23:18:33.541  9882  9882 V ProcessingVideosEventHandler: onAdd
07-05 23:18:33.542  9882  9882 V RawFootageEventHandler: onRemove
07-05 23:18:33.544  9882  9882 I NearbyFragment: Transfer queue is empty
07-05 23:18:33.773  9882  9882 V NearbyFragment: Transfer to Endpoint{id=weVh, name=Nexus 5X [9c8f]} complete
07-05 23:18:40.176  9882  9882 V NearbyFragment: Transfer to Endpoint{id=Qd2N, name=Nexus 5X [34d8]} complete
07-05 23:18:40.178  9882  9882 W NearbyFragment: Completed downloading 20200312_193728.mp4 from Endpoint{id=Qd2N, name=Nexus 5X [34d8]} in 37.518s
07-05 23:18:42.129  9882  9882 V VideoManager: Retrieving video from /storage/emulated/0/Movies/summarised/20200312_193728.mp4
07-05 23:18:42.138  9882  9882 D VideoManager: videoCursor is null
07-05 23:18:42.189  9882  9882 V VideoManager: videoFromCursor
07-05 23:18:42.191  9882  9882 V SummarisedVideosEventHandler: onAdd
07-05 23:18:42.192  9882  9882 V ProcessingVideosEventHandler: removeByName
07-05 23:18:46.572  9882  9882 D NearbyFragment: onPayloadReceived(endpointId=weVh, payload=com.google.android.gms.nearby.connection.Payload@44c43b7)
07-05 23:18:46.573  9882  9882 D NearbyFragment: 20200312_193928.mp4 from Endpoint{id=weVh, name=Nexus 5X [9c8f]} contained no activity
07-05 23:18:46.574  9882  9882 V VideoManager: Retrieving video from /storage/emulated/0/Movies/raw/20200312_193928.mp4
07-05 23:18:46.595  9882  9882 V VideoManager: videoFromCursor
07-05 23:18:46.602  9882  9882 V ProcessingVideosEventHandler: onRemove
07-05 23:18:46.604  9882  9882 I NearbyFragment: Transfer queue is empty
07-05 23:18:46.605  9882  9882 V NearbyFragment: Transfer to Endpoint{id=weVh, name=Nexus 5X [9c8f]} complete
07-05 23:18:47.135  9882 10153 V VideoManager: Retrieving video from /storage/emulated/0/Movies/raw/20200312_194129.mp4
07-05 23:18:47.146  9882 10153 D VideoManager: videoCursor is null
07-05 23:18:48.177  9882 10153 V VideoManager: videoFromCursor
07-05 23:18:48.181  9882 10153 W DashDownloadManager: Successfully downloaded 20200312_194129.mp4 in 52.160s
07-05 23:18:48.181  9882 10153 V DownloadTestVideosTask: Entering callback for download completion of 20200312_194129.mp4
07-05 23:18:48.182  9882 10153 V RawFootageEventHandler: onAdd
07-05 23:18:48.184  9882 10153 V NearbyFragment: nextTransfer with selected algorithm: best
07-05 23:18:48.187  9882 10153 W NearbyFragment: Sending 20200312_194129.mp4 to Nexus 5X [34d8]
07-05 23:18:48.209  9882  9882 V NearbyFragment: Transfer to Endpoint{id=Qd2N, name=Nexus 5X [34d8]} complete
07-05 23:18:49.192  9882 10153 V DownloadTestVideosTask: Starting DownloadTestVideosTask
07-05 23:18:49.196  9882 10153 V DashDownloadManager: Started downloading: 20200312_194229.mp4
07-05 23:18:49.200  9882 10153 I System.out: (HTTPLog)-Static: isSBSettingEnabled false
07-05 23:18:49.201  9882 10153 I System.out: (HTTPLog)-Static: isSBSettingEnabled false
07-05 23:18:49.248  9882 10153 I System.out: (HTTPLog)-Thread-2650-167326096: getTransferStream : ContentLength=69990400, method=GET, HTTPVersion=http/1.1
07-05 23:19:07.609  9882  9882 V NearbyFragment: Transfer to Endpoint{id=Qd2N, name=Nexus 5X [34d8]} complete
07-05 23:19:07.725  9882  9882 D NearbyFragment: onPayloadReceived(endpointId=Qd2N, payload=com.google.android.gms.nearby.connection.Payload@1942a89)
07-05 23:19:07.728  9882  9882 D NearbyFragment: Endpoint{id=Qd2N, name=Nexus 5X [34d8]} has finished downloading 20200312_194129.mp4
07-05 23:19:07.730  9882  9882 V VideoManager: Retrieving video from /storage/emulated/0/Movies/raw/20200312_194129.mp4
07-05 23:19:07.746  9882  9882 V VideoManager: videoFromCursor
07-05 23:19:07.751  9882  9882 V ProcessingVideosEventHandler: onAdd
07-05 23:19:07.752  9882  9882 V RawFootageEventHandler: onRemove
07-05 23:19:07.753  9882  9882 I NearbyFragment: Transfer queue is empty
07-05 23:19:07.770  9882  9882 V NearbyFragment: Transfer to Endpoint{id=Qd2N, name=Nexus 5X [34d8]} complete
07-05 23:19:15.081  9882 10153 V VideoManager: Retrieving video from /storage/emulated/0/Movies/raw/20200312_194229.mp4
07-05 23:19:15.103  9882 10153 D VideoManager: videoCursor is null
07-05 23:19:15.189  9882 10153 V VideoManager: videoFromCursor
07-05 23:19:15.194  9882 10153 W DashDownloadManager: Successfully downloaded 20200312_194229.mp4 in 25.884s
07-05 23:19:15.194  9882 10153 V DownloadTestVideosTask: Entering callback for download completion of 20200312_194229.mp4
07-05 23:19:15.195  9882 10153 V RawFootageEventHandler: onAdd
07-05 23:19:15.198  9882 10153 V NearbyFragment: nextTransfer with selected algorithm: best
07-05 23:19:15.202  9882 10153 W NearbyFragment: Sending 20200312_194229.mp4 to Nexus 5X [9c8f]
07-05 23:19:15.236  9882  9882 V NearbyFragment: Transfer to Endpoint{id=weVh, name=Nexus 5X [9c8f]} complete
07-05 23:19:16.208  9882 10153 V DownloadTestVideosTask: Starting DownloadTestVideosTask
07-05 23:19:16.218  9882 10153 V DashDownloadManager: Started downloading: 20200312_194330.mp4
07-05 23:19:16.231  9882 10153 I System.out: (HTTPLog)-Static: isSBSettingEnabled false
07-05 23:19:16.232  9882 10153 I System.out: (HTTPLog)-Static: isSBSettingEnabled false
07-05 23:19:16.249  9882 10153 I System.out: (HTTPLog)-Thread-2650-242027211: getTransferStream : ContentLength=69990400, method=GET, HTTPVersion=http/1.1
07-05 23:19:20.236  9882  9882 D NearbyFragment: onPayloadReceived(endpointId=w2Lc, payload=com.google.android.gms.nearby.connection.Payload@1b9a2a8)
07-05 23:19:20.238  9882  9882 V NearbyFragment: Started downloading 20200312_193828.mp4 from Endpoint{id=w2Lc, name=Nexus 5 [1825]}
07-05 23:19:20.240  9882  9882 I NearbyFragment: Transfer queue is empty
07-05 23:19:20.268  9882  9882 V NearbyFragment: Transfer to Endpoint{id=w2Lc, name=Nexus 5 [1825]} complete
07-05 23:19:20.737  9882  9882 D NearbyFragment: onPayloadReceived(endpointId=w2Lc, payload=com.google.android.gms.nearby.connection.Payload@189a1c1)
07-05 23:19:33.266  9882  9882 V NearbyFragment: Transfer to Endpoint{id=w2Lc, name=Nexus 5 [1825]} complete
07-05 23:19:33.270  9882  9882 W NearbyFragment: Completed downloading 20200312_193828.mp4 from Endpoint{id=w2Lc, name=Nexus 5 [1825]} in 13.028s
07-05 23:19:33.417  9882  9882 V VideoManager: Retrieving video from /storage/emulated/0/Movies/summarised/20200312_193828.mp4
07-05 23:19:33.429  9882  9882 D VideoManager: videoCursor is null
07-05 23:19:33.486  9882  9882 V VideoManager: videoFromCursor
07-05 23:19:33.490  9882  9882 V SummarisedVideosEventHandler: onAdd
07-05 23:19:33.490  9882  9882 V ProcessingVideosEventHandler: removeByName
07-05 23:19:34.965  9882  9882 V NearbyFragment: Transfer to Endpoint{id=weVh, name=Nexus 5X [9c8f]} complete
07-05 23:19:35.399  9882  9882 D NearbyFragment: onPayloadReceived(endpointId=weVh, payload=com.google.android.gms.nearby.connection.Payload@61bbb6d)
07-05 23:19:35.402  9882  9882 D NearbyFragment: Endpoint{id=weVh, name=Nexus 5X [9c8f]} has finished downloading 20200312_194229.mp4
07-05 23:19:35.404  9882  9882 V VideoManager: Retrieving video from /storage/emulated/0/Movies/raw/20200312_194229.mp4
07-05 23:19:35.420  9882  9882 V VideoManager: videoFromCursor
07-05 23:19:35.425  9882  9882 V ProcessingVideosEventHandler: onAdd
07-05 23:19:35.426  9882  9882 V RawFootageEventHandler: onRemove
07-05 23:19:35.428  9882  9882 I NearbyFragment: Transfer queue is empty
07-05 23:19:35.457  9882  9882 V NearbyFragment: Transfer to Endpoint{id=weVh, name=Nexus 5X [9c8f]} complete
07-05 23:19:48.249  9882 10153 V VideoManager: Retrieving video from /storage/emulated/0/Movies/raw/20200312_194330.mp4
07-05 23:19:48.259  9882 10153 D VideoManager: videoCursor is null
07-05 23:19:48.302  9882 10153 V VideoManager: videoFromCursor
07-05 23:19:48.305  9882 10153 W DashDownloadManager: Successfully downloaded 20200312_194330.mp4 in 32.030s
07-05 23:19:48.305  9882 10153 V DownloadTestVideosTask: Entering callback for download completion of 20200312_194330.mp4
07-05 23:19:48.306  9882 10153 V RawFootageEventHandler: onAdd
07-05 23:19:48.307  9882 10153 V NearbyFragment: nextTransfer with selected algorithm: best
07-05 23:19:48.309  9882 10153 W NearbyFragment: Sending 20200312_194330.mp4 to Nexus 5 [1825]
07-05 23:19:48.327  9882  9882 V NearbyFragment: Transfer to Endpoint{id=w2Lc, name=Nexus 5 [1825]} complete
07-05 23:19:49.314  9882 10153 V DownloadTestVideosTask: Starting DownloadTestVideosTask
07-05 23:19:49.316  9882 10153 V DashDownloadManager: Started downloading: 20200312_194730.mp4
07-05 23:19:49.318  9882 10153 I System.out: (HTTPLog)-Static: isSBSettingEnabled false
07-05 23:19:49.319  9882 10153 I System.out: (HTTPLog)-Static: isSBSettingEnabled false
07-05 23:19:50.034  9882 10153 I System.out: (HTTPLog)-Thread-2650-141980815: getTransferStream : ContentLength=69990400, method=GET, HTTPVersion=http/1.1
07-05 23:20:11.845  9882  9882 V NearbyFragment: Transfer to Endpoint{id=w2Lc, name=Nexus 5 [1825]} complete
07-05 23:20:12.362  9882  9882 D NearbyFragment: onPayloadReceived(endpointId=w2Lc, payload=com.google.android.gms.nearby.connection.Payload@78d631c)
07-05 23:20:12.366  9882  9882 D NearbyFragment: Endpoint{id=w2Lc, name=Nexus 5 [1825]} has finished downloading 20200312_194330.mp4
07-05 23:20:12.368  9882  9882 V VideoManager: Retrieving video from /storage/emulated/0/Movies/raw/20200312_194330.mp4
07-05 23:20:12.396  9882  9882 V VideoManager: videoFromCursor
07-05 23:20:12.405  9882  9882 V ProcessingVideosEventHandler: onAdd
07-05 23:20:12.406  9882  9882 V RawFootageEventHandler: onRemove
07-05 23:20:12.410  9882  9882 I NearbyFragment: Transfer queue is empty
07-05 23:20:12.415  9882  9882 V NearbyFragment: Transfer to Endpoint{id=w2Lc, name=Nexus 5 [1825]} complete
07-05 23:20:15.309  9882  9882 D NearbyFragment: onPayloadReceived(endpointId=Qd2N, payload=com.google.android.gms.nearby.connection.Payload@76fcaab)
07-05 23:20:15.310  9882  9882 V NearbyFragment: Started downloading 20200312_194129.mp4 from Endpoint{id=Qd2N, name=Nexus 5X [34d8]}
07-05 23:20:15.312  9882  9882 I NearbyFragment: Transfer queue is empty
07-05 23:20:15.327  9882  9882 V NearbyFragment: Transfer to Endpoint{id=Qd2N, name=Nexus 5X [34d8]} complete
07-05 23:20:15.538  9882  9882 D NearbyFragment: onPayloadReceived(endpointId=Qd2N, payload=com.google.android.gms.nearby.connection.Payload@59b9508)
07-05 23:20:17.140  9882  9882 V NearbyFragment: Transfer to Endpoint{id=Qd2N, name=Nexus 5X [34d8]} complete
07-05 23:20:17.143  9882  9882 W NearbyFragment: Completed downloading 20200312_194129.mp4 from Endpoint{id=Qd2N, name=Nexus 5X [34d8]} in 01.830s
07-05 23:20:17.266  9882  9882 V VideoManager: Retrieving video from /storage/emulated/0/Movies/summarised/20200312_194129.mp4
07-05 23:20:17.285  9882  9882 D VideoManager: videoCursor is null
07-05 23:20:17.428  9882  9882 V VideoManager: videoFromCursor
07-05 23:20:17.433  9882  9882 V SummarisedVideosEventHandler: onAdd
07-05 23:20:17.433  9882  9882 V ProcessingVideosEventHandler: removeByName
07-05 23:20:19.539  9882 10153 V VideoManager: Retrieving video from /storage/emulated/0/Movies/raw/20200312_194730.mp4
07-05 23:20:19.562  9882 10153 D VideoManager: videoCursor is null
07-05 23:20:19.616  9882 10153 V VideoManager: videoFromCursor
07-05 23:20:19.621  9882 10153 W DashDownloadManager: Successfully downloaded 20200312_194730.mp4 in 30.222s
07-05 23:20:19.622  9882 10153 V DownloadTestVideosTask: Entering callback for download completion of 20200312_194730.mp4
07-05 23:20:19.623  9882 10153 V RawFootageEventHandler: onAdd
07-05 23:20:19.626  9882 10153 V NearbyFragment: nextTransfer with selected algorithm: best
07-05 23:20:19.630  9882 10153 W NearbyFragment: Sending 20200312_194730.mp4 to Nexus 5X [34d8]
07-05 23:20:19.646  9882  9882 V NearbyFragment: Transfer to Endpoint{id=Qd2N, name=Nexus 5X [34d8]} complete
07-05 23:20:20.635  9882 10153 V DownloadTestVideosTask: Starting DownloadTestVideosTask
07-05 23:20:20.641  9882 10153 V DashDownloadManager: Started downloading: 20200312_194830.mp4
07-05 23:20:20.649  9882 10153 I System.out: (HTTPLog)-Static: isSBSettingEnabled false
07-05 23:20:20.650  9882 10153 I System.out: (HTTPLog)-Static: isSBSettingEnabled false
07-05 23:20:20.660  9882 10153 I System.out: (HTTPLog)-Thread-2650-11738131: getTransferStream : ContentLength=69990400, method=GET, HTTPVersion=http/1.1
07-05 23:20:37.527  9882  9882 D NearbyFragment: onPayloadReceived(endpointId=w2Lc, payload=com.google.android.gms.nearby.connection.Payload@882ee50)
07-05 23:20:37.529  9882  9882 D NearbyFragment: 20200312_194330.mp4 from Endpoint{id=w2Lc, name=Nexus 5 [1825]} contained no activity
07-05 23:20:37.530  9882  9882 V VideoManager: Retrieving video from /storage/emulated/0/Movies/raw/20200312_194330.mp4
07-05 23:20:37.546  9882  9882 V VideoManager: videoFromCursor
07-05 23:20:37.550  9882  9882 V ProcessingVideosEventHandler: onRemove
07-05 23:20:37.552  9882  9882 I NearbyFragment: Transfer queue is empty
07-05 23:20:38.198  9882  9882 V NearbyFragment: Transfer to Endpoint{id=w2Lc, name=Nexus 5 [1825]} complete
07-05 23:20:45.747  9882  9882 D NearbyFragment: onPayloadReceived(endpointId=weVh, payload=com.google.android.gms.nearby.connection.Payload@38bf54e)
07-05 23:20:45.751  9882  9882 V NearbyFragment: Started downloading 20200312_194229.mp4 from Endpoint{id=weVh, name=Nexus 5X [9c8f]}
07-05 23:20:45.754  9882  9882 I NearbyFragment: Transfer queue is empty
07-05 23:20:45.758  9882  9882 V NearbyFragment: Transfer to Endpoint{id=weVh, name=Nexus 5X [9c8f]} complete
07-05 23:20:46.083  9882  9882 D NearbyFragment: onPayloadReceived(endpointId=weVh, payload=com.google.android.gms.nearby.connection.Payload@fa9666f)
07-05 23:20:46.140  9882  9882 V NearbyFragment: Transfer to Endpoint{id=Qd2N, name=Nexus 5X [34d8]} complete
07-05 23:20:46.359  9882  9882 D NearbyFragment: onPayloadReceived(endpointId=Qd2N, payload=com.google.android.gms.nearby.connection.Payload@1309f7c)
07-05 23:20:46.362  9882  9882 D NearbyFragment: Endpoint{id=Qd2N, name=Nexus 5X [34d8]} has finished downloading 20200312_194730.mp4
07-05 23:20:46.365  9882  9882 V VideoManager: Retrieving video from /storage/emulated/0/Movies/raw/20200312_194730.mp4
07-05 23:20:46.384  9882  9882 V VideoManager: videoFromCursor
07-05 23:20:46.390  9882  9882 V ProcessingVideosEventHandler: onAdd
07-05 23:20:46.391  9882  9882 V RawFootageEventHandler: onRemove
07-05 23:20:46.393  9882  9882 I NearbyFragment: Transfer queue is empty
07-05 23:20:46.696  9882  9882 V NearbyFragment: Transfer to Endpoint{id=Qd2N, name=Nexus 5X [34d8]} complete
07-05 23:20:47.155  9882  9882 V NearbyFragment: Transfer to Endpoint{id=weVh, name=Nexus 5X [9c8f]} complete
07-05 23:20:47.158  9882  9882 W NearbyFragment: Completed downloading 20200312_194229.mp4 from Endpoint{id=weVh, name=Nexus 5X [9c8f]} in 01.404s
07-05 23:20:47.306  9882  9882 V VideoManager: Retrieving video from /storage/emulated/0/Movies/summarised/20200312_194229.mp4
07-05 23:20:47.324  9882  9882 D VideoManager: videoCursor is null
07-05 23:20:47.402  9882  9882 V VideoManager: videoFromCursor
07-05 23:20:47.407  9882  9882 V SummarisedVideosEventHandler: onAdd
07-05 23:20:47.407  9882  9882 V ProcessingVideosEventHandler: removeByName
07-05 23:20:50.904  9882 10153 V VideoManager: Retrieving video from /storage/emulated/0/Movies/raw/20200312_194830.mp4
07-05 23:20:50.929  9882 10153 D VideoManager: videoCursor is null
07-05 23:20:51.002  9882 10153 V VideoManager: videoFromCursor
07-05 23:20:51.008  9882 10153 W DashDownloadManager: Successfully downloaded 20200312_194830.mp4 in 30.262s
07-05 23:20:51.009  9882 10153 V DownloadTestVideosTask: Entering callback for download completion of 20200312_194830.mp4
07-05 23:20:51.010  9882 10153 V RawFootageEventHandler: onAdd
07-05 23:20:51.014  9882 10153 V NearbyFragment: nextTransfer with selected algorithm: best
07-05 23:20:51.018  9882 10153 W NearbyFragment: Sending 20200312_194830.mp4 to Nexus 5 [1825]
07-05 23:20:51.039  9882  9882 V NearbyFragment: Transfer to Endpoint{id=w2Lc, name=Nexus 5 [1825]} complete
07-05 23:20:52.026  9882 10153 V DownloadTestVideosTask: Starting DownloadTestVideosTask
07-05 23:20:52.035  9882 10153 V DashDownloadManager: Started downloading: 20200312_194930.mp4
07-05 23:20:52.049  9882 10153 I System.out: (HTTPLog)-Static: isSBSettingEnabled false
07-05 23:20:52.051  9882 10153 I System.out: (HTTPLog)-Static: isSBSettingEnabled false
07-05 23:20:52.145  9882 10153 I System.out: (HTTPLog)-Thread-2650-221322541: getTransferStream : ContentLength=69990400, method=GET, HTTPVersion=http/1.1
07-05 23:21:07.063  9882  9882 D NearbyFragment: onPayloadReceived(endpointId=Qd2N, payload=com.google.android.gms.nearby.connection.Payload@29b5262)
07-05 23:21:07.066  9882  9882 D NearbyFragment: 20200312_194730.mp4 from Endpoint{id=Qd2N, name=Nexus 5X [34d8]} contained no activity
07-05 23:21:07.068  9882  9882 V VideoManager: Retrieving video from /storage/emulated/0/Movies/raw/20200312_194730.mp4
07-05 23:21:07.096  9882  9882 V VideoManager: videoFromCursor
07-05 23:21:07.107  9882  9882 V ProcessingVideosEventHandler: onRemove
07-05 23:21:07.113  9882  9882 I NearbyFragment: Transfer queue is empty
07-05 23:21:07.143  9882  9882 V NearbyFragment: Transfer to Endpoint{id=Qd2N, name=Nexus 5X [34d8]} complete
07-05 23:21:19.520  9882  9882 V NearbyFragment: Transfer to Endpoint{id=w2Lc, name=Nexus 5 [1825]} complete
07-05 23:21:19.702  9882  9882 D NearbyFragment: onPayloadReceived(endpointId=w2Lc, payload=com.google.android.gms.nearby.connection.Payload@b23d4b0)
07-05 23:21:19.704  9882  9882 D NearbyFragment: Endpoint{id=w2Lc, name=Nexus 5 [1825]} has finished downloading 20200312_194830.mp4
07-05 23:21:19.705  9882  9882 V VideoManager: Retrieving video from /storage/emulated/0/Movies/raw/20200312_194830.mp4
07-05 23:21:19.718  9882  9882 V VideoManager: videoFromCursor
07-05 23:21:19.723  9882  9882 V ProcessingVideosEventHandler: onAdd
07-05 23:21:19.724  9882  9882 V RawFootageEventHandler: onRemove
07-05 23:21:19.726  9882  9882 I NearbyFragment: Transfer queue is empty
07-05 23:21:19.748  9882  9882 V NearbyFragment: Transfer to Endpoint{id=w2Lc, name=Nexus 5 [1825]} complete
07-05 23:21:21.999  9882 10153 V VideoManager: Retrieving video from /storage/emulated/0/Movies/raw/20200312_194930.mp4
07-05 23:21:22.021  9882 10153 D VideoManager: videoCursor is null
07-05 23:21:22.169  9882 10153 V VideoManager: videoFromCursor
07-05 23:21:22.174  9882 10153 W DashDownloadManager: Successfully downloaded 20200312_194930.mp4 in 29.962s
07-05 23:21:22.175  9882 10153 V DownloadTestVideosTask: Entering callback for download completion of 20200312_194930.mp4
07-05 23:21:22.176  9882 10153 V RawFootageEventHandler: onAdd
07-05 23:21:22.179  9882 10153 V NearbyFragment: nextTransfer with selected algorithm: best
07-05 23:21:22.182  9882 10153 W NearbyFragment: Sending 20200312_194930.mp4 to Nexus 5X [34d8]
07-05 23:21:22.202  9882  9882 V NearbyFragment: Transfer to Endpoint{id=Qd2N, name=Nexus 5X [34d8]} complete
07-05 23:21:23.190  9882 10153 V DownloadTestVideosTask: Starting DownloadTestVideosTask
07-05 23:21:23.199  9882 10153 V DashDownloadManager: Started downloading: 20200312_195230.mp4
07-05 23:21:23.214  9882 10153 I System.out: (HTTPLog)-Static: isSBSettingEnabled false
07-05 23:21:23.215  9882 10153 I System.out: (HTTPLog)-Static: isSBSettingEnabled false
07-05 23:21:23.315  9882 10153 I System.out: (HTTPLog)-Thread-2650-209767354: getTransferStream : ContentLength=69990400, method=GET, HTTPVersion=http/1.1
07-05 23:21:42.687  9882  9882 V NearbyFragment: Transfer to Endpoint{id=Qd2N, name=Nexus 5X [34d8]} complete
07-05 23:21:43.652  9882  9882 D NearbyFragment: onPayloadReceived(endpointId=Qd2N, payload=com.google.android.gms.nearby.connection.Payload@cc59a6b)
07-05 23:21:43.654  9882  9882 D NearbyFragment: Endpoint{id=Qd2N, name=Nexus 5X [34d8]} has finished downloading 20200312_194930.mp4
07-05 23:21:43.654  9882  9882 V VideoManager: Retrieving video from /storage/emulated/0/Movies/raw/20200312_194930.mp4
07-05 23:21:43.671  9882  9882 V VideoManager: videoFromCursor
07-05 23:21:43.677  9882  9882 V ProcessingVideosEventHandler: onAdd
07-05 23:21:43.677  9882  9882 V RawFootageEventHandler: onRemove
07-05 23:21:43.679  9882  9882 I NearbyFragment: Transfer queue is empty
07-05 23:21:43.705  9882  9882 V NearbyFragment: Transfer to Endpoint{id=Qd2N, name=Nexus 5X [34d8]} complete
07-05 23:21:48.975  9882 10153 V VideoManager: Retrieving video from /storage/emulated/0/Movies/raw/20200312_195230.mp4
07-05 23:21:48.984  9882 10153 D VideoManager: videoCursor is null
07-05 23:21:49.034  9882 10153 V VideoManager: videoFromCursor
07-05 23:21:49.038  9882 10153 W DashDownloadManager: Successfully downloaded 20200312_195230.mp4 in 25.774s
07-05 23:21:49.039  9882 10153 V DownloadTestVideosTask: Entering callback for download completion of 20200312_195230.mp4
07-05 23:21:49.039  9882 10153 V RawFootageEventHandler: onAdd
07-05 23:21:49.041  9882 10153 V NearbyFragment: nextTransfer with selected algorithm: best
07-05 23:21:49.044  9882 10153 W NearbyFragment: Sending 20200312_195230.mp4 to Nexus 5X [9c8f]
07-05 23:21:49.062  9882  9882 V NearbyFragment: Transfer to Endpoint{id=weVh, name=Nexus 5X [9c8f]} complete
07-05 23:21:50.048  9882 10153 V DownloadTestVideosTask: Starting DownloadTestVideosTask
07-05 23:21:50.054  9882 10153 V DashDownloadManager: Started downloading: 20200312_195330.mp4
07-05 23:21:50.060  9882 10153 I System.out: (HTTPLog)-Static: isSBSettingEnabled false
07-05 23:21:50.061  9882 10153 I System.out: (HTTPLog)-Static: isSBSettingEnabled false
07-05 23:21:50.127  9882 10153 I System.out: (HTTPLog)-Thread-2650-180399005: getTransferStream : ContentLength=69990400, method=GET, HTTPVersion=http/1.1
07-05 23:22:09.534  9882  9882 V NearbyFragment: Transfer to Endpoint{id=weVh, name=Nexus 5X [9c8f]} complete
07-05 23:22:10.128  9882  9882 D NearbyFragment: onPayloadReceived(endpointId=weVh, payload=com.google.android.gms.nearby.connection.Payload@c11812)
07-05 23:22:10.129  9882  9882 D NearbyFragment: Endpoint{id=weVh, name=Nexus 5X [9c8f]} has finished downloading 20200312_195230.mp4
07-05 23:22:10.130  9882  9882 V VideoManager: Retrieving video from /storage/emulated/0/Movies/raw/20200312_195230.mp4
07-05 23:22:10.150  9882  9882 V VideoManager: videoFromCursor
07-05 23:22:10.158  9882  9882 V ProcessingVideosEventHandler: onAdd
07-05 23:22:10.158  9882  9882 V RawFootageEventHandler: onRemove
07-05 23:22:10.161  9882  9882 I NearbyFragment: Transfer queue is empty
07-05 23:22:10.204  9882  9882 V NearbyFragment: Transfer to Endpoint{id=weVh, name=Nexus 5X [9c8f]} complete
07-05 23:22:22.093  9882 10153 V VideoManager: Retrieving video from /storage/emulated/0/Movies/raw/20200312_195330.mp4
07-05 23:22:22.117  9882 10153 D VideoManager: videoCursor is null
07-05 23:22:22.212  9882 10153 V VideoManager: videoFromCursor
07-05 23:22:22.218  9882 10153 W DashDownloadManager: Successfully downloaded 20200312_195330.mp4 in 32.038s
07-05 23:22:22.219  9882 10153 V DownloadTestVideosTask: Entering callback for download completion of 20200312_195330.mp4
07-05 23:22:22.220  9882 10153 V RawFootageEventHandler: onAdd
07-05 23:22:22.222  9882 10153 V NearbyFragment: nextTransfer with selected algorithm: best
07-05 23:22:22.226  9882 10153 W NearbyFragment: Sending 20200312_195330.mp4 to Nexus 5X [34d8]
07-05 23:22:22.247  9882  9882 V NearbyFragment: Transfer to Endpoint{id=Qd2N, name=Nexus 5X [34d8]} complete
07-05 23:22:23.232  9882 10153 V DownloadTestVideosTask: Starting DownloadTestVideosTask
07-05 23:22:23.240  9882 10153 V DashDownloadManager: Started downloading: 20200312_195430.mp4
07-05 23:22:23.254  9882 10153 I System.out: (HTTPLog)-Static: isSBSettingEnabled false
07-05 23:22:23.255  9882 10153 I System.out: (HTTPLog)-Static: isSBSettingEnabled false
07-05 23:22:23.310  9882 10153 I System.out: (HTTPLog)-Thread-2650-43361292: getTransferStream : ContentLength=69990400, method=GET, HTTPVersion=http/1.1
07-05 23:22:43.609  9882  9882 V NearbyFragment: Transfer to Endpoint{id=Qd2N, name=Nexus 5X [34d8]} complete
07-05 23:22:45.163  9882  9882 D NearbyFragment: onPayloadReceived(endpointId=Qd2N, payload=com.google.android.gms.nearby.connection.Payload@efab155)
07-05 23:22:45.164  9882  9882 D NearbyFragment: Endpoint{id=Qd2N, name=Nexus 5X [34d8]} has finished downloading 20200312_195330.mp4
07-05 23:22:45.165  9882  9882 V VideoManager: Retrieving video from /storage/emulated/0/Movies/raw/20200312_195330.mp4
07-05 23:22:45.189  9882  9882 V VideoManager: videoFromCursor
07-05 23:22:45.198  9882  9882 V ProcessingVideosEventHandler: onAdd
07-05 23:22:45.199  9882  9882 V RawFootageEventHandler: onRemove
07-05 23:22:45.201  9882  9882 I NearbyFragment: Transfer queue is empty
07-05 23:22:45.204  9882  9882 V NearbyFragment: Transfer to Endpoint{id=Qd2N, name=Nexus 5X [34d8]} complete
07-05 23:22:49.890  9882 10153 V VideoManager: Retrieving video from /storage/emulated/0/Movies/raw/20200312_195430.mp4
07-05 23:22:49.911  9882 10153 D VideoManager: videoCursor is null
07-05 23:22:50.003  9882 10153 V VideoManager: videoFromCursor
07-05 23:22:50.007  9882 10153 W DashDownloadManager: Successfully downloaded 20200312_195430.mp4 in 26.648s
07-05 23:22:50.008  9882 10153 V DownloadTestVideosTask: Entering callback for download completion of 20200312_195430.mp4
07-05 23:22:50.009  9882 10153 V RawFootageEventHandler: onAdd
07-05 23:22:50.011  9882 10153 V NearbyFragment: nextTransfer with selected algorithm: best
07-05 23:22:50.015  9882 10153 W NearbyFragment: Sending 20200312_195430.mp4 to Nexus 5X [34d8]
07-05 23:22:50.043  9882  9882 V NearbyFragment: Transfer to Endpoint{id=Qd2N, name=Nexus 5X [34d8]} complete
07-05 23:22:51.019  9882 10153 V DownloadTestVideosTask: Starting DownloadTestVideosTask
07-05 23:22:51.023  9882 10153 D DownloadTestVideosTask: No new videos
07-05 23:22:51.024  9882 10153 W NearbyFragment: Stopped downloading from dashcam
07-05 23:22:51.917  9882  9882 D NearbyFragment: onPayloadReceived(endpointId=weVh, payload=com.google.android.gms.nearby.connection.Payload@a457b37)
07-05 23:22:51.918  9882  9882 V NearbyFragment: Started downloading 20200312_195230.mp4 from Endpoint{id=weVh, name=Nexus 5X [9c8f]}
07-05 23:22:51.919  9882  9882 I NearbyFragment: Transfer queue is empty
07-05 23:22:51.920  9882  9882 V NearbyFragment: Transfer to Endpoint{id=weVh, name=Nexus 5X [9c8f]} complete
07-05 23:22:52.194  9882  9882 D NearbyFragment: onPayloadReceived(endpointId=weVh, payload=com.google.android.gms.nearby.connection.Payload@eaa68a4)
07-05 23:22:53.092  9882  9882 V NearbyFragment: Transfer to Endpoint{id=weVh, name=Nexus 5X [9c8f]} complete
07-05 23:22:53.094  9882  9882 W NearbyFragment: Completed downloading 20200312_195230.mp4 from Endpoint{id=weVh, name=Nexus 5X [9c8f]} in 01.175s
07-05 23:22:53.162  9882  9882 V VideoManager: Retrieving video from /storage/emulated/0/Movies/summarised/20200312_195230.mp4
07-05 23:22:53.173  9882  9882 D VideoManager: videoCursor is null
07-05 23:22:53.223  9882  9882 V VideoManager: videoFromCursor
07-05 23:22:53.228  9882  9882 V SummarisedVideosEventHandler: onAdd
07-05 23:22:53.228  9882  9882 V ProcessingVideosEventHandler: removeByName
07-05 23:23:03.137  9882  9882 V NearbyFragment: Transfer to Endpoint{id=Qd2N, name=Nexus 5X [34d8]} complete
07-05 23:23:04.099  9882  9882 D NearbyFragment: onPayloadReceived(endpointId=Qd2N, payload=com.google.android.gms.nearby.connection.Payload@3b840)
07-05 23:23:04.101  9882  9882 D NearbyFragment: Endpoint{id=Qd2N, name=Nexus 5X [34d8]} has finished downloading 20200312_195430.mp4
07-05 23:23:04.102  9882  9882 V VideoManager: Retrieving video from /storage/emulated/0/Movies/raw/20200312_195430.mp4
07-05 23:23:04.117  9882  9882 V VideoManager: videoFromCursor
07-05 23:23:04.122  9882  9882 V ProcessingVideosEventHandler: onAdd
07-05 23:23:04.123  9882  9882 V RawFootageEventHandler: onRemove
07-05 23:23:04.125  9882  9882 I NearbyFragment: Transfer queue is empty
07-05 23:23:04.206  9882  9882 V NearbyFragment: Transfer to Endpoint{id=Qd2N, name=Nexus 5X [34d8]} complete
07-05 23:23:12.333  9882  9882 D NearbyFragment: onPayloadReceived(endpointId=w2Lc, payload=com.google.android.gms.nearby.connection.Payload@c346d1f)
07-05 23:23:12.336  9882  9882 V NearbyFragment: Started downloading 20200312_194830.mp4 from Endpoint{id=w2Lc, name=Nexus 5 [1825]}
07-05 23:23:12.339  9882  9882 I NearbyFragment: Transfer queue is empty
07-05 23:23:12.361  9882  9882 V NearbyFragment: Transfer to Endpoint{id=w2Lc, name=Nexus 5 [1825]} complete
07-05 23:23:12.386  9882  9882 D NearbyFragment: onPayloadReceived(endpointId=w2Lc, payload=com.google.android.gms.nearby.connection.Payload@8c186c)
07-05 23:23:14.740  9882  9882 V NearbyFragment: Transfer to Endpoint{id=w2Lc, name=Nexus 5 [1825]} complete
07-05 23:23:14.743  9882  9882 W NearbyFragment: Completed downloading 20200312_194830.mp4 from Endpoint{id=w2Lc, name=Nexus 5 [1825]} in 02.404s
07-05 23:23:14.928  9882  9882 V VideoManager: Retrieving video from /storage/emulated/0/Movies/summarised/20200312_194830.mp4
07-05 23:23:14.943  9882  9882 D VideoManager: videoCursor is null
07-05 23:23:15.030  9882  9882 V VideoManager: videoFromCursor
07-05 23:23:15.035  9882  9882 V SummarisedVideosEventHandler: onAdd
07-05 23:23:15.036  9882  9882 V ProcessingVideosEventHandler: removeByName
07-05 23:23:39.955  9882  9882 D NearbyFragment: onPayloadReceived(endpointId=Qd2N, payload=com.google.android.gms.nearby.connection.Payload@9aa3e88)
07-05 23:23:39.956  9882  9882 V NearbyFragment: Started downloading 20200312_194930.mp4 from Endpoint{id=Qd2N, name=Nexus 5X [34d8]}
07-05 23:23:39.957  9882  9882 I NearbyFragment: Transfer queue is empty
07-05 23:23:39.958  9882  9882 V NearbyFragment: Transfer to Endpoint{id=Qd2N, name=Nexus 5X [34d8]} complete
07-05 23:23:40.209  9882  9882 D NearbyFragment: onPayloadReceived(endpointId=Qd2N, payload=com.google.android.gms.nearby.connection.Payload@1ba4021)
07-05 23:23:41.246  9882  9882 V NearbyFragment: Transfer to Endpoint{id=Qd2N, name=Nexus 5X [34d8]} complete
07-05 23:23:41.249  9882  9882 W NearbyFragment: Completed downloading 20200312_194930.mp4 from Endpoint{id=Qd2N, name=Nexus 5X [34d8]} in 01.289s
07-05 23:23:41.448  9882  9882 V VideoManager: Retrieving video from /storage/emulated/0/Movies/summarised/20200312_194930.mp4
07-05 23:23:41.466  9882  9882 D VideoManager: videoCursor is null
07-05 23:23:41.554  9882  9882 V VideoManager: videoFromCursor
07-05 23:23:41.559  9882  9882 V SummarisedVideosEventHandler: onAdd
07-05 23:23:41.559  9882  9882 V ProcessingVideosEventHandler: removeByName
07-05 23:25:27.021  9882  9882 D NearbyFragment: onPayloadReceived(endpointId=Qd2N, payload=com.google.android.gms.nearby.connection.Payload@729b7cd)
07-05 23:25:27.023  9882  9882 V NearbyFragment: Started downloading 20200312_195330.mp4 from Endpoint{id=Qd2N, name=Nexus 5X [34d8]}
07-05 23:25:27.024  9882  9882 I NearbyFragment: Transfer queue is empty
07-05 23:25:27.026  9882  9882 V NearbyFragment: Transfer to Endpoint{id=Qd2N, name=Nexus 5X [34d8]} complete
07-05 23:25:27.123  9882  9882 D NearbyFragment: onPayloadReceived(endpointId=Qd2N, payload=com.google.android.gms.nearby.connection.Payload@851e882)
07-05 23:25:27.879  9882  9882 V NearbyFragment: Transfer to Endpoint{id=Qd2N, name=Nexus 5X [34d8]} complete
07-05 23:25:27.881  9882  9882 W NearbyFragment: Completed downloading 20200312_195330.mp4 from Endpoint{id=Qd2N, name=Nexus 5X [34d8]} in 00.857s
07-05 23:25:27.985  9882  9882 V VideoManager: Retrieving video from /storage/emulated/0/Movies/summarised/20200312_195330.mp4
07-05 23:25:28.028  9882  9882 D VideoManager: videoCursor is null
07-05 23:25:28.109  9882  9882 V VideoManager: videoFromCursor
07-05 23:25:28.113  9882  9882 V SummarisedVideosEventHandler: onAdd
07-05 23:25:28.114  9882  9882 V ProcessingVideosEventHandler: removeByName
07-05 23:27:19.289  9882  9882 D NearbyFragment: onPayloadReceived(endpointId=Qd2N, payload=com.google.android.gms.nearby.connection.Payload@72703c9)
07-05 23:27:19.289  9882  9882 V NearbyFragment: Started downloading 20200312_195430.mp4 from Endpoint{id=Qd2N, name=Nexus 5X [34d8]}
07-05 23:27:19.290  9882  9882 I NearbyFragment: Transfer queue is empty
07-05 23:27:19.299  9882  9882 V NearbyFragment: Transfer to Endpoint{id=Qd2N, name=Nexus 5X [34d8]} complete
07-05 23:27:19.398  9882  9882 D NearbyFragment: onPayloadReceived(endpointId=Qd2N, payload=com.google.android.gms.nearby.connection.Payload@53a0ace)
07-05 23:27:19.908  9882  9882 V NearbyFragment: Transfer to Endpoint{id=Qd2N, name=Nexus 5X [34d8]} complete
07-05 23:27:19.909  9882  9882 W NearbyFragment: Completed downloading 20200312_195430.mp4 from Endpoint{id=Qd2N, name=Nexus 5X [34d8]} in 00.618s
07-05 23:27:20.001  9882  9882 V VideoManager: Retrieving video from /storage/emulated/0/Movies/summarised/20200312_195430.mp4
07-05 23:27:20.037  9882  9882 D VideoManager: videoCursor is null
07-05 23:27:20.147  9882  9882 V VideoManager: videoFromCursor
07-05 23:27:20.153  9882  9882 V SummarisedVideosEventHandler: onAdd
07-05 23:27:20.154  9882  9882 V ProcessingVideosEventHandler: removeByName
