--------- beginning of main
--------- beginning of system
06-29 22:21:49.133 11259 11259 W LogFactory: Truncating log tag length as it exceed 23, the limit imposed by Android on certain API Levels
06-29 22:21:55.603 11259 11259 E TransferService: No notification is passed in the intent. Unable to transition to foreground.
06-29 22:24:44.585 11259 11259 W NearbyFragment: Completed downloading 20200312_150643!002.mp4 from Endpoint{id=MHNk, name=Nexus 5X [34d8]} in 11.686s
06-29 22:24:47.630 11259 11574 W Summariser: No activity detected
06-29 22:24:47.716 11259 11574 W Summariser: Summarisation completed
06-29 22:24:47.716 11259 11574 W Summariser:   filename: 20200312_150643!002.mp4
06-29 22:24:47.716 11259 11574 W Summariser:   active sections: 0
06-29 22:24:47.716 11259 11574 W Summariser:   time: 02.972s
06-29 22:24:47.716 11259 11574 W Summariser:   original duration: 16.01
06-29 22:24:47.716 11259 11574 W Summariser:   summarised duration: -1.00
06-29 22:24:47.716 11259 11574 W Summariser:   noise tolerance: 45.00
06-29 22:24:47.716 11259 11574 W Summariser:   quality: 23
06-29 22:24:47.716 11259 11574 W Summariser:   speed: medium
06-29 22:24:47.716 11259 11574 W Summariser:   freeze duration: 1.00
06-29 22:25:07.429 11259 11259 W NearbyFragment: Completed downloading 20200312_150744!003.mp4 from Endpoint{id=MHNk, name=Nexus 5X [34d8]} in 03.100s
06-29 22:25:09.669 11259 11608 W Summariser: 1 active sections found
06-29 22:25:21.371 11259 11608 W Summariser: Summarisation completed
06-29 22:25:21.371 11259 11608 W Summariser:   filename: 20200312_150744!003.mp4
06-29 22:25:21.371 11259 11608 W Summariser:   active sections: 1
06-29 22:25:21.371 11259 11608 W Summariser:   time: 13.779s
06-29 22:25:21.371 11259 11608 W Summariser:   original duration: 12.03
06-29 22:25:21.371 11259 11608 W Summariser:   summarised duration: 4.89
06-29 22:25:21.371 11259 11608 W Summariser:   noise tolerance: 45.00
06-29 22:25:21.371 11259 11608 W Summariser:   quality: 23
06-29 22:25:21.371 11259 11608 W Summariser:   speed: medium
06-29 22:25:21.371 11259 11608 W Summariser:   freeze duration: 1.00
06-29 22:25:21.404 11259 11608 W NearbyFragment: Sending 20200312_150744!003.mp4 to Nexus 5X [34d8]
06-29 22:25:33.459 11259 11259 W NearbyFragment: Completed downloading 20200312_150844!003.mp4 from Endpoint{id=MHNk, name=Nexus 5X [34d8]} in 07.812s
06-29 22:25:35.815 11259 11657 W Summariser: Whole video is active
06-29 22:25:36.428 11259 11657 W Summariser: Summarisation completed
06-29 22:25:36.428 11259 11657 W Summariser:   filename: 20200312_150844!003.mp4
06-29 22:25:36.428 11259 11657 W Summariser:   active sections: -1
06-29 22:25:36.428 11259 11657 W Summariser:   time: 02.789s
06-29 22:25:36.428 11259 11657 W Summariser:   original duration: 11.98
06-29 22:25:36.428 11259 11657 W Summariser:   summarised duration: 11.98
06-29 22:25:36.428 11259 11657 W Summariser:   noise tolerance: 45.00
06-29 22:25:36.428 11259 11657 W Summariser:   quality: 23
06-29 22:25:36.428 11259 11657 W Summariser:   speed: medium
06-29 22:25:36.428 11259 11657 W Summariser:   freeze duration: 1.00
06-29 22:25:36.456 11259 11657 W NearbyFragment: Sending 20200312_150844!003.mp4 to Nexus 5X [34d8]
06-29 22:26:05.849 11259 11259 W NearbyFragment: Completed downloading 20200312_150944!002.mp4 from Endpoint{id=MHNk, name=Nexus 5X [34d8]} in 02.330s
06-29 22:26:09.031 11259 11687 W Summariser: No activity detected
06-29 22:26:09.146 11259 11687 W Summariser: Summarisation completed
06-29 22:26:09.146 11259 11687 W Summariser:   filename: 20200312_150944!002.mp4
06-29 22:26:09.146 11259 11687 W Summariser:   active sections: 0
06-29 22:26:09.146 11259 11687 W Summariser:   time: 03.146s
06-29 22:26:09.146 11259 11687 W Summariser:   original duration: 16.01
06-29 22:26:09.146 11259 11687 W Summariser:   summarised duration: -1.00
06-29 22:26:09.146 11259 11687 W Summariser:   noise tolerance: 45.00
06-29 22:26:09.146 11259 11687 W Summariser:   quality: 23
06-29 22:26:09.146 11259 11687 W Summariser:   speed: medium
06-29 22:26:09.146 11259 11687 W Summariser:   freeze duration: 1.00
06-29 22:26:24.458 11259 11259 W NearbyFragment: Completed downloading 20200312_151044!000.mp4 from Endpoint{id=MHNk, name=Nexus 5X [34d8]} in 02.168s
06-29 22:26:27.738 11259 11711 W Summariser: No activity detected
06-29 22:26:27.803 11259 11711 W Summariser: Summarisation completed
06-29 22:26:27.803 11259 11711 W Summariser:   filename: 20200312_151044!000.mp4
06-29 22:26:27.803 11259 11711 W Summariser:   active sections: 0
06-29 22:26:27.803 11259 11711 W Summariser:   time: 03.237s
06-29 22:26:27.803 11259 11711 W Summariser:   original duration: 16.07
06-29 22:26:27.803 11259 11711 W Summariser:   summarised duration: -1.00
06-29 22:26:27.803 11259 11711 W Summariser:   noise tolerance: 45.00
06-29 22:26:27.803 11259 11711 W Summariser:   quality: 23
06-29 22:26:27.803 11259 11711 W Summariser:   speed: medium
06-29 22:26:27.803 11259 11711 W Summariser:   freeze duration: 1.00
06-29 22:26:57.490 11259 11259 W NearbyFragment: Completed downloading 20200312_193528!000.mp4 from Endpoint{id=MHNk, name=Nexus 5X [34d8]} in 05.954s
06-29 22:27:00.497 11259 11742 W Summariser: No activity detected
06-29 22:27:00.571 11259 11742 W Summariser: Summarisation completed
06-29 22:27:00.571 11259 11742 W Summariser:   filename: 20200312_193528!000.mp4
06-29 22:27:00.571 11259 11742 W Summariser:   active sections: 0
06-29 22:27:00.571 11259 11742 W Summariser:   time: 02.929s
06-29 22:27:00.571 11259 11742 W Summariser:   original duration: 16.06
06-29 22:27:00.571 11259 11742 W Summariser:   summarised duration: -1.00
06-29 22:27:00.571 11259 11742 W Summariser:   noise tolerance: 45.00
06-29 22:27:00.571 11259 11742 W Summariser:   quality: 23
06-29 22:27:00.571 11259 11742 W Summariser:   speed: medium
06-29 22:27:00.571 11259 11742 W Summariser:   freeze duration: 1.00
06-29 22:27:26.731 11259 11259 W NearbyFragment: Completed downloading 20200312_193628!000.mp4 from Endpoint{id=MHNk, name=Nexus 5X [34d8]} in 05.156s
06-29 22:27:29.755 11259 11774 W Summariser: No activity detected
06-29 22:27:29.814 11259 11774 W Summariser: Summarisation completed
06-29 22:27:29.814 11259 11774 W Summariser:   filename: 20200312_193628!000.mp4
06-29 22:27:29.814 11259 11774 W Summariser:   active sections: 0
06-29 22:27:29.814 11259 11774 W Summariser:   time: 02.966s
06-29 22:27:29.814 11259 11774 W Summariser:   original duration: 16.07
06-29 22:27:29.814 11259 11774 W Summariser:   summarised duration: -1.00
06-29 22:27:29.814 11259 11774 W Summariser:   noise tolerance: 45.00
06-29 22:27:29.814 11259 11774 W Summariser:   quality: 23
06-29 22:27:29.814 11259 11774 W Summariser:   speed: medium
06-29 22:27:29.814 11259 11774 W Summariser:   freeze duration: 1.00
06-29 22:27:56.233 11259 11259 W NearbyFragment: Completed downloading 20200312_193728!000.mp4 from Endpoint{id=MHNk, name=Nexus 5X [34d8]} in 05.196s
06-29 22:27:59.281 11259 11805 W Summariser: Whole video is active
06-29 22:27:59.897 11259 11805 W Summariser: Summarisation completed
06-29 22:27:59.897 11259 11805 W Summariser:   filename: 20200312_193728!000.mp4
06-29 22:27:59.897 11259 11805 W Summariser:   active sections: -1
06-29 22:27:59.897 11259 11805 W Summariser:   time: 03.469s
06-29 22:27:59.897 11259 11805 W Summariser:   original duration: 16.06
06-29 22:27:59.897 11259 11805 W Summariser:   summarised duration: 16.06
06-29 22:27:59.897 11259 11805 W Summariser:   noise tolerance: 45.00
06-29 22:27:59.897 11259 11805 W Summariser:   quality: 23
06-29 22:27:59.897 11259 11805 W Summariser:   speed: medium
06-29 22:27:59.897 11259 11805 W Summariser:   freeze duration: 1.00
06-29 22:27:59.955 11259 11805 W NearbyFragment: Sending 20200312_193728!000.mp4 to Nexus 5X [34d8]
06-29 22:28:35.474 11259 11259 W NearbyFragment: Completed downloading 20200312_193828!000.mp4 from Endpoint{id=MHNk, name=Nexus 5X [34d8]} in 04.813s
06-29 22:28:38.544 11259 11839 W Summariser: 1 active sections found
06-29 22:29:20.335 11259 11839 W Summariser: Summarisation completed
06-29 22:29:20.335 11259 11839 W Summariser:   filename: 20200312_193828!000.mp4
06-29 22:29:20.335 11259 11839 W Summariser:   active sections: 1
06-29 22:29:20.335 11259 11839 W Summariser:   time: 44.631s
06-29 22:29:20.335 11259 11839 W Summariser:   original duration: 16.06
06-29 22:29:20.335 11259 11839 W Summariser:   summarised duration: 14.28
06-29 22:29:20.335 11259 11839 W Summariser:   noise tolerance: 45.00
06-29 22:29:20.335 11259 11839 W Summariser:   quality: 23
06-29 22:29:20.335 11259 11839 W Summariser:   speed: medium
06-29 22:29:20.335 11259 11839 W Summariser:   freeze duration: 1.00
06-29 22:29:20.406 11259 11839 W NearbyFragment: Sending 20200312_193828!000.mp4 to Nexus 5X [34d8]
06-29 22:29:40.543 11259 11259 W NearbyFragment: Completed downloading 20200312_194129!003.mp4 from Endpoint{id=MHNk, name=Nexus 5X [34d8]} in 05.771s
06-29 22:29:44.759 11259 11914 W Summariser: 1 active sections found
06-29 22:29:47.979 11259 11914 W Summariser: Summarisation completed
06-29 22:29:47.979 11259 11914 W Summariser:   filename: 20200312_194129!003.mp4
06-29 22:29:47.979 11259 11914 W Summariser:   active sections: 1
06-29 22:29:47.979 11259 11914 W Summariser:   time: 07.231s
06-29 22:29:47.979 11259 11914 W Summariser:   original duration: 12.03
06-29 22:29:47.979 11259 11914 W Summariser:   summarised duration: 0.70
06-29 22:29:47.979 11259 11914 W Summariser:   noise tolerance: 45.00
06-29 22:29:47.979 11259 11914 W Summariser:   quality: 23
06-29 22:29:47.979 11259 11914 W Summariser:   speed: medium
06-29 22:29:47.979 11259 11914 W Summariser:   freeze duration: 1.00
06-29 22:29:48.007 11259 11914 W NearbyFragment: Sending 20200312_194129!003.mp4 to Nexus 5X [34d8]
06-29 22:30:12.192 11259 11259 W NearbyFragment: Completed downloading 20200312_194229!002.mp4 from Endpoint{id=MHNk, name=Nexus 5X [34d8]} in 06.510s
06-29 22:30:16.511 11259 11955 W Summariser: No activity detected
06-29 22:30:16.638 11259 11955 W Summariser: Summarisation completed
06-29 22:30:16.638 11259 11955 W Summariser:   filename: 20200312_194229!002.mp4
06-29 22:30:16.638 11259 11955 W Summariser:   active sections: 0
06-29 22:30:16.638 11259 11955 W Summariser:   time: 04.242s
06-29 22:30:16.638 11259 11955 W Summariser:   original duration: 16.01
06-29 22:30:16.638 11259 11955 W Summariser:   summarised duration: -1.00
06-29 22:30:16.638 11259 11955 W Summariser:   noise tolerance: 45.00
06-29 22:30:16.638 11259 11955 W Summariser:   quality: 23
06-29 22:30:16.638 11259 11955 W Summariser:   speed: medium
06-29 22:30:16.638 11259 11955 W Summariser:   freeze duration: 1.00
06-29 22:30:39.546 11259 11259 W NearbyFragment: Completed downloading 20200312_194330!001.mp4 from Endpoint{id=MHNk, name=Nexus 5X [34d8]} in 05.817s
06-29 22:30:43.809 11259 11983 W Summariser: No activity detected
06-29 22:30:43.928 11259 11983 W Summariser: Summarisation completed
06-29 22:30:43.928 11259 11983 W Summariser:   filename: 20200312_194330!001.mp4
06-29 22:30:43.928 11259 11983 W Summariser:   active sections: 0
06-29 22:30:43.928 11259 11983 W Summariser:   time: 04.222s
06-29 22:30:43.928 11259 11983 W Summariser:   original duration: 16.01
06-29 22:30:43.928 11259 11983 W Summariser:   summarised duration: -1.00
06-29 22:30:43.928 11259 11983 W Summariser:   noise tolerance: 45.00
06-29 22:30:43.928 11259 11983 W Summariser:   quality: 23
06-29 22:30:43.928 11259 11983 W Summariser:   speed: medium
06-29 22:30:43.928 11259 11983 W Summariser:   freeze duration: 1.00
06-29 22:31:09.494 11259 11259 W NearbyFragment: Completed downloading 20200312_194730!001.mp4 from Endpoint{id=MHNk, name=Nexus 5X [34d8]} in 03.462s
06-29 22:31:13.082 11259 12018 W Summariser: No activity detected
06-29 22:31:13.200 11259 12018 W Summariser: Summarisation completed
06-29 22:31:13.200 11259 12018 W Summariser:   filename: 20200312_194730!001.mp4
06-29 22:31:13.200 11259 12018 W Summariser:   active sections: 0
06-29 22:31:13.200 11259 12018 W Summariser:   time: 03.544s
06-29 22:31:13.200 11259 12018 W Summariser:   original duration: 16.02
06-29 22:31:13.200 11259 12018 W Summariser:   summarised duration: -1.00
06-29 22:31:13.200 11259 12018 W Summariser:   noise tolerance: 45.00
06-29 22:31:13.200 11259 12018 W Summariser:   quality: 23
06-29 22:31:13.200 11259 12018 W Summariser:   speed: medium
06-29 22:31:13.200 11259 12018 W Summariser:   freeze duration: 1.00
06-29 22:31:35.593 11259 11259 W NearbyFragment: Completed downloading 20200312_194830!001.mp4 from Endpoint{id=MHNk, name=Nexus 5X [34d8]} in 02.342s
06-29 22:31:38.835 11259 12041 W Summariser: 2 active sections found
06-29 22:32:02.540 11259 12041 W Summariser: Summarisation completed
06-29 22:32:02.540 11259 12041 W Summariser:   filename: 20200312_194830!001.mp4
06-29 22:32:02.540 11259 12041 W Summariser:   active sections: 2
06-29 22:32:02.540 11259 12041 W Summariser:   time: 26.710s
06-29 22:32:02.540 11259 12041 W Summariser:   original duration: 16.01
06-29 22:32:02.540 11259 12041 W Summariser:   summarised duration: 8.10
06-29 22:32:02.540 11259 12041 W Summariser:   noise tolerance: 45.00
06-29 22:32:02.540 11259 12041 W Summariser:   quality: 23
06-29 22:32:02.540 11259 12041 W Summariser:   speed: medium
06-29 22:32:02.540 11259 12041 W Summariser:   freeze duration: 1.00
06-29 22:32:02.572 11259 12041 W NearbyFragment: Sending 20200312_194830!001.mp4 to Nexus 5X [34d8]
06-29 22:32:23.905 11259 11259 W NearbyFragment: Completed downloading 20200312_195230!000.mp4 from Endpoint{id=MHNk, name=Nexus 5X [34d8]} in 04.486s
06-29 22:32:29.396 11259 12096 W Summariser: No activity detected
06-29 22:32:29.479 11259 12096 W Summariser: Summarisation completed
06-29 22:32:29.479 11259 12096 W Summariser:   filename: 20200312_195230!000.mp4
06-29 22:32:29.479 11259 12096 W Summariser:   active sections: 0
06-29 22:32:29.479 11259 12096 W Summariser:   time: 05.431s
06-29 22:32:29.479 11259 12096 W Summariser:   original duration: 16.07
06-29 22:32:29.479 11259 12096 W Summariser:   summarised duration: -1.00
06-29 22:32:29.479 11259 12096 W Summariser:   noise tolerance: 45.00
06-29 22:32:29.479 11259 12096 W Summariser:   quality: 23
06-29 22:32:29.479 11259 12096 W Summariser:   speed: medium
06-29 22:32:29.479 11259 12096 W Summariser:   freeze duration: 1.00
06-29 22:32:47.704 11259 11259 W NearbyFragment: Completed downloading 20200312_195330!000.mp4 from Endpoint{id=MHNk, name=Nexus 5X [34d8]} in 02.051s
06-29 22:32:53.578 11259 12120 W Summariser: 1 active sections found
06-29 22:32:55.339 11259 11259 W NearbyFragment: Completed downloading 20200312_195330!003.mp4 from Endpoint{id=MHNk, name=Nexus 5X [34d8]} in 03.140s
06-29 22:33:02.483 11259 12120 W Summariser: Summarisation completed
06-29 22:33:02.483 11259 12120 W Summariser:   filename: 20200312_195330!000.mp4
06-29 22:33:02.483 11259 12120 W Summariser:   active sections: 1
06-29 22:33:02.483 11259 12120 W Summariser:   time: 14.572s
06-29 22:33:02.483 11259 12120 W Summariser:   original duration: 16.07
06-29 22:33:02.483 11259 12120 W Summariser:   summarised duration: 1.11
06-29 22:33:02.483 11259 12120 W Summariser:   noise tolerance: 45.00
06-29 22:33:02.483 11259 12120 W Summariser:   quality: 23
06-29 22:33:02.483 11259 12120 W Summariser:   speed: medium
06-29 22:33:02.483 11259 12120 W Summariser:   freeze duration: 1.00
06-29 22:33:02.547 11259 12120 W NearbyFragment: Sending 20200312_195330!000.mp4 to Nexus 5X [34d8]
06-29 22:33:06.687 11259 12120 W Summariser: 1 active sections found
06-29 22:33:17.976 11259 11259 W NearbyFragment: Completed downloading 20200312_195430!001.mp4 from Endpoint{id=MHNk, name=Nexus 5X [34d8]} in 04.663s
06-29 22:33:20.823 11259 12120 W Summariser: Summarisation completed
06-29 22:33:20.823 11259 12120 W Summariser:   filename: 20200312_195330!003.mp4
06-29 22:33:20.823 11259 12120 W Summariser:   active sections: 1
06-29 22:33:20.823 11259 12120 W Summariser:   time: 18.108s
06-29 22:33:20.823 11259 12120 W Summariser:   original duration: 12.03
06-29 22:33:20.823 11259 12120 W Summariser:   summarised duration: 3.53
06-29 22:33:20.823 11259 12120 W Summariser:   noise tolerance: 45.00
06-29 22:33:20.823 11259 12120 W Summariser:   quality: 23
06-29 22:33:20.823 11259 12120 W Summariser:   speed: medium
06-29 22:33:20.823 11259 12120 W Summariser:   freeze duration: 1.00
06-29 22:33:20.857 11259 12120 W NearbyFragment: Sending 20200312_195330!003.mp4 to Nexus 5X [34d8]
06-29 22:33:26.469 11259 12120 W Summariser: 2 active sections found
06-29 22:33:47.689 11259 12120 W Summariser: Summarisation completed
06-29 22:33:47.689 11259 12120 W Summariser:   filename: 20200312_195430!001.mp4
06-29 22:33:47.689 11259 12120 W Summariser:   active sections: 2
06-29 22:33:47.689 11259 12120 W Summariser:   time: 26.627s
06-29 22:33:47.689 11259 12120 W Summariser:   original duration: 16.01
06-29 22:33:47.689 11259 12120 W Summariser:   summarised duration: 5.90
06-29 22:33:47.689 11259 12120 W Summariser:   noise tolerance: 45.00
06-29 22:33:47.689 11259 12120 W Summariser:   quality: 23
06-29 22:33:47.689 11259 12120 W Summariser:   speed: medium
06-29 22:33:47.689 11259 12120 W Summariser:   freeze duration: 1.00
06-29 22:33:47.725 11259 12120 W NearbyFragment: Sending 20200312_195430!001.mp4 to Nexus 5X [34d8]
