--------- beginning of main
--------- beginning of system
07-06 01:55:41.425 14986 14986 W LogFactory: Truncating log tag length as it exceed 23, the limit imposed by Android on certain API Levels
07-06 01:55:46.300 14986 14986 E TransferService: No notification is passed in the intent. Unable to transition to foreground.
07-06 01:57:40.744 14986 14986 W NearbyFragment: Completed downloading 20200312_150643!003.mp4 from Endpoint{id=njPJ, name=Galaxy S8 [2802]} in 12.347s
07-06 01:57:41.043 14986 15297 W mobile-ffmpeg: [graph 0 input from stream 0:0 @ 0x756b255200] sws_param option is deprecated and ignored
07-06 01:57:43.169 14986 15296 W Summariser: No activity detected
07-06 01:57:43.220 14986 15296 W Summariser: Summarisation completed
07-06 01:57:43.220 14986 15296 W Summariser:   filename: 20200312_150643!003.mp4
07-06 01:57:43.220 14986 15296 W Summariser:   active sections: 0
07-06 01:57:43.220 14986 15296 W Summariser:   time: 02.363s
07-06 01:57:43.220 14986 15296 W Summariser:   original duration: 12.01
07-06 01:57:43.220 14986 15296 W Summariser:   summarised duration: -1.00
07-06 01:57:43.220 14986 15296 W Summariser:   noise tolerance: 45.00
07-06 01:57:43.220 14986 15296 W Summariser:   quality: 23
07-06 01:57:43.220 14986 15296 W Summariser:   speed: medium
07-06 01:57:43.220 14986 15296 W Summariser:   freeze duration: 1.00
07-06 01:58:10.470 14986 14986 W NearbyFragment: Completed downloading 20200312_150844!001.mp4 from Endpoint{id=njPJ, name=Galaxy S8 [2802]} in 03.781s
07-06 01:58:10.696 14986 15297 W mobile-ffmpeg: [graph 0 input from stream 0:0 @ 0x756b255200] sws_param option is deprecated and ignored
07-06 01:58:13.525 14986 15330 W Summariser: Whole video is active
07-06 01:58:14.230 14986 15330 W Summariser: Summarisation completed
07-06 01:58:14.230 14986 15330 W Summariser:   filename: 20200312_150844!001.mp4
07-06 01:58:14.230 14986 15330 W Summariser:   active sections: -1
07-06 01:58:14.230 14986 15330 W Summariser:   time: 03.523s
07-06 01:58:14.230 14986 15330 W Summariser:   original duration: 16.01
07-06 01:58:14.230 14986 15330 W Summariser:   summarised duration: 16.01
07-06 01:58:14.230 14986 15330 W Summariser:   noise tolerance: 45.00
07-06 01:58:14.230 14986 15330 W Summariser:   quality: 23
07-06 01:58:14.230 14986 15330 W Summariser:   speed: medium
07-06 01:58:14.230 14986 15330 W Summariser:   freeze duration: 1.00
07-06 01:58:14.278 14986 15330 W NearbyFragment: Sending 20200312_150844!001.mp4 to Galaxy S8 [2802]
07-06 01:58:58.417 14986 14986 W NearbyFragment: Completed downloading 20200312_150944!002.mp4 from Endpoint{id=njPJ, name=Galaxy S8 [2802]} in 06.182s
07-06 01:58:58.579 14986 15297 W mobile-ffmpeg: [graph 0 input from stream 0:0 @ 0x756b255200] sws_param option is deprecated and ignored
07-06 01:59:01.464 14986 15364 W Summariser: No activity detected
07-06 01:59:01.523 14986 15364 W Summariser: Summarisation completed
07-06 01:59:01.523 14986 15364 W Summariser:   filename: 20200312_150944!002.mp4
07-06 01:59:01.523 14986 15364 W Summariser:   active sections: 0
07-06 01:59:01.523 14986 15364 W Summariser:   time: 02.994s
07-06 01:59:01.523 14986 15364 W Summariser:   original duration: 16.01
07-06 01:59:01.523 14986 15364 W Summariser:   summarised duration: -1.00
07-06 01:59:01.523 14986 15364 W Summariser:   noise tolerance: 45.00
07-06 01:59:01.523 14986 15364 W Summariser:   quality: 23
07-06 01:59:01.523 14986 15364 W Summariser:   speed: medium
07-06 01:59:01.523 14986 15364 W Summariser:   freeze duration: 1.00
07-06 01:59:20.391 14986 14986 W NearbyFragment: Completed downloading 20200312_151044!002.mp4 from Endpoint{id=njPJ, name=Galaxy S8 [2802]} in 07.711s
07-06 01:59:20.584 14986 15297 W mobile-ffmpeg: [graph 0 input from stream 0:0 @ 0x756b255200] sws_param option is deprecated and ignored
07-06 01:59:23.619 14986 15401 W Summariser: No activity detected
07-06 01:59:23.694 14986 15401 W Summariser: Summarisation completed
07-06 01:59:23.694 14986 15401 W Summariser:   filename: 20200312_151044!002.mp4
07-06 01:59:23.694 14986 15401 W Summariser:   active sections: 0
07-06 01:59:23.694 14986 15401 W Summariser:   time: 03.188s
07-06 01:59:23.694 14986 15401 W Summariser:   original duration: 16.01
07-06 01:59:23.694 14986 15401 W Summariser:   summarised duration: -1.00
07-06 01:59:23.694 14986 15401 W Summariser:   noise tolerance: 45.00
07-06 01:59:23.694 14986 15401 W Summariser:   quality: 23
07-06 01:59:23.694 14986 15401 W Summariser:   speed: medium
07-06 01:59:23.694 14986 15401 W Summariser:   freeze duration: 1.00
07-06 01:59:51.526 14986 14986 W NearbyFragment: Completed downloading 20200312_193528!002.mp4 from Endpoint{id=njPJ, name=Galaxy S8 [2802]} in 03.264s
07-06 01:59:51.721 14986 15297 W mobile-ffmpeg: [graph 0 input from stream 0:0 @ 0x756b255200] sws_param option is deprecated and ignored
07-06 01:59:54.658 14986 15428 W Summariser: No activity detected
07-06 01:59:54.707 14986 15428 W Summariser: Summarisation completed
07-06 01:59:54.707 14986 15428 W Summariser:   filename: 20200312_193528!002.mp4
07-06 01:59:54.707 14986 15428 W Summariser:   active sections: 0
07-06 01:59:54.707 14986 15428 W Summariser:   time: 03.066s
07-06 01:59:54.707 14986 15428 W Summariser:   original duration: 16.06
07-06 01:59:54.707 14986 15428 W Summariser:   summarised duration: -1.00
07-06 01:59:54.707 14986 15428 W Summariser:   noise tolerance: 45.00
07-06 01:59:54.707 14986 15428 W Summariser:   quality: 23
07-06 01:59:54.707 14986 15428 W Summariser:   speed: medium
07-06 01:59:54.707 14986 15428 W Summariser:   freeze duration: 1.00
07-06 02:00:23.439 14986 14986 W NearbyFragment: Completed downloading 20200312_193628!002.mp4 from Endpoint{id=njPJ, name=Galaxy S8 [2802]} in 03.762s
07-06 02:00:23.588 14986 15297 W mobile-ffmpeg: [graph 0 input from stream 0:0 @ 0x756b255200] sws_param option is deprecated and ignored
07-06 02:00:26.477 14986 15453 W Summariser: No activity detected
07-06 02:00:26.533 14986 15453 W Summariser: Summarisation completed
07-06 02:00:26.533 14986 15453 W Summariser:   filename: 20200312_193628!002.mp4
07-06 02:00:26.533 14986 15453 W Summariser:   active sections: 0
07-06 02:00:26.533 14986 15453 W Summariser:   time: 02.998s
07-06 02:00:26.533 14986 15453 W Summariser:   original duration: 16.02
07-06 02:00:26.533 14986 15453 W Summariser:   summarised duration: -1.00
07-06 02:00:26.533 14986 15453 W Summariser:   noise tolerance: 45.00
07-06 02:00:26.533 14986 15453 W Summariser:   quality: 23
07-06 02:00:26.533 14986 15453 W Summariser:   speed: medium
07-06 02:00:26.533 14986 15453 W Summariser:   freeze duration: 1.00
07-06 02:00:50.357 14986 14986 W NearbyFragment: Completed downloading 20200312_193728!001.mp4 from Endpoint{id=njPJ, name=Galaxy S8 [2802]} in 05.585s
07-06 02:00:50.548 14986 15297 W mobile-ffmpeg: [graph 0 input from stream 0:0 @ 0x756b255200] sws_param option is deprecated and ignored
07-06 02:00:53.468 14986 15483 W Summariser: Whole video is active
07-06 02:00:54.077 14986 15483 W Summariser: Summarisation completed
07-06 02:00:54.077 14986 15483 W Summariser:   filename: 20200312_193728!001.mp4
07-06 02:00:54.077 14986 15483 W Summariser:   active sections: -1
07-06 02:00:54.077 14986 15483 W Summariser:   time: 03.543s
07-06 02:00:54.077 14986 15483 W Summariser:   original duration: 16.01
07-06 02:00:54.077 14986 15483 W Summariser:   summarised duration: 16.01
07-06 02:00:54.077 14986 15483 W Summariser:   noise tolerance: 45.00
07-06 02:00:54.077 14986 15483 W Summariser:   quality: 23
07-06 02:00:54.077 14986 15483 W Summariser:   speed: medium
07-06 02:00:54.077 14986 15483 W Summariser:   freeze duration: 1.00
07-06 02:00:54.086 14986 15483 W NearbyFragment: Sending 20200312_193728!001.mp4 to Galaxy S8 [2802]
07-06 02:01:31.985 14986 14986 W NearbyFragment: Completed downloading 20200312_193828!002.mp4 from Endpoint{id=njPJ, name=Galaxy S8 [2802]} in 04.702s
07-06 02:01:32.128 14986 15297 W mobile-ffmpeg: [graph 0 input from stream 0:0 @ 0x756b255200] sws_param option is deprecated and ignored
07-06 02:01:35.061 14986 15520 W Summariser: No activity detected
07-06 02:01:35.133 14986 15520 W Summariser: Summarisation completed
07-06 02:01:35.133 14986 15520 W Summariser:   filename: 20200312_193828!002.mp4
07-06 02:01:35.133 14986 15520 W Summariser:   active sections: 0
07-06 02:01:35.133 14986 15520 W Summariser:   time: 03.032s
07-06 02:01:35.133 14986 15520 W Summariser:   original duration: 16.01
07-06 02:01:35.133 14986 15520 W Summariser:   summarised duration: -1.00
07-06 02:01:35.133 14986 15520 W Summariser:   noise tolerance: 45.00
07-06 02:01:35.133 14986 15520 W Summariser:   quality: 23
07-06 02:01:35.133 14986 15520 W Summariser:   speed: medium
07-06 02:01:35.133 14986 15520 W Summariser:   freeze duration: 1.00
07-06 02:01:56.096 14986 14986 W NearbyFragment: Completed downloading 20200312_193928!001.mp4 from Endpoint{id=njPJ, name=Galaxy S8 [2802]} in 05.274s
07-06 02:01:56.229 14986 15297 W mobile-ffmpeg: [graph 0 input from stream 0:0 @ 0x756b255200] sws_param option is deprecated and ignored
07-06 02:01:59.136 14986 15550 W Summariser: No activity detected
07-06 02:01:59.202 14986 15550 W Summariser: Summarisation completed
07-06 02:01:59.202 14986 15550 W Summariser:   filename: 20200312_193928!001.mp4
07-06 02:01:59.202 14986 15550 W Summariser:   active sections: 0
07-06 02:01:59.202 14986 15550 W Summariser:   time: 03.009s
07-06 02:01:59.202 14986 15550 W Summariser:   original duration: 16.05
07-06 02:01:59.202 14986 15550 W Summariser:   summarised duration: -1.00
07-06 02:01:59.202 14986 15550 W Summariser:   noise tolerance: 45.00
07-06 02:01:59.202 14986 15550 W Summariser:   quality: 23
07-06 02:01:59.202 14986 15550 W Summariser:   speed: medium
07-06 02:01:59.202 14986 15550 W Summariser:   freeze duration: 1.00
07-06 02:02:21.402 14986 14986 W NearbyFragment: Completed downloading 20200312_194129!001.mp4 from Endpoint{id=njPJ, name=Galaxy S8 [2802]} in 04.366s
07-06 02:02:21.613 14986 15297 W mobile-ffmpeg: [graph 0 input from stream 0:0 @ 0x756b255200] sws_param option is deprecated and ignored
07-06 02:02:24.607 14986 15580 W Summariser: 1 active sections found
07-06 02:02:24.702 14986 15297 W mobile-ffmpeg: [graph 0 input from stream 0:0 @ 0x756b255140] sws_param option is deprecated and ignored
07-06 02:02:32.855 14986 15580 W Summariser: Summarisation completed
07-06 02:02:32.855 14986 15580 W Summariser:   filename: 20200312_194129!001.mp4
07-06 02:02:32.855 14986 15580 W Summariser:   active sections: 1
07-06 02:02:32.855 14986 15580 W Summariser:   time: 11.301s
07-06 02:02:32.855 14986 15580 W Summariser:   original duration: 16.02
07-06 02:02:32.855 14986 15580 W Summariser:   summarised duration: 2.97
07-06 02:02:32.855 14986 15580 W Summariser:   noise tolerance: 45.00
07-06 02:02:32.855 14986 15580 W Summariser:   quality: 23
07-06 02:02:32.855 14986 15580 W Summariser:   speed: medium
07-06 02:02:32.855 14986 15580 W Summariser:   freeze duration: 1.00
07-06 02:02:32.863 14986 15580 W NearbyFragment: Sending 20200312_194129!001.mp4 to Galaxy S8 [2802]
07-06 02:02:47.421 14986 14986 W NearbyFragment: Completed downloading 20200312_194229!001.mp4 from Endpoint{id=njPJ, name=Galaxy S8 [2802]} in 03.619s
07-06 02:02:47.613 14986 15297 W mobile-ffmpeg: [graph 0 input from stream 0:0 @ 0x756b255200] sws_param option is deprecated and ignored
07-06 02:02:50.902 14986 15629 W Summariser: 2 active sections found
07-06 02:02:50.998 14986 15297 W mobile-ffmpeg: [graph 0 input from stream 0:0 @ 0x756b255440] sws_param option is deprecated and ignored
07-06 02:02:50.999 14986 15297 W mobile-ffmpeg: [graph 0 input from stream 0:0 @ 0x756b2555c0] sws_param option is deprecated and ignored
07-06 02:03:14.408 14986 15629 W Summariser: Summarisation completed
07-06 02:03:14.408 14986 15629 W Summariser:   filename: 20200312_194229!001.mp4
07-06 02:03:14.408 14986 15629 W Summariser:   active sections: 2
07-06 02:03:14.408 14986 15629 W Summariser:   time: 26.758s
07-06 02:03:14.408 14986 15629 W Summariser:   original duration: 16.01
07-06 02:03:14.408 14986 15629 W Summariser:   summarised duration: 8.74
07-06 02:03:14.408 14986 15629 W Summariser:   noise tolerance: 45.00
07-06 02:03:14.408 14986 15629 W Summariser:   quality: 23
07-06 02:03:14.408 14986 15629 W Summariser:   speed: medium
07-06 02:03:14.408 14986 15629 W Summariser:   freeze duration: 1.00
07-06 02:03:14.430 14986 15629 W NearbyFragment: Sending 20200312_194229!001.mp4 to Galaxy S8 [2802]
07-06 02:03:45.899 14986 14986 W NearbyFragment: Completed downloading 20200312_194730!002.mp4 from Endpoint{id=njPJ, name=Galaxy S8 [2802]} in 03.229s
07-06 02:03:46.088 14986 15297 W mobile-ffmpeg: [graph 0 input from stream 0:0 @ 0x756b255200] sws_param option is deprecated and ignored
07-06 02:03:50.486 14986 15685 W Summariser: No activity detected
07-06 02:03:50.590 14986 15685 W Summariser: Summarisation completed
07-06 02:03:50.590 14986 15685 W Summariser:   filename: 20200312_194730!002.mp4
07-06 02:03:50.590 14986 15685 W Summariser:   active sections: 0
07-06 02:03:50.590 14986 15685 W Summariser:   time: 04.543s
07-06 02:03:50.590 14986 15685 W Summariser:   original duration: 16.01
07-06 02:03:50.590 14986 15685 W Summariser:   summarised duration: -1.00
07-06 02:03:50.590 14986 15685 W Summariser:   noise tolerance: 45.00
07-06 02:03:50.590 14986 15685 W Summariser:   quality: 23
07-06 02:03:50.590 14986 15685 W Summariser:   speed: medium
07-06 02:03:50.590 14986 15685 W Summariser:   freeze duration: 1.00
07-06 02:04:16.407 14986 14986 W NearbyFragment: Completed downloading 20200312_194830!002.mp4 from Endpoint{id=njPJ, name=Galaxy S8 [2802]} in 06.464s
07-06 02:04:16.588 14986 15297 W mobile-ffmpeg: [graph 0 input from stream 0:0 @ 0x756b255200] sws_param option is deprecated and ignored
07-06 02:04:19.684 14986 15711 W Summariser: 2 active sections found
07-06 02:04:19.780 14986 15297 W mobile-ffmpeg: [graph 0 input from stream 0:0 @ 0x756b255200] sws_param option is deprecated and ignored
07-06 02:04:19.780 14986 15297 W mobile-ffmpeg: [graph 0 input from stream 0:0 @ 0x756b2555c0] sws_param option is deprecated and ignored
07-06 02:04:44.649 14986 15711 W Summariser: Summarisation completed
07-06 02:04:44.649 14986 15711 W Summariser:   filename: 20200312_194830!002.mp4
07-06 02:04:44.649 14986 15711 W Summariser:   active sections: 2
07-06 02:04:44.649 14986 15711 W Summariser:   time: 28.032s
07-06 02:04:44.649 14986 15711 W Summariser:   original duration: 16.01
07-06 02:04:44.649 14986 15711 W Summariser:   summarised duration: 8.84
07-06 02:04:44.649 14986 15711 W Summariser:   noise tolerance: 45.00
07-06 02:04:44.649 14986 15711 W Summariser:   quality: 23
07-06 02:04:44.649 14986 15711 W Summariser:   speed: medium
07-06 02:04:44.649 14986 15711 W Summariser:   freeze duration: 1.00
07-06 02:04:44.668 14986 15711 W NearbyFragment: Sending 20200312_194830!002.mp4 to Galaxy S8 [2802]
07-06 02:04:47.375 14986 14986 W NearbyFragment: Completed downloading 20200312_194930!003.mp4 from Endpoint{id=njPJ, name=Galaxy S8 [2802]} in 02.649s
07-06 02:04:47.541 14986 15297 W mobile-ffmpeg: [graph 0 input from stream 0:0 @ 0x756b255200] sws_param option is deprecated and ignored
07-06 02:04:51.884 14986 15763 W Summariser: 1 active sections found
07-06 02:04:52.005 14986 15297 W mobile-ffmpeg: [graph 0 input from stream 0:0 @ 0x756b255140] sws_param option is deprecated and ignored
07-06 02:05:32.977 14986 15763 W Summariser: Summarisation completed
07-06 02:05:32.977 14986 15763 W Summariser:   filename: 20200312_194930!003.mp4
07-06 02:05:32.977 14986 15763 W Summariser:   active sections: 1
07-06 02:05:32.977 14986 15763 W Summariser:   time: 45.444s
07-06 02:05:32.977 14986 15763 W Summariser:   original duration: 12.01
07-06 02:05:32.977 14986 15763 W Summariser:   summarised duration: 10.95
07-06 02:05:32.977 14986 15763 W Summariser:   noise tolerance: 45.00
07-06 02:05:32.977 14986 15763 W Summariser:   quality: 23
07-06 02:05:32.977 14986 15763 W Summariser:   speed: medium
07-06 02:05:32.977 14986 15763 W Summariser:   freeze duration: 1.00
07-06 02:05:32.996 14986 15763 W NearbyFragment: Sending 20200312_194930!003.mp4 to Galaxy S8 [2802]
07-06 02:05:37.768 14986 14986 W NearbyFragment: Completed downloading 20200312_195330!002.mp4 from Endpoint{id=njPJ, name=Galaxy S8 [2802]} in 04.659s
07-06 02:05:38.050 14986 15297 W mobile-ffmpeg: [graph 0 input from stream 0:0 @ 0x756b255200] sws_param option is deprecated and ignored
07-06 02:05:43.635 14986 15810 W Summariser: 2 active sections found
07-06 02:05:43.808 14986 15297 W mobile-ffmpeg: [graph 0 input from stream 0:0 @ 0x756b255200] sws_param option is deprecated and ignored
07-06 02:05:43.809 14986 15297 W mobile-ffmpeg: [graph 0 input from stream 0:0 @ 0x756b2555c0] sws_param option is deprecated and ignored
07-06 02:06:13.031 14986 15810 W Summariser: Summarisation completed
07-06 02:06:13.031 14986 15810 W Summariser:   filename: 20200312_195330!002.mp4
07-06 02:06:13.031 14986 15810 W Summariser:   active sections: 2
07-06 02:06:13.031 14986 15810 W Summariser:   time: 35.044s
07-06 02:06:13.031 14986 15810 W Summariser:   original duration: 16.01
07-06 02:06:13.031 14986 15810 W Summariser:   summarised duration: 9.07
07-06 02:06:13.031 14986 15810 W Summariser:   noise tolerance: 45.00
07-06 02:06:13.031 14986 15810 W Summariser:   quality: 23
07-06 02:06:13.031 14986 15810 W Summariser:   speed: medium
07-06 02:06:13.031 14986 15810 W Summariser:   freeze duration: 1.00
07-06 02:06:13.049 14986 15810 W NearbyFragment: Sending 20200312_195330!002.mp4 to Galaxy S8 [2802]
07-06 02:06:15.947 14986 14986 W NearbyFragment: Completed downloading 20200312_195430!003.mp4 from Endpoint{id=njPJ, name=Galaxy S8 [2802]} in 02.819s
07-06 02:06:16.135 14986 15297 W mobile-ffmpeg: [graph 0 input from stream 0:0 @ 0x756b255200] sws_param option is deprecated and ignored
07-06 02:06:20.197 14986 15850 W Summariser: 1 active sections found
07-06 02:06:20.329 14986 15297 W mobile-ffmpeg: [graph 0 input from stream 0:0 @ 0x756b255140] sws_param option is deprecated and ignored
07-06 02:06:34.702 14986 15850 W Summariser: Summarisation completed
07-06 02:06:34.702 14986 15850 W Summariser:   filename: 20200312_195430!003.mp4
07-06 02:06:34.702 14986 15850 W Summariser:   active sections: 1
07-06 02:06:34.702 14986 15850 W Summariser:   time: 18.591s
07-06 02:06:34.702 14986 15850 W Summariser:   original duration: 11.98
07-06 02:06:34.702 14986 15850 W Summariser:   summarised duration: 4.54
07-06 02:06:34.702 14986 15850 W Summariser:   noise tolerance: 45.00
07-06 02:06:34.702 14986 15850 W Summariser:   quality: 23
07-06 02:06:34.702 14986 15850 W Summariser:   speed: medium
07-06 02:06:34.702 14986 15850 W Summariser:   freeze duration: 1.00
07-06 02:06:34.721 14986 15850 W NearbyFragment: Sending 20200312_195430!003.mp4 to Galaxy S8 [2802]
