--------- beginning of main
--------- beginning of system
06-29 19:22:07.335  7577  7577 W LogFactory: Truncating log tag length as it exceed 23, the limit imposed by Android on certain API Levels
06-29 19:22:25.567  7577  7577 E TransferService: No notification is passed in the intent. Unable to transition to foreground.
06-29 19:24:27.021  7577  7577 W NearbyFragment: Preferences:
06-29 19:24:27.021  7577  7577 W NearbyFragment:   Auto download: true
06-29 19:24:27.021  7577  7577 W NearbyFragment:   Algorithm: best
06-29 19:24:27.021  7577  7577 W NearbyFragment:   Fast scheduling: true
06-29 19:24:27.021  7577  7577 W NearbyFragment:   Segmentation: false
06-29 19:24:27.021  7577  7577 W NearbyFragment:   Auto segmentation: false
06-29 19:24:27.021  7577  7577 W NearbyFragment:   Segment number: 4
06-29 19:24:27.021  7577  7577 W NearbyFragment:   Noise tolerance: 45.00
06-29 19:24:27.021  7577  7577 W NearbyFragment:   Quality: 23
06-29 19:24:27.021  7577  7577 W NearbyFragment:   Speed: medium
06-29 19:24:27.021  7577  7577 W NearbyFragment:   Freeze duration: 1.00
06-29 19:24:27.022  7577  7577 W NearbyFragment: Download delay: 1s
06-29 19:24:27.022  7577  7577 W NearbyFragment: Started downloading from dashcam
06-29 19:24:47.521  7577  7577 W NearbyFragment: Sending 20200312_150643.mp4 to Galaxy S8 [2802]
06-29 19:24:47.536  7577  7577 W DashDownloadManager: Successfully downloaded 20200312_150643.mp4 in 20.446s
06-29 19:25:09.526  7577  7577 W NearbyFragment: Sending 20200312_150744.mp4 to Galaxy S8 [2802]
06-29 19:25:09.530  7577  7577 W DashDownloadManager: Successfully downloaded 20200312_150744.mp4 in 20.923s
06-29 19:25:35.762  7577  7577 W NearbyFragment: Completed downloading 20200312_150744.mp4 from Endpoint{id=QeZt, name=Galaxy S8 [2802]} in 00.649s
06-29 19:25:37.027  7577  7577 W NearbyFragment: Sending 20200312_150844.mp4 to Galaxy S8 [2802]
06-29 19:25:37.032  7577  7577 W DashDownloadManager: Successfully downloaded 20200312_150844.mp4 in 26.455s
06-29 19:26:04.393  7577  7577 W NearbyFragment: Sending 20200312_150944.mp4 to Galaxy S8 [2802]
06-29 19:26:04.397  7577  7577 W DashDownloadManager: Successfully downloaded 20200312_150944.mp4 in 26.288s
06-29 19:26:04.555  7577  7577 W NearbyFragment: Completed downloading 20200312_150844.mp4 from Endpoint{id=QeZt, name=Galaxy S8 [2802]} in 10.262s
06-29 19:26:27.727  7577  7577 W NearbyFragment: Completed downloading 20200312_150944.mp4 from Endpoint{id=QeZt, name=Galaxy S8 [2802]} in 00.319s
06-29 19:26:30.242  7577  7577 W NearbyFragment: Sending 20200312_151044.mp4 to Galaxy S8 [2802]
06-29 19:26:30.245  7577  7577 W DashDownloadManager: Successfully downloaded 20200312_151044.mp4 in 24.780s
06-29 19:26:53.492  7577  7577 W NearbyFragment: Sending 20200312_193528.mp4 to Galaxy S8 [2802]
06-29 19:26:53.497  7577  7577 W DashDownloadManager: Successfully downloaded 20200312_193528.mp4 in 22.209s
06-29 19:27:20.911  7577  7577 W NearbyFragment: Sending 20200312_193628.mp4 to Galaxy S8 [2802]
06-29 19:27:20.915  7577  7577 W DashDownloadManager: Successfully downloaded 20200312_193628.mp4 in 26.359s
06-29 19:27:48.836  7577  7577 W NearbyFragment: Sending 20200312_193728.mp4 to Galaxy S8 [2802]
06-29 19:27:48.841  7577  7577 W DashDownloadManager: Successfully downloaded 20200312_193728.mp4 in 26.850s
06-29 19:27:49.066  7577  7577 W NearbyFragment: Completed downloading 20200312_193628.mp4 from Endpoint{id=QeZt, name=Galaxy S8 [2802]} in 00.418s
06-29 19:28:15.621  7577  7577 W NearbyFragment: Completed downloading 20200312_193728.mp4 from Endpoint{id=QeZt, name=Galaxy S8 [2802]} in 09.402s
06-29 19:28:20.720  7577  7577 W NearbyFragment: Sending 20200312_193828.mp4 to Galaxy S8 [2802]
06-29 19:28:20.727  7577  7577 W DashDownloadManager: Successfully downloaded 20200312_193828.mp4 in 30.821s
06-29 19:28:46.980  7577  7577 W NearbyFragment: Sending 20200312_193928.mp4 to Nexus 5 [1825]
06-29 19:28:46.987  7577  7577 W DashDownloadManager: Successfully downloaded 20200312_193928.mp4 in 25.203s
06-29 19:28:51.812  7577  7577 W NearbyFragment: Completed downloading 20200312_193828.mp4 from Endpoint{id=QeZt, name=Galaxy S8 [2802]} in 00.957s
06-29 19:29:27.892  7577  7577 W NearbyFragment: Sending 20200312_194129.mp4 to Galaxy S8 [2802]
06-29 19:29:27.896  7577  7577 W DashDownloadManager: Successfully downloaded 20200312_194129.mp4 in 39.854s
06-29 19:29:58.035  7577  7577 W NearbyFragment: Completed downloading 20200312_194129.mp4 from Endpoint{id=QeZt, name=Galaxy S8 [2802]} in 00.212s
06-29 19:30:02.300  7577  7577 W NearbyFragment: Sending 20200312_194229.mp4 to Galaxy S8 [2802]
06-29 19:30:02.305  7577  7577 W DashDownloadManager: Successfully downloaded 20200312_194229.mp4 in 33.351s
06-29 19:30:27.421  7577  7577 W NearbyFragment: Sending 20200312_194330.mp4 to Nexus 5 [1825]
06-29 19:30:27.425  7577  7577 W DashDownloadManager: Successfully downloaded 20200312_194330.mp4 in 24.064s
06-29 19:30:38.293  7577  7577 W NearbyFragment: Completed downloading 20200312_194229.mp4 from Endpoint{id=QeZt, name=Galaxy S8 [2802]} in 00.855s
06-29 19:30:56.615  7577  7577 W NearbyFragment: Sending 20200312_194730.mp4 to Galaxy S8 [2802]
06-29 19:30:56.619  7577  7577 W DashDownloadManager: Successfully downloaded 20200312_194730.mp4 in 28.115s
06-29 19:31:20.269  7577  7577 W NearbyFragment: Sending 20200312_194830.mp4 to Galaxy S8 [2802]
06-29 19:31:20.272  7577  7577 W DashDownloadManager: Successfully downloaded 20200312_194830.mp4 in 22.584s
06-29 19:31:44.187  7577  7577 W NearbyFragment: Sending 20200312_194930.mp4 to Nexus 5 [1825]
06-29 19:31:44.191  7577  7577 W DashDownloadManager: Successfully downloaded 20200312_194930.mp4 in 22.836s
06-29 19:32:03.554  7577  7577 W NearbyFragment: Completed downloading 20200312_194830.mp4 from Endpoint{id=QeZt, name=Galaxy S8 [2802]} in 00.765s
06-29 19:32:18.626  7577  7577 W NearbyFragment: Sending 20200312_195230.mp4 to Galaxy S8 [2802]
06-29 19:32:18.630  7577  7577 W DashDownloadManager: Successfully downloaded 20200312_195230.mp4 in 33.323s
06-29 19:32:45.204  7577  7577 W NearbyFragment: Completed downloading 20200312_195230.mp4 from Endpoint{id=QeZt, name=Galaxy S8 [2802]} in 00.461s
06-29 19:32:46.079  7577  7577 W NearbyFragment: Sending 20200312_195330.mp4 to Galaxy S8 [2802]
06-29 19:32:46.083  7577  7577 W DashDownloadManager: Successfully downloaded 20200312_195330.mp4 in 26.381s
06-29 19:33:11.433  7577  7577 W NearbyFragment: Sending 20200312_195430.mp4 to Nexus 5X [9c8f]
06-29 19:33:11.438  7577  7577 W DashDownloadManager: Successfully downloaded 20200312_195430.mp4 in 24.286s
06-29 19:33:12.441  7577  7788 W NearbyFragment: Stopped downloading from dashcam
06-29 19:33:26.361  7577  7577 W NearbyFragment: Completed downloading 20200312_195330.mp4 from Endpoint{id=QeZt, name=Galaxy S8 [2802]} in 00.305s
06-29 19:34:05.411  7577  7577 W NearbyFragment: Completed downloading 20200312_194930.mp4 from Endpoint{id=B7DV, name=Nexus 5 [1825]} in 00.883s
06-29 19:34:24.211  7577  7577 W NearbyFragment: Completed downloading 20200312_195430.mp4 from Endpoint{id=V-nU, name=Nexus 5X [9c8f]} in 00.447s
