--------- beginning of main
06-29 19:22:02.337 28378 28378 E Zygote  : isWhitelistProcess - Process is Whitelisted
06-29 19:22:02.341 28378 28378 E Zygote  : accessInfo : 1
--------- beginning of system
06-29 19:22:04.572 28378 28378 W LogFactory: Truncating log tag length as it exceed 23, the limit imposed by Android on certain API Levels
06-29 19:22:25.226 28378 28378 W ActivityThread: handleWindowVisibility: no activity for token android.os.BinderProxy@dfa6907
06-29 19:22:25.303 28378 28378 W example.edgesu: Accessing hidden method Landroid/graphics/drawable/Drawable;->getOpticalInsets()Landroid/graphics/Insets; (light greylist, linking)
06-29 19:22:25.303 28378 28378 W example.edgesu: Accessing hidden field Landroid/graphics/Insets;->left:I (light greylist, linking)
06-29 19:22:25.303 28378 28378 W example.edgesu: Accessing hidden field Landroid/graphics/Insets;->right:I (light greylist, linking)
06-29 19:22:25.303 28378 28378 W example.edgesu: Accessing hidden field Landroid/graphics/Insets;->top:I (light greylist, linking)
06-29 19:22:25.303 28378 28378 W example.edgesu: Accessing hidden field Landroid/graphics/Insets;->bottom:I (light greylist, linking)
06-29 19:22:25.350 28378 28378 W example.edgesu: Accessing hidden method Landroid/view/View;->computeFitSystemWindows(Landroid/graphics/Rect;Landroid/graphics/Rect;)Z (light greylist, reflection)
06-29 19:22:25.350 28378 28378 W example.edgesu: Accessing hidden method Landroid/view/ViewGroup;->makeOptionalFitsSystemWindows()V (light greylist, reflection)
06-29 19:22:25.452 28378 28378 W example.edgesu: Accessing hidden method Landroid/widget/TextView;->getTextDirectionHeuristic()Landroid/text/TextDirectionHeuristic; (light greylist, linking)
06-29 19:22:25.462 28378 28378 W example.edgesu: Accessing hidden field Landroid/view/View;->mAccessibilityDelegate:Landroid/view/View$AccessibilityDelegate; (light greylist, reflection)
06-29 19:22:25.785 28378 28378 E TransferService: No notification is passed in the intent. Unable to transition to foreground.
06-29 19:22:25.838 28378 28378 W StaticLayout: maxLineHeight should not be -1.  maxLines:1 lineCount:1
06-29 19:22:25.847 28378 28378 W StaticLayout: maxLineHeight should not be -1.  maxLines:1 lineCount:1
06-29 19:22:25.852 28378 28378 W StaticLayout: maxLineHeight should not be -1.  maxLines:1 lineCount:1
06-29 19:22:25.856 28378 28378 W StaticLayout: maxLineHeight should not be -1.  maxLines:1 lineCount:1
06-29 19:22:25.873 28378 28378 W StaticLayout: maxLineHeight should not be -1.  maxLines:1 lineCount:1
06-29 19:22:25.878 28378 28378 W StaticLayout: maxLineHeight should not be -1.  maxLines:1 lineCount:1
06-29 19:22:37.602 28378 28378 W example.edgesu: Accessing hidden method Landroid/graphics/FontFamily;-><init>()V (light greylist, reflection)
06-29 19:22:37.603 28378 28378 W example.edgesu: Accessing hidden method Landroid/graphics/FontFamily;->addFontFromAssetManager(Landroid/content/res/AssetManager;Ljava/lang/String;IZIII[Landroid/graphics/fonts/FontVariationAxis;)Z (light greylist, reflection)
06-29 19:22:37.603 28378 28378 W example.edgesu: Accessing hidden method Landroid/graphics/FontFamily;->addFontFromBuffer(Ljava/nio/ByteBuffer;I[Landroid/graphics/fonts/FontVariationAxis;II)Z (light greylist, reflection)
06-29 19:22:37.603 28378 28378 W example.edgesu: Accessing hidden method Landroid/graphics/FontFamily;->freeze()Z (light greylist, reflection)
06-29 19:22:37.604 28378 28378 W example.edgesu: Accessing hidden method Landroid/graphics/FontFamily;->abortCreation()V (light greylist, reflection)
06-29 19:22:37.604 28378 28378 W example.edgesu: Accessing hidden method Landroid/graphics/Typeface;->createFromFamiliesWithDefault([Landroid/graphics/FontFamily;Ljava/lang/String;II)Landroid/graphics/Typeface; (light greylist, reflection)
06-29 19:22:46.216 28378 28419 W libEGL  : EGLNativeWindowType 0x7d853a2010 disconnect failed
06-29 19:22:48.078 28378 28419 W libEGL  : EGLNativeWindowType 0x7d853a2010 disconnect failed
06-29 19:22:48.113 28378 28378 E ViewRootImpl: sendUserActionEvent() returned.
06-29 19:24:55.263 28378 28378 W NearbyFragment: Completed downloading 20200312_150643.mp4 from Endpoint{id=rc9L, name=Nexus 5X [34d8]} in 08.013s
06-29 19:24:55.558 28378 28927 W mobile-ffmpeg: 
06-29 19:24:55.558 28378 28927 W mobile-ffmpeg: [mov,mp4,m4a,3gp,3g2,mj2 @ 0x7d95653800] 
06-29 19:24:55.558 28378 28927 W mobile-ffmpeg: 
06-29 19:24:55.558 28378 28927 W mobile-ffmpeg: Found duplicated MOOV Atom. Skipped it
06-29 19:25:02.232 28378 28926 W Summariser: No activity detected
06-29 19:25:02.301 28378 28926 W Summariser: Summarisation completed
06-29 19:25:02.301 28378 28926 W Summariser:   filename: 20200312_150643.mp4
06-29 19:25:02.301 28378 28926 W Summariser:   active sections: 0
06-29 19:25:02.301 28378 28926 W Summariser:   time: 06.812s
06-29 19:25:02.301 28378 28926 W Summariser:   original duration: 60.02
06-29 19:25:02.301 28378 28926 W Summariser:   summarised duration: -1.00
06-29 19:25:02.301 28378 28926 W Summariser:   noise tolerance: 45.00
06-29 19:25:02.301 28378 28926 W Summariser:   quality: 23
06-29 19:25:02.301 28378 28926 W Summariser:   speed: medium
06-29 19:25:02.301 28378 28926 W Summariser:   freeze duration: 1.00
06-29 19:25:14.813 28378 28387 W System  : A resource failed to call close. 
06-29 19:25:14.814 28378 28387 W System  : A resource failed to call close. 
06-29 19:25:17.191 28378 28378 W NearbyFragment: Completed downloading 20200312_150744.mp4 from Endpoint{id=rc9L, name=Nexus 5X [34d8]} in 07.979s
06-29 19:25:17.307 28378 28927 W mobile-ffmpeg: 
06-29 19:25:17.308 28378 28927 W mobile-ffmpeg: [mov,mp4,m4a,3gp,3g2,mj2 @ 0x7d95653800] 
06-29 19:25:17.308 28378 28927 W mobile-ffmpeg: 
06-29 19:25:17.308 28378 28927 W mobile-ffmpeg: Found duplicated MOOV Atom. Skipped it
06-29 19:25:24.094 28378 28965 W Summariser: 1 active sections found
06-29 19:25:24.099 28378 28927 W mobile-ffmpeg: 
06-29 19:25:24.099 28378 28927 W mobile-ffmpeg: [mov,mp4,m4a,3gp,3g2,mj2 @ 0x7d95653800] 
06-29 19:25:24.099 28378 28927 W mobile-ffmpeg: 
06-29 19:25:24.099 28378 28927 W mobile-ffmpeg: Found duplicated MOOV Atom. Skipped it
06-29 19:25:34.568 28378 28965 W Summariser: Summarisation completed
06-29 19:25:34.568 28378 28965 W Summariser:   filename: 20200312_150744.mp4
06-29 19:25:34.568 28378 28965 W Summariser:   active sections: 1
06-29 19:25:34.568 28378 28965 W Summariser:   time: 17.170s
06-29 19:25:34.568 28378 28965 W Summariser:   original duration: 60.02
06-29 19:25:34.568 28378 28965 W Summariser:   summarised duration: 4.83
06-29 19:25:34.568 28378 28965 W Summariser:   noise tolerance: 45.00
06-29 19:25:34.568 28378 28965 W Summariser:   quality: 23
06-29 19:25:34.568 28378 28965 W Summariser:   speed: medium
06-29 19:25:34.568 28378 28965 W Summariser:   freeze duration: 1.00
06-29 19:25:34.709 28378 28965 W NearbyFragment: Sending 20200312_150744.mp4 to Nexus 5X [34d8]
06-29 19:25:45.064 28378 28378 W NearbyFragment: Completed downloading 20200312_150844.mp4 from Endpoint{id=rc9L, name=Nexus 5X [34d8]} in 08.307s
06-29 19:25:45.182 28378 28927 W mobile-ffmpeg: 
06-29 19:25:45.183 28378 28927 W mobile-ffmpeg: [mov,mp4,m4a,3gp,3g2,mj2 @ 0x7d95653800] 
06-29 19:25:45.183 28378 28927 W mobile-ffmpeg: 
06-29 19:25:45.258 28378 28927 W mobile-ffmpeg: Found duplicated MOOV Atom. Skipped it
06-29 19:25:51.951 28378 29047 W Summariser: Whole video is active
06-29 19:25:53.770 28378 29047 W Summariser: Summarisation completed
06-29 19:25:53.770 28378 29047 W Summariser:   filename: 20200312_150844.mp4
06-29 19:25:53.770 28378 29047 W Summariser:   active sections: -1
06-29 19:25:53.770 28378 29047 W Summariser:   time: 08.468s
06-29 19:25:53.770 28378 29047 W Summariser:   original duration: 60.02
06-29 19:25:53.770 28378 29047 W Summariser:   summarised duration: 60.02
06-29 19:25:53.770 28378 29047 W Summariser:   noise tolerance: 45.00
06-29 19:25:53.770 28378 29047 W Summariser:   quality: 23
06-29 19:25:53.770 28378 29047 W Summariser:   speed: medium
06-29 19:25:53.770 28378 29047 W Summariser:   freeze duration: 1.00
06-29 19:25:53.894 28378 29047 W NearbyFragment: Sending 20200312_150844.mp4 to Nexus 5X [34d8]
06-29 19:26:06.763 28378 28387 W System  : A resource failed to call close. 
06-29 19:26:06.765 28378 28387 W System  : A resource failed to call close. 
06-29 19:26:12.963 28378 28378 W NearbyFragment: Completed downloading 20200312_150944.mp4 from Endpoint{id=rc9L, name=Nexus 5X [34d8]} in 08.894s
06-29 19:26:13.090 28378 28927 W mobile-ffmpeg: 
06-29 19:26:13.090 28378 28927 W mobile-ffmpeg: [mov,mp4,m4a,3gp,3g2,mj2 @ 0x7d84fac600] 
06-29 19:26:13.090 28378 28927 W mobile-ffmpeg: 
06-29 19:26:13.090 28378 28927 W mobile-ffmpeg: Found duplicated MOOV Atom. Skipped it
06-29 19:26:19.844 28378 29178 W Summariser: 1 active sections found
06-29 19:26:19.849 28378 28927 W mobile-ffmpeg: 
06-29 19:26:19.849 28378 28927 W mobile-ffmpeg: [mov,mp4,m4a,3gp,3g2,mj2 @ 0x7d84fac600] 
06-29 19:26:19.849 28378 28927 W mobile-ffmpeg: 
06-29 19:26:19.849 28378 28927 W mobile-ffmpeg: Found duplicated MOOV Atom. Skipped it
06-29 19:26:26.806 28378 29178 W Summariser: Summarisation completed
06-29 19:26:26.806 28378 29178 W Summariser:   filename: 20200312_150944.mp4
06-29 19:26:26.806 28378 29178 W Summariser:   active sections: 1
06-29 19:26:26.806 28378 29178 W Summariser:   time: 13.623s
06-29 19:26:26.806 28378 29178 W Summariser:   original duration: 60.02
06-29 19:26:26.806 28378 29178 W Summariser:   summarised duration: 7.07
06-29 19:26:26.806 28378 29178 W Summariser:   noise tolerance: 45.00
06-29 19:26:26.806 28378 29178 W Summariser:   quality: 23
06-29 19:26:26.806 28378 29178 W Summariser:   speed: medium
06-29 19:26:26.806 28378 29178 W Summariser:   freeze duration: 1.00
06-29 19:26:26.903 28378 29178 W NearbyFragment: Sending 20200312_150944.mp4 to Nexus 5X [34d8]
06-29 19:26:30.910 28378 28737 W example.edgesu: JNI critical lock held for 77.470ms on Thread[16,tid=28737,Runnable,Thread*=0x7d85798c00,peer=0x13440f78,"Binder:28378_4"]
06-29 19:26:38.448 28378 28378 W NearbyFragment: Completed downloading 20200312_151044.mp4 from Endpoint{id=rc9L, name=Nexus 5X [34d8]} in 08.451s
06-29 19:26:38.555 28378 28927 W mobile-ffmpeg: 
06-29 19:26:38.555 28378 28927 W mobile-ffmpeg: [mov,mp4,m4a,3gp,3g2,mj2 @ 0x7d84fac600] 
06-29 19:26:38.555 28378 28927 W mobile-ffmpeg: 
06-29 19:26:38.555 28378 28927 W mobile-ffmpeg: Found duplicated MOOV Atom. Skipped it
06-29 19:26:45.327 28378 29250 W Summariser: No activity detected
06-29 19:26:45.378 28378 29250 W Summariser: Summarisation completed
06-29 19:26:45.378 28378 29250 W Summariser:   filename: 20200312_151044.mp4
06-29 19:26:45.378 28378 29250 W Summariser:   active sections: 0
06-29 19:26:45.378 28378 29250 W Summariser:   time: 06.781s
06-29 19:26:45.378 28378 29250 W Summariser:   original duration: 60.02
06-29 19:26:45.378 28378 29250 W Summariser:   summarised duration: -1.00
06-29 19:26:45.378 28378 29250 W Summariser:   noise tolerance: 45.00
06-29 19:26:45.378 28378 29250 W Summariser:   quality: 23
06-29 19:26:45.378 28378 29250 W Summariser:   speed: medium
06-29 19:26:45.378 28378 29250 W Summariser:   freeze duration: 1.00
06-29 19:27:01.928 28378 28387 W System  : A resource failed to call close. 
06-29 19:27:01.928 28378 28387 W System  : A resource failed to call close. 
06-29 19:27:01.928 28378 28387 W System  : A resource failed to call close. 
06-29 19:27:01.929 28378 28387 W System  : A resource failed to call close. 
06-29 19:27:02.074 28378 28378 W NearbyFragment: Completed downloading 20200312_193528.mp4 from Endpoint{id=rc9L, name=Nexus 5X [34d8]} in 08.825s
06-29 19:27:02.177 28378 28927 W mobile-ffmpeg: 
06-29 19:27:02.177 28378 28927 W mobile-ffmpeg: [mov,mp4,m4a,3gp,3g2,mj2 @ 0x7d84fac600] 
06-29 19:27:02.177 28378 28927 W mobile-ffmpeg: 
06-29 19:27:02.177 28378 28927 W mobile-ffmpeg: Found duplicated MOOV Atom. Skipped it
06-29 19:27:08.949 28378 29290 W Summariser: No activity detected
06-29 19:27:08.998 28378 29290 W Summariser: Summarisation completed
06-29 19:27:08.998 28378 29290 W Summariser:   filename: 20200312_193528.mp4
06-29 19:27:08.998 28378 29290 W Summariser:   active sections: 0
06-29 19:27:08.998 28378 29290 W Summariser:   time: 06.780s
06-29 19:27:08.998 28378 29290 W Summariser:   original duration: 60.05
06-29 19:27:08.998 28378 29290 W Summariser:   summarised duration: -1.00
06-29 19:27:08.998 28378 29290 W Summariser:   noise tolerance: 45.00
06-29 19:27:08.998 28378 29290 W Summariser:   quality: 23
06-29 19:27:08.998 28378 29290 W Summariser:   speed: medium
06-29 19:27:08.998 28378 29290 W Summariser:   freeze duration: 1.00
06-29 19:27:29.184 28378 28378 W NearbyFragment: Completed downloading 20200312_193628.mp4 from Endpoint{id=rc9L, name=Nexus 5X [34d8]} in 08.491s
06-29 19:27:29.308 28378 28927 W mobile-ffmpeg: 
06-29 19:27:29.308 28378 28927 W mobile-ffmpeg: [mov,mp4,m4a,3gp,3g2,mj2 @ 0x7d84fac600] 
06-29 19:27:29.308 28378 28927 W mobile-ffmpeg: 
06-29 19:27:29.309 28378 28927 W mobile-ffmpeg: Found duplicated MOOV Atom. Skipped it
06-29 19:27:36.213 28378 29333 W Summariser: 1 active sections found
06-29 19:27:36.217 28378 28927 W mobile-ffmpeg: 
06-29 19:27:36.217 28378 28927 W mobile-ffmpeg: [mov,mp4,m4a,3gp,3g2,mj2 @ 0x7d84fac600] 
06-29 19:27:36.217 28378 28927 W mobile-ffmpeg: 
06-29 19:27:36.217 28378 28927 W mobile-ffmpeg: Found duplicated MOOV Atom. Skipped it
06-29 19:27:48.145 28378 29333 W Summariser: Summarisation completed
06-29 19:27:48.145 28378 29333 W Summariser:   filename: 20200312_193628.mp4
06-29 19:27:48.145 28378 29333 W Summariser:   active sections: 1
06-29 19:27:48.145 28378 29333 W Summariser:   time: 18.747s
06-29 19:27:48.145 28378 29333 W Summariser:   original duration: 60.02
06-29 19:27:48.145 28378 29333 W Summariser:   summarised duration: 6.07
06-29 19:27:48.145 28378 29333 W Summariser:   noise tolerance: 45.00
06-29 19:27:48.145 28378 29333 W Summariser:   quality: 23
06-29 19:27:48.145 28378 29333 W Summariser:   speed: medium
06-29 19:27:48.145 28378 29333 W Summariser:   freeze duration: 1.00
06-29 19:27:48.252 28378 29333 W NearbyFragment: Sending 20200312_193628.mp4 to Nexus 5X [34d8]
06-29 19:27:56.919 28378 28378 W NearbyFragment: Completed downloading 20200312_193728.mp4 from Endpoint{id=rc9L, name=Nexus 5X [34d8]} in 08.246s
06-29 19:27:57.019 28378 28927 W mobile-ffmpeg: 
06-29 19:27:57.019 28378 28927 W mobile-ffmpeg: [mov,mp4,m4a,3gp,3g2,mj2 @ 0x7d84fac600] 
06-29 19:27:57.019 28378 28927 W mobile-ffmpeg: 
06-29 19:27:57.019 28378 28927 W mobile-ffmpeg: Found duplicated MOOV Atom. Skipped it
06-29 19:28:03.981 28378 29407 W Summariser: Whole video is active
06-29 19:28:05.698 28378 29407 W Summariser: Summarisation completed
06-29 19:28:05.698 28378 29407 W Summariser:   filename: 20200312_193728.mp4
06-29 19:28:05.698 28378 29407 W Summariser:   active sections: -1
06-29 19:28:05.698 28378 29407 W Summariser:   time: 08.546s
06-29 19:28:05.698 28378 29407 W Summariser:   original duration: 60.02
06-29 19:28:05.698 28378 29407 W Summariser:   summarised duration: 60.02
06-29 19:28:05.698 28378 29407 W Summariser:   noise tolerance: 45.00
06-29 19:28:05.698 28378 29407 W Summariser:   quality: 23
06-29 19:28:05.698 28378 29407 W Summariser:   speed: medium
06-29 19:28:05.698 28378 29407 W Summariser:   freeze duration: 1.00
06-29 19:28:05.808 28378 29407 W NearbyFragment: Sending 20200312_193728.mp4 to Nexus 5X [34d8]
06-29 19:28:09.925 28378 28387 W System  : A resource failed to call close. 
06-29 19:28:09.926 28378 28387 W System  : A resource failed to call close. 
06-29 19:28:28.876 28378 28378 W NearbyFragment: Completed downloading 20200312_193828.mp4 from Endpoint{id=rc9L, name=Nexus 5X [34d8]} in 08.380s
06-29 19:28:28.990 28378 28927 W mobile-ffmpeg: 
06-29 19:28:28.990 28378 28927 W mobile-ffmpeg: [mov,mp4,m4a,3gp,3g2,mj2 @ 0x7d84fac600] 
06-29 19:28:28.990 28378 28927 W mobile-ffmpeg: 
06-29 19:28:28.990 28378 28927 W mobile-ffmpeg: Found duplicated MOOV Atom. Skipped it
06-29 19:28:35.775 28378 29489 W Summariser: 1 active sections found
06-29 19:28:35.779 28378 28927 W mobile-ffmpeg: 
06-29 19:28:35.779 28378 28927 W mobile-ffmpeg: [mov,mp4,m4a,3gp,3g2,mj2 @ 0x7d84fac600] 
06-29 19:28:35.780 28378 28927 W mobile-ffmpeg: 
06-29 19:28:35.780 28378 28927 W mobile-ffmpeg: Found duplicated MOOV Atom. Skipped it
06-29 19:28:50.262 28378 29489 W Summariser: Summarisation completed
06-29 19:28:50.262 28378 29489 W Summariser:   filename: 20200312_193828.mp4
06-29 19:28:50.262 28378 29489 W Summariser:   active sections: 1
06-29 19:28:50.262 28378 29489 W Summariser:   time: 21.177s
06-29 19:28:50.262 28378 29489 W Summariser:   original duration: 60.02
06-29 19:28:50.262 28378 29489 W Summariser:   summarised duration: 14.28
06-29 19:28:50.262 28378 29489 W Summariser:   noise tolerance: 45.00
06-29 19:28:50.262 28378 29489 W Summariser:   quality: 23
06-29 19:28:50.262 28378 29489 W Summariser:   speed: medium
06-29 19:28:50.262 28378 29489 W Summariser:   freeze duration: 1.00
06-29 19:28:50.422 28378 29489 W NearbyFragment: Sending 20200312_193828.mp4 to Nexus 5X [34d8]
06-29 19:29:36.857 28378 28378 W NearbyFragment: Completed downloading 20200312_194129.mp4 from Endpoint{id=rc9L, name=Nexus 5X [34d8]} in 09.145s
06-29 19:29:36.983 28378 28927 W mobile-ffmpeg: 
06-29 19:29:36.983 28378 28927 W mobile-ffmpeg: [mov,mp4,m4a,3gp,3g2,mj2 @ 0x7d84fac600] 
06-29 19:29:36.983 28378 28927 W mobile-ffmpeg: 
06-29 19:29:36.984 28378 28927 W mobile-ffmpeg: Found duplicated MOOV Atom. Skipped it
06-29 19:29:43.634 28378 29643 W Summariser: 2 active sections found
06-29 19:29:43.638 28378 28927 W mobile-ffmpeg: 
06-29 19:29:43.638 28378 28927 W mobile-ffmpeg: [mov,mp4,m4a,3gp,3g2,mj2 @ 0x7d84fac600] 
06-29 19:29:43.638 28378 28927 W mobile-ffmpeg: 
06-29 19:29:43.638 28378 28927 W mobile-ffmpeg: Found duplicated MOOV Atom. Skipped it
06-29 19:29:43.714 28378 28387 W System  : A resource failed to call close. 
06-29 19:29:43.715 28378 28387 W System  : A resource failed to call close. 
06-29 19:29:57.191 28378 29643 W Summariser: Summarisation completed
06-29 19:29:57.191 28378 29643 W Summariser:   filename: 20200312_194129.mp4
06-29 19:29:57.191 28378 29643 W Summariser:   active sections: 2
06-29 19:29:57.191 28378 29643 W Summariser:   time: 20.126s
06-29 19:29:57.191 28378 29643 W Summariser:   original duration: 60.02
06-29 19:29:57.191 28378 29643 W Summariser:   summarised duration: 10.77
06-29 19:29:57.191 28378 29643 W Summariser:   noise tolerance: 45.00
06-29 19:29:57.191 28378 29643 W Summariser:   quality: 23
06-29 19:29:57.191 28378 29643 W Summariser:   speed: medium
06-29 19:29:57.191 28378 29643 W Summariser:   freeze duration: 1.00
06-29 19:29:57.307 28378 29643 W NearbyFragment: Sending 20200312_194129.mp4 to Nexus 5X [34d8]
06-29 19:30:03.305 28378 29158 W example.edgesu: JNI critical lock held for 17.337ms on Thread[19,tid=29158,Runnable,Thread*=0x7d72d48000,peer=0x133c0088,"Binder:28378_6"]
06-29 19:30:05.996 28378 28390 W example.edgesu: JNI critical lock held for 74.307ms on Thread[9,tid=28390,Runnable,Thread*=0x7d9e0a8800,peer=0x13440b38,"Binder:28378_1"]
06-29 19:30:11.169 28378 28378 W NearbyFragment: Completed downloading 20200312_194229.mp4 from Endpoint{id=rc9L, name=Nexus 5X [34d8]} in 09.097s
06-29 19:30:11.287 28378 28927 W mobile-ffmpeg: 
06-29 19:30:11.287 28378 28927 W mobile-ffmpeg: [mov,mp4,m4a,3gp,3g2,mj2 @ 0x7d84ef0400] 
06-29 19:30:11.288 28378 28927 W mobile-ffmpeg: 
06-29 19:30:11.288 28378 28927 W mobile-ffmpeg: Found duplicated MOOV Atom. Skipped it
06-29 19:30:18.232 28378 29736 W Summariser: 5 active sections found
06-29 19:30:18.236 28378 28927 W mobile-ffmpeg: 
06-29 19:30:18.237 28378 28927 W mobile-ffmpeg: [mov,mp4,m4a,3gp,3g2,mj2 @ 0x7d84ef0400] 
06-29 19:30:18.237 28378 28927 W mobile-ffmpeg: 
06-29 19:30:18.237 28378 28927 W mobile-ffmpeg: Found duplicated MOOV Atom. Skipped it
06-29 19:30:36.931 28378 29736 W Summariser: Summarisation completed
06-29 19:30:36.931 28378 29736 W Summariser:   filename: 20200312_194229.mp4
06-29 19:30:36.931 28378 29736 W Summariser:   active sections: 5
06-29 19:30:36.931 28378 29736 W Summariser:   time: 25.551s
06-29 19:30:36.931 28378 29736 W Summariser:   original duration: 60.02
06-29 19:30:36.931 28378 29736 W Summariser:   summarised duration: 15.51
06-29 19:30:36.931 28378 29736 W Summariser:   noise tolerance: 45.00
06-29 19:30:36.931 28378 29736 W Summariser:   quality: 23
06-29 19:30:36.931 28378 29736 W Summariser:   speed: medium
06-29 19:30:36.931 28378 29736 W Summariser:   freeze duration: 1.00
06-29 19:30:37.046 28378 29736 W NearbyFragment: Sending 20200312_194229.mp4 to Nexus 5X [34d8]
06-29 19:31:06.902 28378 28378 W NearbyFragment: Completed downloading 20200312_194730.mp4 from Endpoint{id=rc9L, name=Nexus 5X [34d8]} in 10.554s
06-29 19:31:06.993 28378 28927 W mobile-ffmpeg: 
06-29 19:31:06.993 28378 28927 W mobile-ffmpeg: [mov,mp4,m4a,3gp,3g2,mj2 @ 0x7d84ef0400] 
06-29 19:31:06.993 28378 28927 W mobile-ffmpeg: 
06-29 19:31:06.993 28378 28927 W mobile-ffmpeg: Found duplicated MOOV Atom. Skipped it
06-29 19:31:13.560 28378 29888 W Summariser: No activity detected
06-29 19:31:13.607 28378 29888 W Summariser: Summarisation completed
06-29 19:31:13.607 28378 29888 W Summariser:   filename: 20200312_194730.mp4
06-29 19:31:13.607 28378 29888 W Summariser:   active sections: 0
06-29 19:31:13.607 28378 29888 W Summariser:   time: 06.571s
06-29 19:31:13.607 28378 29888 W Summariser:   original duration: 60.02
06-29 19:31:13.607 28378 29888 W Summariser:   summarised duration: -1.00
06-29 19:31:13.607 28378 29888 W Summariser:   noise tolerance: 45.00
06-29 19:31:13.607 28378 29888 W Summariser:   quality: 23
06-29 19:31:13.607 28378 29888 W Summariser:   speed: medium
06-29 19:31:13.607 28378 29888 W Summariser:   freeze duration: 1.00
06-29 19:31:27.388 28378 28387 W System  : A resource failed to call close. 
06-29 19:31:27.389 28378 28387 W System  : A resource failed to call close. 
06-29 19:31:27.389 28378 28387 W System  : A resource failed to call close. 
06-29 19:31:27.389 28378 28387 W System  : A resource failed to call close. 
06-29 19:31:33.878 28378 28378 W NearbyFragment: Completed downloading 20200312_194830.mp4 from Endpoint{id=rc9L, name=Nexus 5X [34d8]} in 13.885s
06-29 19:31:33.995 28378 28927 W mobile-ffmpeg: 
06-29 19:31:33.995 28378 28927 W mobile-ffmpeg: [mov,mp4,m4a,3gp,3g2,mj2 @ 0x7d84ef0400] 
06-29 19:31:33.995 28378 28927 W mobile-ffmpeg: 
06-29 19:31:33.995 28378 28927 W mobile-ffmpeg: Found duplicated MOOV Atom. Skipped it
06-29 19:31:41.058 28378 29932 W Summariser: 4 active sections found
06-29 19:31:41.063 28378 28927 W mobile-ffmpeg: 
06-29 19:31:41.063 28378 28927 W mobile-ffmpeg: [mov,mp4,m4a,3gp,3g2,mj2 @ 0x7d84ef0400] 
06-29 19:31:41.063 28378 28927 W mobile-ffmpeg: 
06-29 19:31:41.063 28378 28927 W mobile-ffmpeg: Found duplicated MOOV Atom. Skipped it
06-29 19:32:02.280 28378 29932 W Summariser: Summarisation completed
06-29 19:32:02.280 28378 29932 W Summariser:   filename: 20200312_194830.mp4
06-29 19:32:02.280 28378 29932 W Summariser:   active sections: 4
06-29 19:32:02.280 28378 29932 W Summariser:   time: 28.187s
06-29 19:32:02.280 28378 29932 W Summariser:   original duration: 60.02
06-29 19:32:02.280 28378 29932 W Summariser:   summarised duration: 19.02
06-29 19:32:02.280 28378 29932 W Summariser:   noise tolerance: 45.00
06-29 19:32:02.280 28378 29932 W Summariser:   quality: 23
06-29 19:32:02.280 28378 29932 W Summariser:   speed: medium
06-29 19:32:02.280 28378 29932 W Summariser:   freeze duration: 1.00
06-29 19:32:02.384 28378 29932 W NearbyFragment: Sending 20200312_194830.mp4 to Nexus 5X [34d8]
06-29 19:32:28.051 28378 28378 W NearbyFragment: Completed downloading 20200312_195230.mp4 from Endpoint{id=rc9L, name=Nexus 5X [34d8]} in 09.673s
06-29 19:32:28.165 28378 28927 W mobile-ffmpeg: 
06-29 19:32:28.166 28378 28927 W mobile-ffmpeg: [mov,mp4,m4a,3gp,3g2,mj2 @ 0x7d84ef0400] 
06-29 19:32:28.166 28378 28927 W mobile-ffmpeg: 
06-29 19:32:28.166 28378 28927 W mobile-ffmpeg: Found duplicated MOOV Atom. Skipped it
06-29 19:32:34.917 28378 30011 W Summariser: 1 active sections found
06-29 19:32:34.921 28378 28927 W mobile-ffmpeg: 
06-29 19:32:34.921 28378 28927 W mobile-ffmpeg: [mov,mp4,m4a,3gp,3g2,mj2 @ 0x7d84ef0400] 
06-29 19:32:34.921 28378 28927 W mobile-ffmpeg: 
06-29 19:32:34.921 28378 28927 W mobile-ffmpeg: Found duplicated MOOV Atom. Skipped it
06-29 19:32:44.223 28378 30011 W Summariser: Summarisation completed
06-29 19:32:44.223 28378 30011 W Summariser:   filename: 20200312_195230.mp4
06-29 19:32:44.223 28378 30011 W Summariser:   active sections: 1
06-29 19:32:44.223 28378 30011 W Summariser:   time: 15.982s
06-29 19:32:44.223 28378 30011 W Summariser:   original duration: 60.02
06-29 19:32:44.223 28378 30011 W Summariser:   summarised duration: 6.97
06-29 19:32:44.223 28378 30011 W Summariser:   noise tolerance: 45.00
06-29 19:32:44.223 28378 30011 W Summariser:   quality: 23
06-29 19:32:44.223 28378 30011 W Summariser:   speed: medium
06-29 19:32:44.223 28378 30011 W Summariser:   freeze duration: 1.00
06-29 19:32:44.343 28378 30011 W NearbyFragment: Sending 20200312_195230.mp4 to Nexus 5X [34d8]
06-29 19:32:52.176 28378 28387 W System  : A resource failed to call close. 
06-29 19:32:52.176 28378 28387 W System  : A resource failed to call close. 
06-29 19:32:52.177 28378 28387 W System  : A resource failed to call close. 
06-29 19:32:54.544 28378 28378 W NearbyFragment: Completed downloading 20200312_195330.mp4 from Endpoint{id=rc9L, name=Nexus 5X [34d8]} in 08.709s
06-29 19:32:54.661 28378 28927 W mobile-ffmpeg: 
06-29 19:32:54.661 28378 28927 W mobile-ffmpeg: [mov,mp4,m4a,3gp,3g2,mj2 @ 0x7d84ef0400] 
06-29 19:32:54.662 28378 28927 W mobile-ffmpeg: 
06-29 19:32:54.662 28378 28927 W mobile-ffmpeg: Found duplicated MOOV Atom. Skipped it
06-29 19:33:01.426 28378 30086 W Summariser: 5 active sections found
06-29 19:33:01.430 28378 28927 W mobile-ffmpeg: 
06-29 19:33:01.431 28378 28927 W mobile-ffmpeg: [mov,mp4,m4a,3gp,3g2,mj2 @ 0x7d84ef0400] 
06-29 19:33:01.431 28378 28927 W mobile-ffmpeg: 
06-29 19:33:01.431 28378 28927 W mobile-ffmpeg: Found duplicated MOOV Atom. Skipped it
06-29 19:33:25.584 28378 30086 W Summariser: Summarisation completed
06-29 19:33:25.584 28378 30086 W Summariser:   filename: 20200312_195330.mp4
06-29 19:33:25.584 28378 30086 W Summariser:   active sections: 5
06-29 19:33:25.584 28378 30086 W Summariser:   time: 30.847s
06-29 19:33:25.584 28378 30086 W Summariser:   original duration: 60.02
06-29 19:33:25.584 28378 30086 W Summariser:   summarised duration: 23.42
06-29 19:33:25.584 28378 30086 W Summariser:   noise tolerance: 45.00
06-29 19:33:25.584 28378 30086 W Summariser:   quality: 23
06-29 19:33:25.584 28378 30086 W Summariser:   speed: medium
06-29 19:33:25.584 28378 30086 W Summariser:   freeze duration: 1.00
06-29 19:33:25.664 28378 30086 W NearbyFragment: Sending 20200312_195330.mp4 to Nexus 5X [34d8]
