--------- beginning of main
07-05 17:17:44.832 25205 25205 E Zygote  : isWhitelistProcess - Process is Whitelisted
07-05 17:17:44.835 25205 25205 E Zygote  : accessInfo : 1
--------- beginning of system
07-05 17:17:46.299 25205 25205 W LogFactory: Truncating log tag length as it exceed 23, the limit imposed by Android on certain API Levels
07-05 17:17:46.327 25205 25205 W ActivityThread: handleWindowVisibility: no activity for token android.os.BinderProxy@7f1426b
07-05 17:17:46.392 25205 25205 W example.edgesu: Accessing hidden method Landroid/graphics/drawable/Drawable;->getOpticalInsets()Landroid/graphics/Insets; (light greylist, linking)
07-05 17:17:46.393 25205 25205 W example.edgesu: Accessing hidden field Landroid/graphics/Insets;->left:I (light greylist, linking)
07-05 17:17:46.393 25205 25205 W example.edgesu: Accessing hidden field Landroid/graphics/Insets;->right:I (light greylist, linking)
07-05 17:17:46.393 25205 25205 W example.edgesu: Accessing hidden field Landroid/graphics/Insets;->top:I (light greylist, linking)
07-05 17:17:46.393 25205 25205 W example.edgesu: Accessing hidden field Landroid/graphics/Insets;->bottom:I (light greylist, linking)
07-05 17:17:46.440 25205 25205 W example.edgesu: Accessing hidden method Landroid/view/View;->computeFitSystemWindows(Landroid/graphics/Rect;Landroid/graphics/Rect;)Z (light greylist, reflection)
07-05 17:17:46.440 25205 25205 W example.edgesu: Accessing hidden method Landroid/view/ViewGroup;->makeOptionalFitsSystemWindows()V (light greylist, reflection)
07-05 17:17:46.552 25205 25205 W example.edgesu: Accessing hidden method Landroid/widget/TextView;->getTextDirectionHeuristic()Landroid/text/TextDirectionHeuristic; (light greylist, linking)
07-05 17:17:46.561 25205 25205 W example.edgesu: Accessing hidden field Landroid/view/View;->mAccessibilityDelegate:Landroid/view/View$AccessibilityDelegate; (light greylist, reflection)
07-05 17:17:46.903 25205 25205 E TransferService: No notification is passed in the intent. Unable to transition to foreground.
07-05 17:17:46.951 25205 25205 W StaticLayout: maxLineHeight should not be -1.  maxLines:1 lineCount:1
07-05 17:17:46.969 25205 25205 W StaticLayout: maxLineHeight should not be -1.  maxLines:1 lineCount:1
07-05 17:17:46.987 25205 25205 W StaticLayout: maxLineHeight should not be -1.  maxLines:1 lineCount:1
07-05 17:17:46.991 25205 25205 W StaticLayout: maxLineHeight should not be -1.  maxLines:1 lineCount:1
07-05 17:18:08.231 25205 25205 W example.edgesu: Accessing hidden method Landroid/graphics/FontFamily;-><init>()V (light greylist, reflection)
07-05 17:18:08.231 25205 25205 W example.edgesu: Accessing hidden method Landroid/graphics/FontFamily;->addFontFromAssetManager(Landroid/content/res/AssetManager;Ljava/lang/String;IZIII[Landroid/graphics/fonts/FontVariationAxis;)Z (light greylist, reflection)
07-05 17:18:08.232 25205 25205 W example.edgesu: Accessing hidden method Landroid/graphics/FontFamily;->addFontFromBuffer(Ljava/nio/ByteBuffer;I[Landroid/graphics/fonts/FontVariationAxis;II)Z (light greylist, reflection)
07-05 17:18:08.232 25205 25205 W example.edgesu: Accessing hidden method Landroid/graphics/FontFamily;->freeze()Z (light greylist, reflection)
07-05 17:18:08.232 25205 25205 W example.edgesu: Accessing hidden method Landroid/graphics/FontFamily;->abortCreation()V (light greylist, reflection)
07-05 17:18:08.232 25205 25205 W example.edgesu: Accessing hidden method Landroid/graphics/Typeface;->createFromFamiliesWithDefault([Landroid/graphics/FontFamily;Ljava/lang/String;II)Landroid/graphics/Typeface; (light greylist, reflection)
07-05 17:18:10.396 25205 25232 W libEGL  : EGLNativeWindowType 0x779bb7d010 disconnect failed
07-05 17:18:10.431 25205 25205 E ViewRootImpl: sendUserActionEvent() returned.
07-05 17:19:24.893 25205 25205 W NearbyFragment: Preferences:
07-05 17:19:24.893 25205 25205 W NearbyFragment:   Auto download: true
07-05 17:19:24.893 25205 25205 W NearbyFragment:   Algorithm: best_or_local
07-05 17:19:24.893 25205 25205 W NearbyFragment:   Fast scheduling: true
07-05 17:19:24.893 25205 25205 W NearbyFragment:   Segmentation: false
07-05 17:19:24.893 25205 25205 W NearbyFragment:   Auto segmentation: false
07-05 17:19:24.893 25205 25205 W NearbyFragment:   Segment number: 4
07-05 17:19:24.893 25205 25205 W NearbyFragment:   Noise tolerance: 45.00
07-05 17:19:24.893 25205 25205 W NearbyFragment:   Quality: 23
07-05 17:19:24.893 25205 25205 W NearbyFragment:   Speed: medium
07-05 17:19:24.893 25205 25205 W NearbyFragment:   Freeze duration: 1.00
07-05 17:19:24.894 25205 25205 W NearbyFragment: Download delay: 1s
07-05 17:19:24.894 25205 25205 W NearbyFragment: Started downloading from dashcam
07-05 17:19:42.557 25205 26098 W DashDownloadManager: Successfully downloaded 20200312_150643.mp4 in 17.455s
07-05 17:19:42.574 25205 26098 W NearbyFragment: Sending 20200312_150643.mp4 to Nexus 5X [34d8]
07-05 17:20:08.715 25205 26098 W DashDownloadManager: Successfully downloaded 20200312_150744.mp4 in 25.019s
07-05 17:20:08.890 25205 26146 W mobile-ffmpeg: [mov,mp4,m4a,3gp,3g2,mj2 @ 0x77adf7dc00] Found duplicated MOOV Atom. Skipped it
07-05 17:20:08.989 25205 26146 W mobile-ffmpeg: [graph 0 input from stream 0:0 @ 0x77aba29780] sws_param option is deprecated and ignored
07-05 17:20:16.349 25205 26146 W mobile-ffmpeg: [mov,mp4,m4a,3gp,3g2,mj2 @ 0x77adf7dc00] Found duplicated MOOV Atom. Skipped it
07-05 17:20:16.388 25205 26145 W Summariser: 1 active sections found
07-05 17:20:16.393 25205 26146 W mobile-ffmpeg: [mov,mp4,m4a,3gp,3g2,mj2 @ 0x77adf7dc00] Found duplicated MOOV Atom. Skipped it
07-05 17:20:16.442 25205 26146 W mobile-ffmpeg: [graph 0 input from stream 0:0 @ 0x77ade95f40] sws_param option is deprecated and ignored
07-05 17:20:27.094 25205 26098 W DashDownloadManager: Successfully downloaded 20200312_150844.mp4 in 17.257s
07-05 17:20:27.097 25205 26098 W NearbyFragment: Sending 20200312_150844.mp4 to Nexus 5X [34d8]
07-05 17:20:27.637 25205 26146 W mobile-ffmpeg: [mov,mp4,m4a,3gp,3g2,mj2 @ 0x77adf7dc00] Found duplicated MOOV Atom. Skipped it
07-05 17:20:27.689 25205 26145 W Summariser: Summarisation completed
07-05 17:20:27.689 25205 26145 W Summariser:   filename: 20200312_150744.mp4
07-05 17:20:27.689 25205 26145 W Summariser:   active sections: 1
07-05 17:20:27.689 25205 26145 W Summariser:   time: 18.838s
07-05 17:20:27.689 25205 26145 W Summariser:   original duration: 60.02
07-05 17:20:27.689 25205 26145 W Summariser:   summarised duration: 4.83
07-05 17:20:27.689 25205 26145 W Summariser:   noise tolerance: 45.00
07-05 17:20:27.689 25205 26145 W Summariser:   quality: 23
07-05 17:20:27.689 25205 26145 W Summariser:   speed: medium
07-05 17:20:27.689 25205 26145 W Summariser:   freeze duration: 1.00
07-05 17:20:53.192 25205 26098 W DashDownloadManager: Successfully downloaded 20200312_150944.mp4 in 24.970s
07-05 17:20:53.270 25205 26146 W mobile-ffmpeg: [mov,mp4,m4a,3gp,3g2,mj2 @ 0x77adf7dc00] Found duplicated MOOV Atom. Skipped it
07-05 17:20:53.443 25205 26146 W mobile-ffmpeg: [graph 0 input from stream 0:0 @ 0x77aba29780] sws_param option is deprecated and ignored
07-05 17:21:00.908 25205 26237 W Summariser: 1 active sections found
07-05 17:21:00.913 25205 26146 W mobile-ffmpeg: [mov,mp4,m4a,3gp,3g2,mj2 @ 0x77adf7dc00] Found duplicated MOOV Atom. Skipped it
07-05 17:21:00.998 25205 26146 W mobile-ffmpeg: [graph 0 input from stream 0:0 @ 0x77ade95f40] sws_param option is deprecated and ignored
07-05 17:21:05.915 25205 25205 W example.edgesu: Accessing hidden method Landroid/view/View;->getTransitionAlpha()F (light greylist, linking)
07-05 17:21:05.916 25205 25205 W example.edgesu: Accessing hidden method Landroid/view/View;->setTransitionAlpha(F)V (light greylist, linking)
07-05 17:21:05.916 25205 25205 W example.edgesu: Accessing hidden method Landroid/view/View;->setAnimationMatrix(Landroid/graphics/Matrix;)V (light greylist, linking)
07-05 17:21:05.916 25205 25205 W example.edgesu: Accessing hidden method Landroid/view/View;->transformMatrixToGlobal(Landroid/graphics/Matrix;)V (light greylist, linking)
07-05 17:21:05.916 25205 25205 W example.edgesu: Accessing hidden method Landroid/view/View;->transformMatrixToLocal(Landroid/graphics/Matrix;)V (light greylist, linking)
07-05 17:21:05.916 25205 25205 W example.edgesu: Accessing hidden method Landroid/view/View;->setLeftTopRightBottom(IIII)V (light greylist, linking)
07-05 17:21:05.916 25205 25205 W example.edgesu: Accessing hidden method Landroid/view/View;->setTransitionVisibility(I)V (dark greylist, linking)
07-05 17:21:05.941 25205 25205 W StaticLayout: maxLineHeight should not be -1.  maxLines:1 lineCount:1
07-05 17:21:05.944 25205 25205 W StaticLayout: maxLineHeight should not be -1.  maxLines:1 lineCount:1
07-05 17:21:06.206 25205 25205 W example.edgesu: Accessing hidden field Landroid/view/View;->mViewFlags:I (light greylist, reflection)
07-05 17:21:06.208 25205 25205 W example.edgesu: Accessing hidden method Landroid/view/ViewGroup;->suppressLayout(Z)V (light greylist, linking)
07-05 17:21:08.388 25205 26146 W mobile-ffmpeg: [mov,mp4,m4a,3gp,3g2,mj2 @ 0x77adf7dc00] Found duplicated MOOV Atom. Skipped it
07-05 17:21:08.450 25205 26237 W Summariser: Summarisation completed
07-05 17:21:08.450 25205 26237 W Summariser:   filename: 20200312_150944.mp4
07-05 17:21:08.450 25205 26237 W Summariser:   active sections: 1
07-05 17:21:08.450 25205 26237 W Summariser:   time: 15.126s
07-05 17:21:08.450 25205 26237 W Summariser:   original duration: 60.02
07-05 17:21:08.450 25205 26237 W Summariser:   summarised duration: 7.07
07-05 17:21:08.450 25205 26237 W Summariser:   noise tolerance: 45.00
07-05 17:21:08.450 25205 26237 W Summariser:   quality: 23
07-05 17:21:08.450 25205 26237 W Summariser:   speed: medium
07-05 17:21:08.450 25205 26237 W Summariser:   freeze duration: 1.00
07-05 17:21:13.553 25205 26098 W DashDownloadManager: Successfully downloaded 20200312_151044.mp4 in 19.182s
07-05 17:21:13.562 25205 26098 W NearbyFragment: Sending 20200312_151044.mp4 to Nexus 5X [34d8]
07-05 17:21:42.264 25205 25205 W NearbyFragment: Completed downloading 20200312_150844.mp4 from Endpoint{id=09sQ, name=Nexus 5X [34d8]} in 33.434s
07-05 17:21:49.446 25205 26098 W DashDownloadManager: Successfully downloaded 20200312_193528.mp4 in 34.808s
07-05 17:21:49.502 25205 26146 W mobile-ffmpeg: [mov,mp4,m4a,3gp,3g2,mj2 @ 0x779b2f2000] Found duplicated MOOV Atom. Skipped it
07-05 17:21:49.617 25205 26146 W mobile-ffmpeg: [graph 0 input from stream 0:0 @ 0x77612558c0] sws_param option is deprecated and ignored
07-05 17:21:56.953 25205 26336 W Summariser: No activity detected
07-05 17:21:56.957 25205 26146 W mobile-ffmpeg: [mov,mp4,m4a,3gp,3g2,mj2 @ 0x779b2f2000] Found duplicated MOOV Atom. Skipped it
07-05 17:21:56.991 25205 26336 W Summariser: Summarisation completed
07-05 17:21:56.991 25205 26336 W Summariser:   filename: 20200312_193528.mp4
07-05 17:21:56.991 25205 26336 W Summariser:   active sections: 0
07-05 17:21:56.991 25205 26336 W Summariser:   time: 07.461s
07-05 17:21:56.991 25205 26336 W Summariser:   original duration: 60.05
07-05 17:21:56.991 25205 26336 W Summariser:   summarised duration: -1.00
07-05 17:21:56.991 25205 26336 W Summariser:   noise tolerance: 45.00
07-05 17:21:56.991 25205 26336 W Summariser:   quality: 23
07-05 17:21:56.991 25205 26336 W Summariser:   speed: medium
07-05 17:21:56.991 25205 26336 W Summariser:   freeze duration: 1.00
07-05 17:22:07.905 25205 26098 W DashDownloadManager: Successfully downloaded 20200312_193628.mp4 in 17.271s
07-05 17:22:07.919 25205 26098 W NearbyFragment: Sending 20200312_193628.mp4 to Nexus 5X [34d8]
07-05 17:22:37.068 25205 26098 W DashDownloadManager: Successfully downloaded 20200312_193728.mp4 in 28.032s
07-05 17:22:37.123 25205 26146 W mobile-ffmpeg: [mov,mp4,m4a,3gp,3g2,mj2 @ 0x77adf7dc00] Found duplicated MOOV Atom. Skipped it
07-05 17:22:37.259 25205 26146 W mobile-ffmpeg: [graph 0 input from stream 0:0 @ 0x77aba29780] sws_param option is deprecated and ignored
07-05 17:22:45.002 25205 26387 W Summariser: Whole video is active
07-05 17:22:46.868 25205 26146 W mobile-ffmpeg: [mov,mp4,m4a,3gp,3g2,mj2 @ 0x77adf7dc00] Found duplicated MOOV Atom. Skipped it
07-05 17:22:46.914 25205 26146 W mobile-ffmpeg: [mov,mp4,m4a,3gp,3g2,mj2 @ 0x77adf7dc00] Found duplicated MOOV Atom. Skipped it
07-05 17:22:46.954 25205 26387 W Summariser: Summarisation completed
07-05 17:22:46.954 25205 26387 W Summariser:   filename: 20200312_193728.mp4
07-05 17:22:46.954 25205 26387 W Summariser:   active sections: -1
07-05 17:22:46.954 25205 26387 W Summariser:   time: 09.754s
07-05 17:22:46.954 25205 26387 W Summariser:   original duration: 60.02
07-05 17:22:46.954 25205 26387 W Summariser:   summarised duration: 60.02
07-05 17:22:46.954 25205 26387 W Summariser:   noise tolerance: 45.00
07-05 17:22:46.954 25205 26387 W Summariser:   quality: 23
07-05 17:22:46.954 25205 26387 W Summariser:   speed: medium
07-05 17:22:46.954 25205 26387 W Summariser:   freeze duration: 1.00
07-05 17:22:55.320 25205 26098 W DashDownloadManager: Successfully downloaded 20200312_193828.mp4 in 17.097s
07-05 17:22:55.406 25205 26146 W mobile-ffmpeg: [mov,mp4,m4a,3gp,3g2,mj2 @ 0x77adf7dc00] Found duplicated MOOV Atom. Skipped it
07-05 17:22:55.539 25205 26146 W mobile-ffmpeg: [graph 0 input from stream 0:0 @ 0x77aba29900] sws_param option is deprecated and ignored
07-05 17:22:56.466 25205 25214 W System  : A resource failed to call close. 
07-05 17:22:56.501 25205 25214 W System  : A resource failed to call close. 
07-05 17:22:56.507 25205 25214 W System  : A resource failed to call close. 
07-05 17:22:56.512 25205 25214 W System  : A resource failed to call close. 
07-05 17:23:03.069 25205 26425 W Summariser: 1 active sections found
07-05 17:23:03.076 25205 26146 W mobile-ffmpeg: [mov,mp4,m4a,3gp,3g2,mj2 @ 0x77adf7dc00] Found duplicated MOOV Atom. Skipped it
07-05 17:23:03.148 25205 26146 W mobile-ffmpeg: [graph 0 input from stream 0:0 @ 0x77ade95f40] sws_param option is deprecated and ignored
07-05 17:23:13.847 25205 26098 W DashDownloadManager: Successfully downloaded 20200312_193928.mp4 in 17.385s
07-05 17:23:18.663 25205 26146 W mobile-ffmpeg: [mov,mp4,m4a,3gp,3g2,mj2 @ 0x77adf7dc00] Found duplicated MOOV Atom. Skipped it
07-05 17:23:18.728 25205 26425 W Summariser: Summarisation completed
07-05 17:23:18.728 25205 26425 W Summariser:   filename: 20200312_193828.mp4
07-05 17:23:18.728 25205 26425 W Summariser:   active sections: 1
07-05 17:23:18.728 25205 26425 W Summariser:   time: 23.265s
07-05 17:23:18.728 25205 26425 W Summariser:   original duration: 60.02
07-05 17:23:18.728 25205 26425 W Summariser:   summarised duration: 14.28
07-05 17:23:18.728 25205 26425 W Summariser:   noise tolerance: 45.00
07-05 17:23:18.728 25205 26425 W Summariser:   quality: 23
07-05 17:23:18.728 25205 26425 W Summariser:   speed: medium
07-05 17:23:18.728 25205 26425 W Summariser:   freeze duration: 1.00
07-05 17:23:18.778 25205 26146 W mobile-ffmpeg: [mov,mp4,m4a,3gp,3g2,mj2 @ 0x77adf7dc00] Found duplicated MOOV Atom. Skipped it
07-05 17:23:18.852 25205 26146 W mobile-ffmpeg: [graph 0 input from stream 0:0 @ 0x77aba29480] sws_param option is deprecated and ignored
07-05 17:23:26.399 25205 26425 W Summariser: No activity detected
07-05 17:23:26.404 25205 26146 W mobile-ffmpeg: [mov,mp4,m4a,3gp,3g2,mj2 @ 0x77adf7dc00] Found duplicated MOOV Atom. Skipped it
07-05 17:23:26.438 25205 26425 W Summariser: Summarisation completed
07-05 17:23:26.438 25205 26425 W Summariser:   filename: 20200312_193928.mp4
07-05 17:23:26.438 25205 26425 W Summariser:   active sections: 0
07-05 17:23:26.438 25205 26425 W Summariser:   time: 07.625s
07-05 17:23:26.438 25205 26425 W Summariser:   original duration: 60.89
07-05 17:23:26.438 25205 26425 W Summariser:   summarised duration: -1.00
07-05 17:23:26.438 25205 26425 W Summariser:   noise tolerance: 45.00
07-05 17:23:26.438 25205 26425 W Summariser:   quality: 23
07-05 17:23:26.438 25205 26425 W Summariser:   speed: medium
07-05 17:23:26.438 25205 26425 W Summariser:   freeze duration: 1.00
07-05 17:23:32.083 25205 26098 W DashDownloadManager: Successfully downloaded 20200312_194129.mp4 in 17.095s
07-05 17:23:32.140 25205 26146 W mobile-ffmpeg: [mov,mp4,m4a,3gp,3g2,mj2 @ 0x77adf7dc00] Found duplicated MOOV Atom. Skipped it
07-05 17:23:32.237 25205 26146 W mobile-ffmpeg: [graph 0 input from stream 0:0 @ 0x77aba29900] sws_param option is deprecated and ignored
07-05 17:23:39.032 25205 25205 W NearbyFragment: Completed downloading 20200312_193628.mp4 from Endpoint{id=09sQ, name=Nexus 5X [34d8]} in 01.432s
07-05 17:23:39.716 25205 26540 W Summariser: 2 active sections found
07-05 17:23:39.721 25205 26146 W mobile-ffmpeg: [mov,mp4,m4a,3gp,3g2,mj2 @ 0x77adf7dc00] Found duplicated MOOV Atom. Skipped it
07-05 17:23:39.764 25205 26146 W mobile-ffmpeg: [graph 0 input from stream 0:0 @ 0x77aba293c0] sws_param option is deprecated and ignored
07-05 17:23:39.764 25205 26146 W mobile-ffmpeg: [graph 0 input from stream 0:0 @ 0x77aba29c00] sws_param option is deprecated and ignored
07-05 17:23:50.777 25205 26098 W DashDownloadManager: Successfully downloaded 20200312_194229.mp4 in 17.577s
07-05 17:23:50.781 25205 26098 W NearbyFragment: Sending 20200312_194229.mp4 to Nexus 5X [34d8]
07-05 17:23:55.482 25205 26146 W mobile-ffmpeg: [mov,mp4,m4a,3gp,3g2,mj2 @ 0x77adf7dc00] Found duplicated MOOV Atom. Skipped it
07-05 17:23:55.533 25205 26540 W Summariser: Summarisation completed
07-05 17:23:55.533 25205 26540 W Summariser:   filename: 20200312_194129.mp4
07-05 17:23:55.533 25205 26540 W Summariser:   active sections: 2
07-05 17:23:55.533 25205 26540 W Summariser:   time: 23.347s
07-05 17:23:55.533 25205 26540 W Summariser:   original duration: 60.02
07-05 17:23:55.533 25205 26540 W Summariser:   summarised duration: 10.77
07-05 17:23:55.533 25205 26540 W Summariser:   noise tolerance: 45.00
07-05 17:23:55.533 25205 26540 W Summariser:   quality: 23
07-05 17:23:55.533 25205 26540 W Summariser:   speed: medium
07-05 17:23:55.533 25205 26540 W Summariser:   freeze duration: 1.00
07-05 17:24:17.170 25205 26098 W DashDownloadManager: Successfully downloaded 20200312_194330.mp4 in 25.272s
07-05 17:24:17.237 25205 26146 W mobile-ffmpeg: [mov,mp4,m4a,3gp,3g2,mj2 @ 0x77adf7dc00] Found duplicated MOOV Atom. Skipped it
07-05 17:24:17.344 25205 26146 W mobile-ffmpeg: [graph 0 input from stream 0:0 @ 0x77aba29b40] sws_param option is deprecated and ignored
07-05 17:24:24.844 25205 26663 W Summariser: No activity detected
07-05 17:24:24.847 25205 26146 W mobile-ffmpeg: [mov,mp4,m4a,3gp,3g2,mj2 @ 0x77adf7dc00] Found duplicated MOOV Atom. Skipped it
07-05 17:24:24.875 25205 26663 W Summariser: Summarisation completed
07-05 17:24:24.875 25205 26663 W Summariser:   filename: 20200312_194330.mp4
07-05 17:24:24.875 25205 26663 W Summariser:   active sections: 0
07-05 17:24:24.875 25205 26663 W Summariser:   time: 07.619s
07-05 17:24:24.875 25205 26663 W Summariser:   original duration: 60.02
07-05 17:24:24.875 25205 26663 W Summariser:   summarised duration: -1.00
07-05 17:24:24.875 25205 26663 W Summariser:   noise tolerance: 45.00
07-05 17:24:24.875 25205 26663 W Summariser:   quality: 23
07-05 17:24:24.875 25205 26663 W Summariser:   speed: medium
07-05 17:24:24.875 25205 26663 W Summariser:   freeze duration: 1.00
07-05 17:24:35.375 25205 26098 W DashDownloadManager: Successfully downloaded 20200312_194730.mp4 in 17.067s
07-05 17:24:35.430 25205 26146 W mobile-ffmpeg: [mov,mp4,m4a,3gp,3g2,mj2 @ 0x77adf7dc00] Found duplicated MOOV Atom. Skipped it
07-05 17:24:35.533 25205 26146 W mobile-ffmpeg: [graph 0 input from stream 0:0 @ 0x77aba29b40] sws_param option is deprecated and ignored
07-05 17:24:42.842 25205 26707 W Summariser: No activity detected
07-05 17:24:42.845 25205 26146 W mobile-ffmpeg: [mov,mp4,m4a,3gp,3g2,mj2 @ 0x77adf7dc00] Found duplicated MOOV Atom. Skipped it
07-05 17:24:42.869 25205 26707 W Summariser: Summarisation completed
07-05 17:24:42.869 25205 26707 W Summariser:   filename: 20200312_194730.mp4
07-05 17:24:42.869 25205 26707 W Summariser:   active sections: 0
07-05 17:24:42.869 25205 26707 W Summariser:   time: 07.423s
07-05 17:24:42.869 25205 26707 W Summariser:   original duration: 60.02
07-05 17:24:42.869 25205 26707 W Summariser:   summarised duration: -1.00
07-05 17:24:42.869 25205 26707 W Summariser:   noise tolerance: 45.00
07-05 17:24:42.869 25205 26707 W Summariser:   quality: 23
07-05 17:24:42.869 25205 26707 W Summariser:   speed: medium
07-05 17:24:42.869 25205 26707 W Summariser:   freeze duration: 1.00
07-05 17:24:53.875 25205 26098 W DashDownloadManager: Successfully downloaded 20200312_194830.mp4 in 17.324s
07-05 17:24:53.943 25205 26146 W mobile-ffmpeg: [mov,mp4,m4a,3gp,3g2,mj2 @ 0x77adf7dc00] Found duplicated MOOV Atom. Skipped it
07-05 17:24:54.077 25205 26146 W mobile-ffmpeg: [graph 0 input from stream 0:0 @ 0x77aba29b40] sws_param option is deprecated and ignored
07-05 17:25:01.509 25205 26741 W Summariser: 4 active sections found
07-05 17:25:01.513 25205 26146 W mobile-ffmpeg: [mov,mp4,m4a,3gp,3g2,mj2 @ 0x77adf7dc00] Found duplicated MOOV Atom. Skipped it
07-05 17:25:01.593 25205 26146 W mobile-ffmpeg: [graph 0 input from stream 0:0 @ 0x77aba29e40] sws_param option is deprecated and ignored
07-05 17:25:01.594 25205 26146 W mobile-ffmpeg: [graph 0 input from stream 0:0 @ 0x77aba2a680] sws_param option is deprecated and ignored
07-05 17:25:01.595 25205 26146 W mobile-ffmpeg: [graph 0 input from stream 0:0 @ 0x77aba2a800] sws_param option is deprecated and ignored
07-05 17:25:01.595 25205 26146 W mobile-ffmpeg: [graph 0 input from stream 0:0 @ 0x77aba2a980] sws_param option is deprecated and ignored
07-05 17:25:12.304 25205 26098 W DashDownloadManager: Successfully downloaded 20200312_194930.mp4 in 17.273s
07-05 17:25:26.105 25205 26146 W mobile-ffmpeg: [mov,mp4,m4a,3gp,3g2,mj2 @ 0x77adf7dc00] Found duplicated MOOV Atom. Skipped it
07-05 17:25:26.169 25205 26741 W Summariser: Summarisation completed
07-05 17:25:26.169 25205 26741 W Summariser:   filename: 20200312_194830.mp4
07-05 17:25:26.169 25205 26741 W Summariser:   active sections: 4
07-05 17:25:26.169 25205 26741 W Summariser:   time: 32.168s
07-05 17:25:26.169 25205 26741 W Summariser:   original duration: 60.02
07-05 17:25:26.169 25205 26741 W Summariser:   summarised duration: 19.02
07-05 17:25:26.169 25205 26741 W Summariser:   noise tolerance: 45.00
07-05 17:25:26.169 25205 26741 W Summariser:   quality: 23
07-05 17:25:26.169 25205 26741 W Summariser:   speed: medium
07-05 17:25:26.169 25205 26741 W Summariser:   freeze duration: 1.00
07-05 17:25:26.258 25205 26146 W mobile-ffmpeg: [mov,mp4,m4a,3gp,3g2,mj2 @ 0x77adf7dc00] Found duplicated MOOV Atom. Skipped it
07-05 17:25:26.419 25205 26146 W mobile-ffmpeg: [graph 0 input from stream 0:0 @ 0x77aba296c0] sws_param option is deprecated and ignored
07-05 17:25:30.575 25205 26098 W DashDownloadManager: Successfully downloaded 20200312_195230.mp4 in 17.188s
07-05 17:25:34.353 25205 26146 W mobile-ffmpeg: [mov,mp4,m4a,3gp,3g2,mj2 @ 0x77adf7dc00] Found duplicated MOOV Atom. Skipped it
07-05 17:25:34.396 25205 26741 W Summariser: 2 active sections found
07-05 17:25:34.402 25205 26146 W mobile-ffmpeg: [mov,mp4,m4a,3gp,3g2,mj2 @ 0x77adf7dc00] Found duplicated MOOV Atom. Skipped it
07-05 17:25:34.464 25205 26146 W mobile-ffmpeg: [graph 0 input from stream 0:0 @ 0x77aba296c0] sws_param option is deprecated and ignored
07-05 17:25:34.464 25205 26146 W mobile-ffmpeg: [graph 0 input from stream 0:0 @ 0x77aba29d80] sws_param option is deprecated and ignored
07-05 17:25:48.655 25205 25205 W NearbyFragment: Completed downloading 20200312_194229.mp4 from Endpoint{id=09sQ, name=Nexus 5X [34d8]} in 01.829s
07-05 17:25:49.739 25205 26098 W DashDownloadManager: Successfully downloaded 20200312_195330.mp4 in 18.084s
07-05 17:25:49.742 25205 26098 W NearbyFragment: Sending 20200312_195330.mp4 to Nexus 5X [34d8]
07-05 17:26:03.297 25205 26146 W mobile-ffmpeg: [mov,mp4,m4a,3gp,3g2,mj2 @ 0x77adf7dc00] Found duplicated MOOV Atom. Skipped it
07-05 17:26:03.361 25205 26741 W Summariser: Summarisation completed
07-05 17:26:03.361 25205 26741 W Summariser:   filename: 20200312_194930.mp4
07-05 17:26:03.361 25205 26741 W Summariser:   active sections: 2
07-05 17:26:03.361 25205 26741 W Summariser:   time: 37.056s
07-05 17:26:03.361 25205 26741 W Summariser:   original duration: 60.02
07-05 17:26:03.361 25205 26741 W Summariser:   summarised duration: 22.25
07-05 17:26:03.361 25205 26741 W Summariser:   noise tolerance: 45.00
07-05 17:26:03.361 25205 26741 W Summariser:   quality: 23
07-05 17:26:03.361 25205 26741 W Summariser:   speed: medium
07-05 17:26:03.361 25205 26741 W Summariser:   freeze duration: 1.00
07-05 17:26:03.425 25205 26146 W mobile-ffmpeg: [mov,mp4,m4a,3gp,3g2,mj2 @ 0x77adf7dc00] Found duplicated MOOV Atom. Skipped it
07-05 17:26:03.499 25205 26146 W mobile-ffmpeg: [graph 0 input from stream 0:0 @ 0x77aba296c0] sws_param option is deprecated and ignored
07-05 17:26:11.663 25205 26741 W Summariser: 1 active sections found
07-05 17:26:11.667 25205 26146 W mobile-ffmpeg: [mov,mp4,m4a,3gp,3g2,mj2 @ 0x77adf7dc00] Found duplicated MOOV Atom. Skipped it
07-05 17:26:11.711 25205 26146 W mobile-ffmpeg: [graph 0 input from stream 0:0 @ 0x77aba2a140] sws_param option is deprecated and ignored
07-05 17:26:15.984 25205 26098 W DashDownloadManager: Successfully downloaded 20200312_195430.mp4 in 25.148s
07-05 17:26:17.017 25205 26098 W NearbyFragment: Stopped downloading from dashcam
07-05 17:26:21.762 25205 26146 W mobile-ffmpeg: [mov,mp4,m4a,3gp,3g2,mj2 @ 0x77adf7dc00] Found duplicated MOOV Atom. Skipped it
07-05 17:26:21.810 25205 26741 W Summariser: Summarisation completed
07-05 17:26:21.810 25205 26741 W Summariser:   filename: 20200312_195230.mp4
07-05 17:26:21.810 25205 26741 W Summariser:   active sections: 1
07-05 17:26:21.810 25205 26741 W Summariser:   time: 18.338s
07-05 17:26:21.810 25205 26741 W Summariser:   original duration: 60.02
07-05 17:26:21.810 25205 26741 W Summariser:   summarised duration: 6.97
07-05 17:26:21.810 25205 26741 W Summariser:   noise tolerance: 45.00
07-05 17:26:21.810 25205 26741 W Summariser:   quality: 23
07-05 17:26:21.810 25205 26741 W Summariser:   speed: medium
07-05 17:26:21.810 25205 26741 W Summariser:   freeze duration: 1.00
07-05 17:26:21.892 25205 26146 W mobile-ffmpeg: [mov,mp4,m4a,3gp,3g2,mj2 @ 0x77adf7dc00] Found duplicated MOOV Atom. Skipped it
07-05 17:26:21.987 25205 26146 W mobile-ffmpeg: [graph 0 input from stream 0:0 @ 0x77aba296c0] sws_param option is deprecated and ignored
07-05 17:26:29.400 25205 26741 W Summariser: 5 active sections found
07-05 17:26:29.404 25205 26146 W mobile-ffmpeg: [mov,mp4,m4a,3gp,3g2,mj2 @ 0x77adf7dc00] Found duplicated MOOV Atom. Skipped it
07-05 17:26:29.464 25205 26146 W mobile-ffmpeg: [graph 0 input from stream 0:0 @ 0x77aba29f00] sws_param option is deprecated and ignored
07-05 17:26:29.464 25205 26146 W mobile-ffmpeg: [graph 0 input from stream 0:0 @ 0x77aba2a740] sws_param option is deprecated and ignored
07-05 17:26:29.464 25205 26146 W mobile-ffmpeg: [graph 0 input from stream 0:0 @ 0x77aba2a440] sws_param option is deprecated and ignored
07-05 17:26:29.464 25205 26146 W mobile-ffmpeg: [graph 0 input from stream 0:0 @ 0x77aba2a8c0] sws_param option is deprecated and ignored
07-05 17:26:29.464 25205 26146 W mobile-ffmpeg: [graph 0 input from stream 0:0 @ 0x77aba2aa40] sws_param option is deprecated and ignored
07-05 17:26:50.797 25205 26146 W mobile-ffmpeg: [mov,mp4,m4a,3gp,3g2,mj2 @ 0x77adf7dc00] Found duplicated MOOV Atom. Skipped it
07-05 17:26:50.856 25205 26741 W Summariser: Summarisation completed
07-05 17:26:50.856 25205 26741 W Summariser:   filename: 20200312_195430.mp4
07-05 17:26:50.856 25205 26741 W Summariser:   active sections: 5
07-05 17:26:50.856 25205 26741 W Summariser:   time: 28.906s
07-05 17:26:50.856 25205 26741 W Summariser:   original duration: 60.02
07-05 17:26:50.856 25205 26741 W Summariser:   summarised duration: 21.92
07-05 17:26:50.856 25205 26741 W Summariser:   noise tolerance: 45.00
07-05 17:26:50.856 25205 26741 W Summariser:   quality: 23
07-05 17:26:50.856 25205 26741 W Summariser:   speed: medium
07-05 17:26:50.856 25205 26741 W Summariser:   freeze duration: 1.00
07-05 17:28:30.389 25205 25205 W NearbyFragment: Completed downloading 20200312_195330.mp4 from Endpoint{id=09sQ, name=Nexus 5X [34d8]} in 01.188s
