--------- beginning of main
--------- beginning of system
07-05 20:06:15.262  9818  9818 W LogFactory: Truncating log tag length as it exceed 23, the limit imposed by Android on certain API Levels
07-05 20:06:20.619  9818  9818 E TransferService: No notification is passed in the intent. Unable to transition to foreground.
07-05 20:06:20.777  9818  9818 W StaticLayout: maxLineHeight should not be -1.  maxLines:1 lineCount:1
07-05 20:06:20.811  9818  9818 W StaticLayout: maxLineHeight should not be -1.  maxLines:1 lineCount:1
07-05 20:06:20.853  9818  9848 W Adreno-EGL: <qeglDrvAPI_eglGetConfigAttrib:607>: EGL_BAD_ATTRIBUTE
07-05 20:06:20.856  9818  9848 W Adreno-EGL: <qeglDrvAPI_eglGetConfigAttrib:607>: EGL_BAD_ATTRIBUTE
07-05 20:06:20.868  9818  9818 W StaticLayout: maxLineHeight should not be -1.  maxLines:1 lineCount:1
07-05 20:06:20.880  9818  9818 W StaticLayout: maxLineHeight should not be -1.  maxLines:1 lineCount:1
07-05 20:06:46.496  9818  9848 W Adreno-EGL: <qeglDrvAPI_eglGetConfigAttrib:607>: EGL_BAD_ATTRIBUTE
07-05 20:06:51.430  9818  9848 W Adreno-EGL: <qeglDrvAPI_eglGetConfigAttrib:607>: EGL_BAD_ATTRIBUTE
07-05 20:08:21.653  9818  9818 W NearbyFragment: Completed downloading 20200312_150744.mp4 from Endpoint{id=njPJ, name=Galaxy S8 [2802]} in 26.175s
07-05 20:08:21.762  9818 10083 W mobile-ffmpeg: [mov,mp4,m4a,3gp,3g2,mj2 @ 0x90f75000] Found duplicated MOOV Atom. Skipped it
07-05 20:08:21.851  9818 10083 W mobile-ffmpeg: [graph 0 input from stream 0:0 @ 0x93842a80] sws_param option is deprecated and ignored
07-05 20:08:44.643  9818 10083 W mobile-ffmpeg: [mov,mp4,m4a,3gp,3g2,mj2 @ 0x90f79200] Found duplicated MOOV Atom. Skipped it
07-05 20:08:44.738  9818 10082 W Summariser: 1 active sections found
07-05 20:08:44.755  9818 10083 W mobile-ffmpeg: [mov,mp4,m4a,3gp,3g2,mj2 @ 0x8dbfb400] Found duplicated MOOV Atom. Skipped it
07-05 20:08:44.860  9818 10083 W mobile-ffmpeg: [graph 0 input from stream 0:0 @ 0x8d1e8b00] sws_param option is deprecated and ignored
07-05 20:09:26.245  9818 10083 W mobile-ffmpeg: [mov,mp4,m4a,3gp,3g2,mj2 @ 0x8dbfb400] Found duplicated MOOV Atom. Skipped it
07-05 20:09:26.457  9818 10082 W Summariser: Summarisation completed
07-05 20:09:26.457  9818 10082 W Summariser:   filename: 20200312_150744.mp4
07-05 20:09:26.457  9818 10082 W Summariser:   active sections: 1
07-05 20:09:26.457  9818 10082 W Summariser:   time: 64.540s
07-05 20:09:26.457  9818 10082 W Summariser:   original duration: 60.02
07-05 20:09:26.457  9818 10082 W Summariser:   summarised duration: 4.83
07-05 20:09:26.457  9818 10082 W Summariser:   noise tolerance: 45.00
07-05 20:09:26.457  9818 10082 W Summariser:   quality: 23
07-05 20:09:26.457  9818 10082 W Summariser:   speed: medium
07-05 20:09:26.457  9818 10082 W Summariser:   freeze duration: 1.00
07-05 20:09:26.568  9818 10082 W NearbyFragment: Sending 20200312_150744.mp4 to Galaxy S8 [2802]
07-05 20:10:28.341  9818  9818 W NearbyFragment: Completed downloading 20200312_193528.mp4 from Endpoint{id=njPJ, name=Galaxy S8 [2802]} in 23.696s
07-05 20:10:28.389  9818 10083 W mobile-ffmpeg: [mov,mp4,m4a,3gp,3g2,mj2 @ 0x90f59e00] Found duplicated MOOV Atom. Skipped it
07-05 20:10:28.502  9818 10083 W mobile-ffmpeg: [graph 0 input from stream 0:0 @ 0x8d1e8c20] sws_param option is deprecated and ignored
07-05 20:10:54.553  9818 10259 W Summariser: No activity detected
07-05 20:10:54.563  9818 10083 W mobile-ffmpeg: [mov,mp4,m4a,3gp,3g2,mj2 @ 0x8e14fe00] Found duplicated MOOV Atom. Skipped it
07-05 20:10:54.643  9818 10259 W Summariser: Summarisation completed
07-05 20:10:54.643  9818 10259 W Summariser:   filename: 20200312_193528.mp4
07-05 20:10:54.643  9818 10259 W Summariser:   active sections: 0
07-05 20:10:54.643  9818 10259 W Summariser:   time: 26.179s
07-05 20:10:54.643  9818 10259 W Summariser:   original duration: 60.05
07-05 20:10:54.643  9818 10259 W Summariser:   summarised duration: -1.00
07-05 20:10:54.643  9818 10259 W Summariser:   noise tolerance: 45.00
07-05 20:10:54.643  9818 10259 W Summariser:   quality: 23
07-05 20:10:54.643  9818 10259 W Summariser:   speed: medium
07-05 20:10:54.643  9818 10259 W Summariser:   freeze duration: 1.00
07-05 20:11:21.664  9818  9818 W NearbyFragment: Completed downloading 20200312_193728.mp4 from Endpoint{id=njPJ, name=Galaxy S8 [2802]} in 21.519s
07-05 20:11:21.719  9818 10083 W mobile-ffmpeg: [mov,mp4,m4a,3gp,3g2,mj2 @ 0x93809400] Found duplicated MOOV Atom. Skipped it
07-05 20:11:21.864  9818 10083 W mobile-ffmpeg: [graph 0 input from stream 0:0 @ 0x8e1720e0] sws_param option is deprecated and ignored
07-05 20:11:51.553  9818 10383 W Summariser: Whole video is active
07-05 20:11:59.398  9818 10083 W mobile-ffmpeg: [mov,mp4,m4a,3gp,3g2,mj2 @ 0x93809400] Found duplicated MOOV Atom. Skipped it
07-05 20:11:59.588  9818 10083 W mobile-ffmpeg: [mov,mp4,m4a,3gp,3g2,mj2 @ 0x8dc75200] Found duplicated MOOV Atom. Skipped it
07-05 20:11:59.733  9818 10383 W Summariser: Summarisation completed
07-05 20:11:59.733  9818 10383 W Summariser:   filename: 20200312_193728.mp4
07-05 20:11:59.733  9818 10383 W Summariser:   active sections: -1
07-05 20:11:59.733  9818 10383 W Summariser:   time: 37.682s
07-05 20:11:59.733  9818 10383 W Summariser:   original duration: 60.02
07-05 20:11:59.733  9818 10383 W Summariser:   summarised duration: 60.02
07-05 20:11:59.733  9818 10383 W Summariser:   noise tolerance: 45.00
07-05 20:11:59.733  9818 10383 W Summariser:   quality: 23
07-05 20:11:59.733  9818 10383 W Summariser:   speed: medium
07-05 20:11:59.733  9818 10383 W Summariser:   freeze duration: 1.00
07-05 20:11:59.812  9818 10383 W NearbyFragment: Sending 20200312_193728.mp4 to Galaxy S8 [2802]
07-05 20:12:27.968  9818  9818 W NearbyFragment: Completed downloading 20200312_193928.mp4 from Endpoint{id=njPJ, name=Galaxy S8 [2802]} in 30.451s
07-05 20:12:28.028  9818 10083 W mobile-ffmpeg: [mov,mp4,m4a,3gp,3g2,mj2 @ 0x8e05d400] Found duplicated MOOV Atom. Skipped it
07-05 20:12:28.158  9818 10083 W mobile-ffmpeg: [graph 0 input from stream 0:0 @ 0x8e1721a0] sws_param option is deprecated and ignored
07-05 20:12:56.204  9818 10726 W Summariser: No activity detected
07-05 20:12:56.217  9818 10083 W mobile-ffmpeg: [mov,mp4,m4a,3gp,3g2,mj2 @ 0x8e174c00] Found duplicated MOOV Atom. Skipped it
07-05 20:12:56.319  9818 10726 W Summariser: Summarisation completed
07-05 20:12:56.319  9818 10726 W Summariser:   filename: 20200312_193928.mp4
07-05 20:12:56.319  9818 10726 W Summariser:   active sections: 0
07-05 20:12:56.319  9818 10726 W Summariser:   time: 28.193s
07-05 20:12:56.319  9818 10726 W Summariser:   original duration: 60.89
07-05 20:12:56.319  9818 10726 W Summariser:   summarised duration: -1.00
07-05 20:12:56.319  9818 10726 W Summariser:   noise tolerance: 45.00
07-05 20:12:56.319  9818 10726 W Summariser:   quality: 23
07-05 20:12:56.319  9818 10726 W Summariser:   speed: medium
07-05 20:12:56.319  9818 10726 W Summariser:   freeze duration: 1.00
07-05 20:13:35.169  9818  9818 W NearbyFragment: Completed downloading 20200312_194229.mp4 from Endpoint{id=njPJ, name=Galaxy S8 [2802]} in 20.557s
07-05 20:13:35.231  9818 10083 W mobile-ffmpeg: [mov,mp4,m4a,3gp,3g2,mj2 @ 0xa3992000] Found duplicated MOOV Atom. Skipped it
07-05 20:13:35.389  9818 10083 W mobile-ffmpeg: [graph 0 input from stream 0:0 @ 0x8e171d20] sws_param option is deprecated and ignored
07-05 20:14:06.713  9818  9818 W NearbyFragment: Completed downloading 20200312_194330.mp4 from Endpoint{id=njPJ, name=Galaxy S8 [2802]} in 20.987s
07-05 20:14:10.272  9818 10083 W mobile-ffmpeg: [mov,mp4,m4a,3gp,3g2,mj2 @ 0x8e0bf400] Found duplicated MOOV Atom. Skipped it
07-05 20:14:10.431  9818 10834 W Summariser: 5 active sections found
07-05 20:14:10.453  9818 10083 W mobile-ffmpeg: [mov,mp4,m4a,3gp,3g2,mj2 @ 0x8c8fc600] Found duplicated MOOV Atom. Skipped it
07-05 20:14:10.641  9818 10083 W mobile-ffmpeg: [graph 0 input from stream 0:0 @ 0x8d1e7720] sws_param option is deprecated and ignored
07-05 20:14:10.642  9818 10083 W mobile-ffmpeg: [graph 0 input from stream 0:0 @ 0x8d1e7840] sws_param option is deprecated and ignored
07-05 20:14:10.643  9818 10083 W mobile-ffmpeg: [graph 0 input from stream 0:0 @ 0x8d1e7600] sws_param option is deprecated and ignored
07-05 20:14:10.643  9818 10083 W mobile-ffmpeg: [graph 0 input from stream 0:0 @ 0x8e172140] sws_param option is deprecated and ignored
07-05 20:14:10.644  9818 10083 W mobile-ffmpeg: [graph 0 input from stream 0:0 @ 0x8d1e7ae0] sws_param option is deprecated and ignored
07-05 20:15:31.922  9818 10083 W mobile-ffmpeg: [mov,mp4,m4a,3gp,3g2,mj2 @ 0x8c8fc600] Found duplicated MOOV Atom. Skipped it
07-05 20:15:32.149  9818 10834 W Summariser: Summarisation completed
07-05 20:15:32.149  9818 10834 W Summariser:   filename: 20200312_194229.mp4
07-05 20:15:32.149  9818 10834 W Summariser:   active sections: 5
07-05 20:15:32.149  9818 10834 W Summariser:   time: 116.706s
07-05 20:15:32.149  9818 10834 W Summariser:   original duration: 60.02
07-05 20:15:32.149  9818 10834 W Summariser:   summarised duration: 15.51
07-05 20:15:32.149  9818 10834 W Summariser:   noise tolerance: 45.00
07-05 20:15:32.149  9818 10834 W Summariser:   quality: 23
07-05 20:15:32.149  9818 10834 W Summariser:   speed: medium
07-05 20:15:32.149  9818 10834 W Summariser:   freeze duration: 1.00
07-05 20:15:32.304  9818 10834 W NearbyFragment: Sending 20200312_194229.mp4 to Galaxy S8 [2802]
07-05 20:15:32.340  9818 10083 W mobile-ffmpeg: [mov,mp4,m4a,3gp,3g2,mj2 @ 0x8cd0ba00] Found duplicated MOOV Atom. Skipped it
07-05 20:15:32.506  9818 10083 W mobile-ffmpeg: [graph 0 input from stream 0:0 @ 0x8d1e7300] sws_param option is deprecated and ignored
07-05 20:16:11.057  9818 10834 W Summariser: No activity detected
07-05 20:16:11.069  9818 10083 W mobile-ffmpeg: [mov,mp4,m4a,3gp,3g2,mj2 @ 0x8bcf7200] Found duplicated MOOV Atom. Skipped it
07-05 20:16:11.156  9818 10834 W Summariser: Summarisation completed
07-05 20:16:11.156  9818 10834 W Summariser:   filename: 20200312_194330.mp4
07-05 20:16:11.156  9818 10834 W Summariser:   active sections: 0
07-05 20:16:11.156  9818 10834 W Summariser:   time: 38.736s
07-05 20:16:11.156  9818 10834 W Summariser:   original duration: 60.02
07-05 20:16:11.156  9818 10834 W Summariser:   summarised duration: -1.00
07-05 20:16:11.156  9818 10834 W Summariser:   noise tolerance: 45.00
07-05 20:16:11.156  9818 10834 W Summariser:   quality: 23
07-05 20:16:11.156  9818 10834 W Summariser:   speed: medium
07-05 20:16:11.156  9818 10834 W Summariser:   freeze duration: 1.00
07-05 20:16:28.833  9818  9818 W NearbyFragment: Completed downloading 20200312_194930.mp4 from Endpoint{id=njPJ, name=Galaxy S8 [2802]} in 86.923s
07-05 20:16:28.893  9818 10083 W mobile-ffmpeg: [mov,mp4,m4a,3gp,3g2,mj2 @ 0x93861600] Found duplicated MOOV Atom. Skipped it
07-05 20:16:29.140  9818 10083 W mobile-ffmpeg: [graph 0 input from stream 0:0 @ 0x8d1e9760] sws_param option is deprecated and ignored
07-05 20:17:10.443  9818 10083 W mobile-ffmpeg: [mov,mp4,m4a,3gp,3g2,mj2 @ 0x8d5f4e00] Found duplicated MOOV Atom. Skipped it
07-05 20:17:10.597  9818 11085 W Summariser: 2 active sections found
07-05 20:17:10.620  9818 10083 W mobile-ffmpeg: [mov,mp4,m4a,3gp,3g2,mj2 @ 0x8d5f4200] Found duplicated MOOV Atom. Skipped it
07-05 20:17:10.818  9818 10083 W mobile-ffmpeg: [graph 0 input from stream 0:0 @ 0xa39a78e0] sws_param option is deprecated and ignored
07-05 20:17:10.818  9818 10083 W mobile-ffmpeg: [graph 0 input from stream 0:0 @ 0xa39a7be0] sws_param option is deprecated and ignored
07-05 20:17:19.070  9818  9818 W NearbyFragment: Completed downloading 20200312_195330.mp4 from Endpoint{id=njPJ, name=Galaxy S8 [2802]} in 91.022s
07-05 20:18:58.313  9818 10083 W mobile-ffmpeg: [mov,mp4,m4a,3gp,3g2,mj2 @ 0x8d5f4200] Found duplicated MOOV Atom. Skipped it
07-05 20:18:58.540  9818 11085 W Summariser: Summarisation completed
07-05 20:18:58.540  9818 11085 W Summariser:   filename: 20200312_194930.mp4
07-05 20:18:58.540  9818 11085 W Summariser:   active sections: 2
07-05 20:18:58.540  9818 11085 W Summariser:   time: 149.428s
07-05 20:18:58.540  9818 11085 W Summariser:   original duration: 60.02
07-05 20:18:58.540  9818 11085 W Summariser:   summarised duration: 22.25
07-05 20:18:58.540  9818 11085 W Summariser:   noise tolerance: 45.00
07-05 20:18:58.540  9818 11085 W Summariser:   quality: 23
07-05 20:18:58.540  9818 11085 W Summariser:   speed: medium
07-05 20:18:58.540  9818 11085 W Summariser:   freeze duration: 1.00
07-05 20:18:58.630  9818 11085 W NearbyFragment: Sending 20200312_194930.mp4 to Galaxy S8 [2802]
07-05 20:18:58.682  9818 10083 W mobile-ffmpeg: [mov,mp4,m4a,3gp,3g2,mj2 @ 0x8cee4400] Found duplicated MOOV Atom. Skipped it
07-05 20:18:58.860  9818 10083 W mobile-ffmpeg: [graph 0 input from stream 0:0 @ 0xa39a7be0] sws_param option is deprecated and ignored
07-05 20:19:37.429  9818 11085 W Summariser: 5 active sections found
07-05 20:19:37.455  9818 10083 W mobile-ffmpeg: [mov,mp4,m4a,3gp,3g2,mj2 @ 0x9104b200] Found duplicated MOOV Atom. Skipped it
07-05 20:19:37.595  9818 10083 W mobile-ffmpeg: [graph 0 input from stream 0:0 @ 0x9387e5e0] sws_param option is deprecated and ignored
07-05 20:19:37.596  9818 10083 W mobile-ffmpeg: [graph 0 input from stream 0:0 @ 0x9387e700] sws_param option is deprecated and ignored
07-05 20:19:37.597  9818 10083 W mobile-ffmpeg: [graph 0 input from stream 0:0 @ 0x9387e4c0] sws_param option is deprecated and ignored
07-05 20:19:37.599  9818 10083 W mobile-ffmpeg: [graph 0 input from stream 0:0 @ 0x93842cc0] sws_param option is deprecated and ignored
07-05 20:19:37.600  9818 10083 W mobile-ffmpeg: [graph 0 input from stream 0:0 @ 0x9387e880] sws_param option is deprecated and ignored
07-05 20:21:20.636  9818 10083 W mobile-ffmpeg: [mov,mp4,m4a,3gp,3g2,mj2 @ 0x9104b200] Found duplicated MOOV Atom. Skipped it
07-05 20:21:20.803  9818 11085 W Summariser: Summarisation completed
07-05 20:21:20.803  9818 11085 W Summariser:   filename: 20200312_195330.mp4
07-05 20:21:20.803  9818 11085 W Summariser:   active sections: 5
07-05 20:21:20.803  9818 11085 W Summariser:   time: 141.955s
07-05 20:21:20.803  9818 11085 W Summariser:   original duration: 60.02
07-05 20:21:20.803  9818 11085 W Summariser:   summarised duration: 23.42
07-05 20:21:20.803  9818 11085 W Summariser:   noise tolerance: 45.00
07-05 20:21:20.803  9818 11085 W Summariser:   quality: 23
07-05 20:21:20.803  9818 11085 W Summariser:   speed: medium
07-05 20:21:20.803  9818 11085 W Summariser:   freeze duration: 1.00
07-05 20:21:20.899  9818 11085 W NearbyFragment: Sending 20200312_195330.mp4 to Galaxy S8 [2802]
