--------- beginning of main
--------- beginning of system
06-29 16:35:32.306  8774  8774 W LogFactory: Truncating log tag length as it exceed 23, the limit imposed by Android on certain API Levels
06-29 16:35:33.590  8774  8774 E TransferService: No notification is passed in the intent. Unable to transition to foreground.
06-29 16:36:32.605  8774  8774 W NearbyFragment: Preferences:
06-29 16:36:32.605  8774  8774 W NearbyFragment:   Auto download: true
06-29 16:36:32.605  8774  8774 W NearbyFragment:   Algorithm: best
06-29 16:36:32.605  8774  8774 W NearbyFragment:   Fast scheduling: true
06-29 16:36:32.605  8774  8774 W NearbyFragment:   Segmentation: true
06-29 16:36:32.605  8774  8774 W NearbyFragment:   Auto segmentation: false
06-29 16:36:32.605  8774  8774 W NearbyFragment:   Segment number: 4
06-29 16:36:32.605  8774  8774 W NearbyFragment:   Noise tolerance: 45.00
06-29 16:36:32.605  8774  8774 W NearbyFragment:   Quality: 23
06-29 16:36:32.605  8774  8774 W NearbyFragment:   Speed: medium
06-29 16:36:32.605  8774  8774 W NearbyFragment:   Freeze duration: 1.00
06-29 16:36:32.606  8774  8774 W NearbyFragment: Download delay: 1s
06-29 16:36:32.606  8774  8774 W NearbyFragment: Started downloading from dashcam
06-29 16:36:47.360  8774  9019 W mobile-ffmpeg: 
06-29 16:36:47.360  8774  9019 W mobile-ffmpeg: [mov,mp4,m4a,3gp,3g2,mj2 @ 0x7c736d8200] 
06-29 16:36:47.360  8774  9019 W mobile-ffmpeg: 
06-29 16:36:47.360  8774  9019 W mobile-ffmpeg: Found duplicated MOOV Atom. Skipped it
06-29 16:36:47.814  8774  8774 W NearbyFragment: Sending 20200312_150643!000.mp4 to Galaxy S8 [2802]
06-29 16:36:47.819  8774  8774 W DashDownloadManager: Successfully downloaded 20200312_150643.mp4 in 15.148s
06-29 16:36:49.659  8774  8774 W NearbyFragment: Sending 20200312_150643!001.mp4 to Nexus 5 [1825]
06-29 16:36:51.958  8774  8774 W NearbyFragment: Sending 20200312_150643!002.mp4 to Galaxy S8 [2802]
06-29 16:36:54.197  8774  8774 W NearbyFragment: Sending 20200312_150643!003.mp4 to Galaxy S8 [2802]
06-29 16:37:10.704  8774  9019 W mobile-ffmpeg: 
06-29 16:37:10.705  8774  9019 W mobile-ffmpeg: [mov,mp4,m4a,3gp,3g2,mj2 @ 0x7c736d8200] 
06-29 16:37:10.705  8774  9019 W mobile-ffmpeg: 
06-29 16:37:10.705  8774  9019 W mobile-ffmpeg: Found duplicated MOOV Atom. Skipped it
06-29 16:37:11.188  8774  8774 W NearbyFragment: Sending 20200312_150744!000.mp4 to Galaxy S8 [2802]
06-29 16:37:11.190  8774  8774 W DashDownloadManager: Successfully downloaded 20200312_150744.mp4 in 22.310s
06-29 16:37:12.735  8774  8774 W NearbyFragment: Sending 20200312_150744!001.mp4 to Nexus 5 [1825]
06-29 16:37:14.792  8774  8774 W NearbyFragment: Sending 20200312_150744!002.mp4 to Galaxy S8 [2802]
06-29 16:37:17.132  8774  8774 W NearbyFragment: Sending 20200312_150744!003.mp4 to Galaxy S8 [2802]
06-29 16:37:27.996  8774  8774 W NearbyFragment: Completed downloading 20200312_150744!003.mp4 from Endpoint{id=4okG, name=Galaxy S8 [2802]} in 00.229s
06-29 16:37:28.180  8774  8774 W FfmpegTools: Single segment returned, duration of 20200312_150744: 4.89
06-29 16:37:33.340  8774  9019 W mobile-ffmpeg: 
06-29 16:37:33.340  8774  9019 W mobile-ffmpeg: [mov,mp4,m4a,3gp,3g2,mj2 @ 0x7c736d8200] 
06-29 16:37:33.340  8774  9019 W mobile-ffmpeg: 
06-29 16:37:33.340  8774  9019 W mobile-ffmpeg: Found duplicated MOOV Atom. Skipped it
06-29 16:37:34.050  8774  8774 W NearbyFragment: Sending 20200312_150844!000.mp4 to Galaxy S8 [2802]
06-29 16:37:34.054  8774  8774 W DashDownloadManager: Successfully downloaded 20200312_150844.mp4 in 21.797s
06-29 16:37:36.391  8774  8774 W NearbyFragment: Sending 20200312_150844!001.mp4 to Nexus 5 [1825]
06-29 16:37:39.071  8774  8774 W NearbyFragment: Sending 20200312_150844!002.mp4 to Galaxy S8 [2802]
06-29 16:37:42.257  8774  8774 W NearbyFragment: Completed downloading 20200312_150844!000.mp4 from Endpoint{id=4okG, name=Galaxy S8 [2802]} in 03.188s
06-29 16:37:43.070  8774  8774 W NearbyFragment: Sending 20200312_150844!003.mp4 to Galaxy S8 [2802]
06-29 16:37:48.563  8774  8774 W NearbyFragment: Completed downloading 20200312_150844!002.mp4 from Endpoint{id=4okG, name=Galaxy S8 [2802]} in 02.034s
06-29 16:37:49.730  8774  8774 W NearbyFragment: Completed downloading 20200312_150844!003.mp4 from Endpoint{id=4okG, name=Galaxy S8 [2802]} in 00.408s
06-29 16:37:53.642  8774  8774 W NearbyFragment: Completed downloading 20200312_150844!001.mp4 from Endpoint{id=R7mK, name=Nexus 5 [1825]} in 04.022s
06-29 16:37:55.682  8774  8774 W FfmpegTools: Merged duration of 20200312_150844: 60.08
06-29 16:38:03.892  8774  9019 W mobile-ffmpeg: 
06-29 16:38:03.892  8774  9019 W mobile-ffmpeg: [mov,mp4,m4a,3gp,3g2,mj2 @ 0x7c736d8200] 
06-29 16:38:03.892  8774  9019 W mobile-ffmpeg: 
06-29 16:38:03.892  8774  9019 W mobile-ffmpeg: Found duplicated MOOV Atom. Skipped it
06-29 16:38:04.650  8774  8774 W NearbyFragment: Sending 20200312_150944!000.mp4 to Galaxy S8 [2802]
06-29 16:38:04.654  8774  8774 W DashDownloadManager: Successfully downloaded 20200312_150944.mp4 in 29.539s
06-29 16:38:07.476  8774  8774 W NearbyFragment: Sending 20200312_150944!001.mp4 to Nexus 5 [1825]
06-29 16:38:13.179  8774  8774 W NearbyFragment: Sending 20200312_150944!002.mp4 to Galaxy S8 [2802]
06-29 16:38:15.193  8774  8774 W NearbyFragment: Sending 20200312_150944!003.mp4 to Galaxy S8 [2802]
06-29 16:38:17.266  8774  8774 W NearbyFragment: Completed downloading 20200312_150944!000.mp4 from Endpoint{id=4okG, name=Galaxy S8 [2802]} in 00.196s
06-29 16:38:20.649  8774  8774 W FfmpegTools: Single segment returned, duration of 20200312_150944: 7.07
06-29 16:38:29.075  8774  9019 W mobile-ffmpeg: 
06-29 16:38:29.075  8774  9019 W mobile-ffmpeg: [mov,mp4,m4a,3gp,3g2,mj2 @ 0x7c736d8200] 
06-29 16:38:29.075  8774  9019 W mobile-ffmpeg: 
06-29 16:38:29.076  8774  9019 W mobile-ffmpeg: Found duplicated MOOV Atom. Skipped it
06-29 16:38:30.580  8774  8774 W NearbyFragment: Sending 20200312_151044!000.mp4 to Galaxy S8 [2802]
06-29 16:38:30.584  8774  8774 W DashDownloadManager: Successfully downloaded 20200312_151044.mp4 in 24.862s
06-29 16:38:32.359  8774  8774 W NearbyFragment: Sending 20200312_151044!001.mp4 to Nexus 5 [1825]
06-29 16:38:34.291  8774  8774 W NearbyFragment: Sending 20200312_151044!002.mp4 to Galaxy S8 [2802]
06-29 16:38:38.083  8774  8774 W NearbyFragment: Sending 20200312_151044!003.mp4 to Galaxy S8 [2802]
06-29 16:38:53.693  8774  9019 W mobile-ffmpeg: 
06-29 16:38:53.693  8774  9019 W mobile-ffmpeg: [mov,mp4,m4a,3gp,3g2,mj2 @ 0x7c736d8200] 
06-29 16:38:53.693  8774  9019 W mobile-ffmpeg: 
06-29 16:38:53.693  8774  9019 W mobile-ffmpeg: Found duplicated MOOV Atom. Skipped it
06-29 16:38:54.684  8774  8774 W NearbyFragment: Sending 20200312_193528!000.mp4 to Galaxy S8 [2802]
06-29 16:38:54.687  8774  8774 W DashDownloadManager: Successfully downloaded 20200312_193528.mp4 in 23.029s
06-29 16:38:57.119  8774  8774 W NearbyFragment: Sending 20200312_193528!001.mp4 to Nexus 5 [1825]
06-29 16:38:59.268  8774  8774 W NearbyFragment: Sending 20200312_193528!002.mp4 to Galaxy S8 [2802]
06-29 16:39:01.270  8774  8774 W NearbyFragment: Sending 20200312_193528!003.mp4 to Galaxy S8 [2802]
06-29 16:39:17.433  8774  9019 W mobile-ffmpeg: 
06-29 16:39:17.433  8774  9019 W mobile-ffmpeg: [mov,mp4,m4a,3gp,3g2,mj2 @ 0x7c736d8200] 
06-29 16:39:17.433  8774  9019 W mobile-ffmpeg: 
06-29 16:39:17.433  8774  9019 W mobile-ffmpeg: Found duplicated MOOV Atom. Skipped it
06-29 16:39:18.165  8774  8774 W NearbyFragment: Sending 20200312_193628!000.mp4 to Galaxy S8 [2802]
06-29 16:39:18.168  8774  8774 W DashDownloadManager: Successfully downloaded 20200312_193628.mp4 in 21.796s
06-29 16:39:19.783  8774  8774 W NearbyFragment: Sending 20200312_193628!001.mp4 to Nexus 5 [1825]
06-29 16:39:21.696  8774  8774 W NearbyFragment: Sending 20200312_193628!002.mp4 to Galaxy S8 [2802]
06-29 16:39:24.425  8774  8774 W NearbyFragment: Sending 20200312_193628!003.mp4 to Galaxy S8 [2802]
06-29 16:39:37.002  8774  8774 W NearbyFragment: Completed downloading 20200312_193628!003.mp4 from Endpoint{id=4okG, name=Galaxy S8 [2802]} in 00.385s
06-29 16:39:37.172  8774  8774 W FfmpegTools: Single segment returned, duration of 20200312_193628: 6.16
06-29 16:39:41.402  8774  9019 W mobile-ffmpeg: 
06-29 16:39:41.403  8774  9019 W mobile-ffmpeg: [mov,mp4,m4a,3gp,3g2,mj2 @ 0x7c736d8200] 
06-29 16:39:41.403  8774  9019 W mobile-ffmpeg: 
06-29 16:39:41.403  8774  9019 W mobile-ffmpeg: Found duplicated MOOV Atom. Skipped it
06-29 16:39:42.318  8774  8774 W NearbyFragment: Sending 20200312_193728!000.mp4 to Galaxy S8 [2802]
06-29 16:39:42.321  8774  8774 W DashDownloadManager: Successfully downloaded 20200312_193728.mp4 in 23.083s
06-29 16:39:44.074  8774  8774 W NearbyFragment: Sending 20200312_193728!001.mp4 to Nexus 5 [1825]
06-29 16:39:46.751  8774  8774 W NearbyFragment: Sending 20200312_193728!002.mp4 to Galaxy S8 [2802]
06-29 16:39:49.244  8774  8774 W NearbyFragment: Sending 20200312_193728!003.mp4 to Galaxy S8 [2802]
06-29 16:39:49.707  8774  8774 W NearbyFragment: Completed downloading 20200312_193728!000.mp4 from Endpoint{id=4okG, name=Galaxy S8 [2802]} in 02.961s
06-29 16:39:56.352  8774  8774 W NearbyFragment: Completed downloading 20200312_193728!002.mp4 from Endpoint{id=4okG, name=Galaxy S8 [2802]} in 02.198s
06-29 16:39:58.180  8774  8774 W NearbyFragment: Completed downloading 20200312_193728!003.mp4 from Endpoint{id=4okG, name=Galaxy S8 [2802]} in 01.823s
06-29 16:40:03.393  8774  8774 W NearbyFragment: Completed downloading 20200312_193728!001.mp4 from Endpoint{id=R7mK, name=Nexus 5 [1825]} in 06.282s
06-29 16:40:05.303  8774  8774 W FfmpegTools: Merged duration of 20200312_193728: 60.07
06-29 16:40:13.138  8774  9019 W mobile-ffmpeg: 
06-29 16:40:13.138  8774  9019 W mobile-ffmpeg: [mov,mp4,m4a,3gp,3g2,mj2 @ 0x7c736d8200] 
06-29 16:40:13.138  8774  9019 W mobile-ffmpeg: 
06-29 16:40:13.138  8774  9019 W mobile-ffmpeg: Found duplicated MOOV Atom. Skipped it
06-29 16:40:14.695  8774  8774 W NearbyFragment: Sending 20200312_193828!000.mp4 to Galaxy S8 [2802]
06-29 16:40:14.699  8774  8774 W DashDownloadManager: Successfully downloaded 20200312_193828.mp4 in 31.313s
06-29 16:40:16.445  8774  8774 W NearbyFragment: Sending 20200312_193828!001.mp4 to Nexus 5 [1825]
06-29 16:40:19.897  8774  8774 W NearbyFragment: Sending 20200312_193828!002.mp4 to Galaxy S8 [2802]
06-29 16:40:22.817  8774  8774 W NearbyFragment: Sending 20200312_193828!003.mp4 to Galaxy S8 [2802]
06-29 16:40:32.699  8774  8774 W NearbyFragment: Completed downloading 20200312_193828!000.mp4 from Endpoint{id=4okG, name=Galaxy S8 [2802]} in 00.404s
06-29 16:40:36.049  8774  8774 W FfmpegTools: Single segment returned, duration of 20200312_193828: 14.28
06-29 16:40:37.430  8774  9019 W mobile-ffmpeg: 
06-29 16:40:37.431  8774  9019 W mobile-ffmpeg: [mov,mp4,m4a,3gp,3g2,mj2 @ 0x7c736d8200] 
06-29 16:40:37.431  8774  9019 W mobile-ffmpeg: 
06-29 16:40:37.431  8774  9019 W mobile-ffmpeg: Found duplicated MOOV Atom. Skipped it
06-29 16:40:38.849  8774  8774 W NearbyFragment: Sending 20200312_193928!000.mp4 to Galaxy S8 [2802]
06-29 16:40:38.852  8774  8774 W DashDownloadManager: Successfully downloaded 20200312_193928.mp4 in 23.067s
06-29 16:40:40.922  8774  8774 W NearbyFragment: Sending 20200312_193928!001.mp4 to Nexus 5 [1825]
06-29 16:40:42.979  8774  8774 W NearbyFragment: Sending 20200312_193928!002.mp4 to Galaxy S8 [2802]
06-29 16:40:44.802  8774  8774 W NearbyFragment: Sending 20200312_193928!003.mp4 to Galaxy S8 [2802]
06-29 16:41:01.503  8774  9019 W mobile-ffmpeg: 
06-29 16:41:01.503  8774  9019 W mobile-ffmpeg: [mov,mp4,m4a,3gp,3g2,mj2 @ 0x7c736d8200] 
06-29 16:41:01.503  8774  9019 W mobile-ffmpeg: 
06-29 16:41:01.503  8774  9019 W mobile-ffmpeg: Found duplicated MOOV Atom. Skipped it
06-29 16:41:02.963  8774  8774 W NearbyFragment: Sending 20200312_194129!000.mp4 to Galaxy S8 [2802]
06-29 16:41:02.966  8774  8774 W DashDownloadManager: Successfully downloaded 20200312_194129.mp4 in 23.059s
06-29 16:41:04.860  8774  8774 W NearbyFragment: Sending 20200312_194129!001.mp4 to Nexus 5 [1825]
06-29 16:41:06.910  8774  8774 W NearbyFragment: Sending 20200312_194129!002.mp4 to Galaxy S8 [2802]
06-29 16:41:09.491  8774  8774 W NearbyFragment: Sending 20200312_194129!003.mp4 to Galaxy S8 [2802]
06-29 16:41:20.927  8774  8774 W NearbyFragment: Completed downloading 20200312_194129!002.mp4 from Endpoint{id=4okG, name=Galaxy S8 [2802]} in 00.331s
06-29 16:41:23.180  8774  8774 W NearbyFragment: Completed downloading 20200312_194129!003.mp4 from Endpoint{id=4okG, name=Galaxy S8 [2802]} in 00.063s
06-29 16:41:26.488  8774  9019 W mobile-ffmpeg: 
06-29 16:41:26.489  8774  9019 W mobile-ffmpeg: [mov,mp4,m4a,3gp,3g2,mj2 @ 0x7c736d8200] 
06-29 16:41:26.489  8774  9019 W mobile-ffmpeg: 
06-29 16:41:26.489  8774  9019 W mobile-ffmpeg: Found duplicated MOOV Atom. Skipped it
06-29 16:41:28.100  8774  8774 W NearbyFragment: Sending 20200312_194229!000.mp4 to Galaxy S8 [2802]
06-29 16:41:28.103  8774  8774 W DashDownloadManager: Successfully downloaded 20200312_194229.mp4 in 24.068s
06-29 16:41:28.111  8774  8774 W NearbyFragment: Sending 20200312_194229!001.mp4 to Nexus 5 [1825]
06-29 16:41:28.120  8774  8774 W NearbyFragment: Completed downloading 20200312_194129!001.mp4 from Endpoint{id=R7mK, name=Nexus 5 [1825]} in 00.011s
06-29 16:41:28.493  8774  8774 W FfmpegTools: Merged duration of 20200312_194129: 11.04
06-29 16:41:30.034  8774  8774 W NearbyFragment: Sending 20200312_194229!002.mp4 to Galaxy S8 [2802]
06-29 16:41:33.495  8774  8774 W NearbyFragment: Sending 20200312_194229!003.mp4 to Galaxy S8 [2802]
06-29 16:41:39.472  8774  8774 W NearbyFragment: Completed downloading 20200312_194229!000.mp4 from Endpoint{id=4okG, name=Galaxy S8 [2802]} in 00.156s
06-29 16:41:50.878  8774  9019 W mobile-ffmpeg: 
06-29 16:41:50.878  8774  9019 W mobile-ffmpeg: [mov,mp4,m4a,3gp,3g2,mj2 @ 0x7c736d8200] 
06-29 16:41:50.879  8774  9019 W mobile-ffmpeg: 
06-29 16:41:50.879  8774  9019 W mobile-ffmpeg: Found duplicated MOOV Atom. Skipped it
06-29 16:41:51.663  8774  8774 W NearbyFragment: Sending 20200312_194330!000.mp4 to Galaxy S8 [2802]
06-29 16:41:51.666  8774  8774 W DashDownloadManager: Successfully downloaded 20200312_194330.mp4 in 22.498s
06-29 16:41:53.173  8774  8774 W NearbyFragment: Sending 20200312_194330!001.mp4 to Galaxy S8 [2802]
06-29 16:41:55.065  8774  8774 W NearbyFragment: Sending 20200312_194330!002.mp4 to Galaxy S8 [2802]
06-29 16:41:55.424  8774  8774 W NearbyFragment: Sending 20200312_194330!003.mp4 to Galaxy S8 [2802]
06-29 16:42:03.588  8774  8774 W NearbyFragment: Completed downloading 20200312_194229!001.mp4 from Endpoint{id=R7mK, name=Nexus 5 [1825]} in 00.407s
06-29 16:42:04.107  8774  8774 W FfmpegTools: Merged duration of 20200312_194229: 14.35
06-29 16:42:11.930  8774  9019 W mobile-ffmpeg: 
06-29 16:42:11.930  8774  9019 W mobile-ffmpeg: [mov,mp4,m4a,3gp,3g2,mj2 @ 0x7c736d8200] 
06-29 16:42:11.930  8774  9019 W mobile-ffmpeg: 
06-29 16:42:11.930  8774  9019 W mobile-ffmpeg: Found duplicated MOOV Atom. Skipped it
06-29 16:42:13.547  8774  8774 W NearbyFragment: Sending 20200312_194730!000.mp4 to Galaxy S8 [2802]
06-29 16:42:13.551  8774  8774 W DashDownloadManager: Successfully downloaded 20200312_194730.mp4 in 20.832s
06-29 16:42:15.262  8774  8774 W NearbyFragment: Sending 20200312_194730!001.mp4 to Nexus 5 [1825]
06-29 16:42:17.274  8774  8774 W NearbyFragment: Sending 20200312_194730!002.mp4 to Galaxy S8 [2802]
06-29 16:42:19.358  8774  8774 W NearbyFragment: Sending 20200312_194730!003.mp4 to Galaxy S8 [2802]
06-29 16:42:36.121  8774  9019 W mobile-ffmpeg: 
06-29 16:42:36.122  8774  9019 W mobile-ffmpeg: [mov,mp4,m4a,3gp,3g2,mj2 @ 0x7c736d8200] 
06-29 16:42:36.122  8774  9019 W mobile-ffmpeg: 
06-29 16:42:36.122  8774  9019 W mobile-ffmpeg: Found duplicated MOOV Atom. Skipped it
06-29 16:42:37.109  8774  8774 W NearbyFragment: Sending 20200312_194830!000.mp4 to Galaxy S8 [2802]
06-29 16:42:37.112  8774  8774 W DashDownloadManager: Successfully downloaded 20200312_194830.mp4 in 22.497s
06-29 16:42:39.098  8774  8774 W NearbyFragment: Sending 20200312_194830!001.mp4 to Nexus 5 [1825]
06-29 16:42:44.643  8774  8774 W NearbyFragment: Sending 20200312_194830!002.mp4 to Galaxy S8 [2802]
06-29 16:42:46.441  8774  8774 W NearbyFragment: Sending 20200312_194830!003.mp4 to Galaxy S8 [2802]
06-29 16:42:47.002  8774  8774 W NearbyFragment: Completed downloading 20200312_194830!000.mp4 from Endpoint{id=4okG, name=Galaxy S8 [2802]} in 00.565s
06-29 16:42:58.332  8774  8774 W NearbyFragment: Completed downloading 20200312_194830!002.mp4 from Endpoint{id=4okG, name=Galaxy S8 [2802]} in 00.348s
06-29 16:43:00.953  8774  9019 W mobile-ffmpeg: 
06-29 16:43:00.953  8774  9019 W mobile-ffmpeg: [mov,mp4,m4a,3gp,3g2,mj2 @ 0x7c736d8200] 
06-29 16:43:00.953  8774  9019 W mobile-ffmpeg: 
06-29 16:43:00.953  8774  9019 W mobile-ffmpeg: Found duplicated MOOV Atom. Skipped it
06-29 16:43:01.951  8774  8774 W NearbyFragment: Sending 20200312_194930!000.mp4 to Galaxy S8 [2802]
06-29 16:43:01.955  8774  8774 W DashDownloadManager: Successfully downloaded 20200312_194930.mp4 in 23.774s
06-29 16:43:03.848  8774  8774 W NearbyFragment: Sending 20200312_194930!001.mp4 to Galaxy S8 [2802]
06-29 16:43:06.049  8774  8774 W NearbyFragment: Sending 20200312_194930!002.mp4 to Galaxy S8 [2802]
06-29 16:43:08.503  8774  8774 W NearbyFragment: Sending 20200312_194930!003.mp4 to Galaxy S8 [2802]
06-29 16:43:16.123  8774  8774 W NearbyFragment: Completed downloading 20200312_194830!001.mp4 from Endpoint{id=R7mK, name=Nexus 5 [1825]} in 00.516s
06-29 16:43:16.737  8774  8774 W FfmpegTools: Merged duration of 20200312_194830: 20.90
06-29 16:43:16.797  8774  8774 W NearbyFragment: Completed downloading 20200312_194930!000.mp4 from Endpoint{id=4okG, name=Galaxy S8 [2802]} in 00.792s
06-29 16:43:20.426  8774  8774 W NearbyFragment: Completed downloading 20200312_194930!001.mp4 from Endpoint{id=4okG, name=Galaxy S8 [2802]} in 00.186s
06-29 16:43:23.254  8774  9019 W mobile-ffmpeg: 
06-29 16:43:23.254  8774  9019 W mobile-ffmpeg: [mov,mp4,m4a,3gp,3g2,mj2 @ 0x7c736d8200] 
06-29 16:43:23.254  8774  9019 W mobile-ffmpeg: 
06-29 16:43:23.254  8774  9019 W mobile-ffmpeg: Found duplicated MOOV Atom. Skipped it
06-29 16:43:24.896  8774  8774 W NearbyFragment: Sending 20200312_195230!000.mp4 to Nexus 5 [1825]
06-29 16:43:24.900  8774  8774 W DashDownloadManager: Successfully downloaded 20200312_195230.mp4 in 21.849s
06-29 16:43:33.266  8774  8774 W NearbyFragment: Sending 20200312_195230!001.mp4 to Galaxy S8 [2802]
06-29 16:43:35.212  8774  8774 W NearbyFragment: Sending 20200312_195230!002.mp4 to Galaxy S8 [2802]
06-29 16:43:35.833  8774  8774 W NearbyFragment: Completed downloading 20200312_194930!003.mp4 from Endpoint{id=4okG, name=Galaxy S8 [2802]} in 00.625s
06-29 16:43:36.429  8774  8774 W FfmpegTools: Merged duration of 20200312_194930: 22.33
06-29 16:43:36.477  8774  8774 W NearbyFragment: Sending 20200312_195230!003.mp4 to Galaxy S8 [2802]
06-29 16:43:46.349  8774  8774 W NearbyFragment: Completed downloading 20200312_195230!001.mp4 from Endpoint{id=4okG, name=Galaxy S8 [2802]} in 00.207s
06-29 16:43:48.819  8774  9019 W mobile-ffmpeg: 
06-29 16:43:48.819  8774  9019 W mobile-ffmpeg: [mov,mp4,m4a,3gp,3g2,mj2 @ 0x7c736d8200] 
06-29 16:43:48.819  8774  9019 W mobile-ffmpeg: 
06-29 16:43:48.820  8774  9019 W mobile-ffmpeg: Found duplicated MOOV Atom. Skipped it
06-29 16:43:49.723  8774  8774 W NearbyFragment: Sending 20200312_195330!000.mp4 to Nexus 5 [1825]
06-29 16:43:49.726  8774  8774 W DashDownloadManager: Successfully downloaded 20200312_195330.mp4 in 23.739s
06-29 16:43:49.837  8774  8774 W FfmpegTools: Single segment returned, duration of 20200312_195230: 6.97
06-29 16:43:50.433  8774  8774 W NearbyFragment: Sending 20200312_195330!001.mp4 to Galaxy S8 [2802]
06-29 16:43:54.028  8774  8774 W NearbyFragment: Sending 20200312_195330!002.mp4 to Galaxy S8 [2802]
06-29 16:43:55.672  8774  8774 W NearbyFragment: Sending 20200312_195330!003.mp4 to Galaxy S8 [2802]
06-29 16:44:08.185  8774  8774 W NearbyFragment: Completed downloading 20200312_195330!000.mp4 from Endpoint{id=R7mK, name=Nexus 5 [1825]} in 00.129s
06-29 16:44:08.776  8774  8774 W NearbyFragment: Completed downloading 20200312_195330!001.mp4 from Endpoint{id=4okG, name=Galaxy S8 [2802]} in 00.240s
06-29 16:44:14.488  8774  9019 W mobile-ffmpeg: 
06-29 16:44:14.488  8774  9019 W mobile-ffmpeg: [mov,mp4,m4a,3gp,3g2,mj2 @ 0x7c736d8200] 
06-29 16:44:14.488  8774  9019 W mobile-ffmpeg: 
06-29 16:44:14.488  8774  9019 W mobile-ffmpeg: Found duplicated MOOV Atom. Skipped it
06-29 16:44:15.475  8774  8774 W NearbyFragment: Sending 20200312_195430!000.mp4 to Nexus 5 [1825]
06-29 16:44:15.478  8774  8774 W DashDownloadManager: Successfully downloaded 20200312_195430.mp4 in 24.682s
06-29 16:44:16.491  8774  8987 W NearbyFragment: Stopped downloading from dashcam
06-29 16:44:18.894  8774  8774 W NearbyFragment: Sending 20200312_195430!001.mp4 to Galaxy S8 [2802]
06-29 16:44:19.008  8774  8774 W NearbyFragment: Sending 20200312_195430!002.mp4 to Galaxy S8 [2802]
06-29 16:44:19.226  8774  8774 W NearbyFragment: Completed downloading 20200312_195330!002.mp4 from Endpoint{id=4okG, name=Galaxy S8 [2802]} in 00.220s
06-29 16:44:21.063  8774  8774 W NearbyFragment: Sending 20200312_195430!003.mp4 to Galaxy S8 [2802]
06-29 16:44:25.384  8774  8774 W NearbyFragment: Completed downloading 20200312_195330!003.mp4 from Endpoint{id=4okG, name=Galaxy S8 [2802]} in 00.145s
06-29 16:44:25.965  8774  8774 W FfmpegTools: Merged duration of 20200312_195330: 24.63
06-29 16:44:33.553  8774  8774 W NearbyFragment: Completed downloading 20200312_195430!001.mp4 from Endpoint{id=4okG, name=Galaxy S8 [2802]} in 00.119s
06-29 16:44:39.574  8774  8774 W NearbyFragment: Completed downloading 20200312_195430!000.mp4 from Endpoint{id=R7mK, name=Nexus 5 [1825]} in 00.098s
06-29 16:44:41.436  8774  8774 W NearbyFragment: Completed downloading 20200312_195430!002.mp4 from Endpoint{id=4okG, name=Galaxy S8 [2802]} in 00.108s
06-29 16:44:47.197  8774  8774 W NearbyFragment: Completed downloading 20200312_195430!003.mp4 from Endpoint{id=4okG, name=Galaxy S8 [2802]} in 00.080s
06-29 16:44:47.724  8774  8774 W FfmpegTools: Merged duration of 20200312_195430: 21.94
