--------- beginning of main
07-05 15:58:55.379 18472 18472 E Zygote  : isWhitelistProcess - Process is Whitelisted
07-05 15:58:55.380 18472 18472 E Zygote  : accessInfo : 1
07-05 15:58:55.392 18472 18472 I example.edgesu: Late-enabling -Xcheck:jni
--------- beginning of system
07-05 15:58:56.128 18472 18472 I ActivityThread: handleStopService: token=android.os.BinderProxy@ad5852d not found.
07-05 15:58:56.131 18472 18472 I TransferService: Starting Transfer Service to listen for network connectivity changes.
07-05 15:58:56.132 18472 18472 W LogFactory: Truncating log tag length as it exceed 23, the limit imposed by Android on certain API Levels
07-05 15:58:56.159 18472 18472 I TransferService: Registering the network receiver
07-05 15:58:56.161 18472 18472 I TransferService: Moving the service out of the Foreground state.
07-05 15:58:56.161 18472 18472 I TransferService: De-registering the network receiver.
07-05 15:58:56.162 18472 18472 W ActivityThread: handleWindowVisibility: no activity for token android.os.BinderProxy@ff213ba
07-05 15:58:56.168 18472 18491 D vndksupport: Loading /vendor/lib64/egl/libGLES_mali.so from current namespace instead of sphal namespace.
07-05 15:58:56.188 18472 18491 D libEGL  : loaded /vendor/lib64/egl/libGLES_mali.so
07-05 15:58:56.223 18472 18472 W example.edgesu: Accessing hidden method Landroid/graphics/drawable/Drawable;->getOpticalInsets()Landroid/graphics/Insets; (light greylist, linking)
07-05 15:58:56.223 18472 18472 W example.edgesu: Accessing hidden field Landroid/graphics/Insets;->left:I (light greylist, linking)
07-05 15:58:56.223 18472 18472 W example.edgesu: Accessing hidden field Landroid/graphics/Insets;->right:I (light greylist, linking)
07-05 15:58:56.223 18472 18472 W example.edgesu: Accessing hidden field Landroid/graphics/Insets;->top:I (light greylist, linking)
07-05 15:58:56.223 18472 18472 W example.edgesu: Accessing hidden field Landroid/graphics/Insets;->bottom:I (light greylist, linking)
07-05 15:58:56.240 18472 18472 I DecorView: createDecorCaptionView >> DecorView@e9f8b3f[], isFloating: false, isApplication: true, hasWindowDecorCaption: false, hasWindowControllerCallback: true
07-05 15:58:56.268 18472 18472 W example.edgesu: Accessing hidden method Landroid/view/View;->computeFitSystemWindows(Landroid/graphics/Rect;Landroid/graphics/Rect;)Z (light greylist, reflection)
07-05 15:58:56.269 18472 18472 W example.edgesu: Accessing hidden method Landroid/view/ViewGroup;->makeOptionalFitsSystemWindows()V (light greylist, reflection)
07-05 15:58:56.367 18472 18472 W example.edgesu: Accessing hidden method Landroid/widget/TextView;->getTextDirectionHeuristic()Landroid/text/TextDirectionHeuristic; (light greylist, linking)
07-05 15:58:56.376 18472 18472 W example.edgesu: Accessing hidden field Landroid/view/View;->mAccessibilityDelegate:Landroid/view/View$AccessibilityDelegate; (light greylist, reflection)
07-05 15:58:56.441 18472 18472 V Repo    : /storage/emulated/0/Movies/raw
07-05 15:58:56.441 18472 18472 V Repo    : /storage/emulated/0/Movies/summarised
07-05 15:58:56.463 18472 18472 V FileManager: External storage is readable
07-05 15:58:56.465 18472 18472 V FileManager: Created new directory: /storage/emulated/0/Movies/raw
07-05 15:58:56.466 18472 18472 V FileManager: External storage is readable
07-05 15:58:56.466 18472 18472 V FileManager: Created new directory: /storage/emulated/0/Movies/summarised
07-05 15:58:56.467 18472 18472 V FileManager: External storage is readable
07-05 15:58:56.468 18472 18472 V FileManager: Created new directory: /storage/emulated/0/Download/nearby
07-05 15:58:56.469 18472 18472 V FileManager: External storage is readable
07-05 15:58:56.470 18472 18472 V FileManager: Created new directory: /storage/emulated/0/Movies/segment
07-05 15:58:56.471 18472 18472 V FileManager: External storage is readable
07-05 15:58:56.472 18472 18472 V FileManager: Created new directory: /storage/emulated/0/Movies/segment-sum
07-05 15:58:56.609 18472 18472 V VideoManager: getAllVideoFromExternalStorageFolder
07-05 15:58:56.611 18472 18472 D VideoManager: /storage/emulated/0/Movies/summarised
07-05 15:58:56.617 18472 18472 D VideoManager: 0 videos return
07-05 15:58:56.646 18472 18472 V VideoManager: getAllVideoFromExternalStorageFolder
07-05 15:58:56.648 18472 18472 D VideoManager: /storage/emulated/0/Movies/raw
07-05 15:58:56.652 18472 18472 D VideoManager: 0 videos return
07-05 15:58:56.681 18472 18472 D OpenGLRenderer: Skia GL Pipeline
07-05 15:58:56.683 18472 18472 D EmergencyMode: [EmergencyManager] android createPackageContext successful
07-05 15:58:56.697 18472 18472 D InputTransport: Input channel constructed: fd=64
07-05 15:58:56.698 18472 18472 D ViewRootImpl@25a3d92[MainActivity]: setView = DecorView@e9f8b3f[MainActivity] TM=true MM=false
07-05 15:58:56.703 18472 18472 I TransferService: Starting Transfer Service to listen for network connectivity changes.
07-05 15:58:56.703 18472 18472 I TransferService: Registering the network receiver
07-05 15:58:56.705 18472 18472 E TransferService: No notification is passed in the intent. Unable to transition to foreground.
07-05 15:58:56.740 18472 18486 D MainActivity: Scanned /storage/emulated/0/Movies/raw
07-05 15:58:56.740 18472 18486 D MainActivity:   -> uri=content://media/external/file/138070
07-05 15:58:56.742 18472 18472 D ViewRootImpl@25a3d92[MainActivity]: dispatchAttachedToWindow
07-05 15:58:56.758 18472 18472 W StaticLayout: maxLineHeight should not be -1.  maxLines:1 lineCount:1
07-05 15:58:56.767 18472 18472 W StaticLayout: maxLineHeight should not be -1.  maxLines:1 lineCount:1
07-05 15:58:56.771 18472 18472 W StaticLayout: maxLineHeight should not be -1.  maxLines:1 lineCount:1
07-05 15:58:56.773 18472 18486 D MainActivity: Scanned /storage/emulated/0/Movies/summarised
07-05 15:58:56.773 18472 18486 D MainActivity:   -> uri=content://media/external/file/138071
07-05 15:58:56.775 18472 18472 W StaticLayout: maxLineHeight should not be -1.  maxLines:1 lineCount:1
07-05 15:58:56.789 18472 18472 D ViewRootImpl@25a3d92[MainActivity]: Relayout returned: old=[0,0][720,1480] new=[0,0][720,1480] result=0x7 surface={valid=true 514126307328} changed=true
07-05 15:58:56.795 18472 18472 W StaticLayout: maxLineHeight should not be -1.  maxLines:1 lineCount:1
07-05 15:58:56.800 18472 18472 W StaticLayout: maxLineHeight should not be -1.  maxLines:1 lineCount:1
07-05 15:58:56.803 18472 18495 I ConfigStore: android::hardware::configstore::V1_0::ISurfaceFlingerConfigs::hasWideColorDisplay retrieved: 0
07-05 15:58:56.804 18472 18495 I ConfigStore: android::hardware::configstore::V1_0::ISurfaceFlingerConfigs::hasHDRDisplay retrieved: 0
07-05 15:58:56.804 18472 18495 I OpenGLRenderer: Initialized EGL, version 1.4
07-05 15:58:56.804 18472 18495 D OpenGLRenderer: Swap behavior 2
07-05 15:58:56.814 18472 18495 D mali_winsys: EGLint new_window_surface(egl_winsys_display *, void *, EGLSurface, EGLConfig, egl_winsys_surface **, EGLBoolean) returns 0x3000
07-05 15:58:56.814 18472 18495 D OpenGLRenderer: eglCreateWindowSurface = 0x779b331180, 0x77b450e010
07-05 15:58:56.814 18472 18472 I TransferNetworkLossHand: Network connectivity changed detected.
07-05 15:58:56.816 18472 18472 I TransferNetworkLossHand: Network connected: true
07-05 15:58:56.818 18472 18509 D TransferNetworkLossHand: Loading transfers from database...
07-05 15:58:56.821 18472 18509 D TransferNetworkLossHand: Closing the cursor for resumeAllTransfers
07-05 15:58:56.821 18472 18509 D TransferNetworkLossHand: 0 transfers are loaded from database.
07-05 15:58:56.899 18472 18495 D vndksupport: Loading /vendor/lib64/hw/android.hardware.graphics.mapper@2.0-impl.so from current namespace instead of sphal namespace.
07-05 15:58:56.917 18472 18472 D ViewRootImpl@25a3d92[MainActivity]: MSG_RESIZED: frame=Rect(0, 0 - 720, 1480) ci=Rect(0, 48 - 0, 96) vi=Rect(0, 48 - 0, 96) or=1
07-05 15:58:56.918 18472 18472 D ViewRootImpl@25a3d92[MainActivity]: setWindowStopped(false) old=false
07-05 15:58:56.924 18472 18472 D ViewRootImpl@25a3d92[MainActivity]: MSG_WINDOW_FOCUS_CHANGED 1 1
07-05 15:58:56.925 18472 18472 D InputMethodManager: prepareNavigationBarInfo() DecorView@e9f8b3f[MainActivity]
07-05 15:58:56.925 18472 18472 D InputMethodManager: getNavigationBarColor() -855310
07-05 15:58:56.930 18472 18472 D InputMethodManager: prepareNavigationBarInfo() DecorView@e9f8b3f[MainActivity]
07-05 15:58:56.930 18472 18472 D InputMethodManager: getNavigationBarColor() -855310
07-05 15:58:56.930 18472 18472 V InputMethodManager: Starting input: tba=com.example.edgesum ic=null mNaviBarColor -855310 mIsGetNaviBarColorSuccess true , NavVisible : true , NavTrans : false
07-05 15:58:56.930 18472 18472 D InputMethodManager: startInputInner - Id : 0
07-05 15:58:56.930 18472 18472 I InputMethodManager: startInputInner - mService.startInputOrWindowGainedFocus
07-05 15:58:56.935 18472 18486 D InputTransport: Input channel constructed: fd=74
07-05 15:58:56.967 18472 18472 D InputMethodManager: prepareNavigationBarInfo() DecorView@e9f8b3f[MainActivity]
07-05 15:58:56.967 18472 18472 D InputMethodManager: getNavigationBarColor() -855310
07-05 15:58:56.967 18472 18472 V InputMethodManager: Starting input: tba=com.example.edgesum ic=null mNaviBarColor -855310 mIsGetNaviBarColorSuccess true , NavVisible : true , NavTrans : false
07-05 15:58:56.968 18472 18472 D InputMethodManager: startInputInner - Id : 0
07-05 15:59:01.028 18472 18472 D ViewRootImpl@25a3d92[MainActivity]: ViewPostIme pointer 0
07-05 15:59:01.118 18472 18472 D ViewRootImpl@25a3d92[MainActivity]: ViewPostIme pointer 1
07-05 15:59:01.139 18472 18472 V MainActivity: Connect button clicked
07-05 15:59:02.495 18472 18472 D ViewRootImpl@25a3d92[MainActivity]: ViewPostIme pointer 0
07-05 15:59:02.585 18472 18472 D ViewRootImpl@25a3d92[MainActivity]: ViewPostIme pointer 1
07-05 15:59:02.593 18472 18472 V ConnectionFragment: Auto-send switch checked
07-05 15:59:02.623 18472 18472 W NearbyFragment: Preferences:
07-05 15:59:02.623 18472 18472 W NearbyFragment:   Auto download: true
07-05 15:59:02.623 18472 18472 W NearbyFragment:   Algorithm: best
07-05 15:59:02.623 18472 18472 W NearbyFragment:   Fast scheduling: true
07-05 15:59:02.623 18472 18472 W NearbyFragment:   Segmentation: false
07-05 15:59:02.623 18472 18472 W NearbyFragment:   Auto segmentation: false
07-05 15:59:02.623 18472 18472 W NearbyFragment:   Segment number: 4
07-05 15:59:02.623 18472 18472 W NearbyFragment:   Noise tolerance: 45.00
07-05 15:59:02.623 18472 18472 W NearbyFragment:   Quality: 23
07-05 15:59:02.623 18472 18472 W NearbyFragment:   Speed: medium
07-05 15:59:02.623 18472 18472 W NearbyFragment:   Freeze duration: 1.00
07-05 15:59:02.623 18472 18472 W NearbyFragment: Download delay: 1s
07-05 15:59:02.623 18472 18472 W NearbyFragment: Started downloading from dashcam
07-05 15:59:02.626 18472 18521 V DownloadTestVideosTask: Starting DownloadTestVideosTask
07-05 15:59:02.637 18472 18521 V DashDownloadManager: Started downloading: 20200312_150643.mp4
07-05 15:59:02.648 18472 18521 D NetworkSecurityConfig: No Network Security Config specified, using platform default
07-05 15:59:02.652 18472 18521 I System.out: (HTTPLog)-Static: isSBSettingEnabled false
07-05 15:59:02.655 18472 18521 I System.out: (HTTPLog)-Static: isSBSettingEnabled false
07-05 15:59:02.660 18472 18521 D TcpOptimizer: TcpOptimizer-ON
07-05 15:59:02.680 18472 18521 I System.out: (HTTPLog)-Thread-1485-54890488: getTransferStream : ContentLength=69990400, method=GET, HTTPVersion=http/1.1
07-05 15:59:11.648 18472 18472 D ViewRootImpl@25a3d92[MainActivity]: ViewPostIme pointer 0
07-05 15:59:11.711 18472 18472 D ViewRootImpl@25a3d92[MainActivity]: ViewPostIme pointer 1
07-05 15:59:11.719 18472 18472 V MainActivity: Navigation summarised button clicked
07-05 15:59:11.727 18472 18472 W example.edgesu: Accessing hidden method Landroid/view/View;->getTransitionAlpha()F (light greylist, linking)
07-05 15:59:11.727 18472 18472 W example.edgesu: Accessing hidden method Landroid/view/View;->setTransitionAlpha(F)V (light greylist, linking)
07-05 15:59:11.727 18472 18472 W example.edgesu: Accessing hidden method Landroid/view/View;->setAnimationMatrix(Landroid/graphics/Matrix;)V (light greylist, linking)
07-05 15:59:11.727 18472 18472 W example.edgesu: Accessing hidden method Landroid/view/View;->transformMatrixToGlobal(Landroid/graphics/Matrix;)V (light greylist, linking)
07-05 15:59:11.728 18472 18472 W example.edgesu: Accessing hidden method Landroid/view/View;->transformMatrixToLocal(Landroid/graphics/Matrix;)V (light greylist, linking)
07-05 15:59:11.728 18472 18472 W example.edgesu: Accessing hidden method Landroid/view/View;->setLeftTopRightBottom(IIII)V (light greylist, linking)
07-05 15:59:11.728 18472 18472 W example.edgesu: Accessing hidden method Landroid/view/View;->setTransitionVisibility(I)V (dark greylist, linking)
07-05 15:59:11.774 18472 18472 W StaticLayout: maxLineHeight should not be -1.  maxLines:1 lineCount:1
07-05 15:59:11.780 18472 18472 W StaticLayout: maxLineHeight should not be -1.  maxLines:1 lineCount:1
07-05 15:59:11.793 18472 18472 W example.edgesu: Accessing hidden field Landroid/view/View;->mViewFlags:I (light greylist, reflection)
07-05 15:59:11.796 18472 18472 W example.edgesu: Accessing hidden method Landroid/view/ViewGroup;->suppressLayout(Z)V (light greylist, linking)
07-05 15:59:11.800 18472 18472 D skia    : approximate: numPoints=2, lengths[0]=0.000000, totalLength=4.000000, segmentPoints[0]=[96.000000,12.000000]
07-05 15:59:11.800 18472 18472 D skia    : approximate: approximation[0]=0.000000, approximation[1]=96.000000, approximation[2]=12.000000
07-05 15:59:11.800 18472 18472 D skia    : approximate: numPoints=2, lengths[1]=4.000000, totalLength=4.000000, segmentPoints[1]=[96.000000,16.000000]
07-05 15:59:11.800 18472 18472 D skia    : approximate: approximation[3]=1.000000, approximation[4]=96.000000, approximation[5]=16.000000
07-05 15:59:11.801 18472 18472 D skia    : approximate: numPoints=2, lengths[0]=0.000000, totalLength=4.000000, segmentPoints[0]=[96.000000,16.000000]
07-05 15:59:11.801 18472 18472 D skia    : approximate: approximation[0]=0.000000, approximation[1]=96.000000, approximation[2]=16.000000
07-05 15:59:11.801 18472 18472 D skia    : approximate: numPoints=2, lengths[1]=4.000000, totalLength=4.000000, segmentPoints[1]=[96.000000,12.000000]
07-05 15:59:11.801 18472 18472 D skia    : approximate: approximation[3]=1.000000, approximation[4]=96.000000, approximation[5]=12.000000
07-05 15:59:19.381 18472 18521 V VideoManager: Retrieving video from /storage/emulated/0/Movies/raw/20200312_150643.mp4
07-05 15:59:19.416 18472 18521 D VideoManager: videoCursor is null
07-05 15:59:19.496 18472 18521 V VideoManager: videoFromCursor
07-05 15:59:19.508 18472 18521 W DashDownloadManager: Successfully downloaded 20200312_150643.mp4 in 16.725s
07-05 15:59:19.515 18472 18521 V DownloadTestVideosTask: Entering callback for download completion of 20200312_150643.mp4
07-05 15:59:19.520 18472 18521 V ProcessingVideosEventHandler: onAdd
07-05 15:59:19.553 18472 18611 V SummariserIntentService: onHandleIntent
07-05 15:59:19.554 18472 18611 D SummariserIntentService: Video{id='138072', data='/storage/emulated/0/Movies/raw/20200312_150643.mp4', name='20200312_150643.mp4', size=69990400, visible=true, mimeType='video/mp4'}
07-05 15:59:19.554 18472 18611 D SummariserIntentService: /storage/emulated/0/Movies/summarised/20200312_150643.mp4
07-05 15:59:19.583 18472 18611 I mobile-ffmpeg: Loading mobile-ffmpeg.
07-05 15:59:19.685 18472 18611 I mobile-ffmpeg: Loaded mobile-ffmpeg-full-gpl-arm64-v8a-4.3.2-20200415.
07-05 15:59:19.702 18472 18612 D mobile-ffmpeg: Callback thread started.
07-05 15:59:19.715 18472 18612 W mobile-ffmpeg: [mov,mp4,m4a,3gp,3g2,mj2 @ 0x779b2fe000] Found duplicated MOOV Atom. Skipped it
07-05 15:59:19.955 18472 18612 W mobile-ffmpeg: [graph 0 input from stream 0:0 @ 0x779b5e1900] sws_param option is deprecated and ignored
07-05 15:59:20.557 18472 18521 V DownloadTestVideosTask: Starting DownloadTestVideosTask
07-05 15:59:20.559 18472 18521 V DashDownloadManager: Started downloading: 20200312_150744.mp4
07-05 15:59:20.561 18472 18521 I System.out: (HTTPLog)-Static: isSBSettingEnabled false
07-05 15:59:20.561 18472 18521 I System.out: (HTTPLog)-Static: isSBSettingEnabled false
07-05 15:59:20.571 18472 18521 I System.out: (HTTPLog)-Thread-1485-232817516: getTransferStream : ContentLength=69990400, method=GET, HTTPVersion=http/1.1
07-05 15:59:30.828 18472 18611 W Summariser: No activity detected
07-05 15:59:30.831 18472 18611 V FfmpegTools: Retrieving duration of /storage/emulated/0/Movies/raw/20200312_150643.mp4
07-05 15:59:30.834 18472 18612 W mobile-ffmpeg: [mov,mp4,m4a,3gp,3g2,mj2 @ 0x779b2fe000] Found duplicated MOOV Atom. Skipped it
07-05 15:59:30.887 18472 18611 W Summariser: Summarisation completed
07-05 15:59:30.887 18472 18611 W Summariser:   filename: 20200312_150643.mp4
07-05 15:59:30.887 18472 18611 W Summariser:   active sections: 0
07-05 15:59:30.887 18472 18611 W Summariser:   time: 11.262s
07-05 15:59:30.887 18472 18611 W Summariser:   original duration: 60.02
07-05 15:59:30.887 18472 18611 W Summariser:   summarised duration: -1.00
07-05 15:59:30.887 18472 18611 W Summariser:   noise tolerance: 45.00
07-05 15:59:30.887 18472 18611 W Summariser:   quality: 23
07-05 15:59:30.887 18472 18611 W Summariser:   speed: medium
07-05 15:59:30.887 18472 18611 W Summariser:   freeze duration: 1.00
07-05 15:59:30.887 18472 18611 V ProcessingVideosEventHandler: onRemove
07-05 15:59:31.061 18472 18485 D SummariserIntentService: Scanned /storage/emulated/0/Movies/summarised
07-05 15:59:31.061 18472 18485 D SummariserIntentService:   -> uri=content://media/external/file/138071
07-05 15:59:34.443 18472 18521 V VideoManager: Retrieving video from /storage/emulated/0/Movies/raw/20200312_150744.mp4
07-05 15:59:34.460 18472 18521 D VideoManager: videoCursor is null
07-05 15:59:34.530 18472 18521 V VideoManager: videoFromCursor
07-05 15:59:34.539 18472 18521 W DashDownloadManager: Successfully downloaded 20200312_150744.mp4 in 13.882s
07-05 15:59:34.540 18472 18521 V DownloadTestVideosTask: Entering callback for download completion of 20200312_150744.mp4
07-05 15:59:34.541 18472 18521 V ProcessingVideosEventHandler: onAdd
07-05 15:59:34.568 18472 18692 V SummariserIntentService: onHandleIntent
07-05 15:59:34.570 18472 18692 D SummariserIntentService: Video{id='138073', data='/storage/emulated/0/Movies/raw/20200312_150744.mp4', name='20200312_150744.mp4', size=69990400, visible=true, mimeType='video/mp4'}
07-05 15:59:34.570 18472 18692 D SummariserIntentService: /storage/emulated/0/Movies/summarised/20200312_150744.mp4
07-05 15:59:34.583 18472 18612 W mobile-ffmpeg: [mov,mp4,m4a,3gp,3g2,mj2 @ 0x779b2fe000] Found duplicated MOOV Atom. Skipped it
07-05 15:59:34.722 18472 18612 W mobile-ffmpeg: [graph 0 input from stream 0:0 @ 0x779b5e1900] sws_param option is deprecated and ignored
07-05 15:59:35.567 18472 18521 V DownloadTestVideosTask: Starting DownloadTestVideosTask
07-05 15:59:35.569 18472 18521 V DashDownloadManager: Started downloading: 20200312_150844.mp4
07-05 15:59:35.571 18472 18521 I System.out: (HTTPLog)-Static: isSBSettingEnabled false
07-05 15:59:35.571 18472 18521 I System.out: (HTTPLog)-Static: isSBSettingEnabled false
07-05 15:59:35.576 18472 18521 I System.out: (HTTPLog)-Thread-1485-49849494: getTransferStream : ContentLength=69990400, method=GET, HTTPVersion=http/1.1
07-05 15:59:45.618 18472 18692 V FfmpegTools: Retrieving duration of /storage/emulated/0/Movies/raw/20200312_150744.mp4
07-05 15:59:45.622 18472 18612 W mobile-ffmpeg: [mov,mp4,m4a,3gp,3g2,mj2 @ 0x779b2fe000] Found duplicated MOOV Atom. Skipped it
07-05 15:59:45.661 18472 18692 W Summariser: 1 active sections found
07-05 15:59:45.661 18472 18692 I FfmpegTools: Running ffmpeg with:
07-05 15:59:45.661 18472 18692 I FfmpegTools:   -y -i /storage/emulated/0/Movies/raw/20200312_150744.mp4 -filter_complex [0:v]trim=55.250000:60.020000,setpts=PTS-STARTPTS[v0];[0:a]atrim=55.250000:60.020000,asetpts=PTS-STARTPTS[a0];[v0][a0]concat=n=1:v=1:a=1[outv][outa] -map [outv] -map [outa] -crf 23 -preset medium /storage/emulated/0/Movies/summarised/20200312_150744.mp4
07-05 15:59:45.666 18472 18612 W mobile-ffmpeg: [mov,mp4,m4a,3gp,3g2,mj2 @ 0x779b2fe000] Found duplicated MOOV Atom. Skipped it
07-05 15:59:45.720 18472 18612 W mobile-ffmpeg: [graph 0 input from stream 0:0 @ 0x779b5e13c0] sws_param option is deprecated and ignored
07-05 15:59:49.368 18472 18521 V VideoManager: Retrieving video from /storage/emulated/0/Movies/raw/20200312_150844.mp4
07-05 15:59:49.386 18472 18521 D VideoManager: videoCursor is null
07-05 15:59:49.456 18472 18521 V VideoManager: videoFromCursor
07-05 15:59:49.459 18472 18521 W DashDownloadManager: Successfully downloaded 20200312_150844.mp4 in 13.798s
07-05 15:59:49.459 18472 18521 V DownloadTestVideosTask: Entering callback for download completion of 20200312_150844.mp4
07-05 15:59:49.460 18472 18521 V ProcessingVideosEventHandler: onAdd
07-05 15:59:50.463 18472 18521 V DownloadTestVideosTask: Starting DownloadTestVideosTask
07-05 15:59:50.465 18472 18521 V DashDownloadManager: Started downloading: 20200312_150944.mp4
07-05 15:59:50.467 18472 18521 I System.out: (HTTPLog)-Static: isSBSettingEnabled false
07-05 15:59:50.467 18472 18521 I System.out: (HTTPLog)-Static: isSBSettingEnabled false
07-05 15:59:50.472 18472 18521 I System.out: (HTTPLog)-Thread-1485-29742084: getTransferStream : ContentLength=69990400, method=GET, HTTPVersion=http/1.1
07-05 16:00:01.049 18472 18692 V FfmpegTools: Retrieving duration of /storage/emulated/0/Movies/raw/20200312_150744.mp4
07-05 16:00:01.053 18472 18612 W mobile-ffmpeg: [mov,mp4,m4a,3gp,3g2,mj2 @ 0x779b2fe000] Found duplicated MOOV Atom. Skipped it
07-05 16:00:01.085 18472 18692 V FfmpegTools: Retrieving duration of /storage/emulated/0/Movies/summarised/20200312_150744.mp4
07-05 16:00:01.110 18472 18692 W Summariser: Summarisation completed
07-05 16:00:01.110 18472 18692 W Summariser:   filename: 20200312_150744.mp4
07-05 16:00:01.110 18472 18692 W Summariser:   active sections: 1
07-05 16:00:01.110 18472 18692 W Summariser:   time: 26.474s
07-05 16:00:01.110 18472 18692 W Summariser:   original duration: 60.02
07-05 16:00:01.110 18472 18692 W Summariser:   summarised duration: 4.83
07-05 16:00:01.110 18472 18692 W Summariser:   noise tolerance: 45.00
07-05 16:00:01.110 18472 18692 W Summariser:   quality: 23
07-05 16:00:01.110 18472 18692 W Summariser:   speed: medium
07-05 16:00:01.110 18472 18692 W Summariser:   freeze duration: 1.00
07-05 16:00:01.110 18472 18692 V VideoManager: Retrieving video from /storage/emulated/0/Movies/summarised/20200312_150744.mp4
07-05 16:00:01.120 18472 18692 D VideoManager: videoCursor is null
07-05 16:00:01.167 18472 18692 V VideoManager: videoFromCursor
07-05 16:00:01.169 18472 18692 V SummarisedVideosEventHandler: onAdd
07-05 16:00:01.170 18472 18692 V ProcessingVideosEventHandler: onRemove
07-05 16:00:01.180 18472 18692 V SummariserIntentService: onHandleIntent
07-05 16:00:01.180 18472 18692 D SummariserIntentService: Video{id='138074', data='/storage/emulated/0/Movies/raw/20200312_150844.mp4', name='20200312_150844.mp4', size=69990400, visible=true, mimeType='video/mp4'}
07-05 16:00:01.180 18472 18692 D SummariserIntentService: /storage/emulated/0/Movies/summarised/20200312_150844.mp4
07-05 16:00:01.185 18472 18612 W mobile-ffmpeg: [mov,mp4,m4a,3gp,3g2,mj2 @ 0x779b2fe000] Found duplicated MOOV Atom. Skipped it
07-05 16:00:01.291 18472 18612 W mobile-ffmpeg: [graph 0 input from stream 0:0 @ 0x779b5e1240] sws_param option is deprecated and ignored
07-05 16:00:01.981 18472 18837 D SummariserIntentService: Scanned /storage/emulated/0/Movies/summarised
07-05 16:00:01.981 18472 18837 D SummariserIntentService:   -> uri=content://media/external/file/138071
07-05 16:00:04.554 18472 18521 V VideoManager: Retrieving video from /storage/emulated/0/Movies/raw/20200312_150944.mp4
07-05 16:00:04.581 18472 18521 D VideoManager: videoCursor is null
07-05 16:00:04.623 18472 18521 V VideoManager: videoFromCursor
07-05 16:00:04.626 18472 18521 W DashDownloadManager: Successfully downloaded 20200312_150944.mp4 in 14.088s
07-05 16:00:04.626 18472 18521 V DownloadTestVideosTask: Entering callback for download completion of 20200312_150944.mp4
07-05 16:00:04.627 18472 18521 V ProcessingVideosEventHandler: onAdd
07-05 16:00:05.637 18472 18521 V DownloadTestVideosTask: Starting DownloadTestVideosTask
07-05 16:00:05.639 18472 18521 V DashDownloadManager: Started downloading: 20200312_151044.mp4
07-05 16:00:05.642 18472 18521 I System.out: (HTTPLog)-Static: isSBSettingEnabled false
07-05 16:00:05.643 18472 18521 I System.out: (HTTPLog)-Static: isSBSettingEnabled false
07-05 16:00:05.657 18472 18521 I System.out: (HTTPLog)-Thread-1485-181534987: getTransferStream : ContentLength=69990400, method=GET, HTTPVersion=http/1.1
07-05 16:00:10.122 18472 18692 D Summariser: No freeze file
07-05 16:00:10.122 18472 18692 W Summariser: Whole video is active
07-05 16:00:12.022 18472 18692 V FfmpegTools: Retrieving duration of /storage/emulated/0/Movies/raw/20200312_150844.mp4
07-05 16:00:12.025 18472 18612 W mobile-ffmpeg: [mov,mp4,m4a,3gp,3g2,mj2 @ 0x779b2fe000] Found duplicated MOOV Atom. Skipped it
07-05 16:00:12.074 18472 18692 V FfmpegTools: Retrieving duration of /storage/emulated/0/Movies/summarised/20200312_150844.mp4
07-05 16:00:12.077 18472 18612 W mobile-ffmpeg: [mov,mp4,m4a,3gp,3g2,mj2 @ 0x779b2fe000] Found duplicated MOOV Atom. Skipped it
07-05 16:00:12.121 18472 18692 W Summariser: Summarisation completed
07-05 16:00:12.121 18472 18692 W Summariser:   filename: 20200312_150844.mp4
07-05 16:00:12.121 18472 18692 W Summariser:   active sections: -1
07-05 16:00:12.121 18472 18692 W Summariser:   time: 10.840s
07-05 16:00:12.121 18472 18692 W Summariser:   original duration: 60.02
07-05 16:00:12.121 18472 18692 W Summariser:   summarised duration: 60.02
07-05 16:00:12.121 18472 18692 W Summariser:   noise tolerance: 45.00
07-05 16:00:12.121 18472 18692 W Summariser:   quality: 23
07-05 16:00:12.121 18472 18692 W Summariser:   speed: medium
07-05 16:00:12.121 18472 18692 W Summariser:   freeze duration: 1.00
07-05 16:00:12.121 18472 18692 V VideoManager: Retrieving video from /storage/emulated/0/Movies/summarised/20200312_150844.mp4
07-05 16:00:12.125 18472 18692 D VideoManager: videoCursor is null
07-05 16:00:12.163 18472 18692 V VideoManager: videoFromCursor
07-05 16:00:12.165 18472 18692 V SummarisedVideosEventHandler: onAdd
07-05 16:00:12.165 18472 18692 V ProcessingVideosEventHandler: onRemove
07-05 16:00:12.172 18472 18692 V SummariserIntentService: onHandleIntent
07-05 16:00:12.172 18472 18692 D SummariserIntentService: Video{id='138076', data='/storage/emulated/0/Movies/raw/20200312_150944.mp4', name='20200312_150944.mp4', size=69990400, visible=true, mimeType='video/mp4'}
07-05 16:00:12.172 18472 18692 D SummariserIntentService: /storage/emulated/0/Movies/summarised/20200312_150944.mp4
07-05 16:00:12.178 18472 18612 W mobile-ffmpeg: [mov,mp4,m4a,3gp,3g2,mj2 @ 0x779b2fe000] Found duplicated MOOV Atom. Skipped it
07-05 16:00:12.255 18472 18612 W mobile-ffmpeg: [graph 0 input from stream 0:0 @ 0x779b5e16c0] sws_param option is deprecated and ignored
07-05 16:00:12.534 18472 18486 D SummariserIntentService: Scanned /storage/emulated/0/Movies/summarised
07-05 16:00:12.534 18472 18486 D SummariserIntentService:   -> uri=content://media/external/file/138071
07-05 16:00:19.732 18472 18521 V VideoManager: Retrieving video from /storage/emulated/0/Movies/raw/20200312_151044.mp4
07-05 16:00:19.762 18472 18521 D VideoManager: videoCursor is null
07-05 16:00:19.847 18472 18521 V VideoManager: videoFromCursor
07-05 16:00:19.853 18472 18521 W DashDownloadManager: Successfully downloaded 20200312_151044.mp4 in 14.092s
07-05 16:00:19.853 18472 18521 V DownloadTestVideosTask: Entering callback for download completion of 20200312_151044.mp4
07-05 16:00:19.853 18472 18521 V ProcessingVideosEventHandler: onAdd
07-05 16:00:20.880 18472 18521 V DownloadTestVideosTask: Starting DownloadTestVideosTask
07-05 16:00:20.882 18472 18521 V DashDownloadManager: Started downloading: 20200312_193528.mp4
07-05 16:00:20.884 18472 18521 I System.out: (HTTPLog)-Static: isSBSettingEnabled false
07-05 16:00:20.884 18472 18521 I System.out: (HTTPLog)-Static: isSBSettingEnabled false
07-05 16:00:20.898 18472 18521 I System.out: (HTTPLog)-Thread-1485-24678317: getTransferStream : ContentLength=69990400, method=GET, HTTPVersion=http/1.1
07-05 16:00:21.659 18472 18692 W Summariser: 1 active sections found
07-05 16:00:21.660 18472 18692 I FfmpegTools: Running ffmpeg with:
07-05 16:00:21.660 18472 18692 I FfmpegTools:   -y -i /storage/emulated/0/Movies/raw/20200312_150944.mp4 -filter_complex [0:v]trim=0.000000:7.006000,setpts=PTS-STARTPTS[v0];[0:a]atrim=0.000000:7.006000,asetpts=PTS-STARTPTS[a0];[v0][a0]concat=n=1:v=1:a=1[outv][outa] -map [outv] -map [outa] -crf 23 -preset medium /storage/emulated/0/Movies/summarised/20200312_150944.mp4
07-05 16:00:21.665 18472 18612 W mobile-ffmpeg: [mov,mp4,m4a,3gp,3g2,mj2 @ 0x779b2fe000] Found duplicated MOOV Atom. Skipped it
07-05 16:00:21.729 18472 18612 W mobile-ffmpeg: [graph 0 input from stream 0:0 @ 0x779b5e1180] sws_param option is deprecated and ignored
07-05 16:00:30.956 18472 18692 V FfmpegTools: Retrieving duration of /storage/emulated/0/Movies/raw/20200312_150944.mp4
07-05 16:00:30.959 18472 18612 W mobile-ffmpeg: [mov,mp4,m4a,3gp,3g2,mj2 @ 0x779b2fe000] Found duplicated MOOV Atom. Skipped it
07-05 16:00:31.005 18472 18692 V FfmpegTools: Retrieving duration of /storage/emulated/0/Movies/summarised/20200312_150944.mp4
07-05 16:00:31.033 18472 18692 W Summariser: Summarisation completed
07-05 16:00:31.033 18472 18692 W Summariser:   filename: 20200312_150944.mp4
07-05 16:00:31.033 18472 18692 W Summariser:   active sections: 1
07-05 16:00:31.033 18472 18692 W Summariser:   time: 18.783s
07-05 16:00:31.033 18472 18692 W Summariser:   original duration: 60.02
07-05 16:00:31.033 18472 18692 W Summariser:   summarised duration: 7.07
07-05 16:00:31.033 18472 18692 W Summariser:   noise tolerance: 45.00
07-05 16:00:31.033 18472 18692 W Summariser:   quality: 23
07-05 16:00:31.033 18472 18692 W Summariser:   speed: medium
07-05 16:00:31.033 18472 18692 W Summariser:   freeze duration: 1.00
07-05 16:00:31.033 18472 18692 V VideoManager: Retrieving video from /storage/emulated/0/Movies/summarised/20200312_150944.mp4
07-05 16:00:31.047 18472 18692 D VideoManager: videoCursor is null
07-05 16:00:31.095 18472 18692 V VideoManager: videoFromCursor
07-05 16:00:31.098 18472 18692 V SummarisedVideosEventHandler: onAdd
07-05 16:00:31.098 18472 18692 V ProcessingVideosEventHandler: onRemove
07-05 16:00:31.114 18472 18692 V SummariserIntentService: onHandleIntent
07-05 16:00:31.114 18472 18692 D SummariserIntentService: Video{id='138078', data='/storage/emulated/0/Movies/raw/20200312_151044.mp4', name='20200312_151044.mp4', size=69990400, visible=true, mimeType='video/mp4'}
07-05 16:00:31.114 18472 18692 D SummariserIntentService: /storage/emulated/0/Movies/summarised/20200312_151044.mp4
07-05 16:00:31.121 18472 18612 W mobile-ffmpeg: [mov,mp4,m4a,3gp,3g2,mj2 @ 0x779b2fe000] Found duplicated MOOV Atom. Skipped it
07-05 16:00:31.236 18472 18612 W mobile-ffmpeg: [graph 0 input from stream 0:0 @ 0x779b5e1600] sws_param option is deprecated and ignored
07-05 16:00:31.601 18472 18485 D SummariserIntentService: Scanned /storage/emulated/0/Movies/summarised
07-05 16:00:31.601 18472 18485 D SummariserIntentService:   -> uri=content://media/external/file/138071
07-05 16:00:34.959 18472 18521 V VideoManager: Retrieving video from /storage/emulated/0/Movies/raw/20200312_193528.mp4
07-05 16:00:34.971 18472 18521 D VideoManager: videoCursor is null
07-05 16:00:35.024 18472 18521 V VideoManager: videoFromCursor
07-05 16:00:35.027 18472 18521 W DashDownloadManager: Successfully downloaded 20200312_193528.mp4 in 14.077s
07-05 16:00:35.027 18472 18521 V DownloadTestVideosTask: Entering callback for download completion of 20200312_193528.mp4
07-05 16:00:35.028 18472 18521 V ProcessingVideosEventHandler: onAdd
07-05 16:00:36.037 18472 18521 V DownloadTestVideosTask: Starting DownloadTestVideosTask
07-05 16:00:36.039 18472 18521 V DashDownloadManager: Started downloading: 20200312_193628.mp4
07-05 16:00:36.041 18472 18521 I System.out: (HTTPLog)-Static: isSBSettingEnabled false
07-05 16:00:36.041 18472 18521 I System.out: (HTTPLog)-Static: isSBSettingEnabled false
07-05 16:00:36.089 18472 18521 I System.out: (HTTPLog)-Thread-1485-102818239: getTransferStream : ContentLength=69990400, method=GET, HTTPVersion=http/1.1
07-05 16:00:39.973 18472 18692 W Summariser: No activity detected
07-05 16:00:39.974 18472 18692 V FfmpegTools: Retrieving duration of /storage/emulated/0/Movies/raw/20200312_151044.mp4
07-05 16:00:39.977 18472 18612 W mobile-ffmpeg: [mov,mp4,m4a,3gp,3g2,mj2 @ 0x779b2fe000] Found duplicated MOOV Atom. Skipped it
07-05 16:00:40.012 18472 18692 W Summariser: Summarisation completed
07-05 16:00:40.012 18472 18692 W Summariser:   filename: 20200312_151044.mp4
07-05 16:00:40.012 18472 18692 W Summariser:   active sections: 0
07-05 16:00:40.012 18472 18692 W Summariser:   time: 08.858s
07-05 16:00:40.012 18472 18692 W Summariser:   original duration: 60.02
07-05 16:00:40.012 18472 18692 W Summariser:   summarised duration: -1.00
07-05 16:00:40.012 18472 18692 W Summariser:   noise tolerance: 45.00
07-05 16:00:40.012 18472 18692 W Summariser:   quality: 23
07-05 16:00:40.012 18472 18692 W Summariser:   speed: medium
07-05 16:00:40.012 18472 18692 W Summariser:   freeze duration: 1.00
07-05 16:00:40.012 18472 18692 V ProcessingVideosEventHandler: onRemove
07-05 16:00:40.021 18472 18692 V SummariserIntentService: onHandleIntent
07-05 16:00:40.021 18472 18692 D SummariserIntentService: Video{id='138080', data='/storage/emulated/0/Movies/raw/20200312_193528.mp4', name='20200312_193528.mp4', size=69990400, visible=true, mimeType='video/mp4'}
07-05 16:00:40.021 18472 18692 D SummariserIntentService: /storage/emulated/0/Movies/summarised/20200312_193528.mp4
07-05 16:00:40.025 18472 18612 W mobile-ffmpeg: [mov,mp4,m4a,3gp,3g2,mj2 @ 0x779b2fe000] Found duplicated MOOV Atom. Skipped it
07-05 16:00:40.097 18472 18612 W mobile-ffmpeg: [graph 0 input from stream 0:0 @ 0x779b5e1180] sws_param option is deprecated and ignored
07-05 16:00:40.115 18472 18485 D SummariserIntentService: Scanned /storage/emulated/0/Movies/summarised
07-05 16:00:40.115 18472 18485 D SummariserIntentService:   -> uri=content://media/external/file/138071
07-05 16:00:48.219 18472 18692 W Summariser: No activity detected
07-05 16:00:48.222 18472 18692 V FfmpegTools: Retrieving duration of /storage/emulated/0/Movies/raw/20200312_193528.mp4
07-05 16:00:48.225 18472 18612 W mobile-ffmpeg: [mov,mp4,m4a,3gp,3g2,mj2 @ 0x779b2fe000] Found duplicated MOOV Atom. Skipped it
07-05 16:00:48.256 18472 18692 W Summariser: Summarisation completed
07-05 16:00:48.256 18472 18692 W Summariser:   filename: 20200312_193528.mp4
07-05 16:00:48.256 18472 18692 W Summariser:   active sections: 0
07-05 16:00:48.256 18472 18692 W Summariser:   time: 08.199s
07-05 16:00:48.256 18472 18692 W Summariser:   original duration: 60.05
07-05 16:00:48.256 18472 18692 W Summariser:   summarised duration: -1.00
07-05 16:00:48.256 18472 18692 W Summariser:   noise tolerance: 45.00
07-05 16:00:48.256 18472 18692 W Summariser:   quality: 23
07-05 16:00:48.256 18472 18692 W Summariser:   speed: medium
07-05 16:00:48.256 18472 18692 W Summariser:   freeze duration: 1.00
07-05 16:00:48.257 18472 18692 V ProcessingVideosEventHandler: onRemove
07-05 16:00:48.323 18472 18485 D SummariserIntentService: Scanned /storage/emulated/0/Movies/summarised
07-05 16:00:48.323 18472 18485 D SummariserIntentService:   -> uri=content://media/external/file/138071
07-05 16:00:49.957 18472 18521 V VideoManager: Retrieving video from /storage/emulated/0/Movies/raw/20200312_193628.mp4
07-05 16:00:49.967 18472 18521 D VideoManager: videoCursor is null
07-05 16:00:50.011 18472 18521 V VideoManager: videoFromCursor
07-05 16:00:50.015 18472 18521 W DashDownloadManager: Successfully downloaded 20200312_193628.mp4 in 13.917s
07-05 16:00:50.016 18472 18521 V DownloadTestVideosTask: Entering callback for download completion of 20200312_193628.mp4
07-05 16:00:50.016 18472 18521 V ProcessingVideosEventHandler: onAdd
07-05 16:00:50.041 18472 19176 V SummariserIntentService: onHandleIntent
07-05 16:00:50.042 18472 19176 D SummariserIntentService: Video{id='138081', data='/storage/emulated/0/Movies/raw/20200312_193628.mp4', name='20200312_193628.mp4', size=69990400, visible=true, mimeType='video/mp4'}
07-05 16:00:50.042 18472 19176 D SummariserIntentService: /storage/emulated/0/Movies/summarised/20200312_193628.mp4
07-05 16:00:50.054 18472 18612 W mobile-ffmpeg: [mov,mp4,m4a,3gp,3g2,mj2 @ 0x779b2fe000] Found duplicated MOOV Atom. Skipped it
07-05 16:00:50.174 18472 18612 W mobile-ffmpeg: [graph 0 input from stream 0:0 @ 0x779b5e19c0] sws_param option is deprecated and ignored
07-05 16:00:51.024 18472 18521 V DownloadTestVideosTask: Starting DownloadTestVideosTask
07-05 16:00:51.026 18472 18521 V DashDownloadManager: Started downloading: 20200312_193728.mp4
07-05 16:00:51.027 18472 18521 I System.out: (HTTPLog)-Static: isSBSettingEnabled false
07-05 16:00:51.027 18472 18521 I System.out: (HTTPLog)-Static: isSBSettingEnabled false
07-05 16:00:51.040 18472 18521 I System.out: (HTTPLog)-Thread-1485-249776567: getTransferStream : ContentLength=69990400, method=GET, HTTPVersion=http/1.1
07-05 16:00:57.868 18472 19176 V FfmpegTools: Retrieving duration of /storage/emulated/0/Movies/raw/20200312_193628.mp4
07-05 16:00:57.870 18472 18612 W mobile-ffmpeg: [mov,mp4,m4a,3gp,3g2,mj2 @ 0x779b2fe000] Found duplicated MOOV Atom. Skipped it
07-05 16:00:57.906 18472 18481 W System  : A resource failed to call close. 
07-05 16:00:57.906 18472 18481 W System  : A resource failed to call close. 
07-05 16:00:57.911 18472 19176 W Summariser: 1 active sections found
07-05 16:00:57.911 18472 18481 W System  : A resource failed to call close. 
07-05 16:00:57.911 18472 18481 W System  : A resource failed to call close. 
07-05 16:00:57.911 18472 19176 I FfmpegTools: Running ffmpeg with:
07-05 16:00:57.911 18472 19176 I FfmpegTools:   -y -i /storage/emulated/0/Movies/raw/20200312_193628.mp4 -filter_complex [0:v]trim=54.016000:60.020000,setpts=PTS-STARTPTS[v0];[0:a]atrim=54.016000:60.020000,asetpts=PTS-STARTPTS[a0];[v0][a0]concat=n=1:v=1:a=1[outv][outa] -map [outv] -map [outa] -crf 23 -preset medium /storage/emulated/0/Movies/summarised/20200312_193628.mp4
07-05 16:00:57.914 18472 18481 W System  : A resource failed to call close. 
07-05 16:00:57.915 18472 18612 W mobile-ffmpeg: [mov,mp4,m4a,3gp,3g2,mj2 @ 0x779b2fe000] Found duplicated MOOV Atom. Skipped it
07-05 16:00:57.921 18472 18481 W System  : A resource failed to call close. 
07-05 16:00:57.924 18472 18481 I chatty  : uid=10568(com.example.edgesum) FinalizerDaemon identical 1 line
07-05 16:00:57.928 18472 18481 W System  : A resource failed to call close. 
07-05 16:00:57.930 18472 18481 W System  : A resource failed to call close. 
07-05 16:00:57.931 18472 18481 W System  : A resource failed to call close. 
07-05 16:00:57.933 18472 18481 W System  : A resource failed to call close. 
07-05 16:00:57.935 18472 18481 W System  : A resource failed to call close. 
07-05 16:00:57.936 18472 18481 I chatty  : uid=10568(com.example.edgesum) FinalizerDaemon identical 2 lines
07-05 16:00:57.940 18472 18481 W System  : A resource failed to call close. 
07-05 16:00:57.991 18472 18612 W mobile-ffmpeg: [graph 0 input from stream 0:0 @ 0x779b5e1240] sws_param option is deprecated and ignored
07-05 16:01:05.206 18472 18521 V VideoManager: Retrieving video from /storage/emulated/0/Movies/raw/20200312_193728.mp4
07-05 16:01:05.220 18472 18521 D VideoManager: videoCursor is null
07-05 16:01:05.266 18472 18521 V VideoManager: videoFromCursor
07-05 16:01:05.269 18472 18521 W DashDownloadManager: Successfully downloaded 20200312_193728.mp4 in 14.180s
07-05 16:01:05.269 18472 18521 V DownloadTestVideosTask: Entering callback for download completion of 20200312_193728.mp4
07-05 16:01:05.270 18472 18521 V ProcessingVideosEventHandler: onAdd
07-05 16:01:06.273 18472 18521 V DownloadTestVideosTask: Starting DownloadTestVideosTask
07-05 16:01:06.275 18472 18521 V DashDownloadManager: Started downloading: 20200312_193828.mp4
07-05 16:01:06.281 18472 18521 I System.out: (HTTPLog)-Static: isSBSettingEnabled false
07-05 16:01:06.281 18472 18521 I System.out: (HTTPLog)-Static: isSBSettingEnabled false
07-05 16:01:06.298 18472 18521 I System.out: (HTTPLog)-Thread-1485-221997197: getTransferStream : ContentLength=69990400, method=GET, HTTPVersion=http/1.1
07-05 16:01:13.617 18472 19176 V FfmpegTools: Retrieving duration of /storage/emulated/0/Movies/raw/20200312_193628.mp4
07-05 16:01:13.620 18472 18612 W mobile-ffmpeg: [mov,mp4,m4a,3gp,3g2,mj2 @ 0x779b2fe000] Found duplicated MOOV Atom. Skipped it
07-05 16:01:13.665 18472 19176 V FfmpegTools: Retrieving duration of /storage/emulated/0/Movies/summarised/20200312_193628.mp4
07-05 16:01:13.686 18472 19176 W Summariser: Summarisation completed
07-05 16:01:13.686 18472 19176 W Summariser:   filename: 20200312_193628.mp4
07-05 16:01:13.686 18472 19176 W Summariser:   active sections: 1
07-05 16:01:13.686 18472 19176 W Summariser:   time: 23.570s
07-05 16:01:13.686 18472 19176 W Summariser:   original duration: 60.02
07-05 16:01:13.686 18472 19176 W Summariser:   summarised duration: 6.07
07-05 16:01:13.686 18472 19176 W Summariser:   noise tolerance: 45.00
07-05 16:01:13.686 18472 19176 W Summariser:   quality: 23
07-05 16:01:13.686 18472 19176 W Summariser:   speed: medium
07-05 16:01:13.686 18472 19176 W Summariser:   freeze duration: 1.00
07-05 16:01:13.687 18472 19176 V VideoManager: Retrieving video from /storage/emulated/0/Movies/summarised/20200312_193628.mp4
07-05 16:01:13.700 18472 19176 D VideoManager: videoCursor is null
07-05 16:01:13.743 18472 19176 V VideoManager: videoFromCursor
07-05 16:01:13.745 18472 19176 V SummarisedVideosEventHandler: onAdd
07-05 16:01:13.745 18472 19176 V ProcessingVideosEventHandler: onRemove
07-05 16:01:13.748 18472 19176 V SummariserIntentService: onHandleIntent
07-05 16:01:13.749 18472 19176 D SummariserIntentService: Video{id='138082', data='/storage/emulated/0/Movies/raw/20200312_193728.mp4', name='20200312_193728.mp4', size=69990400, visible=true, mimeType='video/mp4'}
07-05 16:01:13.749 18472 19176 D SummariserIntentService: /storage/emulated/0/Movies/summarised/20200312_193728.mp4
07-05 16:01:13.758 18472 18612 W mobile-ffmpeg: [mov,mp4,m4a,3gp,3g2,mj2 @ 0x779b2fe000] Found duplicated MOOV Atom. Skipped it
07-05 16:01:13.933 18472 18612 W mobile-ffmpeg: [graph 0 input from stream 0:0 @ 0x779b5e1180] sws_param option is deprecated and ignored
07-05 16:01:14.222 18472 18485 D SummariserIntentService: Scanned /storage/emulated/0/Movies/summarised
07-05 16:01:14.222 18472 18485 D SummariserIntentService:   -> uri=content://media/external/file/138071
07-05 16:01:20.240 18472 18521 V VideoManager: Retrieving video from /storage/emulated/0/Movies/raw/20200312_193828.mp4
07-05 16:01:20.257 18472 18521 D VideoManager: videoCursor is null
07-05 16:01:20.357 18472 18521 V VideoManager: videoFromCursor
07-05 16:01:20.361 18472 18521 W DashDownloadManager: Successfully downloaded 20200312_193828.mp4 in 13.964s
07-05 16:01:20.361 18472 18521 V DownloadTestVideosTask: Entering callback for download completion of 20200312_193828.mp4
07-05 16:01:20.362 18472 18521 V ProcessingVideosEventHandler: onAdd
07-05 16:01:21.385 18472 18521 V DownloadTestVideosTask: Starting DownloadTestVideosTask
07-05 16:01:21.387 18472 18521 V DashDownloadManager: Started downloading: 20200312_193928.mp4
07-05 16:01:21.389 18472 18521 I System.out: (HTTPLog)-Static: isSBSettingEnabled false
07-05 16:01:21.389 18472 18521 I System.out: (HTTPLog)-Static: isSBSettingEnabled false
07-05 16:01:21.404 18472 18521 I System.out: (HTTPLog)-Thread-1485-237057260: getTransferStream : ContentLength=69990400, method=GET, HTTPVersion=http/1.1
07-05 16:01:22.849 18472 19176 D Summariser: No freeze file
07-05 16:01:22.849 18472 19176 W Summariser: Whole video is active
07-05 16:01:24.791 18472 19176 V FfmpegTools: Retrieving duration of /storage/emulated/0/Movies/raw/20200312_193728.mp4
07-05 16:01:24.800 18472 18612 W mobile-ffmpeg: [mov,mp4,m4a,3gp,3g2,mj2 @ 0x779b2fe000] Found duplicated MOOV Atom. Skipped it
07-05 16:01:24.849 18472 19176 V FfmpegTools: Retrieving duration of /storage/emulated/0/Movies/summarised/20200312_193728.mp4
07-05 16:01:24.851 18472 18612 W mobile-ffmpeg: [mov,mp4,m4a,3gp,3g2,mj2 @ 0x779b2fe000] Found duplicated MOOV Atom. Skipped it
07-05 16:01:24.895 18472 19176 W Summariser: Summarisation completed
07-05 16:01:24.895 18472 19176 W Summariser:   filename: 20200312_193728.mp4
07-05 16:01:24.895 18472 19176 W Summariser:   active sections: -1
07-05 16:01:24.895 18472 19176 W Summariser:   time: 11.039s
07-05 16:01:24.895 18472 19176 W Summariser:   original duration: 60.02
07-05 16:01:24.895 18472 19176 W Summariser:   summarised duration: 60.02
07-05 16:01:24.895 18472 19176 W Summariser:   noise tolerance: 45.00
07-05 16:01:24.895 18472 19176 W Summariser:   quality: 23
07-05 16:01:24.895 18472 19176 W Summariser:   speed: medium
07-05 16:01:24.895 18472 19176 W Summariser:   freeze duration: 1.00
07-05 16:01:24.895 18472 19176 V VideoManager: Retrieving video from /storage/emulated/0/Movies/summarised/20200312_193728.mp4
07-05 16:01:24.904 18472 19176 D VideoManager: videoCursor is null
07-05 16:01:24.940 18472 19176 V VideoManager: videoFromCursor
07-05 16:01:24.942 18472 19176 V SummarisedVideosEventHandler: onAdd
07-05 16:01:24.943 18472 19176 V ProcessingVideosEventHandler: onRemove
07-05 16:01:24.956 18472 19176 V SummariserIntentService: onHandleIntent
07-05 16:01:24.958 18472 19176 D SummariserIntentService: Video{id='138084', data='/storage/emulated/0/Movies/raw/20200312_193828.mp4', name='20200312_193828.mp4', size=69990400, visible=true, mimeType='video/mp4'}
07-05 16:01:24.958 18472 19176 D SummariserIntentService: /storage/emulated/0/Movies/summarised/20200312_193828.mp4
07-05 16:01:24.981 18472 18612 W mobile-ffmpeg: [mov,mp4,m4a,3gp,3g2,mj2 @ 0x779b2fe000] Found duplicated MOOV Atom. Skipped it
07-05 16:01:25.159 18472 18612 W mobile-ffmpeg: [graph 0 input from stream 0:0 @ 0x779b5e16c0] sws_param option is deprecated and ignored
07-05 16:01:25.408 18472 18485 D SummariserIntentService: Scanned /storage/emulated/0/Movies/summarised
07-05 16:01:25.408 18472 18485 D SummariserIntentService:   -> uri=content://media/external/file/138071
07-05 16:01:34.218 18472 19176 W Summariser: 1 active sections found
07-05 16:01:34.218 18472 19176 I FfmpegTools: Running ffmpeg with:
07-05 16:01:34.218 18472 19176 I FfmpegTools:   -y -i /storage/emulated/0/Movies/raw/20200312_193828.mp4 -filter_complex [0:v]trim=0.000000:14.212000,setpts=PTS-STARTPTS[v0];[0:a]atrim=0.000000:14.212000,asetpts=PTS-STARTPTS[a0];[v0][a0]concat=n=1:v=1:a=1[outv][outa] -map [outv] -map [outa] -crf 23 -preset medium /storage/emulated/0/Movies/summarised/20200312_193828.mp4
07-05 16:01:34.224 18472 18612 W mobile-ffmpeg: [mov,mp4,m4a,3gp,3g2,mj2 @ 0x779b2fe000] Found duplicated MOOV Atom. Skipped it
07-05 16:01:34.334 18472 18612 W mobile-ffmpeg: [graph 0 input from stream 0:0 @ 0x779b4502c0] sws_param option is deprecated and ignored
07-05 16:01:35.467 18472 18521 V VideoManager: Retrieving video from /storage/emulated/0/Movies/raw/20200312_193928.mp4
07-05 16:01:35.481 18472 18521 D VideoManager: videoCursor is null
07-05 16:01:35.567 18472 18521 V VideoManager: videoFromCursor
07-05 16:01:35.573 18472 18521 W DashDownloadManager: Successfully downloaded 20200312_193928.mp4 in 14.079s
07-05 16:01:35.574 18472 18521 V DownloadTestVideosTask: Entering callback for download completion of 20200312_193928.mp4
07-05 16:01:35.574 18472 18521 V ProcessingVideosEventHandler: onAdd
07-05 16:01:36.578 18472 18521 V DownloadTestVideosTask: Starting DownloadTestVideosTask
07-05 16:01:36.580 18472 18521 V DashDownloadManager: Started downloading: 20200312_194129.mp4
07-05 16:01:36.582 18472 18521 I System.out: (HTTPLog)-Static: isSBSettingEnabled false
07-05 16:01:36.582 18472 18521 I System.out: (HTTPLog)-Static: isSBSettingEnabled false
07-05 16:01:36.597 18472 18521 I System.out: (HTTPLog)-Thread-1485-198501574: getTransferStream : ContentLength=69990400, method=GET, HTTPVersion=http/1.1
07-05 16:01:50.656 18472 18521 V VideoManager: Retrieving video from /storage/emulated/0/Movies/raw/20200312_194129.mp4
07-05 16:01:50.666 18472 18521 D VideoManager: videoCursor is null
07-05 16:01:50.720 18472 18521 V VideoManager: videoFromCursor
07-05 16:01:50.725 18472 18521 W DashDownloadManager: Successfully downloaded 20200312_194129.mp4 in 14.075s
07-05 16:01:50.725 18472 18521 V DownloadTestVideosTask: Entering callback for download completion of 20200312_194129.mp4
07-05 16:01:50.725 18472 18521 V ProcessingVideosEventHandler: onAdd
07-05 16:01:51.731 18472 18521 V DownloadTestVideosTask: Starting DownloadTestVideosTask
07-05 16:01:51.733 18472 18521 V DashDownloadManager: Started downloading: 20200312_194229.mp4
07-05 16:01:51.734 18472 18521 I System.out: (HTTPLog)-Static: isSBSettingEnabled false
07-05 16:01:51.734 18472 18521 I System.out: (HTTPLog)-Static: isSBSettingEnabled false
07-05 16:01:51.747 18472 18521 I System.out: (HTTPLog)-Thread-1485-18417588: getTransferStream : ContentLength=69990400, method=GET, HTTPVersion=http/1.1
07-05 16:01:52.499 18472 19176 V FfmpegTools: Retrieving duration of /storage/emulated/0/Movies/raw/20200312_193828.mp4
07-05 16:01:52.501 18472 18612 W mobile-ffmpeg: [mov,mp4,m4a,3gp,3g2,mj2 @ 0x779b2fe000] Found duplicated MOOV Atom. Skipped it
07-05 16:01:52.543 18472 19176 V FfmpegTools: Retrieving duration of /storage/emulated/0/Movies/summarised/20200312_193828.mp4
07-05 16:01:52.563 18472 19176 W Summariser: Summarisation completed
07-05 16:01:52.563 18472 19176 W Summariser:   filename: 20200312_193828.mp4
07-05 16:01:52.563 18472 19176 W Summariser:   active sections: 1
07-05 16:01:52.563 18472 19176 W Summariser:   time: 27.535s
07-05 16:01:52.563 18472 19176 W Summariser:   original duration: 60.02
07-05 16:01:52.563 18472 19176 W Summariser:   summarised duration: 14.28
07-05 16:01:52.563 18472 19176 W Summariser:   noise tolerance: 45.00
07-05 16:01:52.563 18472 19176 W Summariser:   quality: 23
07-05 16:01:52.563 18472 19176 W Summariser:   speed: medium
07-05 16:01:52.563 18472 19176 W Summariser:   freeze duration: 1.00
07-05 16:01:52.563 18472 19176 V VideoManager: Retrieving video from /storage/emulated/0/Movies/summarised/20200312_193828.mp4
07-05 16:01:52.570 18472 19176 D VideoManager: videoCursor is null
07-05 16:01:52.600 18472 19176 V VideoManager: videoFromCursor
07-05 16:01:52.603 18472 19176 V SummarisedVideosEventHandler: onAdd
07-05 16:01:52.603 18472 19176 V ProcessingVideosEventHandler: onRemove
07-05 16:01:52.615 18472 19176 V SummariserIntentService: onHandleIntent
07-05 16:01:52.615 18472 19176 D SummariserIntentService: Video{id='138086', data='/storage/emulated/0/Movies/raw/20200312_193928.mp4', name='20200312_193928.mp4', size=69990400, visible=true, mimeType='video/mp4'}
07-05 16:01:52.615 18472 19176 D SummariserIntentService: /storage/emulated/0/Movies/summarised/20200312_193928.mp4
07-05 16:01:52.622 18472 18612 W mobile-ffmpeg: [mov,mp4,m4a,3gp,3g2,mj2 @ 0x779b2fe000] Found duplicated MOOV Atom. Skipped it
07-05 16:01:52.745 18472 18612 W mobile-ffmpeg: [graph 0 input from stream 0:0 @ 0x779b5e1600] sws_param option is deprecated and ignored
07-05 16:01:53.060 18472 18485 D SummariserIntentService: Scanned /storage/emulated/0/Movies/summarised
07-05 16:01:53.060 18472 18485 D SummariserIntentService:   -> uri=content://media/external/file/138071
07-05 16:02:00.866 18472 19176 W Summariser: No activity detected
07-05 16:02:00.868 18472 19176 V FfmpegTools: Retrieving duration of /storage/emulated/0/Movies/raw/20200312_193928.mp4
07-05 16:02:00.871 18472 18612 W mobile-ffmpeg: [mov,mp4,m4a,3gp,3g2,mj2 @ 0x779b2fe000] Found duplicated MOOV Atom. Skipped it
07-05 16:02:00.903 18472 19176 W Summariser: Summarisation completed
07-05 16:02:00.903 18472 19176 W Summariser:   filename: 20200312_193928.mp4
07-05 16:02:00.903 18472 19176 W Summariser:   active sections: 0
07-05 16:02:00.903 18472 19176 W Summariser:   time: 08.251s
07-05 16:02:00.903 18472 19176 W Summariser:   original duration: 60.89
07-05 16:02:00.903 18472 19176 W Summariser:   summarised duration: -1.00
07-05 16:02:00.903 18472 19176 W Summariser:   noise tolerance: 45.00
07-05 16:02:00.903 18472 19176 W Summariser:   quality: 23
07-05 16:02:00.903 18472 19176 W Summariser:   speed: medium
07-05 16:02:00.903 18472 19176 W Summariser:   freeze duration: 1.00
07-05 16:02:00.903 18472 19176 V ProcessingVideosEventHandler: onRemove
07-05 16:02:00.910 18472 19176 V SummariserIntentService: onHandleIntent
07-05 16:02:00.910 18472 19176 D SummariserIntentService: Video{id='138087', data='/storage/emulated/0/Movies/raw/20200312_194129.mp4', name='20200312_194129.mp4', size=69990400, visible=true, mimeType='video/mp4'}
07-05 16:02:00.910 18472 19176 D SummariserIntentService: /storage/emulated/0/Movies/summarised/20200312_194129.mp4
07-05 16:02:00.918 18472 18612 W mobile-ffmpeg: [mov,mp4,m4a,3gp,3g2,mj2 @ 0x779b2fe000] Found duplicated MOOV Atom. Skipped it
07-05 16:02:00.964 18472 18485 D SummariserIntentService: Scanned /storage/emulated/0/Movies/summarised
07-05 16:02:00.964 18472 18485 D SummariserIntentService:   -> uri=content://media/external/file/138071
07-05 16:02:00.985 18472 18612 W mobile-ffmpeg: [graph 0 input from stream 0:0 @ 0x779b5e13c0] sws_param option is deprecated and ignored
07-05 16:02:05.765 18472 18521 V VideoManager: Retrieving video from /storage/emulated/0/Movies/raw/20200312_194229.mp4
07-05 16:02:05.779 18472 18521 D VideoManager: videoCursor is null
07-05 16:02:05.832 18472 18521 V VideoManager: videoFromCursor
07-05 16:02:05.837 18472 18521 W DashDownloadManager: Successfully downloaded 20200312_194229.mp4 in 14.031s
07-05 16:02:05.838 18472 18521 V DownloadTestVideosTask: Entering callback for download completion of 20200312_194229.mp4
07-05 16:02:05.839 18472 18521 V ProcessingVideosEventHandler: onAdd
07-05 16:02:06.846 18472 18521 V DownloadTestVideosTask: Starting DownloadTestVideosTask
07-05 16:02:06.847 18472 18521 V DashDownloadManager: Started downloading: 20200312_194330.mp4
07-05 16:02:06.849 18472 18521 I System.out: (HTTPLog)-Static: isSBSettingEnabled false
07-05 16:02:06.849 18472 18521 I System.out: (HTTPLog)-Static: isSBSettingEnabled false
07-05 16:02:06.857 18472 18521 I System.out: (HTTPLog)-Thread-1485-221506940: getTransferStream : ContentLength=69990400, method=GET, HTTPVersion=http/1.1
07-05 16:02:09.020 18472 19176 W Summariser: 2 active sections found
07-05 16:02:09.021 18472 19176 I FfmpegTools: Running ffmpeg with:
07-05 16:02:09.021 18472 19176 I FfmpegTools:   -y -i /storage/emulated/0/Movies/raw/20200312_194129.mp4 -filter_complex [0:v]trim=29.127000:39.369000,setpts=PTS-STARTPTS[v0];[0:a]atrim=29.127000:39.369000,asetpts=PTS-STARTPTS[a0];[0:v]trim=49.345000:49.812000,setpts=PTS-STARTPTS[v1];[0:a]atrim=49.345000:49.812000,asetpts=PTS-STARTPTS[a1];[v0][a0][v1][a1]concat=n=2:v=1:a=1[outv][outa] -map [outv] -map [outa] -crf 23 -preset medium /storage/emulated/0/Movies/summarised/20200312_194129.mp4
07-05 16:02:09.026 18472 18612 W mobile-ffmpeg: [mov,mp4,m4a,3gp,3g2,mj2 @ 0x779b2fe000] Found duplicated MOOV Atom. Skipped it
07-05 16:02:09.075 18472 18612 W mobile-ffmpeg: [graph 0 input from stream 0:0 @ 0x779b4502c0] sws_param option is deprecated and ignored
07-05 16:02:09.075 18472 18612 W mobile-ffmpeg: [graph 0 input from stream 0:0 @ 0x779b5e2200] sws_param option is deprecated and ignored
07-05 16:02:21.090 18472 18521 V VideoManager: Retrieving video from /storage/emulated/0/Movies/raw/20200312_194330.mp4
07-05 16:02:21.101 18472 18521 D VideoManager: videoCursor is null
07-05 16:02:21.174 18472 18521 V VideoManager: videoFromCursor
07-05 16:02:21.177 18472 18521 W DashDownloadManager: Successfully downloaded 20200312_194330.mp4 in 14.241s
07-05 16:02:21.177 18472 18521 V DownloadTestVideosTask: Entering callback for download completion of 20200312_194330.mp4
07-05 16:02:21.178 18472 18521 V ProcessingVideosEventHandler: onAdd
07-05 16:02:22.193 18472 18521 V DownloadTestVideosTask: Starting DownloadTestVideosTask
07-05 16:02:22.194 18472 18521 V DashDownloadManager: Started downloading: 20200312_194730.mp4
07-05 16:02:22.196 18472 18521 I System.out: (HTTPLog)-Static: isSBSettingEnabled false
07-05 16:02:22.197 18472 18521 I System.out: (HTTPLog)-Static: isSBSettingEnabled false
07-05 16:02:22.203 18472 18521 I System.out: (HTTPLog)-Thread-1485-192747098: getTransferStream : ContentLength=69990400, method=GET, HTTPVersion=http/1.1
07-05 16:02:26.872 18472 19176 V FfmpegTools: Retrieving duration of /storage/emulated/0/Movies/raw/20200312_194129.mp4
07-05 16:02:26.875 18472 18612 W mobile-ffmpeg: [mov,mp4,m4a,3gp,3g2,mj2 @ 0x779b2fe000] Found duplicated MOOV Atom. Skipped it
07-05 16:02:26.901 18472 19176 V FfmpegTools: Retrieving duration of /storage/emulated/0/Movies/summarised/20200312_194129.mp4
07-05 16:02:26.923 18472 19176 W Summariser: Summarisation completed
07-05 16:02:26.923 18472 19176 W Summariser:   filename: 20200312_194129.mp4
07-05 16:02:26.923 18472 19176 W Summariser:   active sections: 2
07-05 16:02:26.923 18472 19176 W Summariser:   time: 25.962s
07-05 16:02:26.923 18472 19176 W Summariser:   original duration: 60.02
07-05 16:02:26.923 18472 19176 W Summariser:   summarised duration: 10.77
07-05 16:02:26.923 18472 19176 W Summariser:   noise tolerance: 45.00
07-05 16:02:26.923 18472 19176 W Summariser:   quality: 23
07-05 16:02:26.923 18472 19176 W Summariser:   speed: medium
07-05 16:02:26.923 18472 19176 W Summariser:   freeze duration: 1.00
07-05 16:02:26.924 18472 19176 V VideoManager: Retrieving video from /storage/emulated/0/Movies/summarised/20200312_194129.mp4
07-05 16:02:26.931 18472 19176 D VideoManager: videoCursor is null
07-05 16:02:26.974 18472 19176 V VideoManager: videoFromCursor
07-05 16:02:26.976 18472 19176 V SummarisedVideosEventHandler: onAdd
07-05 16:02:26.976 18472 19176 V ProcessingVideosEventHandler: onRemove
07-05 16:02:26.982 18472 19176 V SummariserIntentService: onHandleIntent
07-05 16:02:26.982 18472 19176 D SummariserIntentService: Video{id='138089', data='/storage/emulated/0/Movies/raw/20200312_194229.mp4', name='20200312_194229.mp4', size=69990400, visible=true, mimeType='video/mp4'}
07-05 16:02:26.982 18472 19176 D SummariserIntentService: /storage/emulated/0/Movies/summarised/20200312_194229.mp4
07-05 16:02:26.986 18472 18612 W mobile-ffmpeg: [mov,mp4,m4a,3gp,3g2,mj2 @ 0x779b2fe000] Found duplicated MOOV Atom. Skipped it
07-05 16:02:27.050 18472 18612 W mobile-ffmpeg: [graph 0 input from stream 0:0 @ 0x779b5e1480] sws_param option is deprecated and ignored
07-05 16:02:27.393 18472 19673 D SummariserIntentService: Scanned /storage/emulated/0/Movies/summarised
07-05 16:02:27.393 18472 19673 D SummariserIntentService:   -> uri=content://media/external/file/138071
07-05 16:02:35.497 18472 19176 V FfmpegTools: Retrieving duration of /storage/emulated/0/Movies/raw/20200312_194229.mp4
07-05 16:02:35.500 18472 18612 W mobile-ffmpeg: [mov,mp4,m4a,3gp,3g2,mj2 @ 0x779b2fe000] Found duplicated MOOV Atom. Skipped it
07-05 16:02:35.553 18472 19176 W Summariser: 5 active sections found
07-05 16:02:35.553 18472 19176 I FfmpegTools: Running ffmpeg with:
07-05 16:02:35.553 18472 19176 I FfmpegTools:   -y -i /storage/emulated/0/Movies/raw/20200312_194229.mp4 -filter_complex [0:v]trim=10.509000:19.517000,setpts=PTS-STARTPTS[v0];[0:a]atrim=10.509000:19.517000,asetpts=PTS-STARTPTS[a0];[0:v]trim=24.088000:29.259000,setpts=PTS-STARTPTS[v1];[0:a]atrim=24.088000:29.259000,asetpts=PTS-STARTPTS[a1];[0:v]trim=39.935000:40.269000,setpts=PTS-STARTPTS[v2];[0:a]atrim=39.935000:40.269000,asetpts=PTS-STARTPTS[a2];[0:v]trim=54.314000:54.615000,setpts=PTS-STARTPTS[v3];[0:a]atrim=54.314000:54.615000,asetpts=PTS-STARTPTS[a3];[0:v]trim=59.386000:60.020000,setpts=PTS-STARTPTS[v4];[0:a]atrim=59.386000:60.020000,asetpts=PTS-STARTPTS[a4];[v0][a0][v1][a1][v2][a2][v3][a3][v4][a4]concat=n=5:v=1:a=1[outv][outa] -map [outv] -map [outa] -crf 23 -preset medium /storage/emulated/0/Movies/summarised/20200312_194229.mp4
07-05 16:02:35.560 18472 18612 W mobile-ffmpeg: [mov,mp4,m4a,3gp,3g2,mj2 @ 0x779b2fe000] Found duplicated MOOV Atom. Skipped it
07-05 16:02:35.642 18472 18612 W mobile-ffmpeg: [graph 0 input from stream 0:0 @ 0x779b5e22c0] sws_param option is deprecated and ignored
07-05 16:02:35.642 18472 18612 W mobile-ffmpeg: [graph 0 input from stream 0:0 @ 0x779b5e2a40] sws_param option is deprecated and ignored
07-05 16:02:35.642 18472 18612 W mobile-ffmpeg: [graph 0 input from stream 0:0 @ 0x779b5e2800] sws_param option is deprecated and ignored
07-05 16:02:35.642 18472 18612 W mobile-ffmpeg: [graph 0 input from stream 0:0 @ 0x779b5e2c80] sws_param option is deprecated and ignored
07-05 16:02:35.642 18472 18612 W mobile-ffmpeg: [graph 0 input from stream 0:0 @ 0x779b5e2e00] sws_param option is deprecated and ignored
07-05 16:02:36.393 18472 18521 V VideoManager: Retrieving video from /storage/emulated/0/Movies/raw/20200312_194730.mp4
07-05 16:02:36.404 18472 18521 D VideoManager: videoCursor is null
07-05 16:02:36.463 18472 18521 V VideoManager: videoFromCursor
07-05 16:02:36.466 18472 18521 W DashDownloadManager: Successfully downloaded 20200312_194730.mp4 in 14.197s
07-05 16:02:36.466 18472 18521 V DownloadTestVideosTask: Entering callback for download completion of 20200312_194730.mp4
07-05 16:02:36.467 18472 18521 V ProcessingVideosEventHandler: onAdd
07-05 16:02:37.471 18472 18521 V DownloadTestVideosTask: Starting DownloadTestVideosTask
07-05 16:02:37.473 18472 18521 V DashDownloadManager: Started downloading: 20200312_194830.mp4
07-05 16:02:37.476 18472 18521 I System.out: (HTTPLog)-Static: isSBSettingEnabled false
07-05 16:02:37.476 18472 18521 I System.out: (HTTPLog)-Static: isSBSettingEnabled false
07-05 16:02:37.488 18472 18521 I System.out: (HTTPLog)-Thread-1485-174327364: getTransferStream : ContentLength=69990400, method=GET, HTTPVersion=http/1.1
07-05 16:02:51.335 18472 18521 V VideoManager: Retrieving video from /storage/emulated/0/Movies/raw/20200312_194830.mp4
07-05 16:02:51.350 18472 18521 D VideoManager: videoCursor is null
07-05 16:02:51.430 18472 18521 V VideoManager: videoFromCursor
07-05 16:02:51.434 18472 18521 W DashDownloadManager: Successfully downloaded 20200312_194830.mp4 in 13.860s
07-05 16:02:51.435 18472 18521 V DownloadTestVideosTask: Entering callback for download completion of 20200312_194830.mp4
07-05 16:02:51.435 18472 18521 V ProcessingVideosEventHandler: onAdd
07-05 16:02:52.439 18472 18521 V DownloadTestVideosTask: Starting DownloadTestVideosTask
07-05 16:02:52.442 18472 18521 V DashDownloadManager: Started downloading: 20200312_194930.mp4
07-05 16:02:52.450 18472 18521 I System.out: (HTTPLog)-Static: isSBSettingEnabled false
07-05 16:02:52.451 18472 18521 I System.out: (HTTPLog)-Static: isSBSettingEnabled false
07-05 16:02:52.465 18472 18521 I System.out: (HTTPLog)-Thread-1485-28282978: getTransferStream : ContentLength=69990400, method=GET, HTTPVersion=http/1.1
07-05 16:03:06.261 18472 19176 V FfmpegTools: Retrieving duration of /storage/emulated/0/Movies/raw/20200312_194229.mp4
07-05 16:03:06.264 18472 18612 W mobile-ffmpeg: [mov,mp4,m4a,3gp,3g2,mj2 @ 0x779b2fe000] Found duplicated MOOV Atom. Skipped it
07-05 16:03:06.330 18472 19176 V FfmpegTools: Retrieving duration of /storage/emulated/0/Movies/summarised/20200312_194229.mp4
07-05 16:03:06.366 18472 19176 W Summariser: Summarisation completed
07-05 16:03:06.366 18472 19176 W Summariser:   filename: 20200312_194229.mp4
07-05 16:03:06.366 18472 19176 W Summariser:   active sections: 5
07-05 16:03:06.366 18472 19176 W Summariser:   time: 39.278s
07-05 16:03:06.366 18472 19176 W Summariser:   original duration: 60.02
07-05 16:03:06.366 18472 19176 W Summariser:   summarised duration: 15.51
07-05 16:03:06.366 18472 19176 W Summariser:   noise tolerance: 45.00
07-05 16:03:06.366 18472 19176 W Summariser:   quality: 23
07-05 16:03:06.366 18472 19176 W Summariser:   speed: medium
07-05 16:03:06.366 18472 19176 W Summariser:   freeze duration: 1.00
07-05 16:03:06.366 18472 19176 V VideoManager: Retrieving video from /storage/emulated/0/Movies/summarised/20200312_194229.mp4
07-05 16:03:06.377 18472 19176 D VideoManager: videoCursor is null
07-05 16:03:06.423 18472 19176 V VideoManager: videoFromCursor
07-05 16:03:06.426 18472 19176 V SummarisedVideosEventHandler: onAdd
07-05 16:03:06.426 18472 19176 V ProcessingVideosEventHandler: onRemove
07-05 16:03:06.435 18472 19176 V SummariserIntentService: onHandleIntent
07-05 16:03:06.435 18472 19176 D SummariserIntentService: Video{id='138090', data='/storage/emulated/0/Movies/raw/20200312_194330.mp4', name='20200312_194330.mp4', size=69990400, visible=true, mimeType='video/mp4'}
07-05 16:03:06.435 18472 19176 D SummariserIntentService: /storage/emulated/0/Movies/summarised/20200312_194330.mp4
07-05 16:03:06.441 18472 18521 V VideoManager: Retrieving video from /storage/emulated/0/Movies/raw/20200312_194930.mp4
07-05 16:03:06.442 18472 18612 W mobile-ffmpeg: [mov,mp4,m4a,3gp,3g2,mj2 @ 0x779b2fe000] Found duplicated MOOV Atom. Skipped it
07-05 16:03:06.449 18472 18521 D VideoManager: videoCursor is null
07-05 16:03:06.485 18472 18521 V VideoManager: videoFromCursor
07-05 16:03:06.488 18472 18521 W DashDownloadManager: Successfully downloaded 20200312_194930.mp4 in 13.993s
07-05 16:03:06.489 18472 18521 V DownloadTestVideosTask: Entering callback for download completion of 20200312_194930.mp4
07-05 16:03:06.489 18472 18521 V ProcessingVideosEventHandler: onAdd
07-05 16:03:06.540 18472 18612 W mobile-ffmpeg: [graph 0 input from stream 0:0 @ 0x779b5e1540] sws_param option is deprecated and ignored
07-05 16:03:06.987 18472 18484 D SummariserIntentService: Scanned /storage/emulated/0/Movies/summarised
07-05 16:03:06.987 18472 18484 D SummariserIntentService:   -> uri=content://media/external/file/138071
07-05 16:03:07.494 18472 18521 V DownloadTestVideosTask: Starting DownloadTestVideosTask
07-05 16:03:07.497 18472 18521 V DashDownloadManager: Started downloading: 20200312_195230.mp4
07-05 16:03:07.500 18472 18521 I System.out: (HTTPLog)-Static: isSBSettingEnabled false
07-05 16:03:07.500 18472 18521 I System.out: (HTTPLog)-Static: isSBSettingEnabled false
07-05 16:03:07.523 18472 18521 I System.out: (HTTPLog)-Thread-1485-176648716: getTransferStream : ContentLength=69990400, method=GET, HTTPVersion=http/1.1
07-05 16:03:17.318 18472 19176 W Summariser: No activity detected
07-05 16:03:17.320 18472 19176 V FfmpegTools: Retrieving duration of /storage/emulated/0/Movies/raw/20200312_194330.mp4
07-05 16:03:17.323 18472 18612 W mobile-ffmpeg: [mov,mp4,m4a,3gp,3g2,mj2 @ 0x779b2fe000] Found duplicated MOOV Atom. Skipped it
07-05 16:03:17.379 18472 19176 W Summariser: Summarisation completed
07-05 16:03:17.379 18472 19176 W Summariser:   filename: 20200312_194330.mp4
07-05 16:03:17.379 18472 19176 W Summariser:   active sections: 0
07-05 16:03:17.379 18472 19176 W Summariser:   time: 10.882s
07-05 16:03:17.379 18472 19176 W Summariser:   original duration: 60.02
07-05 16:03:17.379 18472 19176 W Summariser:   summarised duration: -1.00
07-05 16:03:17.379 18472 19176 W Summariser:   noise tolerance: 45.00
07-05 16:03:17.379 18472 19176 W Summariser:   quality: 23
07-05 16:03:17.379 18472 19176 W Summariser:   speed: medium
07-05 16:03:17.379 18472 19176 W Summariser:   freeze duration: 1.00
07-05 16:03:17.379 18472 19176 V ProcessingVideosEventHandler: onRemove
07-05 16:03:17.400 18472 19176 V SummariserIntentService: onHandleIntent
07-05 16:03:17.400 18472 19176 D SummariserIntentService: Video{id='138092', data='/storage/emulated/0/Movies/raw/20200312_194730.mp4', name='20200312_194730.mp4', size=69990400, visible=true, mimeType='video/mp4'}
07-05 16:03:17.401 18472 19176 D SummariserIntentService: /storage/emulated/0/Movies/summarised/20200312_194730.mp4
07-05 16:03:17.407 18472 18612 W mobile-ffmpeg: [mov,mp4,m4a,3gp,3g2,mj2 @ 0x779b2fe000] Found duplicated MOOV Atom. Skipped it
07-05 16:03:17.479 18472 18484 D SummariserIntentService: Scanned /storage/emulated/0/Movies/summarised
07-05 16:03:17.479 18472 18484 D SummariserIntentService:   -> uri=content://media/external/file/138071
07-05 16:03:17.484 18472 18612 W mobile-ffmpeg: [graph 0 input from stream 0:0 @ 0x779b5e1540] sws_param option is deprecated and ignored
07-05 16:03:21.438 18472 18521 V VideoManager: Retrieving video from /storage/emulated/0/Movies/raw/20200312_195230.mp4
07-05 16:03:21.449 18472 18521 D VideoManager: videoCursor is null
07-05 16:03:21.506 18472 18521 V VideoManager: videoFromCursor
07-05 16:03:21.510 18472 18521 W DashDownloadManager: Successfully downloaded 20200312_195230.mp4 in 13.941s
07-05 16:03:21.510 18472 18521 V DownloadTestVideosTask: Entering callback for download completion of 20200312_195230.mp4
07-05 16:03:21.511 18472 18521 V ProcessingVideosEventHandler: onAdd
07-05 16:03:22.515 18472 18521 V DownloadTestVideosTask: Starting DownloadTestVideosTask
07-05 16:03:22.517 18472 18521 V DashDownloadManager: Started downloading: 20200312_195330.mp4
07-05 16:03:22.519 18472 18521 I System.out: (HTTPLog)-Static: isSBSettingEnabled false
07-05 16:03:22.520 18472 18521 I System.out: (HTTPLog)-Static: isSBSettingEnabled false
07-05 16:03:22.534 18472 18521 I System.out: (HTTPLog)-Thread-1485-255828728: getTransferStream : ContentLength=69990400, method=GET, HTTPVersion=http/1.1
07-05 16:03:28.047 18472 19176 W Summariser: No activity detected
07-05 16:03:28.052 18472 19176 V FfmpegTools: Retrieving duration of /storage/emulated/0/Movies/raw/20200312_194730.mp4
07-05 16:03:28.059 18472 18612 W mobile-ffmpeg: [mov,mp4,m4a,3gp,3g2,mj2 @ 0x779b2fe000] Found duplicated MOOV Atom. Skipped it
07-05 16:03:28.141 18472 19176 W Summariser: Summarisation completed
07-05 16:03:28.141 18472 19176 W Summariser:   filename: 20200312_194730.mp4
07-05 16:03:28.141 18472 19176 W Summariser:   active sections: 0
07-05 16:03:28.141 18472 19176 W Summariser:   time: 10.647s
07-05 16:03:28.141 18472 19176 W Summariser:   original duration: 60.02
07-05 16:03:28.141 18472 19176 W Summariser:   summarised duration: -1.00
07-05 16:03:28.141 18472 19176 W Summariser:   noise tolerance: 45.00
07-05 16:03:28.141 18472 19176 W Summariser:   quality: 23
07-05 16:03:28.141 18472 19176 W Summariser:   speed: medium
07-05 16:03:28.141 18472 19176 W Summariser:   freeze duration: 1.00
07-05 16:03:28.142 18472 19176 V ProcessingVideosEventHandler: onRemove
07-05 16:03:28.156 18472 19176 V SummariserIntentService: onHandleIntent
07-05 16:03:28.156 18472 19176 D SummariserIntentService: Video{id='138093', data='/storage/emulated/0/Movies/raw/20200312_194830.mp4', name='20200312_194830.mp4', size=69990400, visible=true, mimeType='video/mp4'}
07-05 16:03:28.156 18472 19176 D SummariserIntentService: /storage/emulated/0/Movies/summarised/20200312_194830.mp4
07-05 16:03:28.162 18472 18612 W mobile-ffmpeg: [mov,mp4,m4a,3gp,3g2,mj2 @ 0x779b2fe000] Found duplicated MOOV Atom. Skipped it
07-05 16:03:28.220 18472 18837 D SummariserIntentService: Scanned /storage/emulated/0/Movies/summarised
07-05 16:03:28.220 18472 18837 D SummariserIntentService:   -> uri=content://media/external/file/138071
07-05 16:03:28.278 18472 18612 W mobile-ffmpeg: [graph 0 input from stream 0:0 @ 0x779b5e1480] sws_param option is deprecated and ignored
07-05 16:03:36.532 18472 18521 V VideoManager: Retrieving video from /storage/emulated/0/Movies/raw/20200312_195330.mp4
07-05 16:03:36.544 18472 18521 D VideoManager: videoCursor is null
07-05 16:03:36.597 18472 18521 V VideoManager: videoFromCursor
07-05 16:03:36.602 18472 18521 W DashDownloadManager: Successfully downloaded 20200312_195330.mp4 in 14.013s
07-05 16:03:36.603 18472 18521 V DownloadTestVideosTask: Entering callback for download completion of 20200312_195330.mp4
07-05 16:03:36.604 18472 18521 V ProcessingVideosEventHandler: onAdd
07-05 16:03:37.613 18472 18521 V DownloadTestVideosTask: Starting DownloadTestVideosTask
07-05 16:03:37.619 18472 18521 V DashDownloadManager: Started downloading: 20200312_195430.mp4
07-05 16:03:37.623 18472 18521 I System.out: (HTTPLog)-Static: isSBSettingEnabled false
07-05 16:03:37.624 18472 18521 I System.out: (HTTPLog)-Static: isSBSettingEnabled false
07-05 16:03:37.646 18472 18521 I System.out: (HTTPLog)-Thread-1485-222820004: getTransferStream : ContentLength=69990400, method=GET, HTTPVersion=http/1.1
07-05 16:03:38.847 18472 19176 W Summariser: 4 active sections found
07-05 16:03:38.848 18472 19176 I FfmpegTools: Running ffmpeg with:
07-05 16:03:38.848 18472 19176 I FfmpegTools:   -y -i /storage/emulated/0/Movies/raw/20200312_194830.mp4 -filter_complex [0:v]trim=6.839000:10.742000,setpts=PTS-STARTPTS[v0];[0:a]atrim=6.839000:10.742000,asetpts=PTS-STARTPTS[a0];[0:v]trim=16.781000:22.419000,setpts=PTS-STARTPTS[v1];[0:a]atrim=16.781000:22.419000,asetpts=PTS-STARTPTS[a1];[0:v]trim=30.393000:35.731000,setpts=PTS-STARTPTS[v2];[0:a]atrim=30.393000:35.731000,asetpts=PTS-STARTPTS[a2];[0:v]trim=42.971000:47.041000,setpts=PTS-STARTPTS[v3];[0:a]atrim=42.971000:47.041000,asetpts=PTS-STARTPTS[a3];[v0][a0][v1][a1][v2][a2][v3][a3]concat=n=4:v=1:a=1[outv][outa] -map [outv] -map [outa] -crf 23 -preset medium /storage/emulated/0/Movies/summarised/20200312_194830.mp4
07-05 16:03:38.856 18472 18612 W mobile-ffmpeg: [mov,mp4,m4a,3gp,3g2,mj2 @ 0x779b2fe000] Found duplicated MOOV Atom. Skipped it
07-05 16:03:39.008 18472 18612 W mobile-ffmpeg: [graph 0 input from stream 0:0 @ 0x779b5e2380] sws_param option is deprecated and ignored
07-05 16:03:39.008 18472 18612 W mobile-ffmpeg: [graph 0 input from stream 0:0 @ 0x779b5e2bc0] sws_param option is deprecated and ignored
07-05 16:03:39.009 18472 18612 W mobile-ffmpeg: [graph 0 input from stream 0:0 @ 0x779b5e2d40] sws_param option is deprecated and ignored
07-05 16:03:39.009 18472 18612 W mobile-ffmpeg: [graph 0 input from stream 0:0 @ 0x779b5e2ec0] sws_param option is deprecated and ignored
07-05 16:03:51.767 18472 18521 V VideoManager: Retrieving video from /storage/emulated/0/Movies/raw/20200312_195430.mp4
07-05 16:03:51.779 18472 18521 D VideoManager: videoCursor is null
07-05 16:03:52.010 18472 18521 V VideoManager: videoFromCursor
07-05 16:03:52.035 18472 18521 W DashDownloadManager: Successfully downloaded 20200312_195430.mp4 in 14.146s
07-05 16:03:52.035 18472 18521 V DownloadTestVideosTask: Entering callback for download completion of 20200312_195430.mp4
07-05 16:03:52.036 18472 18521 V ProcessingVideosEventHandler: onAdd
07-05 16:03:53.041 18472 18521 V DownloadTestVideosTask: Starting DownloadTestVideosTask
07-05 16:03:53.042 18472 18521 D DownloadTestVideosTask: No new videos
07-05 16:03:53.043 18472 18521 W NearbyFragment: Stopped downloading from dashcam
07-05 16:04:10.865 18472 19176 V FfmpegTools: Retrieving duration of /storage/emulated/0/Movies/raw/20200312_194830.mp4
07-05 16:04:10.870 18472 18612 W mobile-ffmpeg: [mov,mp4,m4a,3gp,3g2,mj2 @ 0x779b2fe000] Found duplicated MOOV Atom. Skipped it
07-05 16:04:10.931 18472 19176 V FfmpegTools: Retrieving duration of /storage/emulated/0/Movies/summarised/20200312_194830.mp4
07-05 16:04:10.961 18472 19176 W Summariser: Summarisation completed
07-05 16:04:10.961 18472 19176 W Summariser:   filename: 20200312_194830.mp4
07-05 16:04:10.961 18472 19176 W Summariser:   active sections: 4
07-05 16:04:10.961 18472 19176 W Summariser:   time: 42.707s
07-05 16:04:10.961 18472 19176 W Summariser:   original duration: 60.02
07-05 16:04:10.961 18472 19176 W Summariser:   summarised duration: 19.02
07-05 16:04:10.961 18472 19176 W Summariser:   noise tolerance: 45.00
07-05 16:04:10.961 18472 19176 W Summariser:   quality: 23
07-05 16:04:10.961 18472 19176 W Summariser:   speed: medium
07-05 16:04:10.961 18472 19176 W Summariser:   freeze duration: 1.00
07-05 16:04:10.962 18472 19176 V VideoManager: Retrieving video from /storage/emulated/0/Movies/summarised/20200312_194830.mp4
07-05 16:04:10.980 18472 19176 D VideoManager: videoCursor is null
07-05 16:04:11.059 18472 19176 V VideoManager: videoFromCursor
07-05 16:04:11.065 18472 19176 V SummarisedVideosEventHandler: onAdd
07-05 16:04:11.065 18472 19176 V ProcessingVideosEventHandler: onRemove
07-05 16:04:11.074 18472 19176 V SummariserIntentService: onHandleIntent
07-05 16:04:11.074 18472 19176 D SummariserIntentService: Video{id='138095', data='/storage/emulated/0/Movies/raw/20200312_194930.mp4', name='20200312_194930.mp4', size=69990400, visible=true, mimeType='video/mp4'}
07-05 16:04:11.074 18472 19176 D SummariserIntentService: /storage/emulated/0/Movies/summarised/20200312_194930.mp4
07-05 16:04:11.080 18472 18612 W mobile-ffmpeg: [mov,mp4,m4a,3gp,3g2,mj2 @ 0x779b2fe000] Found duplicated MOOV Atom. Skipped it
07-05 16:04:11.216 18472 18612 W mobile-ffmpeg: [graph 0 input from stream 0:0 @ 0x779b5e1480] sws_param option is deprecated and ignored
07-05 16:04:11.580 18472 18485 D SummariserIntentService: Scanned /storage/emulated/0/Movies/summarised
07-05 16:04:11.580 18472 18485 D SummariserIntentService:   -> uri=content://media/external/file/138071
07-05 16:04:20.269 18472 19176 V FfmpegTools: Retrieving duration of /storage/emulated/0/Movies/raw/20200312_194930.mp4
07-05 16:04:20.272 18472 18612 W mobile-ffmpeg: [mov,mp4,m4a,3gp,3g2,mj2 @ 0x779b2fe000] Found duplicated MOOV Atom. Skipped it
07-05 16:04:20.332 18472 19176 W Summariser: 2 active sections found
07-05 16:04:20.333 18472 19176 I FfmpegTools: Running ffmpeg with:
07-05 16:04:20.333 18472 19176 I FfmpegTools:   -y -i /storage/emulated/0/Movies/raw/20200312_194930.mp4 -filter_complex [0:v]trim=6.773000:18.017000,setpts=PTS-STARTPTS[v0];[0:a]atrim=6.773000:18.017000,asetpts=PTS-STARTPTS[a0];[0:v]trim=49.078000:60.020000,setpts=PTS-STARTPTS[v1];[0:a]atrim=49.078000:60.020000,asetpts=PTS-STARTPTS[a1];[v0][a0][v1][a1]concat=n=2:v=1:a=1[outv][outa] -map [outv] -map [outa] -crf 23 -preset medium /storage/emulated/0/Movies/summarised/20200312_194930.mp4
07-05 16:04:20.340 18472 18612 W mobile-ffmpeg: [mov,mp4,m4a,3gp,3g2,mj2 @ 0x779b2fe000] Found duplicated MOOV Atom. Skipped it
07-05 16:04:20.425 18472 18612 W mobile-ffmpeg: [graph 0 input from stream 0:0 @ 0x779b5e1180] sws_param option is deprecated and ignored
07-05 16:04:20.425 18472 18612 W mobile-ffmpeg: [graph 0 input from stream 0:0 @ 0x779b5e19c0] sws_param option is deprecated and ignored
07-05 16:04:53.106 18472 19176 V FfmpegTools: Retrieving duration of /storage/emulated/0/Movies/raw/20200312_194930.mp4
07-05 16:04:53.110 18472 18612 W mobile-ffmpeg: [mov,mp4,m4a,3gp,3g2,mj2 @ 0x779b2fe000] Found duplicated MOOV Atom. Skipped it
07-05 16:04:53.167 18472 19176 V FfmpegTools: Retrieving duration of /storage/emulated/0/Movies/summarised/20200312_194930.mp4
07-05 16:04:53.196 18472 19176 W Summariser: Summarisation completed
07-05 16:04:53.196 18472 19176 W Summariser:   filename: 20200312_194930.mp4
07-05 16:04:53.196 18472 19176 W Summariser:   active sections: 2
07-05 16:04:53.196 18472 19176 W Summariser:   time: 42.030s
07-05 16:04:53.196 18472 19176 W Summariser:   original duration: 60.02
07-05 16:04:53.196 18472 19176 W Summariser:   summarised duration: 22.25
07-05 16:04:53.196 18472 19176 W Summariser:   noise tolerance: 45.00
07-05 16:04:53.196 18472 19176 W Summariser:   quality: 23
07-05 16:04:53.196 18472 19176 W Summariser:   speed: medium
07-05 16:04:53.196 18472 19176 W Summariser:   freeze duration: 1.00
07-05 16:04:53.197 18472 19176 V VideoManager: Retrieving video from /storage/emulated/0/Movies/summarised/20200312_194930.mp4
07-05 16:04:53.215 18472 19176 D VideoManager: videoCursor is null
07-05 16:04:53.282 18472 19176 V VideoManager: videoFromCursor
07-05 16:04:53.286 18472 19176 V SummarisedVideosEventHandler: onAdd
07-05 16:04:53.287 18472 19176 V ProcessingVideosEventHandler: onRemove
07-05 16:04:53.298 18472 19176 V SummariserIntentService: onHandleIntent
07-05 16:04:53.302 18472 19176 D SummariserIntentService: Video{id='138096', data='/storage/emulated/0/Movies/raw/20200312_195230.mp4', name='20200312_195230.mp4', size=69990400, visible=true, mimeType='video/mp4'}
07-05 16:04:53.303 18472 19176 D SummariserIntentService: /storage/emulated/0/Movies/summarised/20200312_195230.mp4
07-05 16:04:53.313 18472 18612 W mobile-ffmpeg: [mov,mp4,m4a,3gp,3g2,mj2 @ 0x779b2fe000] Found duplicated MOOV Atom. Skipped it
07-05 16:04:53.438 18472 18612 W mobile-ffmpeg: [graph 0 input from stream 0:0 @ 0x779b5e1540] sws_param option is deprecated and ignored
07-05 16:04:53.847 18472 18484 D SummariserIntentService: Scanned /storage/emulated/0/Movies/summarised
07-05 16:04:53.847 18472 18484 D SummariserIntentService:   -> uri=content://media/external/file/138071
07-05 16:05:02.741 18472 19176 W Summariser: 1 active sections found
07-05 16:05:02.742 18472 19176 I FfmpegTools: Running ffmpeg with:
07-05 16:05:02.742 18472 19176 I FfmpegTools:   -y -i /storage/emulated/0/Movies/raw/20200312_195230.mp4 -filter_complex [0:v]trim=22.020000:28.926000,setpts=PTS-STARTPTS[v0];[0:a]atrim=22.020000:28.926000,asetpts=PTS-STARTPTS[a0];[v0][a0]concat=n=1:v=1:a=1[outv][outa] -map [outv] -map [outa] -crf 23 -preset medium /storage/emulated/0/Movies/summarised/20200312_195230.mp4
07-05 16:05:02.749 18472 18612 W mobile-ffmpeg: [mov,mp4,m4a,3gp,3g2,mj2 @ 0x779b2fe000] Found duplicated MOOV Atom. Skipped it
07-05 16:05:02.824 18472 18612 W mobile-ffmpeg: [graph 0 input from stream 0:0 @ 0x779b5e2380] sws_param option is deprecated and ignored
07-05 16:05:15.664 18472 19176 V FfmpegTools: Retrieving duration of /storage/emulated/0/Movies/raw/20200312_195230.mp4
07-05 16:05:15.668 18472 18612 W mobile-ffmpeg: [mov,mp4,m4a,3gp,3g2,mj2 @ 0x779b2fe000] Found duplicated MOOV Atom. Skipped it
07-05 16:05:15.706 18472 19176 V FfmpegTools: Retrieving duration of /storage/emulated/0/Movies/summarised/20200312_195230.mp4
07-05 16:05:15.739 18472 19176 W Summariser: Summarisation completed
07-05 16:05:15.739 18472 19176 W Summariser:   filename: 20200312_195230.mp4
07-05 16:05:15.739 18472 19176 W Summariser:   active sections: 1
07-05 16:05:15.739 18472 19176 W Summariser:   time: 22.359s
07-05 16:05:15.739 18472 19176 W Summariser:   original duration: 60.02
07-05 16:05:15.739 18472 19176 W Summariser:   summarised duration: 6.97
07-05 16:05:15.739 18472 19176 W Summariser:   noise tolerance: 45.00
07-05 16:05:15.739 18472 19176 W Summariser:   quality: 23
07-05 16:05:15.739 18472 19176 W Summariser:   speed: medium
07-05 16:05:15.739 18472 19176 W Summariser:   freeze duration: 1.00
07-05 16:05:15.739 18472 19176 V VideoManager: Retrieving video from /storage/emulated/0/Movies/summarised/20200312_195230.mp4
07-05 16:05:15.753 18472 19176 D VideoManager: videoCursor is null
07-05 16:05:15.802 18472 19176 V VideoManager: videoFromCursor
07-05 16:05:15.807 18472 19176 V SummarisedVideosEventHandler: onAdd
07-05 16:05:15.807 18472 19176 V ProcessingVideosEventHandler: onRemove
07-05 16:05:15.818 18472 19176 V SummariserIntentService: onHandleIntent
07-05 16:05:15.819 18472 19176 D SummariserIntentService: Video{id='138097', data='/storage/emulated/0/Movies/raw/20200312_195330.mp4', name='20200312_195330.mp4', size=69990400, visible=true, mimeType='video/mp4'}
07-05 16:05:15.819 18472 19176 D SummariserIntentService: /storage/emulated/0/Movies/summarised/20200312_195330.mp4
07-05 16:05:15.831 18472 18612 W mobile-ffmpeg: [mov,mp4,m4a,3gp,3g2,mj2 @ 0x779b2fe000] Found duplicated MOOV Atom. Skipped it
07-05 16:05:15.942 18472 18612 W mobile-ffmpeg: [graph 0 input from stream 0:0 @ 0x779b5e1540] sws_param option is deprecated and ignored
07-05 16:05:16.351 18472 18853 D SummariserIntentService: Scanned /storage/emulated/0/Movies/summarised
07-05 16:05:16.351 18472 18853 D SummariserIntentService:   -> uri=content://media/external/file/138071
07-05 16:05:25.073 18472 19176 W Summariser: 5 active sections found
07-05 16:05:25.073 18472 19176 I FfmpegTools: Running ffmpeg with:
07-05 16:05:25.073 18472 19176 I FfmpegTools:   -y -i /storage/emulated/0/Movies/raw/20200312_195330.mp4 -filter_complex [0:v]trim=15.014000:23.055000,setpts=PTS-STARTPTS[v0];[0:a]atrim=15.014000:23.055000,asetpts=PTS-STARTPTS[a0];[0:v]trim=24.756000:28.560000,setpts=PTS-STARTPTS[v1];[0:a]atrim=24.756000:28.560000,asetpts=PTS-STARTPTS[a1];[0:v]trim=35.766000:39.970000,setpts=PTS-STARTPTS[v2];[0:a]atrim=35.766000:39.970000,asetpts=PTS-STARTPTS[a2];[0:v]trim=43.306000:47.176000,setpts=PTS-STARTPTS[v3];[0:a]atrim=43.306000:47.176000,asetpts=PTS-STARTPTS[a3];[0:v]trim=52.381000:55.817000,setpts=PTS-STARTPTS[v4];[0:a]atrim=52.381000:55.817000,asetpts=PTS-STARTPTS[a4];[v0][a0][v1][a1][v2][a2][v3][a3][v4][a4]concat=n=5:v=1:a=1[outv][outa] -map [outv] -map [outa] -crf 23 -preset medium /storage/emulated/0/Movies/summarised/20200312_195330.mp4
07-05 16:05:25.080 18472 18612 W mobile-ffmpeg: [mov,mp4,m4a,3gp,3g2,mj2 @ 0x779b2fe000] Found duplicated MOOV Atom. Skipped it
07-05 16:05:25.150 18472 18612 W mobile-ffmpeg: [graph 0 input from stream 0:0 @ 0x779b5e2140] sws_param option is deprecated and ignored
07-05 16:05:25.150 18472 18612 W mobile-ffmpeg: [graph 0 input from stream 0:0 @ 0x779b5e2980] sws_param option is deprecated and ignored
07-05 16:05:25.150 18472 18612 W mobile-ffmpeg: [graph 0 input from stream 0:0 @ 0x779b5e2680] sws_param option is deprecated and ignored
07-05 16:05:25.150 18472 18612 W mobile-ffmpeg: [graph 0 input from stream 0:0 @ 0x779b5e2b00] sws_param option is deprecated and ignored
07-05 16:05:25.150 18472 18612 W mobile-ffmpeg: [graph 0 input from stream 0:0 @ 0x779b5e2c80] sws_param option is deprecated and ignored
07-05 16:05:56.318 18472 19176 V FfmpegTools: Retrieving duration of /storage/emulated/0/Movies/raw/20200312_195330.mp4
07-05 16:05:56.321 18472 18612 W mobile-ffmpeg: [mov,mp4,m4a,3gp,3g2,mj2 @ 0x779b2fe000] Found duplicated MOOV Atom. Skipped it
07-05 16:05:56.359 18472 19176 V FfmpegTools: Retrieving duration of /storage/emulated/0/Movies/summarised/20200312_195330.mp4
07-05 16:05:56.388 18472 19176 W Summariser: Summarisation completed
07-05 16:05:56.388 18472 19176 W Summariser:   filename: 20200312_195330.mp4
07-05 16:05:56.388 18472 19176 W Summariser:   active sections: 5
07-05 16:05:56.388 18472 19176 W Summariser:   time: 40.496s
07-05 16:05:56.388 18472 19176 W Summariser:   original duration: 60.02
07-05 16:05:56.388 18472 19176 W Summariser:   summarised duration: 23.42
07-05 16:05:56.388 18472 19176 W Summariser:   noise tolerance: 45.00
07-05 16:05:56.388 18472 19176 W Summariser:   quality: 23
07-05 16:05:56.388 18472 19176 W Summariser:   speed: medium
07-05 16:05:56.388 18472 19176 W Summariser:   freeze duration: 1.00
07-05 16:05:56.389 18472 19176 V VideoManager: Retrieving video from /storage/emulated/0/Movies/summarised/20200312_195330.mp4
07-05 16:05:56.421 18472 19176 D VideoManager: videoCursor is null
07-05 16:05:56.514 18472 19176 V VideoManager: videoFromCursor
07-05 16:05:56.519 18472 19176 V SummarisedVideosEventHandler: onAdd
07-05 16:05:56.520 18472 19176 V ProcessingVideosEventHandler: onRemove
07-05 16:05:56.531 18472 19176 V SummariserIntentService: onHandleIntent
07-05 16:05:56.532 18472 19176 D SummariserIntentService: Video{id='138098', data='/storage/emulated/0/Movies/raw/20200312_195430.mp4', name='20200312_195430.mp4', size=69990400, visible=true, mimeType='video/mp4'}
07-05 16:05:56.532 18472 19176 D SummariserIntentService: /storage/emulated/0/Movies/summarised/20200312_195430.mp4
07-05 16:05:56.546 18472 18612 W mobile-ffmpeg: [mov,mp4,m4a,3gp,3g2,mj2 @ 0x779b2fe000] Found duplicated MOOV Atom. Skipped it
07-05 16:05:56.674 18472 18612 W mobile-ffmpeg: [graph 0 input from stream 0:0 @ 0x779b5e1540] sws_param option is deprecated and ignored
07-05 16:05:56.822 18472 18485 D SummariserIntentService: Scanned /storage/emulated/0/Movies/summarised
07-05 16:05:56.822 18472 18485 D SummariserIntentService:   -> uri=content://media/external/file/138071
07-05 16:06:05.665 18472 19176 W Summariser: 5 active sections found
07-05 16:06:05.666 18472 19176 I FfmpegTools: Running ffmpeg with:
07-05 16:06:05.666 18472 19176 I FfmpegTools:   -y -i /storage/emulated/0/Movies/raw/20200312_195430.mp4 -filter_complex [0:v]trim=6.739000:12.010000,setpts=PTS-STARTPTS[v0];[0:a]atrim=6.739000:12.010000,asetpts=PTS-STARTPTS[a0];[0:v]trim=19.450000:23.354000,setpts=PTS-STARTPTS[v1];[0:a]atrim=19.450000:23.354000,asetpts=PTS-STARTPTS[a1];[0:v]trim=30.093000:34.263000,setpts=PTS-STARTPTS[v2];[0:a]atrim=30.093000:34.263000,asetpts=PTS-STARTPTS[a2];[0:v]trim=38.801000:42.671000,setpts=PTS-STARTPTS[v3];[0:a]atrim=38.801000:42.671000,asetpts=PTS-STARTPTS[a3];[0:v]trim=50.244000:54.882000,setpts=PTS-STARTPTS[v4];[0:a]atrim=50.244000:54.882000,asetpts=PTS-STARTPTS[a4];[v0][a0][v1][a1][v2][a2][v3][a3][v4][a4]concat=n=5:v=1:a=1[outv][outa] -map [outv] -map [outa] -crf 23 -preset medium /storage/emulated/0/Movies/summarised/20200312_195430.mp4
07-05 16:06:05.673 18472 18612 W mobile-ffmpeg: [mov,mp4,m4a,3gp,3g2,mj2 @ 0x779b2fe000] Found duplicated MOOV Atom. Skipped it
07-05 16:06:05.763 18472 18612 W mobile-ffmpeg: [graph 0 input from stream 0:0 @ 0x779b5e2140] sws_param option is deprecated and ignored
07-05 16:06:05.763 18472 18612 W mobile-ffmpeg: [graph 0 input from stream 0:0 @ 0x779b5e2980] sws_param option is deprecated and ignored
07-05 16:06:05.763 18472 18612 W mobile-ffmpeg: [graph 0 input from stream 0:0 @ 0x779b5e2740] sws_param option is deprecated and ignored
07-05 16:06:05.763 18472 18612 W mobile-ffmpeg: [graph 0 input from stream 0:0 @ 0x779b5e2b00] sws_param option is deprecated and ignored
07-05 16:06:05.763 18472 18612 W mobile-ffmpeg: [graph 0 input from stream 0:0 @ 0x779b5e2c80] sws_param option is deprecated and ignored
07-05 16:06:33.405 18472 19176 V FfmpegTools: Retrieving duration of /storage/emulated/0/Movies/raw/20200312_195430.mp4
07-05 16:06:33.409 18472 18612 W mobile-ffmpeg: [mov,mp4,m4a,3gp,3g2,mj2 @ 0x779b2fe000] Found duplicated MOOV Atom. Skipped it
07-05 16:06:33.465 18472 19176 V FfmpegTools: Retrieving duration of /storage/emulated/0/Movies/summarised/20200312_195430.mp4
07-05 16:06:33.498 18472 19176 W Summariser: Summarisation completed
07-05 16:06:33.498 18472 19176 W Summariser:   filename: 20200312_195430.mp4
07-05 16:06:33.498 18472 19176 W Summariser:   active sections: 5
07-05 16:06:33.498 18472 19176 W Summariser:   time: 36.869s
07-05 16:06:33.498 18472 19176 W Summariser:   original duration: 60.02
07-05 16:06:33.498 18472 19176 W Summariser:   summarised duration: 21.92
07-05 16:06:33.498 18472 19176 W Summariser:   noise tolerance: 45.00
07-05 16:06:33.498 18472 19176 W Summariser:   quality: 23
07-05 16:06:33.498 18472 19176 W Summariser:   speed: medium
07-05 16:06:33.498 18472 19176 W Summariser:   freeze duration: 1.00
07-05 16:06:33.498 18472 19176 V VideoManager: Retrieving video from /storage/emulated/0/Movies/summarised/20200312_195430.mp4
07-05 16:06:33.517 18472 19176 D VideoManager: videoCursor is null
07-05 16:06:33.636 18472 19176 V VideoManager: videoFromCursor
07-05 16:06:33.641 18472 19176 V SummarisedVideosEventHandler: onAdd
07-05 16:06:33.642 18472 19176 V ProcessingVideosEventHandler: onRemove
07-05 16:06:33.930 18472 19841 D SummariserIntentService: Scanned /storage/emulated/0/Movies/summarised
07-05 16:06:33.930 18472 19841 D SummariserIntentService:   -> uri=content://media/external/file/138071
