--------- beginning of main
--------- beginning of system
07-06 01:40:18.724 29146 29146 W LogFactory: Truncating log tag length as it exceed 23, the limit imposed by Android on certain API Levels
07-06 01:40:21.916 29146 29146 E TransferService: No notification is passed in the intent. Unable to transition to foreground.
07-06 01:41:40.899 29146 29146 W NearbyFragment: Completed downloading 20200312_150643!000.mp4 from Endpoint{id=vMbk, name=Galaxy S8 [2802]} in 05.101s
07-06 01:41:41.186 29146 29387 W mobile-ffmpeg: [graph 0 input from stream 0:0 @ 0x7a20e50200] sws_param option is deprecated and ignored
07-06 01:41:44.180 29146 29385 W Summariser: No activity detected
07-06 01:41:44.237 29146 29385 W Summariser: Summarisation completed
07-06 01:41:44.237 29146 29385 W Summariser:   filename: 20200312_150643!000.mp4
07-06 01:41:44.237 29146 29385 W Summariser:   active sections: 0
07-06 01:41:44.237 29146 29385 W Summariser:   time: 03.224s
07-06 01:41:44.237 29146 29385 W Summariser:   original duration: 16.07
07-06 01:41:44.237 29146 29385 W Summariser:   summarised duration: -1.00
07-06 01:41:44.237 29146 29385 W Summariser:   noise tolerance: 45.00
07-06 01:41:44.237 29146 29385 W Summariser:   quality: 23
07-06 01:41:44.237 29146 29385 W Summariser:   speed: medium
07-06 01:41:44.237 29146 29385 W Summariser:   freeze duration: 1.00
07-06 01:41:55.146 29146 29146 W NearbyFragment: Completed downloading 20200312_150643!003.mp4 from Endpoint{id=vMbk, name=Galaxy S8 [2802]} in 14.162s
07-06 01:41:55.296 29146 29387 W mobile-ffmpeg: [graph 0 input from stream 0:0 @ 0x7a20e50200] sws_param option is deprecated and ignored
07-06 01:41:57.593 29146 29413 W Summariser: No activity detected
07-06 01:41:57.644 29146 29413 W Summariser: Summarisation completed
07-06 01:41:57.644 29146 29413 W Summariser:   filename: 20200312_150643!003.mp4
07-06 01:41:57.644 29146 29413 W Summariser:   active sections: 0
07-06 01:41:57.644 29146 29413 W Summariser:   time: 02.406s
07-06 01:41:57.644 29146 29413 W Summariser:   original duration: 12.01
07-06 01:41:57.644 29146 29413 W Summariser:   summarised duration: -1.00
07-06 01:41:57.644 29146 29413 W Summariser:   noise tolerance: 45.00
07-06 01:41:57.644 29146 29413 W Summariser:   quality: 23
07-06 01:41:57.644 29146 29413 W Summariser:   speed: medium
07-06 01:41:57.644 29146 29413 W Summariser:   freeze duration: 1.00
07-06 01:42:10.423 29146 29146 W NearbyFragment: Completed downloading 20200312_150744!000.mp4 from Endpoint{id=vMbk, name=Galaxy S8 [2802]} in 05.131s
07-06 01:42:10.585 29146 29387 W mobile-ffmpeg: [graph 0 input from stream 0:0 @ 0x7a20e50200] sws_param option is deprecated and ignored
07-06 01:42:14.883 29146 29440 W Summariser: No activity detected
07-06 01:42:14.968 29146 29440 W Summariser: Summarisation completed
07-06 01:42:14.968 29146 29440 W Summariser:   filename: 20200312_150744!000.mp4
07-06 01:42:14.968 29146 29440 W Summariser:   active sections: 0
07-06 01:42:14.968 29146 29440 W Summariser:   time: 04.422s
07-06 01:42:14.968 29146 29440 W Summariser:   original duration: 16.07
07-06 01:42:14.968 29146 29440 W Summariser:   summarised duration: -1.00
07-06 01:42:14.968 29146 29440 W Summariser:   noise tolerance: 45.00
07-06 01:42:14.968 29146 29440 W Summariser:   quality: 23
07-06 01:42:14.968 29146 29440 W Summariser:   speed: medium
07-06 01:42:14.968 29146 29440 W Summariser:   freeze duration: 1.00
07-06 01:42:25.403 29146 29146 W NearbyFragment: Completed downloading 20200312_150744!003.mp4 from Endpoint{id=vMbk, name=Galaxy S8 [2802]} in 09.582s
07-06 01:42:25.600 29146 29387 W mobile-ffmpeg: [graph 0 input from stream 0:0 @ 0x7a20e50200] sws_param option is deprecated and ignored
07-06 01:42:28.916 29146 29467 W Summariser: 1 active sections found
07-06 01:42:29.039 29146 29387 W mobile-ffmpeg: [graph 0 input from stream 0:0 @ 0x7a20e50140] sws_param option is deprecated and ignored
07-06 01:42:40.592 29146 29146 W NearbyFragment: Completed downloading 20200312_150844!000.mp4 from Endpoint{id=vMbk, name=Galaxy S8 [2802]} in 04.926s
07-06 01:42:48.573 29146 29467 W Summariser: Summarisation completed
07-06 01:42:48.573 29146 29467 W Summariser:   filename: 20200312_150744!003.mp4
07-06 01:42:48.573 29146 29467 W Summariser:   active sections: 1
07-06 01:42:48.573 29146 29467 W Summariser:   time: 22.985s
07-06 01:42:48.573 29146 29467 W Summariser:   original duration: 12.03
07-06 01:42:48.573 29146 29467 W Summariser:   summarised duration: 4.89
07-06 01:42:48.573 29146 29467 W Summariser:   noise tolerance: 45.00
07-06 01:42:48.573 29146 29467 W Summariser:   quality: 23
07-06 01:42:48.573 29146 29467 W Summariser:   speed: medium
07-06 01:42:48.573 29146 29467 W Summariser:   freeze duration: 1.00
07-06 01:42:48.600 29146 29467 W NearbyFragment: Sending 20200312_150744!003.mp4 to Galaxy S8 [2802]
07-06 01:42:48.756 29146 29387 W mobile-ffmpeg: [graph 0 input from stream 0:0 @ 0x7a20e502c0] sws_param option is deprecated and ignored
07-06 01:42:54.181 29146 29146 W NearbyFragment: Completed downloading 20200312_150844!003.mp4 from Endpoint{id=vMbk, name=Galaxy S8 [2802]} in 05.402s
07-06 01:42:54.924 29146 29467 W Summariser: Whole video is active
07-06 01:42:55.974 29146 29467 W Summariser: Summarisation completed
07-06 01:42:55.974 29146 29467 W Summariser:   filename: 20200312_150844!000.mp4
07-06 01:42:55.974 29146 29467 W Summariser:   active sections: -1
07-06 01:42:55.974 29146 29467 W Summariser:   time: 07.197s
07-06 01:42:55.974 29146 29467 W Summariser:   original duration: 16.06
07-06 01:42:55.974 29146 29467 W Summariser:   summarised duration: 16.06
07-06 01:42:55.974 29146 29467 W Summariser:   noise tolerance: 45.00
07-06 01:42:55.974 29146 29467 W Summariser:   quality: 23
07-06 01:42:55.974 29146 29467 W Summariser:   speed: medium
07-06 01:42:55.974 29146 29467 W Summariser:   freeze duration: 1.00
07-06 01:42:55.997 29146 29467 W NearbyFragment: Sending 20200312_150844!000.mp4 to Galaxy S8 [2802]
07-06 01:42:56.188 29146 29387 W mobile-ffmpeg: [graph 0 input from stream 0:0 @ 0x7a20e50200] sws_param option is deprecated and ignored
07-06 01:43:00.294 29146 29467 W Summariser: Whole video is active
07-06 01:43:01.329 29146 29467 W Summariser: Summarisation completed
07-06 01:43:01.329 29146 29467 W Summariser:   filename: 20200312_150844!003.mp4
07-06 01:43:01.329 29146 29467 W Summariser:   active sections: -1
07-06 01:43:01.329 29146 29467 W Summariser:   time: 05.148s
07-06 01:43:01.329 29146 29467 W Summariser:   original duration: 11.98
07-06 01:43:01.329 29146 29467 W Summariser:   summarised duration: 11.98
07-06 01:43:01.329 29146 29467 W Summariser:   noise tolerance: 45.00
07-06 01:43:01.329 29146 29467 W Summariser:   quality: 23
07-06 01:43:01.329 29146 29467 W Summariser:   speed: medium
07-06 01:43:01.329 29146 29467 W Summariser:   freeze duration: 1.00
07-06 01:43:01.352 29146 29467 W NearbyFragment: Sending 20200312_150844!003.mp4 to Galaxy S8 [2802]
07-06 01:43:41.581 29146 29146 W NearbyFragment: Completed downloading 20200312_150944!002.mp4 from Endpoint{id=vMbk, name=Galaxy S8 [2802]} in 09.364s
07-06 01:43:41.786 29146 29387 W mobile-ffmpeg: [graph 0 input from stream 0:0 @ 0x7a20e50200] sws_param option is deprecated and ignored
07-06 01:43:45.472 29146 29146 W NearbyFragment: Completed downloading 20200312_150944!003.mp4 from Endpoint{id=vMbk, name=Galaxy S8 [2802]} in 08.082s
07-06 01:43:47.859 29146 29559 W Summariser: No activity detected
07-06 01:43:47.970 29146 29559 W Summariser: Summarisation completed
07-06 01:43:47.970 29146 29559 W Summariser:   filename: 20200312_150944!002.mp4
07-06 01:43:47.970 29146 29559 W Summariser:   active sections: 0
07-06 01:43:47.970 29146 29559 W Summariser:   time: 06.226s
07-06 01:43:47.970 29146 29559 W Summariser:   original duration: 16.01
07-06 01:43:47.970 29146 29559 W Summariser:   summarised duration: -1.00
07-06 01:43:47.970 29146 29559 W Summariser:   noise tolerance: 45.00
07-06 01:43:47.970 29146 29559 W Summariser:   quality: 23
07-06 01:43:47.970 29146 29559 W Summariser:   speed: medium
07-06 01:43:47.970 29146 29559 W Summariser:   freeze duration: 1.00
07-06 01:43:48.127 29146 29387 W mobile-ffmpeg: [graph 0 input from stream 0:0 @ 0x7a20e50200] sws_param option is deprecated and ignored
07-06 01:43:52.193 29146 29559 W Summariser: No activity detected
07-06 01:43:52.277 29146 29559 W Summariser: Summarisation completed
07-06 01:43:52.277 29146 29559 W Summariser:   filename: 20200312_150944!003.mp4
07-06 01:43:52.277 29146 29559 W Summariser:   active sections: 0
07-06 01:43:52.277 29146 29559 W Summariser:   time: 04.206s
07-06 01:43:52.277 29146 29559 W Summariser:   original duration: 12.01
07-06 01:43:52.277 29146 29559 W Summariser:   summarised duration: -1.00
07-06 01:43:52.277 29146 29559 W Summariser:   noise tolerance: 45.00
07-06 01:43:52.277 29146 29559 W Summariser:   quality: 23
07-06 01:43:52.277 29146 29559 W Summariser:   speed: medium
07-06 01:43:52.277 29146 29559 W Summariser:   freeze duration: 1.00
07-06 01:44:04.119 29146 29146 W NearbyFragment: Completed downloading 20200312_151044!001.mp4 from Endpoint{id=vMbk, name=Galaxy S8 [2802]} in 11.686s
07-06 01:44:04.314 29146 29387 W mobile-ffmpeg: [graph 0 input from stream 0:0 @ 0x7a20e50200] sws_param option is deprecated and ignored
07-06 01:44:10.384 29146 29590 W Summariser: No activity detected
07-06 01:44:10.489 29146 29590 W Summariser: Summarisation completed
07-06 01:44:10.489 29146 29590 W Summariser:   filename: 20200312_151044!001.mp4
07-06 01:44:10.489 29146 29590 W Summariser:   active sections: 0
07-06 01:44:10.489 29146 29590 W Summariser:   time: 06.221s
07-06 01:44:10.489 29146 29590 W Summariser:   original duration: 16.02
07-06 01:44:10.489 29146 29590 W Summariser:   summarised duration: -1.00
07-06 01:44:10.489 29146 29590 W Summariser:   noise tolerance: 45.00
07-06 01:44:10.489 29146 29590 W Summariser:   quality: 23
07-06 01:44:10.489 29146 29590 W Summariser:   speed: medium
07-06 01:44:10.489 29146 29590 W Summariser:   freeze duration: 1.00
07-06 01:44:13.320 29146 29146 W NearbyFragment: Completed downloading 20200312_151044!002.mp4 from Endpoint{id=vMbk, name=Galaxy S8 [2802]} in 20.716s
07-06 01:44:13.524 29146 29387 W mobile-ffmpeg: [graph 0 input from stream 0:0 @ 0x7a20e50200] sws_param option is deprecated and ignored
07-06 01:44:18.997 29146 29607 W Summariser: No activity detected
07-06 01:44:19.111 29146 29607 W Summariser: Summarisation completed
07-06 01:44:19.111 29146 29607 W Summariser:   filename: 20200312_151044!002.mp4
07-06 01:44:19.111 29146 29607 W Summariser:   active sections: 0
07-06 01:44:19.111 29146 29607 W Summariser:   time: 05.635s
07-06 01:44:19.111 29146 29607 W Summariser:   original duration: 16.01
07-06 01:44:19.111 29146 29607 W Summariser:   summarised duration: -1.00
07-06 01:44:19.111 29146 29607 W Summariser:   noise tolerance: 45.00
07-06 01:44:19.111 29146 29607 W Summariser:   quality: 23
07-06 01:44:19.111 29146 29607 W Summariser:   speed: medium
07-06 01:44:19.111 29146 29607 W Summariser:   freeze duration: 1.00
07-06 01:44:31.063 29146 29146 W NearbyFragment: Completed downloading 20200312_193528!001.mp4 from Endpoint{id=vMbk, name=Galaxy S8 [2802]} in 04.612s
07-06 01:44:31.220 29146 29387 W mobile-ffmpeg: [graph 0 input from stream 0:0 @ 0x7a20e50200] sws_param option is deprecated and ignored
07-06 01:44:37.535 29146 29632 W Summariser: No activity detected
07-06 01:44:37.605 29146 29632 W Summariser: Summarisation completed
07-06 01:44:37.605 29146 29632 W Summariser:   filename: 20200312_193528!001.mp4
07-06 01:44:37.605 29146 29632 W Summariser:   active sections: 0
07-06 01:44:37.605 29146 29632 W Summariser:   time: 06.430s
07-06 01:44:37.605 29146 29632 W Summariser:   original duration: 16.01
07-06 01:44:37.605 29146 29632 W Summariser:   summarised duration: -1.00
07-06 01:44:37.605 29146 29632 W Summariser:   noise tolerance: 45.00
07-06 01:44:37.605 29146 29632 W Summariser:   quality: 23
07-06 01:44:37.605 29146 29632 W Summariser:   speed: medium
07-06 01:44:37.605 29146 29632 W Summariser:   freeze duration: 1.00
07-06 01:44:37.712 29146 29146 W NearbyFragment: Completed downloading 20200312_193528!002.mp4 from Endpoint{id=vMbk, name=Galaxy S8 [2802]} in 07.961s
07-06 01:44:37.870 29146 29387 W mobile-ffmpeg: [graph 0 input from stream 0:0 @ 0x7a20e50200] sws_param option is deprecated and ignored
07-06 01:44:43.311 29146 29649 W Summariser: No activity detected
07-06 01:44:43.389 29146 29649 W Summariser: Summarisation completed
07-06 01:44:43.389 29146 29649 W Summariser:   filename: 20200312_193528!002.mp4
07-06 01:44:43.389 29146 29649 W Summariser:   active sections: 0
07-06 01:44:43.389 29146 29649 W Summariser:   time: 05.558s
07-06 01:44:43.389 29146 29649 W Summariser:   original duration: 16.06
07-06 01:44:43.389 29146 29649 W Summariser:   summarised duration: -1.00
07-06 01:44:43.389 29146 29649 W Summariser:   noise tolerance: 45.00
07-06 01:44:43.389 29146 29649 W Summariser:   quality: 23
07-06 01:44:43.389 29146 29649 W Summariser:   speed: medium
07-06 01:44:43.389 29146 29649 W Summariser:   freeze duration: 1.00
07-06 01:44:59.844 29146 29146 W NearbyFragment: Completed downloading 20200312_193628!001.mp4 from Endpoint{id=vMbk, name=Galaxy S8 [2802]} in 04.901s
07-06 01:45:00.358 29146 29387 W mobile-ffmpeg: [graph 0 input from stream 0:0 @ 0x7a20e50200] sws_param option is deprecated and ignored
07-06 01:45:06.452 29146 29146 W NearbyFragment: Completed downloading 20200312_193628!002.mp4 from Endpoint{id=vMbk, name=Galaxy S8 [2802]} in 08.110s
07-06 01:45:06.688 29146 29669 W Summariser: No activity detected
07-06 01:45:06.793 29146 29669 W Summariser: Summarisation completed
07-06 01:45:06.793 29146 29669 W Summariser:   filename: 20200312_193628!001.mp4
07-06 01:45:06.793 29146 29669 W Summariser:   active sections: 0
07-06 01:45:06.793 29146 29669 W Summariser:   time: 06.793s
07-06 01:45:06.793 29146 29669 W Summariser:   original duration: 16.01
07-06 01:45:06.793 29146 29669 W Summariser:   summarised duration: -1.00
07-06 01:45:06.793 29146 29669 W Summariser:   noise tolerance: 45.00
07-06 01:45:06.793 29146 29669 W Summariser:   quality: 23
07-06 01:45:06.793 29146 29669 W Summariser:   speed: medium
07-06 01:45:06.793 29146 29669 W Summariser:   freeze duration: 1.00
07-06 01:45:06.952 29146 29387 W mobile-ffmpeg: [graph 0 input from stream 0:0 @ 0x7a20e50200] sws_param option is deprecated and ignored
07-06 01:45:12.372 29146 29669 W Summariser: No activity detected
07-06 01:45:12.479 29146 29669 W Summariser: Summarisation completed
07-06 01:45:12.479 29146 29669 W Summariser:   filename: 20200312_193628!002.mp4
07-06 01:45:12.479 29146 29669 W Summariser:   active sections: 0
07-06 01:45:12.479 29146 29669 W Summariser:   time: 05.563s
07-06 01:45:12.479 29146 29669 W Summariser:   original duration: 16.02
07-06 01:45:12.479 29146 29669 W Summariser:   summarised duration: -1.00
07-06 01:45:12.479 29146 29669 W Summariser:   noise tolerance: 45.00
07-06 01:45:12.479 29146 29669 W Summariser:   quality: 23
07-06 01:45:12.479 29146 29669 W Summariser:   speed: medium
07-06 01:45:12.479 29146 29669 W Summariser:   freeze duration: 1.00
07-06 01:45:38.390 29146 29146 W NearbyFragment: Completed downloading 20200312_193728!001.mp4 from Endpoint{id=vMbk, name=Galaxy S8 [2802]} in 14.694s
07-06 01:45:38.583 29146 29387 W mobile-ffmpeg: [graph 0 input from stream 0:0 @ 0x7a20e50200] sws_param option is deprecated and ignored
07-06 01:45:44.962 29146 29708 W Summariser: Whole video is active
07-06 01:45:45.924 29146 29708 W Summariser: Summarisation completed
07-06 01:45:45.924 29146 29708 W Summariser:   filename: 20200312_193728!001.mp4
07-06 01:45:45.924 29146 29708 W Summariser:   active sections: -1
07-06 01:45:45.924 29146 29708 W Summariser:   time: 07.261s
07-06 01:45:45.924 29146 29708 W Summariser:   original duration: 16.01
07-06 01:45:45.924 29146 29708 W Summariser:   summarised duration: 16.01
07-06 01:45:45.924 29146 29708 W Summariser:   noise tolerance: 45.00
07-06 01:45:45.924 29146 29708 W Summariser:   quality: 23
07-06 01:45:45.924 29146 29708 W Summariser:   speed: medium
07-06 01:45:45.924 29146 29708 W Summariser:   freeze duration: 1.00
07-06 01:45:45.946 29146 29708 W NearbyFragment: Sending 20200312_193728!001.mp4 to Galaxy S8 [2802]
07-06 01:45:47.854 29146 29146 W NearbyFragment: Completed downloading 20200312_193728!002.mp4 from Endpoint{id=vMbk, name=Galaxy S8 [2802]} in 19.274s
07-06 01:45:48.072 29146 29387 W mobile-ffmpeg: [graph 0 input from stream 0:0 @ 0x7a20e50200] sws_param option is deprecated and ignored
07-06 01:45:53.678 29146 29725 W Summariser: Whole video is active
07-06 01:45:54.659 29146 29725 W Summariser: Summarisation completed
07-06 01:45:54.659 29146 29725 W Summariser:   filename: 20200312_193728!002.mp4
07-06 01:45:54.659 29146 29725 W Summariser:   active sections: -1
07-06 01:45:54.659 29146 29725 W Summariser:   time: 06.513s
07-06 01:45:54.659 29146 29725 W Summariser:   original duration: 16.01
07-06 01:45:54.659 29146 29725 W Summariser:   summarised duration: 16.01
07-06 01:45:54.659 29146 29725 W Summariser:   noise tolerance: 45.00
07-06 01:45:54.659 29146 29725 W Summariser:   quality: 23
07-06 01:45:54.659 29146 29725 W Summariser:   speed: medium
07-06 01:45:54.659 29146 29725 W Summariser:   freeze duration: 1.00
07-06 01:45:54.683 29146 29725 W NearbyFragment: Sending 20200312_193728!002.mp4 to Galaxy S8 [2802]
07-06 01:46:26.016 29146 29146 W NearbyFragment: Completed downloading 20200312_193828!001.mp4 from Endpoint{id=vMbk, name=Galaxy S8 [2802]} in 06.187s
07-06 01:46:26.206 29146 29387 W mobile-ffmpeg: [graph 0 input from stream 0:0 @ 0x7a20e50200] sws_param option is deprecated and ignored
07-06 01:46:32.409 29146 29146 W NearbyFragment: Completed downloading 20200312_193828!002.mp4 from Endpoint{id=vMbk, name=Galaxy S8 [2802]} in 06.333s
07-06 01:46:32.470 29146 29758 W Summariser: No activity detected
07-06 01:46:32.582 29146 29758 W Summariser: Summarisation completed
07-06 01:46:32.582 29146 29758 W Summariser:   filename: 20200312_193828!001.mp4
07-06 01:46:32.582 29146 29758 W Summariser:   active sections: 0
07-06 01:46:32.582 29146 29758 W Summariser:   time: 06.413s
07-06 01:46:32.582 29146 29758 W Summariser:   original duration: 16.01
07-06 01:46:32.582 29146 29758 W Summariser:   summarised duration: -1.00
07-06 01:46:32.582 29146 29758 W Summariser:   noise tolerance: 45.00
07-06 01:46:32.582 29146 29758 W Summariser:   quality: 23
07-06 01:46:32.582 29146 29758 W Summariser:   speed: medium
07-06 01:46:32.582 29146 29758 W Summariser:   freeze duration: 1.00
07-06 01:46:32.734 29146 29387 W mobile-ffmpeg: [graph 0 input from stream 0:0 @ 0x7a20e50200] sws_param option is deprecated and ignored
07-06 01:46:38.196 29146 29758 W Summariser: No activity detected
07-06 01:46:38.302 29146 29758 W Summariser: Summarisation completed
07-06 01:46:38.302 29146 29758 W Summariser:   filename: 20200312_193828!002.mp4
07-06 01:46:38.302 29146 29758 W Summariser:   active sections: 0
07-06 01:46:38.302 29146 29758 W Summariser:   time: 05.605s
07-06 01:46:38.302 29146 29758 W Summariser:   original duration: 16.01
07-06 01:46:38.302 29146 29758 W Summariser:   summarised duration: -1.00
07-06 01:46:38.302 29146 29758 W Summariser:   noise tolerance: 45.00
07-06 01:46:38.302 29146 29758 W Summariser:   quality: 23
07-06 01:46:38.302 29146 29758 W Summariser:   speed: medium
07-06 01:46:38.302 29146 29758 W Summariser:   freeze duration: 1.00
07-06 01:46:48.160 29146 29146 W NearbyFragment: Completed downloading 20200312_193928!000.mp4 from Endpoint{id=vMbk, name=Galaxy S8 [2802]} in 03.654s
07-06 01:46:48.334 29146 29387 W mobile-ffmpeg: [graph 0 input from stream 0:0 @ 0x7a20e50200] sws_param option is deprecated and ignored
07-06 01:46:54.402 29146 29794 W Summariser: No activity detected
07-06 01:46:54.475 29146 29794 W Summariser: Summarisation completed
07-06 01:46:54.475 29146 29794 W Summariser:   filename: 20200312_193928!000.mp4
07-06 01:46:54.475 29146 29794 W Summariser:   active sections: 0
07-06 01:46:54.475 29146 29794 W Summariser:   time: 06.198s
07-06 01:46:54.475 29146 29794 W Summariser:   original duration: 16.90
07-06 01:46:54.475 29146 29794 W Summariser:   summarised duration: -1.00
07-06 01:46:54.475 29146 29794 W Summariser:   noise tolerance: 45.00
07-06 01:46:54.475 29146 29794 W Summariser:   quality: 23
07-06 01:46:54.475 29146 29794 W Summariser:   speed: medium
07-06 01:46:54.475 29146 29794 W Summariser:   freeze duration: 1.00
07-06 01:46:55.739 29146 29146 W NearbyFragment: Completed downloading 20200312_193928!001.mp4 from Endpoint{id=vMbk, name=Galaxy S8 [2802]} in 07.356s
07-06 01:46:55.938 29146 29387 W mobile-ffmpeg: [graph 0 input from stream 0:0 @ 0x7a20e4ffc0] sws_param option is deprecated and ignored
07-06 01:47:01.636 29146 29810 W Summariser: No activity detected
07-06 01:47:01.746 29146 29810 W Summariser: Summarisation completed
07-06 01:47:01.746 29146 29810 W Summariser:   filename: 20200312_193928!001.mp4
07-06 01:47:01.746 29146 29810 W Summariser:   active sections: 0
07-06 01:47:01.746 29146 29810 W Summariser:   time: 05.865s
07-06 01:47:01.746 29146 29810 W Summariser:   original duration: 16.05
07-06 01:47:01.746 29146 29810 W Summariser:   summarised duration: -1.00
07-06 01:47:01.746 29146 29810 W Summariser:   noise tolerance: 45.00
07-06 01:47:01.746 29146 29810 W Summariser:   quality: 23
07-06 01:47:01.746 29146 29810 W Summariser:   speed: medium
07-06 01:47:01.746 29146 29810 W Summariser:   freeze duration: 1.00
07-06 01:47:03.187 29146 29146 W NearbyFragment: Completed downloading 20200312_193928!003.mp4 from Endpoint{id=vMbk, name=Galaxy S8 [2802]} in 07.395s
07-06 01:47:03.373 29146 29387 W mobile-ffmpeg: [graph 0 input from stream 0:0 @ 0x7a20e4ffc0] sws_param option is deprecated and ignored
07-06 01:47:07.458 29146 29830 W Summariser: No activity detected
07-06 01:47:07.567 29146 29830 W Summariser: Summarisation completed
07-06 01:47:07.567 29146 29830 W Summariser:   filename: 20200312_193928!003.mp4
07-06 01:47:07.567 29146 29830 W Summariser:   active sections: 0
07-06 01:47:07.567 29146 29830 W Summariser:   time: 04.230s
07-06 01:47:07.567 29146 29830 W Summariser:   original duration: 12.01
07-06 01:47:07.567 29146 29830 W Summariser:   summarised duration: -1.00
07-06 01:47:07.567 29146 29830 W Summariser:   noise tolerance: 45.00
07-06 01:47:07.567 29146 29830 W Summariser:   quality: 23
07-06 01:47:07.567 29146 29830 W Summariser:   speed: medium
07-06 01:47:07.567 29146 29830 W Summariser:   freeze duration: 1.00
07-06 01:47:17.010 29146 29146 W NearbyFragment: Completed downloading 20200312_194129!000.mp4 from Endpoint{id=vMbk, name=Galaxy S8 [2802]} in 04.465s
07-06 01:47:17.164 29146 29387 W mobile-ffmpeg: [graph 0 input from stream 0:0 @ 0x7a20e4ffc0] sws_param option is deprecated and ignored
07-06 01:47:22.765 29146 29848 W Summariser: No activity detected
07-06 01:47:22.837 29146 29848 W Summariser: Summarisation completed
07-06 01:47:22.837 29146 29848 W Summariser:   filename: 20200312_194129!000.mp4
07-06 01:47:22.837 29146 29848 W Summariser:   active sections: 0
07-06 01:47:22.837 29146 29848 W Summariser:   time: 05.719s
07-06 01:47:22.837 29146 29848 W Summariser:   original duration: 16.07
07-06 01:47:22.837 29146 29848 W Summariser:   summarised duration: -1.00
07-06 01:47:22.837 29146 29848 W Summariser:   noise tolerance: 45.00
07-06 01:47:22.837 29146 29848 W Summariser:   quality: 23
07-06 01:47:22.837 29146 29848 W Summariser:   speed: medium
07-06 01:47:22.837 29146 29848 W Summariser:   freeze duration: 1.00
07-06 01:47:28.606 29146 29146 W NearbyFragment: Completed downloading 20200312_194129!002.mp4 from Endpoint{id=vMbk, name=Galaxy S8 [2802]} in 08.709s
07-06 01:47:28.800 29146 29387 W mobile-ffmpeg: [graph 0 input from stream 0:0 @ 0x7a20e4ffc0] sws_param option is deprecated and ignored
07-06 01:47:34.340 29146 29868 W Summariser: 1 active sections found
07-06 01:47:34.500 29146 29387 W mobile-ffmpeg: [graph 0 input from stream 0:0 @ 0x7a20e4ff00] sws_param option is deprecated and ignored
07-06 01:47:50.904 29146 29146 W NearbyFragment: Completed downloading 20200312_194229!000.mp4 from Endpoint{id=vMbk, name=Galaxy S8 [2802]} in 09.254s
07-06 01:48:01.457 29146 29868 W Summariser: Summarisation completed
07-06 01:48:01.457 29146 29868 W Summariser:   filename: 20200312_194129!002.mp4
07-06 01:48:01.457 29146 29868 W Summariser:   active sections: 1
07-06 01:48:01.457 29146 29868 W Summariser:   time: 32.643s
07-06 01:48:01.457 29146 29868 W Summariser:   original duration: 16.01
07-06 01:48:01.457 29146 29868 W Summariser:   summarised duration: 7.37
07-06 01:48:01.457 29146 29868 W Summariser:   noise tolerance: 45.00
07-06 01:48:01.457 29146 29868 W Summariser:   quality: 23
07-06 01:48:01.457 29146 29868 W Summariser:   speed: medium
07-06 01:48:01.457 29146 29868 W Summariser:   freeze duration: 1.00
07-06 01:48:01.475 29146 29868 W NearbyFragment: Sending 20200312_194129!002.mp4 to Galaxy S8 [2802]
07-06 01:48:01.627 29146 29387 W mobile-ffmpeg: [graph 0 input from stream 0:0 @ 0x7a20e50080] sws_param option is deprecated and ignored
07-06 01:48:07.303 29146 29868 W Summariser: 1 active sections found
07-06 01:48:07.435 29146 29387 W mobile-ffmpeg: [graph 0 input from stream 0:0 @ 0x7a20e4ff00] sws_param option is deprecated and ignored
07-06 01:48:20.650 29146 29146 W NearbyFragment: Completed downloading 20200312_194229!003.mp4 from Endpoint{id=vMbk, name=Galaxy S8 [2802]} in 19.008s
07-06 01:48:31.257 29146 29868 W Summariser: Summarisation completed
07-06 01:48:31.257 29146 29868 W Summariser:   filename: 20200312_194229!000.mp4
07-06 01:48:31.257 29146 29868 W Summariser:   active sections: 1
07-06 01:48:31.257 29146 29868 W Summariser:   time: 29.648s
07-06 01:48:31.257 29146 29868 W Summariser:   original duration: 16.06
07-06 01:48:31.257 29146 29868 W Summariser:   summarised duration: 5.62
07-06 01:48:31.257 29146 29868 W Summariser:   noise tolerance: 45.00
07-06 01:48:31.257 29146 29868 W Summariser:   quality: 23
07-06 01:48:31.257 29146 29868 W Summariser:   speed: medium
07-06 01:48:31.257 29146 29868 W Summariser:   freeze duration: 1.00
07-06 01:48:31.276 29146 29868 W NearbyFragment: Sending 20200312_194229!000.mp4 to Galaxy S8 [2802]
07-06 01:48:31.415 29146 29387 W mobile-ffmpeg: [graph 0 input from stream 0:0 @ 0x7a20e50080] sws_param option is deprecated and ignored
07-06 01:48:36.367 29146 29868 W Summariser: No activity detected
07-06 01:48:36.432 29146 29868 W Summariser: Summarisation completed
07-06 01:48:36.432 29146 29868 W Summariser:   filename: 20200312_194229!003.mp4
07-06 01:48:36.432 29146 29868 W Summariser:   active sections: 0
07-06 01:48:36.432 29146 29868 W Summariser:   time: 05.076s
07-06 01:48:36.432 29146 29868 W Summariser:   original duration: 11.98
07-06 01:48:36.432 29146 29868 W Summariser:   summarised duration: -1.00
07-06 01:48:36.432 29146 29868 W Summariser:   noise tolerance: 45.00
07-06 01:48:36.432 29146 29868 W Summariser:   quality: 23
07-06 01:48:36.432 29146 29868 W Summariser:   speed: medium
07-06 01:48:36.432 29146 29868 W Summariser:   freeze duration: 1.00
07-06 01:48:36.984 29146 29146 W NearbyFragment: Completed downloading 20200312_194330!002.mp4 from Endpoint{id=vMbk, name=Galaxy S8 [2802]} in 21.672s
07-06 01:48:37.177 29146 29387 W mobile-ffmpeg: [graph 0 input from stream 0:0 @ 0x7a20e4ffc0] sws_param option is deprecated and ignored
07-06 01:48:42.608 29146 29970 W Summariser: No activity detected
07-06 01:48:42.710 29146 29970 W Summariser: Summarisation completed
07-06 01:48:42.710 29146 29970 W Summariser:   filename: 20200312_194330!002.mp4
07-06 01:48:42.710 29146 29970 W Summariser:   active sections: 0
07-06 01:48:42.710 29146 29970 W Summariser:   time: 05.589s
07-06 01:48:42.710 29146 29970 W Summariser:   original duration: 16.01
07-06 01:48:42.710 29146 29970 W Summariser:   summarised duration: -1.00
07-06 01:48:42.710 29146 29970 W Summariser:   noise tolerance: 45.00
07-06 01:48:42.710 29146 29970 W Summariser:   quality: 23
07-06 01:48:42.710 29146 29970 W Summariser:   speed: medium
07-06 01:48:42.710 29146 29970 W Summariser:   freeze duration: 1.00
07-06 01:49:04.031 29146 29146 W NearbyFragment: Completed downloading 20200312_194730!001.mp4 from Endpoint{id=vMbk, name=Galaxy S8 [2802]} in 11.378s
07-06 01:49:04.218 29146 29387 W mobile-ffmpeg: [graph 0 input from stream 0:0 @ 0x7a20e4ffc0] sws_param option is deprecated and ignored
07-06 01:49:09.698 29146 29987 W Summariser: No activity detected
07-06 01:49:09.805 29146 29987 W Summariser: Summarisation completed
07-06 01:49:09.805 29146 29987 W Summariser:   filename: 20200312_194730!001.mp4
07-06 01:49:09.805 29146 29987 W Summariser:   active sections: 0
07-06 01:49:09.805 29146 29987 W Summariser:   time: 05.622s
07-06 01:49:09.805 29146 29987 W Summariser:   original duration: 16.02
07-06 01:49:09.805 29146 29987 W Summariser:   summarised duration: -1.00
07-06 01:49:09.805 29146 29987 W Summariser:   noise tolerance: 45.00
07-06 01:49:09.805 29146 29987 W Summariser:   quality: 23
07-06 01:49:09.805 29146 29987 W Summariser:   speed: medium
07-06 01:49:09.805 29146 29987 W Summariser:   freeze duration: 1.00
07-06 01:49:37.417 29146 29146 W NearbyFragment: Completed downloading 20200312_194830!000.mp4 from Endpoint{id=vMbk, name=Galaxy S8 [2802]} in 18.083s
07-06 01:49:37.606 29146 29387 W mobile-ffmpeg: [graph 0 input from stream 0:0 @ 0x7a20e4fd80] sws_param option is deprecated and ignored
07-06 01:49:43.285 29146 30010 W Summariser: 1 active sections found
07-06 01:49:43.402 29146 29387 W mobile-ffmpeg: [graph 0 input from stream 0:0 @ 0x7a20e4fcc0] sws_param option is deprecated and ignored
07-06 01:49:53.691 29146 29146 W NearbyFragment: Completed downloading 20200312_194830!002.mp4 from Endpoint{id=vMbk, name=Galaxy S8 [2802]} in 28.046s
07-06 01:50:03.130 29146 30010 W Summariser: Summarisation completed
07-06 01:50:03.130 29146 30010 W Summariser:   filename: 20200312_194830!000.mp4
07-06 01:50:03.130 29146 30010 W Summariser:   active sections: 1
07-06 01:50:03.130 29146 30010 W Summariser:   time: 25.524s
07-06 01:50:03.130 29146 30010 W Summariser:   original duration: 16.06
07-06 01:50:03.130 29146 30010 W Summariser:   summarised duration: 3.97
07-06 01:50:03.130 29146 30010 W Summariser:   noise tolerance: 45.00
07-06 01:50:03.130 29146 30010 W Summariser:   quality: 23
07-06 01:50:03.130 29146 30010 W Summariser:   speed: medium
07-06 01:50:03.130 29146 30010 W Summariser:   freeze duration: 1.00
07-06 01:50:03.149 29146 30010 W NearbyFragment: Sending 20200312_194830!000.mp4 to Galaxy S8 [2802]
07-06 01:50:03.321 29146 29387 W mobile-ffmpeg: [graph 0 input from stream 0:0 @ 0x7a20e4fe40] sws_param option is deprecated and ignored
07-06 01:50:09.497 29146 30010 W Summariser: 2 active sections found
07-06 01:50:09.650 29146 29387 W mobile-ffmpeg: [graph 0 input from stream 0:0 @ 0x7a20e4fd80] sws_param option is deprecated and ignored
07-06 01:50:09.650 29146 29387 W mobile-ffmpeg: [graph 0 input from stream 0:0 @ 0x7a20e50140] sws_param option is deprecated and ignored
07-06 01:50:25.480 29146 29146 W NearbyFragment: Completed downloading 20200312_194930!001.mp4 from Endpoint{id=vMbk, name=Galaxy S8 [2802]} in 31.712s
07-06 01:50:44.555 29146 30010 W Summariser: Summarisation completed
07-06 01:50:44.555 29146 30010 W Summariser:   filename: 20200312_194830!002.mp4
07-06 01:50:44.555 29146 30010 W Summariser:   active sections: 2
07-06 01:50:44.555 29146 30010 W Summariser:   time: 41.245s
07-06 01:50:44.555 29146 30010 W Summariser:   original duration: 16.01
07-06 01:50:44.555 29146 30010 W Summariser:   summarised duration: 8.84
07-06 01:50:44.555 29146 30010 W Summariser:   noise tolerance: 45.00
07-06 01:50:44.555 29146 30010 W Summariser:   quality: 23
07-06 01:50:44.555 29146 30010 W Summariser:   speed: medium
07-06 01:50:44.555 29146 30010 W Summariser:   freeze duration: 1.00
07-06 01:50:44.579 29146 30010 W NearbyFragment: Sending 20200312_194830!002.mp4 to Galaxy S8 [2802]
07-06 01:50:44.776 29146 29387 W mobile-ffmpeg: [graph 0 input from stream 0:0 @ 0x7a20e4fa80] sws_param option is deprecated and ignored
07-06 01:50:50.796 29146 30010 W Summariser: 1 active sections found
07-06 01:50:50.965 29146 29387 W mobile-ffmpeg: [graph 0 input from stream 0:0 @ 0x7a20e4f840] sws_param option is deprecated and ignored
07-06 01:50:51.327 29146 29146 W NearbyFragment: Completed downloading 20200312_195230!000.mp4 from Endpoint{id=vMbk, name=Galaxy S8 [2802]} in 37.075s
07-06 01:50:58.402 29146 30010 W Summariser: Summarisation completed
07-06 01:50:58.402 29146 30010 W Summariser:   filename: 20200312_194930!001.mp4
07-06 01:50:58.402 29146 30010 W Summariser:   active sections: 1
07-06 01:50:58.402 29146 30010 W Summariser:   time: 13.652s
07-06 01:50:58.402 29146 30010 W Summariser:   original duration: 16.01
07-06 01:50:58.402 29146 30010 W Summariser:   summarised duration: 2.02
07-06 01:50:58.402 29146 30010 W Summariser:   noise tolerance: 45.00
07-06 01:50:58.402 29146 30010 W Summariser:   quality: 23
07-06 01:50:58.402 29146 30010 W Summariser:   speed: medium
07-06 01:50:58.402 29146 30010 W Summariser:   freeze duration: 1.00
07-06 01:50:58.421 29146 30010 W NearbyFragment: Sending 20200312_194930!001.mp4 to Galaxy S8 [2802]
07-06 01:50:58.542 29146 29387 W mobile-ffmpeg: [graph 0 input from stream 0:0 @ 0x7a20e4fd80] sws_param option is deprecated and ignored
07-06 01:51:04.423 29146 30010 W Summariser: No activity detected
07-06 01:51:04.487 29146 30010 W Summariser: Summarisation completed
07-06 01:51:04.487 29146 30010 W Summariser:   filename: 20200312_195230!000.mp4
07-06 01:51:04.487 29146 30010 W Summariser:   active sections: 0
07-06 01:51:04.487 29146 30010 W Summariser:   time: 05.987s
07-06 01:51:04.487 29146 30010 W Summariser:   original duration: 16.07
07-06 01:51:04.487 29146 30010 W Summariser:   summarised duration: -1.00
07-06 01:51:04.487 29146 30010 W Summariser:   noise tolerance: 45.00
07-06 01:51:04.487 29146 30010 W Summariser:   quality: 23
07-06 01:51:04.487 29146 30010 W Summariser:   speed: medium
07-06 01:51:04.487 29146 30010 W Summariser:   freeze duration: 1.00
07-06 01:51:11.653 29146 29146 W NearbyFragment: Completed downloading 20200312_195330!000.mp4 from Endpoint{id=vMbk, name=Galaxy S8 [2802]} in 31.927s
07-06 01:51:11.852 29146 29387 W mobile-ffmpeg: [graph 0 input from stream 0:0 @ 0x7a20e4fd80] sws_param option is deprecated and ignored
07-06 01:51:18.979 29146 30162 W Summariser: 1 active sections found
07-06 01:51:19.126 29146 29387 W mobile-ffmpeg: [graph 0 input from stream 0:0 @ 0x7a20e4fcc0] sws_param option is deprecated and ignored
07-06 01:51:20.568 29146 29146 W NearbyFragment: Completed downloading 20200312_195330!001.mp4 from Endpoint{id=vMbk, name=Galaxy S8 [2802]} in 34.366s
07-06 01:51:28.956 29146 30162 W Summariser: Summarisation completed
07-06 01:51:28.956 29146 30162 W Summariser:   filename: 20200312_195330!000.mp4
07-06 01:51:28.956 29146 30162 W Summariser:   active sections: 1
07-06 01:51:28.956 29146 30162 W Summariser:   time: 17.113s
07-06 01:51:28.956 29146 30162 W Summariser:   original duration: 16.07
07-06 01:51:28.956 29146 30162 W Summariser:   summarised duration: 1.11
07-06 01:51:28.956 29146 30162 W Summariser:   noise tolerance: 45.00
07-06 01:51:28.956 29146 30162 W Summariser:   quality: 23
07-06 01:51:28.956 29146 30162 W Summariser:   speed: medium
07-06 01:51:28.956 29146 30162 W Summariser:   freeze duration: 1.00
07-06 01:51:28.979 29146 30162 W NearbyFragment: Sending 20200312_195330!000.mp4 to Galaxy S8 [2802]
07-06 01:51:29.198 29146 29387 W mobile-ffmpeg: [graph 0 input from stream 0:0 @ 0x7a20e4fe40] sws_param option is deprecated and ignored
07-06 01:51:35.758 29146 30162 W Summariser: 2 active sections found
07-06 01:51:35.947 29146 29387 W mobile-ffmpeg: [graph 0 input from stream 0:0 @ 0x7a20e4ffc0] sws_param option is deprecated and ignored
07-06 01:51:35.948 29146 29387 W mobile-ffmpeg: [graph 0 input from stream 0:0 @ 0x7a20e50140] sws_param option is deprecated and ignored
07-06 01:51:45.680 29146 29146 W NearbyFragment: Completed downloading 20200312_195430!001.mp4 from Endpoint{id=vMbk, name=Galaxy S8 [2802]} in 33.378s
07-06 01:51:55.793 29146 29146 W NearbyFragment: Completed downloading 20200312_195430!002.mp4 from Endpoint{id=vMbk, name=Galaxy S8 [2802]} in 36.399s
07-06 01:52:33.609 29146 30162 W Summariser: Summarisation completed
07-06 01:52:33.609 29146 30162 W Summariser:   filename: 20200312_195330!001.mp4
07-06 01:52:33.609 29146 30162 W Summariser:   active sections: 2
07-06 01:52:33.609 29146 30162 W Summariser:   time: 64.371s
07-06 01:52:33.609 29146 30162 W Summariser:   original duration: 16.02
07-06 01:52:33.609 29146 30162 W Summariser:   summarised duration: 10.91
07-06 01:52:33.609 29146 30162 W Summariser:   noise tolerance: 45.00
07-06 01:52:33.609 29146 30162 W Summariser:   quality: 23
07-06 01:52:33.609 29146 30162 W Summariser:   speed: medium
07-06 01:52:33.609 29146 30162 W Summariser:   freeze duration: 1.00
07-06 01:52:33.635 29146 30162 W NearbyFragment: Sending 20200312_195330!001.mp4 to Galaxy S8 [2802]
07-06 01:52:33.894 29146 29387 W mobile-ffmpeg: [graph 0 input from stream 0:0 @ 0x7a20e4f780] sws_param option is deprecated and ignored
07-06 01:52:42.069 29146 30162 W Summariser: 2 active sections found
07-06 01:52:42.239 29146 29387 W mobile-ffmpeg: [graph 0 input from stream 0:0 @ 0x7a20e4fb40] sws_param option is deprecated and ignored
07-06 01:52:42.239 29146 29387 W mobile-ffmpeg: [graph 0 input from stream 0:0 @ 0x7a20e50140] sws_param option is deprecated and ignored
07-06 01:53:06.059 29146 30162 W Summariser: Summarisation completed
07-06 01:53:06.059 29146 30162 W Summariser:   filename: 20200312_195430!001.mp4
07-06 01:53:06.059 29146 30162 W Summariser:   active sections: 2
07-06 01:53:06.059 29146 30162 W Summariser:   time: 32.236s
07-06 01:53:06.059 29146 30162 W Summariser:   original duration: 16.01
07-06 01:53:06.059 29146 30162 W Summariser:   summarised duration: 5.90
07-06 01:53:06.059 29146 30162 W Summariser:   noise tolerance: 45.00
07-06 01:53:06.059 29146 30162 W Summariser:   quality: 23
07-06 01:53:06.059 29146 30162 W Summariser:   speed: medium
07-06 01:53:06.059 29146 30162 W Summariser:   freeze duration: 1.00
07-06 01:53:06.083 29146 30162 W NearbyFragment: Sending 20200312_195430!001.mp4 to Galaxy S8 [2802]
07-06 01:53:06.287 29146 29387 W mobile-ffmpeg: [graph 0 input from stream 0:0 @ 0x7a20e4fb40] sws_param option is deprecated and ignored
07-06 01:53:11.795 29146 30162 W Summariser: 2 active sections found
07-06 01:53:11.943 29146 29387 W mobile-ffmpeg: [graph 0 input from stream 0:0 @ 0x7a20e4ffc0] sws_param option is deprecated and ignored
07-06 01:53:11.943 29146 29387 W mobile-ffmpeg: [graph 0 input from stream 0:0 @ 0x7a20e50140] sws_param option is deprecated and ignored
07-06 01:53:31.975 29146 30162 W Summariser: Summarisation completed
07-06 01:53:31.975 29146 30162 W Summariser:   filename: 20200312_195430!002.mp4
07-06 01:53:31.975 29146 30162 W Summariser:   active sections: 2
07-06 01:53:31.975 29146 30162 W Summariser:   time: 25.714s
07-06 01:53:31.975 29146 30162 W Summariser:   original duration: 16.01
07-06 01:53:31.975 29146 30162 W Summariser:   summarised duration: 6.17
07-06 01:53:31.975 29146 30162 W Summariser:   noise tolerance: 45.00
07-06 01:53:31.975 29146 30162 W Summariser:   quality: 23
07-06 01:53:31.975 29146 30162 W Summariser:   speed: medium
07-06 01:53:31.975 29146 30162 W Summariser:   freeze duration: 1.00
07-06 01:53:31.992 29146 30162 W NearbyFragment: Sending 20200312_195430!002.mp4 to Galaxy S8 [2802]
