--------- beginning of main
07-06 01:40:18.389 24752 24752 E Zygote  : isWhitelistProcess - Process is Whitelisted
07-06 01:40:18.392 24752 24752 E Zygote  : accessInfo : 1
--------- beginning of system
07-06 01:40:19.867 24752 24752 W LogFactory: Truncating log tag length as it exceed 23, the limit imposed by Android on certain API Levels
07-06 01:40:21.961 24752 24752 W ActivityThread: handleWindowVisibility: no activity for token android.os.BinderProxy@5e6eb33
07-06 01:40:22.047 24752 24752 W example.edgesu: Accessing hidden method Landroid/graphics/drawable/Drawable;->getOpticalInsets()Landroid/graphics/Insets; (light greylist, linking)
07-06 01:40:22.047 24752 24752 W example.edgesu: Accessing hidden field Landroid/graphics/Insets;->left:I (light greylist, linking)
07-06 01:40:22.047 24752 24752 W example.edgesu: Accessing hidden field Landroid/graphics/Insets;->right:I (light greylist, linking)
07-06 01:40:22.047 24752 24752 W example.edgesu: Accessing hidden field Landroid/graphics/Insets;->top:I (light greylist, linking)
07-06 01:40:22.047 24752 24752 W example.edgesu: Accessing hidden field Landroid/graphics/Insets;->bottom:I (light greylist, linking)
07-06 01:40:22.094 24752 24752 W example.edgesu: Accessing hidden method Landroid/view/View;->computeFitSystemWindows(Landroid/graphics/Rect;Landroid/graphics/Rect;)Z (light greylist, reflection)
07-06 01:40:22.095 24752 24752 W example.edgesu: Accessing hidden method Landroid/view/ViewGroup;->makeOptionalFitsSystemWindows()V (light greylist, reflection)
07-06 01:40:22.199 24752 24752 W example.edgesu: Accessing hidden method Landroid/widget/TextView;->getTextDirectionHeuristic()Landroid/text/TextDirectionHeuristic; (light greylist, linking)
07-06 01:40:22.207 24752 24752 W example.edgesu: Accessing hidden field Landroid/view/View;->mAccessibilityDelegate:Landroid/view/View$AccessibilityDelegate; (light greylist, reflection)
07-06 01:40:22.531 24752 24752 E TransferService: No notification is passed in the intent. Unable to transition to foreground.
07-06 01:40:22.581 24752 24752 W StaticLayout: maxLineHeight should not be -1.  maxLines:1 lineCount:1
07-06 01:40:22.595 24752 24752 W StaticLayout: maxLineHeight should not be -1.  maxLines:1 lineCount:1
07-06 01:40:22.599 24752 24752 W StaticLayout: maxLineHeight should not be -1.  maxLines:1 lineCount:1
07-06 01:40:22.615 24752 24752 W StaticLayout: maxLineHeight should not be -1.  maxLines:1 lineCount:1
07-06 01:40:22.619 24752 24752 W StaticLayout: maxLineHeight should not be -1.  maxLines:1 lineCount:1
07-06 01:40:42.256 24752 24752 W example.edgesu: Accessing hidden method Landroid/graphics/FontFamily;-><init>()V (light greylist, reflection)
07-06 01:40:42.257 24752 24752 W example.edgesu: Accessing hidden method Landroid/graphics/FontFamily;->addFontFromAssetManager(Landroid/content/res/AssetManager;Ljava/lang/String;IZIII[Landroid/graphics/fonts/FontVariationAxis;)Z (light greylist, reflection)
07-06 01:40:42.257 24752 24752 W example.edgesu: Accessing hidden method Landroid/graphics/FontFamily;->addFontFromBuffer(Ljava/nio/ByteBuffer;I[Landroid/graphics/fonts/FontVariationAxis;II)Z (light greylist, reflection)
07-06 01:40:42.257 24752 24752 W example.edgesu: Accessing hidden method Landroid/graphics/FontFamily;->freeze()Z (light greylist, reflection)
07-06 01:40:42.257 24752 24752 W example.edgesu: Accessing hidden method Landroid/graphics/FontFamily;->abortCreation()V (light greylist, reflection)
07-06 01:40:42.257 24752 24752 W example.edgesu: Accessing hidden method Landroid/graphics/Typeface;->createFromFamiliesWithDefault([Landroid/graphics/FontFamily;Ljava/lang/String;II)Landroid/graphics/Typeface; (light greylist, reflection)
07-06 01:40:43.144 24752 24777 W libEGL  : EGLNativeWindowType 0x78d6772010 disconnect failed
07-06 01:40:43.186 24752 24752 E ViewRootImpl: sendUserActionEvent() returned.
07-06 01:40:49.796 24752 24777 W libEGL  : EGLNativeWindowType 0x78d6534010 disconnect failed
07-06 01:40:49.902 24752 24752 E ViewRootImpl: sendUserActionEvent() returned.
07-06 01:40:59.436 24752 24777 W libEGL  : EGLNativeWindowType 0x78d6236010 disconnect failed
07-06 01:40:59.559 24752 24752 E ViewRootImpl: sendUserActionEvent() returned.
07-06 01:41:19.075 24752 24752 W NearbyFragment: Preferences:
07-06 01:41:19.075 24752 24752 W NearbyFragment:   Auto download: true
07-06 01:41:19.075 24752 24752 W NearbyFragment:   Algorithm: ordered
07-06 01:41:19.075 24752 24752 W NearbyFragment:   Fast scheduling: true
07-06 01:41:19.075 24752 24752 W NearbyFragment:   Segmentation: true
07-06 01:41:19.075 24752 24752 W NearbyFragment:   Auto segmentation: false
07-06 01:41:19.075 24752 24752 W NearbyFragment:   Segment number: 4
07-06 01:41:19.075 24752 24752 W NearbyFragment:   Noise tolerance: 45.00
07-06 01:41:19.075 24752 24752 W NearbyFragment:   Quality: 23
07-06 01:41:19.075 24752 24752 W NearbyFragment:   Speed: medium
07-06 01:41:19.075 24752 24752 W NearbyFragment:   Freeze duration: 1.00
07-06 01:41:19.075 24752 24752 W NearbyFragment: Download delay: 1s
07-06 01:41:19.075 24752 24752 W NearbyFragment: Started downloading from dashcam
07-06 01:41:36.966 24752 25045 W DashDownloadManager: Successfully downloaded 20200312_150643.mp4 in 17.691s
07-06 01:41:37.093 24752 25064 W mobile-ffmpeg: [mov,mp4,m4a,3gp,3g2,mj2 @ 0x78ef0ba400] Found duplicated MOOV Atom. Skipped it
07-06 01:41:37.219 24752 25064 W mobile-ffmpeg: [mov,mp4,m4a,3gp,3g2,mj2 @ 0x78ef0ba400] Found duplicated MOOV Atom. Skipped it
07-06 01:41:37.539 24752 25045 W NearbyFragment: Sending 20200312_150643!000.mp4 to Nexus 5X [34d8]
07-06 01:41:37.546 24752 25045 W NearbyFragment: Sending 20200312_150643!001.mp4 to Nexus 5 [1825]
07-06 01:41:37.552 24752 25045 W NearbyFragment: Sending 20200312_150643!002.mp4 to Nexus 5X [9c8f]
07-06 01:41:42.842 24752 24752 W NearbyFragment: Sending 20200312_150643!003.mp4 to Nexus 5X [34d8]
07-06 01:41:50.864 24752 24752 W example.edgesu: Accessing hidden method Landroid/view/View;->getTransitionAlpha()F (light greylist, linking)
07-06 01:41:50.864 24752 24752 W example.edgesu: Accessing hidden method Landroid/view/View;->setTransitionAlpha(F)V (light greylist, linking)
07-06 01:41:50.866 24752 24752 W example.edgesu: Accessing hidden method Landroid/view/View;->setAnimationMatrix(Landroid/graphics/Matrix;)V (light greylist, linking)
07-06 01:41:50.866 24752 24752 W example.edgesu: Accessing hidden method Landroid/view/View;->transformMatrixToGlobal(Landroid/graphics/Matrix;)V (light greylist, linking)
07-06 01:41:50.868 24752 24752 W example.edgesu: Accessing hidden method Landroid/view/View;->transformMatrixToLocal(Landroid/graphics/Matrix;)V (light greylist, linking)
07-06 01:41:50.868 24752 24752 W example.edgesu: Accessing hidden method Landroid/view/View;->setLeftTopRightBottom(IIII)V (light greylist, linking)
07-06 01:41:50.868 24752 24752 W example.edgesu: Accessing hidden method Landroid/view/View;->setTransitionVisibility(I)V (dark greylist, linking)
07-06 01:41:50.911 24752 24752 W StaticLayout: maxLineHeight should not be -1.  maxLines:1 lineCount:1
07-06 01:41:50.916 24752 24752 W StaticLayout: maxLineHeight should not be -1.  maxLines:1 lineCount:1
07-06 01:41:50.926 24752 24752 W example.edgesu: Accessing hidden field Landroid/view/View;->mViewFlags:I (light greylist, reflection)
07-06 01:41:50.928 24752 24752 W example.edgesu: Accessing hidden method Landroid/view/ViewGroup;->suppressLayout(Z)V (light greylist, linking)
07-06 01:42:06.465 24752 25045 W DashDownloadManager: Successfully downloaded 20200312_150744.mp4 in 27.793s
07-06 01:42:06.479 24752 25064 W mobile-ffmpeg: [mov,mp4,m4a,3gp,3g2,mj2 @ 0x78ef0ba400] Found duplicated MOOV Atom. Skipped it
07-06 01:42:06.567 24752 25064 W mobile-ffmpeg: [mov,mp4,m4a,3gp,3g2,mj2 @ 0x78ef0ba400] Found duplicated MOOV Atom. Skipped it
07-06 01:42:06.909 24752 25045 W NearbyFragment: Sending 20200312_150744!000.mp4 to Nexus 5X [34d8]
07-06 01:42:12.357 24752 24752 W NearbyFragment: Sending 20200312_150744!001.mp4 to Nexus 5 [1825]
07-06 01:42:16.937 24752 24752 W NearbyFragment: Sending 20200312_150744!002.mp4 to Nexus 5X [9c8f]
07-06 01:42:17.662 24752 24752 W NearbyFragment: Sending 20200312_150744!003.mp4 to Nexus 5X [34d8]
07-06 01:42:37.052 24752 25045 W DashDownloadManager: Successfully downloaded 20200312_150844.mp4 in 28.995s
07-06 01:42:37.062 24752 25064 W mobile-ffmpeg: [mov,mp4,m4a,3gp,3g2,mj2 @ 0x78ef0b9800] Found duplicated MOOV Atom. Skipped it
07-06 01:42:37.165 24752 25064 W mobile-ffmpeg: [mov,mp4,m4a,3gp,3g2,mj2 @ 0x78ef0b9800] Found duplicated MOOV Atom. Skipped it
07-06 01:42:37.495 24752 25045 W NearbyFragment: Sending 20200312_150844!000.mp4 to Nexus 5X [34d8]
07-06 01:42:42.550 24752 24752 W NearbyFragment: Sending 20200312_150844!001.mp4 to Nexus 5 [1825]
07-06 01:42:47.631 24752 24752 W NearbyFragment: Sending 20200312_150844!002.mp4 to Nexus 5X [9c8f]
07-06 01:42:50.633 24752 24752 W NearbyFragment: Sending 20200312_150844!003.mp4 to Nexus 5X [34d8]
07-06 01:42:54.660 24752 24752 W NearbyFragment: Completed downloading 20200312_150744!003.mp4 from Endpoint{id=Qd2N, name=Nexus 5X [34d8]} in 04.031s
07-06 01:42:54.830 24752 24752 W FfmpegTools: Single segment returned, duration of 20200312_150744: 4.89
07-06 01:43:05.802 24752 24752 W NearbyFragment: Completed downloading 20200312_150844!001.mp4 from Endpoint{id=w2Lc, name=Nexus 5 [1825]} in 10.535s
07-06 01:43:06.863 24752 24752 W NearbyFragment: Completed downloading 20200312_150844!002.mp4 from Endpoint{id=jKhx, name=Nexus 5X [9c8f]} in 10.921s
07-06 01:43:10.882 24752 24752 W NearbyFragment: Completed downloading 20200312_150844!000.mp4 from Endpoint{id=Qd2N, name=Nexus 5X [34d8]} in 12.946s
07-06 01:43:14.801 24752 24752 W NearbyFragment: Completed downloading 20200312_150844!003.mp4 from Endpoint{id=Qd2N, name=Nexus 5X [34d8]} in 07.353s
07-06 01:43:15.829 24752 24752 W FfmpegTools: Merged duration of 20200312_150844: 60.08
07-06 01:43:23.012 24752 25045 W DashDownloadManager: Successfully downloaded 20200312_150944.mp4 in 44.396s
07-06 01:43:23.020 24752 25064 W mobile-ffmpeg: [mov,mp4,m4a,3gp,3g2,mj2 @ 0x78d12e0000] Found duplicated MOOV Atom. Skipped it
07-06 01:43:23.117 24752 25064 W mobile-ffmpeg: [mov,mp4,m4a,3gp,3g2,mj2 @ 0x78d12e0000] Found duplicated MOOV Atom. Skipped it
07-06 01:43:23.497 24752 25045 W NearbyFragment: Sending 20200312_150944!000.mp4 to Nexus 5 [1825]
07-06 01:43:28.876 24752 24752 W NearbyFragment: Sending 20200312_150944!001.mp4 to Nexus 5X [9c8f]
07-06 01:43:33.976 24752 24752 W NearbyFragment: Sending 20200312_150944!002.mp4 to Nexus 5X [34d8]
07-06 01:43:37.336 24752 24752 W NearbyFragment: Sending 20200312_150944!003.mp4 to Nexus 5X [34d8]
07-06 01:43:53.656 24752 25045 W DashDownloadManager: Successfully downloaded 20200312_151044.mp4 in 29.041s
07-06 01:43:53.666 24752 25064 W mobile-ffmpeg: [mov,mp4,m4a,3gp,3g2,mj2 @ 0x78d5faee00] Found duplicated MOOV Atom. Skipped it
07-06 01:43:53.749 24752 25064 W mobile-ffmpeg: [mov,mp4,m4a,3gp,3g2,mj2 @ 0x78d5faee00] Found duplicated MOOV Atom. Skipped it
07-06 01:43:54.077 24752 25045 W NearbyFragment: Sending 20200312_151044!000.mp4 to Nexus 5X [9c8f]
07-06 01:43:54.298 24752 24752 W NearbyFragment: Sending 20200312_151044!001.mp4 to Nexus 5X [34d8]
07-06 01:43:54.403 24752 24752 W NearbyFragment: Sending 20200312_151044!002.mp4 to Nexus 5X [34d8]
07-06 01:43:55.260 24752 24752 W NearbyFragment: Completed downloading 20200312_150944!000.mp4 from Endpoint{id=w2Lc, name=Nexus 5 [1825]} in 00.860s
07-06 01:43:55.385 24752 24752 W FfmpegTools: Single segment returned, duration of 20200312_150944: 7.07
07-06 01:43:58.059 24752 24752 W NearbyFragment: Sending 20200312_151044!003.mp4 to Nexus 5 [1825]
07-06 01:44:24.161 24752 25045 W DashDownloadManager: Successfully downloaded 20200312_193528.mp4 in 28.968s
07-06 01:44:24.170 24752 25064 W mobile-ffmpeg: [mov,mp4,m4a,3gp,3g2,mj2 @ 0x78d5ef0e00] Found duplicated MOOV Atom. Skipped it
07-06 01:44:24.246 24752 25064 W mobile-ffmpeg: [mov,mp4,m4a,3gp,3g2,mj2 @ 0x78d5ef0e00] Found duplicated MOOV Atom. Skipped it
07-06 01:44:24.633 24752 25045 W NearbyFragment: Sending 20200312_193528!000.mp4 to Nexus 5X [9c8f]
07-06 01:44:28.140 24752 24752 W NearbyFragment: Sending 20200312_193528!001.mp4 to Nexus 5X [34d8]
07-06 01:44:31.393 24752 24752 W NearbyFragment: Sending 20200312_193528!002.mp4 to Nexus 5X [34d8]
07-06 01:44:33.006 24752 24752 W NearbyFragment: Sending 20200312_193528!003.mp4 to Nexus 5 [1825]
07-06 01:44:52.177 24752 25045 W DashDownloadManager: Successfully downloaded 20200312_193628.mp4 in 26.467s
07-06 01:44:52.187 24752 25064 W mobile-ffmpeg: [mov,mp4,m4a,3gp,3g2,mj2 @ 0x78d5ef0200] Found duplicated MOOV Atom. Skipped it
07-06 01:44:52.283 24752 25064 W mobile-ffmpeg: [mov,mp4,m4a,3gp,3g2,mj2 @ 0x78d5ef0200] Found duplicated MOOV Atom. Skipped it
07-06 01:44:52.615 24752 25045 W NearbyFragment: Sending 20200312_193628!000.mp4 to Nexus 5X [9c8f]
07-06 01:44:56.790 24752 24752 W NearbyFragment: Sending 20200312_193628!001.mp4 to Nexus 5X [34d8]
07-06 01:44:59.975 24752 24752 W NearbyFragment: Sending 20200312_193628!002.mp4 to Nexus 5X [34d8]
07-06 01:45:01.805 24752 24752 W NearbyFragment: Sending 20200312_193628!003.mp4 to Nexus 5 [1825]
07-06 01:45:10.560 24752 24761 W System  : A resource failed to call close. 
07-06 01:45:10.564 24752 24761 W System  : A resource failed to call close. 
07-06 01:45:10.565 24752 24761 W System  : A resource failed to call close. 
07-06 01:45:10.569 24752 24761 W System  : A resource failed to call close. 
07-06 01:45:10.569 24752 24761 W System  : A resource failed to call close. 
07-06 01:45:10.573 24752 24761 W System  : A resource failed to call close. 
07-06 01:45:10.575 24752 24761 W System  : A resource failed to call close. 
07-06 01:45:10.581 24752 24761 W System  : A resource failed to call close. 
07-06 01:45:10.583 24752 24761 W System  : A resource failed to call close. 
07-06 01:45:10.585 24752 24761 W System  : A resource failed to call close. 
07-06 01:45:10.585 24752 24761 W System  : A resource failed to call close. 
07-06 01:45:20.968 24752 25045 W DashDownloadManager: Successfully downloaded 20200312_193728.mp4 in 27.288s
07-06 01:45:20.971 24752 25064 W mobile-ffmpeg: [mov,mp4,m4a,3gp,3g2,mj2 @ 0x78ef0b9800] Found duplicated MOOV Atom. Skipped it
07-06 01:45:21.020 24752 25064 W mobile-ffmpeg: [mov,mp4,m4a,3gp,3g2,mj2 @ 0x78ef0b9800] Found duplicated MOOV Atom. Skipped it
07-06 01:45:21.312 24752 25045 W NearbyFragment: Sending 20200312_193728!000.mp4 to Nexus 5X [9c8f]
07-06 01:45:25.347 24752 24752 W NearbyFragment: Sending 20200312_193728!001.mp4 to Nexus 5X [34d8]
07-06 01:45:29.224 24752 24752 W NearbyFragment: Sending 20200312_193728!002.mp4 to Nexus 5X [34d8]
07-06 01:45:37.661 24752 24752 W NearbyFragment: Sending 20200312_193728!003.mp4 to Nexus 5X [9c8f]
07-06 01:45:38.922 24752 24752 W NearbyFragment: Completed downloading 20200312_193728!000.mp4 from Endpoint{id=jKhx, name=Nexus 5X [9c8f]} in 09.699s
07-06 01:45:41.809 24752 24752 W NearbyFragment: Completed downloading 20200312_193628!003.mp4 from Endpoint{id=w2Lc, name=Nexus 5 [1825]} in 04.159s
07-06 01:45:41.936 24752 24752 W FfmpegTools: Single segment returned, duration of 20200312_193628: 6.16
07-06 01:46:04.067 24752 24752 W NearbyFragment: Completed downloading 20200312_193728!001.mp4 from Endpoint{id=Qd2N, name=Nexus 5X [34d8]} in 16.161s
07-06 01:46:12.791 24752 24752 W NearbyFragment: Completed downloading 20200312_193728!003.mp4 from Endpoint{id=jKhx, name=Nexus 5X [9c8f]} in 07.926s
07-06 01:46:14.851 24752 24752 W NearbyFragment: Completed downloading 20200312_193728!002.mp4 from Endpoint{id=Qd2N, name=Nexus 5X [34d8]} in 13.834s
07-06 01:46:15.837 24752 24752 W FfmpegTools: Merged duration of 20200312_193728: 60.07
07-06 01:46:16.974 24752 25045 W DashDownloadManager: Successfully downloaded 20200312_193828.mp4 in 54.619s
07-06 01:46:16.980 24752 25064 W mobile-ffmpeg: [mov,mp4,m4a,3gp,3g2,mj2 @ 0x78d5fae800] Found duplicated MOOV Atom. Skipped it
07-06 01:46:17.057 24752 25064 W mobile-ffmpeg: [mov,mp4,m4a,3gp,3g2,mj2 @ 0x78d5fae800] Found duplicated MOOV Atom. Skipped it
07-06 01:46:17.398 24752 25045 W NearbyFragment: Sending 20200312_193828!000.mp4 to Nexus 5 [1825]
07-06 01:46:21.680 24752 24752 W NearbyFragment: Sending 20200312_193828!001.mp4 to Nexus 5X [34d8]
07-06 01:46:27.957 24752 24752 W NearbyFragment: Sending 20200312_193828!002.mp4 to Nexus 5X [34d8]
07-06 01:46:34.369 24752 24752 W NearbyFragment: Sending 20200312_193828!003.mp4 to Nexus 5X [9c8f]
07-06 01:46:45.920 24752 25045 W DashDownloadManager: Successfully downloaded 20200312_193928.mp4 in 27.377s
07-06 01:46:45.931 24752 25064 W mobile-ffmpeg: [mov,mp4,m4a,3gp,3g2,mj2 @ 0x78d5fae800] Found duplicated MOOV Atom. Skipped it
07-06 01:46:46.023 24752 25064 W mobile-ffmpeg: [mov,mp4,m4a,3gp,3g2,mj2 @ 0x78d5fae800] Found duplicated MOOV Atom. Skipped it
07-06 01:46:46.359 24752 25045 W NearbyFragment: Sending 20200312_193928!000.mp4 to Nexus 5X [34d8]
07-06 01:46:50.108 24752 24752 W NearbyFragment: Sending 20200312_193928!001.mp4 to Nexus 5X [34d8]
07-06 01:46:56.419 24752 24752 W NearbyFragment: Sending 20200312_193928!002.mp4 to Nexus 5X [9c8f]
07-06 01:46:57.680 24752 24752 W NearbyFragment: Sending 20200312_193928!003.mp4 to Nexus 5X [34d8]
07-06 01:47:13.683 24752 25045 W DashDownloadManager: Successfully downloaded 20200312_194129.mp4 in 26.216s
07-06 01:47:13.700 24752 25064 W mobile-ffmpeg: [mov,mp4,m4a,3gp,3g2,mj2 @ 0x78ef0ba400] Found duplicated MOOV Atom. Skipped it
07-06 01:47:13.780 24752 25064 W mobile-ffmpeg: [mov,mp4,m4a,3gp,3g2,mj2 @ 0x78ef0ba400] Found duplicated MOOV Atom. Skipped it
07-06 01:47:14.148 24752 25045 W NearbyFragment: Sending 20200312_194129!000.mp4 to Nexus 5X [34d8]
07-06 01:47:18.936 24752 24752 W NearbyFragment: Sending 20200312_194129!001.mp4 to Nexus 5X [9c8f]
07-06 01:47:21.670 24752 24752 W NearbyFragment: Sending 20200312_194129!002.mp4 to Nexus 5X [34d8]
07-06 01:47:23.271 24752 24752 W NearbyFragment: Sending 20200312_194129!003.mp4 to Nexus 5 [1825]
07-06 01:47:23.957 24752 24752 W NearbyFragment: Completed downloading 20200312_193828!000.mp4 from Endpoint{id=w2Lc, name=Nexus 5 [1825]} in 02.289s
07-06 01:47:24.138 24752 24752 W FfmpegTools: Single segment returned, duration of 20200312_193828: 14.28
07-06 01:47:36.187 24752 24752 W NearbyFragment: Completed downloading 20200312_194129!001.mp4 from Endpoint{id=jKhx, name=Nexus 5X [9c8f]} in 00.935s
07-06 01:47:42.971 24752 25045 W DashDownloadManager: Successfully downloaded 20200312_194229.mp4 in 27.742s
07-06 01:47:42.977 24752 25064 W mobile-ffmpeg: [mov,mp4,m4a,3gp,3g2,mj2 @ 0x78ef0ba400] Found duplicated MOOV Atom. Skipped it
07-06 01:47:43.060 24752 25064 W mobile-ffmpeg: [mov,mp4,m4a,3gp,3g2,mj2 @ 0x78ef0ba400] Found duplicated MOOV Atom. Skipped it
07-06 01:47:43.390 24752 25045 W NearbyFragment: Sending 20200312_194229!000.mp4 to Nexus 5X [34d8]
07-06 01:47:44.023 24752 24752 W NearbyFragment: Sending 20200312_194229!001.mp4 to Nexus 5X [9c8f]
07-06 01:47:44.081 24752 24752 W NearbyFragment: Completed downloading 20200312_194129!003.mp4 from Endpoint{id=w2Lc, name=Nexus 5 [1825]} in 00.060s
07-06 01:47:52.860 24752 24752 W NearbyFragment: Sending 20200312_194229!002.mp4 to Nexus 5 [1825]
07-06 01:48:03.527 24752 24752 W NearbyFragment: Sending 20200312_194229!003.mp4 to Nexus 5X [34d8]
07-06 01:48:04.912 24752 24752 W NearbyFragment: Completed downloading 20200312_194129!002.mp4 from Endpoint{id=Qd2N, name=Nexus 5X [34d8]} in 01.389s
07-06 01:48:05.175 24752 24752 W FfmpegTools: Merged duration of 20200312_194129: 11.04
07-06 01:48:07.768 24752 25045 W DashDownloadManager: Successfully downloaded 20200312_194330.mp4 in 23.251s
07-06 01:48:07.783 24752 25064 W mobile-ffmpeg: [mov,mp4,m4a,3gp,3g2,mj2 @ 0x78bdfcec00] Found duplicated MOOV Atom. Skipped it
07-06 01:48:07.862 24752 25064 W mobile-ffmpeg: [mov,mp4,m4a,3gp,3g2,mj2 @ 0x78bdfcec00] Found duplicated MOOV Atom. Skipped it
07-06 01:48:08.211 24752 25045 W NearbyFragment: Sending 20200312_194330!000.mp4 to Nexus 5 [1825]
07-06 01:48:11.366 24752 24752 W NearbyFragment: Sending 20200312_194330!001.mp4 to Nexus 5X [9c8f]
07-06 01:48:16.899 24752 24752 W NearbyFragment: Sending 20200312_194330!002.mp4 to Nexus 5X [34d8]
07-06 01:48:22.606 24752 24752 W NearbyFragment: Sending 20200312_194330!003.mp4 to Nexus 5 [1825]
07-06 01:48:33.779 24752 24752 W NearbyFragment: Completed downloading 20200312_194229!000.mp4 from Endpoint{id=Qd2N, name=Nexus 5X [34d8]} in 00.528s
07-06 01:48:42.402 24752 24752 W NearbyFragment: Completed downloading 20200312_194229!001.mp4 from Endpoint{id=jKhx, name=Nexus 5X [9c8f]} in 04.045s
07-06 01:48:42.640 24752 24752 W FfmpegTools: Merged duration of 20200312_194229: 14.35
07-06 01:48:48.025 24752 25045 W DashDownloadManager: Successfully downloaded 20200312_194730.mp4 in 38.745s
07-06 01:48:48.034 24752 25064 W mobile-ffmpeg: [mov,mp4,m4a,3gp,3g2,mj2 @ 0x78bb3d6000] Found duplicated MOOV Atom. Skipped it
07-06 01:48:48.101 24752 25064 W mobile-ffmpeg: [mov,mp4,m4a,3gp,3g2,mj2 @ 0x78bb3d6000] Found duplicated MOOV Atom. Skipped it
07-06 01:48:48.438 24752 25045 W NearbyFragment: Sending 20200312_194730!000.mp4 to Nexus 5 [1825]
07-06 01:48:54.397 24752 24752 W NearbyFragment: Sending 20200312_194730!001.mp4 to Nexus 5X [34d8]
07-06 01:48:56.712 24752 24752 W NearbyFragment: Sending 20200312_194730!002.mp4 to Nexus 5 [1825]
07-06 01:49:04.303 24752 24752 W NearbyFragment: Sending 20200312_194730!003.mp4 to Nexus 5X [9c8f]
07-06 01:49:20.522 24752 25045 W DashDownloadManager: Successfully downloaded 20200312_194830.mp4 in 30.978s
07-06 01:49:20.531 24752 25064 W mobile-ffmpeg: [mov,mp4,m4a,3gp,3g2,mj2 @ 0x78bafbc000] Found duplicated MOOV Atom. Skipped it
07-06 01:49:20.633 24752 25064 W mobile-ffmpeg: [mov,mp4,m4a,3gp,3g2,mj2 @ 0x78bafbc000] Found duplicated MOOV Atom. Skipped it
07-06 01:49:20.983 24752 25045 W NearbyFragment: Sending 20200312_194830!000.mp4 to Nexus 5X [34d8]
07-06 01:49:21.608 24752 24752 W NearbyFragment: Sending 20200312_194830!001.mp4 to Nexus 5X [9c8f]
07-06 01:49:25.260 24752 24752 W NearbyFragment: Sending 20200312_194830!002.mp4 to Nexus 5X [34d8]
07-06 01:49:39.384 24752 24752 W NearbyFragment: Sending 20200312_194830!003.mp4 to Nexus 5 [1825]
07-06 01:49:45.943 24752 25045 W DashDownloadManager: Successfully downloaded 20200312_194930.mp4 in 23.867s
07-06 01:49:45.953 24752 25064 W mobile-ffmpeg: [mov,mp4,m4a,3gp,3g2,mj2 @ 0x78d5ef0200] Found duplicated MOOV Atom. Skipped it
07-06 01:49:46.046 24752 25064 W mobile-ffmpeg: [mov,mp4,m4a,3gp,3g2,mj2 @ 0x78d5ef0200] Found duplicated MOOV Atom. Skipped it
07-06 01:49:46.376 24752 25045 W NearbyFragment: Sending 20200312_194930!000.mp4 to Nexus 5 [1825]
07-06 01:49:55.638 24752 24752 W NearbyFragment: Sending 20200312_194930!001.mp4 to Nexus 5X [34d8]
07-06 01:50:01.340 24752 24752 W NearbyFragment: Sending 20200312_194930!002.mp4 to Nexus 5 [1825]
07-06 01:50:05.182 24752 24752 W NearbyFragment: Sending 20200312_194930!003.mp4 to Nexus 5X [9c8f]
07-06 01:50:08.292 24752 24752 W NearbyFragment: Completed downloading 20200312_194830!000.mp4 from Endpoint{id=Qd2N, name=Nexus 5X [34d8]} in 03.115s
07-06 01:50:14.986 24752 25045 W DashDownloadManager: Successfully downloaded 20200312_195230.mp4 in 27.488s
07-06 01:50:14.992 24752 25064 W mobile-ffmpeg: [mov,mp4,m4a,3gp,3g2,mj2 @ 0x78d5ef0200] Found duplicated MOOV Atom. Skipped it
07-06 01:50:15.050 24752 25064 W mobile-ffmpeg: [mov,mp4,m4a,3gp,3g2,mj2 @ 0x78d5ef0200] Found duplicated MOOV Atom. Skipped it
07-06 01:50:15.365 24752 25045 W NearbyFragment: Sending 20200312_195230!000.mp4 to Nexus 5X [34d8]
07-06 01:50:15.960 24752 24752 W NearbyFragment: Completed downloading 20200312_194830!001.mp4 from Endpoint{id=jKhx, name=Nexus 5X [9c8f]} in 03.290s
07-06 01:50:27.422 24752 24752 W NearbyFragment: Sending 20200312_195230!001.mp4 to Nexus 5 [1825]
07-06 01:50:32.847 24752 24752 W NearbyFragment: Sending 20200312_195230!002.mp4 to Nexus 5X [9c8f]
07-06 01:50:37.672 24752 24752 W NearbyFragment: Sending 20200312_195230!003.mp4 to Nexus 5X [9c8f]
07-06 01:50:37.798 24752 24761 W System  : A resource failed to call close. 
07-06 01:50:37.841 24752 24761 W System  : A resource failed to call close. 
07-06 01:50:40.404 24752 25045 W DashDownloadManager: Successfully downloaded 20200312_195330.mp4 in 23.885s
07-06 01:50:40.416 24752 25064 W mobile-ffmpeg: [mov,mp4,m4a,3gp,3g2,mj2 @ 0x78ef0b9800] Found duplicated MOOV Atom. Skipped it
07-06 01:50:40.499 24752 25064 W mobile-ffmpeg: [mov,mp4,m4a,3gp,3g2,mj2 @ 0x78ef0b9800] Found duplicated MOOV Atom. Skipped it
07-06 01:50:40.871 24752 25045 W NearbyFragment: Sending 20200312_195330!000.mp4 to Nexus 5X [34d8]
07-06 01:50:46.548 24752 24752 W NearbyFragment: Sending 20200312_195330!001.mp4 to Nexus 5X [34d8]
07-06 01:50:47.527 24752 24752 W NearbyFragment: Sending 20200312_195330!002.mp4 to Nexus 5 [1825]
07-06 01:50:48.277 24752 24752 W NearbyFragment: Completed downloading 20200312_194830!002.mp4 from Endpoint{id=Qd2N, name=Nexus 5X [34d8]} in 01.738s
07-06 01:50:48.565 24752 24752 W FfmpegTools: Merged duration of 20200312_194830: 20.90
07-06 01:50:48.630 24752 24752 W NearbyFragment: Completed downloading 20200312_194930!000.mp4 from Endpoint{id=w2Lc, name=Nexus 5 [1825]} in 01.106s
07-06 01:50:53.261 24752 24752 W NearbyFragment: Sending 20200312_195330!003.mp4 to Nexus 5 [1825]
07-06 01:51:00.847 24752 24752 W NearbyFragment: Completed downloading 20200312_194930!001.mp4 from Endpoint{id=Qd2N, name=Nexus 5X [34d8]} in 00.474s
07-06 01:51:10.109 24752 25045 W DashDownloadManager: Successfully downloaded 20200312_195430.mp4 in 28.129s
07-06 01:51:10.121 24752 25064 W mobile-ffmpeg: [mov,mp4,m4a,3gp,3g2,mj2 @ 0x78ef0b9800] Found duplicated MOOV Atom. Skipped it
07-06 01:51:10.226 24752 25064 W mobile-ffmpeg: [mov,mp4,m4a,3gp,3g2,mj2 @ 0x78ef0b9800] Found duplicated MOOV Atom. Skipped it
07-06 01:51:10.570 24752 25045 W NearbyFragment: Sending 20200312_195430!000.mp4 to Nexus 5 [1825]
07-06 01:51:11.572 24752 25045 W NearbyFragment: Stopped downloading from dashcam
07-06 01:51:13.604 24752 24752 W NearbyFragment: Sending 20200312_195430!001.mp4 to Nexus 5X [34d8]
07-06 01:51:19.762 24752 24752 W NearbyFragment: Sending 20200312_195430!002.mp4 to Nexus 5X [34d8]
07-06 01:51:20.289 24752 24752 W NearbyFragment: Completed downloading 20200312_194930!003.mp4 from Endpoint{id=jKhx, name=Nexus 5X [9c8f]} in 00.534s
07-06 01:51:20.635 24752 24752 W FfmpegTools: Merged duration of 20200312_194930: 22.33
07-06 01:51:22.548 24752 24752 W NearbyFragment: Sending 20200312_195430!003.mp4 to Nexus 5X [9c8f]
07-06 01:51:31.126 24752 24752 W NearbyFragment: Completed downloading 20200312_195330!000.mp4 from Endpoint{id=Qd2N, name=Nexus 5X [34d8]} in 00.110s
07-06 01:51:48.411 24752 24752 W NearbyFragment: Completed downloading 20200312_195230!001.mp4 from Endpoint{id=w2Lc, name=Nexus 5 [1825]} in 00.535s
07-06 01:51:48.540 24752 24752 W FfmpegTools: Single segment returned, duration of 20200312_195230: 6.97
07-06 01:52:19.202 24752 24752 W NearbyFragment: Completed downloading 20200312_195430!003.mp4 from Endpoint{id=jKhx, name=Nexus 5X [9c8f]} in 00.379s
07-06 01:52:32.401 24752 24752 W NearbyFragment: Completed downloading 20200312_195330!002.mp4 from Endpoint{id=w2Lc, name=Nexus 5 [1825]} in 00.420s
07-06 01:52:36.957 24752 24752 W NearbyFragment: Completed downloading 20200312_195330!001.mp4 from Endpoint{id=Qd2N, name=Nexus 5X [34d8]} in 01.345s
07-06 01:52:53.981 24752 24752 W NearbyFragment: Completed downloading 20200312_195330!003.mp4 from Endpoint{id=w2Lc, name=Nexus 5 [1825]} in 00.445s
07-06 01:52:54.206 24752 24752 W FfmpegTools: Merged duration of 20200312_195330: 24.63
07-06 01:53:08.291 24752 24752 W NearbyFragment: Completed downloading 20200312_195430!001.mp4 from Endpoint{id=Qd2N, name=Nexus 5X [34d8]} in 00.148s
07-06 01:53:27.443 24752 24752 W NearbyFragment: Completed downloading 20200312_195430!000.mp4 from Endpoint{id=w2Lc, name=Nexus 5 [1825]} in 00.238s
07-06 01:53:34.379 24752 24752 W NearbyFragment: Completed downloading 20200312_195430!002.mp4 from Endpoint{id=Qd2N, name=Nexus 5X [34d8]} in 00.358s
07-06 01:53:34.656 24752 24752 W FfmpegTools: Merged duration of 20200312_195430: 21.94
