--------- beginning of main
06-29 17:33:52.658  5454  5454 W LogFactory: Truncating log tag length as it exceed 23, the limit imposed by Android on certain API Levels
06-29 17:33:52.692  5454  5454 E TransferService: No notification is passed in the intent. Unable to transition to foreground.
06-29 17:34:58.941  5454  5454 W NearbyFragment: Preferences:
06-29 17:34:58.941  5454  5454 W NearbyFragment:   Auto download: true
06-29 17:34:58.941  5454  5454 W NearbyFragment:   Algorithm: fastest
06-29 17:34:58.941  5454  5454 W NearbyFragment:   Fast scheduling: true
06-29 17:34:58.941  5454  5454 W NearbyFragment:   Segmentation: true
06-29 17:34:58.941  5454  5454 W NearbyFragment:   Auto segmentation: false
06-29 17:34:58.941  5454  5454 W NearbyFragment:   Segment number: 4
06-29 17:34:58.941  5454  5454 W NearbyFragment:   Noise tolerance: 45.00
06-29 17:34:58.941  5454  5454 W NearbyFragment:   Quality: 23
06-29 17:34:58.941  5454  5454 W NearbyFragment:   Speed: medium
06-29 17:34:58.941  5454  5454 W NearbyFragment:   Freeze duration: 1.00
06-29 17:34:58.942  5454  5454 W NearbyFragment: Download delay: 1s
06-29 17:34:58.942  5454  5454 W NearbyFragment: Started downloading from dashcam
06-29 17:35:20.607  5454  5729 W mobile-ffmpeg: 
06-29 17:35:20.607  5454  5729 W mobile-ffmpeg: [mov,mp4,m4a,3gp,3g2,mj2 @ 0x729d6d8200] 
06-29 17:35:20.607  5454  5729 W mobile-ffmpeg: 
06-29 17:35:20.607  5454  5729 W mobile-ffmpeg: Found duplicated MOOV Atom. Skipped it
06-29 17:35:21.932  5454  5454 W NearbyFragment: Sending 20200312_150643!000.mp4 to Galaxy S8 [2802]
06-29 17:35:21.949  5454  5454 W DashDownloadManager: Successfully downloaded 20200312_150643.mp4 in 22.921s
06-29 17:35:24.485  5454  5454 W NearbyFragment: Sending 20200312_150643!001.mp4 to Nexus 5 [1825]
06-29 17:35:27.566  5454  5454 W NearbyFragment: Sending 20200312_150643!002.mp4 to Galaxy S8 [2802]
06-29 17:35:28.721  5454  5454 W NearbyFragment: Sending 20200312_150643!003.mp4 to Galaxy S8 [2802]
06-29 17:35:48.991  5454  5729 W mobile-ffmpeg: 
06-29 17:35:48.991  5454  5729 W mobile-ffmpeg: [mov,mp4,m4a,3gp,3g2,mj2 @ 0x729d6d8200] 
06-29 17:35:48.991  5454  5729 W mobile-ffmpeg: 
06-29 17:35:48.991  5454  5729 W mobile-ffmpeg: Found duplicated MOOV Atom. Skipped it
06-29 17:35:50.420  5454  5454 W NearbyFragment: Sending 20200312_150744!000.mp4 to Galaxy S8 [2802]
06-29 17:35:50.425  5454  5454 W DashDownloadManager: Successfully downloaded 20200312_150744.mp4 in 27.425s
06-29 17:35:53.550  5454  5454 W NearbyFragment: Sending 20200312_150744!001.mp4 to Nexus 5 [1825]
06-29 17:35:56.107  5454  5454 W NearbyFragment: Sending 20200312_150744!002.mp4 to Galaxy S8 [2802]
06-29 17:35:57.909  5454  5454 W NearbyFragment: Sending 20200312_150744!003.mp4 to Galaxy S8 [2802]
06-29 17:36:12.705  5454  5454 W NearbyFragment: Completed downloading 20200312_150744!003.mp4 from Endpoint{id=lEZq, name=Galaxy S8 [2802]} in 00.190s
06-29 17:36:12.859  5454  5454 W FfmpegTools: Single segment returned, duration of 20200312_150744: 4.89
06-29 17:36:18.091  5454  5729 W mobile-ffmpeg: 
06-29 17:36:18.092  5454  5729 W mobile-ffmpeg: [mov,mp4,m4a,3gp,3g2,mj2 @ 0x729d6d8200] 
06-29 17:36:18.092  5454  5729 W mobile-ffmpeg: 
06-29 17:36:18.092  5454  5729 W mobile-ffmpeg: Found duplicated MOOV Atom. Skipped it
06-29 17:36:19.557  5454  5454 W NearbyFragment: Sending 20200312_150844!000.mp4 to Galaxy S8 [2802]
06-29 17:36:19.561  5454  5454 W DashDownloadManager: Successfully downloaded 20200312_150844.mp4 in 28.066s
06-29 17:36:21.595  5454  5454 W NearbyFragment: Sending 20200312_150844!001.mp4 to Nexus 5 [1825]
06-29 17:36:24.675  5454  5454 W NearbyFragment: Sending 20200312_150844!002.mp4 to Galaxy S8 [2802]
06-29 17:36:25.779  5454  5454 W NearbyFragment: Sending 20200312_150844!003.mp4 to Galaxy S8 [2802]
06-29 17:36:27.299  5454  5454 W NearbyFragment: Completed downloading 20200312_150844!000.mp4 from Endpoint{id=lEZq, name=Galaxy S8 [2802]} in 02.627s
06-29 17:36:34.155  5454  5454 W NearbyFragment: Completed downloading 20200312_150844!002.mp4 from Endpoint{id=lEZq, name=Galaxy S8 [2802]} in 02.521s
06-29 17:36:37.014  5454  5454 W NearbyFragment: Completed downloading 20200312_150844!001.mp4 from Endpoint{id=Oco2, name=Nexus 5 [1825]} in 04.015s
06-29 17:36:37.912  5454  5454 W NearbyFragment: Completed downloading 20200312_150844!003.mp4 from Endpoint{id=lEZq, name=Galaxy S8 [2802]} in 03.881s
06-29 17:36:40.305  5454  5454 W FfmpegTools: Merged duration of 20200312_150844: 60.08
06-29 17:36:54.361  5454  5729 W mobile-ffmpeg: 
06-29 17:36:54.361  5454  5729 W mobile-ffmpeg: [mov,mp4,m4a,3gp,3g2,mj2 @ 0x729d6d8200] 
06-29 17:36:54.361  5454  5729 W mobile-ffmpeg: 
06-29 17:36:54.361  5454  5729 W mobile-ffmpeg: Found duplicated MOOV Atom. Skipped it
06-29 17:36:55.841  5454  5454 W NearbyFragment: Sending 20200312_150944!000.mp4 to Galaxy S8 [2802]
06-29 17:36:55.846  5454  5454 W DashDownloadManager: Successfully downloaded 20200312_150944.mp4 in 35.209s
06-29 17:36:59.249  5454  5454 W NearbyFragment: Sending 20200312_150944!001.mp4 to Nexus 5 [1825]
06-29 17:37:06.243  5454  5454 W NearbyFragment: Sending 20200312_150944!002.mp4 to Galaxy S8 [2802]
06-29 17:37:08.910  5454  5454 W NearbyFragment: Sending 20200312_150944!003.mp4 to Nexus 5 [1825]
06-29 17:37:10.331  5454  5454 W NearbyFragment: Completed downloading 20200312_150944!000.mp4 from Endpoint{id=lEZq, name=Galaxy S8 [2802]} in 00.318s
06-29 17:37:17.038  5454  5454 W FfmpegTools: Single segment returned, duration of 20200312_150944: 7.07
06-29 17:37:27.044  5454  5729 W mobile-ffmpeg: 
06-29 17:37:27.045  5454  5729 W mobile-ffmpeg: [mov,mp4,m4a,3gp,3g2,mj2 @ 0x729d6d8200] 
06-29 17:37:27.045  5454  5729 W mobile-ffmpeg: 
06-29 17:37:27.045  5454  5729 W mobile-ffmpeg: Found duplicated MOOV Atom. Skipped it
06-29 17:37:28.604  5454  5454 W NearbyFragment: Sending 20200312_151044!000.mp4 to Galaxy S8 [2802]
06-29 17:37:28.609  5454  5454 W DashDownloadManager: Successfully downloaded 20200312_151044.mp4 in 31.707s
06-29 17:37:30.708  5454  5454 W NearbyFragment: Sending 20200312_151044!001.mp4 to Nexus 5 [1825]
06-29 17:37:33.120  5454  5454 W NearbyFragment: Sending 20200312_151044!002.mp4 to Galaxy S8 [2802]
06-29 17:37:34.951  5454  5454 W NearbyFragment: Sending 20200312_151044!003.mp4 to Galaxy S8 [2802]
06-29 17:37:58.158  5454  5729 W mobile-ffmpeg: 
06-29 17:37:58.158  5454  5729 W mobile-ffmpeg: [mov,mp4,m4a,3gp,3g2,mj2 @ 0x729d6d8200] 
06-29 17:37:58.158  5454  5729 W mobile-ffmpeg: 
06-29 17:37:58.158  5454  5729 W mobile-ffmpeg: Found duplicated MOOV Atom. Skipped it
06-29 17:37:59.676  5454  5454 W NearbyFragment: Sending 20200312_193528!000.mp4 to Galaxy S8 [2802]
06-29 17:37:59.679  5454  5454 W DashDownloadManager: Successfully downloaded 20200312_193528.mp4 in 29.965s
06-29 17:38:06.863  5454  5454 W NearbyFragment: Sending 20200312_193528!001.mp4 to Nexus 5 [1825]
06-29 17:38:09.182  5454  5454 W NearbyFragment: Sending 20200312_193528!002.mp4 to Galaxy S8 [2802]
06-29 17:38:10.197  5454  5454 W NearbyFragment: Sending 20200312_193528!003.mp4 to Galaxy S8 [2802]
06-29 17:38:27.037  5454  5729 W mobile-ffmpeg: 
06-29 17:38:27.038  5454  5729 W mobile-ffmpeg: [mov,mp4,m4a,3gp,3g2,mj2 @ 0x729d6d8200] 
06-29 17:38:27.038  5454  5729 W mobile-ffmpeg: 
06-29 17:38:27.038  5454  5729 W mobile-ffmpeg: Found duplicated MOOV Atom. Skipped it
06-29 17:38:28.447  5454  5454 W NearbyFragment: Sending 20200312_193628!000.mp4 to Galaxy S8 [2802]
06-29 17:38:28.451  5454  5454 W DashDownloadManager: Successfully downloaded 20200312_193628.mp4 in 27.685s
06-29 17:38:30.369  5454  5454 W NearbyFragment: Sending 20200312_193628!001.mp4 to Nexus 5 [1825]
06-29 17:38:32.752  5454  5454 W NearbyFragment: Sending 20200312_193628!002.mp4 to Galaxy S8 [2802]
06-29 17:38:35.306  5454  5454 W NearbyFragment: Sending 20200312_193628!003.mp4 to Galaxy S8 [2802]
06-29 17:38:49.274  5454  5454 W NearbyFragment: Completed downloading 20200312_193628!003.mp4 from Endpoint{id=lEZq, name=Galaxy S8 [2802]} in 00.418s
06-29 17:38:49.422  5454  5454 W FfmpegTools: Single segment returned, duration of 20200312_193628: 6.16
06-29 17:38:57.200  5454  5729 W mobile-ffmpeg: 
06-29 17:38:57.201  5454  5729 W mobile-ffmpeg: [mov,mp4,m4a,3gp,3g2,mj2 @ 0x729d6d8200] 
06-29 17:38:57.201  5454  5729 W mobile-ffmpeg: 
06-29 17:38:57.201  5454  5729 W mobile-ffmpeg: Found duplicated MOOV Atom. Skipped it
06-29 17:38:58.643  5454  5454 W NearbyFragment: Sending 20200312_193728!000.mp4 to Galaxy S8 [2802]
06-29 17:38:58.647  5454  5454 W DashDownloadManager: Successfully downloaded 20200312_193728.mp4 in 29.134s
06-29 17:39:00.744  5454  5454 W NearbyFragment: Sending 20200312_193728!001.mp4 to Nexus 5 [1825]
06-29 17:39:03.720  5454  5454 W NearbyFragment: Sending 20200312_193728!002.mp4 to Galaxy S8 [2802]
06-29 17:39:06.250  5454  5454 W NearbyFragment: Completed downloading 20200312_193728!000.mp4 from Endpoint{id=lEZq, name=Galaxy S8 [2802]} in 02.532s
06-29 17:39:08.457  5454  5454 W NearbyFragment: Sending 20200312_193728!003.mp4 to Galaxy S8 [2802]
06-29 17:39:15.085  5454  5454 W NearbyFragment: Completed downloading 20200312_193728!002.mp4 from Endpoint{id=lEZq, name=Galaxy S8 [2802]} in 01.789s
06-29 17:39:17.444  5454  5454 W NearbyFragment: Completed downloading 20200312_193728!003.mp4 from Endpoint{id=lEZq, name=Galaxy S8 [2802]} in 01.605s
06-29 17:39:19.867  5454  5454 W NearbyFragment: Completed downloading 20200312_193728!001.mp4 from Endpoint{id=Oco2, name=Nexus 5 [1825]} in 04.029s
06-29 17:39:22.130  5454  5454 W FfmpegTools: Merged duration of 20200312_193728: 60.07
06-29 17:39:33.049  5454  5729 W mobile-ffmpeg: 
06-29 17:39:33.050  5454  5729 W mobile-ffmpeg: [mov,mp4,m4a,3gp,3g2,mj2 @ 0x729d6d8200] 
06-29 17:39:33.050  5454  5729 W mobile-ffmpeg: 
06-29 17:39:33.050  5454  5729 W mobile-ffmpeg: Found duplicated MOOV Atom. Skipped it
06-29 17:39:34.628  5454  5454 W NearbyFragment: Sending 20200312_193828!000.mp4 to Galaxy S8 [2802]
06-29 17:39:34.631  5454  5454 W DashDownloadManager: Successfully downloaded 20200312_193828.mp4 in 34.904s
06-29 17:39:36.799  5454  5454 W NearbyFragment: Sending 20200312_193828!001.mp4 to Nexus 5 [1825]
06-29 17:39:42.670  5454  5454 W NearbyFragment: Sending 20200312_193828!002.mp4 to Galaxy S8 [2802]
06-29 17:39:46.576  5454  5454 W NearbyFragment: Sending 20200312_193828!003.mp4 to Nexus 5 [1825]
06-29 17:39:54.163  5454  5454 W NearbyFragment: Completed downloading 20200312_193828!000.mp4 from Endpoint{id=lEZq, name=Galaxy S8 [2802]} in 00.477s
06-29 17:39:57.549  5454  5454 W FfmpegTools: Single segment returned, duration of 20200312_193828: 14.28
06-29 17:40:14.353  5454  5729 W mobile-ffmpeg: 
06-29 17:40:14.353  5454  5729 W mobile-ffmpeg: [mov,mp4,m4a,3gp,3g2,mj2 @ 0x729d6d8200] 
06-29 17:40:14.353  5454  5729 W mobile-ffmpeg: 
06-29 17:40:14.353  5454  5729 W mobile-ffmpeg: Found duplicated MOOV Atom. Skipped it
06-29 17:40:15.784  5454  5454 W NearbyFragment: Sending 20200312_193928!000.mp4 to Galaxy S8 [2802]
06-29 17:40:15.787  5454  5454 W DashDownloadManager: Successfully downloaded 20200312_193928.mp4 in 40.108s
06-29 17:40:18.277  5454  5454 W NearbyFragment: Sending 20200312_193928!001.mp4 to Nexus 5 [1825]
06-29 17:40:20.591  5454  5454 W NearbyFragment: Sending 20200312_193928!002.mp4 to Galaxy S8 [2802]
06-29 17:40:23.216  5454  5454 W NearbyFragment: Sending 20200312_193928!003.mp4 to Galaxy S8 [2802]
06-29 17:40:42.657  5454  5729 W mobile-ffmpeg: 
06-29 17:40:42.657  5454  5729 W mobile-ffmpeg: [mov,mp4,m4a,3gp,3g2,mj2 @ 0x729d6d8200] 
06-29 17:40:42.657  5454  5729 W mobile-ffmpeg: 
06-29 17:40:42.657  5454  5729 W mobile-ffmpeg: Found duplicated MOOV Atom. Skipped it
06-29 17:40:44.240  5454  5454 W NearbyFragment: Sending 20200312_194129!000.mp4 to Galaxy S8 [2802]
06-29 17:40:44.243  5454  5454 W DashDownloadManager: Successfully downloaded 20200312_194129.mp4 in 27.394s
06-29 17:40:46.302  5454  5454 W NearbyFragment: Sending 20200312_194129!001.mp4 to Nexus 5 [1825]
06-29 17:40:48.626  5454  5454 W NearbyFragment: Sending 20200312_194129!002.mp4 to Galaxy S8 [2802]
06-29 17:40:54.728  5454  5454 W NearbyFragment: Sending 20200312_194129!003.mp4 to Galaxy S8 [2802]
06-29 17:41:07.112  5454  5454 W NearbyFragment: Completed downloading 20200312_194129!002.mp4 from Endpoint{id=lEZq, name=Galaxy S8 [2802]} in 00.186s
06-29 17:41:10.099  5454  5454 W NearbyFragment: Completed downloading 20200312_194129!003.mp4 from Endpoint{id=lEZq, name=Galaxy S8 [2802]} in 00.061s
06-29 17:41:12.097  5454  5454 W NearbyFragment: Completed downloading 20200312_194129!001.mp4 from Endpoint{id=Oco2, name=Nexus 5 [1825]} in 00.112s
06-29 17:41:12.412  5454  5454 W FfmpegTools: Merged duration of 20200312_194129: 11.04
06-29 17:41:14.152  5454  5729 W mobile-ffmpeg: 
06-29 17:41:14.153  5454  5729 W mobile-ffmpeg: [mov,mp4,m4a,3gp,3g2,mj2 @ 0x729d6d8200] 
06-29 17:41:14.153  5454  5729 W mobile-ffmpeg: 
06-29 17:41:14.153  5454  5729 W mobile-ffmpeg: Found duplicated MOOV Atom. Skipped it
06-29 17:41:15.694  5454  5454 W NearbyFragment: Sending 20200312_194229!000.mp4 to Galaxy S8 [2802]
06-29 17:41:15.697  5454  5454 W DashDownloadManager: Successfully downloaded 20200312_194229.mp4 in 30.373s
06-29 17:41:17.919  5454  5454 W NearbyFragment: Sending 20200312_194229!001.mp4 to Nexus 5 [1825]
06-29 17:41:23.048  5454  5454 W NearbyFragment: Sending 20200312_194229!002.mp4 to Galaxy S8 [2802]
06-29 17:41:27.503  5454  5454 W NearbyFragment: Sending 20200312_194229!003.mp4 to Galaxy S8 [2802]
06-29 17:41:27.654  5454  5454 W NearbyFragment: Completed downloading 20200312_194229!000.mp4 from Endpoint{id=lEZq, name=Galaxy S8 [2802]} in 00.156s
06-29 17:41:44.742  5454  5729 W mobile-ffmpeg: 
06-29 17:41:44.742  5454  5729 W mobile-ffmpeg: [mov,mp4,m4a,3gp,3g2,mj2 @ 0x729d6d8200] 
06-29 17:41:44.742  5454  5729 W mobile-ffmpeg: 
06-29 17:41:44.742  5454  5729 W mobile-ffmpeg: Found duplicated MOOV Atom. Skipped it
06-29 17:41:46.188  5454  5454 W NearbyFragment: Sending 20200312_194330!000.mp4 to Galaxy S8 [2802]
06-29 17:41:46.190  5454  5454 W DashDownloadManager: Successfully downloaded 20200312_194330.mp4 in 29.422s
06-29 17:41:52.766  5454  5454 W NearbyFragment: Sending 20200312_194330!001.mp4 to Galaxy S8 [2802]
06-29 17:41:55.511  5454  5454 W NearbyFragment: Sending 20200312_194330!002.mp4 to Galaxy S8 [2802]
06-29 17:41:55.595  5454  5454 W NearbyFragment: Sending 20200312_194330!003.mp4 to Nexus 5 [1825]
06-29 17:41:59.559  5454  5454 W NearbyFragment: Completed downloading 20200312_194229!001.mp4 from Endpoint{id=Oco2, name=Nexus 5 [1825]} in 01.035s
06-29 17:41:59.892  5454  5454 W FfmpegTools: Merged duration of 20200312_194229: 14.35
06-29 17:42:16.218  5454  5729 W mobile-ffmpeg: 
06-29 17:42:16.219  5454  5729 W mobile-ffmpeg: [mov,mp4,m4a,3gp,3g2,mj2 @ 0x729d6d8200] 
06-29 17:42:16.219  5454  5729 W mobile-ffmpeg: 
06-29 17:42:16.219  5454  5729 W mobile-ffmpeg: Found duplicated MOOV Atom. Skipped it
06-29 17:42:17.689  5454  5454 W NearbyFragment: Sending 20200312_194730!000.mp4 to Galaxy S8 [2802]
06-29 17:42:17.692  5454  5454 W DashDownloadManager: Successfully downloaded 20200312_194730.mp4 in 30.455s
06-29 17:42:18.309  5454  5454 W NearbyFragment: Sending 20200312_194730!001.mp4 to Nexus 5 [1825]
06-29 17:42:19.718  5454  5454 W NearbyFragment: Sending 20200312_194730!002.mp4 to Galaxy S8 [2802]
06-29 17:42:22.075  5454  5454 W NearbyFragment: Sending 20200312_194730!003.mp4 to Galaxy S8 [2802]
06-29 17:42:45.408  5454  5729 W mobile-ffmpeg: 
06-29 17:42:45.408  5454  5729 W mobile-ffmpeg: [mov,mp4,m4a,3gp,3g2,mj2 @ 0x729d6d8200] 
06-29 17:42:45.408  5454  5729 W mobile-ffmpeg: 
06-29 17:42:45.408  5454  5729 W mobile-ffmpeg: Found duplicated MOOV Atom. Skipped it
06-29 17:42:47.068  5454  5454 W NearbyFragment: Sending 20200312_194830!000.mp4 to Galaxy S8 [2802]
06-29 17:42:47.071  5454  5454 W DashDownloadManager: Successfully downloaded 20200312_194830.mp4 in 28.290s
06-29 17:42:49.106  5454  5454 W NearbyFragment: Sending 20200312_194830!001.mp4 to Nexus 5 [1825]
06-29 17:42:52.881  5454  5454 W NearbyFragment: Sending 20200312_194830!002.mp4 to Galaxy S8 [2802]
06-29 17:42:55.529  5454  5454 W NearbyFragment: Sending 20200312_194830!003.mp4 to Nexus 5 [1825]
06-29 17:42:57.413  5454  5454 W NearbyFragment: Completed downloading 20200312_194830!000.mp4 from Endpoint{id=lEZq, name=Galaxy S8 [2802]} in 00.322s
06-29 17:43:09.203  5454  5454 W NearbyFragment: Completed downloading 20200312_194830!002.mp4 from Endpoint{id=lEZq, name=Galaxy S8 [2802]} in 00.363s
06-29 17:43:17.591  5454  5729 W mobile-ffmpeg: 
06-29 17:43:17.591  5454  5729 W mobile-ffmpeg: [mov,mp4,m4a,3gp,3g2,mj2 @ 0x729d6d8200] 
06-29 17:43:17.591  5454  5729 W mobile-ffmpeg: 
06-29 17:43:17.591  5454  5729 W mobile-ffmpeg: Found duplicated MOOV Atom. Skipped it
06-29 17:43:19.088  5454  5454 W NearbyFragment: Sending 20200312_194930!000.mp4 to Galaxy S8 [2802]
06-29 17:43:19.092  5454  5454 W DashDownloadManager: Successfully downloaded 20200312_194930.mp4 in 30.974s
06-29 17:43:21.383  5454  5454 W NearbyFragment: Sending 20200312_194930!001.mp4 to Galaxy S8 [2802]
06-29 17:43:23.510  5454  5454 W NearbyFragment: Sending 20200312_194930!002.mp4 to Galaxy S8 [2802]
06-29 17:43:25.303  5454  5454 W NearbyFragment: Sending 20200312_194930!003.mp4 to Nexus 5 [1825]
06-29 17:43:27.767  5454  5454 W NearbyFragment: Completed downloading 20200312_194830!001.mp4 from Endpoint{id=Oco2, name=Nexus 5 [1825]} in 00.974s
06-29 17:43:33.921  5454  5454 W NearbyFragment: Completed downloading 20200312_194930!000.mp4 from Endpoint{id=lEZq, name=Galaxy S8 [2802]} in 00.357s
06-29 17:43:34.746  5454  5454 W FfmpegTools: Merged duration of 20200312_194830: 20.90
06-29 17:43:38.010  5454  5454 W NearbyFragment: Completed downloading 20200312_194930!001.mp4 from Endpoint{id=lEZq, name=Galaxy S8 [2802]} in 00.077s
06-29 17:43:48.179  5454  5729 W mobile-ffmpeg: 
06-29 17:43:48.179  5454  5729 W mobile-ffmpeg: [mov,mp4,m4a,3gp,3g2,mj2 @ 0x729d6d8200] 
06-29 17:43:48.179  5454  5729 W mobile-ffmpeg: 
06-29 17:43:48.179  5454  5729 W mobile-ffmpeg: Found duplicated MOOV Atom. Skipped it
06-29 17:43:49.853  5454  5454 W NearbyFragment: Sending 20200312_195230!000.mp4 to Galaxy S8 [2802]
06-29 17:43:49.857  5454  5454 W DashDownloadManager: Successfully downloaded 20200312_195230.mp4 in 29.719s
06-29 17:43:51.805  5454  5454 W NearbyFragment: Sending 20200312_195230!001.mp4 to Galaxy S8 [2802]
06-29 17:43:53.889  5454  5454 W NearbyFragment: Sending 20200312_195230!002.mp4 to Nexus 5 [1825]
06-29 17:43:54.105  5454  5454 W NearbyFragment: Sending 20200312_195230!003.mp4 to Galaxy S8 [2802]
06-29 17:44:04.572  5454  5454 W NearbyFragment: Completed downloading 20200312_195230!001.mp4 from Endpoint{id=lEZq, name=Galaxy S8 [2802]} in 00.177s
06-29 17:44:19.572  5454  5729 W mobile-ffmpeg: 
06-29 17:44:19.572  5454  5729 W mobile-ffmpeg: [mov,mp4,m4a,3gp,3g2,mj2 @ 0x729d6d8200] 
06-29 17:44:19.572  5454  5729 W mobile-ffmpeg: 
06-29 17:44:19.572  5454  5729 W mobile-ffmpeg: Found duplicated MOOV Atom. Skipped it
06-29 17:44:21.252  5454  5454 W NearbyFragment: Sending 20200312_195330!000.mp4 to Galaxy S8 [2802]
06-29 17:44:21.255  5454  5454 W DashDownloadManager: Successfully downloaded 20200312_195330.mp4 in 30.335s
06-29 17:44:23.164  5454  5454 W NearbyFragment: Sending 20200312_195330!001.mp4 to Galaxy S8 [2802]
06-29 17:44:25.251  5454  5454 W NearbyFragment: Sending 20200312_195330!002.mp4 to Galaxy S8 [2802]
06-29 17:44:27.321  5454  5454 W NearbyFragment: Sending 20200312_195330!003.mp4 to Nexus 5 [1825]
06-29 17:44:28.648  5454  5454 W NearbyFragment: Completed downloading 20200312_195330!000.mp4 from Endpoint{id=lEZq, name=Galaxy S8 [2802]} in 00.111s
06-29 17:44:36.122  5454  5454 W NearbyFragment: Completed downloading 20200312_194930!003.mp4 from Endpoint{id=Oco2, name=Nexus 5 [1825]} in 00.920s
06-29 17:44:36.684  5454  5454 W FfmpegTools: Merged duration of 20200312_194930: 22.33
06-29 17:44:41.430  5454  5454 W NearbyFragment: Completed downloading 20200312_195330!001.mp4 from Endpoint{id=lEZq, name=Galaxy S8 [2802]} in 00.238s
06-29 17:44:44.433  5454  5454 W FfmpegTools: Single segment returned, duration of 20200312_195230: 6.97
06-29 17:44:48.665  5454  5729 W mobile-ffmpeg: 
06-29 17:44:48.665  5454  5729 W mobile-ffmpeg: [mov,mp4,m4a,3gp,3g2,mj2 @ 0x729d6d8200] 
06-29 17:44:48.665  5454  5729 W mobile-ffmpeg: 
06-29 17:44:48.665  5454  5729 W mobile-ffmpeg: Found duplicated MOOV Atom. Skipped it
06-29 17:44:50.111  5454  5454 W NearbyFragment: Sending 20200312_195430!000.mp4 to Galaxy S8 [2802]
06-29 17:44:50.114  5454  5454 W DashDownloadManager: Successfully downloaded 20200312_195430.mp4 in 27.789s
06-29 17:44:51.127  5454  5708 W NearbyFragment: Stopped downloading from dashcam
06-29 17:44:52.300  5454  5454 W NearbyFragment: Sending 20200312_195430!001.mp4 to Nexus 5 [1825]
06-29 17:44:52.369  5454  5454 W NearbyFragment: Sending 20200312_195430!002.mp4 to Galaxy S8 [2802]
06-29 17:44:52.628  5454  5454 W NearbyFragment: Completed downloading 20200312_195330!002.mp4 from Endpoint{id=lEZq, name=Galaxy S8 [2802]} in 00.262s
06-29 17:44:57.343  5454  5454 W NearbyFragment: Sending 20200312_195430!003.mp4 to Galaxy S8 [2802]
06-29 17:45:00.878  5454  5454 W NearbyFragment: Completed downloading 20200312_195430!000.mp4 from Endpoint{id=lEZq, name=Galaxy S8 [2802]} in 00.105s
06-29 17:45:07.889  5454  5454 W NearbyFragment: Completed downloading 20200312_195330!003.mp4 from Endpoint{id=Oco2, name=Nexus 5 [1825]} in 00.346s
06-29 17:45:08.443  5454  5454 W FfmpegTools: Merged duration of 20200312_195330: 24.63
06-29 17:45:09.151  5454  5454 W NearbyFragment: Completed downloading 20200312_195430!002.mp4 from Endpoint{id=lEZq, name=Galaxy S8 [2802]} in 00.119s
06-29 17:45:14.934  5454  5454 W NearbyFragment: Completed downloading 20200312_195430!003.mp4 from Endpoint{id=lEZq, name=Galaxy S8 [2802]} in 00.068s
06-29 17:45:45.643  5454  5454 W NearbyFragment: Completed downloading 20200312_195430!001.mp4 from Endpoint{id=Oco2, name=Nexus 5 [1825]} in 00.215s
06-29 17:45:46.009  5454  5454 W FfmpegTools: Merged duration of 20200312_195430: 21.94
