--------- beginning of main
06-29 01:40:44.127  7674  7674 E Zygote  : isWhitelistProcess - Process is Whitelisted
06-29 01:40:44.128  7674  7674 E Zygote  : accessInfo : 1
06-29 01:40:44.782  7674  7674 W example.edgesu: Accessing hidden method Landroid/graphics/drawable/Drawable;->getOpticalInsets()Landroid/graphics/Insets; (light greylist, linking)
06-29 01:40:44.782  7674  7674 W example.edgesu: Accessing hidden field Landroid/graphics/Insets;->left:I (light greylist, linking)
06-29 01:40:44.782  7674  7674 W example.edgesu: Accessing hidden field Landroid/graphics/Insets;->right:I (light greylist, linking)
06-29 01:40:44.782  7674  7674 W example.edgesu: Accessing hidden field Landroid/graphics/Insets;->top:I (light greylist, linking)
06-29 01:40:44.783  7674  7674 W example.edgesu: Accessing hidden field Landroid/graphics/Insets;->bottom:I (light greylist, linking)
06-29 01:40:44.828  7674  7674 W example.edgesu: Accessing hidden method Landroid/view/View;->computeFitSystemWindows(Landroid/graphics/Rect;Landroid/graphics/Rect;)Z (light greylist, reflection)
06-29 01:40:44.829  7674  7674 W example.edgesu: Accessing hidden method Landroid/view/ViewGroup;->makeOptionalFitsSystemWindows()V (light greylist, reflection)
06-29 01:40:44.936  7674  7674 W example.edgesu: Accessing hidden method Landroid/widget/TextView;->getTextDirectionHeuristic()Landroid/text/TextDirectionHeuristic; (light greylist, linking)
06-29 01:40:44.945  7674  7674 W example.edgesu: Accessing hidden field Landroid/view/View;->mAccessibilityDelegate:Landroid/view/View$AccessibilityDelegate; (light greylist, reflection)
06-29 01:40:45.373  7674  7674 W LogFactory: Truncating log tag length as it exceed 23, the limit imposed by Android on certain API Levels
06-29 01:40:45.414  7674  7674 E TransferService: No notification is passed in the intent. Unable to transition to foreground.
06-29 01:40:45.460  7674  7674 W StaticLayout: maxLineHeight should not be -1.  maxLines:1 lineCount:1
06-29 01:40:45.471  7674  7674 W StaticLayout: maxLineHeight should not be -1.  maxLines:1 lineCount:1
06-29 01:40:45.476  7674  7674 W StaticLayout: maxLineHeight should not be -1.  maxLines:1 lineCount:1
06-29 01:40:45.481  7674  7674 W StaticLayout: maxLineHeight should not be -1.  maxLines:1 lineCount:1
06-29 01:40:45.505  7674  7674 W StaticLayout: maxLineHeight should not be -1.  maxLines:1 lineCount:1
06-29 01:40:45.509  7674  7674 W StaticLayout: maxLineHeight should not be -1.  maxLines:1 lineCount:1
06-29 01:41:13.423  7674  7674 W example.edgesu: Accessing hidden method Landroid/graphics/FontFamily;-><init>()V (light greylist, reflection)
06-29 01:41:13.424  7674  7674 W example.edgesu: Accessing hidden method Landroid/graphics/FontFamily;->addFontFromAssetManager(Landroid/content/res/AssetManager;Ljava/lang/String;IZIII[Landroid/graphics/fonts/FontVariationAxis;)Z (light greylist, reflection)
06-29 01:41:13.424  7674  7674 W example.edgesu: Accessing hidden method Landroid/graphics/FontFamily;->addFontFromBuffer(Ljava/nio/ByteBuffer;I[Landroid/graphics/fonts/FontVariationAxis;II)Z (light greylist, reflection)
06-29 01:41:13.424  7674  7674 W example.edgesu: Accessing hidden method Landroid/graphics/FontFamily;->freeze()Z (light greylist, reflection)
06-29 01:41:13.424  7674  7674 W example.edgesu: Accessing hidden method Landroid/graphics/FontFamily;->abortCreation()V (light greylist, reflection)
06-29 01:41:13.425  7674  7674 W example.edgesu: Accessing hidden method Landroid/graphics/Typeface;->createFromFamiliesWithDefault([Landroid/graphics/FontFamily;Ljava/lang/String;II)Landroid/graphics/Typeface; (light greylist, reflection)
06-29 01:41:21.973  7674  7777 W libEGL  : EGLNativeWindowType 0x7c936d4010 disconnect failed
06-29 01:41:24.419  7674  7777 W libEGL  : EGLNativeWindowType 0x7c936d4010 disconnect failed
06-29 01:41:24.449  7674  7674 E ViewRootImpl: sendUserActionEvent() returned.
06-29 01:42:13.155  7674  7674 W NearbyFragment: Completed downloading 20200312_150643.mp4 from Endpoint{id=lO03, name=Nexus 5X [34d8]} in 08.962s
06-29 01:42:14.009  7674 12930 W mobile-ffmpeg: 
06-29 01:42:14.010  7674 12930 W mobile-ffmpeg: [mov,mp4,m4a,3gp,3g2,mj2 @ 0x7c9351e400] 
06-29 01:42:14.010  7674 12930 W mobile-ffmpeg: 
06-29 01:42:14.010  7674 12930 W mobile-ffmpeg: Found duplicated MOOV Atom. Skipped it
06-29 01:42:23.002  7674 12925 W Summariser: No activity detected
06-29 01:42:23.069  7674 12925 W Summariser: Summarisation completed
06-29 01:42:23.069  7674 12925 W Summariser:   filename: 20200312_150643.mp4
06-29 01:42:23.069  7674 12925 W Summariser:   active sections: 0
06-29 01:42:23.069  7674 12925 W Summariser:   time: 09.180s
06-29 01:42:23.069  7674 12925 W Summariser:   original duration: 60.02
06-29 01:42:23.069  7674 12925 W Summariser:   noise tolerance: 45.00
06-29 01:42:23.069  7674 12925 W Summariser:   quality: 23
06-29 01:42:23.069  7674 12925 W Summariser:   speed: medium
06-29 01:42:23.069  7674 12925 W Summariser:   freeze duration: 1.00
06-29 01:42:32.723  7674  7684 W System  : A resource failed to call close. 
06-29 01:42:32.724  7674  7684 W System  : A resource failed to call close. 
06-29 01:42:36.313  7674  7674 W NearbyFragment: Completed downloading 20200312_150744.mp4 from Endpoint{id=lO03, name=Nexus 5X [34d8]} in 09.073s
06-29 01:42:36.463  7674 12930 W mobile-ffmpeg: 
06-29 01:42:36.463  7674 12930 W mobile-ffmpeg: [mov,mp4,m4a,3gp,3g2,mj2 @ 0x7c9351e400] 
06-29 01:42:36.463  7674 12930 W mobile-ffmpeg: 
06-29 01:42:36.464  7674 12930 W mobile-ffmpeg: Found duplicated MOOV Atom. Skipped it
06-29 01:42:45.222  7674 14312 W Summariser: 1 active sections found
06-29 01:42:45.227  7674 12930 W mobile-ffmpeg: 
06-29 01:42:45.227  7674 12930 W mobile-ffmpeg: [mov,mp4,m4a,3gp,3g2,mj2 @ 0x7c9351e400] 
06-29 01:42:45.227  7674 12930 W mobile-ffmpeg: 
06-29 01:42:45.227  7674 12930 W mobile-ffmpeg: Found duplicated MOOV Atom. Skipped it
06-29 01:42:59.624  7674 14312 W Summariser: Summarisation completed
06-29 01:42:59.624  7674 14312 W Summariser:   filename: 20200312_150744.mp4
06-29 01:42:59.624  7674 14312 W Summariser:   active sections: 1
06-29 01:42:59.624  7674 14312 W Summariser:   time: 23.084s
06-29 01:42:59.624  7674 14312 W Summariser:   original duration: 60.02
06-29 01:42:59.624  7674 14312 W Summariser:   summarised duration: 4.83
06-29 01:42:59.624  7674 14312 W Summariser:   noise tolerance: 45.00
06-29 01:42:59.624  7674 14312 W Summariser:   quality: 23
06-29 01:42:59.624  7674 14312 W Summariser:   speed: medium
06-29 01:42:59.624  7674 14312 W Summariser:   freeze duration: 1.00
06-29 01:42:59.710  7674  7674 W NearbyFragment: Completed downloading 20200312_150844.mp4 from Endpoint{id=lO03, name=Nexus 5X [34d8]} in 10.740s
06-29 01:42:59.779  7674 14312 W NearbyFragment: Sending 20200312_150744.mp4 to Nexus 5X [34d8]
06-29 01:42:59.838  7674 12930 W mobile-ffmpeg: 
06-29 01:42:59.839  7674 12930 W mobile-ffmpeg: [mov,mp4,m4a,3gp,3g2,mj2 @ 0x7c9351e400] 
06-29 01:42:59.839  7674 12930 W mobile-ffmpeg: 
06-29 01:42:59.840  7674 12930 W mobile-ffmpeg: Found duplicated MOOV Atom. Skipped it
06-29 01:43:08.811  7674 14312 W Summariser: Whole video is active
06-29 01:43:10.573  7674 14312 W Summariser: Summarisation completed
06-29 01:43:10.573  7674 14312 W Summariser:   filename: 20200312_150844.mp4
06-29 01:43:10.573  7674 14312 W Summariser:   active sections: -1
06-29 01:43:10.573  7674 14312 W Summariser:   time: 10.611s
06-29 01:43:10.573  7674 14312 W Summariser:   original duration: 60.02
06-29 01:43:10.573  7674 14312 W Summariser:   summarised duration: 60.02
06-29 01:43:10.573  7674 14312 W Summariser:   noise tolerance: 45.00
06-29 01:43:10.573  7674 14312 W Summariser:   quality: 23
06-29 01:43:10.573  7674 14312 W Summariser:   speed: medium
06-29 01:43:10.573  7674 14312 W Summariser:   freeze duration: 1.00
06-29 01:43:10.666  7674 14312 W NearbyFragment: Sending 20200312_150844.mp4 to Nexus 5X [34d8]
06-29 01:43:29.944  7674  7684 W System  : A resource failed to call close. 
06-29 01:43:29.949  7674  7684 W System  : A resource failed to call close. 
06-29 01:43:36.889  7674  7674 W NearbyFragment: Completed downloading 20200312_150944.mp4 from Endpoint{id=lO03, name=Nexus 5X [34d8]} in 09.596s
06-29 01:43:37.004  7674 12930 W mobile-ffmpeg: 
06-29 01:43:37.004  7674 12930 W mobile-ffmpeg: [mov,mp4,m4a,3gp,3g2,mj2 @ 0x7c9351e400] 
06-29 01:43:37.004  7674 12930 W mobile-ffmpeg: 
06-29 01:43:37.004  7674 12930 W mobile-ffmpeg: Found duplicated MOOV Atom. Skipped it
06-29 01:43:46.292  7674 16411 W Summariser: 1 active sections found
06-29 01:43:46.297  7674 12930 W mobile-ffmpeg: 
06-29 01:43:46.297  7674 12930 W mobile-ffmpeg: [mov,mp4,m4a,3gp,3g2,mj2 @ 0x7c9351e400] 
06-29 01:43:46.298  7674 12930 W mobile-ffmpeg: 
06-29 01:43:46.298  7674 12930 W mobile-ffmpeg: Found duplicated MOOV Atom. Skipped it
06-29 01:43:55.915  7674 16411 W Summariser: Summarisation completed
06-29 01:43:55.915  7674 16411 W Summariser:   filename: 20200312_150944.mp4
06-29 01:43:55.915  7674 16411 W Summariser:   active sections: 1
06-29 01:43:55.915  7674 16411 W Summariser:   time: 18.728s
06-29 01:43:55.915  7674 16411 W Summariser:   original duration: 60.02
06-29 01:43:55.915  7674 16411 W Summariser:   summarised duration: 7.07
06-29 01:43:55.915  7674 16411 W Summariser:   noise tolerance: 45.00
06-29 01:43:55.915  7674 16411 W Summariser:   quality: 23
06-29 01:43:55.915  7674 16411 W Summariser:   speed: medium
06-29 01:43:55.915  7674 16411 W Summariser:   freeze duration: 1.00
06-29 01:43:56.127  7674 16411 W NearbyFragment: Sending 20200312_150944.mp4 to Nexus 5X [34d8]
06-29 01:44:13.340  7674  7674 W NearbyFragment: Completed downloading 20200312_151044.mp4 from Endpoint{id=lO03, name=Nexus 5X [34d8]} in 09.307s
06-29 01:44:13.505  7674 12930 W mobile-ffmpeg: 
06-29 01:44:13.505  7674 12930 W mobile-ffmpeg: [mov,mp4,m4a,3gp,3g2,mj2 @ 0x7c9351e400] 
06-29 01:44:13.506  7674 12930 W mobile-ffmpeg: 
06-29 01:44:13.506  7674 12930 W mobile-ffmpeg: Found duplicated MOOV Atom. Skipped it
06-29 01:44:22.450  7674 17443 W Summariser: No activity detected
06-29 01:44:22.500  7674 17443 W Summariser: Summarisation completed
06-29 01:44:22.500  7674 17443 W Summariser:   filename: 20200312_151044.mp4
06-29 01:44:22.500  7674 17443 W Summariser:   active sections: 0
06-29 01:44:22.500  7674 17443 W Summariser:   time: 08.961s
06-29 01:44:22.500  7674 17443 W Summariser:   original duration: 60.02
06-29 01:44:22.500  7674 17443 W Summariser:   noise tolerance: 45.00
06-29 01:44:22.500  7674 17443 W Summariser:   quality: 23
06-29 01:44:22.500  7674 17443 W Summariser:   speed: medium
06-29 01:44:22.500  7674 17443 W Summariser:   freeze duration: 1.00
06-29 01:45:26.867  7674  7684 W System  : A resource failed to call close. 
06-29 01:45:26.868  7674  7684 W System  : A resource failed to call close. 
06-29 01:45:26.869  7674  7684 W System  : A resource failed to call close. 
06-29 01:45:27.453  7674  7674 W NearbyFragment: Completed downloading 20200312_193528.mp4 from Endpoint{id=lO03, name=Nexus 5X [34d8]} in 09.804s
06-29 01:45:27.628  7674 12930 W mobile-ffmpeg: 
06-29 01:45:27.628  7674 12930 W mobile-ffmpeg: [mov,mp4,m4a,3gp,3g2,mj2 @ 0x7c9351e400] 
06-29 01:45:27.628  7674 12930 W mobile-ffmpeg: 
06-29 01:45:27.628  7674 12930 W mobile-ffmpeg: Found duplicated MOOV Atom. Skipped it
06-29 01:45:36.132  7674 19206 W Summariser: No activity detected
06-29 01:45:36.191  7674 19206 W Summariser: Summarisation completed
06-29 01:45:36.191  7674 19206 W Summariser:   filename: 20200312_193528.mp4
06-29 01:45:36.191  7674 19206 W Summariser:   active sections: 0
06-29 01:45:36.191  7674 19206 W Summariser:   time: 08.540s
06-29 01:45:36.191  7674 19206 W Summariser:   original duration: 60.05
06-29 01:45:36.191  7674 19206 W Summariser:   noise tolerance: 45.00
06-29 01:45:36.191  7674 19206 W Summariser:   quality: 23
06-29 01:45:36.191  7674 19206 W Summariser:   speed: medium
06-29 01:45:36.191  7674 19206 W Summariser:   freeze duration: 1.00
06-29 01:46:06.893  7674  7674 W NearbyFragment: Completed downloading 20200312_193628.mp4 from Endpoint{id=lO03, name=Nexus 5X [34d8]} in 07.653s
06-29 01:46:07.015  7674 12930 W mobile-ffmpeg: 
06-29 01:46:07.015  7674 12930 W mobile-ffmpeg: [mov,mp4,m4a,3gp,3g2,mj2 @ 0x7c9351e400] 
06-29 01:46:07.015  7674 12930 W mobile-ffmpeg: 
06-29 01:46:07.015  7674 12930 W mobile-ffmpeg: Found duplicated MOOV Atom. Skipped it
06-29 01:46:15.459  7674 19331 W Summariser: 1 active sections found
06-29 01:46:15.467  7674 12930 W mobile-ffmpeg: 
06-29 01:46:15.467  7674 12930 W mobile-ffmpeg: [mov,mp4,m4a,3gp,3g2,mj2 @ 0x7c9351e400] 
06-29 01:46:15.467  7674 12930 W mobile-ffmpeg: 
06-29 01:46:15.467  7674 12930 W mobile-ffmpeg: Found duplicated MOOV Atom. Skipped it
06-29 01:46:29.528  7674 19331 W Summariser: Summarisation completed
06-29 01:46:29.528  7674 19331 W Summariser:   filename: 20200312_193628.mp4
06-29 01:46:29.528  7674 19331 W Summariser:   active sections: 1
06-29 01:46:29.528  7674 19331 W Summariser:   time: 22.423s
06-29 01:46:29.528  7674 19331 W Summariser:   original duration: 60.02
06-29 01:46:29.528  7674 19331 W Summariser:   summarised duration: 6.07
06-29 01:46:29.528  7674 19331 W Summariser:   noise tolerance: 45.00
06-29 01:46:29.528  7674 19331 W Summariser:   quality: 23
06-29 01:46:29.528  7674 19331 W Summariser:   speed: medium
06-29 01:46:29.528  7674 19331 W Summariser:   freeze duration: 1.00
06-29 01:46:29.642  7674 19331 W NearbyFragment: Sending 20200312_193628.mp4 to Nexus 5X [34d8]
06-29 01:46:48.624  7674  7674 W NearbyFragment: Completed downloading 20200312_193728.mp4 from Endpoint{id=lO03, name=Nexus 5X [34d8]} in 08.044s
06-29 01:46:48.732  7674 12930 W mobile-ffmpeg: 
06-29 01:46:48.732  7674 12930 W mobile-ffmpeg: [mov,mp4,m4a,3gp,3g2,mj2 @ 0x7c9351e400] 
06-29 01:46:48.732  7674 12930 W mobile-ffmpeg: 
06-29 01:46:48.732  7674 12930 W mobile-ffmpeg: Found duplicated MOOV Atom. Skipped it
06-29 01:46:55.763  7674 19477 W Summariser: Whole video is active
06-29 01:46:57.519  7674 19477 W Summariser: Summarisation completed
06-29 01:46:57.519  7674 19477 W Summariser:   filename: 20200312_193728.mp4
06-29 01:46:57.519  7674 19477 W Summariser:   active sections: -1
06-29 01:46:57.519  7674 19477 W Summariser:   time: 08.626s
06-29 01:46:57.519  7674 19477 W Summariser:   original duration: 60.02
06-29 01:46:57.519  7674 19477 W Summariser:   summarised duration: 60.02
06-29 01:46:57.519  7674 19477 W Summariser:   noise tolerance: 45.00
06-29 01:46:57.519  7674 19477 W Summariser:   quality: 23
06-29 01:46:57.519  7674 19477 W Summariser:   speed: medium
06-29 01:46:57.519  7674 19477 W Summariser:   freeze duration: 1.00
06-29 01:46:57.614  7674 19477 W NearbyFragment: Sending 20200312_193728.mp4 to Nexus 5X [34d8]
06-29 01:47:00.647  7674  7684 W System  : A resource failed to call close. 
06-29 01:47:00.651  7674  7684 W System  : A resource failed to call close. 
06-29 01:47:37.328  7674  7674 W NearbyFragment: Completed downloading 20200312_193828.mp4 from Endpoint{id=lO03, name=Nexus 5X [34d8]} in 07.974s
06-29 01:47:37.451  7674 12930 W mobile-ffmpeg: 
06-29 01:47:37.451  7674 12930 W mobile-ffmpeg: [mov,mp4,m4a,3gp,3g2,mj2 @ 0x7c9351e400] 
06-29 01:47:37.451  7674 12930 W mobile-ffmpeg: 
06-29 01:47:37.451  7674 12930 W mobile-ffmpeg: Found duplicated MOOV Atom. Skipped it
06-29 01:47:44.241  7674 19625 W Summariser: 1 active sections found
06-29 01:47:44.246  7674 12930 W mobile-ffmpeg: 
06-29 01:47:44.246  7674 12930 W mobile-ffmpeg: [mov,mp4,m4a,3gp,3g2,mj2 @ 0x7c9351e400] 
06-29 01:47:44.246  7674 12930 W mobile-ffmpeg: 
06-29 01:47:44.246  7674 12930 W mobile-ffmpeg: Found duplicated MOOV Atom. Skipped it
06-29 01:47:58.951  7674 19625 W Summariser: Summarisation completed
06-29 01:47:58.951  7674 19625 W Summariser:   filename: 20200312_193828.mp4
06-29 01:47:58.951  7674 19625 W Summariser:   active sections: 1
06-29 01:47:58.951  7674 19625 W Summariser:   time: 21.410s
06-29 01:47:58.951  7674 19625 W Summariser:   original duration: 60.02
06-29 01:47:58.951  7674 19625 W Summariser:   summarised duration: 14.28
06-29 01:47:58.951  7674 19625 W Summariser:   noise tolerance: 45.00
06-29 01:47:58.951  7674 19625 W Summariser:   quality: 23
06-29 01:47:58.951  7674 19625 W Summariser:   speed: medium
06-29 01:47:58.951  7674 19625 W Summariser:   freeze duration: 1.00
06-29 01:47:59.004  7674 19625 W NearbyFragment: Sending 20200312_193828.mp4 to Nexus 5X [34d8]
06-29 01:48:09.709  7674  7687 W example.edgesu: JNI critical lock held for 96.880ms on Thread[7,tid=7687,Runnable,Thread*=0x7cabeaf400,peer=0x176c07a0,"Binder:7674_1"]
06-29 01:48:17.259  7674  7674 W NearbyFragment: Completed downloading 20200312_193928.mp4 from Endpoint{id=lO03, name=Nexus 5X [34d8]} in 07.546s
06-29 01:48:17.392  7674 12930 W mobile-ffmpeg: 
06-29 01:48:17.392  7674 12930 W mobile-ffmpeg: [mov,mp4,m4a,3gp,3g2,mj2 @ 0x7c9351e400] 
06-29 01:48:17.392  7674 12930 W mobile-ffmpeg: 
06-29 01:48:17.392  7674 12930 W mobile-ffmpeg: Found duplicated MOOV Atom. Skipped it
06-29 01:48:24.051  7674 19810 W Summariser: No activity detected
06-29 01:48:24.100  7674 19810 W Summariser: Summarisation completed
06-29 01:48:24.100  7674 19810 W Summariser:   filename: 20200312_193928.mp4
06-29 01:48:24.100  7674 19810 W Summariser:   active sections: 0
06-29 01:48:24.100  7674 19810 W Summariser:   time: 06.668s
06-29 01:48:24.100  7674 19810 W Summariser:   original duration: 60.89
06-29 01:48:24.100  7674 19810 W Summariser:   noise tolerance: 45.00
06-29 01:48:24.100  7674 19810 W Summariser:   quality: 23
06-29 01:48:24.100  7674 19810 W Summariser:   speed: medium
06-29 01:48:24.100  7674 19810 W Summariser:   freeze duration: 1.00
06-29 01:48:24.124  7674  7684 W System  : A resource failed to call close. 
06-29 01:48:24.125  7674  7684 W System  : A resource failed to call close. 
06-29 01:48:44.446  7674  7674 W NearbyFragment: Completed downloading 20200312_194129.mp4 from Endpoint{id=lO03, name=Nexus 5X [34d8]} in 07.581s
06-29 01:48:44.540  7674 12930 W mobile-ffmpeg: 
06-29 01:48:44.540  7674 12930 W mobile-ffmpeg: [mov,mp4,m4a,3gp,3g2,mj2 @ 0x7c9351d800] 
06-29 01:48:44.540  7674 12930 W mobile-ffmpeg: 
06-29 01:48:44.540  7674 12930 W mobile-ffmpeg: Found duplicated MOOV Atom. Skipped it
06-29 01:48:51.362  7674 19877 W Summariser: 2 active sections found
06-29 01:48:51.367  7674 12930 W mobile-ffmpeg: 
06-29 01:48:51.367  7674 12930 W mobile-ffmpeg: [mov,mp4,m4a,3gp,3g2,mj2 @ 0x7c9351d800] 
06-29 01:48:51.367  7674 12930 W mobile-ffmpeg: 
06-29 01:48:51.367  7674 12930 W mobile-ffmpeg: Found duplicated MOOV Atom. Skipped it
06-29 01:49:06.444  7674 19877 W Summariser: Summarisation completed
06-29 01:49:06.444  7674 19877 W Summariser:   filename: 20200312_194129.mp4
06-29 01:49:06.444  7674 19877 W Summariser:   active sections: 2
06-29 01:49:06.444  7674 19877 W Summariser:   time: 21.828s
06-29 01:49:06.444  7674 19877 W Summariser:   original duration: 60.02
06-29 01:49:06.444  7674 19877 W Summariser:   summarised duration: 10.77
06-29 01:49:06.444  7674 19877 W Summariser:   noise tolerance: 45.00
06-29 01:49:06.444  7674 19877 W Summariser:   quality: 23
06-29 01:49:06.444  7674 19877 W Summariser:   speed: medium
06-29 01:49:06.444  7674 19877 W Summariser:   freeze duration: 1.00
06-29 01:49:06.520  7674 19877 W NearbyFragment: Sending 20200312_194129.mp4 to Nexus 5X [34d8]
06-29 01:49:10.433  7674  7674 W NearbyFragment: Completed downloading 20200312_194229.mp4 from Endpoint{id=lO03, name=Nexus 5X [34d8]} in 07.791s
06-29 01:49:10.520  7674 12930 W mobile-ffmpeg: 
06-29 01:49:10.520  7674 12930 W mobile-ffmpeg: [mov,mp4,m4a,3gp,3g2,mj2 @ 0x7c9351d800] 
06-29 01:49:10.520  7674 12930 W mobile-ffmpeg: 
06-29 01:49:10.520  7674 12930 W mobile-ffmpeg: Found duplicated MOOV Atom. Skipped it
06-29 01:49:17.414  7674 19975 W Summariser: 5 active sections found
06-29 01:49:17.419  7674 12930 W mobile-ffmpeg: 
06-29 01:49:17.419  7674 12930 W mobile-ffmpeg: [mov,mp4,m4a,3gp,3g2,mj2 @ 0x7c9351d800] 
06-29 01:49:17.419  7674 12930 W mobile-ffmpeg: 
06-29 01:49:17.419  7674 12930 W mobile-ffmpeg: Found duplicated MOOV Atom. Skipped it
06-29 01:49:32.131  7674  7684 W System  : A resource failed to call close. 
06-29 01:49:32.132  7674  7684 W System  : A resource failed to call close. 
06-29 01:49:36.888  7674  7674 W NearbyFragment: Completed downloading 20200312_194330.mp4 from Endpoint{id=lO03, name=Nexus 5X [34d8]} in 08.824s
06-29 01:49:38.291  7674 19975 W Summariser: Summarisation completed
06-29 01:49:38.291  7674 19975 W Summariser:   filename: 20200312_194229.mp4
06-29 01:49:38.291  7674 19975 W Summariser:   active sections: 5
06-29 01:49:38.291  7674 19975 W Summariser:   time: 27.676s
06-29 01:49:38.291  7674 19975 W Summariser:   original duration: 60.02
06-29 01:49:38.291  7674 19975 W Summariser:   summarised duration: 15.51
06-29 01:49:38.291  7674 19975 W Summariser:   noise tolerance: 45.00
06-29 01:49:38.291  7674 19975 W Summariser:   quality: 23
06-29 01:49:38.291  7674 19975 W Summariser:   speed: medium
06-29 01:49:38.291  7674 19975 W Summariser:   freeze duration: 1.00
06-29 01:49:38.351  7674 19975 W NearbyFragment: Sending 20200312_194229.mp4 to Nexus 5X [34d8]
06-29 01:49:38.376  7674 12930 W mobile-ffmpeg: 
06-29 01:49:38.376  7674 12930 W mobile-ffmpeg: [mov,mp4,m4a,3gp,3g2,mj2 @ 0x7c9351d800] 
06-29 01:49:38.376  7674 12930 W mobile-ffmpeg: 
06-29 01:49:38.376  7674 12930 W mobile-ffmpeg: Found duplicated MOOV Atom. Skipped it
06-29 01:49:45.144  7674 19975 W Summariser: No activity detected
06-29 01:49:45.192  7674 19975 W Summariser: Summarisation completed
06-29 01:49:45.192  7674 19975 W Summariser:   filename: 20200312_194330.mp4
06-29 01:49:45.192  7674 19975 W Summariser:   active sections: 0
06-29 01:49:45.192  7674 19975 W Summariser:   time: 06.775s
06-29 01:49:45.192  7674 19975 W Summariser:   original duration: 60.02
06-29 01:49:45.192  7674 19975 W Summariser:   noise tolerance: 45.00
06-29 01:49:45.192  7674 19975 W Summariser:   quality: 23
06-29 01:49:45.192  7674 19975 W Summariser:   speed: medium
06-29 01:49:45.192  7674 19975 W Summariser:   freeze duration: 1.00
06-29 01:50:05.144  7674  7674 W NearbyFragment: Completed downloading 20200312_194730.mp4 from Endpoint{id=lO03, name=Nexus 5X [34d8]} in 07.823s
06-29 01:50:05.236  7674 12930 W mobile-ffmpeg: 
06-29 01:50:05.236  7674 12930 W mobile-ffmpeg: [mov,mp4,m4a,3gp,3g2,mj2 @ 0x7c9351d800] 
06-29 01:50:05.236  7674 12930 W mobile-ffmpeg: 
06-29 01:50:05.236  7674 12930 W mobile-ffmpeg: Found duplicated MOOV Atom. Skipped it
06-29 01:50:12.142  7674 20141 W Summariser: No activity detected
06-29 01:50:12.191  7674 20141 W Summariser: Summarisation completed
06-29 01:50:12.191  7674 20141 W Summariser:   filename: 20200312_194730.mp4
06-29 01:50:12.191  7674 20141 W Summariser:   active sections: 0
06-29 01:50:12.191  7674 20141 W Summariser:   time: 06.915s
06-29 01:50:12.191  7674 20141 W Summariser:   original duration: 60.02
06-29 01:50:12.191  7674 20141 W Summariser:   noise tolerance: 45.00
06-29 01:50:12.191  7674 20141 W Summariser:   quality: 23
06-29 01:50:12.191  7674 20141 W Summariser:   speed: medium
06-29 01:50:12.191  7674 20141 W Summariser:   freeze duration: 1.00
06-29 01:50:31.039  7674  7674 W NearbyFragment: Completed downloading 20200312_194830.mp4 from Endpoint{id=lO03, name=Nexus 5X [34d8]} in 07.779s
06-29 01:50:31.112  7674 12930 W mobile-ffmpeg: 
06-29 01:50:31.112  7674 12930 W mobile-ffmpeg: [mov,mp4,m4a,3gp,3g2,mj2 @ 0x7c9351d800] 
06-29 01:50:31.113  7674 12930 W mobile-ffmpeg: 
06-29 01:50:31.113  7674 12930 W mobile-ffmpeg: Found duplicated MOOV Atom. Skipped it
06-29 01:50:38.628  7674  7684 W System  : A resource failed to call close. 
06-29 01:50:38.629  7674  7684 W System  : A resource failed to call close. 
06-29 01:50:38.635  7674 20224 W Summariser: 4 active sections found
06-29 01:50:38.640  7674 12930 W mobile-ffmpeg: 
06-29 01:50:38.640  7674 12930 W mobile-ffmpeg: [mov,mp4,m4a,3gp,3g2,mj2 @ 0x7c9351d800] 
06-29 01:50:38.640  7674 12930 W mobile-ffmpeg: 
06-29 01:50:38.640  7674 12930 W mobile-ffmpeg: Found duplicated MOOV Atom. Skipped it
06-29 01:50:58.172  7674  7674 W NearbyFragment: Completed downloading 20200312_194930.mp4 from Endpoint{id=lO03, name=Nexus 5X [34d8]} in 09.556s
06-29 01:51:03.459  7674 20224 W Summariser: Summarisation completed
06-29 01:51:03.459  7674 20224 W Summariser:   filename: 20200312_194830.mp4
06-29 01:51:03.459  7674 20224 W Summariser:   active sections: 4
06-29 01:51:03.459  7674 20224 W Summariser:   time: 32.245s
06-29 01:51:03.459  7674 20224 W Summariser:   original duration: 60.02
06-29 01:51:03.459  7674 20224 W Summariser:   summarised duration: 19.02
06-29 01:51:03.459  7674 20224 W Summariser:   noise tolerance: 45.00
06-29 01:51:03.459  7674 20224 W Summariser:   quality: 23
06-29 01:51:03.459  7674 20224 W Summariser:   speed: medium
06-29 01:51:03.459  7674 20224 W Summariser:   freeze duration: 1.00
06-29 01:51:03.554  7674 20224 W NearbyFragment: Sending 20200312_194830.mp4 to Nexus 5X [34d8]
06-29 01:51:03.597  7674 12930 W mobile-ffmpeg: 
06-29 01:51:03.597  7674 12930 W mobile-ffmpeg: [mov,mp4,m4a,3gp,3g2,mj2 @ 0x7c9351d800] 
06-29 01:51:03.597  7674 12930 W mobile-ffmpeg: 
06-29 01:51:03.598  7674 12930 W mobile-ffmpeg: Found duplicated MOOV Atom. Skipped it
06-29 01:51:11.704  7674 20224 W Summariser: 2 active sections found
06-29 01:51:11.710  7674 12930 W mobile-ffmpeg: 
06-29 01:51:11.710  7674 12930 W mobile-ffmpeg: [mov,mp4,m4a,3gp,3g2,mj2 @ 0x7c9351d800] 
06-29 01:51:11.710  7674 12930 W mobile-ffmpeg: 
06-29 01:51:11.710  7674 12930 W mobile-ffmpeg: Found duplicated MOOV Atom. Skipped it
06-29 01:51:26.307  7674  7674 W NearbyFragment: Completed downloading 20200312_195230.mp4 from Endpoint{id=lO03, name=Nexus 5X [34d8]} in 11.273s
06-29 01:51:47.133  7674  7684 W System  : A resource failed to call close. 
06-29 01:51:47.135  7674  7684 W System  : A resource failed to call close. 
06-29 01:51:48.209  7674 20224 W Summariser: Summarisation completed
06-29 01:51:48.209  7674 20224 W Summariser:   filename: 20200312_194930.mp4
06-29 01:51:48.209  7674 20224 W Summariser:   active sections: 2
06-29 01:51:48.209  7674 20224 W Summariser:   time: 44.468s
06-29 01:51:48.209  7674 20224 W Summariser:   original duration: 60.02
06-29 01:51:48.209  7674 20224 W Summariser:   summarised duration: 22.25
06-29 01:51:48.209  7674 20224 W Summariser:   noise tolerance: 45.00
06-29 01:51:48.209  7674 20224 W Summariser:   quality: 23
06-29 01:51:48.209  7674 20224 W Summariser:   speed: medium
06-29 01:51:48.209  7674 20224 W Summariser:   freeze duration: 1.00
06-29 01:51:48.275  7674 20224 W NearbyFragment: Sending 20200312_194930.mp4 to Nexus 5X [34d8]
06-29 01:51:48.307  7674 12930 W mobile-ffmpeg: 
06-29 01:51:48.307  7674 12930 W mobile-ffmpeg: [mov,mp4,m4a,3gp,3g2,mj2 @ 0x7c9351d800] 
06-29 01:51:48.307  7674 12930 W mobile-ffmpeg: 
06-29 01:51:48.307  7674 12930 W mobile-ffmpeg: Found duplicated MOOV Atom. Skipped it
06-29 01:51:52.501  7674  7674 W NearbyFragment: Completed downloading 20200312_195330.mp4 from Endpoint{id=lO03, name=Nexus 5X [34d8]} in 11.556s
06-29 01:51:58.621  7674 20224 W Summariser: 1 active sections found
06-29 01:51:58.630  7674 12930 W mobile-ffmpeg: 
06-29 01:51:58.630  7674 12930 W mobile-ffmpeg: [mov,mp4,m4a,3gp,3g2,mj2 @ 0x7c9351d800] 
06-29 01:51:58.630  7674 12930 W mobile-ffmpeg: 
06-29 01:51:58.630  7674 12930 W mobile-ffmpeg: Found duplicated MOOV Atom. Skipped it
06-29 01:52:14.367  7674 20224 W Summariser: Summarisation completed
06-29 01:52:14.367  7674 20224 W Summariser:   filename: 20200312_195230.mp4
06-29 01:52:14.367  7674 20224 W Summariser:   active sections: 1
06-29 01:52:14.367  7674 20224 W Summariser:   time: 25.933s
06-29 01:52:14.367  7674 20224 W Summariser:   original duration: 60.02
06-29 01:52:14.367  7674 20224 W Summariser:   summarised duration: 6.97
06-29 01:52:14.367  7674 20224 W Summariser:   noise tolerance: 45.00
06-29 01:52:14.367  7674 20224 W Summariser:   quality: 23
06-29 01:52:14.367  7674 20224 W Summariser:   speed: medium
06-29 01:52:14.367  7674 20224 W Summariser:   freeze duration: 1.00
06-29 01:52:14.448  7674 20224 W NearbyFragment: Sending 20200312_195230.mp4 to Nexus 5X [34d8]
06-29 01:52:14.470  7674 12930 W mobile-ffmpeg: 
06-29 01:52:14.470  7674 12930 W mobile-ffmpeg: [mov,mp4,m4a,3gp,3g2,mj2 @ 0x7c9351d800] 
06-29 01:52:14.470  7674 12930 W mobile-ffmpeg: 
06-29 01:52:14.470  7674 12930 W mobile-ffmpeg: Found duplicated MOOV Atom. Skipped it
06-29 01:52:19.906  7674  7674 W NearbyFragment: Completed downloading 20200312_195430.mp4 from Endpoint{id=lO03, name=Nexus 5X [34d8]} in 12.232s
06-29 01:52:24.864  7674 20224 W Summariser: 5 active sections found
06-29 01:52:24.872  7674 12930 W mobile-ffmpeg: 
06-29 01:52:24.873  7674 12930 W mobile-ffmpeg: [mov,mp4,m4a,3gp,3g2,mj2 @ 0x7c9351d800] 
06-29 01:52:24.873  7674 12930 W mobile-ffmpeg: 
06-29 01:52:24.873  7674 12930 W mobile-ffmpeg: Found duplicated MOOV Atom. Skipped it
06-29 01:52:59.999  7674 20224 W Summariser: Summarisation completed
06-29 01:52:59.999  7674 20224 W Summariser:   filename: 20200312_195330.mp4
06-29 01:52:59.999  7674 20224 W Summariser:   active sections: 5
06-29 01:52:59.999  7674 20224 W Summariser:   time: 45.403s
06-29 01:52:59.999  7674 20224 W Summariser:   original duration: 60.02
06-29 01:52:59.999  7674 20224 W Summariser:   summarised duration: 23.42
06-29 01:52:59.999  7674 20224 W Summariser:   noise tolerance: 45.00
06-29 01:52:59.999  7674 20224 W Summariser:   quality: 23
06-29 01:52:59.999  7674 20224 W Summariser:   speed: medium
06-29 01:52:59.999  7674 20224 W Summariser:   freeze duration: 1.00
06-29 01:53:00.147  7674 20224 W NearbyFragment: Sending 20200312_195330.mp4 to Nexus 5X [34d8]
06-29 01:53:00.192  7674 12930 W mobile-ffmpeg: 
06-29 01:53:00.192  7674 12930 W mobile-ffmpeg: [mov,mp4,m4a,3gp,3g2,mj2 @ 0x7c9351d800] 
06-29 01:53:00.192  7674 12930 W mobile-ffmpeg: 
06-29 01:53:00.193  7674 12930 W mobile-ffmpeg: Found duplicated MOOV Atom. Skipped it
06-29 01:53:09.839  7674 20224 W Summariser: 5 active sections found
06-29 01:53:09.848  7674 12930 W mobile-ffmpeg: 
06-29 01:53:09.848  7674 12930 W mobile-ffmpeg: [mov,mp4,m4a,3gp,3g2,mj2 @ 0x7c9351d800] 
06-29 01:53:09.848  7674 12930 W mobile-ffmpeg: 
06-29 01:53:09.848  7674 12930 W mobile-ffmpeg: Found duplicated MOOV Atom. Skipped it
06-29 01:53:26.679  7674  7674 W example.edgesu: Accessing hidden method Landroid/view/View;->getTransitionAlpha()F (light greylist, linking)
06-29 01:53:26.680  7674  7674 W example.edgesu: Accessing hidden method Landroid/view/View;->setTransitionAlpha(F)V (light greylist, linking)
06-29 01:53:26.680  7674  7674 W example.edgesu: Accessing hidden method Landroid/view/View;->setAnimationMatrix(Landroid/graphics/Matrix;)V (light greylist, linking)
06-29 01:53:26.680  7674  7674 W example.edgesu: Accessing hidden method Landroid/view/View;->transformMatrixToGlobal(Landroid/graphics/Matrix;)V (light greylist, linking)
06-29 01:53:26.680  7674  7674 W example.edgesu: Accessing hidden method Landroid/view/View;->transformMatrixToLocal(Landroid/graphics/Matrix;)V (light greylist, linking)
06-29 01:53:26.680  7674  7674 W example.edgesu: Accessing hidden method Landroid/view/View;->setLeftTopRightBottom(IIII)V (light greylist, linking)
06-29 01:53:26.680  7674  7674 W example.edgesu: Accessing hidden method Landroid/view/View;->setTransitionVisibility(I)V (dark greylist, linking)
06-29 01:53:26.779  7674  7674 W StaticLayout: maxLineHeight should not be -1.  maxLines:1 lineCount:1
06-29 01:53:26.785  7674  7674 W StaticLayout: maxLineHeight should not be -1.  maxLines:1 lineCount:1
06-29 01:53:27.629  7674  7674 W example.edgesu: Accessing hidden field Landroid/view/View;->mViewFlags:I (light greylist, reflection)
06-29 01:53:27.631  7674  7674 W example.edgesu: Accessing hidden method Landroid/view/ViewGroup;->suppressLayout(Z)V (light greylist, linking)
06-29 01:53:41.104  7674 20224 W Summariser: Summarisation completed
06-29 01:53:41.104  7674 20224 W Summariser:   filename: 20200312_195430.mp4
06-29 01:53:41.104  7674 20224 W Summariser:   active sections: 5
06-29 01:53:41.104  7674 20224 W Summariser:   time: 40.770s
06-29 01:53:41.104  7674 20224 W Summariser:   original duration: 60.02
06-29 01:53:41.104  7674 20224 W Summariser:   summarised duration: 21.92
06-29 01:53:41.104  7674 20224 W Summariser:   noise tolerance: 45.00
06-29 01:53:41.104  7674 20224 W Summariser:   quality: 23
06-29 01:53:41.104  7674 20224 W Summariser:   speed: medium
06-29 01:53:41.104  7674 20224 W Summariser:   freeze duration: 1.00
06-29 01:53:41.214  7674 20224 W NearbyFragment: Sending 20200312_195430.mp4 to Nexus 5X [34d8]
