--------- beginning of main
--------- beginning of system
07-06 00:32:23.613  9497  9497 W LogFactory: Truncating log tag length as it exceed 23, the limit imposed by Android on certain API Levels
07-06 00:32:32.031  9497  9497 E TransferService: No notification is passed in the intent. Unable to transition to foreground.
07-06 00:33:06.450  9497  9511 W zygote64: Clearing bad or obsolete profile data from file /data/misc/profiles/cur/0/com.example.edgesum/primary.prof: Profile EOF reached prematurely for ReadProfileHeader
07-06 00:36:00.857  9497  9497 W NearbyFragment: Completed downloading 20200312_150944.mp4 from Endpoint{id=njPJ, name=Galaxy S8 [2802]} in 46.344s
07-06 00:36:01.033  9497  9841 W mobile-ffmpeg: [mov,mp4,m4a,3gp,3g2,mj2 @ 0x756b352800] Found duplicated MOOV Atom. Skipped it
07-06 00:36:01.160  9497  9841 W mobile-ffmpeg: [graph 0 input from stream 0:0 @ 0x7559d90e00] sws_param option is deprecated and ignored
07-06 00:36:14.269  9497  9840 W Summariser: 1 active sections found
07-06 00:36:14.277  9497  9841 W mobile-ffmpeg: [mov,mp4,m4a,3gp,3g2,mj2 @ 0x756b352800] Found duplicated MOOV Atom. Skipped it
07-06 00:36:14.368  9497  9841 W mobile-ffmpeg: [graph 0 input from stream 0:0 @ 0x7559d908c0] sws_param option is deprecated and ignored
07-06 00:36:30.554  9497  9841 W mobile-ffmpeg: [mov,mp4,m4a,3gp,3g2,mj2 @ 0x756b352800] Found duplicated MOOV Atom. Skipped it
07-06 00:36:30.676  9497  9840 W Summariser: Summarisation completed
07-06 00:36:30.676  9497  9840 W Summariser:   filename: 20200312_150944.mp4
07-06 00:36:30.676  9497  9840 W Summariser:   active sections: 1
07-06 00:36:30.676  9497  9840 W Summariser:   time: 29.637s
07-06 00:36:30.676  9497  9840 W Summariser:   original duration: 60.02
07-06 00:36:30.676  9497  9840 W Summariser:   summarised duration: 7.07
07-06 00:36:30.676  9497  9840 W Summariser:   noise tolerance: 45.00
07-06 00:36:30.676  9497  9840 W Summariser:   quality: 23
07-06 00:36:30.676  9497  9840 W Summariser:   speed: medium
07-06 00:36:30.676  9497  9840 W Summariser:   freeze duration: 1.00
07-06 00:36:30.740  9497  9840 W NearbyFragment: Sending 20200312_150944.mp4 to Galaxy S8 [2802]
07-06 00:38:15.958  9497  9497 W NearbyFragment: Completed downloading 20200312_193828.mp4 from Endpoint{id=njPJ, name=Galaxy S8 [2802]} in 17.701s
07-06 00:38:16.023  9497  9841 W mobile-ffmpeg: [mov,mp4,m4a,3gp,3g2,mj2 @ 0x756b352800] Found duplicated MOOV Atom. Skipped it
07-06 00:38:16.171  9497  9841 W mobile-ffmpeg: [graph 0 input from stream 0:0 @ 0x7559d90e00] sws_param option is deprecated and ignored
07-06 00:38:29.491  9497 10009 W Summariser: 1 active sections found
07-06 00:38:29.505  9497  9841 W mobile-ffmpeg: [mov,mp4,m4a,3gp,3g2,mj2 @ 0x756b352800] Found duplicated MOOV Atom. Skipped it
07-06 00:38:29.623  9497  9841 W mobile-ffmpeg: [graph 0 input from stream 0:0 @ 0x7559d908c0] sws_param option is deprecated and ignored
07-06 00:39:11.633  9497  9841 W mobile-ffmpeg: [mov,mp4,m4a,3gp,3g2,mj2 @ 0x756b352800] Found duplicated MOOV Atom. Skipped it
07-06 00:39:11.803  9497 10009 W Summariser: Summarisation completed
07-06 00:39:11.803  9497 10009 W Summariser:   filename: 20200312_193828.mp4
07-06 00:39:11.803  9497 10009 W Summariser:   active sections: 1
07-06 00:39:11.803  9497 10009 W Summariser:   time: 55.610s
07-06 00:39:11.803  9497 10009 W Summariser:   original duration: 60.02
07-06 00:39:11.803  9497 10009 W Summariser:   summarised duration: 14.28
07-06 00:39:11.803  9497 10009 W Summariser:   noise tolerance: 45.00
07-06 00:39:11.803  9497 10009 W Summariser:   quality: 23
07-06 00:39:11.803  9497 10009 W Summariser:   speed: medium
07-06 00:39:11.803  9497 10009 W Summariser:   freeze duration: 1.00
07-06 00:39:11.865  9497 10009 W NearbyFragment: Sending 20200312_193828.mp4 to Galaxy S8 [2802]
07-06 00:40:13.882  9497  9497 W NearbyFragment: Completed downloading 20200312_194330.mp4 from Endpoint{id=njPJ, name=Galaxy S8 [2802]} in 12.788s
07-06 00:40:13.938  9497  9841 W mobile-ffmpeg: [mov,mp4,m4a,3gp,3g2,mj2 @ 0x756b352800] Found duplicated MOOV Atom. Skipped it
07-06 00:40:14.057  9497  9841 W mobile-ffmpeg: [graph 0 input from stream 0:0 @ 0x7559d90e00] sws_param option is deprecated and ignored
07-06 00:40:27.918  9497 10075 W Summariser: No activity detected
07-06 00:40:27.926  9497  9841 W mobile-ffmpeg: [mov,mp4,m4a,3gp,3g2,mj2 @ 0x756b352800] Found duplicated MOOV Atom. Skipped it
07-06 00:40:27.990  9497 10075 W Summariser: Summarisation completed
07-06 00:40:27.990  9497 10075 W Summariser:   filename: 20200312_194330.mp4
07-06 00:40:27.990  9497 10075 W Summariser:   active sections: 0
07-06 00:40:27.990  9497 10075 W Summariser:   time: 13.990s
07-06 00:40:27.990  9497 10075 W Summariser:   original duration: 60.02
07-06 00:40:27.990  9497 10075 W Summariser:   summarised duration: -1.00
07-06 00:40:27.990  9497 10075 W Summariser:   noise tolerance: 45.00
07-06 00:40:27.990  9497 10075 W Summariser:   quality: 23
07-06 00:40:27.990  9497 10075 W Summariser:   speed: medium
07-06 00:40:27.990  9497 10075 W Summariser:   freeze duration: 1.00
07-06 00:40:44.770  9497  9497 W NearbyFragment: Completed downloading 20200312_194730.mp4 from Endpoint{id=njPJ, name=Galaxy S8 [2802]} in 16.420s
07-06 00:40:44.836  9497  9841 W mobile-ffmpeg: [mov,mp4,m4a,3gp,3g2,mj2 @ 0x756b352800] Found duplicated MOOV Atom. Skipped it
07-06 00:40:44.944  9497  9841 W mobile-ffmpeg: [graph 0 input from stream 0:0 @ 0x7559d90e00] sws_param option is deprecated and ignored
07-06 00:41:05.340  9497 10108 W Summariser: No activity detected
07-06 00:41:05.351  9497  9841 W mobile-ffmpeg: [mov,mp4,m4a,3gp,3g2,mj2 @ 0x756b352800] Found duplicated MOOV Atom. Skipped it
07-06 00:41:05.420  9497 10108 W Summariser: Summarisation completed
07-06 00:41:05.420  9497 10108 W Summariser:   filename: 20200312_194730.mp4
07-06 00:41:05.420  9497 10108 W Summariser:   active sections: 0
07-06 00:41:05.420  9497 10108 W Summariser:   time: 20.514s
07-06 00:41:05.420  9497 10108 W Summariser:   original duration: 60.02
07-06 00:41:05.420  9497 10108 W Summariser:   summarised duration: -1.00
07-06 00:41:05.420  9497 10108 W Summariser:   noise tolerance: 45.00
07-06 00:41:05.420  9497 10108 W Summariser:   quality: 23
07-06 00:41:05.420  9497 10108 W Summariser:   speed: medium
07-06 00:41:05.420  9497 10108 W Summariser:   freeze duration: 1.00
07-06 00:42:10.529  9497  9497 W NearbyFragment: Completed downloading 20200312_195230.mp4 from Endpoint{id=njPJ, name=Galaxy S8 [2802]} in 16.277s
07-06 00:42:10.568  9497  9841 W mobile-ffmpeg: [mov,mp4,m4a,3gp,3g2,mj2 @ 0x756b352800] Found duplicated MOOV Atom. Skipped it
07-06 00:42:10.687  9497  9841 W mobile-ffmpeg: [graph 0 input from stream 0:0 @ 0x7559d90e00] sws_param option is deprecated and ignored
07-06 00:42:24.664  9497 10148 W Summariser: 1 active sections found
07-06 00:42:24.677  9497  9841 W mobile-ffmpeg: [mov,mp4,m4a,3gp,3g2,mj2 @ 0x756b352800] Found duplicated MOOV Atom. Skipped it
07-06 00:42:24.796  9497  9841 W mobile-ffmpeg: [graph 0 input from stream 0:0 @ 0x7559d908c0] sws_param option is deprecated and ignored
07-06 00:42:57.367  9497  9841 W mobile-ffmpeg: [mov,mp4,m4a,3gp,3g2,mj2 @ 0x756b352800] Found duplicated MOOV Atom. Skipped it
07-06 00:42:57.494  9497 10148 W Summariser: Summarisation completed
07-06 00:42:57.494  9497 10148 W Summariser:   filename: 20200312_195230.mp4
07-06 00:42:57.494  9497 10148 W Summariser:   active sections: 1
07-06 00:42:57.494  9497 10148 W Summariser:   time: 46.800s
07-06 00:42:57.494  9497 10148 W Summariser:   original duration: 60.02
07-06 00:42:57.494  9497 10148 W Summariser:   summarised duration: 6.97
07-06 00:42:57.494  9497 10148 W Summariser:   noise tolerance: 45.00
07-06 00:42:57.494  9497 10148 W Summariser:   quality: 23
07-06 00:42:57.494  9497 10148 W Summariser:   speed: medium
07-06 00:42:57.494  9497 10148 W Summariser:   freeze duration: 1.00
07-06 00:42:57.577  9497 10148 W NearbyFragment: Sending 20200312_195230.mp4 to Galaxy S8 [2802]
