--------- beginning of main
07-10 04:07:02.871   577   577 E Zygote  : isWhitelistProcess - Process is Whitelisted
07-10 04:07:02.875   577   577 E Zygote  : accessInfo : 1
--------- beginning of system
07-10 04:07:04.537   577   577 W LogFactory: Truncating log tag length as it exceed 23, the limit imposed by Android on certain API Levels
07-10 04:07:27.017   577   577 W ActivityThread: handleWindowVisibility: no activity for token android.os.BinderProxy@beff373
07-10 04:07:27.095   577   577 W example.edgesu: Accessing hidden method Landroid/graphics/drawable/Drawable;->getOpticalInsets()Landroid/graphics/Insets; (light greylist, linking)
07-10 04:07:27.095   577   577 W example.edgesu: Accessing hidden field Landroid/graphics/Insets;->left:I (light greylist, linking)
07-10 04:07:27.095   577   577 W example.edgesu: Accessing hidden field Landroid/graphics/Insets;->right:I (light greylist, linking)
07-10 04:07:27.095   577   577 W example.edgesu: Accessing hidden field Landroid/graphics/Insets;->top:I (light greylist, linking)
07-10 04:07:27.095   577   577 W example.edgesu: Accessing hidden field Landroid/graphics/Insets;->bottom:I (light greylist, linking)
07-10 04:07:27.181   577   577 W example.edgesu: Accessing hidden method Landroid/view/View;->computeFitSystemWindows(Landroid/graphics/Rect;Landroid/graphics/Rect;)Z (light greylist, reflection)
07-10 04:07:27.182   577   577 W example.edgesu: Accessing hidden method Landroid/view/ViewGroup;->makeOptionalFitsSystemWindows()V (light greylist, reflection)
07-10 04:07:27.196   577   577 W example.edgesu: Accessing hidden method Landroid/widget/TextView;->getTextDirectionHeuristic()Landroid/text/TextDirectionHeuristic; (light greylist, linking)
07-10 04:07:27.334   577   672 W LogFactory: Truncating log tag length as it exceed 23, the limit imposed by Android on certain API Levels
07-10 04:07:27.334   577   672 W LogFactory: Truncating log tag length as it exceed 23, the limit imposed by Android on certain API Levels
07-10 04:07:27.418   577   672 W LogFactory: Truncating log tag length as it exceed 23, the limit imposed by Android on certain API Levels
07-10 04:07:27.539   577   577 W ActivityThread: handleWindowVisibility: no activity for token android.os.BinderProxy@ccd866d
07-10 04:07:27.632   577   577 W example.edgesu: Accessing hidden field Landroid/view/View;->mAccessibilityDelegate:Landroid/view/View$AccessibilityDelegate; (light greylist, reflection)
07-10 04:07:27.748   577   577 W example.edgesu: Accessing hidden method Landroid/app/ActivityThread;->currentApplication()Landroid/app/Application; (light greylist, reflection)
07-10 04:07:27.751   577   577 W System.err: org.json.JSONException: No value for manufacturer
07-10 04:07:27.752   577   577 W System.err: 	at org.json.JSONObject.get(JSONObject.java:392)
07-10 04:07:27.752   577   577 W System.err: 	at org.json.JSONObject.getString(JSONObject.java:553)
07-10 04:07:27.752   577   577 W System.err: 	at com.jaredrummler.android.device.DeviceName$DeviceInfo.<init>(DeviceName.java:374)
07-10 04:07:27.752   577   577 W System.err: 	at com.jaredrummler.android.device.DeviceName$DeviceInfo.<init>(DeviceName.java:347)
07-10 04:07:27.752   577   577 W System.err: 	at com.jaredrummler.android.device.DeviceName.getDeviceInfo(DeviceName.java:186)
07-10 04:07:27.752   577   577 W System.err: 	at com.jaredrummler.android.device.DeviceName.getDeviceName(DeviceName.java:138)
07-10 04:07:27.752   577   577 W System.err: 	at com.jaredrummler.android.device.DeviceName.getDeviceName(DeviceName.java:111)
07-10 04:07:27.752   577   577 W System.err: 	at com.example.edgesum.util.nearby.NearbyFragment.setLocalName(NearbyFragment.java:118)
07-10 04:07:27.752   577   577 W System.err: 	at com.example.edgesum.util.nearby.NearbyFragment.onCreate(NearbyFragment.java:110)
07-10 04:07:27.752   577   577 W System.err: 	at com.example.edgesum.page.main.ConnectionFragment.onCreate(ConnectionFragment.java:30)
07-10 04:07:27.752   577   577 W System.err: 	at androidx.fragment.app.Fragment.performCreate(Fragment.java:2684)
07-10 04:07:27.752   577   577 W System.err: 	at androidx.fragment.app.FragmentStateManager.create(FragmentStateManager.java:280)
07-10 04:07:27.752   577   577 W System.err: 	at androidx.fragment.app.FragmentManager.moveToState(FragmentManager.java:1175)
07-10 04:07:27.752   577   577 W System.err: 	at androidx.fragment.app.FragmentTransition.addToFirstInLastOut(FragmentTransition.java:1255)
07-10 04:07:27.753   577   577 W System.err: 	at androidx.fragment.app.FragmentTransition.calculateFragments(FragmentTransition.java:1138)
07-10 04:07:27.753   577   577 W System.err: 	at androidx.fragment.app.FragmentTransition.startTransitions(FragmentTransition.java:136)
07-10 04:07:27.753   577   577 W System.err: 	at androidx.fragment.app.FragmentManager.executeOpsTogether(FragmentManager.java:1989)
07-10 04:07:27.753   577   577 W System.err: 	at androidx.fragment.app.FragmentManager.removeRedundantOperationsAndExecute(FragmentManager.java:1947)
07-10 04:07:27.753   577   577 W System.err: 	at androidx.fragment.app.FragmentManager.execPendingActions(FragmentManager.java:1849)
07-10 04:07:27.753   577   577 W System.err: 	at androidx.fragment.app.FragmentManager.dispatchStateChange(FragmentManager.java:2629)
07-10 04:07:27.753   577   577 W System.err: 	at androidx.fragment.app.FragmentManager.dispatchActivityCreated(FragmentManager.java:2577)
07-10 04:07:27.753   577   577 W System.err: 	at androidx.fragment.app.FragmentController.dispatchActivityCreated(FragmentController.java:247)
07-10 04:07:27.753   577   577 W System.err: 	at androidx.fragment.app.FragmentActivity.onStart(FragmentActivity.java:541)
07-10 04:07:27.753   577   577 W System.err: 	at androidx.appcompat.app.AppCompatActivity.onStart(AppCompatActivity.java:201)
07-10 04:07:27.753   577   577 W System.err: 	at com.example.edgesum.page.main.MainActivity.onStart(MainActivity.java:88)
07-10 04:07:27.753   577   577 W System.err: 	at android.app.Instrumentation.callActivityOnStart(Instrumentation.java:1391)
07-10 04:07:27.753   577   577 W System.err: 	at android.app.Activity.performStart(Activity.java:7348)
07-10 04:07:27.753   577   577 W System.err: 	at android.app.ActivityThread.handleStartActivity(ActivityThread.java:3138)
07-10 04:07:27.754   577   577 W System.err: 	at android.app.servertransaction.TransactionExecutor.performLifecycleSequence(TransactionExecutor.java:180)
07-10 04:07:27.754   577   577 W System.err: 	at android.app.servertransaction.TransactionExecutor.cycleToPath(TransactionExecutor.java:165)
07-10 04:07:27.754   577   577 W System.err: 	at android.app.servertransaction.TransactionExecutor.executeLifecycleState(TransactionExecutor.java:142)
07-10 04:07:27.754   577   577 W System.err: 	at android.app.servertransaction.TransactionExecutor.execute(TransactionExecutor.java:70)
07-10 04:07:27.754   577   577 W System.err: 	at android.app.ActivityThread$H.handleMessage(ActivityThread.java:1948)
07-10 04:07:27.754   577   577 W System.err: 	at android.os.Handler.dispatchMessage(Handler.java:106)
07-10 04:07:27.754   577   577 W System.err: 	at android.os.Looper.loop(Looper.java:214)
07-10 04:07:27.754   577   577 W System.err: 	at android.app.ActivityThread.main(ActivityThread.java:7050)
07-10 04:07:27.754   577   577 W System.err: 	at java.lang.reflect.Method.invoke(Native Method)
07-10 04:07:27.754   577   577 W System.err: 	at com.android.internal.os.RuntimeInit$MethodAndArgsCaller.run(RuntimeInit.java:493)
07-10 04:07:27.754   577   577 W System.err: 	at com.android.internal.os.ZygoteInit.main(ZygoteInit.java:965)
07-10 04:07:27.952   577   577 E TransferService: No notification is passed in the intent. Unable to transition to foreground.
07-10 04:07:27.999   577   577 W StaticLayout: maxLineHeight should not be -1.  maxLines:1 lineCount:1
07-10 04:07:28.009   577   577 W StaticLayout: maxLineHeight should not be -1.  maxLines:1 lineCount:1
07-10 04:07:28.017   577   577 W StaticLayout: maxLineHeight should not be -1.  maxLines:1 lineCount:1
07-10 04:07:28.039   577   577 W StaticLayout: maxLineHeight should not be -1.  maxLines:1 lineCount:1
07-10 04:07:28.043   577   577 W StaticLayout: maxLineHeight should not be -1.  maxLines:1 lineCount:1
07-10 04:07:28.070   577   709 W LogFactory: Truncating log tag length as it exceed 23, the limit imposed by Android on certain API Levels
07-10 04:07:28.461   577   677 W libEGL  : EGLNativeWindowType 0x7e27af9010 disconnect failed
07-10 04:07:32.039   577   577 W example.edgesu: Accessing hidden method Landroid/view/View;->getTransitionAlpha()F (light greylist, linking)
07-10 04:07:32.039   577   577 W example.edgesu: Accessing hidden method Landroid/view/View;->setTransitionAlpha(F)V (light greylist, linking)
07-10 04:07:32.039   577   577 W example.edgesu: Accessing hidden method Landroid/view/View;->setAnimationMatrix(Landroid/graphics/Matrix;)V (light greylist, linking)
07-10 04:07:32.039   577   577 W example.edgesu: Accessing hidden method Landroid/view/View;->transformMatrixToGlobal(Landroid/graphics/Matrix;)V (light greylist, linking)
07-10 04:07:32.039   577   577 W example.edgesu: Accessing hidden method Landroid/view/View;->transformMatrixToLocal(Landroid/graphics/Matrix;)V (light greylist, linking)
07-10 04:07:32.039   577   577 W example.edgesu: Accessing hidden method Landroid/view/View;->setLeftTopRightBottom(IIII)V (light greylist, linking)
07-10 04:07:32.040   577   577 W example.edgesu: Accessing hidden method Landroid/view/View;->setTransitionVisibility(I)V (dark greylist, linking)
07-10 04:07:32.078   577   577 W StaticLayout: maxLineHeight should not be -1.  maxLines:1 lineCount:1
07-10 04:07:32.084   577   577 W StaticLayout: maxLineHeight should not be -1.  maxLines:1 lineCount:1
07-10 04:07:34.644   577   577 W example.edgesu: Accessing hidden field Landroid/view/View;->mViewFlags:I (light greylist, reflection)
07-10 04:07:34.649   577   577 W example.edgesu: Accessing hidden method Landroid/view/ViewGroup;->suppressLayout(Z)V (light greylist, linking)
07-10 04:07:37.544   577   577 W EventsRelays: Item change notification received for unknown item: 11
07-10 04:07:37.545   577   577 W EventsRelays: Item change notification received for unknown item: 12
07-10 04:07:37.547   577   577 W EventsRelays: Item change notification received for unknown item: 11
07-10 04:07:37.547   577   577 W EventsRelays: Item change notification received for unknown item: 12
07-10 04:07:38.788   577   577 W LogFactory: Truncating log tag length as it exceed 23, the limit imposed by Android on certain API Levels
07-10 04:07:39.740   577   577 W EventsRelays: Item change notification received for unknown item: 11
07-10 04:07:39.740   577   577 W EventsRelays: Item change notification received for unknown item: 12
07-10 04:07:40.365   577   718 W LogFactory: Truncating log tag length as it exceed 23, the limit imposed by Android on certain API Levels
07-10 04:07:41.913   577   677 W libEGL  : EGLNativeWindowType 0x7e212e9010 disconnect failed
07-10 04:07:42.299   577   677 W libEGL  : EGLNativeWindowType 0x7e212e9010 disconnect failed
07-10 04:07:44.063   577   677 W libEGL  : EGLNativeWindowType 0x7e212e9010 disconnect failed
07-10 04:07:44.372   577   677 W libEGL  : EGLNativeWindowType 0x7e212e9010 disconnect failed
07-10 04:07:46.365   577   677 W libEGL  : EGLNativeWindowType 0x7e212e9010 disconnect failed
07-10 04:07:49.548   577   677 W libEGL  : EGLNativeWindowType 0x7e212e9010 disconnect failed
07-10 04:07:57.766   577   677 W libEGL  : EGLNativeWindowType 0x7e212e9010 disconnect failed
07-10 04:08:11.123   577   677 W libEGL  : EGLNativeWindowType 0x7e212e9010 disconnect failed
07-10 04:08:11.862   577   677 W libEGL  : EGLNativeWindowType 0x7e212e9010 disconnect failed
07-10 04:08:13.841   577   677 W libEGL  : EGLNativeWindowType 0x7e212e9010 disconnect failed
07-10 04:08:17.601   577   677 W libEGL  : EGLNativeWindowType 0x7e212e9010 disconnect failed
07-10 04:08:45.530   577   720 W LogFactory: Truncating log tag length as it exceed 23, the limit imposed by Android on certain API Levels
07-10 04:08:46.649   577   577 W S3Uploader: All downloads completed in 67.894s
07-10 04:08:46.669   577   677 W libEGL  : EGLNativeWindowType 0x7e212e9010 disconnect failed
07-10 04:08:48.646   577   677 W libEGL  : EGLNativeWindowType 0x7e212e9010 disconnect failed
