--------- beginning of main
--------- beginning of system
07-05 23:11:17.649  5572  5572 W LogFactory: Truncating log tag length as it exceed 23, the limit imposed by Android on certain API Levels
07-05 23:11:41.371  5572  5572 E TransferService: No notification is passed in the intent. Unable to transition to foreground.
07-05 23:14:48.659  5572  5572 W NearbyFragment: Completed downloading 20200312_150944.mp4 from Endpoint{id=njPJ, name=Galaxy S8 [2802]} in 21.121s
07-05 23:14:48.841  5572  6387 W mobile-ffmpeg: [mov,mp4,m4a,3gp,3g2,mj2 @ 0x756b298c00] Found duplicated MOOV Atom. Skipped it
07-05 23:14:48.960  5572  6387 W mobile-ffmpeg: [graph 0 input from stream 0:0 @ 0x756b269f00] sws_param option is deprecated and ignored
07-05 23:15:00.817  5572  6386 W Summariser: 1 active sections found
07-05 23:15:00.824  5572  6387 W mobile-ffmpeg: [mov,mp4,m4a,3gp,3g2,mj2 @ 0x756b298c00] Found duplicated MOOV Atom. Skipped it
07-05 23:15:00.917  5572  6387 W mobile-ffmpeg: [graph 0 input from stream 0:0 @ 0x756b2699c0] sws_param option is deprecated and ignored
07-05 23:15:16.255  5572  6387 W mobile-ffmpeg: [mov,mp4,m4a,3gp,3g2,mj2 @ 0x756b298c00] Found duplicated MOOV Atom. Skipped it
07-05 23:15:16.385  5572  6386 W Summariser: Summarisation completed
07-05 23:15:16.385  5572  6386 W Summariser:   filename: 20200312_150944.mp4
07-05 23:15:16.385  5572  6386 W Summariser:   active sections: 1
07-05 23:15:16.385  5572  6386 W Summariser:   time: 27.485s
07-05 23:15:16.385  5572  6386 W Summariser:   original duration: 60.02
07-05 23:15:16.385  5572  6386 W Summariser:   summarised duration: 7.07
07-05 23:15:16.385  5572  6386 W Summariser:   noise tolerance: 45.00
07-05 23:15:16.385  5572  6386 W Summariser:   quality: 23
07-05 23:15:16.385  5572  6386 W Summariser:   speed: medium
07-05 23:15:16.385  5572  6386 W Summariser:   freeze duration: 1.00
07-05 23:15:16.420  5572  6386 W NearbyFragment: Sending 20200312_150944.mp4 to Galaxy S8 [2802]
07-05 23:16:53.794  5572  5572 W NearbyFragment: Completed downloading 20200312_193628.mp4 from Endpoint{id=njPJ, name=Galaxy S8 [2802]} in 42.945s
07-05 23:16:53.889  5572  6387 W mobile-ffmpeg: [mov,mp4,m4a,3gp,3g2,mj2 @ 0x756b298c00] Found duplicated MOOV Atom. Skipped it
07-05 23:16:54.035  5572  6387 W mobile-ffmpeg: [graph 0 input from stream 0:0 @ 0x756b269f00] sws_param option is deprecated and ignored
07-05 23:17:06.496  5572  6387 W mobile-ffmpeg: [mov,mp4,m4a,3gp,3g2,mj2 @ 0x756b298c00] Found duplicated MOOV Atom. Skipped it
07-05 23:17:06.555  5572  6479 W Summariser: 1 active sections found
07-05 23:17:06.562  5572  6387 W mobile-ffmpeg: [mov,mp4,m4a,3gp,3g2,mj2 @ 0x756b298c00] Found duplicated MOOV Atom. Skipped it
07-05 23:17:06.695  5572  6387 W mobile-ffmpeg: [graph 0 input from stream 0:0 @ 0x756b2699c0] sws_param option is deprecated and ignored
07-05 23:17:32.464  5572  6387 W mobile-ffmpeg: [mov,mp4,m4a,3gp,3g2,mj2 @ 0x756b298c00] Found duplicated MOOV Atom. Skipped it
07-05 23:17:32.553  5572  6479 W Summariser: Summarisation completed
07-05 23:17:32.553  5572  6479 W Summariser:   filename: 20200312_193628.mp4
07-05 23:17:32.553  5572  6479 W Summariser:   active sections: 1
07-05 23:17:32.553  5572  6479 W Summariser:   time: 38.581s
07-05 23:17:32.553  5572  6479 W Summariser:   original duration: 60.02
07-05 23:17:32.553  5572  6479 W Summariser:   summarised duration: 6.07
07-05 23:17:32.553  5572  6479 W Summariser:   noise tolerance: 45.00
07-05 23:17:32.553  5572  6479 W Summariser:   quality: 23
07-05 23:17:32.553  5572  6479 W Summariser:   speed: medium
07-05 23:17:32.553  5572  6479 W Summariser:   freeze duration: 1.00
07-05 23:17:32.596  5572  6479 W NearbyFragment: Sending 20200312_193628.mp4 to Galaxy S8 [2802]
07-05 23:18:25.866  5572  5572 W NearbyFragment: Completed downloading 20200312_193928.mp4 from Endpoint{id=njPJ, name=Galaxy S8 [2802]} in 39.465s
07-05 23:18:25.965  5572  6387 W mobile-ffmpeg: [mov,mp4,m4a,3gp,3g2,mj2 @ 0x756b298c00] Found duplicated MOOV Atom. Skipped it
07-05 23:18:26.110  5572  6387 W mobile-ffmpeg: [graph 0 input from stream 0:0 @ 0x756b269f00] sws_param option is deprecated and ignored
07-05 23:18:38.822  5572  6555 W Summariser: No activity detected
07-05 23:18:38.831  5572  6387 W mobile-ffmpeg: [mov,mp4,m4a,3gp,3g2,mj2 @ 0x756b298c00] Found duplicated MOOV Atom. Skipped it
07-05 23:18:38.924  5572  6555 W Summariser: Summarisation completed
07-05 23:18:38.924  5572  6555 W Summariser:   filename: 20200312_193928.mp4
07-05 23:18:38.924  5572  6555 W Summariser:   active sections: 0
07-05 23:18:38.924  5572  6555 W Summariser:   time: 12.868s
07-05 23:18:38.924  5572  6555 W Summariser:   original duration: 60.89
07-05 23:18:38.924  5572  6555 W Summariser:   summarised duration: -1.00
07-05 23:18:38.924  5572  6555 W Summariser:   noise tolerance: 45.00
07-05 23:18:38.924  5572  6555 W Summariser:   quality: 23
07-05 23:18:38.924  5572  6555 W Summariser:   speed: medium
07-05 23:18:38.924  5572  6555 W Summariser:   freeze duration: 1.00
07-05 23:19:27.762  5572  5572 W NearbyFragment: Completed downloading 20200312_194229.mp4 from Endpoint{id=njPJ, name=Galaxy S8 [2802]} in 19.929s
07-05 23:19:27.862  5572  6387 W mobile-ffmpeg: [mov,mp4,m4a,3gp,3g2,mj2 @ 0x756b298c00] Found duplicated MOOV Atom. Skipped it
07-05 23:19:27.996  5572  6387 W mobile-ffmpeg: [graph 0 input from stream 0:0 @ 0x756b269f00] sws_param option is deprecated and ignored
07-05 23:19:41.263  5572  6387 W mobile-ffmpeg: [mov,mp4,m4a,3gp,3g2,mj2 @ 0x756b298c00] Found duplicated MOOV Atom. Skipped it
07-05 23:19:41.335  5572  6586 W Summariser: 5 active sections found
07-05 23:19:41.342  5572  6387 W mobile-ffmpeg: [mov,mp4,m4a,3gp,3g2,mj2 @ 0x756b298c00] Found duplicated MOOV Atom. Skipped it
07-05 23:19:41.491  5572  6387 W mobile-ffmpeg: [graph 0 input from stream 0:0 @ 0x756b26a500] sws_param option is deprecated and ignored
07-05 23:19:41.491  5572  6387 W mobile-ffmpeg: [graph 0 input from stream 0:0 @ 0x756b26ac80] sws_param option is deprecated and ignored
07-05 23:19:41.491  5572  6387 W mobile-ffmpeg: [graph 0 input from stream 0:0 @ 0x756b26aa40] sws_param option is deprecated and ignored
07-05 23:19:41.491  5572  6387 W mobile-ffmpeg: [graph 0 input from stream 0:0 @ 0x756b26aec0] sws_param option is deprecated and ignored
07-05 23:19:41.492  5572  6387 W mobile-ffmpeg: [graph 0 input from stream 0:0 @ 0x756b26b040] sws_param option is deprecated and ignored
07-05 23:20:37.824  5572  6387 W mobile-ffmpeg: [mov,mp4,m4a,3gp,3g2,mj2 @ 0x756b298c00] Found duplicated MOOV Atom. Skipped it
07-05 23:20:37.989  5572  6586 W Summariser: Summarisation completed
07-05 23:20:37.989  5572  6586 W Summariser:   filename: 20200312_194229.mp4
07-05 23:20:37.989  5572  6586 W Summariser:   active sections: 5
07-05 23:20:37.989  5572  6586 W Summariser:   time: 69.963s
07-05 23:20:37.989  5572  6586 W Summariser:   original duration: 60.02
07-05 23:20:37.989  5572  6586 W Summariser:   summarised duration: 15.51
07-05 23:20:37.989  5572  6586 W Summariser:   noise tolerance: 45.00
07-05 23:20:37.989  5572  6586 W Summariser:   quality: 23
07-05 23:20:37.989  5572  6586 W Summariser:   speed: medium
07-05 23:20:37.989  5572  6586 W Summariser:   freeze duration: 1.00
07-05 23:20:38.058  5572  6586 W NearbyFragment: Sending 20200312_194229.mp4 to Galaxy S8 [2802]
07-05 23:22:02.496  5572  5572 W NearbyFragment: Completed downloading 20200312_195230.mp4 from Endpoint{id=njPJ, name=Galaxy S8 [2802]} in 21.015s
07-05 23:22:02.589  5572  6387 W mobile-ffmpeg: [mov,mp4,m4a,3gp,3g2,mj2 @ 0x756b298c00] Found duplicated MOOV Atom. Skipped it
07-05 23:22:02.851  5572  6387 W mobile-ffmpeg: [graph 0 input from stream 0:0 @ 0x756b269f00] sws_param option is deprecated and ignored
07-05 23:22:16.005  5572  6682 W Summariser: 1 active sections found
07-05 23:22:16.016  5572  6387 W mobile-ffmpeg: [mov,mp4,m4a,3gp,3g2,mj2 @ 0x756b298c00] Found duplicated MOOV Atom. Skipped it
07-05 23:22:16.095  5572  6387 W mobile-ffmpeg: [graph 0 input from stream 0:0 @ 0x756b2699c0] sws_param option is deprecated and ignored
07-05 23:22:44.031  5572  6387 W mobile-ffmpeg: [mov,mp4,m4a,3gp,3g2,mj2 @ 0x756b298c00] Found duplicated MOOV Atom. Skipped it
07-05 23:22:44.146  5572  6682 W Summariser: Summarisation completed
07-05 23:22:44.146  5572  6682 W Summariser:   filename: 20200312_195230.mp4
07-05 23:22:44.146  5572  6682 W Summariser:   active sections: 1
07-05 23:22:44.146  5572  6682 W Summariser:   time: 41.446s
07-05 23:22:44.146  5572  6682 W Summariser:   original duration: 60.02
07-05 23:22:44.146  5572  6682 W Summariser:   summarised duration: 6.97
07-05 23:22:44.146  5572  6682 W Summariser:   noise tolerance: 45.00
07-05 23:22:44.146  5572  6682 W Summariser:   quality: 23
07-05 23:22:44.146  5572  6682 W Summariser:   speed: medium
07-05 23:22:44.146  5572  6682 W Summariser:   freeze duration: 1.00
07-05 23:22:44.205  5572  6682 W NearbyFragment: Sending 20200312_195230.mp4 to Galaxy S8 [2802]
