--------- beginning of main
07-05 23:11:26.633  9882  9882 E Zygote  : isWhitelistProcess - Process is Whitelisted
07-05 23:11:26.636  9882  9882 E Zygote  : accessInfo : 1
07-05 23:11:28.110  9882  9882 W LogFactory: Truncating log tag length as it exceed 23, the limit imposed by Android on certain API Levels
07-05 23:11:49.069  9882  9882 W ActivityThread: handleWindowVisibility: no activity for token android.os.BinderProxy@5e6eb33
07-05 23:11:49.152  9882  9882 W example.edgesu: Accessing hidden method Landroid/graphics/drawable/Drawable;->getOpticalInsets()Landroid/graphics/Insets; (light greylist, linking)
07-05 23:11:49.153  9882  9882 W example.edgesu: Accessing hidden field Landroid/graphics/Insets;->left:I (light greylist, linking)
07-05 23:11:49.153  9882  9882 W example.edgesu: Accessing hidden field Landroid/graphics/Insets;->right:I (light greylist, linking)
07-05 23:11:49.153  9882  9882 W example.edgesu: Accessing hidden field Landroid/graphics/Insets;->top:I (light greylist, linking)
07-05 23:11:49.153  9882  9882 W example.edgesu: Accessing hidden field Landroid/graphics/Insets;->bottom:I (light greylist, linking)
07-05 23:11:49.199  9882  9882 W example.edgesu: Accessing hidden method Landroid/view/View;->computeFitSystemWindows(Landroid/graphics/Rect;Landroid/graphics/Rect;)Z (light greylist, reflection)
07-05 23:11:49.200  9882  9882 W example.edgesu: Accessing hidden method Landroid/view/ViewGroup;->makeOptionalFitsSystemWindows()V (light greylist, reflection)
07-05 23:11:49.304  9882  9882 W example.edgesu: Accessing hidden method Landroid/widget/TextView;->getTextDirectionHeuristic()Landroid/text/TextDirectionHeuristic; (light greylist, linking)
07-05 23:11:49.314  9882  9882 W example.edgesu: Accessing hidden field Landroid/view/View;->mAccessibilityDelegate:Landroid/view/View$AccessibilityDelegate; (light greylist, reflection)
07-05 23:11:49.650  9882  9882 E TransferService: No notification is passed in the intent. Unable to transition to foreground.
07-05 23:11:49.702  9882  9882 W StaticLayout: maxLineHeight should not be -1.  maxLines:1 lineCount:1
07-05 23:11:49.711  9882  9882 W StaticLayout: maxLineHeight should not be -1.  maxLines:1 lineCount:1
07-05 23:11:49.719  9882  9882 W StaticLayout: maxLineHeight should not be -1.  maxLines:1 lineCount:1
07-05 23:11:49.737  9882  9882 W StaticLayout: maxLineHeight should not be -1.  maxLines:1 lineCount:1
07-05 23:11:49.742  9882  9882 W StaticLayout: maxLineHeight should not be -1.  maxLines:1 lineCount:1
07-05 23:12:09.559  9882  9882 W example.edgesu: Accessing hidden method Landroid/graphics/FontFamily;-><init>()V (light greylist, reflection)
07-05 23:12:09.559  9882  9882 W example.edgesu: Accessing hidden method Landroid/graphics/FontFamily;->addFontFromAssetManager(Landroid/content/res/AssetManager;Ljava/lang/String;IZIII[Landroid/graphics/fonts/FontVariationAxis;)Z (light greylist, reflection)
07-05 23:12:09.559  9882  9882 W example.edgesu: Accessing hidden method Landroid/graphics/FontFamily;->addFontFromBuffer(Ljava/nio/ByteBuffer;I[Landroid/graphics/fonts/FontVariationAxis;II)Z (light greylist, reflection)
07-05 23:12:09.559  9882  9882 W example.edgesu: Accessing hidden method Landroid/graphics/FontFamily;->freeze()Z (light greylist, reflection)
07-05 23:12:09.559  9882  9882 W example.edgesu: Accessing hidden method Landroid/graphics/FontFamily;->abortCreation()V (light greylist, reflection)
07-05 23:12:09.559  9882  9882 W example.edgesu: Accessing hidden method Landroid/graphics/Typeface;->createFromFamiliesWithDefault([Landroid/graphics/FontFamily;Ljava/lang/String;II)Landroid/graphics/Typeface; (light greylist, reflection)
07-05 23:12:10.912  9882  9914 W libEGL  : EGLNativeWindowType 0x78d677b010 disconnect failed
07-05 23:12:11.013  9882  9882 E ViewRootImpl: sendUserActionEvent() returned.
07-05 23:12:17.746  9882  9914 W libEGL  : EGLNativeWindowType 0x78d120e010 disconnect failed
07-05 23:12:17.857  9882  9882 E ViewRootImpl: sendUserActionEvent() returned.
07-05 23:12:24.518  9882  9914 W libEGL  : EGLNativeWindowType 0x78d69b4010 disconnect failed
07-05 23:12:24.623  9882  9882 E ViewRootImpl: sendUserActionEvent() returned.
07-05 23:12:51.349  9882  9882 W NearbyFragment: Preferences:
07-05 23:12:51.349  9882  9882 W NearbyFragment:   Auto download: true
07-05 23:12:51.349  9882  9882 W NearbyFragment:   Algorithm: best
07-05 23:12:51.349  9882  9882 W NearbyFragment:   Fast scheduling: true
07-05 23:12:51.349  9882  9882 W NearbyFragment:   Segmentation: false
07-05 23:12:51.349  9882  9882 W NearbyFragment:   Auto segmentation: false
07-05 23:12:51.349  9882  9882 W NearbyFragment:   Segment number: 4
07-05 23:12:51.349  9882  9882 W NearbyFragment:   Noise tolerance: 45.00
07-05 23:12:51.349  9882  9882 W NearbyFragment:   Quality: 23
07-05 23:12:51.349  9882  9882 W NearbyFragment:   Speed: medium
07-05 23:12:51.349  9882  9882 W NearbyFragment:   Freeze duration: 1.00
07-05 23:12:51.349  9882  9882 W NearbyFragment: Download delay: 1s
07-05 23:12:51.350  9882  9882 W NearbyFragment: Started downloading from dashcam
07-05 23:12:52.265  9882  9882 W example.edgesu: Accessing hidden method Landroid/view/View;->getTransitionAlpha()F (light greylist, linking)
07-05 23:12:52.265  9882  9882 W example.edgesu: Accessing hidden method Landroid/view/View;->setTransitionAlpha(F)V (light greylist, linking)
07-05 23:12:52.265  9882  9882 W example.edgesu: Accessing hidden method Landroid/view/View;->setAnimationMatrix(Landroid/graphics/Matrix;)V (light greylist, linking)
07-05 23:12:52.265  9882  9882 W example.edgesu: Accessing hidden method Landroid/view/View;->transformMatrixToGlobal(Landroid/graphics/Matrix;)V (light greylist, linking)
07-05 23:12:52.265  9882  9882 W example.edgesu: Accessing hidden method Landroid/view/View;->transformMatrixToLocal(Landroid/graphics/Matrix;)V (light greylist, linking)
07-05 23:12:52.266  9882  9882 W example.edgesu: Accessing hidden method Landroid/view/View;->setLeftTopRightBottom(IIII)V (light greylist, linking)
07-05 23:12:52.266  9882  9882 W example.edgesu: Accessing hidden method Landroid/view/View;->setTransitionVisibility(I)V (dark greylist, linking)
07-05 23:12:52.312  9882  9882 W StaticLayout: maxLineHeight should not be -1.  maxLines:1 lineCount:1
07-05 23:12:52.318  9882  9882 W StaticLayout: maxLineHeight should not be -1.  maxLines:1 lineCount:1
07-05 23:12:52.332  9882  9882 W example.edgesu: Accessing hidden field Landroid/view/View;->mViewFlags:I (light greylist, reflection)
07-05 23:12:52.334  9882  9882 W example.edgesu: Accessing hidden method Landroid/view/ViewGroup;->suppressLayout(Z)V (light greylist, linking)
07-05 23:13:08.856  9882 10153 W DashDownloadManager: Successfully downloaded 20200312_150643.mp4 in 17.305s
07-05 23:13:08.872  9882 10153 W NearbyFragment: Sending 20200312_150643.mp4 to Nexus 5X [34d8]
07-05 23:13:37.149  9882 10153 W DashDownloadManager: Successfully downloaded 20200312_150744.mp4 in 27.179s
07-05 23:13:37.159  9882 10153 W NearbyFragment: Sending 20200312_150744.mp4 to Nexus 5 [1825]
07-05 23:14:06.926  9882 10153 W DashDownloadManager: Successfully downloaded 20200312_150844.mp4 in 28.679s
07-05 23:14:06.935  9882 10153 W NearbyFragment: Sending 20200312_150844.mp4 to Nexus 5X [34d8]
07-05 23:14:34.854  9882 10153 W DashDownloadManager: Successfully downloaded 20200312_150944.mp4 in 26.776s
07-05 23:14:34.864  9882 10153 W NearbyFragment: Sending 20200312_150944.mp4 to Nexus 5X [9c8f]
07-05 23:15:02.293  9882  9882 W NearbyFragment: Completed downloading 20200312_150744.mp4 from Endpoint{id=w2Lc, name=Nexus 5 [1825]} in 00.805s
07-05 23:15:09.861  9882  9882 W NearbyFragment: Completed downloading 20200312_150844.mp4 from Endpoint{id=Qd2N, name=Nexus 5X [34d8]} in 25.747s
07-05 23:15:19.852  9882 10153 W DashDownloadManager: Successfully downloaded 20200312_151044.mp4 in 43.849s
07-05 23:15:19.862  9882 10153 W NearbyFragment: Sending 20200312_151044.mp4 to Nexus 5X [34d8]
07-05 23:15:28.588  9882  9882 W NearbyFragment: Completed downloading 20200312_150944.mp4 from Endpoint{id=weVh, name=Nexus 5X [9c8f]} in 04.402s
07-05 23:15:50.144  9882 10153 W DashDownloadManager: Successfully downloaded 20200312_193528.mp4 in 29.166s
07-05 23:15:50.151  9882 10153 W NearbyFragment: Sending 20200312_193528.mp4 to Nexus 5 [1825]
07-05 23:16:18.210  9882 10153 W DashDownloadManager: Successfully downloaded 20200312_193628.mp4 in 26.924s
07-05 23:16:18.220  9882 10153 W NearbyFragment: Sending 20200312_193628.mp4 to Nexus 5X [9c8f]
07-05 23:16:56.580  9882 10153 W DashDownloadManager: Successfully downloaded 20200312_193728.mp4 in 37.253s
07-05 23:16:56.587  9882 10153 W NearbyFragment: Sending 20200312_193728.mp4 to Nexus 5X [34d8]
07-05 23:17:17.044  9882  9891 W System  : A resource failed to call close. 
07-05 23:17:17.087  9882  9891 W System  : A resource failed to call close. 
07-05 23:17:23.709  9882 10153 W DashDownloadManager: Successfully downloaded 20200312_193828.mp4 in 26.013s
07-05 23:17:23.720  9882 10153 W NearbyFragment: Sending 20200312_193828.mp4 to Nexus 5 [1825]
07-05 23:17:41.405  9882  9882 W NearbyFragment: Completed downloading 20200312_193628.mp4 from Endpoint{id=weVh, name=Nexus 5X [9c8f]} in 01.158s
07-05 23:17:53.953  9882 10153 W DashDownloadManager: Successfully downloaded 20200312_193928.mp4 in 29.099s
07-05 23:17:53.965  9882 10153 W NearbyFragment: Sending 20200312_193928.mp4 to Nexus 5X [9c8f]
07-05 23:18:40.178  9882  9882 W NearbyFragment: Completed downloading 20200312_193728.mp4 from Endpoint{id=Qd2N, name=Nexus 5X [34d8]} in 37.518s
07-05 23:18:48.181  9882 10153 W DashDownloadManager: Successfully downloaded 20200312_194129.mp4 in 52.160s
07-05 23:18:48.187  9882 10153 W NearbyFragment: Sending 20200312_194129.mp4 to Nexus 5X [34d8]
07-05 23:19:15.194  9882 10153 W DashDownloadManager: Successfully downloaded 20200312_194229.mp4 in 25.884s
07-05 23:19:15.202  9882 10153 W NearbyFragment: Sending 20200312_194229.mp4 to Nexus 5X [9c8f]
07-05 23:19:33.270  9882  9882 W NearbyFragment: Completed downloading 20200312_193828.mp4 from Endpoint{id=w2Lc, name=Nexus 5 [1825]} in 13.028s
07-05 23:19:48.305  9882 10153 W DashDownloadManager: Successfully downloaded 20200312_194330.mp4 in 32.030s
07-05 23:19:48.309  9882 10153 W NearbyFragment: Sending 20200312_194330.mp4 to Nexus 5 [1825]
07-05 23:20:17.143  9882  9882 W NearbyFragment: Completed downloading 20200312_194129.mp4 from Endpoint{id=Qd2N, name=Nexus 5X [34d8]} in 01.830s
07-05 23:20:19.621  9882 10153 W DashDownloadManager: Successfully downloaded 20200312_194730.mp4 in 30.222s
07-05 23:20:19.630  9882 10153 W NearbyFragment: Sending 20200312_194730.mp4 to Nexus 5X [34d8]
07-05 23:20:47.158  9882  9882 W NearbyFragment: Completed downloading 20200312_194229.mp4 from Endpoint{id=weVh, name=Nexus 5X [9c8f]} in 01.404s
07-05 23:20:51.008  9882 10153 W DashDownloadManager: Successfully downloaded 20200312_194830.mp4 in 30.262s
07-05 23:20:51.018  9882 10153 W NearbyFragment: Sending 20200312_194830.mp4 to Nexus 5 [1825]
07-05 23:21:22.174  9882 10153 W DashDownloadManager: Successfully downloaded 20200312_194930.mp4 in 29.962s
07-05 23:21:22.182  9882 10153 W NearbyFragment: Sending 20200312_194930.mp4 to Nexus 5X [34d8]
07-05 23:21:49.038  9882 10153 W DashDownloadManager: Successfully downloaded 20200312_195230.mp4 in 25.774s
07-05 23:21:49.044  9882 10153 W NearbyFragment: Sending 20200312_195230.mp4 to Nexus 5X [9c8f]
07-05 23:22:22.218  9882 10153 W DashDownloadManager: Successfully downloaded 20200312_195330.mp4 in 32.038s
07-05 23:22:22.226  9882 10153 W NearbyFragment: Sending 20200312_195330.mp4 to Nexus 5X [34d8]
07-05 23:22:50.007  9882 10153 W DashDownloadManager: Successfully downloaded 20200312_195430.mp4 in 26.648s
07-05 23:22:50.015  9882 10153 W NearbyFragment: Sending 20200312_195430.mp4 to Nexus 5X [34d8]
07-05 23:22:51.024  9882 10153 W NearbyFragment: Stopped downloading from dashcam
07-05 23:22:53.094  9882  9882 W NearbyFragment: Completed downloading 20200312_195230.mp4 from Endpoint{id=weVh, name=Nexus 5X [9c8f]} in 01.175s
07-05 23:23:14.743  9882  9882 W NearbyFragment: Completed downloading 20200312_194830.mp4 from Endpoint{id=w2Lc, name=Nexus 5 [1825]} in 02.404s
07-05 23:23:41.249  9882  9882 W NearbyFragment: Completed downloading 20200312_194930.mp4 from Endpoint{id=Qd2N, name=Nexus 5X [34d8]} in 01.289s
07-05 23:25:27.881  9882  9882 W NearbyFragment: Completed downloading 20200312_195330.mp4 from Endpoint{id=Qd2N, name=Nexus 5X [34d8]} in 00.857s
07-05 23:27:19.909  9882  9882 W NearbyFragment: Completed downloading 20200312_195430.mp4 from Endpoint{id=Qd2N, name=Nexus 5X [34d8]} in 00.618s
