--------- beginning of main
--------- beginning of system
06-29 19:49:02.055  6458  6458 W LogFactory: Truncating log tag length as it exceed 23, the limit imposed by Android on certain API Levels
06-29 19:49:08.638  6458  6458 E TransferService: No notification is passed in the intent. Unable to transition to foreground.
06-29 20:00:07.421  6458  6458 W NearbyFragment: Completed downloading 20200312_195430.mp4 from Endpoint{id=rc9L, name=Nexus 5X [34d8]} in 09.535s
06-29 20:00:07.578  6458  6845 W mobile-ffmpeg: 
06-29 20:00:07.579  6458  6845 W mobile-ffmpeg: [mov,mp4,m4a,3gp,3g2,mj2 @ 0x75e054ac00] 
06-29 20:00:07.579  6458  6845 W mobile-ffmpeg: 
06-29 20:00:07.579  6458  6845 W mobile-ffmpeg: Found duplicated MOOV Atom. Skipped it
06-29 20:00:19.987  6458  6844 W Summariser: 5 active sections found
06-29 20:00:19.996  6458  6845 W mobile-ffmpeg: 
06-29 20:00:19.997  6458  6845 W mobile-ffmpeg: [mov,mp4,m4a,3gp,3g2,mj2 @ 0x75e054ac00] 
06-29 20:00:19.997  6458  6845 W mobile-ffmpeg: 
06-29 20:00:19.997  6458  6845 W mobile-ffmpeg: Found duplicated MOOV Atom. Skipped it
06-29 20:01:07.842  6458  6844 W Summariser: Summarisation completed
06-29 20:01:07.842  6458  6844 W Summariser:   filename: 20200312_195430.mp4
06-29 20:01:07.842  6458  6844 W Summariser:   active sections: 5
06-29 20:01:07.842  6458  6844 W Summariser:   time: 60.170s
06-29 20:01:07.842  6458  6844 W Summariser:   original duration: 60.02
06-29 20:01:07.842  6458  6844 W Summariser:   summarised duration: 21.92
06-29 20:01:07.842  6458  6844 W Summariser:   noise tolerance: 45.00
06-29 20:01:07.842  6458  6844 W Summariser:   quality: 23
06-29 20:01:07.842  6458  6844 W Summariser:   speed: medium
06-29 20:01:07.842  6458  6844 W Summariser:   freeze duration: 1.00
06-29 20:01:07.913  6458  6844 W NearbyFragment: Sending 20200312_195430.mp4 to Nexus 5X [34d8]
