--------- beginning of main
07-10 04:40:58.296  2986  2986 E Zygote  : isWhitelistProcess - Process is Whitelisted
07-10 04:40:58.297  2986  2986 E Zygote  : accessInfo : 1
07-10 04:40:58.897  2986  2986 W example.edgesu: Accessing hidden method Landroid/graphics/drawable/Drawable;->getOpticalInsets()Landroid/graphics/Insets; (light greylist, linking)
07-10 04:40:58.897  2986  2986 W example.edgesu: Accessing hidden field Landroid/graphics/Insets;->left:I (light greylist, linking)
07-10 04:40:58.897  2986  2986 W example.edgesu: Accessing hidden field Landroid/graphics/Insets;->right:I (light greylist, linking)
07-10 04:40:58.897  2986  2986 W example.edgesu: Accessing hidden field Landroid/graphics/Insets;->top:I (light greylist, linking)
07-10 04:40:58.897  2986  2986 W example.edgesu: Accessing hidden field Landroid/graphics/Insets;->bottom:I (light greylist, linking)
07-10 04:40:58.975  2986  2986 W example.edgesu: Accessing hidden method Landroid/view/View;->computeFitSystemWindows(Landroid/graphics/Rect;Landroid/graphics/Rect;)Z (light greylist, reflection)
07-10 04:40:58.976  2986  2986 W example.edgesu: Accessing hidden method Landroid/view/ViewGroup;->makeOptionalFitsSystemWindows()V (light greylist, reflection)
07-10 04:40:58.988  2986  2986 W example.edgesu: Accessing hidden method Landroid/widget/TextView;->getTextDirectionHeuristic()Landroid/text/TextDirectionHeuristic; (light greylist, linking)
07-10 04:40:59.117  2986  3004 W LogFactory: Truncating log tag length as it exceed 23, the limit imposed by Android on certain API Levels
07-10 04:40:59.118  2986  3004 W LogFactory: Truncating log tag length as it exceed 23, the limit imposed by Android on certain API Levels
07-10 04:40:59.203  2986  3004 W LogFactory: Truncating log tag length as it exceed 23, the limit imposed by Android on certain API Levels
07-10 04:40:59.336  2986  2986 W ActivityThread: handleWindowVisibility: no activity for token android.os.BinderProxy@9fa9dec
07-10 04:40:59.438  2986  2986 W example.edgesu: Accessing hidden field Landroid/view/View;->mAccessibilityDelegate:Landroid/view/View$AccessibilityDelegate; (light greylist, reflection)
07-10 04:40:59.554  2986  2986 W example.edgesu: Accessing hidden method Landroid/app/ActivityThread;->currentApplication()Landroid/app/Application; (light greylist, reflection)
07-10 04:40:59.558  2986  2986 W System.err: org.json.JSONException: No value for manufacturer
07-10 04:40:59.558  2986  2986 W System.err: 	at org.json.JSONObject.get(JSONObject.java:392)
07-10 04:40:59.558  2986  2986 W System.err: 	at org.json.JSONObject.getString(JSONObject.java:553)
07-10 04:40:59.558  2986  2986 W System.err: 	at com.jaredrummler.android.device.DeviceName$DeviceInfo.<init>(DeviceName.java:374)
07-10 04:40:59.558  2986  2986 W System.err: 	at com.jaredrummler.android.device.DeviceName$DeviceInfo.<init>(DeviceName.java:347)
07-10 04:40:59.558  2986  2986 W System.err: 	at com.jaredrummler.android.device.DeviceName.getDeviceInfo(DeviceName.java:186)
07-10 04:40:59.558  2986  2986 W System.err: 	at com.jaredrummler.android.device.DeviceName.getDeviceName(DeviceName.java:138)
07-10 04:40:59.558  2986  2986 W System.err: 	at com.jaredrummler.android.device.DeviceName.getDeviceName(DeviceName.java:111)
07-10 04:40:59.559  2986  2986 W System.err: 	at com.example.edgesum.util.nearby.NearbyFragment.setLocalName(NearbyFragment.java:118)
07-10 04:40:59.559  2986  2986 W System.err: 	at com.example.edgesum.util.nearby.NearbyFragment.onCreate(NearbyFragment.java:110)
07-10 04:40:59.559  2986  2986 W System.err: 	at com.example.edgesum.page.main.ConnectionFragment.onCreate(ConnectionFragment.java:30)
07-10 04:40:59.559  2986  2986 W System.err: 	at androidx.fragment.app.Fragment.performCreate(Fragment.java:2684)
07-10 04:40:59.559  2986  2986 W System.err: 	at androidx.fragment.app.FragmentStateManager.create(FragmentStateManager.java:280)
07-10 04:40:59.559  2986  2986 W System.err: 	at androidx.fragment.app.FragmentManager.moveToState(FragmentManager.java:1175)
07-10 04:40:59.559  2986  2986 W System.err: 	at androidx.fragment.app.FragmentTransition.addToFirstInLastOut(FragmentTransition.java:1255)
07-10 04:40:59.559  2986  2986 W System.err: 	at androidx.fragment.app.FragmentTransition.calculateFragments(FragmentTransition.java:1138)
07-10 04:40:59.559  2986  2986 W System.err: 	at androidx.fragment.app.FragmentTransition.startTransitions(FragmentTransition.java:136)
07-10 04:40:59.559  2986  2986 W System.err: 	at androidx.fragment.app.FragmentManager.executeOpsTogether(FragmentManager.java:1989)
07-10 04:40:59.559  2986  2986 W System.err: 	at androidx.fragment.app.FragmentManager.removeRedundantOperationsAndExecute(FragmentManager.java:1947)
07-10 04:40:59.559  2986  2986 W System.err: 	at androidx.fragment.app.FragmentManager.execPendingActions(FragmentManager.java:1849)
07-10 04:40:59.559  2986  2986 W System.err: 	at androidx.fragment.app.FragmentManager.dispatchStateChange(FragmentManager.java:2629)
07-10 04:40:59.559  2986  2986 W System.err: 	at androidx.fragment.app.FragmentManager.dispatchActivityCreated(FragmentManager.java:2577)
07-10 04:40:59.559  2986  2986 W System.err: 	at androidx.fragment.app.FragmentController.dispatchActivityCreated(FragmentController.java:247)
07-10 04:40:59.559  2986  2986 W System.err: 	at androidx.fragment.app.FragmentActivity.onStart(FragmentActivity.java:541)
07-10 04:40:59.560  2986  2986 W System.err: 	at androidx.appcompat.app.AppCompatActivity.onStart(AppCompatActivity.java:201)
07-10 04:40:59.560  2986  2986 W System.err: 	at com.example.edgesum.page.main.MainActivity.onStart(MainActivity.java:88)
07-10 04:40:59.560  2986  2986 W System.err: 	at android.app.Instrumentation.callActivityOnStart(Instrumentation.java:1391)
07-10 04:40:59.560  2986  2986 W System.err: 	at android.app.Activity.performStart(Activity.java:7348)
07-10 04:40:59.560  2986  2986 W System.err: 	at android.app.ActivityThread.handleStartActivity(ActivityThread.java:3138)
07-10 04:40:59.560  2986  2986 W System.err: 	at android.app.servertransaction.TransactionExecutor.performLifecycleSequence(TransactionExecutor.java:180)
07-10 04:40:59.560  2986  2986 W System.err: 	at android.app.servertransaction.TransactionExecutor.cycleToPath(TransactionExecutor.java:165)
07-10 04:40:59.560  2986  2986 W System.err: 	at android.app.servertransaction.TransactionExecutor.executeLifecycleState(TransactionExecutor.java:142)
07-10 04:40:59.560  2986  2986 W System.err: 	at android.app.servertransaction.TransactionExecutor.execute(TransactionExecutor.java:70)
07-10 04:40:59.560  2986  2986 W System.err: 	at android.app.ActivityThread$H.handleMessage(ActivityThread.java:1948)
07-10 04:40:59.560  2986  2986 W System.err: 	at android.os.Handler.dispatchMessage(Handler.java:106)
07-10 04:40:59.560  2986  2986 W System.err: 	at android.os.Looper.loop(Looper.java:214)
07-10 04:40:59.560  2986  2986 W System.err: 	at android.app.ActivityThread.main(ActivityThread.java:7050)
07-10 04:40:59.560  2986  2986 W System.err: 	at java.lang.reflect.Method.invoke(Native Method)
07-10 04:40:59.560  2986  2986 W System.err: 	at com.android.internal.os.RuntimeInit$MethodAndArgsCaller.run(RuntimeInit.java:493)
07-10 04:40:59.560  2986  2986 W System.err: 	at com.android.internal.os.ZygoteInit.main(ZygoteInit.java:965)
07-10 04:40:59.769  2986  2986 W LogFactory: Truncating log tag length as it exceed 23, the limit imposed by Android on certain API Levels
07-10 04:40:59.795  2986  2986 E TransferService: No notification is passed in the intent. Unable to transition to foreground.
07-10 04:40:59.843  2986  2986 W StaticLayout: maxLineHeight should not be -1.  maxLines:1 lineCount:1
07-10 04:40:59.853  2986  2986 W StaticLayout: maxLineHeight should not be -1.  maxLines:1 lineCount:1
07-10 04:40:59.860  2986  2986 W StaticLayout: maxLineHeight should not be -1.  maxLines:1 lineCount:1
07-10 04:40:59.886  2986  2986 W StaticLayout: maxLineHeight should not be -1.  maxLines:1 lineCount:1
07-10 04:40:59.890  2986  2986 W StaticLayout: maxLineHeight should not be -1.  maxLines:1 lineCount:1
07-10 04:40:59.913  2986  3035 W LogFactory: Truncating log tag length as it exceed 23, the limit imposed by Android on certain API Levels
07-10 04:41:00.311  2986  3009 W libEGL  : EGLNativeWindowType 0x7e27aee010 disconnect failed
07-10 04:41:06.629  2986  2986 W example.edgesu: Accessing hidden method Landroid/view/View;->getTransitionAlpha()F (light greylist, linking)
07-10 04:41:06.629  2986  2986 W example.edgesu: Accessing hidden method Landroid/view/View;->setTransitionAlpha(F)V (light greylist, linking)
07-10 04:41:06.629  2986  2986 W example.edgesu: Accessing hidden method Landroid/view/View;->setAnimationMatrix(Landroid/graphics/Matrix;)V (light greylist, linking)
07-10 04:41:06.629  2986  2986 W example.edgesu: Accessing hidden method Landroid/view/View;->transformMatrixToGlobal(Landroid/graphics/Matrix;)V (light greylist, linking)
07-10 04:41:06.629  2986  2986 W example.edgesu: Accessing hidden method Landroid/view/View;->transformMatrixToLocal(Landroid/graphics/Matrix;)V (light greylist, linking)
07-10 04:41:06.630  2986  2986 W example.edgesu: Accessing hidden method Landroid/view/View;->setLeftTopRightBottom(IIII)V (light greylist, linking)
07-10 04:41:06.630  2986  2986 W example.edgesu: Accessing hidden method Landroid/view/View;->setTransitionVisibility(I)V (dark greylist, linking)
07-10 04:41:06.665  2986  2986 W StaticLayout: maxLineHeight should not be -1.  maxLines:1 lineCount:1
07-10 04:41:06.671  2986  2986 W StaticLayout: maxLineHeight should not be -1.  maxLines:1 lineCount:1
07-10 04:41:07.005  2986  2986 W example.edgesu: Accessing hidden field Landroid/view/View;->mViewFlags:I (light greylist, reflection)
07-10 04:41:07.006  2986  2986 W example.edgesu: Accessing hidden method Landroid/view/ViewGroup;->suppressLayout(Z)V (light greylist, linking)
07-10 04:41:08.185  2986  2986 W LogFactory: Truncating log tag length as it exceed 23, the limit imposed by Android on certain API Levels
07-10 04:41:10.372  2986  3009 W libEGL  : EGLNativeWindowType 0x7e0eeb7010 disconnect failed
07-10 04:41:11.604  2986  3061 W LogFactory: Truncating log tag length as it exceed 23, the limit imposed by Android on certain API Levels
07-10 04:41:42.471  2986  3047 W LogFactory: Truncating log tag length as it exceed 23, the limit imposed by Android on certain API Levels
07-10 04:41:43.505  2986  2986 W S3Uploader: Uploaded 20200312_150643.mp4 in 35.352s
07-10 04:41:45.503  2986  3009 W libEGL  : EGLNativeWindowType 0x7e0eeb7010 disconnect failed
07-10 04:41:57.361  2986  3009 W libEGL  : EGLNativeWindowType 0x7e0e8bb010 disconnect failed
07-10 04:42:28.391  2986  2986 W S3Uploader: Uploaded 20200312_150744.mp4 in 33.170s
07-10 04:42:30.410  2986  3009 W libEGL  : EGLNativeWindowType 0x7e0e8bb010 disconnect failed
07-10 04:42:59.038  2986  3009 W libEGL  : EGLNativeWindowType 0x7e0eeb7010 disconnect failed
07-10 04:43:29.735  2986  2986 W S3Uploader: Uploaded 20200312_150844.mp4 in 32.819s
07-10 04:43:31.750  2986  3009 W libEGL  : EGLNativeWindowType 0x7e0eeb7010 disconnect failed
07-10 04:44:15.384  2986  3009 W libEGL  : EGLNativeWindowType 0x7e0e8b9010 disconnect failed
07-10 04:44:46.180  2986  2986 W S3Uploader: Uploaded 20200312_150944.mp4 in 32.907s
07-10 04:44:48.196  2986  3009 W libEGL  : EGLNativeWindowType 0x7e0e8b9010 disconnect failed
07-10 04:44:55.995  2986  3009 W libEGL  : EGLNativeWindowType 0x7e0e70b010 disconnect failed
07-10 04:45:26.900  2986  2986 W S3Uploader: Uploaded 20200312_151044.mp4 in 33.023s
07-10 04:45:28.916  2986  3009 W libEGL  : EGLNativeWindowType 0x7e0e70b010 disconnect failed
07-10 04:45:41.292  2986  3009 W libEGL  : EGLNativeWindowType 0x7e0e7bf010 disconnect failed
07-10 04:46:11.851  2986  2986 W S3Uploader: Uploaded 20200312_193528.mp4 in 32.669s
07-10 04:46:13.867  2986  3009 W libEGL  : EGLNativeWindowType 0x7e0e7bf010 disconnect failed
07-10 04:46:26.422  2986  3009 W libEGL  : EGLNativeWindowType 0x7e0e70b010 disconnect failed
07-10 04:46:57.254  2986  2986 W S3Uploader: Uploaded 20200312_193628.mp4 in 32.956s
07-10 04:46:59.273  2986  3009 W libEGL  : EGLNativeWindowType 0x7e0e70b010 disconnect failed
07-10 04:47:08.773  2986  3009 W libEGL  : EGLNativeWindowType 0x7e0e80d010 disconnect failed
07-10 04:47:39.509  2986  2986 W S3Uploader: Uploaded 20200312_193728.mp4 in 32.831s
07-10 04:47:41.527  2986  3009 W libEGL  : EGLNativeWindowType 0x7e0e80d010 disconnect failed
07-10 04:47:50.539  2986  3009 W libEGL  : EGLNativeWindowType 0x7e0e783010 disconnect failed
07-10 04:48:20.308  2986  2986 W S3Uploader: Uploaded 20200312_193828.mp4 in 31.837s
07-10 04:48:22.325  2986  3009 W libEGL  : EGLNativeWindowType 0x7e0e783010 disconnect failed
07-10 04:48:40.770  2986  3009 W libEGL  : EGLNativeWindowType 0x7e0e790010 disconnect failed
07-10 04:49:11.070  2986  2986 W S3Uploader: Uploaded 20200312_193928.mp4 in 32.400s
07-10 04:49:13.086  2986  3009 W libEGL  : EGLNativeWindowType 0x7e0e790010 disconnect failed
07-10 04:49:16.953  2986  3009 W libEGL  : EGLNativeWindowType 0x7e0e7b4010 disconnect failed
07-10 04:49:47.174  2986  2986 W S3Uploader: Uploaded 20200312_194129.mp4 in 32.328s
07-10 04:49:49.188  2986  3009 W libEGL  : EGLNativeWindowType 0x7e0e7b4010 disconnect failed
07-10 04:49:52.851  2986  3009 W libEGL  : EGLNativeWindowType 0x7e0e6a5010 disconnect failed
07-10 04:50:23.290  2986  2986 W S3Uploader: Uploaded 20200312_194229.mp4 in 32.556s
07-10 04:50:25.307  2986  3009 W libEGL  : EGLNativeWindowType 0x7e0e6a5010 disconnect failed
07-10 04:50:35.943  2986  3009 W libEGL  : EGLNativeWindowType 0x7e0ef0a010 disconnect failed
07-10 04:51:06.320  2986  2986 W S3Uploader: Uploaded 20200312_194330.mp4 in 32.475s
07-10 04:51:08.337  2986  3009 W libEGL  : EGLNativeWindowType 0x7e0ef0a010 disconnect failed
07-10 04:51:16.228  2986  3009 W libEGL  : EGLNativeWindowType 0x7e0e899010 disconnect failed
07-10 04:51:46.686  2986  2986 W S3Uploader: Uploaded 20200312_194730.mp4 in 32.576s
07-10 04:51:48.702  2986  3009 W libEGL  : EGLNativeWindowType 0x7e0e899010 disconnect failed
07-10 04:51:51.898  2986  3009 W libEGL  : EGLNativeWindowType 0x7e0e646010 disconnect failed
07-10 04:52:22.933  2986  2986 W S3Uploader: Uploaded 20200312_194830.mp4 in 33.142s
07-10 04:52:24.948  2986  3009 W libEGL  : EGLNativeWindowType 0x7e0e646010 disconnect failed
07-10 04:52:27.976  2986  3009 W libEGL  : EGLNativeWindowType 0x7e0e6a5010 disconnect failed
07-10 04:52:58.228  2986  2986 W S3Uploader: Uploaded 20200312_194930.mp4 in 32.356s
07-10 04:53:00.242  2986  3009 W libEGL  : EGLNativeWindowType 0x7e0e6a5010 disconnect failed
07-10 04:53:06.478  2986  3009 W libEGL  : EGLNativeWindowType 0x7e0e616010 disconnect failed
07-10 04:53:37.017  2986  2986 W S3Uploader: Uploaded 20200312_195230.mp4 in 32.637s
07-10 04:53:39.033  2986  3009 W libEGL  : EGLNativeWindowType 0x7e0e616010 disconnect failed
07-10 04:53:43.398  2986  3009 W libEGL  : EGLNativeWindowType 0x7e0e7b4010 disconnect failed
07-10 04:54:13.453  2986  2986 W S3Uploader: Uploaded 20200312_195330.mp4 in 32.177s
07-10 04:54:15.470  2986  3009 W libEGL  : EGLNativeWindowType 0x7e0e7b4010 disconnect failed
07-10 04:54:20.697  2986  3009 W libEGL  : EGLNativeWindowType 0x7e0efa3010 disconnect failed
07-10 04:54:51.009  2986  2986 W S3Uploader: Uploaded 20200312_195430.mp4 in 32.414s
07-10 04:54:53.024  2986  3009 W libEGL  : EGLNativeWindowType 0x7e0efa3010 disconnect failed
