--------- beginning of main
06-29 01:16:44.173  5434  5434 W LogFactory: Truncating log tag length as it exceed 23, the limit imposed by Android on certain API Levels
06-29 01:16:44.208  5434  5434 E TransferService: No notification is passed in the intent. Unable to transition to foreground.
06-29 01:16:57.319  5434  5434 W NearbyFragment: Preferences:
06-29 01:16:57.319  5434  5434 W NearbyFragment:   Auto download: true
06-29 01:16:57.319  5434  5434 W NearbyFragment:   Algorithm: best
06-29 01:16:57.319  5434  5434 W NearbyFragment:   Fast scheduling: true
06-29 01:16:57.319  5434  5434 W NearbyFragment:   Segmentation: false
06-29 01:16:57.319  5434  5434 W NearbyFragment:   Auto segmentation: false
06-29 01:16:57.319  5434  5434 W NearbyFragment:   Segment number: 4
06-29 01:16:57.319  5434  5434 W NearbyFragment:   Noise tolerance: 45.00
06-29 01:16:57.319  5434  5434 W NearbyFragment:   Quality: 23
06-29 01:16:57.319  5434  5434 W NearbyFragment:   Speed: medium
06-29 01:16:57.319  5434  5434 W NearbyFragment:   Freeze duration: 1.00
06-29 01:16:57.320  5434  5434 W NearbyFragment: Download delay: 1s
06-29 01:16:57.320  5434  5434 W NearbyFragment: Started downloading from dashcam
06-29 01:17:15.593  5434  5434 W DashDownloadManager: Successfully downloaded 20200312_150643.mp4 in 18.191s
06-29 01:17:15.750  5434  5590 W mobile-ffmpeg:
06-29 01:17:15.750  5434  5590 W mobile-ffmpeg: [mov,mp4,m4a,3gp,3g2,mj2 @ 0x72e5335c00]
06-29 01:17:15.751  5434  5590 W mobile-ffmpeg:
06-29 01:17:15.751  5434  5590 W mobile-ffmpeg: Found duplicated MOOV Atom. Skipped it
06-29 01:17:30.312  5434  5589 W Summariser: No activity detected
06-29 01:17:30.501  5434  5589 W Summariser: Summarisation completed
06-29 01:17:30.501  5434  5589 W Summariser:   filename: 20200312_150643.mp4
06-29 01:17:30.501  5434  5589 W Summariser:   active sections: 0
06-29 01:17:30.501  5434  5589 W Summariser:   time: 14.709s
06-29 01:17:30.501  5434  5589 W Summariser:   original duration: 60.02
06-29 01:17:30.501  5434  5589 W Summariser:   noise tolerance: 45.00
06-29 01:17:30.501  5434  5589 W Summariser:   quality: 23
06-29 01:17:30.501  5434  5589 W Summariser:   speed: medium
06-29 01:17:30.501  5434  5589 W Summariser:   freeze duration: 1.00
06-29 01:17:32.875  5434  5434 W DashDownloadManager: Successfully downloaded 20200312_150744.mp4 in 16.220s
06-29 01:17:32.893  5434  5590 W mobile-ffmpeg:
06-29 01:17:32.893  5434  5590 W mobile-ffmpeg: [mov,mp4,m4a,3gp,3g2,mj2 @ 0x72e5335c00]
06-29 01:17:32.893  5434  5590 W mobile-ffmpeg:
06-29 01:17:32.894  5434  5590 W mobile-ffmpeg: Found duplicated MOOV Atom. Skipped it
06-29 01:17:51.578  5434  5620 W Summariser: 1 active sections found
06-29 01:17:51.591  5434  5590 W mobile-ffmpeg:
06-29 01:17:51.592  5434  5590 W mobile-ffmpeg: [mov,mp4,m4a,3gp,3g2,mj2 @ 0x72e5335c00]
06-29 01:17:51.592  5434  5590 W mobile-ffmpeg:
06-29 01:17:51.592  5434  5590 W mobile-ffmpeg: Found duplicated MOOV Atom. Skipped it
06-29 01:17:53.233  5434  5434 W DashDownloadManager: Successfully downloaded 20200312_150844.mp4 in 19.271s
06-29 01:18:08.235  5434  5434 W DashDownloadManager: Successfully downloaded 20200312_150944.mp4 in 13.935s
06-29 01:18:24.096  5434  5434 W DashDownloadManager: Successfully downloaded 20200312_151044.mp4 in 14.795s
06-29 01:18:32.371  5434  5620 W Summariser: Summarisation completed
06-29 01:18:32.371  5434  5620 W Summariser:   filename: 20200312_150744.mp4
06-29 01:18:32.371  5434  5620 W Summariser:   active sections: 1
06-29 01:18:32.371  5434  5620 W Summariser:   time: 59.270s
06-29 01:18:32.371  5434  5620 W Summariser:   original duration: 60.02
06-29 01:18:32.371  5434  5620 W Summariser:   summarised duration: 4.83
06-29 01:18:32.371  5434  5620 W Summariser:   noise tolerance: 45.00
06-29 01:18:32.371  5434  5620 W Summariser:   quality: 23
06-29 01:18:32.371  5434  5620 W Summariser:   speed: medium
06-29 01:18:32.371  5434  5620 W Summariser:   freeze duration: 1.00
06-29 01:18:32.451  5434  5590 W mobile-ffmpeg:
06-29 01:18:32.451  5434  5590 W mobile-ffmpeg: [mov,mp4,m4a,3gp,3g2,mj2 @ 0x72e5335c00]
06-29 01:18:32.451  5434  5590 W mobile-ffmpeg:
06-29 01:18:32.451  5434  5590 W mobile-ffmpeg: Found duplicated MOOV Atom. Skipped it
06-29 01:18:40.852  5434  5434 W DashDownloadManager: Successfully downloaded 20200312_193528.mp4 in 15.696s
06-29 01:18:57.510  5434  5620 W Summariser: Whole video is active
06-29 01:18:59.199  5434  5434 W DashDownloadManager: Successfully downloaded 20200312_193628.mp4 in 17.277s
06-29 01:19:02.014  5434  5620 W Summariser: Summarisation completed
06-29 01:19:02.014  5434  5620 W Summariser:   filename: 20200312_150844.mp4
06-29 01:19:02.014  5434  5620 W Summariser:   active sections: -1
06-29 01:19:02.014  5434  5620 W Summariser:   time: 29.264s
06-29 01:19:02.014  5434  5620 W Summariser:   original duration: 60.02
06-29 01:19:02.014  5434  5620 W Summariser:   summarised duration: 60.02
06-29 01:19:02.014  5434  5620 W Summariser:   noise tolerance: 45.00
06-29 01:19:02.014  5434  5620 W Summariser:   quality: 23
06-29 01:19:02.014  5434  5620 W Summariser:   speed: medium
06-29 01:19:02.014  5434  5620 W Summariser:   freeze duration: 1.00
06-29 01:19:02.073  5434  5590 W mobile-ffmpeg:
06-29 01:19:02.074  5434  5590 W mobile-ffmpeg: [mov,mp4,m4a,3gp,3g2,mj2 @ 0x72e52e0a00]
06-29 01:19:02.074  5434  5590 W mobile-ffmpeg:
06-29 01:19:02.074  5434  5590 W mobile-ffmpeg: Found duplicated MOOV Atom. Skipped it
06-29 01:19:19.261  5434  5434 W DashDownloadManager: Successfully downloaded 20200312_193728.mp4 in 18.956s
06-29 01:19:27.014  5434  5620 W Summariser: 1 active sections found
06-29 01:19:27.027  5434  5590 W mobile-ffmpeg:
06-29 01:19:27.028  5434  5590 W mobile-ffmpeg: [mov,mp4,m4a,3gp,3g2,mj2 @ 0x72e52e0a00]
06-29 01:19:27.028  5434  5590 W mobile-ffmpeg:
06-29 01:19:27.028  5434  5590 W mobile-ffmpeg: Found duplicated MOOV Atom. Skipped it
06-29 01:19:38.545  5434  5434 W DashDownloadManager: Successfully downloaded 20200312_193828.mp4 in 18.201s
06-29 01:19:58.372  5434  5434 W DashDownloadManager: Successfully downloaded 20200312_193928.mp4 in 18.763s
06-29 01:19:58.922  5434  5620 W Summariser: Summarisation completed
06-29 01:19:58.922  5434  5620 W Summariser:   filename: 20200312_150944.mp4
06-29 01:19:58.922  5434  5620 W Summariser:   active sections: 1
06-29 01:19:58.922  5434  5620 W Summariser:   time: 56.598s
06-29 01:19:58.922  5434  5620 W Summariser:   original duration: 60.02
06-29 01:19:58.922  5434  5620 W Summariser:   summarised duration: 7.07
06-29 01:19:58.922  5434  5620 W Summariser:   noise tolerance: 45.00
06-29 01:19:58.922  5434  5620 W Summariser:   quality: 23
06-29 01:19:58.922  5434  5620 W Summariser:   speed: medium
06-29 01:19:58.922  5434  5620 W Summariser:   freeze duration: 1.00
06-29 01:19:59.012  5434  5590 W mobile-ffmpeg:
06-29 01:19:59.012  5434  5590 W mobile-ffmpeg: [mov,mp4,m4a,3gp,3g2,mj2 @ 0x72e52e0a00]
06-29 01:19:59.013  5434  5590 W mobile-ffmpeg:
06-29 01:19:59.013  5434  5590 W mobile-ffmpeg: Found duplicated MOOV Atom. Skipped it
06-29 01:20:28.798  5434  5434 W DashDownloadManager: Successfully downloaded 20200312_194129.mp4 in 29.349s
06-29 01:20:29.478  5434  5620 W Summariser: No activity detected
06-29 01:20:29.625  5434  5620 W Summariser: Summarisation completed
06-29 01:20:29.625  5434  5620 W Summariser:   filename: 20200312_151044.mp4
06-29 01:20:29.625  5434  5620 W Summariser:   active sections: 0
06-29 01:20:29.625  5434  5620 W Summariser:   time: 30.500s
06-29 01:20:29.625  5434  5620 W Summariser:   original duration: 60.02
06-29 01:20:29.625  5434  5620 W Summariser:   noise tolerance: 45.00
06-29 01:20:29.625  5434  5620 W Summariser:   quality: 23
06-29 01:20:29.625  5434  5620 W Summariser:   speed: medium
06-29 01:20:29.625  5434  5620 W Summariser:   freeze duration: 1.00
06-29 01:20:29.681  5434  5590 W mobile-ffmpeg:
06-29 01:20:29.681  5434  5590 W mobile-ffmpeg: [mov,mp4,m4a,3gp,3g2,mj2 @ 0x72e52e0a00]
06-29 01:20:29.681  5434  5590 W mobile-ffmpeg:
06-29 01:20:29.681  5434  5590 W mobile-ffmpeg: Found duplicated MOOV Atom. Skipped it
06-29 01:20:48.882  5434  5434 W DashDownloadManager: Successfully downloaded 20200312_194229.mp4 in 19.008s
06-29 01:21:05.756  5434  5620 W Summariser: No activity detected
06-29 01:21:05.924  5434  5620 W Summariser: Summarisation completed
06-29 01:21:05.924  5434  5620 W Summariser:   filename: 20200312_193528.mp4
06-29 01:21:05.924  5434  5620 W Summariser:   active sections: 0
06-29 01:21:05.924  5434  5620 W Summariser:   time: 36.113s
06-29 01:21:05.924  5434  5620 W Summariser:   original duration: 60.05
06-29 01:21:05.924  5434  5620 W Summariser:   noise tolerance: 45.00
06-29 01:21:05.924  5434  5620 W Summariser:   quality: 23
06-29 01:21:05.924  5434  5620 W Summariser:   speed: medium
06-29 01:21:05.924  5434  5620 W Summariser:   freeze duration: 1.00
06-29 01:21:05.976  5434  5590 W mobile-ffmpeg:
06-29 01:21:05.976  5434  5590 W mobile-ffmpeg: [mov,mp4,m4a,3gp,3g2,mj2 @ 0x72e52e0a00]
06-29 01:21:05.976  5434  5590 W mobile-ffmpeg:
06-29 01:21:05.978  5434  5590 W mobile-ffmpeg: Found duplicated MOOV Atom. Skipped it
06-29 01:21:09.259  5434  5434 W DashDownloadManager: Successfully downloaded 20200312_194330.mp4 in 19.300s
06-29 01:21:28.436  5434  5434 W DashDownloadManager: Successfully downloaded 20200312_194730.mp4 in 18.103s
06-29 01:21:42.809  5434  5620 W Summariser: 1 active sections found
06-29 01:21:42.838  5434  5590 W mobile-ffmpeg:
06-29 01:21:42.838  5434  5590 W mobile-ffmpeg: [mov,mp4,m4a,3gp,3g2,mj2 @ 0x72e52e0a00]
06-29 01:21:42.838  5434  5590 W mobile-ffmpeg:
06-29 01:21:42.838  5434  5590 W mobile-ffmpeg: Found duplicated MOOV Atom. Skipped it
06-29 01:21:47.484  5434  5434 W DashDownloadManager: Successfully downloaded 20200312_194830.mp4 in 17.963s
06-29 01:22:07.940  5434  5434 W DashDownloadManager: Successfully downloaded 20200312_194930.mp4 in 19.367s
06-29 01:22:27.210  5434  5434 W DashDownloadManager: Successfully downloaded 20200312_195230.mp4 in 18.174s
06-29 01:22:46.601  5434  5434 W DashDownloadManager: Successfully downloaded 20200312_195330.mp4 in 18.310s
06-29 01:22:52.511  5434  5620 W Summariser: Summarisation completed
06-29 01:22:52.511  5434  5620 W Summariser:   filename: 20200312_193628.mp4
06-29 01:22:52.511  5434  5620 W Summariser:   active sections: 1
06-29 01:22:52.511  5434  5620 W Summariser:   time: 106.246s
06-29 01:22:52.511  5434  5620 W Summariser:   original duration: 60.02
06-29 01:22:52.511  5434  5620 W Summariser:   summarised duration: 6.07
06-29 01:22:52.511  5434  5620 W Summariser:   noise tolerance: 45.00
06-29 01:22:52.511  5434  5620 W Summariser:   quality: 23
06-29 01:22:52.511  5434  5620 W Summariser:   speed: medium
06-29 01:22:52.511  5434  5620 W Summariser:   freeze duration: 1.00
06-29 01:22:52.589  5434  5590 W mobile-ffmpeg:
06-29 01:22:52.590  5434  5590 W mobile-ffmpeg: [mov,mp4,m4a,3gp,3g2,mj2 @ 0x72e52e0a00]
06-29 01:22:52.590  5434  5590 W mobile-ffmpeg:
06-29 01:22:52.590  5434  5590 W mobile-ffmpeg: Found duplicated MOOV Atom. Skipped it
06-29 01:23:07.134  5434  5434 W DashDownloadManager: Successfully downloaded 20200312_195430.mp4 in 19.446s
06-29 01:23:08.140  5434  5564 W NearbyFragment: Stopped downloading from dashcam
06-29 01:23:25.511  5434  5620 W Summariser: Whole video is active
06-29 01:23:30.540  5434  5620 W Summariser: Summarisation completed
06-29 01:23:30.540  5434  5620 W Summariser:   filename: 20200312_193728.mp4
06-29 01:23:30.540  5434  5620 W Summariser:   active sections: -1
06-29 01:23:30.540  5434  5620 W Summariser:   time: 37.581s
06-29 01:23:30.540  5434  5620 W Summariser:   original duration: 60.02
06-29 01:23:30.540  5434  5620 W Summariser:   summarised duration: 60.02
06-29 01:23:30.540  5434  5620 W Summariser:   noise tolerance: 45.00
06-29 01:23:30.540  5434  5620 W Summariser:   quality: 23
06-29 01:23:30.540  5434  5620 W Summariser:   speed: medium
06-29 01:23:30.540  5434  5620 W Summariser:   freeze duration: 1.00
06-29 01:23:30.625  5434  5590 W mobile-ffmpeg:
06-29 01:23:30.625  5434  5590 W mobile-ffmpeg: [mov,mp4,m4a,3gp,3g2,mj2 @ 0x72e52df800]
06-29 01:23:30.625  5434  5590 W mobile-ffmpeg:
06-29 01:23:30.625  5434  5590 W mobile-ffmpeg: Found duplicated MOOV Atom. Skipped it
06-29 01:24:00.291  5434  5620 W Summariser: 1 active sections found
06-29 01:24:00.306  5434  5590 W mobile-ffmpeg:
06-29 01:24:00.306  5434  5590 W mobile-ffmpeg: [mov,mp4,m4a,3gp,3g2,mj2 @ 0x72e52df800]
06-29 01:24:00.306  5434  5590 W mobile-ffmpeg:
06-29 01:24:00.306  5434  5590 W mobile-ffmpeg: Found duplicated MOOV Atom. Skipped it
06-29 01:24:54.400  5434  5620 W Summariser: Summarisation completed
06-29 01:24:54.400  5434  5620 W Summariser:   filename: 20200312_193828.mp4
06-29 01:24:54.400  5434  5620 W Summariser:   active sections: 1
06-29 01:24:54.400  5434  5620 W Summariser:   time: 83.579s
06-29 01:24:54.400  5434  5620 W Summariser:   original duration: 60.02
06-29 01:24:54.400  5434  5620 W Summariser:   summarised duration: 14.28
06-29 01:24:54.400  5434  5620 W Summariser:   noise tolerance: 45.00
06-29 01:24:54.400  5434  5620 W Summariser:   quality: 23
06-29 01:24:54.400  5434  5620 W Summariser:   speed: medium
06-29 01:24:54.400  5434  5620 W Summariser:   freeze duration: 1.00
06-29 01:24:54.496  5434  5590 W mobile-ffmpeg:
06-29 01:24:54.498  5434  5590 W mobile-ffmpeg: [mov,mp4,m4a,3gp,3g2,mj2 @ 0x72e52df800]
06-29 01:24:54.498  5434  5590 W mobile-ffmpeg:
06-29 01:24:54.498  5434  5590 W mobile-ffmpeg: Found duplicated MOOV Atom. Skipped it
06-29 01:25:14.353  5434  5620 W Summariser: No activity detected
06-29 01:25:14.450  5434  5620 W Summariser: Summarisation completed
06-29 01:25:14.450  5434  5620 W Summariser:   filename: 20200312_193928.mp4
06-29 01:25:14.450  5434  5620 W Summariser:   active sections: 0
06-29 01:25:14.450  5434  5620 W Summariser:   time: 19.877s
06-29 01:25:14.450  5434  5620 W Summariser:   original duration: 60.89
06-29 01:25:14.450  5434  5620 W Summariser:   noise tolerance: 45.00
06-29 01:25:14.450  5434  5620 W Summariser:   quality: 23
06-29 01:25:14.450  5434  5620 W Summariser:   speed: medium
06-29 01:25:14.450  5434  5620 W Summariser:   freeze duration: 1.00
06-29 01:25:14.494  5434  5590 W mobile-ffmpeg:
06-29 01:25:14.495  5434  5590 W mobile-ffmpeg: [mov,mp4,m4a,3gp,3g2,mj2 @ 0x72e52df800]
06-29 01:25:14.495  5434  5590 W mobile-ffmpeg:
06-29 01:25:14.495  5434  5590 W mobile-ffmpeg: Found duplicated MOOV Atom. Skipped it
06-29 01:25:34.886  5434  5620 W Summariser: 2 active sections found
06-29 01:25:34.899  5434  5590 W mobile-ffmpeg:
06-29 01:25:34.899  5434  5590 W mobile-ffmpeg: [mov,mp4,m4a,3gp,3g2,mj2 @ 0x72e52df800]
06-29 01:25:34.899  5434  5590 W mobile-ffmpeg:
06-29 01:25:34.899  5434  5590 W mobile-ffmpeg: Found duplicated MOOV Atom. Skipped it
06-29 01:26:24.413  5434  5620 W Summariser: Summarisation completed
06-29 01:26:24.413  5434  5620 W Summariser:   filename: 20200312_194129.mp4
06-29 01:26:24.413  5434  5620 W Summariser:   active sections: 2
06-29 01:26:24.413  5434  5620 W Summariser:   time: 69.765s
06-29 01:26:24.413  5434  5620 W Summariser:   original duration: 60.02
06-29 01:26:24.413  5434  5620 W Summariser:   summarised duration: 10.77
06-29 01:26:24.413  5434  5620 W Summariser:   noise tolerance: 45.00
06-29 01:26:24.413  5434  5620 W Summariser:   quality: 23
06-29 01:26:24.413  5434  5620 W Summariser:   speed: medium
06-29 01:26:24.413  5434  5620 W Summariser:   freeze duration: 1.00
06-29 01:26:24.507  5434  5590 W mobile-ffmpeg:
06-29 01:26:24.507  5434  5590 W mobile-ffmpeg: [mov,mp4,m4a,3gp,3g2,mj2 @ 0x72e52df800]
06-29 01:26:24.507  5434  5590 W mobile-ffmpeg:
06-29 01:26:24.507  5434  5590 W mobile-ffmpeg: Found duplicated MOOV Atom. Skipped it
06-29 01:26:52.719  5434  5620 W Summariser: 5 active sections found
06-29 01:26:52.741  5434  5590 W mobile-ffmpeg:
06-29 01:26:52.741  5434  5590 W mobile-ffmpeg: [mov,mp4,m4a,3gp,3g2,mj2 @ 0x72e52df800]
06-29 01:26:52.741  5434  5590 W mobile-ffmpeg:
06-29 01:26:52.741  5434  5590 W mobile-ffmpeg: Found duplicated MOOV Atom. Skipped it
06-29 01:28:05.365  5434  5620 W Summariser: Summarisation completed
06-29 01:28:05.365  5434  5620 W Summariser:   filename: 20200312_194229.mp4
06-29 01:28:05.365  5434  5620 W Summariser:   active sections: 5
06-29 01:28:05.365  5434  5620 W Summariser:   time: 100.672s
06-29 01:28:05.365  5434  5620 W Summariser:   original duration: 60.02
06-29 01:28:05.365  5434  5620 W Summariser:   summarised duration: 15.51
06-29 01:28:05.365  5434  5620 W Summariser:   noise tolerance: 45.00
06-29 01:28:05.365  5434  5620 W Summariser:   quality: 23
06-29 01:28:05.365  5434  5620 W Summariser:   speed: medium
06-29 01:28:05.365  5434  5620 W Summariser:   freeze duration: 1.00
06-29 01:28:05.475  5434  5590 W mobile-ffmpeg:
06-29 01:28:05.475  5434  5590 W mobile-ffmpeg: [mov,mp4,m4a,3gp,3g2,mj2 @ 0x72e52df800]
06-29 01:28:05.475  5434  5590 W mobile-ffmpeg:
06-29 01:28:05.475  5434  5590 W mobile-ffmpeg: Found duplicated MOOV Atom. Skipped it
06-29 01:28:25.495  5434  5620 W Summariser: No activity detected
06-29 01:28:25.590  5434  5620 W Summariser: Summarisation completed
06-29 01:28:25.590  5434  5620 W Summariser:   filename: 20200312_194330.mp4
06-29 01:28:25.590  5434  5620 W Summariser:   active sections: 0
06-29 01:28:25.590  5434  5620 W Summariser:   time: 20.044s
06-29 01:28:25.590  5434  5620 W Summariser:   original duration: 60.02
06-29 01:28:25.590  5434  5620 W Summariser:   noise tolerance: 45.00
06-29 01:28:25.590  5434  5620 W Summariser:   quality: 23
06-29 01:28:25.590  5434  5620 W Summariser:   speed: medium
06-29 01:28:25.590  5434  5620 W Summariser:   freeze duration: 1.00
06-29 01:28:25.635  5434  5590 W mobile-ffmpeg:
06-29 01:28:25.635  5434  5590 W mobile-ffmpeg: [mov,mp4,m4a,3gp,3g2,mj2 @ 0x72e52df800]
06-29 01:28:25.635  5434  5590 W mobile-ffmpeg:
06-29 01:28:25.635  5434  5590 W mobile-ffmpeg: Found duplicated MOOV Atom. Skipped it
06-29 01:28:45.998  5434  5620 W Summariser: No activity detected
06-29 01:28:46.100  5434  5620 W Summariser: Summarisation completed
06-29 01:28:46.100  5434  5620 W Summariser:   filename: 20200312_194730.mp4
06-29 01:28:46.100  5434  5620 W Summariser:   active sections: 0
06-29 01:28:46.100  5434  5620 W Summariser:   time: 20.393s
06-29 01:28:46.100  5434  5620 W Summariser:   original duration: 60.02
06-29 01:28:46.100  5434  5620 W Summariser:   noise tolerance: 45.00
06-29 01:28:46.100  5434  5620 W Summariser:   quality: 23
06-29 01:28:46.100  5434  5620 W Summariser:   speed: medium
06-29 01:28:46.100  5434  5620 W Summariser:   freeze duration: 1.00
06-29 01:28:46.153  5434  5590 W mobile-ffmpeg:
06-29 01:28:46.153  5434  5590 W mobile-ffmpeg: [mov,mp4,m4a,3gp,3g2,mj2 @ 0x72e52df800]
06-29 01:28:46.153  5434  5590 W mobile-ffmpeg:
06-29 01:28:46.153  5434  5590 W mobile-ffmpeg: Found duplicated MOOV Atom. Skipped it
06-29 01:29:09.965  5434  5620 W Summariser: 4 active sections found
06-29 01:29:09.983  5434  5590 W mobile-ffmpeg:
06-29 01:29:09.984  5434  5590 W mobile-ffmpeg: [mov,mp4,m4a,3gp,3g2,mj2 @ 0x72e52df800]
06-29 01:29:09.984  5434  5590 W mobile-ffmpeg:
06-29 01:29:09.984  5434  5590 W mobile-ffmpeg: Found duplicated MOOV Atom. Skipped it
06-29 01:30:52.928  5434  5620 W Summariser: Summarisation completed
06-29 01:30:52.928  5434  5620 W Summariser:   filename: 20200312_194830.mp4
06-29 01:30:52.928  5434  5620 W Summariser:   active sections: 4
06-29 01:30:52.928  5434  5620 W Summariser:   time: 126.600s
06-29 01:30:52.928  5434  5620 W Summariser:   original duration: 60.02
06-29 01:30:52.928  5434  5620 W Summariser:   summarised duration: 19.02
06-29 01:30:52.928  5434  5620 W Summariser:   noise tolerance: 45.00
06-29 01:30:52.928  5434  5620 W Summariser:   quality: 23
06-29 01:30:52.928  5434  5620 W Summariser:   speed: medium
06-29 01:30:52.928  5434  5620 W Summariser:   freeze duration: 1.00
06-29 01:30:53.038  5434  5590 W mobile-ffmpeg:
06-29 01:30:53.038  5434  5590 W mobile-ffmpeg: [mov,mp4,m4a,3gp,3g2,mj2 @ 0x72e52df800]
06-29 01:30:53.038  5434  5590 W mobile-ffmpeg:
06-29 01:30:53.038  5434  5590 W mobile-ffmpeg: Found duplicated MOOV Atom. Skipped it
06-29 01:31:13.625  5434  5620 W Summariser: 2 active sections found
06-29 01:31:13.641  5434  5590 W mobile-ffmpeg:
06-29 01:31:13.642  5434  5590 W mobile-ffmpeg: [mov,mp4,m4a,3gp,3g2,mj2 @ 0x72e52df800]
06-29 01:31:13.642  5434  5590 W mobile-ffmpeg:
06-29 01:31:13.642  5434  5590 W mobile-ffmpeg: Found duplicated MOOV Atom. Skipped it
06-29 01:32:57.093  5434  5620 W Summariser: Summarisation completed
06-29 01:32:57.093  5434  5620 W Summariser:   filename: 20200312_194930.mp4
06-29 01:32:57.093  5434  5620 W Summariser:   active sections: 2
06-29 01:32:57.093  5434  5620 W Summariser:   time: 123.819s
06-29 01:32:57.093  5434  5620 W Summariser:   original duration: 60.02
06-29 01:32:57.093  5434  5620 W Summariser:   summarised duration: 22.25
06-29 01:32:57.093  5434  5620 W Summariser:   noise tolerance: 45.00
06-29 01:32:57.093  5434  5620 W Summariser:   quality: 23
06-29 01:32:57.093  5434  5620 W Summariser:   speed: medium
06-29 01:32:57.093  5434  5620 W Summariser:   freeze duration: 1.00
06-29 01:32:57.223  5434  5590 W mobile-ffmpeg:
06-29 01:32:57.223  5434  5590 W mobile-ffmpeg: [mov,mp4,m4a,3gp,3g2,mj2 @ 0x72e52df800]
06-29 01:32:57.224  5434  5590 W mobile-ffmpeg:
06-29 01:32:57.224  5434  5590 W mobile-ffmpeg: Found duplicated MOOV Atom. Skipped it
06-29 01:33:23.680  5434  5620 W Summariser: 1 active sections found
06-29 01:33:23.694  5434  5590 W mobile-ffmpeg:
06-29 01:33:23.694  5434  5590 W mobile-ffmpeg: [mov,mp4,m4a,3gp,3g2,mj2 @ 0x72e52df800]
06-29 01:33:23.694  5434  5590 W mobile-ffmpeg:
06-29 01:33:23.694  5434  5590 W mobile-ffmpeg: Found duplicated MOOV Atom. Skipped it
06-29 01:33:59.587  5434  5620 W Summariser: Summarisation completed
06-29 01:33:59.587  5434  5620 W Summariser:   filename: 20200312_195230.mp4
06-29 01:33:59.587  5434  5620 W Summariser:   active sections: 1
06-29 01:33:59.587  5434  5620 W Summariser:   time: 62.225s
06-29 01:33:59.587  5434  5620 W Summariser:   original duration: 60.02
06-29 01:33:59.587  5434  5620 W Summariser:   summarised duration: 6.97
06-29 01:33:59.587  5434  5620 W Summariser:   noise tolerance: 45.00
06-29 01:33:59.587  5434  5620 W Summariser:   quality: 23
06-29 01:33:59.587  5434  5620 W Summariser:   speed: medium
06-29 01:33:59.587  5434  5620 W Summariser:   freeze duration: 1.00
06-29 01:33:59.688  5434  5590 W mobile-ffmpeg:
06-29 01:33:59.688  5434  5590 W mobile-ffmpeg: [mov,mp4,m4a,3gp,3g2,mj2 @ 0x72e52df800]
06-29 01:33:59.688  5434  5590 W mobile-ffmpeg:
06-29 01:33:59.688  5434  5590 W mobile-ffmpeg: Found duplicated MOOV Atom. Skipped it
06-29 01:34:19.966  5434  5620 W Summariser: 5 active sections found
06-29 01:34:19.980  5434  5590 W mobile-ffmpeg:
06-29 01:34:19.981  5434  5590 W mobile-ffmpeg: [mov,mp4,m4a,3gp,3g2,mj2 @ 0x72e52df800]
06-29 01:34:19.981  5434  5590 W mobile-ffmpeg:
06-29 01:34:19.981  5434  5590 W mobile-ffmpeg: Found duplicated MOOV Atom. Skipped it
06-29 01:36:07.149  5434  5620 W Summariser: Summarisation completed
06-29 01:36:07.149  5434  5620 W Summariser:   filename: 20200312_195330.mp4
06-29 01:36:07.149  5434  5620 W Summariser:   active sections: 5
06-29 01:36:07.149  5434  5620 W Summariser:   time: 127.262s
06-29 01:36:07.149  5434  5620 W Summariser:   original duration: 60.02
06-29 01:36:07.149  5434  5620 W Summariser:   summarised duration: 23.42
06-29 01:36:07.149  5434  5620 W Summariser:   noise tolerance: 45.00
06-29 01:36:07.149  5434  5620 W Summariser:   quality: 23
06-29 01:36:07.149  5434  5620 W Summariser:   speed: medium
06-29 01:36:07.149  5434  5620 W Summariser:   freeze duration: 1.00
06-29 01:36:07.275  5434  5590 W mobile-ffmpeg:
06-29 01:36:07.275  5434  5590 W mobile-ffmpeg: [mov,mp4,m4a,3gp,3g2,mj2 @ 0x72e52df800]
06-29 01:36:07.275  5434  5590 W mobile-ffmpeg:
06-29 01:36:07.275  5434  5590 W mobile-ffmpeg: Found duplicated MOOV Atom. Skipped it
06-29 01:36:31.484  5434  5620 W Summariser: 5 active sections found
06-29 01:36:31.504  5434  5590 W mobile-ffmpeg:
06-29 01:36:31.504  5434  5590 W mobile-ffmpeg: [mov,mp4,m4a,3gp,3g2,mj2 @ 0x72e52df800]
06-29 01:36:31.504  5434  5590 W mobile-ffmpeg:
06-29 01:36:31.504  5434  5590 W mobile-ffmpeg: Found duplicated MOOV Atom. Skipped it
06-29 01:37:51.763  5434  5620 W Summariser: Summarisation completed
06-29 01:37:51.763  5434  5620 W Summariser:   filename: 20200312_195430.mp4
06-29 01:37:51.763  5434  5620 W Summariser:   active sections: 5
06-29 01:37:51.763  5434  5620 W Summariser:   time: 104.253s
06-29 01:37:51.763  5434  5620 W Summariser:   original duration: 60.02
06-29 01:37:51.763  5434  5620 W Summariser:   summarised duration: 21.92
06-29 01:37:51.763  5434  5620 W Summariser:   noise tolerance: 45.00
06-29 01:37:51.763  5434  5620 W Summariser:   quality: 23
06-29 01:37:51.763  5434  5620 W Summariser:   speed: medium
06-29 01:37:51.763  5434  5620 W Summariser:   freeze duration: 1.00
