--------- beginning of main
07-10 04:59:43.218  4334  4334 E Zygote  : isWhitelistProcess - Process is Whitelisted
07-10 04:59:43.220  4334  4334 E Zygote  : accessInfo : 1
--------- beginning of system
07-10 04:59:44.808  4334  4334 W LogFactory: Truncating log tag length as it exceed 23, the limit imposed by Android on certain API Levels
07-10 05:00:50.806  4334  4334 W ActivityThread: handleWindowVisibility: no activity for token android.os.BinderProxy@f49e230
07-10 05:00:50.881  4334  4334 W example.edgesu: Accessing hidden method Landroid/graphics/drawable/Drawable;->getOpticalInsets()Landroid/graphics/Insets; (light greylist, linking)
07-10 05:00:50.881  4334  4334 W example.edgesu: Accessing hidden field Landroid/graphics/Insets;->left:I (light greylist, linking)
07-10 05:00:50.881  4334  4334 W example.edgesu: Accessing hidden field Landroid/graphics/Insets;->right:I (light greylist, linking)
07-10 05:00:50.881  4334  4334 W example.edgesu: Accessing hidden field Landroid/graphics/Insets;->top:I (light greylist, linking)
07-10 05:00:50.881  4334  4334 W example.edgesu: Accessing hidden field Landroid/graphics/Insets;->bottom:I (light greylist, linking)
07-10 05:00:50.964  4334  4334 W example.edgesu: Accessing hidden method Landroid/view/View;->computeFitSystemWindows(Landroid/graphics/Rect;Landroid/graphics/Rect;)Z (light greylist, reflection)
07-10 05:00:50.965  4334  4334 W example.edgesu: Accessing hidden method Landroid/view/ViewGroup;->makeOptionalFitsSystemWindows()V (light greylist, reflection)
07-10 05:00:50.978  4334  4334 W example.edgesu: Accessing hidden method Landroid/widget/TextView;->getTextDirectionHeuristic()Landroid/text/TextDirectionHeuristic; (light greylist, linking)
07-10 05:00:51.111  4334  4558 W LogFactory: Truncating log tag length as it exceed 23, the limit imposed by Android on certain API Levels
07-10 05:00:51.112  4334  4558 W LogFactory: Truncating log tag length as it exceed 23, the limit imposed by Android on certain API Levels
07-10 05:00:51.195  4334  4558 W LogFactory: Truncating log tag length as it exceed 23, the limit imposed by Android on certain API Levels
07-10 05:00:51.322  4334  4334 W ActivityThread: handleWindowVisibility: no activity for token android.os.BinderProxy@7c5a2a2
07-10 05:00:51.416  4334  4334 W example.edgesu: Accessing hidden field Landroid/view/View;->mAccessibilityDelegate:Landroid/view/View$AccessibilityDelegate; (light greylist, reflection)
07-10 05:00:51.530  4334  4334 W example.edgesu: Accessing hidden method Landroid/app/ActivityThread;->currentApplication()Landroid/app/Application; (light greylist, reflection)
07-10 05:00:51.533  4334  4334 W System.err: org.json.JSONException: No value for manufacturer
07-10 05:00:51.534  4334  4334 W System.err: 	at org.json.JSONObject.get(JSONObject.java:392)
07-10 05:00:51.534  4334  4334 W System.err: 	at org.json.JSONObject.getString(JSONObject.java:553)
07-10 05:00:51.534  4334  4334 W System.err: 	at com.jaredrummler.android.device.DeviceName$DeviceInfo.<init>(DeviceName.java:374)
07-10 05:00:51.534  4334  4334 W System.err: 	at com.jaredrummler.android.device.DeviceName$DeviceInfo.<init>(DeviceName.java:347)
07-10 05:00:51.534  4334  4334 W System.err: 	at com.jaredrummler.android.device.DeviceName.getDeviceInfo(DeviceName.java:186)
07-10 05:00:51.534  4334  4334 W System.err: 	at com.jaredrummler.android.device.DeviceName.getDeviceName(DeviceName.java:138)
07-10 05:00:51.534  4334  4334 W System.err: 	at com.jaredrummler.android.device.DeviceName.getDeviceName(DeviceName.java:111)
07-10 05:00:51.534  4334  4334 W System.err: 	at com.example.edgesum.util.nearby.NearbyFragment.setLocalName(NearbyFragment.java:118)
07-10 05:00:51.534  4334  4334 W System.err: 	at com.example.edgesum.util.nearby.NearbyFragment.onCreate(NearbyFragment.java:110)
07-10 05:00:51.534  4334  4334 W System.err: 	at com.example.edgesum.page.main.ConnectionFragment.onCreate(ConnectionFragment.java:30)
07-10 05:00:51.534  4334  4334 W System.err: 	at androidx.fragment.app.Fragment.performCreate(Fragment.java:2684)
07-10 05:00:51.534  4334  4334 W System.err: 	at androidx.fragment.app.FragmentStateManager.create(FragmentStateManager.java:280)
07-10 05:00:51.534  4334  4334 W System.err: 	at androidx.fragment.app.FragmentManager.moveToState(FragmentManager.java:1175)
07-10 05:00:51.534  4334  4334 W System.err: 	at androidx.fragment.app.FragmentTransition.addToFirstInLastOut(FragmentTransition.java:1255)
07-10 05:00:51.534  4334  4334 W System.err: 	at androidx.fragment.app.FragmentTransition.calculateFragments(FragmentTransition.java:1138)
07-10 05:00:51.535  4334  4334 W System.err: 	at androidx.fragment.app.FragmentTransition.startTransitions(FragmentTransition.java:136)
07-10 05:00:51.535  4334  4334 W System.err: 	at androidx.fragment.app.FragmentManager.executeOpsTogether(FragmentManager.java:1989)
07-10 05:00:51.535  4334  4334 W System.err: 	at androidx.fragment.app.FragmentManager.removeRedundantOperationsAndExecute(FragmentManager.java:1947)
07-10 05:00:51.535  4334  4334 W System.err: 	at androidx.fragment.app.FragmentManager.execPendingActions(FragmentManager.java:1849)
07-10 05:00:51.535  4334  4334 W System.err: 	at androidx.fragment.app.FragmentManager.dispatchStateChange(FragmentManager.java:2629)
07-10 05:00:51.535  4334  4334 W System.err: 	at androidx.fragment.app.FragmentManager.dispatchActivityCreated(FragmentManager.java:2577)
07-10 05:00:51.535  4334  4334 W System.err: 	at androidx.fragment.app.FragmentController.dispatchActivityCreated(FragmentController.java:247)
07-10 05:00:51.535  4334  4334 W System.err: 	at androidx.fragment.app.FragmentActivity.onStart(FragmentActivity.java:541)
07-10 05:00:51.535  4334  4334 W System.err: 	at androidx.appcompat.app.AppCompatActivity.onStart(AppCompatActivity.java:201)
07-10 05:00:51.535  4334  4334 W System.err: 	at com.example.edgesum.page.main.MainActivity.onStart(MainActivity.java:88)
07-10 05:00:51.535  4334  4334 W System.err: 	at android.app.Instrumentation.callActivityOnStart(Instrumentation.java:1391)
07-10 05:00:51.535  4334  4334 W System.err: 	at android.app.Activity.performStart(Activity.java:7348)
07-10 05:00:51.535  4334  4334 W System.err: 	at android.app.ActivityThread.handleStartActivity(ActivityThread.java:3138)
07-10 05:00:51.535  4334  4334 W System.err: 	at android.app.servertransaction.TransactionExecutor.performLifecycleSequence(TransactionExecutor.java:180)
07-10 05:00:51.535  4334  4334 W System.err: 	at android.app.servertransaction.TransactionExecutor.cycleToPath(TransactionExecutor.java:165)
07-10 05:00:51.535  4334  4334 W System.err: 	at android.app.servertransaction.TransactionExecutor.executeLifecycleState(TransactionExecutor.java:142)
07-10 05:00:51.536  4334  4334 W System.err: 	at android.app.servertransaction.TransactionExecutor.execute(TransactionExecutor.java:70)
07-10 05:00:51.536  4334  4334 W System.err: 	at android.app.ActivityThread$H.handleMessage(ActivityThread.java:1948)
07-10 05:00:51.536  4334  4334 W System.err: 	at android.os.Handler.dispatchMessage(Handler.java:106)
07-10 05:00:51.536  4334  4334 W System.err: 	at android.os.Looper.loop(Looper.java:214)
07-10 05:00:51.536  4334  4334 W System.err: 	at android.app.ActivityThread.main(ActivityThread.java:7050)
07-10 05:00:51.536  4334  4334 W System.err: 	at java.lang.reflect.Method.invoke(Native Method)
07-10 05:00:51.536  4334  4334 W System.err: 	at com.android.internal.os.RuntimeInit$MethodAndArgsCaller.run(RuntimeInit.java:493)
07-10 05:00:51.536  4334  4334 W System.err: 	at com.android.internal.os.ZygoteInit.main(ZygoteInit.java:965)
07-10 05:00:51.738  4334  4334 E TransferService: No notification is passed in the intent. Unable to transition to foreground.
07-10 05:00:51.791  4334  4334 W StaticLayout: maxLineHeight should not be -1.  maxLines:1 lineCount:1
07-10 05:00:51.800  4334  4334 W StaticLayout: maxLineHeight should not be -1.  maxLines:1 lineCount:1
07-10 05:00:51.805  4334  4334 W StaticLayout: maxLineHeight should not be -1.  maxLines:1 lineCount:1
07-10 05:00:51.808  4334  4334 W StaticLayout: maxLineHeight should not be -1.  maxLines:1 lineCount:1
07-10 05:00:51.831  4334  4334 W StaticLayout: maxLineHeight should not be -1.  maxLines:1 lineCount:1
07-10 05:00:51.835  4334  4334 W StaticLayout: maxLineHeight should not be -1.  maxLines:1 lineCount:1
07-10 05:00:51.863  4334  4616 W LogFactory: Truncating log tag length as it exceed 23, the limit imposed by Android on certain API Levels
07-10 05:00:52.211  4334  4571 W libEGL  : EGLNativeWindowType 0x7e27af9010 disconnect failed
07-10 05:00:58.531  4334  4334 W example.edgesu: Accessing hidden method Landroid/view/View;->getTransitionAlpha()F (light greylist, linking)
07-10 05:00:58.532  4334  4334 W example.edgesu: Accessing hidden method Landroid/view/View;->setTransitionAlpha(F)V (light greylist, linking)
07-10 05:00:58.532  4334  4334 W example.edgesu: Accessing hidden method Landroid/view/View;->setAnimationMatrix(Landroid/graphics/Matrix;)V (light greylist, linking)
07-10 05:00:58.532  4334  4334 W example.edgesu: Accessing hidden method Landroid/view/View;->transformMatrixToGlobal(Landroid/graphics/Matrix;)V (light greylist, linking)
07-10 05:00:58.532  4334  4334 W example.edgesu: Accessing hidden method Landroid/view/View;->transformMatrixToLocal(Landroid/graphics/Matrix;)V (light greylist, linking)
07-10 05:00:58.532  4334  4334 W example.edgesu: Accessing hidden method Landroid/view/View;->setLeftTopRightBottom(IIII)V (light greylist, linking)
07-10 05:00:58.532  4334  4334 W example.edgesu: Accessing hidden method Landroid/view/View;->setTransitionVisibility(I)V (dark greylist, linking)
07-10 05:00:58.571  4334  4334 W StaticLayout: maxLineHeight should not be -1.  maxLines:1 lineCount:1
07-10 05:00:58.577  4334  4334 W StaticLayout: maxLineHeight should not be -1.  maxLines:1 lineCount:1
07-10 05:01:01.344  4334  4334 W example.edgesu: Accessing hidden field Landroid/view/View;->mViewFlags:I (light greylist, reflection)
07-10 05:01:01.349  4334  4334 W example.edgesu: Accessing hidden method Landroid/view/ViewGroup;->suppressLayout(Z)V (light greylist, linking)
07-10 05:01:23.075  4334  4334 W LogFactory: Truncating log tag length as it exceed 23, the limit imposed by Android on certain API Levels
07-10 05:01:24.791  4334  4645 W LogFactory: Truncating log tag length as it exceed 23, the limit imposed by Android on certain API Levels
07-10 05:01:25.216  4334  4571 W libEGL  : EGLNativeWindowType 0x7e0edfd010 disconnect failed
07-10 05:01:25.664  4334  4334 W S3Uploader: Uploaded 20200312_150744.mp4 in 02.615s
07-10 05:01:27.654  4334  4571 W libEGL  : EGLNativeWindowType 0x7e0edfd010 disconnect failed
07-10 05:01:29.954  4334  4571 W libEGL  : EGLNativeWindowType 0x7e09f85010 disconnect failed
07-10 05:01:57.937  4334  4656 W LogFactory: Truncating log tag length as it exceed 23, the limit imposed by Android on certain API Levels
07-10 05:01:58.928  4334  4334 W S3Uploader: Uploaded 20200312_150844.mp4 in 31.124s
07-10 05:02:00.943  4334  4571 W libEGL  : EGLNativeWindowType 0x7e09f85010 disconnect failed
07-10 05:02:03.039  4334  4334 W S3Uploader: Uploaded 20200312_150944.mp4 in 01.222s
07-10 05:02:03.048  4334  4571 W libEGL  : EGLNativeWindowType 0x7e07f60010 disconnect failed
07-10 05:02:05.063  4334  4571 W libEGL  : EGLNativeWindowType 0x7e07f60010 disconnect failed
07-10 05:02:06.082  4334  4334 W S3Uploader: Uploaded 20200312_193628.mp4 in 01.125s
07-10 05:02:06.091  4334  4571 W libEGL  : EGLNativeWindowType 0x7e07f60010 disconnect failed
07-10 05:02:08.084  4334  4571 W libEGL  : EGLNativeWindowType 0x7e07f60010 disconnect failed
07-10 05:03:00.864  4334  4571 W libEGL  : EGLNativeWindowType 0x7e0f01d010 disconnect failed
07-10 05:03:29.361  4334  4334 W S3Uploader: Uploaded 20200312_193728.mp4 in 30.608s
07-10 05:03:31.375  4334  4571 W libEGL  : EGLNativeWindowType 0x7e0f01d010 disconnect failed
07-10 05:03:34.119  4334  4334 W S3Uploader: Uploaded 20200312_193828.mp4 in 01.838s
07-10 05:03:34.132  4334  4571 W libEGL  : EGLNativeWindowType 0x7e09f78010 disconnect failed
07-10 05:03:36.135  4334  4571 W libEGL  : EGLNativeWindowType 0x7e09f78010 disconnect failed
07-10 05:03:37.805  4334  4334 W S3Uploader: Uploaded 20200312_194129.mp4 in 01.325s
07-10 05:03:37.815  4334  4571 W libEGL  : EGLNativeWindowType 0x7e07f3c010 disconnect failed
07-10 05:03:39.820  4334  4571 W libEGL  : EGLNativeWindowType 0x7e07f3c010 disconnect failed
07-10 05:03:41.842  4334  4334 W S3Uploader: Uploaded 20200312_194229.mp4 in 01.546s
07-10 05:03:41.851  4334  4571 W libEGL  : EGLNativeWindowType 0x7e07f1f010 disconnect failed
07-10 05:03:43.858  4334  4571 W libEGL  : EGLNativeWindowType 0x7e07f1f010 disconnect failed
07-10 05:03:46.324  4334  4334 W S3Uploader: Uploaded 20200312_194830.mp4 in 02.094s
07-10 05:03:46.333  4334  4571 W libEGL  : EGLNativeWindowType 0x7e0e7b0010 disconnect failed
07-10 05:03:48.328  4334  4571 W libEGL  : EGLNativeWindowType 0x7e0e7b0010 disconnect failed
07-10 05:03:50.493  4334  4571 W libEGL  : EGLNativeWindowType 0x7e0ed53010 disconnect failed
07-10 05:03:50.668  4334  4334 W S3Uploader: Uploaded 20200312_194930.mp4 in 02.287s
07-10 05:03:52.673  4334  4571 W libEGL  : EGLNativeWindowType 0x7e0ed53010 disconnect failed
07-10 05:03:53.835  4334  4334 W S3Uploader: Uploaded 20200312_195230.mp4 in 01.118s
07-10 05:03:53.843  4334  4571 W libEGL  : EGLNativeWindowType 0x7e213c0010 disconnect failed
07-10 05:03:55.897  4334  4571 W libEGL  : EGLNativeWindowType 0x7e213c0010 disconnect failed
07-10 05:03:57.908  4334  4571 W libEGL  : EGLNativeWindowType 0x7e213c0010 disconnect failed
07-10 05:03:58.006  4334  4334 W S3Uploader: Uploaded 20200312_195330.mp4 in 02.213s
07-10 05:03:59.849  4334  4571 W libEGL  : EGLNativeWindowType 0x7e213c0010 disconnect failed
07-10 05:04:01.568  4334  4334 W S3Uploader: Uploaded 20200312_195430.mp4 in 01.806s
07-10 05:04:01.576  4334  4571 W libEGL  : EGLNativeWindowType 0x7e213c0010 disconnect failed
07-10 05:04:03.586  4334  4571 W libEGL  : EGLNativeWindowType 0x7e213c0010 disconnect failed
