--------- beginning of main
--------- beginning of system
07-04 22:59:01.103  4269  4269 W LogFactory: Truncating log tag length as it exceed 23, the limit imposed by Android on certain API Levels
07-04 22:59:12.312  4269  4269 E TransferService: No notification is passed in the intent. Unable to transition to foreground.
07-04 22:59:12.466  4269  4269 W StaticLayout: maxLineHeight should not be -1.  maxLines:1 lineCount:1
07-04 22:59:12.498  4269  4269 W StaticLayout: maxLineHeight should not be -1.  maxLines:1 lineCount:1
07-04 22:59:12.546  4269  4328 W Adreno-EGL: <qeglDrvAPI_eglGetConfigAttrib:607>: EGL_BAD_ATTRIBUTE
07-04 22:59:12.548  4269  4328 W Adreno-EGL: <qeglDrvAPI_eglGetConfigAttrib:607>: EGL_BAD_ATTRIBUTE
07-04 22:59:12.560  4269  4269 W StaticLayout: maxLineHeight should not be -1.  maxLines:1 lineCount:1
07-04 22:59:12.570  4269  4269 W StaticLayout: maxLineHeight should not be -1.  maxLines:1 lineCount:1
07-04 22:59:41.107  4269  4328 W Adreno-EGL: <qeglDrvAPI_eglGetConfigAttrib:607>: EGL_BAD_ATTRIBUTE
07-04 22:59:47.222  4269  4328 W Adreno-EGL: <qeglDrvAPI_eglGetConfigAttrib:607>: EGL_BAD_ATTRIBUTE
07-04 23:02:32.794  4269  4269 W NearbyFragment: Completed downloading 20200312_151044!001.mp4 from Endpoint{id=hgvm, name=Nexus 5X [34d8]} in 08.062s
07-04 23:02:33.067  4269  4668 W mobile-ffmpeg: [graph 0 input from stream 0:0 @ 0x979b8fe0] sws_param option is deprecated and ignored
07-04 23:02:38.828  4269  4667 W Summariser: No activity detected
07-04 23:02:38.927  4269  4667 W Summariser: Summarisation completed
07-04 23:02:38.927  4269  4667 W Summariser:   filename: 20200312_151044!001.mp4
07-04 23:02:38.927  4269  4667 W Summariser:   active sections: 0
07-04 23:02:38.927  4269  4667 W Summariser:   time: 05.949s
07-04 23:02:38.927  4269  4667 W Summariser:   original duration: 16.02
07-04 23:02:38.927  4269  4667 W Summariser:   summarised duration: -1.00
07-04 23:02:38.927  4269  4667 W Summariser:   noise tolerance: 45.00
07-04 23:02:38.927  4269  4667 W Summariser:   quality: 23
07-04 23:02:38.927  4269  4667 W Summariser:   speed: medium
07-04 23:02:38.927  4269  4667 W Summariser:   freeze duration: 1.00
07-04 23:04:32.388  4269  4269 W NearbyFragment: Completed downloading 20200312_193828!001.mp4 from Endpoint{id=hgvm, name=Nexus 5X [34d8]} in 04.866s
07-04 23:04:32.901  4269  4668 W mobile-ffmpeg: [graph 0 input from stream 0:0 @ 0x96011320] sws_param option is deprecated and ignored
07-04 23:04:38.768  4269  4727 W Summariser: No activity detected
07-04 23:04:38.853  4269  4727 W Summariser: Summarisation completed
07-04 23:04:38.853  4269  4727 W Summariser:   filename: 20200312_193828!001.mp4
07-04 23:04:38.853  4269  4727 W Summariser:   active sections: 0
07-04 23:04:38.853  4269  4727 W Summariser:   time: 06.297s
07-04 23:04:38.853  4269  4727 W Summariser:   original duration: 16.01
07-04 23:04:38.853  4269  4727 W Summariser:   summarised duration: -1.00
07-04 23:04:38.853  4269  4727 W Summariser:   noise tolerance: 45.00
07-04 23:04:38.853  4269  4727 W Summariser:   quality: 23
07-04 23:04:38.853  4269  4727 W Summariser:   speed: medium
07-04 23:04:38.853  4269  4727 W Summariser:   freeze duration: 1.00
07-04 23:04:42.844  4269  4269 W NearbyFragment: Completed downloading 20200312_193928!000.mp4 from Endpoint{id=hgvm, name=Nexus 5X [34d8]} in 03.920s
07-04 23:04:43.084  4269  4668 W mobile-ffmpeg: [graph 0 input from stream 0:0 @ 0x96016660] sws_param option is deprecated and ignored
07-04 23:04:49.611  4269  4746 W Summariser: No activity detected
07-04 23:04:49.676  4269  4746 W Summariser: Summarisation completed
07-04 23:04:49.676  4269  4746 W Summariser:   filename: 20200312_193928!000.mp4
07-04 23:04:49.676  4269  4746 W Summariser:   active sections: 0
07-04 23:04:49.676  4269  4746 W Summariser:   time: 06.627s
07-04 23:04:49.676  4269  4746 W Summariser:   original duration: 16.90
07-04 23:04:49.676  4269  4746 W Summariser:   summarised duration: -1.00
07-04 23:04:49.676  4269  4746 W Summariser:   noise tolerance: 45.00
07-04 23:04:49.676  4269  4746 W Summariser:   quality: 23
07-04 23:04:49.676  4269  4746 W Summariser:   speed: medium
07-04 23:04:49.676  4269  4746 W Summariser:   freeze duration: 1.00
07-04 23:04:52.475  4269  4269 W NearbyFragment: Completed downloading 20200312_193928!003.mp4 from Endpoint{id=hgvm, name=Nexus 5X [34d8]} in 02.732s
07-04 23:04:52.677  4269  4668 W mobile-ffmpeg: [graph 0 input from stream 0:0 @ 0x960189a0] sws_param option is deprecated and ignored
07-04 23:04:56.994  4269  4775 W Summariser: No activity detected
07-04 23:04:57.071  4269  4775 W Summariser: Summarisation completed
07-04 23:04:57.071  4269  4775 W Summariser:   filename: 20200312_193928!003.mp4
07-04 23:04:57.071  4269  4775 W Summariser:   active sections: 0
07-04 23:04:57.071  4269  4775 W Summariser:   time: 04.442s
07-04 23:04:57.071  4269  4775 W Summariser:   original duration: 12.01
07-04 23:04:57.071  4269  4775 W Summariser:   summarised duration: -1.00
07-04 23:04:57.071  4269  4775 W Summariser:   noise tolerance: 45.00
07-04 23:04:57.071  4269  4775 W Summariser:   quality: 23
07-04 23:04:57.071  4269  4775 W Summariser:   speed: medium
07-04 23:04:57.071  4269  4775 W Summariser:   freeze duration: 1.00
07-04 23:05:25.386  4269  4269 W NearbyFragment: Completed downloading 20200312_194129!003.mp4 from Endpoint{id=hgvm, name=Nexus 5X [34d8]} in 02.664s
07-04 23:05:25.531  4269  4668 W mobile-ffmpeg: [graph 0 input from stream 0:0 @ 0x98da9d40] sws_param option is deprecated and ignored
07-04 23:05:30.023  4269  4813 W Summariser: 1 active sections found
07-04 23:05:30.155  4269  4668 W mobile-ffmpeg: [graph 0 input from stream 0:0 @ 0x91ebef60] sws_param option is deprecated and ignored
07-04 23:05:32.688  4269  4813 W Summariser: Summarisation completed
07-04 23:05:32.688  4269  4813 W Summariser:   filename: 20200312_194129!003.mp4
07-04 23:05:32.688  4269  4813 W Summariser:   active sections: 1
07-04 23:05:32.688  4269  4813 W Summariser:   time: 07.150s
07-04 23:05:32.688  4269  4813 W Summariser:   original duration: 12.03
07-04 23:05:32.688  4269  4813 W Summariser:   summarised duration: 0.70
07-04 23:05:32.688  4269  4813 W Summariser:   noise tolerance: 45.00
07-04 23:05:32.688  4269  4813 W Summariser:   quality: 23
07-04 23:05:32.688  4269  4813 W Summariser:   speed: medium
07-04 23:05:32.688  4269  4813 W Summariser:   freeze duration: 1.00
07-04 23:05:32.764  4269  4813 W NearbyFragment: Sending 20200312_194129!003.mp4 to Nexus 5X [34d8]
07-04 23:05:36.546  4269  4269 W NearbyFragment: Completed downloading 20200312_194229!001.mp4 from Endpoint{id=hgvm, name=Nexus 5X [34d8]} in 03.700s
07-04 23:05:36.872  4269  4668 W mobile-ffmpeg: [graph 0 input from stream 0:0 @ 0x91ebf080] sws_param option is deprecated and ignored
07-04 23:05:42.951  4269  4895 W Summariser: 2 active sections found
07-04 23:05:43.061  4269  4668 W mobile-ffmpeg: [graph 0 input from stream 0:0 @ 0x98da84e0] sws_param option is deprecated and ignored
07-04 23:05:43.062  4269  4668 W mobile-ffmpeg: [graph 0 input from stream 0:0 @ 0x98da8660] sws_param option is deprecated and ignored
07-04 23:06:04.035  4269  4895 W Summariser: Summarisation completed
07-04 23:06:04.035  4269  4895 W Summariser:   filename: 20200312_194229!001.mp4
07-04 23:06:04.035  4269  4895 W Summariser:   active sections: 2
07-04 23:06:04.035  4269  4895 W Summariser:   time: 27.152s
07-04 23:06:04.035  4269  4895 W Summariser:   original duration: 16.01
07-04 23:06:04.035  4269  4895 W Summariser:   summarised duration: 8.74
07-04 23:06:04.035  4269  4895 W Summariser:   noise tolerance: 45.00
07-04 23:06:04.035  4269  4895 W Summariser:   quality: 23
07-04 23:06:04.035  4269  4895 W Summariser:   speed: medium
07-04 23:06:04.035  4269  4895 W Summariser:   freeze duration: 1.00
07-04 23:06:04.078  4269  4895 W NearbyFragment: Sending 20200312_194229!001.mp4 to Nexus 5X [34d8]
07-04 23:06:59.582  4269  4269 W NearbyFragment: Completed downloading 20200312_194830!002.mp4 from Endpoint{id=hgvm, name=Nexus 5X [34d8]} in 03.702s
07-04 23:06:59.860  4269  4668 W mobile-ffmpeg: [graph 0 input from stream 0:0 @ 0x98da85a0] sws_param option is deprecated and ignored
07-04 23:07:05.800  4269  4984 W Summariser: 2 active sections found
07-04 23:07:05.953  4269  4668 W mobile-ffmpeg: [graph 0 input from stream 0:0 @ 0x98daaac0] sws_param option is deprecated and ignored
07-04 23:07:05.953  4269  4668 W mobile-ffmpeg: [graph 0 input from stream 0:0 @ 0x98daabe0] sws_param option is deprecated and ignored
07-04 23:07:29.839  4269  4984 W Summariser: Summarisation completed
07-04 23:07:29.839  4269  4984 W Summariser:   filename: 20200312_194830!002.mp4
07-04 23:07:29.839  4269  4984 W Summariser:   active sections: 2
07-04 23:07:29.839  4269  4984 W Summariser:   time: 29.986s
07-04 23:07:29.839  4269  4984 W Summariser:   original duration: 16.01
07-04 23:07:29.839  4269  4984 W Summariser:   summarised duration: 8.84
07-04 23:07:29.839  4269  4984 W Summariser:   noise tolerance: 45.00
07-04 23:07:29.839  4269  4984 W Summariser:   quality: 23
07-04 23:07:29.839  4269  4984 W Summariser:   speed: medium
07-04 23:07:29.839  4269  4984 W Summariser:   freeze duration: 1.00
07-04 23:07:29.910  4269  4984 W NearbyFragment: Sending 20200312_194830!002.mp4 to Nexus 5X [34d8]
07-04 23:07:34.921  4269  4269 W NearbyFragment: Completed downloading 20200312_195230!000.mp4 from Endpoint{id=hgvm, name=Nexus 5X [34d8]} in 04.831s
07-04 23:07:35.192  4269  4668 W mobile-ffmpeg: [graph 0 input from stream 0:0 @ 0x98daa940] sws_param option is deprecated and ignored
07-04 23:07:42.883  4269  5077 W Summariser: No activity detected
07-04 23:07:42.955  4269  5077 W Summariser: Summarisation completed
07-04 23:07:42.955  4269  5077 W Summariser:   filename: 20200312_195230!000.mp4
07-04 23:07:42.955  4269  5077 W Summariser:   active sections: 0
07-04 23:07:42.955  4269  5077 W Summariser:   time: 07.885s
07-04 23:07:42.955  4269  5077 W Summariser:   original duration: 16.07
07-04 23:07:42.955  4269  5077 W Summariser:   summarised duration: -1.00
07-04 23:07:42.955  4269  5077 W Summariser:   noise tolerance: 45.00
07-04 23:07:42.955  4269  5077 W Summariser:   quality: 23
07-04 23:07:42.955  4269  5077 W Summariser:   speed: medium
07-04 23:07:42.955  4269  5077 W Summariser:   freeze duration: 1.00
07-04 23:07:50.674  4269  4269 W NearbyFragment: Completed downloading 20200312_195230!001.mp4 from Endpoint{id=hgvm, name=Nexus 5X [34d8]} in 07.668s
07-04 23:07:50.884  4269  4668 W mobile-ffmpeg: [graph 0 input from stream 0:0 @ 0x91ebe3c0] sws_param option is deprecated and ignored
07-04 23:07:58.950  4269  5126 W Summariser: 1 active sections found
07-04 23:07:59.129  4269  4668 W mobile-ffmpeg: [graph 0 input from stream 0:0 @ 0x92efb8c0] sws_param option is deprecated and ignored
07-04 23:08:23.698  4269  5126 W Summariser: Summarisation completed
07-04 23:08:23.698  4269  5126 W Summariser:   filename: 20200312_195230!001.mp4
07-04 23:08:23.698  4269  5126 W Summariser:   active sections: 1
07-04 23:08:23.698  4269  5126 W Summariser:   time: 32.800s
07-04 23:08:23.698  4269  5126 W Summariser:   original duration: 16.01
07-04 23:08:23.698  4269  5126 W Summariser:   summarised duration: 6.97
07-04 23:08:23.698  4269  5126 W Summariser:   noise tolerance: 45.00
07-04 23:08:23.698  4269  5126 W Summariser:   quality: 23
07-04 23:08:23.698  4269  5126 W Summariser:   speed: medium
07-04 23:08:23.698  4269  5126 W Summariser:   freeze duration: 1.00
07-04 23:08:23.767  4269  5126 W NearbyFragment: Sending 20200312_195230!001.mp4 to Nexus 5X [34d8]
07-04 23:08:27.774  4269  4269 W NearbyFragment: Completed downloading 20200312_195430!000.mp4 from Endpoint{id=hgvm, name=Nexus 5X [34d8]} in 03.929s
07-04 23:08:28.216  4269  4668 W mobile-ffmpeg: [graph 0 input from stream 0:0 @ 0x92efb860] sws_param option is deprecated and ignored
07-04 23:08:35.852  4269  5242 W Summariser: 1 active sections found
07-04 23:08:36.006  4269  4668 W mobile-ffmpeg: [graph 0 input from stream 0:0 @ 0x92e7aae0] sws_param option is deprecated and ignored
07-04 23:08:53.112  4269  5242 W Summariser: Summarisation completed
07-04 23:08:53.112  4269  5242 W Summariser:   filename: 20200312_195430!000.mp4
07-04 23:08:53.112  4269  5242 W Summariser:   active sections: 1
07-04 23:08:53.112  4269  5242 W Summariser:   time: 24.930s
07-04 23:08:53.112  4269  5242 W Summariser:   original duration: 16.06
07-04 23:08:53.112  4269  5242 W Summariser:   summarised duration: 5.34
07-04 23:08:53.112  4269  5242 W Summariser:   noise tolerance: 45.00
07-04 23:08:53.112  4269  5242 W Summariser:   quality: 23
07-04 23:08:53.112  4269  5242 W Summariser:   speed: medium
07-04 23:08:53.112  4269  5242 W Summariser:   freeze duration: 1.00
07-04 23:08:53.161  4269  5242 W NearbyFragment: Sending 20200312_195430!000.mp4 to Nexus 5X [34d8]
