--------- beginning of main
--------- beginning of system
06-29 19:01:36.547  4982  4982 W LogFactory: Truncating log tag length as it exceed 23, the limit imposed by Android on certain API Levels
06-29 19:01:55.654  4982  4982 E TransferService: No notification is passed in the intent. Unable to transition to foreground.
06-29 19:01:55.801  4982  4982 W StaticLayout: maxLineHeight should not be -1.  maxLines:1 lineCount:1
06-29 19:01:55.839  4982  4982 W StaticLayout: maxLineHeight should not be -1.  maxLines:1 lineCount:1
06-29 19:01:55.893  4982  5025 W Adreno-EGL: <qeglDrvAPI_eglGetConfigAttrib:607>: EGL_BAD_ATTRIBUTE
06-29 19:01:55.896  4982  5025 W Adreno-EGL: <qeglDrvAPI_eglGetConfigAttrib:607>: EGL_BAD_ATTRIBUTE
06-29 19:01:55.902  4982  4982 W StaticLayout: maxLineHeight should not be -1.  maxLines:1 lineCount:1
06-29 19:01:55.913  4982  4982 W StaticLayout: maxLineHeight should not be -1.  maxLines:1 lineCount:1
06-29 19:05:10.149  4982  5025 W Adreno-EGL: <qeglDrvAPI_eglGetConfigAttrib:607>: EGL_BAD_ATTRIBUTE
06-29 19:05:15.812  4982  5025 W Adreno-EGL: <qeglDrvAPI_eglGetConfigAttrib:607>: EGL_BAD_ATTRIBUTE
06-29 19:06:23.883  4982  4982 W NearbyFragment: Completed downloading 20200312_150643!001.mp4 from Endpoint{id=rc9L, name=Nexus 5X [34d8]} in 05.072s
06-29 19:06:29.102  4982  5378 W Summariser: No activity detected
06-29 19:06:29.221  4982  5378 W Summariser: Summarisation completed
06-29 19:06:29.221  4982  5378 W Summariser:   filename: 20200312_150643!001.mp4
06-29 19:06:29.221  4982  5378 W Summariser:   active sections: 0
06-29 19:06:29.221  4982  5378 W Summariser:   time: 05.174s
06-29 19:06:29.221  4982  5378 W Summariser:   original duration: 16.01
06-29 19:06:29.221  4982  5378 W Summariser:   summarised duration: -1.00
06-29 19:06:29.221  4982  5378 W Summariser:   noise tolerance: 45.00
06-29 19:06:29.221  4982  5378 W Summariser:   quality: 23
06-29 19:06:29.221  4982  5378 W Summariser:   speed: medium
06-29 19:06:29.221  4982  5378 W Summariser:   freeze duration: 1.00
06-29 19:07:02.248  4982  4982 W NearbyFragment: Completed downloading 20200312_150744!001.mp4 from Endpoint{id=rc9L, name=Nexus 5X [34d8]} in 04.058s
06-29 19:07:07.396  4982  5441 W Summariser: No activity detected
06-29 19:07:07.500  4982  5441 W Summariser: Summarisation completed
06-29 19:07:07.500  4982  5441 W Summariser:   filename: 20200312_150744!001.mp4
06-29 19:07:07.500  4982  5441 W Summariser:   active sections: 0
06-29 19:07:07.500  4982  5441 W Summariser:   time: 05.112s
06-29 19:07:07.500  4982  5441 W Summariser:   original duration: 16.02
06-29 19:07:07.500  4982  5441 W Summariser:   summarised duration: -1.00
06-29 19:07:07.500  4982  5441 W Summariser:   noise tolerance: 45.00
06-29 19:07:07.500  4982  5441 W Summariser:   quality: 23
06-29 19:07:07.500  4982  5441 W Summariser:   speed: medium
06-29 19:07:07.500  4982  5441 W Summariser:   freeze duration: 1.00
06-29 19:07:31.347  4982  4982 W NearbyFragment: Completed downloading 20200312_150844!001.mp4 from Endpoint{id=rc9L, name=Nexus 5X [34d8]} in 04.279s
06-29 19:07:37.237  4982  5507 W Summariser: Whole video is active
06-29 19:07:38.676  4982  5507 W Summariser: Summarisation completed
06-29 19:07:38.676  4982  5507 W Summariser:   filename: 20200312_150844!001.mp4
06-29 19:07:38.676  4982  5507 W Summariser:   active sections: -1
06-29 19:07:38.676  4982  5507 W Summariser:   time: 07.100s
06-29 19:07:38.676  4982  5507 W Summariser:   original duration: 16.01
06-29 19:07:38.676  4982  5507 W Summariser:   summarised duration: 16.01
06-29 19:07:38.676  4982  5507 W Summariser:   noise tolerance: 45.00
06-29 19:07:38.676  4982  5507 W Summariser:   quality: 23
06-29 19:07:38.676  4982  5507 W Summariser:   speed: medium
06-29 19:07:38.676  4982  5507 W Summariser:   freeze duration: 1.00
06-29 19:07:38.694  4982  5507 W NearbyFragment: Sending 20200312_150844!001.mp4 to Nexus 5X [34d8]
06-29 19:08:13.790  4982  4982 W NearbyFragment: Completed downloading 20200312_150944!002.mp4 from Endpoint{id=rc9L, name=Nexus 5X [34d8]} in 03.713s
06-29 19:08:17.106  4982  4982 W NearbyFragment: Completed downloading 20200312_150944!003.mp4 from Endpoint{id=rc9L, name=Nexus 5X [34d8]} in 03.246s
06-29 19:08:20.211  4982  5596 W Summariser: No activity detected
06-29 19:08:20.310  4982  5596 W Summariser: Summarisation completed
06-29 19:08:20.310  4982  5596 W Summariser:   filename: 20200312_150944!002.mp4
06-29 19:08:20.310  4982  5596 W Summariser:   active sections: 0
06-29 19:08:20.310  4982  5596 W Summariser:   time: 06.355s
06-29 19:08:20.310  4982  5596 W Summariser:   original duration: 16.01
06-29 19:08:20.310  4982  5596 W Summariser:   summarised duration: -1.00
06-29 19:08:20.310  4982  5596 W Summariser:   noise tolerance: 45.00
06-29 19:08:20.310  4982  5596 W Summariser:   quality: 23
06-29 19:08:20.310  4982  5596 W Summariser:   speed: medium
06-29 19:08:20.310  4982  5596 W Summariser:   freeze duration: 1.00
06-29 19:08:24.179  4982  5596 W Summariser: No activity detected
06-29 19:08:24.259  4982  5596 W Summariser: Summarisation completed
06-29 19:08:24.259  4982  5596 W Summariser:   filename: 20200312_150944!003.mp4
06-29 19:08:24.259  4982  5596 W Summariser:   active sections: 0
06-29 19:08:24.259  4982  5596 W Summariser:   time: 03.849s
06-29 19:08:24.259  4982  5596 W Summariser:   original duration: 12.01
06-29 19:08:24.259  4982  5596 W Summariser:   summarised duration: -1.00
06-29 19:08:24.259  4982  5596 W Summariser:   noise tolerance: 45.00
06-29 19:08:24.259  4982  5596 W Summariser:   quality: 23
06-29 19:08:24.259  4982  5596 W Summariser:   speed: medium
06-29 19:08:24.259  4982  5596 W Summariser:   freeze duration: 1.00
06-29 19:08:47.031  4982  4982 W NearbyFragment: Completed downloading 20200312_151044!002.mp4 from Endpoint{id=rc9L, name=Nexus 5X [34d8]} in 04.029s
06-29 19:08:50.366  4982  4982 W NearbyFragment: Completed downloading 20200312_151044!003.mp4 from Endpoint{id=rc9L, name=Nexus 5X [34d8]} in 06.943s
06-29 19:08:52.460  4982  5683 W Summariser: No activity detected
06-29 19:08:52.595  4982  5683 W Summariser: Summarisation completed
06-29 19:08:52.595  4982  5683 W Summariser:   filename: 20200312_151044!002.mp4
06-29 19:08:52.595  4982  5683 W Summariser:   active sections: 0
06-29 19:08:52.595  4982  5683 W Summariser:   time: 05.376s
06-29 19:08:52.595  4982  5683 W Summariser:   original duration: 16.01
06-29 19:08:52.595  4982  5683 W Summariser:   summarised duration: -1.00
06-29 19:08:52.595  4982  5683 W Summariser:   noise tolerance: 45.00
06-29 19:08:52.595  4982  5683 W Summariser:   quality: 23
06-29 19:08:52.595  4982  5683 W Summariser:   speed: medium
06-29 19:08:52.595  4982  5683 W Summariser:   freeze duration: 1.00
06-29 19:08:57.066  4982  5683 W Summariser: No activity detected
06-29 19:08:57.145  4982  5683 W Summariser: Summarisation completed
06-29 19:08:57.145  4982  5683 W Summariser:   filename: 20200312_151044!003.mp4
06-29 19:08:57.145  4982  5683 W Summariser:   active sections: 0
06-29 19:08:57.145  4982  5683 W Summariser:   time: 04.444s
06-29 19:08:57.145  4982  5683 W Summariser:   original duration: 12.03
06-29 19:08:57.145  4982  5683 W Summariser:   summarised duration: -1.00
06-29 19:08:57.145  4982  5683 W Summariser:   noise tolerance: 45.00
06-29 19:08:57.145  4982  5683 W Summariser:   quality: 23
06-29 19:08:57.145  4982  5683 W Summariser:   speed: medium
06-29 19:08:57.145  4982  5683 W Summariser:   freeze duration: 1.00
06-29 19:09:24.860  4982  4982 W NearbyFragment: Completed downloading 20200312_193528!002.mp4 from Endpoint{id=rc9L, name=Nexus 5X [34d8]} in 04.743s
06-29 19:09:27.946  4982  4982 W NearbyFragment: Completed downloading 20200312_193528!003.mp4 from Endpoint{id=rc9L, name=Nexus 5X [34d8]} in 06.428s
06-29 19:09:30.438  4982  5777 W Summariser: No activity detected
06-29 19:09:30.505  4982  5777 W Summariser: Summarisation completed
06-29 19:09:30.505  4982  5777 W Summariser:   filename: 20200312_193528!002.mp4
06-29 19:09:30.505  4982  5777 W Summariser:   active sections: 0
06-29 19:09:30.505  4982  5777 W Summariser:   time: 05.525s
06-29 19:09:30.505  4982  5777 W Summariser:   original duration: 16.06
06-29 19:09:30.505  4982  5777 W Summariser:   summarised duration: -1.00
06-29 19:09:30.505  4982  5777 W Summariser:   noise tolerance: 45.00
06-29 19:09:30.505  4982  5777 W Summariser:   quality: 23
06-29 19:09:30.505  4982  5777 W Summariser:   speed: medium
06-29 19:09:30.505  4982  5777 W Summariser:   freeze duration: 1.00
06-29 19:09:34.462  4982  5777 W Summariser: No activity detected
06-29 19:09:34.567  4982  5777 W Summariser: Summarisation completed
06-29 19:09:34.567  4982  5777 W Summariser:   filename: 20200312_193528!003.mp4
06-29 19:09:34.567  4982  5777 W Summariser:   active sections: 0
06-29 19:09:34.567  4982  5777 W Summariser:   time: 03.940s
06-29 19:09:34.567  4982  5777 W Summariser:   original duration: 12.01
06-29 19:09:34.567  4982  5777 W Summariser:   summarised duration: -1.00
06-29 19:09:34.567  4982  5777 W Summariser:   noise tolerance: 45.00
06-29 19:09:34.567  4982  5777 W Summariser:   quality: 23
06-29 19:09:34.567  4982  5777 W Summariser:   speed: medium
06-29 19:09:34.567  4982  5777 W Summariser:   freeze duration: 1.00
06-29 19:09:56.608  4982  4982 W NearbyFragment: Completed downloading 20200312_193628!002.mp4 from Endpoint{id=rc9L, name=Nexus 5X [34d8]} in 03.415s
06-29 19:09:59.586  4982  4982 W NearbyFragment: Completed downloading 20200312_193628!003.mp4 from Endpoint{id=rc9L, name=Nexus 5X [34d8]} in 05.784s
06-29 19:10:02.780  4982  5874 W Summariser: No activity detected
06-29 19:10:02.872  4982  5874 W Summariser: Summarisation completed
06-29 19:10:02.872  4982  5874 W Summariser:   filename: 20200312_193628!002.mp4
06-29 19:10:02.872  4982  5874 W Summariser:   active sections: 0
06-29 19:10:02.872  4982  5874 W Summariser:   time: 06.131s
06-29 19:10:02.872  4982  5874 W Summariser:   original duration: 16.02
06-29 19:10:02.872  4982  5874 W Summariser:   summarised duration: -1.00
06-29 19:10:02.872  4982  5874 W Summariser:   noise tolerance: 45.00
06-29 19:10:02.872  4982  5874 W Summariser:   quality: 23
06-29 19:10:02.872  4982  5874 W Summariser:   speed: medium
06-29 19:10:02.872  4982  5874 W Summariser:   freeze duration: 1.00
06-29 19:10:07.113  4982  5874 W Summariser: 1 active sections found
06-29 19:10:29.162  4982  5874 W Summariser: Summarisation completed
06-29 19:10:29.162  4982  5874 W Summariser:   filename: 20200312_193628!003.mp4
06-29 19:10:29.162  4982  5874 W Summariser:   active sections: 1
06-29 19:10:29.162  4982  5874 W Summariser:   time: 26.109s
06-29 19:10:29.162  4982  5874 W Summariser:   original duration: 12.03
06-29 19:10:29.162  4982  5874 W Summariser:   summarised duration: 6.16
06-29 19:10:29.162  4982  5874 W Summariser:   noise tolerance: 45.00
06-29 19:10:29.162  4982  5874 W Summariser:   quality: 23
06-29 19:10:29.162  4982  5874 W Summariser:   speed: medium
06-29 19:10:29.162  4982  5874 W Summariser:   freeze duration: 1.00
06-29 19:10:29.203  4982  5874 W NearbyFragment: Sending 20200312_193628!003.mp4 to Nexus 5X [34d8]
06-29 19:10:32.239  4982  4982 W NearbyFragment: Completed downloading 20200312_193728!002.mp4 from Endpoint{id=rc9L, name=Nexus 5X [34d8]} in 06.161s
06-29 19:10:38.844  4982  5979 W Summariser: Whole video is active
06-29 19:10:40.473  4982  5979 W Summariser: Summarisation completed
06-29 19:10:40.473  4982  5979 W Summariser:   filename: 20200312_193728!002.mp4
06-29 19:10:40.473  4982  5979 W Summariser:   active sections: -1
06-29 19:10:40.473  4982  5979 W Summariser:   time: 07.935s
06-29 19:10:40.473  4982  5979 W Summariser:   original duration: 16.01
06-29 19:10:40.473  4982  5979 W Summariser:   summarised duration: 16.01
06-29 19:10:40.473  4982  5979 W Summariser:   noise tolerance: 45.00
06-29 19:10:40.473  4982  5979 W Summariser:   quality: 23
06-29 19:10:40.473  4982  5979 W Summariser:   speed: medium
06-29 19:10:40.473  4982  5979 W Summariser:   freeze duration: 1.00
06-29 19:10:40.508  4982  5979 W NearbyFragment: Sending 20200312_193728!002.mp4 to Nexus 5X [34d8]
06-29 19:11:10.994  4982  4982 W NearbyFragment: Completed downloading 20200312_193828!001.mp4 from Endpoint{id=rc9L, name=Nexus 5X [34d8]} in 06.838s
06-29 19:11:17.192  4982  4982 W NearbyFragment: Completed downloading 20200312_193828!003.mp4 from Endpoint{id=rc9L, name=Nexus 5X [34d8]} in 02.680s
06-29 19:11:18.190  4982  6041 W Summariser: No activity detected
06-29 19:11:18.279  4982  6041 W Summariser: Summarisation completed
06-29 19:11:18.279  4982  6041 W Summariser:   filename: 20200312_193828!001.mp4
06-29 19:11:18.279  4982  6041 W Summariser:   active sections: 0
06-29 19:11:18.279  4982  6041 W Summariser:   time: 07.160s
06-29 19:11:18.279  4982  6041 W Summariser:   original duration: 16.01
06-29 19:11:18.279  4982  6041 W Summariser:   summarised duration: -1.00
06-29 19:11:18.279  4982  6041 W Summariser:   noise tolerance: 45.00
06-29 19:11:18.279  4982  6041 W Summariser:   quality: 23
06-29 19:11:18.279  4982  6041 W Summariser:   speed: medium
06-29 19:11:18.279  4982  6041 W Summariser:   freeze duration: 1.00
06-29 19:11:22.406  4982  6041 W Summariser: No activity detected
06-29 19:11:22.485  4982  6041 W Summariser: Summarisation completed
06-29 19:11:22.485  4982  6041 W Summariser:   filename: 20200312_193828!003.mp4
06-29 19:11:22.485  4982  6041 W Summariser:   active sections: 0
06-29 19:11:22.485  4982  6041 W Summariser:   time: 04.117s
06-29 19:11:22.485  4982  6041 W Summariser:   original duration: 12.01
06-29 19:11:22.485  4982  6041 W Summariser:   summarised duration: -1.00
06-29 19:11:22.485  4982  6041 W Summariser:   noise tolerance: 45.00
06-29 19:11:22.485  4982  6041 W Summariser:   quality: 23
06-29 19:11:22.485  4982  6041 W Summariser:   speed: medium
06-29 19:11:22.485  4982  6041 W Summariser:   freeze duration: 1.00
06-29 19:11:36.683  4982  4982 W NearbyFragment: Completed downloading 20200312_193928!000.mp4 from Endpoint{id=rc9L, name=Nexus 5X [34d8]} in 02.958s
06-29 19:11:43.113  4982  6118 W Summariser: No activity detected
06-29 19:11:43.255  4982  6118 W Summariser: Summarisation completed
06-29 19:11:43.255  4982  6118 W Summariser:   filename: 20200312_193928!000.mp4
06-29 19:11:43.255  4982  6118 W Summariser:   active sections: 0
06-29 19:11:43.255  4982  6118 W Summariser:   time: 06.382s
06-29 19:11:43.255  4982  6118 W Summariser:   original duration: 16.90
06-29 19:11:43.255  4982  6118 W Summariser:   summarised duration: -1.00
06-29 19:11:43.255  4982  6118 W Summariser:   noise tolerance: 45.00
06-29 19:11:43.255  4982  6118 W Summariser:   quality: 23
06-29 19:11:43.255  4982  6118 W Summariser:   speed: medium
06-29 19:11:43.255  4982  6118 W Summariser:   freeze duration: 1.00
06-29 19:11:44.354  4982  4982 W NearbyFragment: Completed downloading 20200312_193928!003.mp4 from Endpoint{id=rc9L, name=Nexus 5X [34d8]} in 02.401s
06-29 19:11:49.301  4982  6140 W Summariser: No activity detected
06-29 19:11:49.422  4982  6140 W Summariser: Summarisation completed
06-29 19:11:49.422  4982  6140 W Summariser:   filename: 20200312_193928!003.mp4
06-29 19:11:49.422  4982  6140 W Summariser:   active sections: 0
06-29 19:11:49.422  4982  6140 W Summariser:   time: 04.903s
06-29 19:11:49.422  4982  6140 W Summariser:   original duration: 12.01
06-29 19:11:49.422  4982  6140 W Summariser:   summarised duration: -1.00
06-29 19:11:49.422  4982  6140 W Summariser:   noise tolerance: 45.00
06-29 19:11:49.422  4982  6140 W Summariser:   quality: 23
06-29 19:11:49.422  4982  6140 W Summariser:   speed: medium
06-29 19:11:49.422  4982  6140 W Summariser:   freeze duration: 1.00
06-29 19:12:12.271  4982  4982 W NearbyFragment: Completed downloading 20200312_194129!001.mp4 from Endpoint{id=rc9L, name=Nexus 5X [34d8]} in 06.266s
06-29 19:12:16.644  4982  4982 W NearbyFragment: Completed downloading 20200312_194129!003.mp4 from Endpoint{id=rc9L, name=Nexus 5X [34d8]} in 04.289s
06-29 19:12:19.842  4982  6314 W Summariser: 1 active sections found
06-29 19:12:33.163  4982  6314 W Summariser: Summarisation completed
06-29 19:12:33.163  4982  6314 W Summariser:   filename: 20200312_194129!001.mp4
06-29 19:12:33.163  4982  6314 W Summariser:   active sections: 1
06-29 19:12:33.163  4982  6314 W Summariser:   time: 20.664s
06-29 19:12:33.163  4982  6314 W Summariser:   original duration: 16.02
06-29 19:12:33.163  4982  6314 W Summariser:   summarised duration: 2.97
06-29 19:12:33.163  4982  6314 W Summariser:   noise tolerance: 45.00
06-29 19:12:33.163  4982  6314 W Summariser:   quality: 23
06-29 19:12:33.163  4982  6314 W Summariser:   speed: medium
06-29 19:12:33.163  4982  6314 W Summariser:   freeze duration: 1.00
06-29 19:12:33.189  4982  6314 W NearbyFragment: Sending 20200312_194129!001.mp4 to Nexus 5X [34d8]
06-29 19:12:39.187  4982  6314 W Summariser: 1 active sections found
06-29 19:12:42.827  4982  6314 W Summariser: Summarisation completed
06-29 19:12:42.827  4982  6314 W Summariser:   filename: 20200312_194129!003.mp4
06-29 19:12:42.827  4982  6314 W Summariser:   active sections: 1
06-29 19:12:42.827  4982  6314 W Summariser:   time: 09.460s
06-29 19:12:42.827  4982  6314 W Summariser:   original duration: 12.03
06-29 19:12:42.827  4982  6314 W Summariser:   summarised duration: 0.70
06-29 19:12:42.827  4982  6314 W Summariser:   noise tolerance: 45.00
06-29 19:12:42.827  4982  6314 W Summariser:   quality: 23
06-29 19:12:42.827  4982  6314 W Summariser:   speed: medium
06-29 19:12:42.827  4982  6314 W Summariser:   freeze duration: 1.00
06-29 19:12:42.867  4982  6314 W NearbyFragment: Sending 20200312_194129!003.mp4 to Nexus 5X [34d8]
06-29 19:12:44.756  4982  4982 W NearbyFragment: Completed downloading 20200312_194229!002.mp4 from Endpoint{id=rc9L, name=Nexus 5X [34d8]} in 03.413s
06-29 19:12:48.423  4982  4982 W NearbyFragment: Completed downloading 20200312_194229!003.mp4 from Endpoint{id=rc9L, name=Nexus 5X [34d8]} in 04.856s
06-29 19:12:52.015  4982  6480 W Summariser: No activity detected
06-29 19:12:52.137  4982  6480 W Summariser: Summarisation completed
06-29 19:12:52.137  4982  6480 W Summariser:   filename: 20200312_194229!002.mp4
06-29 19:12:52.137  4982  6480 W Summariser:   active sections: 0
06-29 19:12:52.137  4982  6480 W Summariser:   time: 07.190s
06-29 19:12:52.137  4982  6480 W Summariser:   original duration: 16.01
06-29 19:12:52.137  4982  6480 W Summariser:   summarised duration: -1.00
06-29 19:12:52.137  4982  6480 W Summariser:   noise tolerance: 45.00
06-29 19:12:52.137  4982  6480 W Summariser:   quality: 23
06-29 19:12:52.137  4982  6480 W Summariser:   speed: medium
06-29 19:12:52.137  4982  6480 W Summariser:   freeze duration: 1.00
06-29 19:12:59.769  4982  6480 W Summariser: No activity detected
06-29 19:12:59.879  4982  6480 W Summariser: Summarisation completed
06-29 19:12:59.879  4982  6480 W Summariser:   filename: 20200312_194229!003.mp4
06-29 19:12:59.879  4982  6480 W Summariser:   active sections: 0
06-29 19:12:59.879  4982  6480 W Summariser:   time: 07.619s
06-29 19:12:59.879  4982  6480 W Summariser:   original duration: 11.98
06-29 19:12:59.879  4982  6480 W Summariser:   summarised duration: -1.00
06-29 19:12:59.879  4982  6480 W Summariser:   noise tolerance: 45.00
06-29 19:12:59.879  4982  6480 W Summariser:   quality: 23
06-29 19:12:59.879  4982  6480 W Summariser:   speed: medium
06-29 19:12:59.879  4982  6480 W Summariser:   freeze duration: 1.00
06-29 19:13:12.254  4982  4982 W NearbyFragment: Completed downloading 20200312_194330!001.mp4 from Endpoint{id=rc9L, name=Nexus 5X [34d8]} in 05.116s
06-29 19:13:17.040  4982  4982 W NearbyFragment: Completed downloading 20200312_194330!003.mp4 from Endpoint{id=rc9L, name=Nexus 5X [34d8]} in 04.735s
06-29 19:13:21.018  4982  6585 W Summariser: No activity detected
06-29 19:13:21.133  4982  6585 W Summariser: Summarisation completed
06-29 19:13:21.133  4982  6585 W Summariser:   filename: 20200312_194330!001.mp4
06-29 19:13:21.133  4982  6585 W Summariser:   active sections: 0
06-29 19:13:21.133  4982  6585 W Summariser:   time: 08.707s
06-29 19:13:21.133  4982  6585 W Summariser:   original duration: 16.01
06-29 19:13:21.133  4982  6585 W Summariser:   summarised duration: -1.00
06-29 19:13:21.133  4982  6585 W Summariser:   noise tolerance: 45.00
06-29 19:13:21.133  4982  6585 W Summariser:   quality: 23
06-29 19:13:21.133  4982  6585 W Summariser:   speed: medium
06-29 19:13:21.133  4982  6585 W Summariser:   freeze duration: 1.00
06-29 19:13:26.970  4982  6585 W Summariser: No activity detected
06-29 19:13:27.066  4982  6585 W Summariser: Summarisation completed
06-29 19:13:27.066  4982  6585 W Summariser:   filename: 20200312_194330!003.mp4
06-29 19:13:27.066  4982  6585 W Summariser:   active sections: 0
06-29 19:13:27.066  4982  6585 W Summariser:   time: 05.812s
06-29 19:13:27.066  4982  6585 W Summariser:   original duration: 12.01
06-29 19:13:27.066  4982  6585 W Summariser:   summarised duration: -1.00
06-29 19:13:27.066  4982  6585 W Summariser:   noise tolerance: 45.00
06-29 19:13:27.066  4982  6585 W Summariser:   quality: 23
06-29 19:13:27.066  4982  6585 W Summariser:   speed: medium
06-29 19:13:27.066  4982  6585 W Summariser:   freeze duration: 1.00
06-29 19:13:41.558  4982  4982 W NearbyFragment: Completed downloading 20200312_194730!002.mp4 from Endpoint{id=rc9L, name=Nexus 5X [34d8]} in 04.352s
06-29 19:13:45.276  4982  4982 W NearbyFragment: Completed downloading 20200312_194730!003.mp4 from Endpoint{id=rc9L, name=Nexus 5X [34d8]} in 07.723s
06-29 19:13:48.747  4982  6678 W Summariser: No activity detected
06-29 19:13:48.864  4982  6678 W Summariser: Summarisation completed
06-29 19:13:48.864  4982  6678 W Summariser:   filename: 20200312_194730!002.mp4
06-29 19:13:48.864  4982  6678 W Summariser:   active sections: 0
06-29 19:13:48.864  4982  6678 W Summariser:   time: 07.111s
06-29 19:13:48.864  4982  6678 W Summariser:   original duration: 16.01
06-29 19:13:48.864  4982  6678 W Summariser:   summarised duration: -1.00
06-29 19:13:48.864  4982  6678 W Summariser:   noise tolerance: 45.00
06-29 19:13:48.864  4982  6678 W Summariser:   quality: 23
06-29 19:13:48.864  4982  6678 W Summariser:   speed: medium
06-29 19:13:48.864  4982  6678 W Summariser:   freeze duration: 1.00
06-29 19:13:53.578  4982  6678 W Summariser: No activity detected
06-29 19:13:53.663  4982  6678 W Summariser: Summarisation completed
06-29 19:13:53.663  4982  6678 W Summariser:   filename: 20200312_194730!003.mp4
06-29 19:13:53.663  4982  6678 W Summariser:   active sections: 0
06-29 19:13:53.663  4982  6678 W Summariser:   time: 04.702s
06-29 19:13:53.663  4982  6678 W Summariser:   original duration: 12.03
06-29 19:13:53.663  4982  6678 W Summariser:   summarised duration: -1.00
06-29 19:13:53.663  4982  6678 W Summariser:   noise tolerance: 45.00
06-29 19:13:53.663  4982  6678 W Summariser:   quality: 23
06-29 19:13:53.663  4982  6678 W Summariser:   speed: medium
06-29 19:13:53.663  4982  6678 W Summariser:   freeze duration: 1.00
06-29 19:14:09.666  4982  4982 W NearbyFragment: Completed downloading 20200312_194830!002.mp4 from Endpoint{id=rc9L, name=Nexus 5X [34d8]} in 03.590s
06-29 19:14:13.698  4982  4982 W NearbyFragment: Completed downloading 20200312_194830!003.mp4 from Endpoint{id=rc9L, name=Nexus 5X [34d8]} in 03.980s
06-29 19:14:17.138  4982  6765 W Summariser: 2 active sections found
06-29 19:14:47.797  4982  4982 W NearbyFragment: Completed downloading 20200312_194930!003.mp4 from Endpoint{id=rc9L, name=Nexus 5X [34d8]} in 04.499s
06-29 19:14:54.376  4982  6765 W Summariser: Summarisation completed
06-29 19:14:54.376  4982  6765 W Summariser:   filename: 20200312_194830!002.mp4
06-29 19:14:54.376  4982  6765 W Summariser:   active sections: 2
06-29 19:14:54.376  4982  6765 W Summariser:   time: 44.397s
06-29 19:14:54.376  4982  6765 W Summariser:   original duration: 16.01
06-29 19:14:54.376  4982  6765 W Summariser:   summarised duration: 8.84
06-29 19:14:54.376  4982  6765 W Summariser:   noise tolerance: 45.00
06-29 19:14:54.376  4982  6765 W Summariser:   quality: 23
06-29 19:14:54.376  4982  6765 W Summariser:   speed: medium
06-29 19:14:54.376  4982  6765 W Summariser:   freeze duration: 1.00
06-29 19:14:54.423  4982  6765 W NearbyFragment: Sending 20200312_194830!002.mp4 to Nexus 5X [34d8]
06-29 19:15:02.575  4982  6765 W Summariser: No activity detected
06-29 19:15:02.683  4982  6765 W Summariser: Summarisation completed
06-29 19:15:02.683  4982  6765 W Summariser:   filename: 20200312_194830!003.mp4
06-29 19:15:02.683  4982  6765 W Summariser:   active sections: 0
06-29 19:15:02.683  4982  6765 W Summariser:   time: 08.130s
06-29 19:15:02.683  4982  6765 W Summariser:   original duration: 11.98
06-29 19:15:02.683  4982  6765 W Summariser:   summarised duration: -1.00
06-29 19:15:02.683  4982  6765 W Summariser:   noise tolerance: 45.00
06-29 19:15:02.683  4982  6765 W Summariser:   quality: 23
06-29 19:15:02.683  4982  6765 W Summariser:   speed: medium
06-29 19:15:02.683  4982  6765 W Summariser:   freeze duration: 1.00
06-29 19:15:11.457  4982  6765 W Summariser: 1 active sections found
06-29 19:15:15.927  4982  4982 W NearbyFragment: Completed downloading 20200312_195230!001.mp4 from Endpoint{id=rc9L, name=Nexus 5X [34d8]} in 08.670s
06-29 19:15:37.823  4982  4982 W NearbyFragment: Completed downloading 20200312_195330!000.mp4 from Endpoint{id=rc9L, name=Nexus 5X [34d8]} in 05.785s
06-29 19:16:02.823  4982  6765 W Summariser: Summarisation completed
06-29 19:16:02.823  4982  6765 W Summariser:   filename: 20200312_194930!003.mp4
06-29 19:16:02.823  4982  6765 W Summariser:   active sections: 1
06-29 19:16:02.823  4982  6765 W Summariser:   time: 59.902s
06-29 19:16:02.823  4982  6765 W Summariser:   original duration: 12.01
06-29 19:16:02.823  4982  6765 W Summariser:   summarised duration: 10.95
06-29 19:16:02.823  4982  6765 W Summariser:   noise tolerance: 45.00
06-29 19:16:02.823  4982  6765 W Summariser:   quality: 23
06-29 19:16:02.823  4982  6765 W Summariser:   speed: medium
06-29 19:16:02.823  4982  6765 W Summariser:   freeze duration: 1.00
06-29 19:16:02.863  4982  6765 W NearbyFragment: Sending 20200312_194930!003.mp4 to Nexus 5X [34d8]
06-29 19:16:12.571  4982  6765 W Summariser: 1 active sections found
06-29 19:16:14.542  4982  4982 W NearbyFragment: Completed downloading 20200312_195430!002.mp4 from Endpoint{id=rc9L, name=Nexus 5X [34d8]} in 11.610s
06-29 19:16:18.559  4982  4982 W NearbyFragment: Completed downloading 20200312_195430!003.mp4 from Endpoint{id=rc9L, name=Nexus 5X [34d8]} in 09.636s
06-29 19:16:47.953  4982  6765 W Summariser: Summarisation completed
06-29 19:16:47.953  4982  6765 W Summariser:   filename: 20200312_195230!001.mp4
06-29 19:16:47.953  4982  6765 W Summariser:   active sections: 1
06-29 19:16:47.953  4982  6765 W Summariser:   time: 44.814s
06-29 19:16:47.953  4982  6765 W Summariser:   original duration: 16.01
06-29 19:16:47.953  4982  6765 W Summariser:   summarised duration: 6.97
06-29 19:16:47.953  4982  6765 W Summariser:   noise tolerance: 45.00
06-29 19:16:47.953  4982  6765 W Summariser:   quality: 23
06-29 19:16:47.953  4982  6765 W Summariser:   speed: medium
06-29 19:16:47.953  4982  6765 W Summariser:   freeze duration: 1.00
06-29 19:16:48.010  4982  6765 W NearbyFragment: Sending 20200312_195230!001.mp4 to Nexus 5X [34d8]
06-29 19:16:58.922  4982  6765 W Summariser: 1 active sections found
06-29 19:17:11.351  4982  6765 W Summariser: Summarisation completed
06-29 19:17:11.351  4982  6765 W Summariser:   filename: 20200312_195330!000.mp4
06-29 19:17:11.351  4982  6765 W Summariser:   active sections: 1
06-29 19:17:11.351  4982  6765 W Summariser:   time: 23.123s
06-29 19:17:11.351  4982  6765 W Summariser:   original duration: 16.07
06-29 19:17:11.351  4982  6765 W Summariser:   summarised duration: 1.11
06-29 19:17:11.351  4982  6765 W Summariser:   noise tolerance: 45.00
06-29 19:17:11.351  4982  6765 W Summariser:   quality: 23
06-29 19:17:11.351  4982  6765 W Summariser:   speed: medium
06-29 19:17:11.351  4982  6765 W Summariser:   freeze duration: 1.00
06-29 19:17:11.397  4982  6765 W NearbyFragment: Sending 20200312_195330!000.mp4 to Nexus 5X [34d8]
06-29 19:17:19.953  4982  6765 W Summariser: 2 active sections found
06-29 19:17:44.972  4982  6765 W Summariser: Summarisation completed
06-29 19:17:44.972  4982  6765 W Summariser:   filename: 20200312_195430!002.mp4
06-29 19:17:44.972  4982  6765 W Summariser:   active sections: 2
06-29 19:17:44.972  4982  6765 W Summariser:   time: 33.303s
06-29 19:17:44.972  4982  6765 W Summariser:   original duration: 16.01
06-29 19:17:44.972  4982  6765 W Summariser:   summarised duration: 6.17
06-29 19:17:44.972  4982  6765 W Summariser:   noise tolerance: 45.00
06-29 19:17:44.972  4982  6765 W Summariser:   quality: 23
06-29 19:17:44.972  4982  6765 W Summariser:   speed: medium
06-29 19:17:44.972  4982  6765 W Summariser:   freeze duration: 1.00
06-29 19:17:45.014  4982  6765 W NearbyFragment: Sending 20200312_195430!002.mp4 to Nexus 5X [34d8]
06-29 19:17:51.491  4982  6765 W Summariser: 1 active sections found
06-29 19:18:08.983  4982  6765 W Summariser: Summarisation completed
06-29 19:18:08.983  4982  6765 W Summariser:   filename: 20200312_195430!003.mp4
06-29 19:18:08.983  4982  6765 W Summariser:   active sections: 1
06-29 19:18:08.983  4982  6765 W Summariser:   time: 23.721s
06-29 19:18:08.983  4982  6765 W Summariser:   original duration: 11.98
06-29 19:18:08.983  4982  6765 W Summariser:   summarised duration: 4.54
06-29 19:18:08.983  4982  6765 W Summariser:   noise tolerance: 45.00
06-29 19:18:08.983  4982  6765 W Summariser:   quality: 23
06-29 19:18:08.983  4982  6765 W Summariser:   speed: medium
06-29 19:18:08.983  4982  6765 W Summariser:   freeze duration: 1.00
06-29 19:18:09.023  4982  6765 W NearbyFragment: Sending 20200312_195430!003.mp4 to Nexus 5X [34d8]
