--------- beginning of main
--------- beginning of system
07-06 01:24:19.158 12685 12685 W LogFactory: Truncating log tag length as it exceed 23, the limit imposed by Android on certain API Levels
07-06 01:25:18.397 12685 12685 E TransferService: No notification is passed in the intent. Unable to transition to foreground.
07-06 01:28:01.147 12685 12685 W NearbyFragment: Completed downloading 20200312_150643!003.mp4 from Endpoint{id=vMbk, name=Galaxy S8 [2802]} in 11.079s
07-06 01:28:01.476 12685 13054 W mobile-ffmpeg: [graph 0 input from stream 0:0 @ 0x756b213f00] sws_param option is deprecated and ignored
07-06 01:28:03.562 12685 13053 W Summariser: No activity detected
07-06 01:28:03.613 12685 13053 W Summariser: Summarisation completed
07-06 01:28:03.613 12685 13053 W Summariser:   filename: 20200312_150643!003.mp4
07-06 01:28:03.613 12685 13053 W Summariser:   active sections: 0
07-06 01:28:03.613 12685 13053 W Summariser:   time: 02.338s
07-06 01:28:03.613 12685 13053 W Summariser:   original duration: 12.01
07-06 01:28:03.613 12685 13053 W Summariser:   summarised duration: -1.00
07-06 01:28:03.613 12685 13053 W Summariser:   noise tolerance: 45.00
07-06 01:28:03.613 12685 13053 W Summariser:   quality: 23
07-06 01:28:03.613 12685 13053 W Summariser:   speed: medium
07-06 01:28:03.613 12685 13053 W Summariser:   freeze duration: 1.00
07-06 01:28:27.737 12685 12685 W NearbyFragment: Completed downloading 20200312_150744!003.mp4 from Endpoint{id=vMbk, name=Galaxy S8 [2802]} in 06.542s
07-06 01:28:27.859 12685 13054 W mobile-ffmpeg: [graph 0 input from stream 0:0 @ 0x756b213f00] sws_param option is deprecated and ignored
07-06 01:28:29.972 12685 13083 W Summariser: 1 active sections found
07-06 01:28:30.059 12685 13054 W mobile-ffmpeg: [graph 0 input from stream 0:0 @ 0x756b213e40] sws_param option is deprecated and ignored
07-06 01:28:41.261 12685 13083 W Summariser: Summarisation completed
07-06 01:28:41.261 12685 13083 W Summariser:   filename: 20200312_150744!003.mp4
07-06 01:28:41.261 12685 13083 W Summariser:   active sections: 1
07-06 01:28:41.261 12685 13083 W Summariser:   time: 13.394s
07-06 01:28:41.261 12685 13083 W Summariser:   original duration: 12.03
07-06 01:28:41.261 12685 13083 W Summariser:   summarised duration: 4.89
07-06 01:28:41.261 12685 13083 W Summariser:   noise tolerance: 45.00
07-06 01:28:41.261 12685 13083 W Summariser:   quality: 23
07-06 01:28:41.261 12685 13083 W Summariser:   speed: medium
07-06 01:28:41.261 12685 13083 W Summariser:   freeze duration: 1.00
07-06 01:28:41.272 12685 13083 W NearbyFragment: Sending 20200312_150744!003.mp4 to Galaxy S8 [2802]
07-06 01:29:01.289 12685 12685 W NearbyFragment: Completed downloading 20200312_150844!002.mp4 from Endpoint{id=vMbk, name=Galaxy S8 [2802]} in 13.999s
07-06 01:29:01.547 12685 13054 W mobile-ffmpeg: [graph 0 input from stream 0:0 @ 0x756b213f00] sws_param option is deprecated and ignored
07-06 01:29:04.446 12685 13136 W Summariser: Whole video is active
07-06 01:29:05.138 12685 13136 W Summariser: Summarisation completed
07-06 01:29:05.138 12685 13136 W Summariser:   filename: 20200312_150844!002.mp4
07-06 01:29:05.138 12685 13136 W Summariser:   active sections: -1
07-06 01:29:05.138 12685 13136 W Summariser:   time: 03.662s
07-06 01:29:05.138 12685 13136 W Summariser:   original duration: 16.01
07-06 01:29:05.138 12685 13136 W Summariser:   summarised duration: 16.01
07-06 01:29:05.138 12685 13136 W Summariser:   noise tolerance: 45.00
07-06 01:29:05.138 12685 13136 W Summariser:   quality: 23
07-06 01:29:05.138 12685 13136 W Summariser:   speed: medium
07-06 01:29:05.138 12685 13136 W Summariser:   freeze duration: 1.00
07-06 01:29:05.148 12685 13136 W NearbyFragment: Sending 20200312_150844!002.mp4 to Galaxy S8 [2802]
07-06 01:29:53.932 12685 12685 W NearbyFragment: Completed downloading 20200312_150944!002.mp4 from Endpoint{id=vMbk, name=Galaxy S8 [2802]} in 05.380s
07-06 01:29:54.102 12685 13054 W mobile-ffmpeg: [graph 0 input from stream 0:0 @ 0x756b213f00] sws_param option is deprecated and ignored
07-06 01:29:56.887 12685 13177 W Summariser: No activity detected
07-06 01:29:56.947 12685 13177 W Summariser: Summarisation completed
07-06 01:29:56.947 12685 13177 W Summariser:   filename: 20200312_150944!002.mp4
07-06 01:29:56.947 12685 13177 W Summariser:   active sections: 0
07-06 01:29:56.947 12685 13177 W Summariser:   time: 02.900s
07-06 01:29:56.947 12685 13177 W Summariser:   original duration: 16.01
07-06 01:29:56.947 12685 13177 W Summariser:   summarised duration: -1.00
07-06 01:29:56.947 12685 13177 W Summariser:   noise tolerance: 45.00
07-06 01:29:56.947 12685 13177 W Summariser:   quality: 23
07-06 01:29:56.947 12685 13177 W Summariser:   speed: medium
07-06 01:29:56.947 12685 13177 W Summariser:   freeze duration: 1.00
07-06 01:30:25.028 12685 12685 W NearbyFragment: Completed downloading 20200312_151044!002.mp4 from Endpoint{id=vMbk, name=Galaxy S8 [2802]} in 09.756s
07-06 01:30:25.252 12685 13054 W mobile-ffmpeg: [graph 0 input from stream 0:0 @ 0x756b213f00] sws_param option is deprecated and ignored
07-06 01:30:28.255 12685 13205 W Summariser: No activity detected
07-06 01:30:28.314 12685 13205 W Summariser: Summarisation completed
07-06 01:30:28.314 12685 13205 W Summariser:   filename: 20200312_151044!002.mp4
07-06 01:30:28.314 12685 13205 W Summariser:   active sections: 0
07-06 01:30:28.314 12685 13205 W Summariser:   time: 03.152s
07-06 01:30:28.314 12685 13205 W Summariser:   original duration: 16.01
07-06 01:30:28.314 12685 13205 W Summariser:   summarised duration: -1.00
07-06 01:30:28.314 12685 13205 W Summariser:   noise tolerance: 45.00
07-06 01:30:28.314 12685 13205 W Summariser:   quality: 23
07-06 01:30:28.314 12685 13205 W Summariser:   speed: medium
07-06 01:30:28.314 12685 13205 W Summariser:   freeze duration: 1.00
07-06 01:31:03.431 12685 12685 W NearbyFragment: Completed downloading 20200312_193528!003.mp4 from Endpoint{id=vMbk, name=Galaxy S8 [2802]} in 11.657s
07-06 01:31:03.846 12685 13054 W mobile-ffmpeg: [graph 0 input from stream 0:0 @ 0x756b213f00] sws_param option is deprecated and ignored
07-06 01:31:06.003 12685 13245 W Summariser: No activity detected
07-06 01:31:06.063 12685 13245 W Summariser: Summarisation completed
07-06 01:31:06.063 12685 13245 W Summariser:   filename: 20200312_193528!003.mp4
07-06 01:31:06.063 12685 13245 W Summariser:   active sections: 0
07-06 01:31:06.063 12685 13245 W Summariser:   time: 02.335s
07-06 01:31:06.063 12685 13245 W Summariser:   original duration: 12.01
07-06 01:31:06.063 12685 13245 W Summariser:   summarised duration: -1.00
07-06 01:31:06.063 12685 13245 W Summariser:   noise tolerance: 45.00
07-06 01:31:06.063 12685 13245 W Summariser:   quality: 23
07-06 01:31:06.063 12685 13245 W Summariser:   speed: medium
07-06 01:31:06.063 12685 13245 W Summariser:   freeze duration: 1.00
07-06 01:31:32.001 12685 12685 W NearbyFragment: Completed downloading 20200312_193628!002.mp4 from Endpoint{id=vMbk, name=Galaxy S8 [2802]} in 02.666s
07-06 01:31:32.158 12685 13054 W mobile-ffmpeg: [graph 0 input from stream 0:0 @ 0x756b213f00] sws_param option is deprecated and ignored
07-06 01:31:35.065 12685 13275 W Summariser: No activity detected
07-06 01:31:35.123 12685 13275 W Summariser: Summarisation completed
07-06 01:31:35.123 12685 13275 W Summariser:   filename: 20200312_193628!002.mp4
07-06 01:31:35.123 12685 13275 W Summariser:   active sections: 0
07-06 01:31:35.123 12685 13275 W Summariser:   time: 03.027s
07-06 01:31:35.123 12685 13275 W Summariser:   original duration: 16.02
07-06 01:31:35.123 12685 13275 W Summariser:   summarised duration: -1.00
07-06 01:31:35.123 12685 13275 W Summariser:   noise tolerance: 45.00
07-06 01:31:35.123 12685 13275 W Summariser:   quality: 23
07-06 01:31:35.123 12685 13275 W Summariser:   speed: medium
07-06 01:31:35.123 12685 13275 W Summariser:   freeze duration: 1.00
07-06 01:31:58.401 12685 12685 W NearbyFragment: Completed downloading 20200312_193728!001.mp4 from Endpoint{id=vMbk, name=Galaxy S8 [2802]} in 05.127s
07-06 01:31:58.552 12685 13054 W mobile-ffmpeg: [graph 0 input from stream 0:0 @ 0x756b213f00] sws_param option is deprecated and ignored
07-06 01:32:01.496 12685 13303 W Summariser: Whole video is active
07-06 01:32:02.110 12685 13303 W Summariser: Summarisation completed
07-06 01:32:02.110 12685 13303 W Summariser:   filename: 20200312_193728!001.mp4
07-06 01:32:02.110 12685 13303 W Summariser:   active sections: -1
07-06 01:32:02.110 12685 13303 W Summariser:   time: 03.548s
07-06 01:32:02.110 12685 13303 W Summariser:   original duration: 16.01
07-06 01:32:02.110 12685 13303 W Summariser:   summarised duration: 16.01
07-06 01:32:02.110 12685 13303 W Summariser:   noise tolerance: 45.00
07-06 01:32:02.110 12685 13303 W Summariser:   quality: 23
07-06 01:32:02.110 12685 13303 W Summariser:   speed: medium
07-06 01:32:02.110 12685 13303 W Summariser:   freeze duration: 1.00
07-06 01:32:02.117 12685 13303 W NearbyFragment: Sending 20200312_193728!001.mp4 to Galaxy S8 [2802]
07-06 01:32:56.852 12685 12685 W NearbyFragment: Completed downloading 20200312_193828!002.mp4 from Endpoint{id=vMbk, name=Galaxy S8 [2802]} in 06.862s
07-06 01:32:56.983 12685 13054 W mobile-ffmpeg: [graph 0 input from stream 0:0 @ 0x756b213f00] sws_param option is deprecated and ignored
07-06 01:32:59.864 12685 13330 W Summariser: No activity detected
07-06 01:32:59.920 12685 13330 W Summariser: Summarisation completed
07-06 01:32:59.920 12685 13330 W Summariser:   filename: 20200312_193828!002.mp4
07-06 01:32:59.920 12685 13330 W Summariser:   active sections: 0
07-06 01:32:59.920 12685 13330 W Summariser:   time: 02.976s
07-06 01:32:59.920 12685 13330 W Summariser:   original duration: 16.01
07-06 01:32:59.920 12685 13330 W Summariser:   summarised duration: -1.00
07-06 01:32:59.920 12685 13330 W Summariser:   noise tolerance: 45.00
07-06 01:32:59.920 12685 13330 W Summariser:   quality: 23
07-06 01:32:59.920 12685 13330 W Summariser:   speed: medium
07-06 01:32:59.920 12685 13330 W Summariser:   freeze duration: 1.00
07-06 01:33:19.623 12685 12685 W NearbyFragment: Completed downloading 20200312_193928!001.mp4 from Endpoint{id=vMbk, name=Galaxy S8 [2802]} in 03.709s
07-06 01:33:19.761 12685 13054 W mobile-ffmpeg: [graph 0 input from stream 0:0 @ 0x756b213f00] sws_param option is deprecated and ignored
07-06 01:33:22.613 12685 13353 W Summariser: No activity detected
07-06 01:33:22.679 12685 13353 W Summariser: Summarisation completed
07-06 01:33:22.679 12685 13353 W Summariser:   filename: 20200312_193928!001.mp4
07-06 01:33:22.679 12685 13353 W Summariser:   active sections: 0
07-06 01:33:22.679 12685 13353 W Summariser:   time: 02.962s
07-06 01:33:22.679 12685 13353 W Summariser:   original duration: 16.05
07-06 01:33:22.679 12685 13353 W Summariser:   summarised duration: -1.00
07-06 01:33:22.679 12685 13353 W Summariser:   noise tolerance: 45.00
07-06 01:33:22.679 12685 13353 W Summariser:   quality: 23
07-06 01:33:22.679 12685 13353 W Summariser:   speed: medium
07-06 01:33:22.679 12685 13353 W Summariser:   freeze duration: 1.00
07-06 01:33:51.609 12685 12685 W NearbyFragment: Completed downloading 20200312_194129!001.mp4 from Endpoint{id=vMbk, name=Galaxy S8 [2802]} in 07.384s
07-06 01:33:52.039 12685 13054 W mobile-ffmpeg: [graph 0 input from stream 0:0 @ 0x756b213f00] sws_param option is deprecated and ignored
07-06 01:33:55.019 12685 13379 W Summariser: 1 active sections found
07-06 01:33:55.123 12685 13054 W mobile-ffmpeg: [graph 0 input from stream 0:0 @ 0x756b213e40] sws_param option is deprecated and ignored
07-06 01:34:03.063 12685 13379 W Summariser: Summarisation completed
07-06 01:34:03.063 12685 13379 W Summariser:   filename: 20200312_194129!001.mp4
07-06 01:34:03.063 12685 13379 W Summariser:   active sections: 1
07-06 01:34:03.063 12685 13379 W Summariser:   time: 11.306s
07-06 01:34:03.063 12685 13379 W Summariser:   original duration: 16.02
07-06 01:34:03.063 12685 13379 W Summariser:   summarised duration: 2.97
07-06 01:34:03.063 12685 13379 W Summariser:   noise tolerance: 45.00
07-06 01:34:03.063 12685 13379 W Summariser:   quality: 23
07-06 01:34:03.063 12685 13379 W Summariser:   speed: medium
07-06 01:34:03.063 12685 13379 W Summariser:   freeze duration: 1.00
07-06 01:34:03.071 12685 13379 W NearbyFragment: Sending 20200312_194129!001.mp4 to Galaxy S8 [2802]
07-06 01:34:20.452 12685 12685 W NearbyFragment: Completed downloading 20200312_194229!001.mp4 from Endpoint{id=vMbk, name=Galaxy S8 [2802]} in 02.882s
07-06 01:34:20.685 12685 13054 W mobile-ffmpeg: [graph 0 input from stream 0:0 @ 0x756b213f00] sws_param option is deprecated and ignored
07-06 01:34:23.808 12685 13428 W Summariser: 2 active sections found
07-06 01:34:23.898 12685 13054 W mobile-ffmpeg: [graph 0 input from stream 0:0 @ 0x756b214140] sws_param option is deprecated and ignored
07-06 01:34:23.898 12685 13054 W mobile-ffmpeg: [graph 0 input from stream 0:0 @ 0x756b2142c0] sws_param option is deprecated and ignored
07-06 01:34:28.215 12685 12685 W NearbyFragment: Completed downloading 20200312_194229!003.mp4 from Endpoint{id=vMbk, name=Galaxy S8 [2802]} in 03.073s
07-06 01:34:44.009 12685 13428 W Summariser: Summarisation completed
07-06 01:34:44.009 12685 13428 W Summariser:   filename: 20200312_194229!001.mp4
07-06 01:34:44.009 12685 13428 W Summariser:   active sections: 2
07-06 01:34:44.009 12685 13428 W Summariser:   time: 23.334s
07-06 01:34:44.009 12685 13428 W Summariser:   original duration: 16.01
07-06 01:34:44.009 12685 13428 W Summariser:   summarised duration: 8.74
07-06 01:34:44.009 12685 13428 W Summariser:   noise tolerance: 45.00
07-06 01:34:44.009 12685 13428 W Summariser:   quality: 23
07-06 01:34:44.009 12685 13428 W Summariser:   speed: medium
07-06 01:34:44.009 12685 13428 W Summariser:   freeze duration: 1.00
07-06 01:34:44.026 12685 13428 W NearbyFragment: Sending 20200312_194229!001.mp4 to Galaxy S8 [2802]
07-06 01:34:44.168 12685 13054 W mobile-ffmpeg: [graph 0 input from stream 0:0 @ 0x756b213a80] sws_param option is deprecated and ignored
07-06 01:34:48.483 12685 13428 W Summariser: No activity detected
07-06 01:34:48.555 12685 13428 W Summariser: Summarisation completed
07-06 01:34:48.555 12685 13428 W Summariser:   filename: 20200312_194229!003.mp4
07-06 01:34:48.555 12685 13428 W Summariser:   active sections: 0
07-06 01:34:48.555 12685 13428 W Summariser:   time: 04.441s
07-06 01:34:48.555 12685 13428 W Summariser:   original duration: 11.98
07-06 01:34:48.555 12685 13428 W Summariser:   summarised duration: -1.00
07-06 01:34:48.555 12685 13428 W Summariser:   noise tolerance: 45.00
07-06 01:34:48.555 12685 13428 W Summariser:   quality: 23
07-06 01:34:48.555 12685 13428 W Summariser:   speed: medium
07-06 01:34:48.555 12685 13428 W Summariser:   freeze duration: 1.00
07-06 01:35:29.243 12685 12685 W NearbyFragment: Completed downloading 20200312_194730!002.mp4 from Endpoint{id=vMbk, name=Galaxy S8 [2802]} in 09.046s
07-06 01:35:29.483 12685 13054 W mobile-ffmpeg: [graph 0 input from stream 0:0 @ 0x756b213f00] sws_param option is deprecated and ignored
07-06 01:35:32.527 12685 13498 W Summariser: No activity detected
07-06 01:35:32.604 12685 13498 W Summariser: Summarisation completed
07-06 01:35:32.604 12685 13498 W Summariser:   filename: 20200312_194730!002.mp4
07-06 01:35:32.604 12685 13498 W Summariser:   active sections: 0
07-06 01:35:32.604 12685 13498 W Summariser:   time: 03.197s
07-06 01:35:32.604 12685 13498 W Summariser:   original duration: 16.01
07-06 01:35:32.604 12685 13498 W Summariser:   summarised duration: -1.00
07-06 01:35:32.604 12685 13498 W Summariser:   noise tolerance: 45.00
07-06 01:35:32.604 12685 13498 W Summariser:   quality: 23
07-06 01:35:32.604 12685 13498 W Summariser:   speed: medium
07-06 01:35:32.604 12685 13498 W Summariser:   freeze duration: 1.00
07-06 01:36:00.426 12685 12685 W NearbyFragment: Completed downloading 20200312_194830!002.mp4 from Endpoint{id=vMbk, name=Galaxy S8 [2802]} in 04.058s
07-06 01:36:00.621 12685 13054 W mobile-ffmpeg: [graph 0 input from stream 0:0 @ 0x756b213f00] sws_param option is deprecated and ignored
07-06 01:36:03.717 12685 13524 W Summariser: 2 active sections found
07-06 01:36:03.809 12685 13054 W mobile-ffmpeg: [graph 0 input from stream 0:0 @ 0x756b213f00] sws_param option is deprecated and ignored
07-06 01:36:03.809 12685 13054 W mobile-ffmpeg: [graph 0 input from stream 0:0 @ 0x756b2142c0] sws_param option is deprecated and ignored
07-06 01:36:26.718 12685 13524 W Summariser: Summarisation completed
07-06 01:36:26.718 12685 13524 W Summariser:   filename: 20200312_194830!002.mp4
07-06 01:36:26.718 12685 13524 W Summariser:   active sections: 2
07-06 01:36:26.718 12685 13524 W Summariser:   time: 26.096s
07-06 01:36:26.718 12685 13524 W Summariser:   original duration: 16.01
07-06 01:36:26.718 12685 13524 W Summariser:   summarised duration: 8.84
07-06 01:36:26.718 12685 13524 W Summariser:   noise tolerance: 45.00
07-06 01:36:26.718 12685 13524 W Summariser:   quality: 23
07-06 01:36:26.718 12685 13524 W Summariser:   speed: medium
07-06 01:36:26.718 12685 13524 W Summariser:   freeze duration: 1.00
07-06 01:36:26.732 12685 13524 W NearbyFragment: Sending 20200312_194830!002.mp4 to Galaxy S8 [2802]
07-06 01:36:41.098 12685 12685 W NearbyFragment: Completed downloading 20200312_194930!003.mp4 from Endpoint{id=vMbk, name=Galaxy S8 [2802]} in 18.382s
07-06 01:36:41.314 12685 13054 W mobile-ffmpeg: [graph 0 input from stream 0:0 @ 0x756b213f00] sws_param option is deprecated and ignored
07-06 01:36:45.669 12685 13574 W Summariser: 1 active sections found
07-06 01:36:45.791 12685 13054 W mobile-ffmpeg: [graph 0 input from stream 0:0 @ 0x756b213e40] sws_param option is deprecated and ignored
07-06 01:37:24.756 12685 12685 W NearbyFragment: Completed downloading 20200312_195330!000.mp4 from Endpoint{id=vMbk, name=Galaxy S8 [2802]} in 04.748s
07-06 01:37:27.753 12685 13574 W Summariser: Summarisation completed
07-06 01:37:27.753 12685 13574 W Summariser:   filename: 20200312_194930!003.mp4
07-06 01:37:27.753 12685 13574 W Summariser:   active sections: 1
07-06 01:37:27.753 12685 13574 W Summariser:   time: 46.493s
07-06 01:37:27.753 12685 13574 W Summariser:   original duration: 12.01
07-06 01:37:27.753 12685 13574 W Summariser:   summarised duration: 10.95
07-06 01:37:27.753 12685 13574 W Summariser:   noise tolerance: 45.00
07-06 01:37:27.753 12685 13574 W Summariser:   quality: 23
07-06 01:37:27.753 12685 13574 W Summariser:   speed: medium
07-06 01:37:27.753 12685 13574 W Summariser:   freeze duration: 1.00
07-06 01:37:27.766 12685 13574 W NearbyFragment: Sending 20200312_194930!003.mp4 to Galaxy S8 [2802]
07-06 01:37:27.911 12685 13054 W mobile-ffmpeg: [graph 0 input from stream 0:0 @ 0x756b213fc0] sws_param option is deprecated and ignored
07-06 01:37:33.531 12685 13574 W Summariser: 1 active sections found
07-06 01:37:33.651 12685 13054 W mobile-ffmpeg: [graph 0 input from stream 0:0 @ 0x756b213e40] sws_param option is deprecated and ignored
07-06 01:37:38.944 12685 12685 W NearbyFragment: Completed downloading 20200312_195330!003.mp4 from Endpoint{id=vMbk, name=Galaxy S8 [2802]} in 10.675s
07-06 01:37:42.435 12685 13574 W Summariser: Summarisation completed
07-06 01:37:42.435 12685 13574 W Summariser:   filename: 20200312_195330!000.mp4
07-06 01:37:42.435 12685 13574 W Summariser:   active sections: 1
07-06 01:37:42.435 12685 13574 W Summariser:   time: 14.529s
07-06 01:37:42.435 12685 13574 W Summariser:   original duration: 16.07
07-06 01:37:42.435 12685 13574 W Summariser:   summarised duration: 1.11
07-06 01:37:42.435 12685 13574 W Summariser:   noise tolerance: 45.00
07-06 01:37:42.435 12685 13574 W Summariser:   quality: 23
07-06 01:37:42.435 12685 13574 W Summariser:   speed: medium
07-06 01:37:42.435 12685 13574 W Summariser:   freeze duration: 1.00
07-06 01:37:42.487 12685 13574 W NearbyFragment: Sending 20200312_195330!000.mp4 to Galaxy S8 [2802]
07-06 01:37:42.621 12685 13054 W mobile-ffmpeg: [graph 0 input from stream 0:0 @ 0x756b213fc0] sws_param option is deprecated and ignored
07-06 01:37:46.738 12685 13574 W Summariser: 1 active sections found
07-06 01:37:46.853 12685 13054 W mobile-ffmpeg: [graph 0 input from stream 0:0 @ 0x756b213e40] sws_param option is deprecated and ignored
07-06 01:37:59.582 12685 13574 W Summariser: Summarisation completed
07-06 01:37:59.582 12685 13574 W Summariser:   filename: 20200312_195330!003.mp4
07-06 01:37:59.582 12685 13574 W Summariser:   active sections: 1
07-06 01:37:59.582 12685 13574 W Summariser:   time: 16.955s
07-06 01:37:59.582 12685 13574 W Summariser:   original duration: 12.03
07-06 01:37:59.582 12685 13574 W Summariser:   summarised duration: 3.53
07-06 01:37:59.582 12685 13574 W Summariser:   noise tolerance: 45.00
07-06 01:37:59.582 12685 13574 W Summariser:   quality: 23
07-06 01:37:59.582 12685 13574 W Summariser:   speed: medium
07-06 01:37:59.582 12685 13574 W Summariser:   freeze duration: 1.00
07-06 01:37:59.600 12685 13574 W NearbyFragment: Sending 20200312_195330!003.mp4 to Galaxy S8 [2802]
07-06 01:38:06.867 12685 12685 W NearbyFragment: Completed downloading 20200312_195430!002.mp4 from Endpoint{id=vMbk, name=Galaxy S8 [2802]} in 06.908s
07-06 01:38:07.120 12685 13054 W mobile-ffmpeg: [graph 0 input from stream 0:0 @ 0x756b213f00] sws_param option is deprecated and ignored
07-06 01:38:10.472 12685 12685 W NearbyFragment: Completed downloading 20200312_195430!003.mp4 from Endpoint{id=vMbk, name=Galaxy S8 [2802]} in 06.347s
07-06 01:38:13.131 12685 13696 W Summariser: 2 active sections found
07-06 01:38:13.296 12685 13054 W mobile-ffmpeg: [graph 0 input from stream 0:0 @ 0x756b214140] sws_param option is deprecated and ignored
07-06 01:38:13.296 12685 13054 W mobile-ffmpeg: [graph 0 input from stream 0:0 @ 0x756b2142c0] sws_param option is deprecated and ignored
07-06 01:38:33.252 12685 13696 W Summariser: Summarisation completed
07-06 01:38:33.252 12685 13696 W Summariser:   filename: 20200312_195430!002.mp4
07-06 01:38:33.252 12685 13696 W Summariser:   active sections: 2
07-06 01:38:33.252 12685 13696 W Summariser:   time: 26.111s
07-06 01:38:33.252 12685 13696 W Summariser:   original duration: 16.01
07-06 01:38:33.252 12685 13696 W Summariser:   summarised duration: 6.17
07-06 01:38:33.252 12685 13696 W Summariser:   noise tolerance: 45.00
07-06 01:38:33.252 12685 13696 W Summariser:   quality: 23
07-06 01:38:33.252 12685 13696 W Summariser:   speed: medium
07-06 01:38:33.252 12685 13696 W Summariser:   freeze duration: 1.00
07-06 01:38:33.287 12685 13696 W NearbyFragment: Sending 20200312_195430!002.mp4 to Galaxy S8 [2802]
07-06 01:38:33.460 12685 13054 W mobile-ffmpeg: [graph 0 input from stream 0:0 @ 0x756b213a80] sws_param option is deprecated and ignored
07-06 01:38:37.639 12685 13696 W Summariser: 1 active sections found
07-06 01:38:37.772 12685 13054 W mobile-ffmpeg: [graph 0 input from stream 0:0 @ 0x756b213c00] sws_param option is deprecated and ignored
07-06 01:38:51.945 12685 13696 W Summariser: Summarisation completed
07-06 01:38:51.945 12685 13696 W Summariser:   filename: 20200312_195430!003.mp4
07-06 01:38:51.945 12685 13696 W Summariser:   active sections: 1
07-06 01:38:51.945 12685 13696 W Summariser:   time: 18.509s
07-06 01:38:51.945 12685 13696 W Summariser:   original duration: 11.98
07-06 01:38:51.945 12685 13696 W Summariser:   summarised duration: 4.54
07-06 01:38:51.945 12685 13696 W Summariser:   noise tolerance: 45.00
07-06 01:38:51.945 12685 13696 W Summariser:   quality: 23
07-06 01:38:51.945 12685 13696 W Summariser:   speed: medium
07-06 01:38:51.945 12685 13696 W Summariser:   freeze duration: 1.00
07-06 01:38:51.981 12685 13696 W NearbyFragment: Sending 20200312_195430!003.mp4 to Galaxy S8 [2802]
