--------- beginning of main
07-06 00:11:45.313 23029 23029 W LogFactory: Truncating log tag length as it exceed 23, the limit imposed by Android on certain API Levels
07-06 00:12:28.282 23029 23029 E TransferService: No notification is passed in the intent. Unable to transition to foreground.
07-06 00:19:20.281 23029 23029 W NearbyFragment: Completed downloading 20200312_150643.mp4 from Endpoint{id=hrLv, name=Galaxy S8 [2802]} in 13.228s
07-06 00:19:20.525 23029 23451 W mobile-ffmpeg: [mov,mp4,m4a,3gp,3g2,mj2 @ 0x7a20ead800] Found duplicated MOOV Atom. Skipped it
07-06 00:19:20.673 23029 23451 W mobile-ffmpeg: [graph 0 input from stream 0:0 @ 0x7a20e2c200] sws_param option is deprecated and ignored
07-06 00:19:33.714 23029 23450 W Summariser: No activity detected
07-06 00:19:33.721 23029 23451 W mobile-ffmpeg: [mov,mp4,m4a,3gp,3g2,mj2 @ 0x7a20ead800] Found duplicated MOOV Atom. Skipped it
07-06 00:19:33.793 23029 23450 W Summariser: Summarisation completed
07-06 00:19:33.793 23029 23450 W Summariser:   filename: 20200312_150643.mp4
07-06 00:19:33.793 23029 23450 W Summariser:   active sections: 0
07-06 00:19:33.793 23029 23450 W Summariser:   time: 13.378s
07-06 00:19:33.793 23029 23450 W Summariser:   original duration: 60.02
07-06 00:19:33.793 23029 23450 W Summariser:   summarised duration: -1.00
07-06 00:19:33.793 23029 23450 W Summariser:   noise tolerance: 45.00
07-06 00:19:33.793 23029 23450 W Summariser:   quality: 23
07-06 00:19:33.793 23029 23450 W Summariser:   speed: medium
07-06 00:19:33.793 23029 23450 W Summariser:   freeze duration: 1.00
07-06 00:20:20.276 23029 23029 W NearbyFragment: Completed downloading 20200312_150944.mp4 from Endpoint{id=hrLv, name=Galaxy S8 [2802]} in 33.565s
07-06 00:20:20.325 23029 23451 W mobile-ffmpeg: [mov,mp4,m4a,3gp,3g2,mj2 @ 0x7a20ead800] Found duplicated MOOV Atom. Skipped it
07-06 00:20:20.453 23029 23451 W mobile-ffmpeg: [graph 0 input from stream 0:0 @ 0x7a20e2c200] sws_param option is deprecated and ignored
07-06 00:20:34.104 23029 23494 W Summariser: 1 active sections found
07-06 00:20:34.117 23029 23451 W mobile-ffmpeg: [mov,mp4,m4a,3gp,3g2,mj2 @ 0x7a20ead800] Found duplicated MOOV Atom. Skipped it
07-06 00:20:34.293 23029 23451 W mobile-ffmpeg: [graph 0 input from stream 0:0 @ 0x7a20e2bcc0] sws_param option is deprecated and ignored
07-06 00:20:51.027 23029 23451 W mobile-ffmpeg: [mov,mp4,m4a,3gp,3g2,mj2 @ 0x7a20ead800] Found duplicated MOOV Atom. Skipped it
07-06 00:20:51.229 23029 23494 W Summariser: Summarisation completed
07-06 00:20:51.229 23029 23494 W Summariser:   filename: 20200312_150944.mp4
07-06 00:20:51.229 23029 23494 W Summariser:   active sections: 1
07-06 00:20:51.229 23029 23494 W Summariser:   time: 30.703s
07-06 00:20:51.229 23029 23494 W Summariser:   original duration: 60.02
07-06 00:20:51.229 23029 23494 W Summariser:   summarised duration: 7.07
07-06 00:20:51.229 23029 23494 W Summariser:   noise tolerance: 45.00
07-06 00:20:51.229 23029 23494 W Summariser:   quality: 23
07-06 00:20:51.229 23029 23494 W Summariser:   speed: medium
07-06 00:20:51.229 23029 23494 W Summariser:   freeze duration: 1.00
07-06 00:20:51.291 23029 23494 W NearbyFragment: Sending 20200312_150944.mp4 to Galaxy S8 [2802]
07-06 00:21:57.881 23029 23029 W NearbyFragment: Completed downloading 20200312_193628.mp4 from Endpoint{id=hrLv, name=Galaxy S8 [2802]} in 16.535s
07-06 00:21:57.936 23029 23451 W mobile-ffmpeg: [mov,mp4,m4a,3gp,3g2,mj2 @ 0x7a20ead800] Found duplicated MOOV Atom. Skipped it
07-06 00:21:58.117 23029 23451 W mobile-ffmpeg: [graph 0 input from stream 0:0 @ 0x7a20e2c200] sws_param option is deprecated and ignored
07-06 00:22:11.971 23029 23451 W mobile-ffmpeg: [mov,mp4,m4a,3gp,3g2,mj2 @ 0x7a20ead800] Found duplicated MOOV Atom. Skipped it
07-06 00:22:12.100 23029 23567 W Summariser: 1 active sections found
07-06 00:22:12.114 23029 23451 W mobile-ffmpeg: [mov,mp4,m4a,3gp,3g2,mj2 @ 0x7a20ead800] Found duplicated MOOV Atom. Skipped it
07-06 00:22:12.326 23029 23451 W mobile-ffmpeg: [graph 0 input from stream 0:0 @ 0x7a20e2bcc0] sws_param option is deprecated and ignored
07-06 00:22:49.682 23029 23451 W mobile-ffmpeg: [mov,mp4,m4a,3gp,3g2,mj2 @ 0x7a20ead800] Found duplicated MOOV Atom. Skipped it
07-06 00:22:49.849 23029 23567 W Summariser: Summarisation completed
07-06 00:22:49.849 23029 23567 W Summariser:   filename: 20200312_193628.mp4
07-06 00:22:49.849 23029 23567 W Summariser:   active sections: 1
07-06 00:22:49.849 23029 23567 W Summariser:   time: 51.750s
07-06 00:22:49.849 23029 23567 W Summariser:   original duration: 60.02
07-06 00:22:49.849 23029 23567 W Summariser:   summarised duration: 6.07
07-06 00:22:49.849 23029 23567 W Summariser:   noise tolerance: 45.00
07-06 00:22:49.849 23029 23567 W Summariser:   quality: 23
07-06 00:22:49.849 23029 23567 W Summariser:   speed: medium
07-06 00:22:49.849 23029 23567 W Summariser:   freeze duration: 1.00
07-06 00:22:49.918 23029 23567 W NearbyFragment: Sending 20200312_193628.mp4 to Galaxy S8 [2802]
07-06 00:25:15.250 23029 23029 W NearbyFragment: Completed downloading 20200312_194129.mp4 from Endpoint{id=hrLv, name=Galaxy S8 [2802]} in 70.508s
07-06 00:25:15.370 23029 23451 W mobile-ffmpeg: [mov,mp4,m4a,3gp,3g2,mj2 @ 0x7a20ead800] Found duplicated MOOV Atom. Skipped it
07-06 00:25:15.460 23029 23451 W mobile-ffmpeg: [graph 0 input from stream 0:0 @ 0x7a20e2c200] sws_param option is deprecated and ignored
07-06 00:25:28.461 23029 23665 W Summariser: 2 active sections found
07-06 00:25:28.476 23029 23451 W mobile-ffmpeg: [mov,mp4,m4a,3gp,3g2,mj2 @ 0x7a20ead800] Found duplicated MOOV Atom. Skipped it
07-06 00:25:28.593 23029 23451 W mobile-ffmpeg: [graph 0 input from stream 0:0 @ 0x7a20e2c080] sws_param option is deprecated and ignored
07-06 00:25:28.593 23029 23451 W mobile-ffmpeg: [graph 0 input from stream 0:0 @ 0x7a20e2c5c0] sws_param option is deprecated and ignored
07-06 00:26:11.940 23029 23451 W mobile-ffmpeg: [mov,mp4,m4a,3gp,3g2,mj2 @ 0x7a20ead800] Found duplicated MOOV Atom. Skipped it
07-06 00:26:12.058 23029 23665 W Summariser: Summarisation completed
07-06 00:26:12.058 23029 23665 W Summariser:   filename: 20200312_194129.mp4
07-06 00:26:12.058 23029 23665 W Summariser:   active sections: 2
07-06 00:26:12.058 23029 23665 W Summariser:   time: 56.572s
07-06 00:26:12.058 23029 23665 W Summariser:   original duration: 60.02
07-06 00:26:12.058 23029 23665 W Summariser:   summarised duration: 10.77
07-06 00:26:12.058 23029 23665 W Summariser:   noise tolerance: 45.00
07-06 00:26:12.058 23029 23665 W Summariser:   quality: 23
07-06 00:26:12.058 23029 23665 W Summariser:   speed: medium
07-06 00:26:12.058 23029 23665 W Summariser:   freeze duration: 1.00
07-06 00:26:12.125 23029 23665 W NearbyFragment: Sending 20200312_194129.mp4 to Galaxy S8 [2802]
07-06 00:26:54.061 23029 23029 W NearbyFragment: Completed downloading 20200312_194730.mp4 from Endpoint{id=hrLv, name=Galaxy S8 [2802]} in 102.317s
07-06 00:26:54.118 23029 23451 W mobile-ffmpeg: [mov,mp4,m4a,3gp,3g2,mj2 @ 0x7a20ead800] Found duplicated MOOV Atom. Skipped it
07-06 00:26:54.289 23029 23451 W mobile-ffmpeg: [graph 0 input from stream 0:0 @ 0x7a20e2c200] sws_param option is deprecated and ignored
07-06 00:27:14.565 23029 23737 W Summariser: No activity detected
07-06 00:27:14.574 23029 23451 W mobile-ffmpeg: [mov,mp4,m4a,3gp,3g2,mj2 @ 0x7a20ead800] Found duplicated MOOV Atom. Skipped it
07-06 00:27:14.640 23029 23737 W Summariser: Summarisation completed
07-06 00:27:14.640 23029 23737 W Summariser:   filename: 20200312_194730.mp4
07-06 00:27:14.640 23029 23737 W Summariser:   active sections: 0
07-06 00:27:14.640 23029 23737 W Summariser:   time: 20.459s
07-06 00:27:14.640 23029 23737 W Summariser:   original duration: 60.02
07-06 00:27:14.640 23029 23737 W Summariser:   summarised duration: -1.00
07-06 00:27:14.640 23029 23737 W Summariser:   noise tolerance: 45.00
07-06 00:27:14.640 23029 23737 W Summariser:   quality: 23
07-06 00:27:14.640 23029 23737 W Summariser:   speed: medium
07-06 00:27:14.640 23029 23737 W Summariser:   freeze duration: 1.00
07-06 00:27:58.999 23029 23029 W NearbyFragment: Completed downloading 20200312_194930.mp4 from Endpoint{id=hrLv, name=Galaxy S8 [2802]} in 103.209s
07-06 00:27:59.043 23029 23451 W mobile-ffmpeg: [mov,mp4,m4a,3gp,3g2,mj2 @ 0x7a20ead800] Found duplicated MOOV Atom. Skipped it
07-06 00:27:59.180 23029 23451 W mobile-ffmpeg: [graph 0 input from stream 0:0 @ 0x7a20e2bfc0] sws_param option is deprecated and ignored
07-06 00:28:19.818 23029 23451 W mobile-ffmpeg: [mov,mp4,m4a,3gp,3g2,mj2 @ 0x7a20ead800] Found duplicated MOOV Atom. Skipped it
07-06 00:28:19.925 23029 23763 W Summariser: 2 active sections found
07-06 00:28:19.938 23029 23451 W mobile-ffmpeg: [mov,mp4,m4a,3gp,3g2,mj2 @ 0x7a20ead800] Found duplicated MOOV Atom. Skipped it
07-06 00:28:20.075 23029 23451 W mobile-ffmpeg: [graph 0 input from stream 0:0 @ 0x7a20e2be40] sws_param option is deprecated and ignored
07-06 00:28:20.075 23029 23451 W mobile-ffmpeg: [graph 0 input from stream 0:0 @ 0x7a20e2c2c0] sws_param option is deprecated and ignored
07-06 00:28:47.609 23029 23029 W NearbyFragment: Completed downloading 20200312_195430.mp4 from Endpoint{id=hrLv, name=Galaxy S8 [2802]} in 60.690s
07-06 00:29:52.714 23029 23451 W mobile-ffmpeg: [mov,mp4,m4a,3gp,3g2,mj2 @ 0x7a20ead800] Found duplicated MOOV Atom. Skipped it
07-06 00:29:52.875 23029 23763 W Summariser: Summarisation completed
07-06 00:29:52.875 23029 23763 W Summariser:   filename: 20200312_194930.mp4
07-06 00:29:52.875 23029 23763 W Summariser:   active sections: 2
07-06 00:29:52.875 23029 23763 W Summariser:   time: 113.672s
07-06 00:29:52.875 23029 23763 W Summariser:   original duration: 60.02
07-06 00:29:52.875 23029 23763 W Summariser:   summarised duration: 22.25
07-06 00:29:52.875 23029 23763 W Summariser:   noise tolerance: 45.00
07-06 00:29:52.875 23029 23763 W Summariser:   quality: 23
07-06 00:29:52.875 23029 23763 W Summariser:   speed: medium
07-06 00:29:52.875 23029 23763 W Summariser:   freeze duration: 1.00
07-06 00:29:52.935 23029 23763 W NearbyFragment: Sending 20200312_194930.mp4 to Galaxy S8 [2802]
07-06 00:29:52.964 23029 23451 W mobile-ffmpeg: [mov,mp4,m4a,3gp,3g2,mj2 @ 0x7a20ead800] Found duplicated MOOV Atom. Skipped it
07-06 00:29:53.132 23029 23451 W mobile-ffmpeg: [graph 0 input from stream 0:0 @ 0x7a20e2be40] sws_param option is deprecated and ignored
07-06 00:30:13.647 23029 23763 W Summariser: 5 active sections found
07-06 00:30:13.661 23029 23451 W mobile-ffmpeg: [mov,mp4,m4a,3gp,3g2,mj2 @ 0x7a20ead800] Found duplicated MOOV Atom. Skipped it
07-06 00:30:13.811 23029 23451 W mobile-ffmpeg: [graph 0 input from stream 0:0 @ 0x7a20e2c5c0] sws_param option is deprecated and ignored
07-06 00:30:13.811 23029 23451 W mobile-ffmpeg: [graph 0 input from stream 0:0 @ 0x7a20e2ce00] sws_param option is deprecated and ignored
07-06 00:30:13.812 23029 23451 W mobile-ffmpeg: [graph 0 input from stream 0:0 @ 0x7a20e2cb00] sws_param option is deprecated and ignored
07-06 00:30:13.818 23029 23451 W mobile-ffmpeg: [graph 0 input from stream 0:0 @ 0x7a20e2cf80] sws_param option is deprecated and ignored
07-06 00:30:13.818 23029 23451 W mobile-ffmpeg: [graph 0 input from stream 0:0 @ 0x7a20e2d100] sws_param option is deprecated and ignored
07-06 00:31:26.649 23029 23451 W mobile-ffmpeg: [mov,mp4,m4a,3gp,3g2,mj2 @ 0x7a20ead800] Found duplicated MOOV Atom. Skipped it
07-06 00:31:26.798 23029 23763 W Summariser: Summarisation completed
07-06 00:31:26.798 23029 23763 W Summariser:   filename: 20200312_195430.mp4
07-06 00:31:26.798 23029 23763 W Summariser:   active sections: 5
07-06 00:31:26.798 23029 23763 W Summariser:   time: 93.688s
07-06 00:31:26.798 23029 23763 W Summariser:   original duration: 60.02
07-06 00:31:26.798 23029 23763 W Summariser:   summarised duration: 21.92
07-06 00:31:26.798 23029 23763 W Summariser:   noise tolerance: 45.00
07-06 00:31:26.798 23029 23763 W Summariser:   quality: 23
07-06 00:31:26.798 23029 23763 W Summariser:   speed: medium
07-06 00:31:26.798 23029 23763 W Summariser:   freeze duration: 1.00
07-06 00:31:26.859 23029 23763 W NearbyFragment: Sending 20200312_195430.mp4 to Galaxy S8 [2802]
