--------- beginning of main
--------- beginning of system
07-03 01:03:47.352 21764 21764 W LogFactory: Truncating log tag length as it exceed 23, the limit imposed by Android on certain API Levels
07-03 01:03:56.579 21764 21764 E TransferService: No notification is passed in the intent. Unable to transition to foreground.
07-03 01:05:25.799 21764 21764 W NearbyFragment: Preferences:
07-03 01:05:25.799 21764 21764 W NearbyFragment:   Auto download: true
07-03 01:05:25.799 21764 21764 W NearbyFragment:   Algorithm: best_or_local
07-03 01:05:25.799 21764 21764 W NearbyFragment:   Fast scheduling: true
07-03 01:05:25.799 21764 21764 W NearbyFragment:   Segmentation: false
07-03 01:05:25.799 21764 21764 W NearbyFragment:   Auto segmentation: false
07-03 01:05:25.799 21764 21764 W NearbyFragment:   Segment number: 4
07-03 01:05:25.799 21764 21764 W NearbyFragment:   Noise tolerance: 45.00
07-03 01:05:25.799 21764 21764 W NearbyFragment:   Quality: 23
07-03 01:05:25.799 21764 21764 W NearbyFragment:   Speed: medium
07-03 01:05:25.799 21764 21764 W NearbyFragment:   Freeze duration: 1.00
07-03 01:05:25.800 21764 21764 W NearbyFragment: Download delay: 1s
07-03 01:05:25.800 21764 21764 W NearbyFragment: Started downloading from dashcam
07-03 01:05:41.480 21764 21975 W DashDownloadManager: Successfully downloaded 20200312_150643.mp4 in 15.372s
07-03 01:05:41.499 21764 21975 W NearbyFragment: Sending 20200312_150643.mp4 to Galaxy S8 [2802]
07-03 01:06:05.550 21764 21975 W DashDownloadManager: Successfully downloaded 20200312_150744.mp4 in 22.988s
07-03 01:06:05.556 21764 21975 W NearbyFragment: Sending 20200312_150744.mp4 to Galaxy S8 [2802]
07-03 01:06:31.364 21764 21975 W DashDownloadManager: Successfully downloaded 20200312_150844.mp4 in 24.736s
07-03 01:06:31.371 21764 21975 W NearbyFragment: Sending 20200312_150844.mp4 to Nexus 5 [1825]
07-03 01:06:38.040 21764 21764 W NearbyFragment: Completed downloading 20200312_150744.mp4 from Endpoint{id=EYKe, name=Galaxy S8 [2802]} in 00.454s
07-03 01:07:01.249 21764 21975 W DashDownloadManager: Successfully downloaded 20200312_150944.mp4 in 28.807s
07-03 01:07:01.259 21764 21975 W NearbyFragment: Sending 20200312_150944.mp4 to Galaxy S8 [2802]
07-03 01:07:23.584 21764 21764 W NearbyFragment: Completed downloading 20200312_150944.mp4 from Endpoint{id=EYKe, name=Galaxy S8 [2802]} in 00.319s
07-03 01:07:28.158 21764 21764 W NearbyFragment: Completed downloading 20200312_150844.mp4 from Endpoint{id=LrVR, name=Nexus 5 [1825]} in 13.297s
07-03 01:07:36.176 21764 21975 W DashDownloadManager: Successfully downloaded 20200312_151044.mp4 in 33.856s
07-03 01:07:36.183 21764 21975 W NearbyFragment: Sending 20200312_151044.mp4 to Galaxy S8 [2802]
07-03 01:07:59.819 21764 21975 W DashDownloadManager: Successfully downloaded 20200312_193528.mp4 in 22.549s
07-03 01:07:59.829 21764 21975 W NearbyFragment: Sending 20200312_193528.mp4 to Galaxy S8 [2802]
07-03 01:08:21.284 21764 21975 W DashDownloadManager: Successfully downloaded 20200312_193628.mp4 in 20.391s
07-03 01:08:21.291 21764 21975 W NearbyFragment: Sending 20200312_193628.mp4 to Galaxy S8 [2802]
07-03 01:08:41.633 21764 21975 W DashDownloadManager: Successfully downloaded 20200312_193728.mp4 in 19.285s
07-03 01:08:41.640 21764 21975 W NearbyFragment: Sending 20200312_193728.mp4 to Nexus 5 [1825]
07-03 01:08:49.163 21764 21764 W NearbyFragment: Completed downloading 20200312_193628.mp4 from Endpoint{id=EYKe, name=Galaxy S8 [2802]} in 00.468s
07-03 01:09:11.886 21764 21975 W DashDownloadManager: Successfully downloaded 20200312_193828.mp4 in 29.184s
07-03 01:09:11.893 21764 21975 W NearbyFragment: Sending 20200312_193828.mp4 to Galaxy S8 [2802]
07-03 01:09:41.050 21764 21764 W NearbyFragment: Completed downloading 20200312_193728.mp4 from Endpoint{id=LrVR, name=Nexus 5 [1825]} in 13.919s
07-03 01:09:46.085 21764 21764 W NearbyFragment: Completed downloading 20200312_193828.mp4 from Endpoint{id=EYKe, name=Galaxy S8 [2802]} in 00.020s
07-03 01:09:46.621 21764 21975 W DashDownloadManager: Successfully downloaded 20200312_193928.mp4 in 33.686s
07-03 01:09:46.626 21764 21975 W NearbyFragment: Sending 20200312_193928.mp4 to Galaxy S8 [2802]
07-03 01:10:06.810 21764 21975 W DashDownloadManager: Successfully downloaded 20200312_194129.mp4 in 19.117s
07-03 01:10:06.818 21764 21975 W NearbyFragment: Sending 20200312_194129.mp4 to Galaxy S8 [2802]
07-03 01:10:28.296 21764 21975 W DashDownloadManager: Successfully downloaded 20200312_194229.mp4 in 20.414s
07-03 01:10:28.303 21764 21975 W NearbyFragment: Sending 20200312_194229.mp4 to Nexus 5 [1825]
07-03 01:10:36.615 21764 21764 W NearbyFragment: Completed downloading 20200312_194129.mp4 from Endpoint{id=EYKe, name=Galaxy S8 [2802]} in 00.332s
07-03 01:10:58.706 21764 21975 W DashDownloadManager: Successfully downloaded 20200312_194330.mp4 in 29.325s
07-03 01:10:58.719 21764 21975 W NearbyFragment: Sending 20200312_194330.mp4 to Galaxy S8 [2802]
07-03 01:11:20.635 21764 21975 W DashDownloadManager: Successfully downloaded 20200312_194730.mp4 in 20.846s
07-03 01:11:20.643 21764 21975 W NearbyFragment: Sending 20200312_194730.mp4 to Galaxy S8 [2802]
07-03 01:11:40.689 21764 21975 W DashDownloadManager: Successfully downloaded 20200312_194830.mp4 in 18.980s
07-03 01:11:40.697 21764 21975 W NearbyFragment: Sending 20200312_194830.mp4 to Galaxy S8 [2802]
07-03 01:12:02.208 21764 21975 W DashDownloadManager: Successfully downloaded 20200312_194930.mp4 in 20.432s
07-03 01:12:03.210 21764 22161 W mobile-ffmpeg: [mov,mp4,m4a,3gp,3g2,mj2 @ 0x7c5c2e1200] Found duplicated MOOV Atom. Skipped it
07-03 01:12:03.597 21764 22161 W mobile-ffmpeg: [graph 0 input from stream 0:0 @ 0x7c5c211040] sws_param option is deprecated and ignored
07-03 01:12:05.706 21764 21764 W NearbyFragment: Completed downloading 20200312_194229.mp4 from Endpoint{id=LrVR, name=Nexus 5 [1825]} in 01.323s
07-03 01:12:19.004 21764 21975 W DashDownloadManager: Successfully downloaded 20200312_195230.mp4 in 15.712s
07-03 01:12:19.011 21764 21975 W NearbyFragment: Sending 20200312_195230.mp4 to Nexus 5 [1825]
07-03 01:12:21.352 21764 21764 W NearbyFragment: Completed downloading 20200312_194830.mp4 from Endpoint{id=EYKe, name=Galaxy S8 [2802]} in 02.078s
07-03 01:12:42.890 21764 22161 W mobile-ffmpeg: [mov,mp4,m4a,3gp,3g2,mj2 @ 0x7c5c2e1200] Found duplicated MOOV Atom. Skipped it
07-03 01:12:43.104 21764 22160 W Summariser: 2 active sections found
07-03 01:12:43.121 21764 22161 W mobile-ffmpeg: [mov,mp4,m4a,3gp,3g2,mj2 @ 0x7c5c2e1200] Found duplicated MOOV Atom. Skipped it
07-03 01:12:43.326 21764 22161 W mobile-ffmpeg: [graph 0 input from stream 0:0 @ 0x7c5c210f80] sws_param option is deprecated and ignored
07-03 01:12:43.326 21764 22161 W mobile-ffmpeg: [graph 0 input from stream 0:0 @ 0x7c5c211400] sws_param option is deprecated and ignored
07-03 01:12:51.681 21764 21975 W DashDownloadManager: Successfully downloaded 20200312_195330.mp4 in 31.617s
07-03 01:12:51.688 21764 21975 W NearbyFragment: Sending 20200312_195330.mp4 to Galaxy S8 [2802]
07-03 01:13:15.432 21764 21975 W DashDownloadManager: Successfully downloaded 20200312_195430.mp4 in 22.685s
07-03 01:13:16.463 21764 21975 W NearbyFragment: Stopped downloading from dashcam
07-03 01:13:40.321 21764 21764 W NearbyFragment: Completed downloading 20200312_195330.mp4 from Endpoint{id=EYKe, name=Galaxy S8 [2802]} in 00.730s
07-03 01:13:42.186 21764 21764 W NearbyFragment: Completed downloading 20200312_195230.mp4 from Endpoint{id=LrVR, name=Nexus 5 [1825]} in 00.461s
07-03 01:15:00.582 21764 22161 W mobile-ffmpeg: [mov,mp4,m4a,3gp,3g2,mj2 @ 0x7c5c2e1200] Found duplicated MOOV Atom. Skipped it
07-03 01:15:00.823 21764 22160 W Summariser: Summarisation completed
07-03 01:15:00.823 21764 22160 W Summariser:   filename: 20200312_194930.mp4
07-03 01:15:00.823 21764 22160 W Summariser:   active sections: 2
07-03 01:15:00.823 21764 22160 W Summariser:   time: 178.299s
07-03 01:15:00.823 21764 22160 W Summariser:   original duration: 60.02
07-03 01:15:00.823 21764 22160 W Summariser:   summarised duration: 22.25
07-03 01:15:00.823 21764 22160 W Summariser:   noise tolerance: 45.00
07-03 01:15:00.823 21764 22160 W Summariser:   quality: 23
07-03 01:15:00.823 21764 22160 W Summariser:   speed: medium
07-03 01:15:00.823 21764 22160 W Summariser:   freeze duration: 1.00
07-03 01:15:00.962 21764 22161 W mobile-ffmpeg: [mov,mp4,m4a,3gp,3g2,mj2 @ 0x7c5c2e1200] Found duplicated MOOV Atom. Skipped it
07-03 01:15:01.226 21764 22161 W mobile-ffmpeg: [graph 0 input from stream 0:0 @ 0x7c5c210140] sws_param option is deprecated and ignored
07-03 01:15:28.154 21764 22160 W Summariser: 5 active sections found
07-03 01:15:28.172 21764 22161 W mobile-ffmpeg: [mov,mp4,m4a,3gp,3g2,mj2 @ 0x7c5c2e1200] Found duplicated MOOV Atom. Skipped it
07-03 01:15:28.350 21764 22161 W mobile-ffmpeg: [graph 0 input from stream 0:0 @ 0x7c5c211700] sws_param option is deprecated and ignored
07-03 01:15:28.350 21764 22161 W mobile-ffmpeg: [graph 0 input from stream 0:0 @ 0x7c5c211e80] sws_param option is deprecated and ignored
07-03 01:15:28.351 21764 22161 W mobile-ffmpeg: [graph 0 input from stream 0:0 @ 0x7c5c211c40] sws_param option is deprecated and ignored
07-03 01:15:28.351 21764 22161 W mobile-ffmpeg: [graph 0 input from stream 0:0 @ 0x7c565d00c0] sws_param option is deprecated and ignored
07-03 01:15:28.351 21764 22161 W mobile-ffmpeg: [graph 0 input from stream 0:0 @ 0x7c565d0240] sws_param option is deprecated and ignored
07-03 01:16:56.201 21764 22161 W mobile-ffmpeg: [mov,mp4,m4a,3gp,3g2,mj2 @ 0x7c5c2e1200] Found duplicated MOOV Atom. Skipped it
07-03 01:16:56.423 21764 22160 W Summariser: Summarisation completed
07-03 01:16:56.423 21764 22160 W Summariser:   filename: 20200312_195430.mp4
07-03 01:16:56.423 21764 22160 W Summariser:   active sections: 5
07-03 01:16:56.423 21764 22160 W Summariser:   time: 115.251s
07-03 01:16:56.423 21764 22160 W Summariser:   original duration: 60.02
07-03 01:16:56.423 21764 22160 W Summariser:   summarised duration: 21.92
07-03 01:16:56.423 21764 22160 W Summariser:   noise tolerance: 45.00
07-03 01:16:56.423 21764 22160 W Summariser:   quality: 23
07-03 01:16:56.423 21764 22160 W Summariser:   speed: medium
07-03 01:16:56.423 21764 22160 W Summariser:   freeze duration: 1.00
