--------- beginning of main
07-03 01:03:57.470  2448  2448 W LogFactory: Truncating log tag length as it exceed 23, the limit imposed by Android on certain API Levels
07-03 01:03:57.606  2448  2448 E TransferService: No notification is passed in the intent. Unable to transition to foreground.
07-03 01:03:57.986  2448  2448 W StaticLayout: maxLineHeight should not be -1.  maxLines:1 lineCount:1
07-03 01:03:58.037  2448  2448 W StaticLayout: maxLineHeight should not be -1.  maxLines:1 lineCount:1
07-03 01:03:58.081  2448  2448 W StaticLayout: maxLineHeight should not be -1.  maxLines:1 lineCount:1
07-03 01:03:58.143  2448  2448 W StaticLayout: maxLineHeight should not be -1.  maxLines:1 lineCount:1
07-03 01:03:58.365  2448  2448 W StaticLayout: maxLineHeight should not be -1.  maxLines:1 lineCount:1
07-03 01:03:58.381  2448  2570 W Adreno-EGL: <qeglDrvAPI_eglGetConfigAttrib:607>: EGL_BAD_ATTRIBUTE
07-03 01:03:58.397  2448  2448 W StaticLayout: maxLineHeight should not be -1.  maxLines:1 lineCount:1
07-03 01:03:58.409  2448  2570 W Adreno-EGL: <qeglDrvAPI_eglGetConfigAttrib:607>: EGL_BAD_ATTRIBUTE
07-03 01:04:30.553  2448  2570 W Adreno-EGL: <qeglDrvAPI_eglGetConfigAttrib:607>: EGL_BAD_ATTRIBUTE
07-03 01:04:35.857  2448  2570 W Adreno-EGL: <qeglDrvAPI_eglGetConfigAttrib:607>: EGL_BAD_ATTRIBUTE
07-03 01:06:45.780  2448  2448 W NearbyFragment: Completed downloading 20200312_150844.mp4 from Endpoint{id=3PH2, name=Nexus 5X [34d8]} in 15.660s
07-03 01:06:46.064  2448  3312 W mobile-ffmpeg: [mov,mp4,m4a,3gp,3g2,mj2 @ 0x95eea600] Found duplicated MOOV Atom. Skipped it
07-03 01:06:46.229  2448  3312 W mobile-ffmpeg: [graph 0 input from stream 0:0 @ 0x9885c120] sws_param option is deprecated and ignored
07-03 01:07:07.852  2448  3311 W Summariser: Whole video is active
07-03 01:07:12.851  2448  3312 W mobile-ffmpeg: [mov,mp4,m4a,3gp,3g2,mj2 @ 0x9616d000] Found duplicated MOOV Atom. Skipped it
07-03 01:07:12.952  2448  3312 W mobile-ffmpeg: [mov,mp4,m4a,3gp,3g2,mj2 @ 0x92cd6200] Found duplicated MOOV Atom. Skipped it
07-03 01:07:13.026  2448  3311 W Summariser: Summarisation completed
07-03 01:07:13.026  2448  3311 W Summariser:   filename: 20200312_150844.mp4
07-03 01:07:13.026  2448  3311 W Summariser:   active sections: -1
07-03 01:07:13.026  2448  3311 W Summariser:   time: 26.973s
07-03 01:07:13.026  2448  3311 W Summariser:   original duration: 60.02
07-03 01:07:13.026  2448  3311 W Summariser:   summarised duration: 60.02
07-03 01:07:13.026  2448  3311 W Summariser:   noise tolerance: 45.00
07-03 01:07:13.026  2448  3311 W Summariser:   quality: 23
07-03 01:07:13.026  2448  3311 W Summariser:   speed: medium
07-03 01:07:13.026  2448  3311 W Summariser:   freeze duration: 1.00
07-03 01:07:13.074  2448  3311 W NearbyFragment: Sending 20200312_150844.mp4 to Nexus 5X [34d8]
07-03 01:08:58.442  2448  2448 W NearbyFragment: Completed downloading 20200312_193728.mp4 from Endpoint{id=3PH2, name=Nexus 5X [34d8]} in 18.022s
07-03 01:08:58.524  2448  3312 W mobile-ffmpeg: [mov,mp4,m4a,3gp,3g2,mj2 @ 0x92afa200] Found duplicated MOOV Atom. Skipped it
07-03 01:08:58.648  2448  3312 W mobile-ffmpeg: [graph 0 input from stream 0:0 @ 0x9885c060] sws_param option is deprecated and ignored
07-03 01:09:20.815  2448  3544 W Summariser: Whole video is active
07-03 01:09:25.170  2448  3312 W mobile-ffmpeg: [mov,mp4,m4a,3gp,3g2,mj2 @ 0x92af9c00] Found duplicated MOOV Atom. Skipped it
07-03 01:09:25.255  2448  3312 W mobile-ffmpeg: [mov,mp4,m4a,3gp,3g2,mj2 @ 0x92af8a00] Found duplicated MOOV Atom. Skipped it
07-03 01:09:25.330  2448  3544 W Summariser: Summarisation completed
07-03 01:09:25.330  2448  3544 W Summariser:   filename: 20200312_193728.mp4
07-03 01:09:25.330  2448  3544 W Summariser:   active sections: -1
07-03 01:09:25.330  2448  3544 W Summariser:   time: 26.658s
07-03 01:09:25.330  2448  3544 W Summariser:   original duration: 60.02
07-03 01:09:25.330  2448  3544 W Summariser:   summarised duration: 60.02
07-03 01:09:25.330  2448  3544 W Summariser:   noise tolerance: 45.00
07-03 01:09:25.330  2448  3544 W Summariser:   quality: 23
07-03 01:09:25.330  2448  3544 W Summariser:   speed: medium
07-03 01:09:25.330  2448  3544 W Summariser:   freeze duration: 1.00
07-03 01:09:25.367  2448  3544 W NearbyFragment: Sending 20200312_193728.mp4 to Nexus 5X [34d8]
07-03 01:10:44.634  2448  2448 W NearbyFragment: Completed downloading 20200312_194229.mp4 from Endpoint{id=3PH2, name=Nexus 5X [34d8]} in 16.605s
07-03 01:10:44.725  2448  3312 W mobile-ffmpeg: [mov,mp4,m4a,3gp,3g2,mj2 @ 0x9882da00] Found duplicated MOOV Atom. Skipped it
07-03 01:10:44.862  2448  3312 W mobile-ffmpeg: [graph 0 input from stream 0:0 @ 0x9885c060] sws_param option is deprecated and ignored
07-03 01:11:06.319  2448  3312 W mobile-ffmpeg: [mov,mp4,m4a,3gp,3g2,mj2 @ 0x95ef3e00] Found duplicated MOOV Atom. Skipped it
07-03 01:11:06.397  2448  3755 W Summariser: 5 active sections found
07-03 01:11:06.416  2448  3312 W mobile-ffmpeg: [mov,mp4,m4a,3gp,3g2,mj2 @ 0x92c49000] Found duplicated MOOV Atom. Skipped it
07-03 01:11:06.536  2448  3312 W mobile-ffmpeg: [graph 0 input from stream 0:0 @ 0x95ee8740] sws_param option is deprecated and ignored
07-03 01:11:06.536  2448  3312 W mobile-ffmpeg: [graph 0 input from stream 0:0 @ 0x95ee8860] sws_param option is deprecated and ignored
07-03 01:11:06.536  2448  3312 W mobile-ffmpeg: [graph 0 input from stream 0:0 @ 0x95ee8620] sws_param option is deprecated and ignored
07-03 01:11:06.537  2448  3312 W mobile-ffmpeg: [graph 0 input from stream 0:0 @ 0x95ee8a40] sws_param option is deprecated and ignored
07-03 01:11:06.537  2448  3312 W mobile-ffmpeg: [graph 0 input from stream 0:0 @ 0x95ee8b60] sws_param option is deprecated and ignored
07-03 01:12:02.405  2448  3312 W mobile-ffmpeg: [mov,mp4,m4a,3gp,3g2,mj2 @ 0x92c49000] Found duplicated MOOV Atom. Skipped it
07-03 01:12:02.565  2448  3755 W Summariser: Summarisation completed
07-03 01:12:02.565  2448  3755 W Summariser:   filename: 20200312_194229.mp4
07-03 01:12:02.565  2448  3755 W Summariser:   active sections: 5
07-03 01:12:02.565  2448  3755 W Summariser:   time: 77.684s
07-03 01:12:02.565  2448  3755 W Summariser:   original duration: 60.02
07-03 01:12:02.565  2448  3755 W Summariser:   summarised duration: 15.51
07-03 01:12:02.565  2448  3755 W Summariser:   noise tolerance: 45.00
07-03 01:12:02.565  2448  3755 W Summariser:   quality: 23
07-03 01:12:02.565  2448  3755 W Summariser:   speed: medium
07-03 01:12:02.565  2448  3755 W Summariser:   freeze duration: 1.00
07-03 01:12:02.632  2448  3755 W NearbyFragment: Sending 20200312_194229.mp4 to Nexus 5X [34d8]
07-03 01:12:46.216  2448  2448 W NearbyFragment: Completed downloading 20200312_195230.mp4 from Endpoint{id=3PH2, name=Nexus 5X [34d8]} in 28.282s
07-03 01:12:46.293  2448  3312 W mobile-ffmpeg: [mov,mp4,m4a,3gp,3g2,mj2 @ 0x92cffa00] Found duplicated MOOV Atom. Skipped it
07-03 01:12:46.418  2448  3312 W mobile-ffmpeg: [graph 0 input from stream 0:0 @ 0xa8a27dc0] sws_param option is deprecated and ignored
07-03 01:13:10.090  2448  4054 W Summariser: 1 active sections found
07-03 01:13:10.107  2448  3312 W mobile-ffmpeg: [mov,mp4,m4a,3gp,3g2,mj2 @ 0x926fe400] Found duplicated MOOV Atom. Skipped it
07-03 01:13:10.192  2448  3312 W mobile-ffmpeg: [graph 0 input from stream 0:0 @ 0x95ee8020] sws_param option is deprecated and ignored
07-03 01:13:39.755  2448  3312 W mobile-ffmpeg: [mov,mp4,m4a,3gp,3g2,mj2 @ 0x926fe400] Found duplicated MOOV Atom. Skipped it
07-03 01:13:39.890  2448  4054 W Summariser: Summarisation completed
07-03 01:13:39.890  2448  4054 W Summariser:   filename: 20200312_195230.mp4
07-03 01:13:39.890  2448  4054 W Summariser:   active sections: 1
07-03 01:13:39.890  2448  4054 W Summariser:   time: 53.472s
07-03 01:13:39.890  2448  4054 W Summariser:   original duration: 60.02
07-03 01:13:39.890  2448  4054 W Summariser:   summarised duration: 6.97
07-03 01:13:39.890  2448  4054 W Summariser:   noise tolerance: 45.00
07-03 01:13:39.890  2448  4054 W Summariser:   quality: 23
07-03 01:13:39.890  2448  4054 W Summariser:   speed: medium
07-03 01:13:39.890  2448  4054 W Summariser:   freeze duration: 1.00
07-03 01:13:39.965  2448  4054 W NearbyFragment: Sending 20200312_195230.mp4 to Nexus 5X [34d8]
