--------- beginning of main
07-05 19:17:21.280 21083 21083 E Zygote  : isWhitelistProcess - Process is Whitelisted
07-05 19:17:21.283 21083 21083 E Zygote  : accessInfo : 1
07-05 19:17:21.299 21083 21083 I example.edgesu: Late-enabling -Xcheck:jni
--------- beginning of system
07-05 19:17:22.750 21083 21083 I ActivityThread: handleStopService: token=android.os.BinderProxy@2ba744a not found.
07-05 19:17:22.760 21083 21083 I TransferService: Starting Transfer Service to listen for network connectivity changes.
07-05 19:17:22.766 21083 21083 W LogFactory: Truncating log tag length as it exceed 23, the limit imposed by Android on certain API Levels
07-05 19:17:22.859 21083 21083 I TransferService: Registering the network receiver
07-05 19:17:22.864 21083 21083 I TransferService: Moving the service out of the Foreground state.
07-05 19:17:22.866 21083 21083 I TransferService: De-registering the network receiver.
07-05 19:19:21.523 21083 21083 W ActivityThread: handleWindowVisibility: no activity for token android.os.BinderProxy@b6ddef0
07-05 19:19:21.535 21083 21771 D vndksupport: Loading /vendor/lib64/egl/libGLES_mali.so from current namespace instead of sphal namespace.
07-05 19:19:21.572 21083 21771 D libEGL  : loaded /vendor/lib64/egl/libGLES_mali.so
07-05 19:19:21.620 21083 21083 W example.edgesu: Accessing hidden method Landroid/graphics/drawable/Drawable;->getOpticalInsets()Landroid/graphics/Insets; (light greylist, linking)
07-05 19:19:21.620 21083 21083 W example.edgesu: Accessing hidden field Landroid/graphics/Insets;->left:I (light greylist, linking)
07-05 19:19:21.620 21083 21083 W example.edgesu: Accessing hidden field Landroid/graphics/Insets;->right:I (light greylist, linking)
07-05 19:19:21.620 21083 21083 W example.edgesu: Accessing hidden field Landroid/graphics/Insets;->top:I (light greylist, linking)
07-05 19:19:21.620 21083 21083 W example.edgesu: Accessing hidden field Landroid/graphics/Insets;->bottom:I (light greylist, linking)
07-05 19:19:21.640 21083 21083 I DecorView: createDecorCaptionView >> DecorView@b3c04dd[], isFloating: false, isApplication: true, hasWindowDecorCaption: false, hasWindowControllerCallback: true
07-05 19:19:21.670 21083 21083 W example.edgesu: Accessing hidden method Landroid/view/View;->computeFitSystemWindows(Landroid/graphics/Rect;Landroid/graphics/Rect;)Z (light greylist, reflection)
07-05 19:19:21.671 21083 21083 W example.edgesu: Accessing hidden method Landroid/view/ViewGroup;->makeOptionalFitsSystemWindows()V (light greylist, reflection)
07-05 19:19:21.781 21083 21083 W example.edgesu: Accessing hidden method Landroid/widget/TextView;->getTextDirectionHeuristic()Landroid/text/TextDirectionHeuristic; (light greylist, linking)
07-05 19:19:21.790 21083 21083 W example.edgesu: Accessing hidden field Landroid/view/View;->mAccessibilityDelegate:Landroid/view/View$AccessibilityDelegate; (light greylist, reflection)
07-05 19:19:21.857 21083 21083 V Repo    : /storage/emulated/0/Movies/raw
07-05 19:19:21.857 21083 21083 V Repo    : /storage/emulated/0/Movies/summarised
07-05 19:19:21.887 21083 21083 V FileManager: External storage is readable
07-05 19:19:21.887 21083 21083 V FileManager: Directory already exists: /storage/emulated/0/Movies/raw
07-05 19:19:21.888 21083 21083 V FileManager: External storage is readable
07-05 19:19:21.889 21083 21083 V FileManager: Directory already exists: /storage/emulated/0/Movies/summarised
07-05 19:19:21.890 21083 21083 V FileManager: External storage is readable
07-05 19:19:21.890 21083 21083 V FileManager: Directory already exists: /storage/emulated/0/Download/nearby
07-05 19:19:21.891 21083 21083 V FileManager: External storage is readable
07-05 19:19:21.892 21083 21083 V FileManager: Directory already exists: /storage/emulated/0/Movies/segment
07-05 19:19:21.893 21083 21083 V FileManager: External storage is readable
07-05 19:19:21.893 21083 21083 V FileManager: Directory already exists: /storage/emulated/0/Movies/segment-sum
07-05 19:19:22.030 21083 21083 V VideoManager: getAllVideoFromExternalStorageFolder
07-05 19:19:22.032 21083 21083 D VideoManager: /storage/emulated/0/Movies/summarised
07-05 19:19:22.047 21083 21083 D VideoManager: 0 videos return
07-05 19:19:22.077 21083 21083 V VideoManager: getAllVideoFromExternalStorageFolder
07-05 19:19:22.078 21083 21083 D VideoManager: /storage/emulated/0/Movies/raw
07-05 19:19:22.083 21083 21083 D VideoManager: 0 videos return
07-05 19:19:22.123 21083 21083 D OpenGLRenderer: Skia GL Pipeline
07-05 19:19:22.126 21083 21083 D EmergencyMode: [EmergencyManager] android createPackageContext successful
07-05 19:19:22.143 21083 21083 D InputTransport: Input channel constructed: fd=64
07-05 19:19:22.144 21083 21083 D ViewRootImpl@c283b21[MainActivity]: setView = DecorView@b3c04dd[MainActivity] TM=true MM=false
07-05 19:19:22.146 21083 21083 I TransferService: Starting Transfer Service to listen for network connectivity changes.
07-05 19:19:22.146 21083 21083 I TransferService: Registering the network receiver
07-05 19:19:22.147 21083 21083 E TransferService: No notification is passed in the intent. Unable to transition to foreground.
07-05 19:19:22.178 21083 21083 D ViewRootImpl@c283b21[MainActivity]: dispatchAttachedToWindow
07-05 19:19:22.192 21083 21097 D MainActivity: Scanned /storage/emulated/0/Movies/raw
07-05 19:19:22.192 21083 21097 D MainActivity:   -> uri=content://media/external/file/138419
07-05 19:19:22.194 21083 21083 W StaticLayout: maxLineHeight should not be -1.  maxLines:1 lineCount:1
07-05 19:19:22.203 21083 21083 W StaticLayout: maxLineHeight should not be -1.  maxLines:1 lineCount:1
07-05 19:19:22.207 21083 21083 W StaticLayout: maxLineHeight should not be -1.  maxLines:1 lineCount:1
07-05 19:19:22.211 21083 21083 W StaticLayout: maxLineHeight should not be -1.  maxLines:1 lineCount:1
07-05 19:19:22.222 21083 21083 D ViewRootImpl@c283b21[MainActivity]: Relayout returned: old=[0,0][720,1480] new=[0,0][720,1480] result=0x7 surface={valid=true 519406923776} changed=true
07-05 19:19:22.229 21083 21778 I ConfigStore: android::hardware::configstore::V1_0::ISurfaceFlingerConfigs::hasWideColorDisplay retrieved: 0
07-05 19:19:22.230 21083 21778 I ConfigStore: android::hardware::configstore::V1_0::ISurfaceFlingerConfigs::hasHDRDisplay retrieved: 0
07-05 19:19:22.230 21083 21778 I OpenGLRenderer: Initialized EGL, version 1.4
07-05 19:19:22.230 21083 21778 D OpenGLRenderer: Swap behavior 2
07-05 19:19:22.230 21083 21083 W StaticLayout: maxLineHeight should not be -1.  maxLines:1 lineCount:1
07-05 19:19:22.234 21083 21083 W StaticLayout: maxLineHeight should not be -1.  maxLines:1 lineCount:1
07-05 19:19:22.235 21083 21097 D MainActivity: Scanned /storage/emulated/0/Movies/summarised
07-05 19:19:22.235 21083 21097 D MainActivity:   -> uri=content://media/external/file/138420
07-05 19:19:22.241 21083 21778 D mali_winsys: EGLint new_window_surface(egl_winsys_display *, void *, EGLSurface, EGLConfig, egl_winsys_surface **, EGLBoolean) returns 0x3000
07-05 19:19:22.241 21083 21778 D OpenGLRenderer: eglCreateWindowSurface = 0x78d67c7b80, 0x78ef10b010
07-05 19:19:22.243 21083 21083 I TransferNetworkLossHand: Network connectivity changed detected.
07-05 19:19:22.244 21083 21083 I TransferNetworkLossHand: Network connected: true
07-05 19:19:22.247 21083 21805 D TransferNetworkLossHand: Loading transfers from database...
07-05 19:19:22.252 21083 21805 D TransferNetworkLossHand: Closing the cursor for resumeAllTransfers
07-05 19:19:22.253 21083 21805 D TransferNetworkLossHand: 0 transfers are loaded from database.
07-05 19:19:22.332 21083 21778 D vndksupport: Loading /vendor/lib64/hw/android.hardware.graphics.mapper@2.0-impl.so from current namespace instead of sphal namespace.
07-05 19:19:22.354 21083 21083 D ViewRootImpl@c283b21[MainActivity]: MSG_RESIZED: frame=Rect(0, 0 - 720, 1480) ci=Rect(0, 48 - 0, 96) vi=Rect(0, 48 - 0, 96) or=1
07-05 19:19:22.358 21083 21083 D ViewRootImpl@c283b21[MainActivity]: setWindowStopped(false) old=false
07-05 19:19:22.372 21083 21083 D ViewRootImpl@c283b21[MainActivity]: MSG_WINDOW_FOCUS_CHANGED 1 1
07-05 19:19:22.373 21083 21083 D InputMethodManager: prepareNavigationBarInfo() DecorView@b3c04dd[MainActivity]
07-05 19:19:22.373 21083 21083 D InputMethodManager: getNavigationBarColor() -855310
07-05 19:19:22.378 21083 21083 D InputMethodManager: prepareNavigationBarInfo() DecorView@b3c04dd[MainActivity]
07-05 19:19:22.378 21083 21083 D InputMethodManager: getNavigationBarColor() -855310
07-05 19:19:22.378 21083 21083 V InputMethodManager: Starting input: tba=com.example.edgesum ic=null mNaviBarColor -855310 mIsGetNaviBarColorSuccess true , NavVisible : true , NavTrans : false
07-05 19:19:22.378 21083 21083 D InputMethodManager: startInputInner - Id : 0
07-05 19:19:22.379 21083 21083 I InputMethodManager: startInputInner - mService.startInputOrWindowGainedFocus
07-05 19:19:22.383 21083 21096 D InputTransport: Input channel constructed: fd=74
07-05 19:19:22.413 21083 21083 D InputMethodManager: prepareNavigationBarInfo() DecorView@b3c04dd[MainActivity]
07-05 19:19:22.413 21083 21083 D InputMethodManager: getNavigationBarColor() -855310
07-05 19:19:22.413 21083 21083 V InputMethodManager: Starting input: tba=com.example.edgesum ic=null mNaviBarColor -855310 mIsGetNaviBarColorSuccess true , NavVisible : true , NavTrans : false
07-05 19:19:22.413 21083 21083 D InputMethodManager: startInputInner - Id : 0
07-05 19:19:28.659 21083 21083 D ViewRootImpl@c283b21[MainActivity]: ViewPostIme pointer 0
07-05 19:19:28.709 21083 21083 D ViewRootImpl@c283b21[MainActivity]: ViewPostIme pointer 1
07-05 19:19:28.724 21083 21083 V MainActivity: Connect button clicked
07-05 19:19:31.408 21083 21083 D ViewRootImpl@c283b21[MainActivity]: ViewPostIme pointer 0
07-05 19:19:31.441 21083 21083 D ViewRootImpl@c283b21[MainActivity]: ViewPostIme pointer 1
07-05 19:19:31.448 21083 21083 V ConnectionFragment: Advertisement switch checked
07-05 19:19:33.090 21083 21083 D NearbyFragment: Started advertising
07-05 19:19:56.865 21083 21083 D NearbyFragment: Initiated connection with Qd2N: Nexus 5X [34d8]
07-05 19:19:56.883 21083 21083 D Dialog  : mIsSamsungBasicInteraction = false
07-05 19:19:56.883 21083 21083 D Dialog  : mIsSamsungBasicInteraction = false, isMetaDataInActivity = false
07-05 19:19:56.932 21083 21083 I DecorView: createDecorCaptionView >> DecorView@85f3a11[], isFloating: true, isApplication: true, hasWindowDecorCaption: false, hasWindowControllerCallback: false
07-05 19:19:57.034 21083 21083 D ScrollView: initGoToTop
07-05 19:19:57.086 21083 21083 D InputTransport: Input channel constructed: fd=77
07-05 19:19:57.087 21083 21083 D ViewRootImpl@6f07cbd[MainActivity]: setView = DecorView@85f3a11[MainActivity] TM=true MM=false
07-05 19:19:57.103 21083 21083 W example.edgesu: Accessing hidden method Landroid/graphics/FontFamily;-><init>()V (light greylist, reflection)
07-05 19:19:57.103 21083 21083 W example.edgesu: Accessing hidden method Landroid/graphics/FontFamily;->addFontFromAssetManager(Landroid/content/res/AssetManager;Ljava/lang/String;IZIII[Landroid/graphics/fonts/FontVariationAxis;)Z (light greylist, reflection)
07-05 19:19:57.103 21083 21083 W example.edgesu: Accessing hidden method Landroid/graphics/FontFamily;->addFontFromBuffer(Ljava/nio/ByteBuffer;I[Landroid/graphics/fonts/FontVariationAxis;II)Z (light greylist, reflection)
07-05 19:19:57.103 21083 21083 W example.edgesu: Accessing hidden method Landroid/graphics/FontFamily;->freeze()Z (light greylist, reflection)
07-05 19:19:57.103 21083 21083 W example.edgesu: Accessing hidden method Landroid/graphics/FontFamily;->abortCreation()V (light greylist, reflection)
07-05 19:19:57.103 21083 21083 W example.edgesu: Accessing hidden method Landroid/graphics/Typeface;->createFromFamiliesWithDefault([Landroid/graphics/FontFamily;Ljava/lang/String;II)Landroid/graphics/Typeface; (light greylist, reflection)
07-05 19:19:57.158 21083 21083 D ViewRootImpl@6f07cbd[MainActivity]: dispatchAttachedToWindow
07-05 19:19:57.216 21083 21083 D ViewRootImpl@6f07cbd[MainActivity]: Relayout returned: old=[0,48][720,1384] new=[18,508][702,923] result=0x7 surface={valid=true 518990807040} changed=true
07-05 19:19:57.221 21083 21778 D mali_winsys: EGLint new_window_surface(egl_winsys_display *, void *, EGLSurface, EGLConfig, egl_winsys_surface **, EGLBoolean) returns 0x3000
07-05 19:19:57.222 21083 21778 D OpenGLRenderer: eglCreateWindowSurface = 0x78d6235500, 0x78d6434010
07-05 19:19:57.249 21083 21083 D ScrollView:  onsize change changed 
07-05 19:19:57.263 21083 21083 D ViewRootImpl@6f07cbd[MainActivity]: MSG_WINDOW_FOCUS_CHANGED 1 1
07-05 19:19:57.306 21083 21083 D ViewRootImpl@6f07cbd[MainActivity]: MSG_RESIZED: frame=Rect(18, 508 - 702, 923) ci=Rect(0, 0 - 0, 0) vi=Rect(0, 0 - 0, 0) or=1
07-05 19:19:57.379 21083 21083 D ViewRootImpl@c283b21[MainActivity]: MSG_WINDOW_FOCUS_CHANGED 0 1
07-05 19:19:57.380 21083 21083 D InputMethodManager: prepareNavigationBarInfo() DecorView@b3c04dd[MainActivity]
07-05 19:19:57.380 21083 21083 D InputMethodManager: getNavigationBarColor() -855310
07-05 19:19:58.547 21083 21083 D ViewRootImpl@6f07cbd[MainActivity]: ViewPostIme pointer 0
07-05 19:19:58.602 21083 21083 D ViewRootImpl@6f07cbd[MainActivity]: ViewPostIme pointer 1
07-05 19:19:58.638 21083 21778 W libEGL  : EGLNativeWindowType 0x78d6434010 disconnect failed
07-05 19:19:58.638 21083 21778 D OpenGLRenderer: eglDestroySurface = 0x78d6235500, 0x78d6434000
07-05 19:19:58.639 21083 21778 D OpenGLRenderer: endAllActiveAnimators on 0x78d61a9900 (RippleDrawable) with handle 0x78d64fb100
07-05 19:19:58.639 21083 21083 D ViewRootImpl@6f07cbd[MainActivity]: dispatchDetachedFromWindow
07-05 19:19:58.640 21083 21083 D ViewRootImpl@6f07cbd[MainActivity]: Surface release. android.view.ViewRootImpl.doDie:7979 android.view.ViewRootImpl.die:7947 android.view.WindowManagerGlobal.removeViewLocked:497 android.view.WindowManagerGlobal.removeView:435 android.view.WindowManagerImpl.removeViewImmediate:124 android.app.Dialog.dismissDialog:518 android.app.Dialog.dismiss:501 androidx.appcompat.app.AlertController$ButtonHandler.handleMessage:171 
07-05 19:19:58.656 21083 21083 D InputTransport: Input channel destroyed: fd=77
07-05 19:19:58.661 21083 21083 D ViewRootImpl@c283b21[MainActivity]: MSG_WINDOW_FOCUS_CHANGED 1 1
07-05 19:19:58.663 21083 21083 D InputMethodManager: prepareNavigationBarInfo() DecorView@b3c04dd[MainActivity]
07-05 19:19:58.663 21083 21083 D InputMethodManager: getNavigationBarColor() -855310
07-05 19:19:58.673 21083 21083 E ViewRootImpl: sendUserActionEvent() returned.
07-05 19:19:59.236 21083 21083 I NearbyFragment: Connected to Endpoint{id=Qd2N, name=Nexus 5X [34d8]}
07-05 19:20:03.784 21083 21083 D NearbyFragment: Initiated connection with Rc4h: Nexus 5 [1825]
07-05 19:20:03.793 21083 21083 D Dialog  : mIsSamsungBasicInteraction = false
07-05 19:20:03.794 21083 21083 D Dialog  : mIsSamsungBasicInteraction = false, isMetaDataInActivity = false
07-05 19:20:03.814 21083 21083 I DecorView: createDecorCaptionView >> DecorView@767e628[], isFloating: true, isApplication: true, hasWindowDecorCaption: false, hasWindowControllerCallback: false
07-05 19:20:03.902 21083 21083 D ScrollView: initGoToTop
07-05 19:20:03.958 21083 21083 D InputTransport: Input channel constructed: fd=77
07-05 19:20:03.960 21083 21083 D ViewRootImpl@7584f1f[MainActivity]: setView = DecorView@767e628[MainActivity] TM=true MM=false
07-05 19:20:04.020 21083 21083 D ViewRootImpl@7584f1f[MainActivity]: dispatchAttachedToWindow
07-05 19:20:04.069 21083 21088 I example.edgesu: Compiler allocated 4MB to compile void android.widget.TextView.<init>(android.content.Context, android.util.AttributeSet, int, int)
07-05 19:20:04.103 21083 21083 D ViewRootImpl@7584f1f[MainActivity]: Relayout returned: old=[0,48][720,1384] new=[18,508][702,923] result=0x7 surface={valid=true 518992146432} changed=true
07-05 19:20:04.110 21083 21778 D mali_winsys: EGLint new_window_surface(egl_winsys_display *, void *, EGLSurface, EGLConfig, egl_winsys_surface **, EGLBoolean) returns 0x3000
07-05 19:20:04.110 21083 21778 D OpenGLRenderer: eglCreateWindowSurface = 0x78d653a280, 0x78d657b010
07-05 19:20:04.126 21083 21083 D ScrollView:  onsize change changed 
07-05 19:20:04.140 21083 21083 D ViewRootImpl@7584f1f[MainActivity]: MSG_WINDOW_FOCUS_CHANGED 1 1
07-05 19:20:04.186 21083 21083 D ViewRootImpl@7584f1f[MainActivity]: MSG_RESIZED: frame=Rect(18, 508 - 702, 923) ci=Rect(0, 0 - 0, 0) vi=Rect(0, 0 - 0, 0) or=1
07-05 19:20:04.257 21083 21083 D ViewRootImpl@c283b21[MainActivity]: MSG_WINDOW_FOCUS_CHANGED 0 1
07-05 19:20:04.262 21083 21083 D InputMethodManager: prepareNavigationBarInfo() DecorView@b3c04dd[MainActivity]
07-05 19:20:04.263 21083 21083 D InputMethodManager: getNavigationBarColor() -855310
07-05 19:20:05.572 21083 21083 D ViewRootImpl@7584f1f[MainActivity]: ViewPostIme pointer 0
07-05 19:20:05.680 21083 21083 D ViewRootImpl@7584f1f[MainActivity]: ViewPostIme pointer 1
07-05 19:20:05.714 21083 21778 W libEGL  : EGLNativeWindowType 0x78d657b010 disconnect failed
07-05 19:20:05.714 21083 21778 D OpenGLRenderer: eglDestroySurface = 0x78d653a280, 0x78d657b000
07-05 19:20:05.714 21083 21778 D OpenGLRenderer: endAllActiveAnimators on 0x78d1444000 (RippleDrawable) with handle 0x78d64fb080
07-05 19:20:05.714 21083 21083 D ViewRootImpl@7584f1f[MainActivity]: dispatchDetachedFromWindow
07-05 19:20:05.715 21083 21083 D ViewRootImpl@7584f1f[MainActivity]: Surface release. android.view.ViewRootImpl.doDie:7979 android.view.ViewRootImpl.die:7947 android.view.WindowManagerGlobal.removeViewLocked:497 android.view.WindowManagerGlobal.removeView:435 android.view.WindowManagerImpl.removeViewImmediate:124 android.app.Dialog.dismissDialog:518 android.app.Dialog.dismiss:501 androidx.appcompat.app.AlertController$ButtonHandler.handleMessage:171 
07-05 19:20:05.728 21083 21083 D InputTransport: Input channel destroyed: fd=77
07-05 19:20:05.734 21083 21083 D ViewRootImpl@c283b21[MainActivity]: MSG_WINDOW_FOCUS_CHANGED 1 1
07-05 19:20:05.736 21083 21083 D InputMethodManager: prepareNavigationBarInfo() DecorView@b3c04dd[MainActivity]
07-05 19:20:05.736 21083 21083 D InputMethodManager: getNavigationBarColor() -855310
07-05 19:20:05.746 21083 21083 E ViewRootImpl: sendUserActionEvent() returned.
07-05 19:20:07.004 21083 21083 I NearbyFragment: Connected to Endpoint{id=Rc4h, name=Nexus 5 [1825]}
07-05 19:20:09.083 21083 21083 D ViewRootImpl@c283b21[MainActivity]: ViewPostIme pointer 0
07-05 19:20:09.180 21083 21083 D ViewRootImpl@c283b21[MainActivity]: ViewPostIme pointer 1
07-05 19:20:09.187 21083 21083 V ConnectionFragment: Advertisement switch unchecked
07-05 19:20:09.188 21083 21083 D NearbyFragment: Stopped advertising
07-05 19:20:45.860 21083 21083 D ViewRootImpl@c283b21[MainActivity]: ViewPostIme pointer 0
07-05 19:20:45.909 21083 21083 D ViewRootImpl@c283b21[MainActivity]: ViewPostIme pointer 1
07-05 19:20:45.913 21083 21083 V ConnectionFragment: Auto-send switch checked
07-05 19:20:45.947 21083 21083 W NearbyFragment: Preferences:
07-05 19:20:45.947 21083 21083 W NearbyFragment:   Auto download: true
07-05 19:20:45.947 21083 21083 W NearbyFragment:   Algorithm: best
07-05 19:20:45.947 21083 21083 W NearbyFragment:   Fast scheduling: true
07-05 19:20:45.947 21083 21083 W NearbyFragment:   Segmentation: false
07-05 19:20:45.947 21083 21083 W NearbyFragment:   Auto segmentation: false
07-05 19:20:45.947 21083 21083 W NearbyFragment:   Segment number: 4
07-05 19:20:45.947 21083 21083 W NearbyFragment:   Noise tolerance: 45.00
07-05 19:20:45.947 21083 21083 W NearbyFragment:   Quality: 23
07-05 19:20:45.947 21083 21083 W NearbyFragment:   Speed: medium
07-05 19:20:45.947 21083 21083 W NearbyFragment:   Freeze duration: 1.00
07-05 19:20:45.948 21083 21083 W NearbyFragment: Download delay: 1s
07-05 19:20:45.948 21083 21083 W NearbyFragment: Started downloading from dashcam
07-05 19:20:45.951 21083 22643 V DownloadTestVideosTask: Starting DownloadTestVideosTask
07-05 19:20:45.962 21083 22643 V DashDownloadManager: Started downloading: 20200312_150643.mp4
07-05 19:20:45.980 21083 22643 D NetworkSecurityConfig: No Network Security Config specified, using platform default
07-05 19:20:45.984 21083 22643 I System.out: (HTTPLog)-Static: isSBSettingEnabled false
07-05 19:20:45.985 21083 22643 I System.out: (HTTPLog)-Static: isSBSettingEnabled false
07-05 19:20:45.989 21083 22643 D TcpOptimizer: TcpOptimizer-ON
07-05 19:20:46.161 21083 22643 I System.out: (HTTPLog)-Thread-1601-71735797: getTransferStream : ContentLength=69990400, method=GET, HTTPVersion=http/1.1
07-05 19:21:07.108 21083 22643 V VideoManager: Retrieving video from /storage/emulated/0/Movies/raw/20200312_150643.mp4
07-05 19:21:07.159 21083 22643 D VideoManager: videoCursor is null
07-05 19:21:07.244 21083 22643 V VideoManager: videoFromCursor
07-05 19:21:07.250 21083 22643 W DashDownloadManager: Successfully downloaded 20200312_150643.mp4 in 21.116s
07-05 19:21:07.251 21083 22643 V DownloadTestVideosTask: Entering callback for download completion of 20200312_150643.mp4
07-05 19:21:07.254 21083 22643 V RawFootageEventHandler: onAdd
07-05 19:21:07.258 21083 22643 V NearbyFragment: nextTransfer with selected algorithm: best
07-05 19:21:07.263 21083 22643 W NearbyFragment: Sending 20200312_150643.mp4 to Nexus 5X [34d8]
07-05 19:21:07.294 21083 21083 V NearbyFragment: Transfer to Endpoint{id=Qd2N, name=Nexus 5X [34d8]} complete
07-05 19:21:08.270 21083 22643 V DownloadTestVideosTask: Starting DownloadTestVideosTask
07-05 19:21:08.275 21083 22643 V DashDownloadManager: Started downloading: 20200312_150744.mp4
07-05 19:21:08.279 21083 22643 I System.out: (HTTPLog)-Static: isSBSettingEnabled false
07-05 19:21:08.280 21083 22643 I System.out: (HTTPLog)-Static: isSBSettingEnabled false
07-05 19:21:08.349 21083 22643 I System.out: (HTTPLog)-Thread-1601-44628971: getTransferStream : ContentLength=69990400, method=GET, HTTPVersion=http/1.1
07-05 19:21:33.801 21083 21083 V NearbyFragment: Transfer to Endpoint{id=Qd2N, name=Nexus 5X [34d8]} complete
07-05 19:21:34.265 21083 21083 D NearbyFragment: onPayloadReceived(endpointId=Qd2N, payload=com.google.android.gms.nearby.connection.Payload@1770d48)
07-05 19:21:34.269 21083 21083 D NearbyFragment: Endpoint{id=Qd2N, name=Nexus 5X [34d8]} has finished downloading 20200312_150643.mp4
07-05 19:21:34.276 21083 21083 V VideoManager: Retrieving video from /storage/emulated/0/Movies/raw/20200312_150643.mp4
07-05 19:21:34.295 21083 21083 V VideoManager: videoFromCursor
07-05 19:21:34.301 21083 21083 V ProcessingVideosEventHandler: onAdd
07-05 19:21:34.302 21083 21083 V RawFootageEventHandler: onRemove
07-05 19:21:34.305 21083 21083 I NearbyFragment: Transfer queue is empty
07-05 19:21:34.312 21083 21083 V NearbyFragment: Transfer to Endpoint{id=Qd2N, name=Nexus 5X [34d8]} complete
07-05 19:21:43.082 21083 22643 V VideoManager: Retrieving video from /storage/emulated/0/Movies/raw/20200312_150744.mp4
07-05 19:21:43.092 21083 22643 D VideoManager: videoCursor is null
07-05 19:21:43.156 21083 22643 V VideoManager: videoFromCursor
07-05 19:21:43.160 21083 22643 W DashDownloadManager: Successfully downloaded 20200312_150744.mp4 in 34.806s
07-05 19:21:43.161 21083 22643 V DownloadTestVideosTask: Entering callback for download completion of 20200312_150744.mp4
07-05 19:21:43.162 21083 22643 V RawFootageEventHandler: onAdd
07-05 19:21:43.165 21083 22643 V NearbyFragment: nextTransfer with selected algorithm: best
07-05 19:21:43.168 21083 22643 W NearbyFragment: Sending 20200312_150744.mp4 to Nexus 5 [1825]
07-05 19:21:43.189 21083 21083 V NearbyFragment: Transfer to Endpoint{id=Rc4h, name=Nexus 5 [1825]} complete
07-05 19:21:44.174 21083 22643 V DownloadTestVideosTask: Starting DownloadTestVideosTask
07-05 19:21:44.180 21083 22643 V DashDownloadManager: Started downloading: 20200312_150844.mp4
07-05 19:21:44.187 21083 22643 I System.out: (HTTPLog)-Static: isSBSettingEnabled false
07-05 19:21:44.187 21083 22643 I System.out: (HTTPLog)-Static: isSBSettingEnabled false
07-05 19:21:44.259 21083 22643 I System.out: (HTTPLog)-Thread-1601-121044323: getTransferStream : ContentLength=69990400, method=GET, HTTPVersion=http/1.1
07-05 19:21:47.725 21083 21083 D NearbyFragment: onPayloadReceived(endpointId=Qd2N, payload=com.google.android.gms.nearby.connection.Payload@1303d60)
07-05 19:21:47.729 21083 21083 D NearbyFragment: 20200312_150643.mp4 from Endpoint{id=Qd2N, name=Nexus 5X [34d8]} contained no activity
07-05 19:21:47.732 21083 21083 V VideoManager: Retrieving video from /storage/emulated/0/Movies/raw/20200312_150643.mp4
07-05 19:21:47.749 21083 21083 V VideoManager: videoFromCursor
07-05 19:21:47.756 21083 21083 V ProcessingVideosEventHandler: onRemove
07-05 19:21:47.760 21083 21083 I NearbyFragment: Transfer queue is empty
07-05 19:21:47.847 21083 21083 V NearbyFragment: Transfer to Endpoint{id=Qd2N, name=Nexus 5X [34d8]} complete
07-05 19:21:55.371 21083 21083 D ViewRootImpl@c283b21[MainActivity]: ViewPostIme pointer 0
07-05 19:21:55.417 21083 21083 D ViewRootImpl@c283b21[MainActivity]: ViewPostIme pointer 1
07-05 19:21:55.425 21083 21083 V MainActivity: Navigation summarised button clicked
07-05 19:21:55.431 21083 21083 W example.edgesu: Accessing hidden method Landroid/view/View;->getTransitionAlpha()F (light greylist, linking)
07-05 19:21:55.431 21083 21083 W example.edgesu: Accessing hidden method Landroid/view/View;->setTransitionAlpha(F)V (light greylist, linking)
07-05 19:21:55.431 21083 21083 W example.edgesu: Accessing hidden method Landroid/view/View;->setAnimationMatrix(Landroid/graphics/Matrix;)V (light greylist, linking)
07-05 19:21:55.432 21083 21083 W example.edgesu: Accessing hidden method Landroid/view/View;->transformMatrixToGlobal(Landroid/graphics/Matrix;)V (light greylist, linking)
07-05 19:21:55.432 21083 21083 W example.edgesu: Accessing hidden method Landroid/view/View;->transformMatrixToLocal(Landroid/graphics/Matrix;)V (light greylist, linking)
07-05 19:21:55.432 21083 21083 W example.edgesu: Accessing hidden method Landroid/view/View;->setLeftTopRightBottom(IIII)V (light greylist, linking)
07-05 19:21:55.432 21083 21083 W example.edgesu: Accessing hidden method Landroid/view/View;->setTransitionVisibility(I)V (dark greylist, linking)
07-05 19:21:55.466 21083 21083 W StaticLayout: maxLineHeight should not be -1.  maxLines:1 lineCount:1
07-05 19:21:55.472 21083 21083 W StaticLayout: maxLineHeight should not be -1.  maxLines:1 lineCount:1
07-05 19:21:55.486 21083 21083 W example.edgesu: Accessing hidden field Landroid/view/View;->mViewFlags:I (light greylist, reflection)
07-05 19:21:55.490 21083 21083 W example.edgesu: Accessing hidden method Landroid/view/ViewGroup;->suppressLayout(Z)V (light greylist, linking)
07-05 19:21:55.494 21083 21083 D skia    : approximate: numPoints=2, lengths[0]=0.000000, totalLength=4.000000, segmentPoints[0]=[96.000000,16.000000]
07-05 19:21:55.494 21083 21083 D skia    : approximate: approximation[0]=0.000000, approximation[1]=96.000000, approximation[2]=16.000000
07-05 19:21:55.494 21083 21083 D skia    : approximate: numPoints=2, lengths[1]=4.000000, totalLength=4.000000, segmentPoints[1]=[96.000000,12.000000]
07-05 19:21:55.494 21083 21083 D skia    : approximate: approximation[3]=1.000000, approximation[4]=96.000000, approximation[5]=12.000000
07-05 19:21:55.495 21083 21083 D skia    : approximate: numPoints=2, lengths[0]=0.000000, totalLength=4.000000, segmentPoints[0]=[96.000000,12.000000]
07-05 19:21:55.496 21083 21083 D skia    : approximate: approximation[0]=0.000000, approximation[1]=96.000000, approximation[2]=12.000000
07-05 19:21:55.496 21083 21083 D skia    : approximate: numPoints=2, lengths[1]=4.000000, totalLength=4.000000, segmentPoints[1]=[96.000000,16.000000]
07-05 19:21:55.496 21083 21083 D skia    : approximate: approximation[3]=1.000000, approximation[4]=96.000000, approximation[5]=16.000000
07-05 19:22:09.198 21083 21083 V NearbyFragment: Transfer to Endpoint{id=Rc4h, name=Nexus 5 [1825]} complete
07-05 19:22:09.633 21083 21083 D NearbyFragment: onPayloadReceived(endpointId=Rc4h, payload=com.google.android.gms.nearby.connection.Payload@c156b8d)
07-05 19:22:09.636 21083 21083 D NearbyFragment: Endpoint{id=Rc4h, name=Nexus 5 [1825]} has finished downloading 20200312_150744.mp4
07-05 19:22:09.639 21083 21083 V VideoManager: Retrieving video from /storage/emulated/0/Movies/raw/20200312_150744.mp4
07-05 19:22:09.656 21083 21083 V VideoManager: videoFromCursor
07-05 19:22:09.663 21083 21083 V ProcessingVideosEventHandler: onAdd
07-05 19:22:09.664 21083 21083 V RawFootageEventHandler: onRemove
07-05 19:22:09.667 21083 21083 I NearbyFragment: Transfer queue is empty
07-05 19:22:09.703 21083 21083 V NearbyFragment: Transfer to Endpoint{id=Rc4h, name=Nexus 5 [1825]} complete
07-05 19:22:14.979 21083 22643 V VideoManager: Retrieving video from /storage/emulated/0/Movies/raw/20200312_150844.mp4
07-05 19:22:14.999 21083 22643 D VideoManager: videoCursor is null
07-05 19:22:15.086 21083 22643 V VideoManager: videoFromCursor
07-05 19:22:15.092 21083 22643 W DashDownloadManager: Successfully downloaded 20200312_150844.mp4 in 30.795s
07-05 19:22:15.093 21083 22643 V DownloadTestVideosTask: Entering callback for download completion of 20200312_150844.mp4
07-05 19:22:15.094 21083 22643 V RawFootageEventHandler: onAdd
07-05 19:22:15.097 21083 22643 V NearbyFragment: nextTransfer with selected algorithm: best
07-05 19:22:15.101 21083 22643 W NearbyFragment: Sending 20200312_150844.mp4 to Nexus 5X [34d8]
07-05 19:22:15.126 21083 21083 V NearbyFragment: Transfer to Endpoint{id=Qd2N, name=Nexus 5X [34d8]} complete
07-05 19:22:16.109 21083 22643 V DownloadTestVideosTask: Starting DownloadTestVideosTask
07-05 19:22:16.114 21083 22643 V DashDownloadManager: Started downloading: 20200312_150944.mp4
07-05 19:22:16.119 21083 22643 I System.out: (HTTPLog)-Static: isSBSettingEnabled false
07-05 19:22:16.120 21083 22643 I System.out: (HTTPLog)-Static: isSBSettingEnabled false
07-05 19:22:16.168 21083 22643 I System.out: (HTTPLog)-Thread-1601-246260655: getTransferStream : ContentLength=69990400, method=GET, HTTPVersion=http/1.1
07-05 19:22:45.590 21083 21083 V NearbyFragment: Transfer to Endpoint{id=Qd2N, name=Nexus 5X [34d8]} complete
07-05 19:22:46.691 21083 21083 D NearbyFragment: onPayloadReceived(endpointId=Qd2N, payload=com.google.android.gms.nearby.connection.Payload@2833bc)
07-05 19:22:46.699 21083 21083 D NearbyFragment: Endpoint{id=Qd2N, name=Nexus 5X [34d8]} has finished downloading 20200312_150844.mp4
07-05 19:22:46.705 21083 21083 V VideoManager: Retrieving video from /storage/emulated/0/Movies/raw/20200312_150844.mp4
07-05 19:22:46.751 21083 21083 V VideoManager: videoFromCursor
07-05 19:22:46.757 21083 21083 V ProcessingVideosEventHandler: onAdd
07-05 19:22:46.758 21083 21083 V RawFootageEventHandler: onRemove
07-05 19:22:46.761 21083 21083 I NearbyFragment: Transfer queue is empty
07-05 19:22:46.764 21083 21083 V NearbyFragment: Transfer to Endpoint{id=Qd2N, name=Nexus 5X [34d8]} complete
07-05 19:22:53.931 21083 22643 V VideoManager: Retrieving video from /storage/emulated/0/Movies/raw/20200312_150944.mp4
07-05 19:22:53.946 21083 22643 D VideoManager: videoCursor is null
07-05 19:22:54.046 21083 22643 V VideoManager: videoFromCursor
07-05 19:22:54.053 21083 22643 W DashDownloadManager: Successfully downloaded 20200312_150944.mp4 in 37.815s
07-05 19:22:54.054 21083 22643 V DownloadTestVideosTask: Entering callback for download completion of 20200312_150944.mp4
07-05 19:22:54.055 21083 22643 V RawFootageEventHandler: onAdd
07-05 19:22:54.059 21083 22643 V NearbyFragment: nextTransfer with selected algorithm: best
07-05 19:22:54.063 21083 22643 W NearbyFragment: Sending 20200312_150944.mp4 to Nexus 5X [34d8]
07-05 19:22:54.096 21083 21083 V NearbyFragment: Transfer to Endpoint{id=Qd2N, name=Nexus 5X [34d8]} complete
07-05 19:22:55.072 21083 22643 V DownloadTestVideosTask: Starting DownloadTestVideosTask
07-05 19:22:55.088 21083 22643 V DashDownloadManager: Started downloading: 20200312_151044.mp4
07-05 19:22:55.100 21083 22643 I System.out: (HTTPLog)-Static: isSBSettingEnabled false
07-05 19:22:55.102 21083 22643 I System.out: (HTTPLog)-Static: isSBSettingEnabled false
07-05 19:22:55.116 21083 22643 I System.out: (HTTPLog)-Thread-1601-207508070: getTransferStream : ContentLength=69990400, method=GET, HTTPVersion=http/1.1
07-05 19:23:03.305 21083 21083 D NearbyFragment: onPayloadReceived(endpointId=Qd2N, payload=com.google.android.gms.nearby.connection.Payload@22859a7)
07-05 19:23:03.308 21083 21083 V NearbyFragment: Started downloading 20200312_150844.mp4 from Endpoint{id=Qd2N, name=Nexus 5X [34d8]}
07-05 19:23:03.310 21083 21083 I NearbyFragment: Transfer queue is empty
07-05 19:23:03.317 21083 21083 V NearbyFragment: Transfer to Endpoint{id=Qd2N, name=Nexus 5X [34d8]} complete
07-05 19:23:03.399 21083 21083 D NearbyFragment: onPayloadReceived(endpointId=Rc4h, payload=com.google.android.gms.nearby.connection.Payload@4a93e54)
07-05 19:23:03.402 21083 21083 V NearbyFragment: Started downloading 20200312_150744.mp4 from Endpoint{id=Rc4h, name=Nexus 5 [1825]}
07-05 19:23:03.402 21083 21083 I NearbyFragment: Transfer queue is empty
07-05 19:23:03.409 21083 21083 V NearbyFragment: Transfer to Endpoint{id=Rc4h, name=Nexus 5 [1825]} complete
07-05 19:23:04.290 21083 21083 D NearbyFragment: onPayloadReceived(endpointId=Rc4h, payload=com.google.android.gms.nearby.connection.Payload@60551fd)
07-05 19:23:05.010 21083 21083 D NearbyFragment: onPayloadReceived(endpointId=Qd2N, payload=com.google.android.gms.nearby.connection.Payload@5ed2ef2)
07-05 19:23:06.553 21083 21083 V NearbyFragment: Transfer to Endpoint{id=Rc4h, name=Nexus 5 [1825]} complete
07-05 19:23:06.561 21083 21083 W NearbyFragment: Completed downloading 20200312_150744.mp4 from Endpoint{id=Rc4h, name=Nexus 5 [1825]} in 03.151s
07-05 19:23:06.656 21083 21083 V VideoManager: Retrieving video from /storage/emulated/0/Movies/summarised/20200312_150744.mp4
07-05 19:23:06.669 21083 21083 D VideoManager: videoCursor is null
07-05 19:23:06.739 21083 21083 V VideoManager: videoFromCursor
07-05 19:23:06.744 21083 21083 V SummarisedVideosEventHandler: onAdd
07-05 19:23:06.745 21083 21083 V ProcessingVideosEventHandler: removeByName
07-05 19:23:40.282 21083 21083 V NearbyFragment: Transfer to Endpoint{id=Qd2N, name=Nexus 5X [34d8]} complete
07-05 19:23:44.731 21083 21083 D NearbyFragment: onPayloadReceived(endpointId=Qd2N, payload=com.google.android.gms.nearby.connection.Payload@731359b)
07-05 19:23:44.735 21083 21083 D NearbyFragment: Endpoint{id=Qd2N, name=Nexus 5X [34d8]} has finished downloading 20200312_150944.mp4
07-05 19:23:44.738 21083 21083 V VideoManager: Retrieving video from /storage/emulated/0/Movies/raw/20200312_150944.mp4
07-05 19:23:44.779 21083 21083 V VideoManager: videoFromCursor
07-05 19:23:44.785 21083 21083 V ProcessingVideosEventHandler: onAdd
07-05 19:23:44.786 21083 21083 V RawFootageEventHandler: onRemove
07-05 19:23:44.788 21083 21083 I NearbyFragment: Transfer queue is empty
07-05 19:23:44.879 21083 21083 V NearbyFragment: Transfer to Endpoint{id=Qd2N, name=Nexus 5X [34d8]} complete
07-05 19:23:58.538 21083 21083 V NearbyFragment: Transfer to Endpoint{id=Qd2N, name=Nexus 5X [34d8]} complete
07-05 19:23:58.544 21083 21083 W NearbyFragment: Completed downloading 20200312_150844.mp4 from Endpoint{id=Qd2N, name=Nexus 5X [34d8]} in 55.230s
07-05 19:24:00.514 21083 21083 V VideoManager: Retrieving video from /storage/emulated/0/Movies/summarised/20200312_150844.mp4
07-05 19:24:00.522 21083 21083 D VideoManager: videoCursor is null
07-05 19:24:00.581 21083 21083 V VideoManager: videoFromCursor
07-05 19:24:00.585 21083 21083 V SummarisedVideosEventHandler: onAdd
07-05 19:24:00.585 21083 21083 V ProcessingVideosEventHandler: removeByName
07-05 19:24:01.923 21083 22643 V VideoManager: Retrieving video from /storage/emulated/0/Movies/raw/20200312_151044.mp4
07-05 19:24:01.937 21083 22643 D VideoManager: videoCursor is null
07-05 19:24:01.975 21083 22643 V VideoManager: videoFromCursor
07-05 19:24:01.980 21083 22643 W DashDownloadManager: Successfully downloaded 20200312_151044.mp4 in 66.833s
07-05 19:24:01.982 21083 22643 V DownloadTestVideosTask: Entering callback for download completion of 20200312_151044.mp4
07-05 19:24:01.983 21083 22643 V RawFootageEventHandler: onAdd
07-05 19:24:01.988 21083 22643 V NearbyFragment: nextTransfer with selected algorithm: best
07-05 19:24:01.992 21083 22643 W NearbyFragment: Sending 20200312_151044.mp4 to Nexus 5 [1825]
07-05 19:24:02.025 21083 21083 V NearbyFragment: Transfer to Endpoint{id=Rc4h, name=Nexus 5 [1825]} complete
07-05 19:24:03.001 21083 22643 V DownloadTestVideosTask: Starting DownloadTestVideosTask
07-05 19:24:03.013 21083 22643 V DashDownloadManager: Started downloading: 20200312_193528.mp4
07-05 19:24:03.022 21083 22643 I System.out: (HTTPLog)-Static: isSBSettingEnabled false
07-05 19:24:03.023 21083 22643 I System.out: (HTTPLog)-Static: isSBSettingEnabled false
07-05 19:24:03.058 21083 22643 I System.out: (HTTPLog)-Thread-1601-7166080: getTransferStream : ContentLength=69990400, method=GET, HTTPVersion=http/1.1
07-05 19:24:23.387 21083 21083 V NearbyFragment: Transfer to Endpoint{id=Rc4h, name=Nexus 5 [1825]} complete
07-05 19:24:23.887 21083 21083 D NearbyFragment: onPayloadReceived(endpointId=Rc4h, payload=com.google.android.gms.nearby.connection.Payload@285deb9)
07-05 19:24:23.889 21083 21083 D NearbyFragment: Endpoint{id=Rc4h, name=Nexus 5 [1825]} has finished downloading 20200312_151044.mp4
07-05 19:24:23.891 21083 21083 V VideoManager: Retrieving video from /storage/emulated/0/Movies/raw/20200312_151044.mp4
07-05 19:24:23.907 21083 21083 V VideoManager: videoFromCursor
07-05 19:24:23.912 21083 21083 V ProcessingVideosEventHandler: onAdd
07-05 19:24:23.912 21083 21083 V RawFootageEventHandler: onRemove
07-05 19:24:23.915 21083 21083 I NearbyFragment: Transfer queue is empty
07-05 19:24:23.958 21083 21083 V NearbyFragment: Transfer to Endpoint{id=Rc4h, name=Nexus 5 [1825]} complete
07-05 19:24:24.096 21083 21088 I example.edgesu: Compiler allocated 4MB to compile void android.view.ViewRootImpl.performTraversals()
07-05 19:24:31.025 21083 21083 D NearbyFragment: onPayloadReceived(endpointId=Qd2N, payload=com.google.android.gms.nearby.connection.Payload@f8f7cac)
07-05 19:24:31.027 21083 21083 V NearbyFragment: Started downloading 20200312_150944.mp4 from Endpoint{id=Qd2N, name=Nexus 5X [34d8]}
07-05 19:24:31.028 21083 21083 I NearbyFragment: Transfer queue is empty
07-05 19:24:31.030 21083 21083 V NearbyFragment: Transfer to Endpoint{id=Qd2N, name=Nexus 5X [34d8]} complete
07-05 19:24:31.148 21083 21083 D NearbyFragment: onPayloadReceived(endpointId=Qd2N, payload=com.google.android.gms.nearby.connection.Payload@11cad75)
07-05 19:24:31.907 21083 21083 V NearbyFragment: Transfer to Endpoint{id=Qd2N, name=Nexus 5X [34d8]} complete
07-05 19:24:31.910 21083 21083 W NearbyFragment: Completed downloading 20200312_150944.mp4 from Endpoint{id=Qd2N, name=Nexus 5X [34d8]} in 00.881s
07-05 19:24:31.984 21083 21083 V VideoManager: Retrieving video from /storage/emulated/0/Movies/summarised/20200312_150944.mp4
07-05 19:24:31.994 21083 21083 D VideoManager: videoCursor is null
07-05 19:24:32.057 21083 21083 V VideoManager: videoFromCursor
07-05 19:24:32.062 21083 21083 V SummarisedVideosEventHandler: onAdd
07-05 19:24:32.063 21083 21083 V ProcessingVideosEventHandler: removeByName
07-05 19:24:35.530 21083 22643 V VideoManager: Retrieving video from /storage/emulated/0/Movies/raw/20200312_193528.mp4
07-05 19:24:35.547 21083 22643 D VideoManager: videoCursor is null
07-05 19:24:35.635 21083 22643 V VideoManager: videoFromCursor
07-05 19:24:35.641 21083 22643 W DashDownloadManager: Successfully downloaded 20200312_193528.mp4 in 32.515s
07-05 19:24:35.642 21083 22643 V DownloadTestVideosTask: Entering callback for download completion of 20200312_193528.mp4
07-05 19:24:35.643 21083 22643 V RawFootageEventHandler: onAdd
07-05 19:24:35.658 21083 22643 V NearbyFragment: nextTransfer with selected algorithm: best
07-05 19:24:35.662 21083 22643 W NearbyFragment: Sending 20200312_193528.mp4 to Nexus 5X [34d8]
07-05 19:24:35.688 21083 21083 V NearbyFragment: Transfer to Endpoint{id=Qd2N, name=Nexus 5X [34d8]} complete
07-05 19:24:36.671 21083 22643 V DownloadTestVideosTask: Starting DownloadTestVideosTask
07-05 19:24:36.675 21083 22643 V DashDownloadManager: Started downloading: 20200312_193628.mp4
07-05 19:24:36.679 21083 22643 I System.out: (HTTPLog)-Static: isSBSettingEnabled false
07-05 19:24:36.680 21083 22643 I System.out: (HTTPLog)-Static: isSBSettingEnabled false
07-05 19:24:36.769 21083 22643 I System.out: (HTTPLog)-Thread-1601-22017908: getTransferStream : ContentLength=69990400, method=GET, HTTPVersion=http/1.1
07-05 19:24:47.008 21083 21083 D NearbyFragment: onPayloadReceived(endpointId=Rc4h, payload=com.google.android.gms.nearby.connection.Payload@429e49d)
07-05 19:24:47.010 21083 21083 D NearbyFragment: 20200312_151044.mp4 from Endpoint{id=Rc4h, name=Nexus 5 [1825]} contained no activity
07-05 19:24:47.012 21083 21083 V VideoManager: Retrieving video from /storage/emulated/0/Movies/raw/20200312_151044.mp4
07-05 19:24:47.027 21083 21083 V VideoManager: videoFromCursor
07-05 19:24:47.032 21083 21083 V ProcessingVideosEventHandler: onRemove
07-05 19:24:47.034 21083 21083 I NearbyFragment: Transfer queue is empty
07-05 19:24:47.153 21083 21083 V NearbyFragment: Transfer to Endpoint{id=Rc4h, name=Nexus 5 [1825]} complete
07-05 19:24:57.915 21083 21083 V NearbyFragment: Transfer to Endpoint{id=Qd2N, name=Nexus 5X [34d8]} complete
07-05 19:24:58.264 21083 21083 D NearbyFragment: onPayloadReceived(endpointId=Qd2N, payload=com.google.android.gms.nearby.connection.Payload@1eb4ce3)
07-05 19:24:58.266 21083 21083 D NearbyFragment: Endpoint{id=Qd2N, name=Nexus 5X [34d8]} has finished downloading 20200312_193528.mp4
07-05 19:24:58.269 21083 21083 V VideoManager: Retrieving video from /storage/emulated/0/Movies/raw/20200312_193528.mp4
07-05 19:24:58.287 21083 21083 V VideoManager: videoFromCursor
07-05 19:24:58.292 21083 21083 V ProcessingVideosEventHandler: onAdd
07-05 19:24:58.293 21083 21083 V RawFootageEventHandler: onRemove
07-05 19:24:58.295 21083 21083 I NearbyFragment: Transfer queue is empty
07-05 19:24:58.297 21083 21083 V NearbyFragment: Transfer to Endpoint{id=Qd2N, name=Nexus 5X [34d8]} complete
07-05 19:25:09.026 21083 22643 V VideoManager: Retrieving video from /storage/emulated/0/Movies/raw/20200312_193628.mp4
07-05 19:25:09.037 21083 22643 D VideoManager: videoCursor is null
07-05 19:25:09.110 21083 22643 V VideoManager: videoFromCursor
07-05 19:25:09.114 21083 22643 W DashDownloadManager: Successfully downloaded 20200312_193628.mp4 in 32.350s
07-05 19:25:09.115 21083 22643 V DownloadTestVideosTask: Entering callback for download completion of 20200312_193628.mp4
07-05 19:25:09.116 21083 22643 V RawFootageEventHandler: onAdd
07-05 19:25:09.118 21083 22643 V NearbyFragment: nextTransfer with selected algorithm: best
07-05 19:25:09.121 21083 22643 W NearbyFragment: Sending 20200312_193628.mp4 to Nexus 5 [1825]
07-05 19:25:09.147 21083 21083 V NearbyFragment: Transfer to Endpoint{id=Rc4h, name=Nexus 5 [1825]} complete
07-05 19:25:10.126 21083 22643 V DownloadTestVideosTask: Starting DownloadTestVideosTask
07-05 19:25:10.137 21083 22643 V DashDownloadManager: Started downloading: 20200312_193728.mp4
07-05 19:25:10.150 21083 22643 I System.out: (HTTPLog)-Static: isSBSettingEnabled false
07-05 19:25:10.151 21083 22643 I System.out: (HTTPLog)-Static: isSBSettingEnabled false
07-05 19:25:10.418 21083 22643 I System.out: (HTTPLog)-Thread-1601-53611093: getTransferStream : ContentLength=69990400, method=GET, HTTPVersion=http/1.1
07-05 19:25:17.162 21083 21083 D NearbyFragment: onPayloadReceived(endpointId=Qd2N, payload=com.google.android.gms.nearby.connection.Payload@e327c6a)
07-05 19:25:17.164 21083 21083 D NearbyFragment: 20200312_193528.mp4 from Endpoint{id=Qd2N, name=Nexus 5X [34d8]} contained no activity
07-05 19:25:17.166 21083 21083 V VideoManager: Retrieving video from /storage/emulated/0/Movies/raw/20200312_193528.mp4
07-05 19:25:17.179 21083 21083 V VideoManager: videoFromCursor
07-05 19:25:17.183 21083 21083 V ProcessingVideosEventHandler: onRemove
07-05 19:25:17.184 21083 21083 I NearbyFragment: Transfer queue is empty
07-05 19:25:17.456 21083 21083 V NearbyFragment: Transfer to Endpoint{id=Qd2N, name=Nexus 5X [34d8]} complete
07-05 19:25:35.518 21083 21083 V NearbyFragment: Transfer to Endpoint{id=Rc4h, name=Nexus 5 [1825]} complete
07-05 19:25:36.151 21083 21083 D NearbyFragment: onPayloadReceived(endpointId=Rc4h, payload=com.google.android.gms.nearby.connection.Payload@47ce1f8)
07-05 19:25:36.154 21083 21083 D NearbyFragment: Endpoint{id=Rc4h, name=Nexus 5 [1825]} has finished downloading 20200312_193628.mp4
07-05 19:25:36.155 21083 21083 V VideoManager: Retrieving video from /storage/emulated/0/Movies/raw/20200312_193628.mp4
07-05 19:25:36.169 21083 21083 V VideoManager: videoFromCursor
07-05 19:25:36.174 21083 21083 V ProcessingVideosEventHandler: onAdd
07-05 19:25:36.176 21083 21083 V RawFootageEventHandler: onRemove
07-05 19:25:36.178 21083 21083 I NearbyFragment: Transfer queue is empty
07-05 19:25:36.180 21083 21083 V NearbyFragment: Transfer to Endpoint{id=Rc4h, name=Nexus 5 [1825]} complete
07-05 19:25:42.379 21083 22643 V VideoManager: Retrieving video from /storage/emulated/0/Movies/raw/20200312_193728.mp4
07-05 19:25:42.389 21083 22643 D VideoManager: videoCursor is null
07-05 19:25:42.450 21083 22643 V VideoManager: videoFromCursor
07-05 19:25:42.454 21083 22643 W DashDownloadManager: Successfully downloaded 20200312_193728.mp4 in 32.240s
07-05 19:25:42.455 21083 22643 V DownloadTestVideosTask: Entering callback for download completion of 20200312_193728.mp4
07-05 19:25:42.455 21083 22643 V RawFootageEventHandler: onAdd
07-05 19:25:42.457 21083 22643 V NearbyFragment: nextTransfer with selected algorithm: best
07-05 19:25:42.460 21083 22643 W NearbyFragment: Sending 20200312_193728.mp4 to Nexus 5X [34d8]
07-05 19:25:42.479 21083 21083 V NearbyFragment: Transfer to Endpoint{id=Qd2N, name=Nexus 5X [34d8]} complete
07-05 19:25:43.465 21083 22643 V DownloadTestVideosTask: Starting DownloadTestVideosTask
07-05 19:25:43.469 21083 22643 V DashDownloadManager: Started downloading: 20200312_193828.mp4
07-05 19:25:43.475 21083 22643 I System.out: (HTTPLog)-Static: isSBSettingEnabled false
07-05 19:25:43.476 21083 22643 I System.out: (HTTPLog)-Static: isSBSettingEnabled false
07-05 19:25:43.566 21083 22643 I System.out: (HTTPLog)-Thread-1601-159526594: getTransferStream : ContentLength=69990400, method=GET, HTTPVersion=http/1.1
07-05 19:26:13.813 21083 21083 V NearbyFragment: Transfer to Endpoint{id=Qd2N, name=Nexus 5X [34d8]} complete
07-05 19:26:14.883 21083 21083 D NearbyFragment: onPayloadReceived(endpointId=Qd2N, payload=com.google.android.gms.nearby.connection.Payload@2b934d3)
07-05 19:26:14.887 21083 21083 D NearbyFragment: Endpoint{id=Qd2N, name=Nexus 5X [34d8]} has finished downloading 20200312_193728.mp4
07-05 19:26:14.896 21083 21083 V VideoManager: Retrieving video from /storage/emulated/0/Movies/raw/20200312_193728.mp4
07-05 19:26:14.939 21083 21083 V VideoManager: videoFromCursor
07-05 19:26:14.944 21083 21083 V ProcessingVideosEventHandler: onAdd
07-05 19:26:14.945 21083 21083 V RawFootageEventHandler: onRemove
07-05 19:26:14.948 21083 21083 I NearbyFragment: Transfer queue is empty
07-05 19:26:14.956 21083 21083 V NearbyFragment: Transfer to Endpoint{id=Qd2N, name=Nexus 5X [34d8]} complete
07-05 19:26:19.412 21083 22643 V VideoManager: Retrieving video from /storage/emulated/0/Movies/raw/20200312_193828.mp4
07-05 19:26:19.426 21083 22643 D VideoManager: videoCursor is null
07-05 19:26:19.509 21083 22643 V VideoManager: videoFromCursor
07-05 19:26:19.515 21083 22643 W DashDownloadManager: Successfully downloaded 20200312_193828.mp4 in 35.941s
07-05 19:26:19.516 21083 22643 V DownloadTestVideosTask: Entering callback for download completion of 20200312_193828.mp4
07-05 19:26:19.517 21083 22643 V RawFootageEventHandler: onAdd
07-05 19:26:19.519 21083 22643 V NearbyFragment: nextTransfer with selected algorithm: best
07-05 19:26:19.522 21083 22643 W NearbyFragment: Sending 20200312_193828.mp4 to Nexus 5X [34d8]
07-05 19:26:19.539 21083 21083 V NearbyFragment: Transfer to Endpoint{id=Qd2N, name=Nexus 5X [34d8]} complete
07-05 19:26:20.527 21083 22643 V DownloadTestVideosTask: Starting DownloadTestVideosTask
07-05 19:26:20.538 21083 22643 V DashDownloadManager: Started downloading: 20200312_193928.mp4
07-05 19:26:20.551 21083 22643 I System.out: (HTTPLog)-Static: isSBSettingEnabled false
07-05 19:26:20.552 21083 22643 I System.out: (HTTPLog)-Static: isSBSettingEnabled false
07-05 19:26:20.595 21083 22643 I System.out: (HTTPLog)-Thread-1601-126563013: getTransferStream : ContentLength=69990400, method=GET, HTTPVersion=http/1.1
07-05 19:26:36.022 21083 21083 D NearbyFragment: onPayloadReceived(endpointId=Qd2N, payload=com.google.android.gms.nearby.connection.Payload@91ad41a)
07-05 19:26:36.024 21083 21083 V NearbyFragment: Started downloading 20200312_193728.mp4 from Endpoint{id=Qd2N, name=Nexus 5X [34d8]}
07-05 19:26:36.026 21083 21083 I NearbyFragment: Transfer queue is empty
07-05 19:26:36.028 21083 21083 V NearbyFragment: Transfer to Endpoint{id=Qd2N, name=Nexus 5X [34d8]} complete
07-05 19:26:36.806 21083 21083 D NearbyFragment: onPayloadReceived(endpointId=Qd2N, payload=com.google.android.gms.nearby.connection.Payload@3286b4b)
07-05 19:26:37.031 21083 21092 W System  : A resource failed to call close. 
07-05 19:26:37.055 21083 21092 I chatty  : uid=10568(com.example.edgesum) FinalizerDaemon identical 16 lines
07-05 19:26:37.056 21083 21092 W System  : A resource failed to call close. 
07-05 19:26:37.059 21083 21092 W System  : A resource failed to call close. 
07-05 19:26:37.076 21083 21092 I chatty  : uid=10568(com.example.edgesum) FinalizerDaemon identical 8 lines
07-05 19:26:37.076 21083 21092 W System  : A resource failed to call close. 
07-05 19:26:42.759 21083 21083 D NearbyFragment: onPayloadReceived(endpointId=Rc4h, payload=com.google.android.gms.nearby.connection.Payload@fe8b928)
07-05 19:26:42.763 21083 21083 V NearbyFragment: Started downloading 20200312_193628.mp4 from Endpoint{id=Rc4h, name=Nexus 5 [1825]}
07-05 19:26:42.765 21083 21083 I NearbyFragment: Transfer queue is empty
07-05 19:26:42.770 21083 21083 V NearbyFragment: Transfer to Endpoint{id=Rc4h, name=Nexus 5 [1825]} complete
07-05 19:26:44.172 21083 21083 D NearbyFragment: onPayloadReceived(endpointId=Rc4h, payload=com.google.android.gms.nearby.connection.Payload@b713641)
07-05 19:26:49.750 21083 21083 V NearbyFragment: Transfer to Endpoint{id=Rc4h, name=Nexus 5 [1825]} complete
07-05 19:26:49.753 21083 21083 W NearbyFragment: Completed downloading 20200312_193628.mp4 from Endpoint{id=Rc4h, name=Nexus 5 [1825]} in 06.987s
07-05 19:26:49.832 21083 21083 V VideoManager: Retrieving video from /storage/emulated/0/Movies/summarised/20200312_193628.mp4
07-05 19:26:49.865 21083 21083 D VideoManager: videoCursor is null
07-05 19:26:49.933 21083 21083 V VideoManager: videoFromCursor
07-05 19:26:49.937 21083 21083 V SummarisedVideosEventHandler: onAdd
07-05 19:26:49.938 21083 21083 V ProcessingVideosEventHandler: removeByName
07-05 19:27:12.313 21083 21083 V NearbyFragment: Transfer to Endpoint{id=Qd2N, name=Nexus 5X [34d8]} complete
07-05 19:27:12.316 21083 21083 W NearbyFragment: Completed downloading 20200312_193728.mp4 from Endpoint{id=Qd2N, name=Nexus 5X [34d8]} in 36.289s
07-05 19:27:14.075 21083 21083 V VideoManager: Retrieving video from /storage/emulated/0/Movies/summarised/20200312_193728.mp4
07-05 19:27:14.084 21083 21083 D VideoManager: videoCursor is null
07-05 19:27:14.121 21083 21083 V VideoManager: videoFromCursor
07-05 19:27:14.126 21083 21083 V SummarisedVideosEventHandler: onAdd
07-05 19:27:14.127 21083 21083 V ProcessingVideosEventHandler: removeByName
07-05 19:27:14.767 21083 21083 V NearbyFragment: Transfer to Endpoint{id=Qd2N, name=Nexus 5X [34d8]} complete
07-05 19:27:15.141 21083 21083 D NearbyFragment: onPayloadReceived(endpointId=Qd2N, payload=com.google.android.gms.nearby.connection.Payload@62e9b59)
07-05 19:27:15.142 21083 21083 D NearbyFragment: Endpoint{id=Qd2N, name=Nexus 5X [34d8]} has finished downloading 20200312_193828.mp4
07-05 19:27:15.144 21083 21083 V VideoManager: Retrieving video from /storage/emulated/0/Movies/raw/20200312_193828.mp4
07-05 19:27:15.157 21083 21083 V VideoManager: videoFromCursor
07-05 19:27:15.161 21083 21083 V ProcessingVideosEventHandler: onAdd
07-05 19:27:15.161 21083 21083 V RawFootageEventHandler: onRemove
07-05 19:27:15.163 21083 21083 I NearbyFragment: Transfer queue is empty
07-05 19:27:15.194 21083 21083 V NearbyFragment: Transfer to Endpoint{id=Qd2N, name=Nexus 5X [34d8]} complete
07-05 19:27:16.072 21083 22643 V VideoManager: Retrieving video from /storage/emulated/0/Movies/raw/20200312_193928.mp4
07-05 19:27:16.086 21083 22643 D VideoManager: videoCursor is null
07-05 19:27:16.128 21083 22643 V VideoManager: videoFromCursor
07-05 19:27:16.133 21083 22643 W DashDownloadManager: Successfully downloaded 20200312_193928.mp4 in 55.533s
07-05 19:27:16.134 21083 22643 V DownloadTestVideosTask: Entering callback for download completion of 20200312_193928.mp4
07-05 19:27:16.135 21083 22643 V RawFootageEventHandler: onAdd
07-05 19:27:16.138 21083 22643 V NearbyFragment: nextTransfer with selected algorithm: best
07-05 19:27:16.142 21083 22643 W NearbyFragment: Sending 20200312_193928.mp4 to Nexus 5 [1825]
07-05 19:27:16.163 21083 21083 V NearbyFragment: Transfer to Endpoint{id=Rc4h, name=Nexus 5 [1825]} complete
07-05 19:27:17.148 21083 22643 V DownloadTestVideosTask: Starting DownloadTestVideosTask
07-05 19:27:17.151 21083 22643 V DashDownloadManager: Started downloading: 20200312_194129.mp4
07-05 19:27:17.155 21083 22643 I System.out: (HTTPLog)-Static: isSBSettingEnabled false
07-05 19:27:17.156 21083 22643 I System.out: (HTTPLog)-Static: isSBSettingEnabled false
07-05 19:27:17.408 21083 22643 I System.out: (HTTPLog)-Thread-1601-129725723: getTransferStream : ContentLength=69990400, method=GET, HTTPVersion=http/1.1
07-05 19:27:38.216 21083 21083 V NearbyFragment: Transfer to Endpoint{id=Rc4h, name=Nexus 5 [1825]} complete
07-05 19:27:38.435 21083 21083 D NearbyFragment: onPayloadReceived(endpointId=Rc4h, payload=com.google.android.gms.nearby.connection.Payload@66146b8)
07-05 19:27:38.438 21083 21083 D NearbyFragment: Endpoint{id=Rc4h, name=Nexus 5 [1825]} has finished downloading 20200312_193928.mp4
07-05 19:27:38.442 21083 21083 V VideoManager: Retrieving video from /storage/emulated/0/Movies/raw/20200312_193928.mp4
07-05 19:27:38.459 21083 21083 V VideoManager: videoFromCursor
07-05 19:27:38.465 21083 21083 V ProcessingVideosEventHandler: onAdd
07-05 19:27:38.466 21083 21083 V RawFootageEventHandler: onRemove
07-05 19:27:38.468 21083 21083 I NearbyFragment: Transfer queue is empty
07-05 19:27:38.513 21083 21083 V NearbyFragment: Transfer to Endpoint{id=Rc4h, name=Nexus 5 [1825]} complete
07-05 19:27:48.371 21083 22643 V VideoManager: Retrieving video from /storage/emulated/0/Movies/raw/20200312_194129.mp4
07-05 19:27:48.386 21083 22643 D VideoManager: videoCursor is null
07-05 19:27:48.468 21083 22643 V VideoManager: videoFromCursor
07-05 19:27:48.472 21083 22643 W DashDownloadManager: Successfully downloaded 20200312_194129.mp4 in 31.219s
07-05 19:27:48.473 21083 22643 V DownloadTestVideosTask: Entering callback for download completion of 20200312_194129.mp4
07-05 19:27:48.476 21083 22643 V RawFootageEventHandler: onAdd
07-05 19:27:48.478 21083 22643 V NearbyFragment: nextTransfer with selected algorithm: best
07-05 19:27:48.481 21083 22643 W NearbyFragment: Sending 20200312_194129.mp4 to Nexus 5X [34d8]
07-05 19:27:48.513 21083 21083 V NearbyFragment: Transfer to Endpoint{id=Qd2N, name=Nexus 5X [34d8]} complete
07-05 19:27:49.485 21083 22643 V DownloadTestVideosTask: Starting DownloadTestVideosTask
07-05 19:27:49.488 21083 22643 V DashDownloadManager: Started downloading: 20200312_194229.mp4
07-05 19:27:49.493 21083 22643 I System.out: (HTTPLog)-Static: isSBSettingEnabled false
07-05 19:27:49.494 21083 22643 I System.out: (HTTPLog)-Static: isSBSettingEnabled false
07-05 19:27:49.533 21083 22643 I System.out: (HTTPLog)-Thread-1601-65367426: getTransferStream : ContentLength=69990400, method=GET, HTTPVersion=http/1.1
07-05 19:28:04.131 21083 21083 D NearbyFragment: onPayloadReceived(endpointId=Rc4h, payload=com.google.android.gms.nearby.connection.Payload@4996c93)
07-05 19:28:04.133 21083 21083 D NearbyFragment: 20200312_193928.mp4 from Endpoint{id=Rc4h, name=Nexus 5 [1825]} contained no activity
07-05 19:28:04.135 21083 21083 V VideoManager: Retrieving video from /storage/emulated/0/Movies/raw/20200312_193928.mp4
07-05 19:28:04.155 21083 21083 V VideoManager: videoFromCursor
07-05 19:28:04.162 21083 21083 V ProcessingVideosEventHandler: onRemove
07-05 19:28:04.165 21083 21083 I NearbyFragment: Transfer queue is empty
07-05 19:28:04.322 21083 21083 V NearbyFragment: Transfer to Endpoint{id=Rc4h, name=Nexus 5 [1825]} complete
07-05 19:28:19.311 21083 22643 V VideoManager: Retrieving video from /storage/emulated/0/Movies/raw/20200312_194229.mp4
07-05 19:28:19.330 21083 22643 D VideoManager: videoCursor is null
07-05 19:28:19.445 21083 22643 V VideoManager: videoFromCursor
07-05 19:28:19.449 21083 22643 W DashDownloadManager: Successfully downloaded 20200312_194229.mp4 in 29.822s
07-05 19:28:19.450 21083 22643 V DownloadTestVideosTask: Entering callback for download completion of 20200312_194229.mp4
07-05 19:28:19.451 21083 22643 V RawFootageEventHandler: onAdd
07-05 19:28:19.454 21083 22643 V NearbyFragment: nextTransfer with selected algorithm: best
07-05 19:28:19.457 21083 22643 W NearbyFragment: Sending 20200312_194229.mp4 to Nexus 5 [1825]
07-05 19:28:19.476 21083 21083 V NearbyFragment: Transfer to Endpoint{id=Rc4h, name=Nexus 5 [1825]} complete
07-05 19:28:20.462 21083 22643 V DownloadTestVideosTask: Starting DownloadTestVideosTask
07-05 19:28:20.466 21083 22643 V DashDownloadManager: Started downloading: 20200312_194330.mp4
07-05 19:28:20.470 21083 22643 I System.out: (HTTPLog)-Static: isSBSettingEnabled false
07-05 19:28:20.470 21083 22643 I System.out: (HTTPLog)-Static: isSBSettingEnabled false
07-05 19:28:20.652 21083 22643 I System.out: (HTTPLog)-Thread-1601-104189436: getTransferStream : ContentLength=69990400, method=GET, HTTPVersion=http/1.1
07-05 19:28:23.107 21083 21083 V NearbyFragment: Transfer to Endpoint{id=Qd2N, name=Nexus 5X [34d8]} complete
07-05 19:28:23.460 21083 21083 D NearbyFragment: onPayloadReceived(endpointId=Qd2N, payload=com.google.android.gms.nearby.connection.Payload@693ac85)
07-05 19:28:23.462 21083 21083 D NearbyFragment: Endpoint{id=Qd2N, name=Nexus 5X [34d8]} has finished downloading 20200312_194129.mp4
07-05 19:28:23.463 21083 21083 V VideoManager: Retrieving video from /storage/emulated/0/Movies/raw/20200312_194129.mp4
07-05 19:28:23.477 21083 21083 V VideoManager: videoFromCursor
07-05 19:28:23.482 21083 21083 V ProcessingVideosEventHandler: onAdd
07-05 19:28:23.483 21083 21083 V RawFootageEventHandler: onRemove
07-05 19:28:23.485 21083 21083 I NearbyFragment: Transfer queue is empty
07-05 19:28:23.574 21083 21083 V NearbyFragment: Transfer to Endpoint{id=Qd2N, name=Nexus 5X [34d8]} complete
07-05 19:28:32.901 21083 21083 D NearbyFragment: onPayloadReceived(endpointId=Qd2N, payload=com.google.android.gms.nearby.connection.Payload@d0fcde8)
07-05 19:28:32.903 21083 21083 V NearbyFragment: Started downloading 20200312_193828.mp4 from Endpoint{id=Qd2N, name=Nexus 5X [34d8]}
07-05 19:28:32.904 21083 21083 I NearbyFragment: Transfer queue is empty
07-05 19:28:32.920 21083 21083 V NearbyFragment: Transfer to Endpoint{id=Qd2N, name=Nexus 5X [34d8]} complete
07-05 19:28:33.016 21083 21083 D NearbyFragment: onPayloadReceived(endpointId=Qd2N, payload=com.google.android.gms.nearby.connection.Payload@9e78c01)
07-05 19:28:34.532 21083 21083 V NearbyFragment: Transfer to Endpoint{id=Qd2N, name=Nexus 5X [34d8]} complete
07-05 19:28:34.534 21083 21083 W NearbyFragment: Completed downloading 20200312_193828.mp4 from Endpoint{id=Qd2N, name=Nexus 5X [34d8]} in 01.629s
07-05 19:28:34.682 21083 21083 V VideoManager: Retrieving video from /storage/emulated/0/Movies/summarised/20200312_193828.mp4
07-05 19:28:34.693 21083 21083 D VideoManager: videoCursor is null
07-05 19:28:34.735 21083 21083 V VideoManager: videoFromCursor
07-05 19:28:34.739 21083 21083 V SummarisedVideosEventHandler: onAdd
07-05 19:28:34.739 21083 21083 V ProcessingVideosEventHandler: removeByName
07-05 19:28:46.784 21083 21083 V NearbyFragment: Transfer to Endpoint{id=Rc4h, name=Nexus 5 [1825]} complete
07-05 19:28:47.296 21083 21083 D NearbyFragment: onPayloadReceived(endpointId=Rc4h, payload=com.google.android.gms.nearby.connection.Payload@65e19ad)
07-05 19:28:47.298 21083 21083 D NearbyFragment: Endpoint{id=Rc4h, name=Nexus 5 [1825]} has finished downloading 20200312_194229.mp4
07-05 19:28:47.300 21083 21083 V VideoManager: Retrieving video from /storage/emulated/0/Movies/raw/20200312_194229.mp4
07-05 19:28:47.316 21083 21083 V VideoManager: videoFromCursor
07-05 19:28:47.322 21083 21083 V ProcessingVideosEventHandler: onAdd
07-05 19:28:47.322 21083 21083 V RawFootageEventHandler: onRemove
07-05 19:28:47.325 21083 21083 I NearbyFragment: Transfer queue is empty
07-05 19:28:47.349 21083 21083 V NearbyFragment: Transfer to Endpoint{id=Rc4h, name=Nexus 5 [1825]} complete
07-05 19:28:56.900 21083 22643 V VideoManager: Retrieving video from /storage/emulated/0/Movies/raw/20200312_194330.mp4
07-05 19:28:56.911 21083 22643 D VideoManager: videoCursor is null
07-05 19:28:56.961 21083 22643 V VideoManager: videoFromCursor
07-05 19:28:56.965 21083 22643 W DashDownloadManager: Successfully downloaded 20200312_194330.mp4 in 36.433s
07-05 19:28:56.966 21083 22643 V DownloadTestVideosTask: Entering callback for download completion of 20200312_194330.mp4
07-05 19:28:56.967 21083 22643 V RawFootageEventHandler: onAdd
07-05 19:28:56.969 21083 22643 V NearbyFragment: nextTransfer with selected algorithm: best
07-05 19:28:56.973 21083 22643 W NearbyFragment: Sending 20200312_194330.mp4 to Nexus 5X [34d8]
07-05 19:28:56.998 21083 21083 V NearbyFragment: Transfer to Endpoint{id=Qd2N, name=Nexus 5X [34d8]} complete
07-05 19:28:57.978 21083 22643 V DownloadTestVideosTask: Starting DownloadTestVideosTask
07-05 19:28:57.982 21083 22643 V DashDownloadManager: Started downloading: 20200312_194730.mp4
07-05 19:28:57.988 21083 22643 I System.out: (HTTPLog)-Static: isSBSettingEnabled false
07-05 19:28:57.989 21083 22643 I System.out: (HTTPLog)-Static: isSBSettingEnabled false
07-05 19:28:58.204 21083 22643 I System.out: (HTTPLog)-Thread-1601-101441743: getTransferStream : ContentLength=69990400, method=GET, HTTPVersion=http/1.1
07-05 19:29:23.401 21083 21083 V NearbyFragment: Transfer to Endpoint{id=Qd2N, name=Nexus 5X [34d8]} complete
07-05 19:29:23.936 21083 21083 D NearbyFragment: onPayloadReceived(endpointId=Qd2N, payload=com.google.android.gms.nearby.connection.Payload@a7fa5c)
07-05 19:29:23.938 21083 21083 D NearbyFragment: Endpoint{id=Qd2N, name=Nexus 5X [34d8]} has finished downloading 20200312_194330.mp4
07-05 19:29:23.940 21083 21083 V VideoManager: Retrieving video from /storage/emulated/0/Movies/raw/20200312_194330.mp4
07-05 19:29:23.959 21083 21083 V VideoManager: videoFromCursor
07-05 19:29:23.966 21083 21083 V ProcessingVideosEventHandler: onAdd
07-05 19:29:23.967 21083 21083 V RawFootageEventHandler: onRemove
07-05 19:29:23.971 21083 21083 I NearbyFragment: Transfer queue is empty
07-05 19:29:23.997 21083 21083 V NearbyFragment: Transfer to Endpoint{id=Qd2N, name=Nexus 5X [34d8]} complete
07-05 19:29:29.122 21083 22643 V VideoManager: Retrieving video from /storage/emulated/0/Movies/raw/20200312_194730.mp4
07-05 19:29:29.134 21083 22643 D VideoManager: videoCursor is null
07-05 19:29:29.211 21083 22643 V VideoManager: videoFromCursor
07-05 19:29:29.214 21083 22643 W DashDownloadManager: Successfully downloaded 20200312_194730.mp4 in 31.139s
07-05 19:29:29.215 21083 22643 V DownloadTestVideosTask: Entering callback for download completion of 20200312_194730.mp4
07-05 19:29:29.216 21083 22643 V RawFootageEventHandler: onAdd
07-05 19:29:29.219 21083 22643 V NearbyFragment: nextTransfer with selected algorithm: best
07-05 19:29:29.222 21083 22643 W NearbyFragment: Sending 20200312_194730.mp4 to Nexus 5X [34d8]
07-05 19:29:29.244 21083 21083 V NearbyFragment: Transfer to Endpoint{id=Qd2N, name=Nexus 5X [34d8]} complete
07-05 19:29:30.227 21083 22643 V DownloadTestVideosTask: Starting DownloadTestVideosTask
07-05 19:29:30.233 21083 22643 V DashDownloadManager: Started downloading: 20200312_194830.mp4
07-05 19:29:30.242 21083 22643 I System.out: (HTTPLog)-Static: isSBSettingEnabled false
07-05 19:29:30.243 21083 22643 I System.out: (HTTPLog)-Static: isSBSettingEnabled false
07-05 19:29:30.255 21083 22643 I System.out: (HTTPLog)-Thread-1601-111600646: getTransferStream : ContentLength=69990400, method=GET, HTTPVersion=http/1.1
07-05 19:29:48.288 21083 21083 D NearbyFragment: onPayloadReceived(endpointId=Qd2N, payload=com.google.android.gms.nearby.connection.Payload@12d1ac7)
07-05 19:29:48.290 21083 21083 V NearbyFragment: Started downloading 20200312_194129.mp4 from Endpoint{id=Qd2N, name=Nexus 5X [34d8]}
07-05 19:29:48.293 21083 21083 I NearbyFragment: Transfer queue is empty
07-05 19:29:48.295 21083 21083 V NearbyFragment: Transfer to Endpoint{id=Qd2N, name=Nexus 5X [34d8]} complete
07-05 19:29:48.371 21083 21083 D NearbyFragment: onPayloadReceived(endpointId=Qd2N, payload=com.google.android.gms.nearby.connection.Payload@b4738f4)
07-05 19:29:48.928 21083 21083 V NearbyFragment: Transfer to Endpoint{id=Qd2N, name=Nexus 5X [34d8]} complete
07-05 19:29:48.930 21083 21083 W NearbyFragment: Completed downloading 20200312_194129.mp4 from Endpoint{id=Qd2N, name=Nexus 5X [34d8]} in 00.637s
07-05 19:29:49.021 21083 21083 V VideoManager: Retrieving video from /storage/emulated/0/Movies/summarised/20200312_194129.mp4
07-05 19:29:49.032 21083 21083 D VideoManager: videoCursor is null
07-05 19:29:49.087 21083 21083 V VideoManager: videoFromCursor
07-05 19:29:49.092 21083 21083 V SummarisedVideosEventHandler: onAdd
07-05 19:29:49.093 21083 21083 V ProcessingVideosEventHandler: removeByName
07-05 19:29:55.210 21083 22643 V VideoManager: Retrieving video from /storage/emulated/0/Movies/raw/20200312_194830.mp4
07-05 19:29:55.229 21083 22643 D VideoManager: videoCursor is null
07-05 19:29:55.290 21083 22643 V VideoManager: videoFromCursor
07-05 19:29:55.296 21083 22643 W DashDownloadManager: Successfully downloaded 20200312_194830.mp4 in 24.976s
07-05 19:29:55.298 21083 22643 V DownloadTestVideosTask: Entering callback for download completion of 20200312_194830.mp4
07-05 19:29:55.299 21083 22643 V RawFootageEventHandler: onAdd
07-05 19:29:55.304 21083 22643 V NearbyFragment: nextTransfer with selected algorithm: best
07-05 19:29:55.308 21083 22643 W NearbyFragment: Sending 20200312_194830.mp4 to Nexus 5X [34d8]
07-05 19:29:55.334 21083 21083 V NearbyFragment: Transfer to Endpoint{id=Qd2N, name=Nexus 5X [34d8]} complete
07-05 19:29:56.314 21083 22643 V DownloadTestVideosTask: Starting DownloadTestVideosTask
07-05 19:29:56.324 21083 22643 V DashDownloadManager: Started downloading: 20200312_194930.mp4
07-05 19:29:56.339 21083 22643 I System.out: (HTTPLog)-Static: isSBSettingEnabled false
07-05 19:29:56.341 21083 22643 I System.out: (HTTPLog)-Static: isSBSettingEnabled false
07-05 19:29:56.352 21083 22643 I System.out: (HTTPLog)-Thread-1601-132772527: getTransferStream : ContentLength=69990400, method=GET, HTTPVersion=http/1.1
07-05 19:30:15.289 21083 21083 V NearbyFragment: Transfer to Endpoint{id=Qd2N, name=Nexus 5X [34d8]} complete
07-05 19:30:17.431 21083 21083 D NearbyFragment: onPayloadReceived(endpointId=Qd2N, payload=com.google.android.gms.nearby.connection.Payload@8e7d6bc)
07-05 19:30:17.435 21083 21083 D NearbyFragment: Endpoint{id=Qd2N, name=Nexus 5X [34d8]} has finished downloading 20200312_194730.mp4
07-05 19:30:17.439 21083 21083 V VideoManager: Retrieving video from /storage/emulated/0/Movies/raw/20200312_194730.mp4
07-05 19:30:17.455 21083 21083 V VideoManager: videoFromCursor
07-05 19:30:17.461 21083 21083 V ProcessingVideosEventHandler: onAdd
07-05 19:30:17.462 21083 21083 V RawFootageEventHandler: onRemove
07-05 19:30:17.465 21083 21083 I NearbyFragment: Transfer queue is empty
07-05 19:30:17.538 21083 21083 V NearbyFragment: Transfer to Endpoint{id=Qd2N, name=Nexus 5X [34d8]} complete
07-05 19:30:23.751 21083 21083 D NearbyFragment: onPayloadReceived(endpointId=Qd2N, payload=com.google.android.gms.nearby.connection.Payload@e6d0acb)
07-05 19:30:23.756 21083 21083 D NearbyFragment: 20200312_194330.mp4 from Endpoint{id=Qd2N, name=Nexus 5X [34d8]} contained no activity
07-05 19:30:23.759 21083 21083 V VideoManager: Retrieving video from /storage/emulated/0/Movies/raw/20200312_194330.mp4
07-05 19:30:23.776 21083 21083 V VideoManager: videoFromCursor
07-05 19:30:23.781 21083 21083 V ProcessingVideosEventHandler: onRemove
07-05 19:30:23.784 21083 21083 I NearbyFragment: Transfer queue is empty
07-05 19:30:23.838 21083 21083 V NearbyFragment: Transfer to Endpoint{id=Qd2N, name=Nexus 5X [34d8]} complete
07-05 19:30:28.294 21083 21083 D NearbyFragment: onPayloadReceived(endpointId=Rc4h, payload=com.google.android.gms.nearby.connection.Payload@189a1c1)
07-05 19:30:28.296 21083 21083 V NearbyFragment: Started downloading 20200312_194229.mp4 from Endpoint{id=Rc4h, name=Nexus 5 [1825]}
07-05 19:30:28.297 21083 21083 I NearbyFragment: Transfer queue is empty
07-05 19:30:28.306 21083 21083 V NearbyFragment: Transfer to Endpoint{id=Rc4h, name=Nexus 5 [1825]} complete
07-05 19:30:28.369 21083 21083 D NearbyFragment: onPayloadReceived(endpointId=Rc4h, payload=com.google.android.gms.nearby.connection.Payload@328dd66)
07-05 19:30:29.082 21083 22643 V VideoManager: Retrieving video from /storage/emulated/0/Movies/raw/20200312_194930.mp4
07-05 19:30:29.095 21083 22643 D VideoManager: videoCursor is null
07-05 19:30:29.164 21083 22643 V VideoManager: videoFromCursor
07-05 19:30:29.169 21083 22643 W DashDownloadManager: Successfully downloaded 20200312_194930.mp4 in 32.757s
07-05 19:30:29.170 21083 22643 V DownloadTestVideosTask: Entering callback for download completion of 20200312_194930.mp4
07-05 19:30:29.171 21083 22643 V RawFootageEventHandler: onAdd
07-05 19:30:29.173 21083 22643 V NearbyFragment: nextTransfer with selected algorithm: best
07-05 19:30:29.176 21083 22643 W NearbyFragment: Sending 20200312_194930.mp4 to Nexus 5 [1825]
07-05 19:30:29.193 21083 21083 V NearbyFragment: Transfer to Endpoint{id=Rc4h, name=Nexus 5 [1825]} complete
07-05 19:30:29.747 21083 21083 V NearbyFragment: Transfer to Endpoint{id=Rc4h, name=Nexus 5 [1825]} complete
07-05 19:30:29.750 21083 21083 W NearbyFragment: Completed downloading 20200312_194229.mp4 from Endpoint{id=Rc4h, name=Nexus 5 [1825]} in 01.452s
07-05 19:30:29.883 21083 21083 V VideoManager: Retrieving video from /storage/emulated/0/Movies/summarised/20200312_194229.mp4
07-05 19:30:29.892 21083 21083 D VideoManager: videoCursor is null
07-05 19:30:29.948 21083 21083 V VideoManager: videoFromCursor
07-05 19:30:29.954 21083 21083 V SummarisedVideosEventHandler: onAdd
07-05 19:30:29.954 21083 21083 V ProcessingVideosEventHandler: removeByName
07-05 19:30:30.180 21083 22643 V DownloadTestVideosTask: Starting DownloadTestVideosTask
07-05 19:30:30.183 21083 22643 V DashDownloadManager: Started downloading: 20200312_195230.mp4
07-05 19:30:30.187 21083 22643 I System.out: (HTTPLog)-Static: isSBSettingEnabled false
07-05 19:30:30.188 21083 22643 I System.out: (HTTPLog)-Static: isSBSettingEnabled false
07-05 19:30:30.249 21083 22643 I System.out: (HTTPLog)-Thread-1601-127761713: getTransferStream : ContentLength=69990400, method=GET, HTTPVersion=http/1.1
07-05 19:30:47.182 21083 21083 V NearbyFragment: Transfer to Endpoint{id=Qd2N, name=Nexus 5X [34d8]} complete
07-05 19:30:48.993 21083 21083 D NearbyFragment: onPayloadReceived(endpointId=Qd2N, payload=com.google.android.gms.nearby.connection.Payload@d89e7ee)
07-05 19:30:48.996 21083 21083 D NearbyFragment: Endpoint{id=Qd2N, name=Nexus 5X [34d8]} has finished downloading 20200312_194830.mp4
07-05 19:30:48.997 21083 21083 V VideoManager: Retrieving video from /storage/emulated/0/Movies/raw/20200312_194830.mp4
07-05 19:30:49.013 21083 21083 V VideoManager: videoFromCursor
07-05 19:30:49.018 21083 21083 V ProcessingVideosEventHandler: onAdd
07-05 19:30:49.019 21083 21083 V RawFootageEventHandler: onRemove
07-05 19:30:49.022 21083 21083 I NearbyFragment: Transfer queue is empty
07-05 19:30:49.046 21083 21083 V NearbyFragment: Transfer to Endpoint{id=Qd2N, name=Nexus 5X [34d8]} complete
07-05 19:30:57.151 21083 21083 D NearbyFragment: onPayloadReceived(endpointId=Qd2N, payload=com.google.android.gms.nearby.connection.Payload@f0deb25)
07-05 19:30:57.153 21083 21083 D NearbyFragment: 20200312_194730.mp4 from Endpoint{id=Qd2N, name=Nexus 5X [34d8]} contained no activity
07-05 19:30:57.155 21083 21083 V VideoManager: Retrieving video from /storage/emulated/0/Movies/raw/20200312_194730.mp4
07-05 19:30:57.174 21083 21083 V VideoManager: videoFromCursor
07-05 19:30:57.180 21083 21083 V ProcessingVideosEventHandler: onRemove
07-05 19:30:57.183 21083 21083 I NearbyFragment: Transfer queue is empty
07-05 19:30:57.422 21083 21083 V NearbyFragment: Transfer to Endpoint{id=Qd2N, name=Nexus 5X [34d8]} complete
07-05 19:31:08.320 21083 21083 V NearbyFragment: Transfer to Endpoint{id=Rc4h, name=Nexus 5 [1825]} complete
07-05 19:31:08.926 21083 21083 D NearbyFragment: onPayloadReceived(endpointId=Rc4h, payload=com.google.android.gms.nearby.connection.Payload@76fcaab)
07-05 19:31:08.927 21083 21083 D NearbyFragment: Endpoint{id=Rc4h, name=Nexus 5 [1825]} has finished downloading 20200312_194930.mp4
07-05 19:31:08.929 21083 21083 V VideoManager: Retrieving video from /storage/emulated/0/Movies/raw/20200312_194930.mp4
07-05 19:31:08.946 21083 21083 V VideoManager: videoFromCursor
07-05 19:31:08.952 21083 21083 V ProcessingVideosEventHandler: onAdd
07-05 19:31:08.953 21083 21083 V RawFootageEventHandler: onRemove
07-05 19:31:08.955 21083 21083 I NearbyFragment: Transfer queue is empty
07-05 19:31:09.044 21083 21083 V NearbyFragment: Transfer to Endpoint{id=Rc4h, name=Nexus 5 [1825]} complete
07-05 19:31:09.635 21083 22643 V VideoManager: Retrieving video from /storage/emulated/0/Movies/raw/20200312_195230.mp4
07-05 19:31:09.648 21083 22643 D VideoManager: videoCursor is null
07-05 19:31:09.719 21083 22643 V VideoManager: videoFromCursor
07-05 19:31:09.723 21083 22643 W DashDownloadManager: Successfully downloaded 20200312_195230.mp4 in 39.451s
07-05 19:31:09.723 21083 22643 V DownloadTestVideosTask: Entering callback for download completion of 20200312_195230.mp4
07-05 19:31:09.725 21083 22643 V RawFootageEventHandler: onAdd
07-05 19:31:09.732 21083 22643 V NearbyFragment: nextTransfer with selected algorithm: best
07-05 19:31:09.735 21083 22643 W NearbyFragment: Sending 20200312_195230.mp4 to Nexus 5X [34d8]
07-05 19:31:09.747 21083 21083 V NearbyFragment: Transfer to Endpoint{id=Qd2N, name=Nexus 5X [34d8]} complete
07-05 19:31:10.740 21083 22643 V DownloadTestVideosTask: Starting DownloadTestVideosTask
07-05 19:31:10.745 21083 22643 V DashDownloadManager: Started downloading: 20200312_195330.mp4
07-05 19:31:10.752 21083 22643 I System.out: (HTTPLog)-Static: isSBSettingEnabled false
07-05 19:31:10.753 21083 22643 I System.out: (HTTPLog)-Static: isSBSettingEnabled false
07-05 19:31:11.002 21083 22643 I System.out: (HTTPLog)-Thread-1601-128932317: getTransferStream : ContentLength=69990400, method=GET, HTTPVersion=http/1.1
07-05 19:31:42.707 21083 22643 V VideoManager: Retrieving video from /storage/emulated/0/Movies/raw/20200312_195330.mp4
07-05 19:31:42.738 21083 22643 D VideoManager: videoCursor is null
07-05 19:31:42.812 21083 22643 V VideoManager: videoFromCursor
07-05 19:31:42.816 21083 22643 W DashDownloadManager: Successfully downloaded 20200312_195330.mp4 in 31.961s
07-05 19:31:42.817 21083 22643 V DownloadTestVideosTask: Entering callback for download completion of 20200312_195330.mp4
07-05 19:31:42.817 21083 22643 V RawFootageEventHandler: onAdd
07-05 19:31:42.819 21083 22643 V NearbyFragment: nextTransfer with selected algorithm: best
07-05 19:31:42.822 21083 22643 W NearbyFragment: Sending 20200312_195330.mp4 to Nexus 5X [34d8]
07-05 19:31:42.970 21083 21083 V NearbyFragment: Transfer to Endpoint{id=Qd2N, name=Nexus 5X [34d8]} complete
07-05 19:31:42.973 21083 21083 V NearbyFragment: Transfer to Endpoint{id=Qd2N, name=Nexus 5X [34d8]} complete
07-05 19:31:43.477 21083 21083 D NearbyFragment: onPayloadReceived(endpointId=Qd2N, payload=com.google.android.gms.nearby.connection.Payload@7ccb6d9)
07-05 19:31:43.478 21083 21083 D NearbyFragment: Endpoint{id=Qd2N, name=Nexus 5X [34d8]} has finished downloading 20200312_195230.mp4
07-05 19:31:43.480 21083 21083 V VideoManager: Retrieving video from /storage/emulated/0/Movies/raw/20200312_195230.mp4
07-05 19:31:43.494 21083 21083 V VideoManager: videoFromCursor
07-05 19:31:43.500 21083 21083 V ProcessingVideosEventHandler: onAdd
07-05 19:31:43.501 21083 21083 V RawFootageEventHandler: onRemove
07-05 19:31:43.503 21083 21083 I NearbyFragment: Transfer queue is empty
07-05 19:31:43.527 21083 21083 V NearbyFragment: Transfer to Endpoint{id=Qd2N, name=Nexus 5X [34d8]} complete
07-05 19:31:43.826 21083 22643 V DownloadTestVideosTask: Starting DownloadTestVideosTask
07-05 19:31:43.828 21083 22643 V DashDownloadManager: Started downloading: 20200312_195430.mp4
07-05 19:31:43.833 21083 22643 I System.out: (HTTPLog)-Static: isSBSettingEnabled false
07-05 19:31:43.834 21083 22643 I System.out: (HTTPLog)-Static: isSBSettingEnabled false
07-05 19:31:43.853 21083 22643 I System.out: (HTTPLog)-Thread-1601-150850380: getTransferStream : ContentLength=69990400, method=GET, HTTPVersion=http/1.1
07-05 19:32:13.592 21083 21083 V NearbyFragment: Transfer to Endpoint{id=Qd2N, name=Nexus 5X [34d8]} complete
07-05 19:32:13.931 21083 21083 D NearbyFragment: onPayloadReceived(endpointId=Qd2N, payload=com.google.android.gms.nearby.connection.Payload@c8e795)
07-05 19:32:13.934 21083 21083 D NearbyFragment: Endpoint{id=Qd2N, name=Nexus 5X [34d8]} has finished downloading 20200312_195330.mp4
07-05 19:32:13.937 21083 21083 V VideoManager: Retrieving video from /storage/emulated/0/Movies/raw/20200312_195330.mp4
07-05 19:32:13.976 21083 21083 V VideoManager: videoFromCursor
07-05 19:32:13.981 21083 21083 V ProcessingVideosEventHandler: onAdd
07-05 19:32:13.982 21083 21083 V RawFootageEventHandler: onRemove
07-05 19:32:13.984 21083 21083 I NearbyFragment: Transfer queue is empty
07-05 19:32:14.074 21083 21083 V NearbyFragment: Transfer to Endpoint{id=Qd2N, name=Nexus 5X [34d8]} complete
07-05 19:32:17.719 21083 22643 V VideoManager: Retrieving video from /storage/emulated/0/Movies/raw/20200312_195430.mp4
07-05 19:32:17.728 21083 22643 D VideoManager: videoCursor is null
07-05 19:32:17.796 21083 22643 V VideoManager: videoFromCursor
07-05 19:32:17.800 21083 22643 W DashDownloadManager: Successfully downloaded 20200312_195430.mp4 in 33.889s
07-05 19:32:17.800 21083 22643 V DownloadTestVideosTask: Entering callback for download completion of 20200312_195430.mp4
07-05 19:32:17.801 21083 22643 V RawFootageEventHandler: onAdd
07-05 19:32:17.804 21083 22643 V NearbyFragment: nextTransfer with selected algorithm: best
07-05 19:32:17.806 21083 22643 W NearbyFragment: Sending 20200312_195430.mp4 to Nexus 5X [34d8]
07-05 19:32:17.820 21083 21083 V NearbyFragment: Transfer to Endpoint{id=Qd2N, name=Nexus 5X [34d8]} complete
07-05 19:32:18.810 21083 22643 V DownloadTestVideosTask: Starting DownloadTestVideosTask
07-05 19:32:18.814 21083 22643 D DownloadTestVideosTask: No new videos
07-05 19:32:18.814 21083 22643 W NearbyFragment: Stopped downloading from dashcam
07-05 19:32:34.785 21083 21083 V NearbyFragment: Transfer to Endpoint{id=Qd2N, name=Nexus 5X [34d8]} complete
07-05 19:32:37.032 21083 21083 D NearbyFragment: onPayloadReceived(endpointId=Qd2N, payload=com.google.android.gms.nearby.connection.Payload@f47ff77)
07-05 19:32:37.035 21083 21083 D NearbyFragment: Endpoint{id=Qd2N, name=Nexus 5X [34d8]} has finished downloading 20200312_195430.mp4
07-05 19:32:37.038 21083 21083 V VideoManager: Retrieving video from /storage/emulated/0/Movies/raw/20200312_195430.mp4
07-05 19:32:37.063 21083 21083 V VideoManager: videoFromCursor
07-05 19:32:37.071 21083 21083 V ProcessingVideosEventHandler: onAdd
07-05 19:32:37.072 21083 21083 V RawFootageEventHandler: onRemove
07-05 19:32:37.075 21083 21083 I NearbyFragment: Transfer queue is empty
07-05 19:32:37.079 21083 21083 V NearbyFragment: Transfer to Endpoint{id=Qd2N, name=Nexus 5X [34d8]} complete
07-05 19:33:22.405 21083 21083 D NearbyFragment: onPayloadReceived(endpointId=Rc4h, payload=com.google.android.gms.nearby.connection.Payload@1a22b02)
07-05 19:33:22.408 21083 21083 V NearbyFragment: Started downloading 20200312_194930.mp4 from Endpoint{id=Rc4h, name=Nexus 5 [1825]}
07-05 19:33:22.411 21083 21083 I NearbyFragment: Transfer queue is empty
07-05 19:33:22.417 21083 21083 V NearbyFragment: Transfer to Endpoint{id=Rc4h, name=Nexus 5 [1825]} complete
07-05 19:33:22.468 21083 21083 D NearbyFragment: onPayloadReceived(endpointId=Rc4h, payload=com.google.android.gms.nearby.connection.Payload@b31c13)
07-05 19:33:23.905 21083 21083 V NearbyFragment: Transfer to Endpoint{id=Rc4h, name=Nexus 5 [1825]} complete
07-05 19:33:23.907 21083 21083 W NearbyFragment: Completed downloading 20200312_194930.mp4 from Endpoint{id=Rc4h, name=Nexus 5 [1825]} in 01.497s
07-05 19:33:24.091 21083 21083 V VideoManager: Retrieving video from /storage/emulated/0/Movies/summarised/20200312_194930.mp4
07-05 19:33:24.139 21083 21083 D VideoManager: videoCursor is null
07-05 19:33:24.221 21083 21083 V VideoManager: videoFromCursor
07-05 19:33:24.230 21083 21083 V SummarisedVideosEventHandler: onAdd
07-05 19:33:24.231 21083 21083 V ProcessingVideosEventHandler: removeByName
07-05 19:33:33.627 21083 21083 D NearbyFragment: onPayloadReceived(endpointId=Qd2N, payload=com.google.android.gms.nearby.connection.Payload@66c95f)
07-05 19:33:33.630 21083 21083 V NearbyFragment: Started downloading 20200312_194830.mp4 from Endpoint{id=Qd2N, name=Nexus 5X [34d8]}
07-05 19:33:33.634 21083 21083 I NearbyFragment: Transfer queue is empty
07-05 19:33:33.686 21083 21083 D NearbyFragment: onPayloadReceived(endpointId=Qd2N, payload=com.google.android.gms.nearby.connection.Payload@b98dfac)
07-05 19:33:33.749 21083 21083 V NearbyFragment: Transfer to Endpoint{id=Qd2N, name=Nexus 5X [34d8]} complete
07-05 19:33:35.050 21083 21083 V NearbyFragment: Transfer to Endpoint{id=Qd2N, name=Nexus 5X [34d8]} complete
07-05 19:33:35.054 21083 21083 W NearbyFragment: Completed downloading 20200312_194830.mp4 from Endpoint{id=Qd2N, name=Nexus 5X [34d8]} in 01.419s
07-05 19:33:35.226 21083 21083 V VideoManager: Retrieving video from /storage/emulated/0/Movies/summarised/20200312_194830.mp4
07-05 19:33:35.239 21083 21083 D VideoManager: videoCursor is null
07-05 19:33:35.286 21083 21083 V VideoManager: videoFromCursor
07-05 19:33:35.290 21083 21083 V SummarisedVideosEventHandler: onAdd
07-05 19:33:35.291 21083 21083 V ProcessingVideosEventHandler: removeByName
07-05 19:34:29.759 21083 21083 D NearbyFragment: onPayloadReceived(endpointId=Qd2N, payload=com.google.android.gms.nearby.connection.Payload@ef189c8)
07-05 19:34:29.763 21083 21083 V NearbyFragment: Started downloading 20200312_195230.mp4 from Endpoint{id=Qd2N, name=Nexus 5X [34d8]}
07-05 19:34:29.766 21083 21083 I NearbyFragment: Transfer queue is empty
07-05 19:34:29.773 21083 21083 V NearbyFragment: Transfer to Endpoint{id=Qd2N, name=Nexus 5X [34d8]} complete
07-05 19:34:29.801 21083 21083 D NearbyFragment: onPayloadReceived(endpointId=Qd2N, payload=com.google.android.gms.nearby.connection.Payload@d82ca61)
07-05 19:34:30.182 21083 21083 V NearbyFragment: Transfer to Endpoint{id=Qd2N, name=Nexus 5X [34d8]} complete
07-05 19:34:30.184 21083 21083 W NearbyFragment: Completed downloading 20200312_195230.mp4 from Endpoint{id=Qd2N, name=Nexus 5X [34d8]} in 00.419s
07-05 19:34:30.256 21083 21083 V VideoManager: Retrieving video from /storage/emulated/0/Movies/summarised/20200312_195230.mp4
07-05 19:34:30.282 21083 21083 D VideoManager: videoCursor is null
07-05 19:34:30.345 21083 21083 V VideoManager: videoFromCursor
07-05 19:34:30.349 21083 21083 V SummarisedVideosEventHandler: onAdd
07-05 19:34:30.349 21083 21083 V ProcessingVideosEventHandler: removeByName
07-05 19:36:33.070 21083 21083 D NearbyFragment: onPayloadReceived(endpointId=Qd2N, payload=com.google.android.gms.nearby.connection.Payload@d48b60d)
07-05 19:36:33.073 21083 21083 V NearbyFragment: Started downloading 20200312_195330.mp4 from Endpoint{id=Qd2N, name=Nexus 5X [34d8]}
07-05 19:36:33.076 21083 21083 I NearbyFragment: Transfer queue is empty
07-05 19:36:33.079 21083 21083 V NearbyFragment: Transfer to Endpoint{id=Qd2N, name=Nexus 5X [34d8]} complete
07-05 19:36:33.173 21083 21083 D NearbyFragment: onPayloadReceived(endpointId=Qd2N, payload=com.google.android.gms.nearby.connection.Payload@a7ba9c2)
07-05 19:36:34.494 21083 21083 V NearbyFragment: Transfer to Endpoint{id=Qd2N, name=Nexus 5X [34d8]} complete
07-05 19:36:34.495 21083 21083 W NearbyFragment: Completed downloading 20200312_195330.mp4 from Endpoint{id=Qd2N, name=Nexus 5X [34d8]} in 01.420s
07-05 19:36:34.671 21083 21083 V VideoManager: Retrieving video from /storage/emulated/0/Movies/summarised/20200312_195330.mp4
07-05 19:36:34.727 21083 21083 D VideoManager: videoCursor is null
07-05 19:36:34.819 21083 21083 V VideoManager: videoFromCursor
07-05 19:36:34.823 21083 21083 V SummarisedVideosEventHandler: onAdd
07-05 19:36:34.824 21083 21083 V ProcessingVideosEventHandler: removeByName
07-05 19:38:20.399 21083 21083 D NearbyFragment: onPayloadReceived(endpointId=Qd2N, payload=com.google.android.gms.nearby.connection.Payload@4d7a609)
07-05 19:38:20.402 21083 21083 V NearbyFragment: Started downloading 20200312_195430.mp4 from Endpoint{id=Qd2N, name=Nexus 5X [34d8]}
07-05 19:38:20.405 21083 21083 I NearbyFragment: Transfer queue is empty
07-05 19:38:20.410 21083 21083 V NearbyFragment: Transfer to Endpoint{id=Qd2N, name=Nexus 5X [34d8]} complete
07-05 19:38:20.665 21083 21083 D NearbyFragment: onPayloadReceived(endpointId=Qd2N, payload=com.google.android.gms.nearby.connection.Payload@85ea00e)
07-05 19:38:21.197 21083 21083 V NearbyFragment: Transfer to Endpoint{id=Qd2N, name=Nexus 5X [34d8]} complete
07-05 19:38:21.198 21083 21083 W NearbyFragment: Completed downloading 20200312_195430.mp4 from Endpoint{id=Qd2N, name=Nexus 5X [34d8]} in 00.794s
07-05 19:38:21.336 21083 21083 V VideoManager: Retrieving video from /storage/emulated/0/Movies/summarised/20200312_195430.mp4
07-05 19:38:21.369 21083 21083 D VideoManager: videoCursor is null
07-05 19:38:21.449 21083 21083 V VideoManager: videoFromCursor
07-05 19:38:21.454 21083 21083 V SummarisedVideosEventHandler: onAdd
07-05 19:38:21.455 21083 21083 V ProcessingVideosEventHandler: removeByName
