--------- beginning of main
--------- beginning of system
07-03 00:42:10.397 19800 19800 W LogFactory: Truncating log tag length as it exceed 23, the limit imposed by Android on certain API Levels
07-03 00:43:55.569 19800 19800 E TransferService: No notification is passed in the intent. Unable to transition to foreground.
07-03 00:44:58.929 19800 19800 W NearbyFragment: Preferences:
07-03 00:44:58.929 19800 19800 W NearbyFragment:   Auto download: true
07-03 00:44:58.929 19800 19800 W NearbyFragment:   Algorithm: best_or_local
07-03 00:44:58.929 19800 19800 W NearbyFragment:   Fast scheduling: true
07-03 00:44:58.929 19800 19800 W NearbyFragment:   Segmentation: true
07-03 00:44:58.929 19800 19800 W NearbyFragment:   Auto segmentation: false
07-03 00:44:58.929 19800 19800 W NearbyFragment:   Segment number: 4
07-03 00:44:58.929 19800 19800 W NearbyFragment:   Noise tolerance: 45.00
07-03 00:44:58.929 19800 19800 W NearbyFragment:   Quality: 23
07-03 00:44:58.929 19800 19800 W NearbyFragment:   Speed: medium
07-03 00:44:58.929 19800 19800 W NearbyFragment:   Freeze duration: 1.00
07-03 00:44:58.929 19800 19800 W NearbyFragment: Download delay: 1s
07-03 00:44:58.929 19800 19800 W NearbyFragment: Started downloading from dashcam
07-03 00:45:19.142 19800 20135 W DashDownloadManager: Successfully downloaded 20200312_150643.mp4 in 19.727s
07-03 00:45:19.229 19800 20147 W mobile-ffmpeg: [mov,mp4,m4a,3gp,3g2,mj2 @ 0x7c6c8a2800] Found duplicated MOOV Atom. Skipped it
07-03 00:45:19.335 19800 20147 W mobile-ffmpeg: [mov,mp4,m4a,3gp,3g2,mj2 @ 0x7c6c8a2800] Found duplicated MOOV Atom. Skipped it
07-03 00:45:20.752 19800 20135 W NearbyFragment: Sending 20200312_150643!000.mp4 to Galaxy S8 [2802]
07-03 00:45:28.459 19800 20147 W mobile-ffmpeg: [graph 0 input from stream 0:0 @ 0x7c5a4b8880] sws_param option is deprecated and ignored
07-03 00:45:30.393 19800 19800 W NearbyFragment: Sending 20200312_150643!002.mp4 to Galaxy S8 [2802]
07-03 00:45:32.099 19800 20157 W Summariser: No activity detected
07-03 00:45:32.167 19800 20157 W Summariser: Summarisation completed
07-03 00:45:32.167 19800 20157 W Summariser:   filename: 20200312_150643!001.mp4
07-03 00:45:32.167 19800 20157 W Summariser:   active sections: 0
07-03 00:45:32.167 19800 20157 W Summariser:   time: 03.761s
07-03 00:45:32.167 19800 20157 W Summariser:   original duration: 16.01
07-03 00:45:32.167 19800 20157 W Summariser:   summarised duration: -1.00
07-03 00:45:32.167 19800 20157 W Summariser:   noise tolerance: 45.00
07-03 00:45:32.167 19800 20157 W Summariser:   quality: 23
07-03 00:45:32.167 19800 20157 W Summariser:   speed: medium
07-03 00:45:32.167 19800 20157 W Summariser:   freeze duration: 1.00
07-03 00:45:32.954 19800 20147 W mobile-ffmpeg: [graph 0 input from stream 0:0 @ 0x7c5a4b7680] sws_param option is deprecated and ignored
07-03 00:45:35.982 19800 20179 W Summariser: No activity detected
07-03 00:45:36.066 19800 20179 W Summariser: Summarisation completed
07-03 00:45:36.066 19800 20179 W Summariser:   filename: 20200312_150643!003.mp4
07-03 00:45:36.066 19800 20179 W Summariser:   active sections: 0
07-03 00:45:36.066 19800 20179 W Summariser:   time: 03.149s
07-03 00:45:36.066 19800 20179 W Summariser:   original duration: 12.01
07-03 00:45:36.066 19800 20179 W Summariser:   summarised duration: -1.00
07-03 00:45:36.066 19800 20179 W Summariser:   noise tolerance: 45.00
07-03 00:45:36.066 19800 20179 W Summariser:   quality: 23
07-03 00:45:36.066 19800 20179 W Summariser:   speed: medium
07-03 00:45:36.066 19800 20179 W Summariser:   freeze duration: 1.00
07-03 00:45:41.774 19800 20135 W DashDownloadManager: Successfully downloaded 20200312_150744.mp4 in 19.948s
07-03 00:45:41.786 19800 20147 W mobile-ffmpeg: [mov,mp4,m4a,3gp,3g2,mj2 @ 0x7c6c8a2800] Found duplicated MOOV Atom. Skipped it
07-03 00:45:41.877 19800 20147 W mobile-ffmpeg: [mov,mp4,m4a,3gp,3g2,mj2 @ 0x7c6c8a2800] Found duplicated MOOV Atom. Skipped it
07-03 00:45:43.323 19800 20135 W NearbyFragment: Sending 20200312_150744!000.mp4 to Galaxy S8 [2802]
07-03 00:45:45.450 19800 20147 W mobile-ffmpeg: [graph 0 input from stream 0:0 @ 0x7c5a4b7680] sws_param option is deprecated and ignored
07-03 00:45:47.474 19800 19800 W NearbyFragment: Sending 20200312_150744!002.mp4 to Galaxy S8 [2802]
07-03 00:45:49.994 19800 20210 W Summariser: No activity detected
07-03 00:45:50.093 19800 20210 W Summariser: Summarisation completed
07-03 00:45:50.093 19800 20210 W Summariser:   filename: 20200312_150744!001.mp4
07-03 00:45:50.093 19800 20210 W Summariser:   active sections: 0
07-03 00:45:50.093 19800 20210 W Summariser:   time: 04.671s
07-03 00:45:50.093 19800 20210 W Summariser:   original duration: 16.02
07-03 00:45:50.093 19800 20210 W Summariser:   summarised duration: -1.00
07-03 00:45:50.093 19800 20210 W Summariser:   noise tolerance: 45.00
07-03 00:45:50.093 19800 20210 W Summariser:   quality: 23
07-03 00:45:50.093 19800 20210 W Summariser:   speed: medium
07-03 00:45:50.093 19800 20210 W Summariser:   freeze duration: 1.00
07-03 00:45:50.181 19800 20147 W mobile-ffmpeg: [graph 0 input from stream 0:0 @ 0x7c5a4b75c0] sws_param option is deprecated and ignored
07-03 00:45:53.518 19800 20210 W Summariser: 1 active sections found
07-03 00:45:53.665 19800 20147 W mobile-ffmpeg: [graph 0 input from stream 0:0 @ 0x7c5a4b7500] sws_param option is deprecated and ignored
07-03 00:46:02.958 19800 20135 W DashDownloadManager: Successfully downloaded 20200312_150844.mp4 in 18.057s
07-03 00:46:02.976 19800 20147 W mobile-ffmpeg: [mov,mp4,m4a,3gp,3g2,mj2 @ 0x7c6c8a2800] Found duplicated MOOV Atom. Skipped it
07-03 00:46:03.131 19800 20147 W mobile-ffmpeg: [mov,mp4,m4a,3gp,3g2,mj2 @ 0x7c6c8a2800] Found duplicated MOOV Atom. Skipped it
07-03 00:46:04.874 19800 20135 W NearbyFragment: Sending 20200312_150844!000.mp4 to Galaxy S8 [2802]
07-03 00:46:10.671 19800 19800 W NearbyFragment: Sending 20200312_150844!002.mp4 to Galaxy S8 [2802]
07-03 00:46:13.322 19800 20210 W Summariser: Summarisation completed
07-03 00:46:13.322 19800 20210 W Summariser:   filename: 20200312_150744!003.mp4
07-03 00:46:13.322 19800 20210 W Summariser:   active sections: 1
07-03 00:46:13.322 19800 20210 W Summariser:   time: 23.060s
07-03 00:46:13.322 19800 20210 W Summariser:   original duration: 12.03
07-03 00:46:13.322 19800 20210 W Summariser:   summarised duration: 4.89
07-03 00:46:13.322 19800 20210 W Summariser:   noise tolerance: 45.00
07-03 00:46:13.322 19800 20210 W Summariser:   quality: 23
07-03 00:46:13.322 19800 20210 W Summariser:   speed: medium
07-03 00:46:13.322 19800 20210 W Summariser:   freeze duration: 1.00
07-03 00:46:13.440 19800 20210 W FfmpegTools: Single segment returned, duration of 20200312_150744: 4.89
07-03 00:46:13.730 19800 20147 W mobile-ffmpeg: [graph 0 input from stream 0:0 @ 0x7c5a4b75c0] sws_param option is deprecated and ignored
07-03 00:46:14.439 19800 19800 W NearbyFragment: Completed downloading 20200312_150844!000.mp4 from Endpoint{id=ib9b, name=Galaxy S8 [2802]} in 03.770s
07-03 00:46:21.817 19800 19800 W NearbyFragment: Completed downloading 20200312_150844!002.mp4 from Endpoint{id=ib9b, name=Galaxy S8 [2802]} in 05.038s
07-03 00:46:21.914 19800 20210 W Summariser: Whole video is active
07-03 00:46:22.896 19800 20210 W Summariser: Summarisation completed
07-03 00:46:22.896 19800 20210 W Summariser:   filename: 20200312_150844!001.mp4
07-03 00:46:22.896 19800 20210 W Summariser:   active sections: -1
07-03 00:46:22.896 19800 20210 W Summariser:   time: 09.118s
07-03 00:46:22.896 19800 20210 W Summariser:   original duration: 16.01
07-03 00:46:22.896 19800 20210 W Summariser:   summarised duration: 16.01
07-03 00:46:22.896 19800 20210 W Summariser:   noise tolerance: 45.00
07-03 00:46:22.896 19800 20210 W Summariser:   quality: 23
07-03 00:46:22.896 19800 20210 W Summariser:   speed: medium
07-03 00:46:22.896 19800 20210 W Summariser:   freeze duration: 1.00
07-03 00:46:23.326 19800 20147 W mobile-ffmpeg: [graph 0 input from stream 0:0 @ 0x7c5a4b7440] sws_param option is deprecated and ignored
07-03 00:46:25.469 19800 20135 W DashDownloadManager: Successfully downloaded 20200312_150944.mp4 in 19.539s
07-03 00:46:25.482 19800 20147 W mobile-ffmpeg: [mov,mp4,m4a,3gp,3g2,mj2 @ 0x7c565fe400] Found duplicated MOOV Atom. Skipped it
07-03 00:46:25.704 19800 20147 W mobile-ffmpeg: [mov,mp4,m4a,3gp,3g2,mj2 @ 0x7c565fe400] Found duplicated MOOV Atom. Skipped it
07-03 00:46:27.608 19800 20135 W NearbyFragment: Sending 20200312_150944!000.mp4 to Galaxy S8 [2802]
07-03 00:46:28.596 19800 20210 W Summariser: Whole video is active
07-03 00:46:29.325 19800 20210 W Summariser: Summarisation completed
07-03 00:46:29.325 19800 20210 W Summariser:   filename: 20200312_150844!003.mp4
07-03 00:46:29.325 19800 20210 W Summariser:   active sections: -1
07-03 00:46:29.325 19800 20210 W Summariser:   time: 05.977s
07-03 00:46:29.325 19800 20210 W Summariser:   original duration: 11.98
07-03 00:46:29.325 19800 20210 W Summariser:   summarised duration: 11.98
07-03 00:46:29.325 19800 20210 W Summariser:   noise tolerance: 45.00
07-03 00:46:29.325 19800 20210 W Summariser:   quality: 23
07-03 00:46:29.325 19800 20210 W Summariser:   speed: medium
07-03 00:46:29.325 19800 20210 W Summariser:   freeze duration: 1.00
07-03 00:46:30.616 19800 20210 W FfmpegTools: Merged duration of 20200312_150844: 60.08
07-03 00:46:30.939 19800 20147 W mobile-ffmpeg: [graph 0 input from stream 0:0 @ 0x7c5a4b7440] sws_param option is deprecated and ignored
07-03 00:46:38.217 19800 20210 W Summariser: No activity detected
07-03 00:46:38.330 19800 20210 W Summariser: Summarisation completed
07-03 00:46:38.330 19800 20210 W Summariser:   filename: 20200312_150944!001.mp4
07-03 00:46:38.330 19800 20210 W Summariser:   active sections: 0
07-03 00:46:38.330 19800 20210 W Summariser:   time: 07.465s
07-03 00:46:38.330 19800 20210 W Summariser:   original duration: 16.01
07-03 00:46:38.330 19800 20210 W Summariser:   summarised duration: -1.00
07-03 00:46:38.330 19800 20210 W Summariser:   noise tolerance: 45.00
07-03 00:46:38.330 19800 20210 W Summariser:   quality: 23
07-03 00:46:38.330 19800 20210 W Summariser:   speed: medium
07-03 00:46:38.330 19800 20210 W Summariser:   freeze duration: 1.00
07-03 00:46:39.549 19800 19800 W NearbyFragment: Sending 20200312_150944!002.mp4 to Galaxy S8 [2802]
07-03 00:46:39.809 19800 19800 W NearbyFragment: Completed downloading 20200312_150944!000.mp4 from Endpoint{id=ib9b, name=Galaxy S8 [2802]} in 00.275s
07-03 00:46:46.362 19800 20147 W mobile-ffmpeg: [graph 0 input from stream 0:0 @ 0x7c5a4b7440] sws_param option is deprecated and ignored
07-03 00:46:47.383 19800 20135 W DashDownloadManager: Successfully downloaded 20200312_151044.mp4 in 18.736s
07-03 00:46:47.396 19800 20147 W mobile-ffmpeg: [mov,mp4,m4a,3gp,3g2,mj2 @ 0x7c565fe400] Found duplicated MOOV Atom. Skipped it
07-03 00:46:47.537 19800 20147 W mobile-ffmpeg: [mov,mp4,m4a,3gp,3g2,mj2 @ 0x7c565fe400] Found duplicated MOOV Atom. Skipped it
07-03 00:46:49.177 19800 20135 W NearbyFragment: Sending 20200312_151044!000.mp4 to Galaxy S8 [2802]
07-03 00:46:51.702 19800 20372 W Summariser: No activity detected
07-03 00:46:51.779 19800 20372 W Summariser: Summarisation completed
07-03 00:46:51.779 19800 20372 W Summariser:   filename: 20200312_150944!003.mp4
07-03 00:46:51.779 19800 20372 W Summariser:   active sections: 0
07-03 00:46:51.779 19800 20372 W Summariser:   time: 05.509s
07-03 00:46:51.779 19800 20372 W Summariser:   original duration: 12.01
07-03 00:46:51.779 19800 20372 W Summariser:   summarised duration: -1.00
07-03 00:46:51.779 19800 20372 W Summariser:   noise tolerance: 45.00
07-03 00:46:51.779 19800 20372 W Summariser:   quality: 23
07-03 00:46:51.779 19800 20372 W Summariser:   speed: medium
07-03 00:46:51.779 19800 20372 W Summariser:   freeze duration: 1.00
07-03 00:46:51.847 19800 20372 W FfmpegTools: Single segment returned, duration of 20200312_150944: 7.07
07-03 00:46:52.687 19800 20147 W mobile-ffmpeg: [graph 0 input from stream 0:0 @ 0x7c6c8492c0] sws_param option is deprecated and ignored
07-03 00:46:54.547 19800 19800 W NearbyFragment: Sending 20200312_151044!002.mp4 to Galaxy S8 [2802]
07-03 00:47:00.055 19800 20394 W Summariser: No activity detected
07-03 00:47:00.159 19800 20394 W Summariser: Summarisation completed
07-03 00:47:00.159 19800 20394 W Summariser:   filename: 20200312_151044!001.mp4
07-03 00:47:00.159 19800 20394 W Summariser:   active sections: 0
07-03 00:47:00.159 19800 20394 W Summariser:   time: 07.537s
07-03 00:47:00.159 19800 20394 W Summariser:   original duration: 16.02
07-03 00:47:00.159 19800 20394 W Summariser:   summarised duration: -1.00
07-03 00:47:00.159 19800 20394 W Summariser:   noise tolerance: 45.00
07-03 00:47:00.159 19800 20394 W Summariser:   quality: 23
07-03 00:47:00.159 19800 20394 W Summariser:   speed: medium
07-03 00:47:00.159 19800 20394 W Summariser:   freeze duration: 1.00
07-03 00:47:00.317 19800 20147 W mobile-ffmpeg: [graph 0 input from stream 0:0 @ 0x7c6c8492c0] sws_param option is deprecated and ignored
07-03 00:47:05.578 19800 20394 W Summariser: No activity detected
07-03 00:47:05.660 19800 20394 W Summariser: Summarisation completed
07-03 00:47:05.660 19800 20394 W Summariser:   filename: 20200312_151044!003.mp4
07-03 00:47:05.660 19800 20394 W Summariser:   active sections: 0
07-03 00:47:05.660 19800 20394 W Summariser:   time: 05.409s
07-03 00:47:05.660 19800 20394 W Summariser:   original duration: 12.03
07-03 00:47:05.660 19800 20394 W Summariser:   summarised duration: -1.00
07-03 00:47:05.660 19800 20394 W Summariser:   noise tolerance: 45.00
07-03 00:47:05.660 19800 20394 W Summariser:   quality: 23
07-03 00:47:05.660 19800 20394 W Summariser:   speed: medium
07-03 00:47:05.660 19800 20394 W Summariser:   freeze duration: 1.00
07-03 00:47:09.343 19800 20135 W DashDownloadManager: Successfully downloaded 20200312_193528.mp4 in 19.104s
07-03 00:47:09.355 19800 20147 W mobile-ffmpeg: [mov,mp4,m4a,3gp,3g2,mj2 @ 0x7c6c8a2800] Found duplicated MOOV Atom. Skipped it
07-03 00:47:09.445 19800 20147 W mobile-ffmpeg: [mov,mp4,m4a,3gp,3g2,mj2 @ 0x7c6c8a2800] Found duplicated MOOV Atom. Skipped it
07-03 00:47:10.643 19800 20135 W NearbyFragment: Sending 20200312_193528!000.mp4 to Galaxy S8 [2802]
07-03 00:47:12.762 19800 20147 W mobile-ffmpeg: [graph 0 input from stream 0:0 @ 0x7c6c8492c0] sws_param option is deprecated and ignored
07-03 00:47:14.755 19800 19800 W NearbyFragment: Sending 20200312_193528!002.mp4 to Galaxy S8 [2802]
07-03 00:47:20.362 19800 20430 W Summariser: No activity detected
07-03 00:47:20.428 19800 20430 W Summariser: Summarisation completed
07-03 00:47:20.428 19800 20430 W Summariser:   filename: 20200312_193528!001.mp4
07-03 00:47:20.428 19800 20430 W Summariser:   active sections: 0
07-03 00:47:20.428 19800 20430 W Summariser:   time: 07.728s
07-03 00:47:20.428 19800 20430 W Summariser:   original duration: 16.01
07-03 00:47:20.428 19800 20430 W Summariser:   summarised duration: -1.00
07-03 00:47:20.428 19800 20430 W Summariser:   noise tolerance: 45.00
07-03 00:47:20.428 19800 20430 W Summariser:   quality: 23
07-03 00:47:20.428 19800 20430 W Summariser:   speed: medium
07-03 00:47:20.428 19800 20430 W Summariser:   freeze duration: 1.00
07-03 00:47:20.599 19800 20147 W mobile-ffmpeg: [graph 0 input from stream 0:0 @ 0x7c6c849200] sws_param option is deprecated and ignored
07-03 00:47:26.005 19800 20430 W Summariser: No activity detected
07-03 00:47:26.128 19800 20430 W Summariser: Summarisation completed
07-03 00:47:26.128 19800 20430 W Summariser:   filename: 20200312_193528!003.mp4
07-03 00:47:26.128 19800 20430 W Summariser:   active sections: 0
07-03 00:47:26.128 19800 20430 W Summariser:   time: 05.564s
07-03 00:47:26.128 19800 20430 W Summariser:   original duration: 12.01
07-03 00:47:26.128 19800 20430 W Summariser:   summarised duration: -1.00
07-03 00:47:26.128 19800 20430 W Summariser:   noise tolerance: 45.00
07-03 00:47:26.128 19800 20430 W Summariser:   quality: 23
07-03 00:47:26.128 19800 20430 W Summariser:   speed: medium
07-03 00:47:26.128 19800 20430 W Summariser:   freeze duration: 1.00
07-03 00:47:29.255 19800 20135 W DashDownloadManager: Successfully downloaded 20200312_193628.mp4 in 17.555s
07-03 00:47:29.266 19800 20147 W mobile-ffmpeg: [mov,mp4,m4a,3gp,3g2,mj2 @ 0x7c6c8a2800] Found duplicated MOOV Atom. Skipped it
07-03 00:47:29.384 19800 20147 W mobile-ffmpeg: [mov,mp4,m4a,3gp,3g2,mj2 @ 0x7c6c8a2800] Found duplicated MOOV Atom. Skipped it
07-03 00:47:30.709 19800 20135 W NearbyFragment: Sending 20200312_193628!000.mp4 to Galaxy S8 [2802]
07-03 00:47:32.964 19800 20147 W mobile-ffmpeg: [graph 0 input from stream 0:0 @ 0x7c6c8492c0] sws_param option is deprecated and ignored
07-03 00:47:34.976 19800 19800 W NearbyFragment: Sending 20200312_193628!002.mp4 to Galaxy S8 [2802]
07-03 00:47:40.263 19800 20466 W Summariser: No activity detected
07-03 00:47:40.379 19800 20466 W Summariser: Summarisation completed
07-03 00:47:40.379 19800 20466 W Summariser:   filename: 20200312_193628!001.mp4
07-03 00:47:40.379 19800 20466 W Summariser:   active sections: 0
07-03 00:47:40.379 19800 20466 W Summariser:   time: 07.460s
07-03 00:47:40.379 19800 20466 W Summariser:   original duration: 16.01
07-03 00:47:40.379 19800 20466 W Summariser:   summarised duration: -1.00
07-03 00:47:40.379 19800 20466 W Summariser:   noise tolerance: 45.00
07-03 00:47:40.379 19800 20466 W Summariser:   quality: 23
07-03 00:47:40.379 19800 20466 W Summariser:   speed: medium
07-03 00:47:40.379 19800 20466 W Summariser:   freeze duration: 1.00
07-03 00:47:40.527 19800 20147 W mobile-ffmpeg: [graph 0 input from stream 0:0 @ 0x7c6c8492c0] sws_param option is deprecated and ignored
07-03 00:47:45.718 19800 20466 W Summariser: 1 active sections found
07-03 00:47:45.892 19800 20147 W mobile-ffmpeg: [graph 0 input from stream 0:0 @ 0x7c6c849140] sws_param option is deprecated and ignored
07-03 00:47:53.412 19800 20135 W DashDownloadManager: Successfully downloaded 20200312_193728.mp4 in 21.658s
07-03 00:47:53.435 19800 20147 W mobile-ffmpeg: [mov,mp4,m4a,3gp,3g2,mj2 @ 0x7c54361e00] Found duplicated MOOV Atom. Skipped it
07-03 00:47:53.584 19800 20147 W mobile-ffmpeg: [mov,mp4,m4a,3gp,3g2,mj2 @ 0x7c54361e00] Found duplicated MOOV Atom. Skipped it
07-03 00:47:55.418 19800 20135 W NearbyFragment: Sending 20200312_193728!000.mp4 to Galaxy S8 [2802]
07-03 00:48:01.077 19800 19800 W NearbyFragment: Sending 20200312_193728!002.mp4 to Galaxy S8 [2802]
07-03 00:48:05.707 19800 19800 W NearbyFragment: Completed downloading 20200312_193728!000.mp4 from Endpoint{id=ib9b, name=Galaxy S8 [2802]} in 04.639s
07-03 00:48:11.668 19800 19800 W NearbyFragment: Completed downloading 20200312_193728!002.mp4 from Endpoint{id=ib9b, name=Galaxy S8 [2802]} in 03.553s
07-03 00:48:20.405 19800 20135 W DashDownloadManager: Successfully downloaded 20200312_193828.mp4 in 23.937s
07-03 00:48:20.415 19800 20147 W mobile-ffmpeg: [mov,mp4,m4a,3gp,3g2,mj2 @ 0x7c54361e00] Found duplicated MOOV Atom. Skipped it
07-03 00:48:20.568 19800 20147 W mobile-ffmpeg: [mov,mp4,m4a,3gp,3g2,mj2 @ 0x7c54361e00] Found duplicated MOOV Atom. Skipped it
07-03 00:48:21.886 19800 20135 W NearbyFragment: Sending 20200312_193828!000.mp4 to Galaxy S8 [2802]
07-03 00:48:21.898 19800 20466 W Summariser: Summarisation completed
07-03 00:48:21.898 19800 20466 W Summariser:   filename: 20200312_193628!003.mp4
07-03 00:48:21.898 19800 20466 W Summariser:   active sections: 1
07-03 00:48:21.898 19800 20466 W Summariser:   time: 41.392s
07-03 00:48:21.898 19800 20466 W Summariser:   original duration: 12.03
07-03 00:48:21.898 19800 20466 W Summariser:   summarised duration: 6.16
07-03 00:48:21.898 19800 20466 W Summariser:   noise tolerance: 45.00
07-03 00:48:21.898 19800 20466 W Summariser:   quality: 23
07-03 00:48:21.898 19800 20466 W Summariser:   speed: medium
07-03 00:48:21.898 19800 20466 W Summariser:   freeze duration: 1.00
07-03 00:48:22.026 19800 20466 W FfmpegTools: Single segment returned, duration of 20200312_193628: 6.16
07-03 00:48:22.330 19800 20147 W mobile-ffmpeg: [graph 0 input from stream 0:0 @ 0x7c6c849200] sws_param option is deprecated and ignored
07-03 00:48:31.207 19800 20466 W Summariser: Whole video is active
07-03 00:48:32.327 19800 20466 W Summariser: Summarisation completed
07-03 00:48:32.327 19800 20466 W Summariser:   filename: 20200312_193728!001.mp4
07-03 00:48:32.327 19800 20466 W Summariser:   active sections: -1
07-03 00:48:32.327 19800 20466 W Summariser:   time: 09.970s
07-03 00:48:32.327 19800 20466 W Summariser:   original duration: 16.01
07-03 00:48:32.327 19800 20466 W Summariser:   summarised duration: 16.01
07-03 00:48:32.327 19800 20466 W Summariser:   noise tolerance: 45.00
07-03 00:48:32.327 19800 20466 W Summariser:   quality: 23
07-03 00:48:32.327 19800 20466 W Summariser:   speed: medium
07-03 00:48:32.327 19800 20466 W Summariser:   freeze duration: 1.00
07-03 00:48:32.493 19800 20147 W mobile-ffmpeg: [graph 0 input from stream 0:0 @ 0x7c6c849200] sws_param option is deprecated and ignored
07-03 00:48:38.444 19800 20466 W Summariser: Whole video is active
07-03 00:48:39.285 19800 20466 W Summariser: Summarisation completed
07-03 00:48:39.285 19800 20466 W Summariser:   filename: 20200312_193728!003.mp4
07-03 00:48:39.285 19800 20466 W Summariser:   active sections: -1
07-03 00:48:39.285 19800 20466 W Summariser:   time: 06.756s
07-03 00:48:39.285 19800 20466 W Summariser:   original duration: 11.98
07-03 00:48:39.285 19800 20466 W Summariser:   summarised duration: 11.98
07-03 00:48:39.285 19800 20466 W Summariser:   noise tolerance: 45.00
07-03 00:48:39.285 19800 20466 W Summariser:   quality: 23
07-03 00:48:39.285 19800 20466 W Summariser:   speed: medium
07-03 00:48:39.285 19800 20466 W Summariser:   freeze duration: 1.00
07-03 00:48:40.644 19800 20466 W FfmpegTools: Merged duration of 20200312_193728: 60.07
07-03 00:48:40.990 19800 20147 W mobile-ffmpeg: [graph 0 input from stream 0:0 @ 0x7c6c849200] sws_param option is deprecated and ignored
07-03 00:48:42.282 19800 19800 W NearbyFragment: Sending 20200312_193828!002.mp4 to Galaxy S8 [2802]
07-03 00:48:42.684 19800 20135 W DashDownloadManager: Successfully downloaded 20200312_193928.mp4 in 19.750s
07-03 00:48:42.700 19800 20147 W mobile-ffmpeg: [mov,mp4,m4a,3gp,3g2,mj2 @ 0x7c565fea00] Found duplicated MOOV Atom. Skipped it
07-03 00:48:42.852 19800 20147 W mobile-ffmpeg: [mov,mp4,m4a,3gp,3g2,mj2 @ 0x7c565fea00] Found duplicated MOOV Atom. Skipped it
07-03 00:48:43.851 19800 19800 W NearbyFragment: Completed downloading 20200312_193828!000.mp4 from Endpoint{id=ib9b, name=Galaxy S8 [2802]} in 01.572s
07-03 00:48:50.354 19800 19800 W NearbyFragment: Sending 20200312_193928!001.mp4 to Galaxy S8 [2802]
07-03 00:48:51.020 19800 20466 W Summariser: No activity detected
07-03 00:48:51.191 19800 20466 W Summariser: Summarisation completed
07-03 00:48:51.191 19800 20466 W Summariser:   filename: 20200312_193828!001.mp4
07-03 00:48:51.191 19800 20466 W Summariser:   active sections: 0
07-03 00:48:51.191 19800 20466 W Summariser:   time: 10.260s
07-03 00:48:51.191 19800 20466 W Summariser:   original duration: 16.01
07-03 00:48:51.191 19800 20466 W Summariser:   summarised duration: -1.00
07-03 00:48:51.191 19800 20466 W Summariser:   noise tolerance: 45.00
07-03 00:48:51.191 19800 20466 W Summariser:   quality: 23
07-03 00:48:51.191 19800 20466 W Summariser:   speed: medium
07-03 00:48:51.191 19800 20466 W Summariser:   freeze duration: 1.00
07-03 00:48:51.431 19800 20147 W mobile-ffmpeg: [graph 0 input from stream 0:0 @ 0x7c6c849200] sws_param option is deprecated and ignored
07-03 00:48:58.606 19800 19800 W NearbyFragment: Sending 20200312_193928!003.mp4 to Galaxy S8 [2802]
07-03 00:49:00.126 19800 20466 W Summariser: No activity detected
07-03 00:49:00.224 19800 20466 W Summariser: Summarisation completed
07-03 00:49:00.224 19800 20466 W Summariser:   filename: 20200312_193828!003.mp4
07-03 00:49:00.224 19800 20466 W Summariser:   active sections: 0
07-03 00:49:00.224 19800 20466 W Summariser:   time: 08.923s
07-03 00:49:00.224 19800 20466 W Summariser:   original duration: 12.01
07-03 00:49:00.224 19800 20466 W Summariser:   summarised duration: -1.00
07-03 00:49:00.224 19800 20466 W Summariser:   noise tolerance: 45.00
07-03 00:49:00.224 19800 20466 W Summariser:   quality: 23
07-03 00:49:00.224 19800 20466 W Summariser:   speed: medium
07-03 00:49:00.224 19800 20466 W Summariser:   freeze duration: 1.00
07-03 00:49:00.313 19800 20466 W FfmpegTools: Single segment returned, duration of 20200312_193828: 14.28
07-03 00:49:00.763 19800 20147 W mobile-ffmpeg: [graph 0 input from stream 0:0 @ 0x7c6c849200] sws_param option is deprecated and ignored
07-03 00:49:07.052 19800 20135 W DashDownloadManager: Successfully downloaded 20200312_194129.mp4 in 21.345s
07-03 00:49:07.065 19800 20147 W mobile-ffmpeg: [mov,mp4,m4a,3gp,3g2,mj2 @ 0x7c565fd800] Found duplicated MOOV Atom. Skipped it
07-03 00:49:07.249 19800 20147 W mobile-ffmpeg: [mov,mp4,m4a,3gp,3g2,mj2 @ 0x7c565fd800] Found duplicated MOOV Atom. Skipped it
07-03 00:49:09.289 19800 20135 W NearbyFragment: Sending 20200312_194129!000.mp4 to Galaxy S8 [2802]
07-03 00:49:11.572 19800 20466 W Summariser: No activity detected
07-03 00:49:11.670 19800 20466 W Summariser: Summarisation completed
07-03 00:49:11.670 19800 20466 W Summariser:   filename: 20200312_193928!000.mp4
07-03 00:49:11.670 19800 20466 W Summariser:   active sections: 0
07-03 00:49:11.670 19800 20466 W Summariser:   time: 11.037s
07-03 00:49:11.670 19800 20466 W Summariser:   original duration: 16.90
07-03 00:49:11.670 19800 20466 W Summariser:   summarised duration: -1.00
07-03 00:49:11.670 19800 20466 W Summariser:   noise tolerance: 45.00
07-03 00:49:11.670 19800 20466 W Summariser:   quality: 23
07-03 00:49:11.670 19800 20466 W Summariser:   speed: medium
07-03 00:49:11.670 19800 20466 W Summariser:   freeze duration: 1.00
07-03 00:49:11.900 19800 20147 W mobile-ffmpeg: [graph 0 input from stream 0:0 @ 0x7c6c849200] sws_param option is deprecated and ignored
07-03 00:49:17.192 19800 19800 W NearbyFragment: Sending 20200312_194129!002.mp4 to Galaxy S8 [2802]
07-03 00:49:22.967 19800 20466 W Summariser: No activity detected
07-03 00:49:23.070 19800 20466 W Summariser: Summarisation completed
07-03 00:49:23.070 19800 20466 W Summariser:   filename: 20200312_193928!002.mp4
07-03 00:49:23.070 19800 20466 W Summariser:   active sections: 0
07-03 00:49:23.070 19800 20466 W Summariser:   time: 11.283s
07-03 00:49:23.070 19800 20466 W Summariser:   original duration: 16.06
07-03 00:49:23.070 19800 20466 W Summariser:   summarised duration: -1.00
07-03 00:49:23.070 19800 20466 W Summariser:   noise tolerance: 45.00
07-03 00:49:23.070 19800 20466 W Summariser:   quality: 23
07-03 00:49:23.070 19800 20466 W Summariser:   speed: medium
07-03 00:49:23.070 19800 20466 W Summariser:   freeze duration: 1.00
07-03 00:49:23.362 19800 20147 W mobile-ffmpeg: [graph 0 input from stream 0:0 @ 0x7c6c849200] sws_param option is deprecated and ignored
07-03 00:49:30.905 19800 20135 W DashDownloadManager: Successfully downloaded 20200312_194229.mp4 in 20.558s
07-03 00:49:30.917 19800 20147 W mobile-ffmpeg: [mov,mp4,m4a,3gp,3g2,mj2 @ 0x7c565fd800] Found duplicated MOOV Atom. Skipped it
07-03 00:49:31.152 19800 20147 W mobile-ffmpeg: [mov,mp4,m4a,3gp,3g2,mj2 @ 0x7c565fd800] Found duplicated MOOV Atom. Skipped it
07-03 00:49:32.981 19800 19800 W NearbyFragment: Completed downloading 20200312_194129!002.mp4 from Endpoint{id=ib9b, name=Galaxy S8 [2802]} in 00.442s
07-03 00:49:33.107 19800 20135 W NearbyFragment: Sending 20200312_194229!000.mp4 to Galaxy S8 [2802]
07-03 00:49:33.752 19800 20466 W Summariser: 1 active sections found
07-03 00:49:34.023 19800 20147 W mobile-ffmpeg: [graph 0 input from stream 0:0 @ 0x7c6c849140] sws_param option is deprecated and ignored
07-03 00:49:47.800 19800 19800 W NearbyFragment: Sending 20200312_194229!002.mp4 to Galaxy S8 [2802]
07-03 00:49:48.360 19800 19800 W NearbyFragment: Completed downloading 20200312_194229!000.mp4 from Endpoint{id=ib9b, name=Galaxy S8 [2802]} in 00.563s
07-03 00:49:52.645 19800 20135 W DashDownloadManager: Successfully downloaded 20200312_194330.mp4 in 18.488s
07-03 00:49:52.658 19800 20147 W mobile-ffmpeg: [mov,mp4,m4a,3gp,3g2,mj2 @ 0x7c5653fc00] Found duplicated MOOV Atom. Skipped it
07-03 00:49:52.818 19800 20147 W mobile-ffmpeg: [mov,mp4,m4a,3gp,3g2,mj2 @ 0x7c5653fc00] Found duplicated MOOV Atom. Skipped it
07-03 00:49:54.243 19800 20135 W NearbyFragment: Sending 20200312_194330!000.mp4 to Galaxy S8 [2802]
07-03 00:49:59.501 19800 19800 W NearbyFragment: Sending 20200312_194330!002.mp4 to Galaxy S8 [2802]
07-03 00:50:01.675 19800 20466 W Summariser: Summarisation completed
07-03 00:50:01.675 19800 20466 W Summariser:   filename: 20200312_194129!001.mp4
07-03 00:50:01.675 19800 20466 W Summariser:   active sections: 1
07-03 00:50:01.675 19800 20466 W Summariser:   time: 38.305s
07-03 00:50:01.675 19800 20466 W Summariser:   original duration: 16.02
07-03 00:50:01.675 19800 20466 W Summariser:   summarised duration: 2.97
07-03 00:50:01.675 19800 20466 W Summariser:   noise tolerance: 45.00
07-03 00:50:01.675 19800 20466 W Summariser:   quality: 23
07-03 00:50:01.675 19800 20466 W Summariser:   speed: medium
07-03 00:50:01.675 19800 20466 W Summariser:   freeze duration: 1.00
07-03 00:50:02.055 19800 20147 W mobile-ffmpeg: [graph 0 input from stream 0:0 @ 0x7c6c849200] sws_param option is deprecated and ignored
07-03 00:50:10.212 19800 20466 W Summariser: 1 active sections found
07-03 00:50:10.399 19800 20147 W mobile-ffmpeg: [graph 0 input from stream 0:0 @ 0x7c6c849140] sws_param option is deprecated and ignored
07-03 00:50:13.621 19800 20135 W DashDownloadManager: Successfully downloaded 20200312_194730.mp4 in 18.330s
07-03 00:50:13.639 19800 20147 W mobile-ffmpeg: [mov,mp4,m4a,3gp,3g2,mj2 @ 0x7c28c5b800] Found duplicated MOOV Atom. Skipped it
07-03 00:50:13.756 19800 20147 W mobile-ffmpeg: [mov,mp4,m4a,3gp,3g2,mj2 @ 0x7c28c5b800] Found duplicated MOOV Atom. Skipped it
07-03 00:50:15.132 19800 20135 W NearbyFragment: Sending 20200312_194730!000.mp4 to Galaxy S8 [2802]
07-03 00:50:15.444 19800 20466 W Summariser: Summarisation completed
07-03 00:50:15.444 19800 20466 W Summariser:   filename: 20200312_194129!003.mp4
07-03 00:50:15.444 19800 20466 W Summariser:   active sections: 1
07-03 00:50:15.444 19800 20466 W Summariser:   time: 13.423s
07-03 00:50:15.444 19800 20466 W Summariser:   original duration: 12.03
07-03 00:50:15.444 19800 20466 W Summariser:   summarised duration: 0.70
07-03 00:50:15.444 19800 20466 W Summariser:   noise tolerance: 45.00
07-03 00:50:15.444 19800 20466 W Summariser:   quality: 23
07-03 00:50:15.444 19800 20466 W Summariser:   speed: medium
07-03 00:50:15.444 19800 20466 W Summariser:   freeze duration: 1.00
07-03 00:50:15.999 19800 20466 W FfmpegTools: Merged duration of 20200312_194129: 11.04
07-03 00:50:16.398 19800 20147 W mobile-ffmpeg: [graph 0 input from stream 0:0 @ 0x7c6c849200] sws_param option is deprecated and ignored
07-03 00:50:21.441 19800 19800 W NearbyFragment: Sending 20200312_194730!002.mp4 to Galaxy S8 [2802]
07-03 00:50:28.590 19800 20466 W Summariser: 2 active sections found
07-03 00:50:28.827 19800 20147 W mobile-ffmpeg: [graph 0 input from stream 0:0 @ 0x7c6c849440] sws_param option is deprecated and ignored
07-03 00:50:28.829 19800 20147 W mobile-ffmpeg: [graph 0 input from stream 0:0 @ 0x7c6c8495c0] sws_param option is deprecated and ignored
07-03 00:50:34.906 19800 20135 W DashDownloadManager: Successfully downloaded 20200312_194830.mp4 in 18.722s
07-03 00:50:34.921 19800 20147 W mobile-ffmpeg: [mov,mp4,m4a,3gp,3g2,mj2 @ 0x7c277da800] Found duplicated MOOV Atom. Skipped it
07-03 00:50:35.136 19800 20147 W mobile-ffmpeg: [mov,mp4,m4a,3gp,3g2,mj2 @ 0x7c277da800] Found duplicated MOOV Atom. Skipped it
07-03 00:50:36.610 19800 20135 W NearbyFragment: Sending 20200312_194830!000.mp4 to Galaxy S8 [2802]
07-03 00:50:47.754 19800 19800 W NearbyFragment: Sending 20200312_194830!002.mp4 to Galaxy S8 [2802]
07-03 00:50:48.083 19800 19800 W NearbyFragment: Completed downloading 20200312_194830!000.mp4 from Endpoint{id=ib9b, name=Galaxy S8 [2802]} in 00.332s
07-03 00:50:55.887 19800 20135 W DashDownloadManager: Successfully downloaded 20200312_194930.mp4 in 18.227s
07-03 00:50:55.900 19800 20147 W mobile-ffmpeg: [mov,mp4,m4a,3gp,3g2,mj2 @ 0x7c277da200] Found duplicated MOOV Atom. Skipped it
07-03 00:50:56.077 19800 20147 W mobile-ffmpeg: [mov,mp4,m4a,3gp,3g2,mj2 @ 0x7c277da200] Found duplicated MOOV Atom. Skipped it
07-03 00:51:04.291 19800 19800 W NearbyFragment: Sending 20200312_194930!001.mp4 to Galaxy S8 [2802]
07-03 00:51:04.899 19800 19800 W NearbyFragment: Completed downloading 20200312_194830!002.mp4 from Endpoint{id=ib9b, name=Galaxy S8 [2802]} in 00.613s
07-03 00:51:13.155 19800 19800 W NearbyFragment: Sending 20200312_194930!003.mp4 to Galaxy S8 [2802]
07-03 00:51:13.280 19800 19800 W NearbyFragment: Completed downloading 20200312_194930!001.mp4 from Endpoint{id=ib9b, name=Galaxy S8 [2802]} in 00.127s
07-03 00:51:17.191 19800 20135 W DashDownloadManager: Successfully downloaded 20200312_195230.mp4 in 18.620s
07-03 00:51:17.202 19800 20147 W mobile-ffmpeg: [mov,mp4,m4a,3gp,3g2,mj2 @ 0x7c277da200] Found duplicated MOOV Atom. Skipped it
07-03 00:51:17.326 19800 20147 W mobile-ffmpeg: [mov,mp4,m4a,3gp,3g2,mj2 @ 0x7c277da200] Found duplicated MOOV Atom. Skipped it
07-03 00:51:26.819 19800 20466 W Summariser: Summarisation completed
07-03 00:51:26.819 19800 20466 W Summariser:   filename: 20200312_194229!001.mp4
07-03 00:51:26.819 19800 20466 W Summariser:   active sections: 2
07-03 00:51:26.819 19800 20466 W Summariser:   time: 70.546s
07-03 00:51:26.819 19800 20466 W Summariser:   original duration: 16.01
07-03 00:51:26.819 19800 20466 W Summariser:   summarised duration: 8.74
07-03 00:51:26.819 19800 20466 W Summariser:   noise tolerance: 45.00
07-03 00:51:26.819 19800 20466 W Summariser:   quality: 23
07-03 00:51:26.819 19800 20466 W Summariser:   speed: medium
07-03 00:51:26.819 19800 20466 W Summariser:   freeze duration: 1.00
07-03 00:51:27.106 19800 20147 W mobile-ffmpeg: [graph 0 input from stream 0:0 @ 0x7c6c849200] sws_param option is deprecated and ignored
07-03 00:51:28.742 19800 19800 W NearbyFragment: Sending 20200312_195230!001.mp4 to Galaxy S8 [2802]
07-03 00:51:29.930 19800 19800 W NearbyFragment: Completed downloading 20200312_194930!003.mp4 from Endpoint{id=ib9b, name=Galaxy S8 [2802]} in 01.192s
07-03 00:51:35.846 19800 20466 W Summariser: No activity detected
07-03 00:51:35.942 19800 20466 W Summariser: Summarisation completed
07-03 00:51:35.942 19800 20466 W Summariser:   filename: 20200312_194229!003.mp4
07-03 00:51:35.942 19800 20466 W Summariser:   active sections: 0
07-03 00:51:35.942 19800 20466 W Summariser:   time: 08.951s
07-03 00:51:35.942 19800 20466 W Summariser:   original duration: 11.98
07-03 00:51:35.942 19800 20466 W Summariser:   summarised duration: -1.00
07-03 00:51:35.942 19800 20466 W Summariser:   noise tolerance: 45.00
07-03 00:51:35.942 19800 20466 W Summariser:   quality: 23
07-03 00:51:35.942 19800 20466 W Summariser:   speed: medium
07-03 00:51:35.942 19800 20466 W Summariser:   freeze duration: 1.00
07-03 00:51:36.752 19800 20466 W FfmpegTools: Merged duration of 20200312_194229: 14.35
07-03 00:51:36.913 19800 20135 W DashDownloadManager: Successfully downloaded 20200312_195330.mp4 in 17.040s
07-03 00:51:36.926 19800 20147 W mobile-ffmpeg: [mov,mp4,m4a,3gp,3g2,mj2 @ 0x7c6c8a3400] Found duplicated MOOV Atom. Skipped it
07-03 00:51:37.087 19800 20147 W mobile-ffmpeg: [graph 0 input from stream 0:0 @ 0x7c6c8492c0] sws_param option is deprecated and ignored
07-03 00:51:37.109 19800 20147 W mobile-ffmpeg: [mov,mp4,m4a,3gp,3g2,mj2 @ 0x7c6c8a3400] Found duplicated MOOV Atom. Skipped it
07-03 00:51:39.079 19800 20135 W NearbyFragment: Number of segmented videos (12) does not match intended value (4)
07-03 00:51:45.103 19800 19800 W NearbyFragment: Sending 20200312_195330!000.mp4 to Galaxy S8 [2802]
07-03 00:51:45.920 19800 19800 W NearbyFragment: Completed downloading 20200312_195230!001.mp4 from Endpoint{id=ib9b, name=Galaxy S8 [2802]} in 00.820s
07-03 00:51:48.169 19800 20466 W Summariser: No activity detected
07-03 00:51:48.318 19800 20466 W Summariser: Summarisation completed
07-03 00:51:48.318 19800 20466 W Summariser:   filename: 20200312_194330!001.mp4
07-03 00:51:48.318 19800 20466 W Summariser:   active sections: 0
07-03 00:51:48.318 19800 20466 W Summariser:   time: 11.361s
07-03 00:51:48.318 19800 20466 W Summariser:   original duration: 16.01
07-03 00:51:48.318 19800 20466 W Summariser:   summarised duration: -1.00
07-03 00:51:48.318 19800 20466 W Summariser:   noise tolerance: 45.00
07-03 00:51:48.318 19800 20466 W Summariser:   quality: 23
07-03 00:51:48.318 19800 20466 W Summariser:   speed: medium
07-03 00:51:48.318 19800 20466 W Summariser:   freeze duration: 1.00
07-03 00:51:48.514 19800 20147 W mobile-ffmpeg: [graph 0 input from stream 0:0 @ 0x7c6c849200] sws_param option is deprecated and ignored
07-03 00:51:48.526 19800 19800 W NearbyFragment: Sending 20200312_195330!002.mp4 to Galaxy S8 [2802]
07-03 00:51:51.840 19800 19800 W NearbyFragment: Sending 20200312_195330!004.mp4 to Galaxy S8 [2802]
07-03 00:51:56.876 19800 20466 W Summariser: No activity detected
07-03 00:51:56.981 19800 20466 W Summariser: Summarisation completed
07-03 00:51:56.981 19800 20466 W Summariser:   filename: 20200312_194330!003.mp4
07-03 00:51:56.981 19800 20466 W Summariser:   active sections: 0
07-03 00:51:56.981 19800 20466 W Summariser:   time: 08.545s
07-03 00:51:56.981 19800 20466 W Summariser:   original duration: 12.01
07-03 00:51:56.981 19800 20466 W Summariser:   summarised duration: -1.00
07-03 00:51:56.981 19800 20466 W Summariser:   noise tolerance: 45.00
07-03 00:51:56.981 19800 20466 W Summariser:   quality: 23
07-03 00:51:56.981 19800 20466 W Summariser:   speed: medium
07-03 00:51:56.981 19800 20466 W Summariser:   freeze duration: 1.00
07-03 00:51:57.296 19800 20147 W mobile-ffmpeg: [graph 0 input from stream 0:0 @ 0x7c6c849200] sws_param option is deprecated and ignored
07-03 00:51:57.671 19800 20135 W DashDownloadManager: Successfully downloaded 20200312_195430.mp4 in 17.490s
07-03 00:51:57.686 19800 20147 W mobile-ffmpeg: [mov,mp4,m4a,3gp,3g2,mj2 @ 0x7c6c8a3a00] Found duplicated MOOV Atom. Skipped it
07-03 00:51:57.870 19800 19800 W NearbyFragment: Sending 20200312_195330!006.mp4 to Galaxy S8 [2802]
07-03 00:51:57.960 19800 20147 W mobile-ffmpeg: [mov,mp4,m4a,3gp,3g2,mj2 @ 0x7c6c8a3a00] Found duplicated MOOV Atom. Skipped it
07-03 00:51:58.216 19800 19800 W NearbyFragment: Completed downloading 20200312_195330!004.mp4 from Endpoint{id=ib9b, name=Galaxy S8 [2802]} in 00.350s
07-03 00:52:00.953 19800 20135 W NearbyFragment: Stopped downloading from dashcam
07-03 00:52:01.156 19800 19800 W NearbyFragment: Sending 20200312_195330!009.mp4 to Galaxy S8 [2802]
07-03 00:52:01.231 19800 19800 W NearbyFragment: Completed downloading 20200312_195330!006.mp4 from Endpoint{id=ib9b, name=Galaxy S8 [2802]} in 00.080s
07-03 00:52:06.530 19800 19800 W NearbyFragment: Sending 20200312_195330!011.mp4 to Galaxy S8 [2802]
07-03 00:52:06.993 19800 19800 W NearbyFragment: Completed downloading 20200312_195330!009.mp4 from Endpoint{id=ib9b, name=Galaxy S8 [2802]} in 00.466s
07-03 00:52:07.430 19800 20466 W Summariser: No activity detected
07-03 00:52:07.570 19800 20466 W Summariser: Summarisation completed
07-03 00:52:07.570 19800 20466 W Summariser:   filename: 20200312_194730!001.mp4
07-03 00:52:07.570 19800 20466 W Summariser:   active sections: 0
07-03 00:52:07.570 19800 20466 W Summariser:   time: 10.416s
07-03 00:52:07.570 19800 20466 W Summariser:   original duration: 16.02
07-03 00:52:07.570 19800 20466 W Summariser:   summarised duration: -1.00
07-03 00:52:07.570 19800 20466 W Summariser:   noise tolerance: 45.00
07-03 00:52:07.570 19800 20466 W Summariser:   quality: 23
07-03 00:52:07.570 19800 20466 W Summariser:   speed: medium
07-03 00:52:07.570 19800 20466 W Summariser:   freeze duration: 1.00
07-03 00:52:07.786 19800 20147 W mobile-ffmpeg: [graph 0 input from stream 0:0 @ 0x7c6c849200] sws_param option is deprecated and ignored
07-03 00:52:09.906 19800 19800 W NearbyFragment: Sending 20200312_195430!001.mp4 to Galaxy S8 [2802]
07-03 00:52:10.000 19800 19800 W NearbyFragment: Completed downloading 20200312_195330!011.mp4 from Endpoint{id=ib9b, name=Galaxy S8 [2802]} in 00.096s
07-03 00:52:14.591 19800 20466 W Summariser: No activity detected
07-03 00:52:14.684 19800 20466 W Summariser: Summarisation completed
07-03 00:52:14.684 19800 20466 W Summariser:   filename: 20200312_194730!003.mp4
07-03 00:52:14.684 19800 20466 W Summariser:   active sections: 0
07-03 00:52:14.684 19800 20466 W Summariser:   time: 07.010s
07-03 00:52:14.684 19800 20466 W Summariser:   original duration: 12.03
07-03 00:52:14.684 19800 20466 W Summariser:   summarised duration: -1.00
07-03 00:52:14.684 19800 20466 W Summariser:   noise tolerance: 45.00
07-03 00:52:14.684 19800 20466 W Summariser:   quality: 23
07-03 00:52:14.684 19800 20466 W Summariser:   speed: medium
07-03 00:52:14.684 19800 20466 W Summariser:   freeze duration: 1.00
07-03 00:52:14.971 19800 20147 W mobile-ffmpeg: [graph 0 input from stream 0:0 @ 0x7c6c848840] sws_param option is deprecated and ignored
07-03 00:52:23.377 19800 20466 W Summariser: 2 active sections found
07-03 00:52:23.398 19800 19800 W NearbyFragment: Sending 20200312_195430!003.mp4 to Galaxy S8 [2802]
07-03 00:52:23.660 19800 20147 W mobile-ffmpeg: [graph 0 input from stream 0:0 @ 0x7c6c848840] sws_param option is deprecated and ignored
07-03 00:52:23.661 19800 20147 W mobile-ffmpeg: [graph 0 input from stream 0:0 @ 0x7c6c849380] sws_param option is deprecated and ignored
07-03 00:52:23.705 19800 19800 W NearbyFragment: Completed downloading 20200312_195430!001.mp4 from Endpoint{id=ib9b, name=Galaxy S8 [2802]} in 00.313s
07-03 00:52:31.571 19800 19800 W NearbyFragment: Completed downloading 20200312_195430!003.mp4 from Endpoint{id=ib9b, name=Galaxy S8 [2802]} in 00.195s
07-03 00:53:08.658 19800 20466 W Summariser: Summarisation completed
07-03 00:53:08.658 19800 20466 W Summariser:   filename: 20200312_194830!001.mp4
07-03 00:53:08.658 19800 20466 W Summariser:   active sections: 2
07-03 00:53:08.658 19800 20466 W Summariser:   time: 53.703s
07-03 00:53:08.658 19800 20466 W Summariser:   original duration: 16.01
07-03 00:53:08.658 19800 20466 W Summariser:   summarised duration: 8.10
07-03 00:53:08.658 19800 20466 W Summariser:   noise tolerance: 45.00
07-03 00:53:08.658 19800 20466 W Summariser:   quality: 23
07-03 00:53:08.658 19800 20466 W Summariser:   speed: medium
07-03 00:53:08.658 19800 20466 W Summariser:   freeze duration: 1.00
07-03 00:53:08.948 19800 20147 W mobile-ffmpeg: [graph 0 input from stream 0:0 @ 0x7c6c848b40] sws_param option is deprecated and ignored
07-03 00:53:15.067 19800 20466 W Summariser: No activity detected
07-03 00:53:15.171 19800 20466 W Summariser: Summarisation completed
07-03 00:53:15.171 19800 20466 W Summariser:   filename: 20200312_194830!003.mp4
07-03 00:53:15.171 19800 20466 W Summariser:   active sections: 0
07-03 00:53:15.171 19800 20466 W Summariser:   time: 06.298s
07-03 00:53:15.171 19800 20466 W Summariser:   original duration: 11.98
07-03 00:53:15.171 19800 20466 W Summariser:   summarised duration: -1.00
07-03 00:53:15.171 19800 20466 W Summariser:   noise tolerance: 45.00
07-03 00:53:15.171 19800 20466 W Summariser:   quality: 23
07-03 00:53:15.171 19800 20466 W Summariser:   speed: medium
07-03 00:53:15.171 19800 20466 W Summariser:   freeze duration: 1.00
07-03 00:53:15.624 19800 20466 W FfmpegTools: Merged duration of 20200312_194830: 20.90
07-03 00:53:15.849 19800 20147 W mobile-ffmpeg: [graph 0 input from stream 0:0 @ 0x7c6c848fc0] sws_param option is deprecated and ignored
07-03 00:53:24.359 19800 20466 W Summariser: 1 active sections found
07-03 00:53:24.529 19800 20147 W mobile-ffmpeg: [graph 0 input from stream 0:0 @ 0x7c6c848f00] sws_param option is deprecated and ignored
07-03 00:54:09.459 19800 20466 W Summariser: Summarisation completed
07-03 00:54:09.459 19800 20466 W Summariser:   filename: 20200312_194930!000.mp4
07-03 00:54:09.459 19800 20466 W Summariser:   active sections: 1
07-03 00:54:09.459 19800 20466 W Summariser:   time: 53.655s
07-03 00:54:09.459 19800 20466 W Summariser:   original duration: 16.07
07-03 00:54:09.459 19800 20466 W Summariser:   summarised duration: 9.36
07-03 00:54:09.459 19800 20466 W Summariser:   noise tolerance: 45.00
07-03 00:54:09.459 19800 20466 W Summariser:   quality: 23
07-03 00:54:09.459 19800 20466 W Summariser:   speed: medium
07-03 00:54:09.459 19800 20466 W Summariser:   freeze duration: 1.00
07-03 00:54:09.711 19800 20147 W mobile-ffmpeg: [graph 0 input from stream 0:0 @ 0x7c6c848fc0] sws_param option is deprecated and ignored
07-03 00:54:15.260 19800 20466 W Summariser: No activity detected
07-03 00:54:15.359 19800 20466 W Summariser: Summarisation completed
07-03 00:54:15.359 19800 20466 W Summariser:   filename: 20200312_194930!002.mp4
07-03 00:54:15.359 19800 20466 W Summariser:   active sections: 0
07-03 00:54:15.359 19800 20466 W Summariser:   time: 05.725s
07-03 00:54:15.359 19800 20466 W Summariser:   original duration: 16.01
07-03 00:54:15.359 19800 20466 W Summariser:   summarised duration: -1.00
07-03 00:54:15.359 19800 20466 W Summariser:   noise tolerance: 45.00
07-03 00:54:15.359 19800 20466 W Summariser:   quality: 23
07-03 00:54:15.359 19800 20466 W Summariser:   speed: medium
07-03 00:54:15.359 19800 20466 W Summariser:   freeze duration: 1.00
07-03 00:54:15.663 19800 20466 W FfmpegTools: Merged duration of 20200312_194930: 22.33
07-03 00:54:15.829 19800 20147 W mobile-ffmpeg: [graph 0 input from stream 0:0 @ 0x7c6c848fc0] sws_param option is deprecated and ignored
07-03 00:54:21.439 19800 20466 W Summariser: No activity detected
07-03 00:54:21.503 19800 20466 W Summariser: Summarisation completed
07-03 00:54:21.503 19800 20466 W Summariser:   filename: 20200312_195230!000.mp4
07-03 00:54:21.503 19800 20466 W Summariser:   active sections: 0
07-03 00:54:21.503 19800 20466 W Summariser:   time: 05.736s
07-03 00:54:21.503 19800 20466 W Summariser:   original duration: 16.07
07-03 00:54:21.503 19800 20466 W Summariser:   summarised duration: -1.00
07-03 00:54:21.503 19800 20466 W Summariser:   noise tolerance: 45.00
07-03 00:54:21.503 19800 20466 W Summariser:   quality: 23
07-03 00:54:21.503 19800 20466 W Summariser:   speed: medium
07-03 00:54:21.503 19800 20466 W Summariser:   freeze duration: 1.00
07-03 00:54:21.675 19800 20147 W mobile-ffmpeg: [graph 0 input from stream 0:0 @ 0x7c6c848fc0] sws_param option is deprecated and ignored
07-03 00:54:27.180 19800 20466 W Summariser: No activity detected
07-03 00:54:27.286 19800 20466 W Summariser: Summarisation completed
07-03 00:54:27.286 19800 20466 W Summariser:   filename: 20200312_195230!002.mp4
07-03 00:54:27.286 19800 20466 W Summariser:   active sections: 0
07-03 00:54:27.286 19800 20466 W Summariser:   time: 05.664s
07-03 00:54:27.286 19800 20466 W Summariser:   original duration: 16.01
07-03 00:54:27.286 19800 20466 W Summariser:   summarised duration: -1.00
07-03 00:54:27.286 19800 20466 W Summariser:   noise tolerance: 45.00
07-03 00:54:27.286 19800 20466 W Summariser:   quality: 23
07-03 00:54:27.286 19800 20466 W Summariser:   speed: medium
07-03 00:54:27.286 19800 20466 W Summariser:   freeze duration: 1.00
07-03 00:54:27.430 19800 20147 W mobile-ffmpeg: [graph 0 input from stream 0:0 @ 0x7c6c848fc0] sws_param option is deprecated and ignored
07-03 00:54:31.564 19800 20466 W Summariser: No activity detected
07-03 00:54:31.627 19800 20466 W Summariser: Summarisation completed
07-03 00:54:31.627 19800 20466 W Summariser:   filename: 20200312_195230!003.mp4
07-03 00:54:31.627 19800 20466 W Summariser:   active sections: 0
07-03 00:54:31.627 19800 20466 W Summariser:   time: 04.268s
07-03 00:54:31.627 19800 20466 W Summariser:   original duration: 12.01
07-03 00:54:31.627 19800 20466 W Summariser:   summarised duration: -1.00
07-03 00:54:31.627 19800 20466 W Summariser:   noise tolerance: 45.00
07-03 00:54:31.627 19800 20466 W Summariser:   quality: 23
07-03 00:54:31.627 19800 20466 W Summariser:   speed: medium
07-03 00:54:31.627 19800 20466 W Summariser:   freeze duration: 1.00
07-03 00:54:31.682 19800 20466 W FfmpegTools: Single segment returned, duration of 20200312_195230: 6.97
07-03 00:54:31.933 19800 20147 W mobile-ffmpeg: [graph 0 input from stream 0:0 @ 0x7c6c848fc0] sws_param option is deprecated and ignored
07-03 00:54:33.853 19800 20466 W Summariser: No activity detected
07-03 00:54:33.953 19800 20466 W Summariser: Summarisation completed
07-03 00:54:33.953 19800 20466 W Summariser:   filename: 20200312_195330!001.mp4
07-03 00:54:33.953 19800 20466 W Summariser:   active sections: 0
07-03 00:54:33.953 19800 20466 W Summariser:   time: 02.067s
07-03 00:54:33.953 19800 20466 W Summariser:   original duration: 5.00
07-03 00:54:33.953 19800 20466 W Summariser:   summarised duration: -1.00
07-03 00:54:33.953 19800 20466 W Summariser:   noise tolerance: 45.00
07-03 00:54:33.953 19800 20466 W Summariser:   quality: 23
07-03 00:54:33.953 19800 20466 W Summariser:   speed: medium
07-03 00:54:33.953 19800 20466 W Summariser:   freeze duration: 1.00
07-03 00:54:34.096 19800 20147 W mobile-ffmpeg: [graph 0 input from stream 0:0 @ 0x7c6c849080] sws_param option is deprecated and ignored
07-03 00:54:35.877 19800 20466 W Summariser: Whole video is active
07-03 00:54:36.248 19800 20466 W Summariser: Summarisation completed
07-03 00:54:36.248 19800 20466 W Summariser:   filename: 20200312_195330!003.mp4
07-03 00:54:36.248 19800 20466 W Summariser:   active sections: -1
07-03 00:54:36.248 19800 20466 W Summariser:   time: 02.140s
07-03 00:54:36.248 19800 20466 W Summariser:   original duration: 5.01
07-03 00:54:36.248 19800 20466 W Summariser:   summarised duration: 5.01
07-03 00:54:36.248 19800 20466 W Summariser:   noise tolerance: 45.00
07-03 00:54:36.248 19800 20466 W Summariser:   quality: 23
07-03 00:54:36.248 19800 20466 W Summariser:   speed: medium
07-03 00:54:36.248 19800 20466 W Summariser:   freeze duration: 1.00
07-03 00:54:36.448 19800 20147 W mobile-ffmpeg: [graph 0 input from stream 0:0 @ 0x7c6c849080] sws_param option is deprecated and ignored
07-03 00:54:38.204 19800 20466 W Summariser: 1 active sections found
07-03 00:54:38.326 19800 20147 W mobile-ffmpeg: [graph 0 input from stream 0:0 @ 0x7c6c848fc0] sws_param option is deprecated and ignored
07-03 00:54:50.797 19800 20466 W Summariser: Summarisation completed
07-03 00:54:50.797 19800 20466 W Summariser:   filename: 20200312_195330!005.mp4
07-03 00:54:50.797 19800 20466 W Summariser:   active sections: 1
07-03 00:54:50.797 19800 20466 W Summariser:   time: 14.359s
07-03 00:54:50.797 19800 20466 W Summariser:   original duration: 5.06
07-03 00:54:50.797 19800 20466 W Summariser:   summarised duration: 3.60
07-03 00:54:50.797 19800 20466 W Summariser:   noise tolerance: 45.00
07-03 00:54:50.797 19800 20466 W Summariser:   quality: 23
07-03 00:54:50.797 19800 20466 W Summariser:   speed: medium
07-03 00:54:50.797 19800 20466 W Summariser:   freeze duration: 1.00
07-03 00:54:51.006 19800 20147 W mobile-ffmpeg: [graph 0 input from stream 0:0 @ 0x7c6c849080] sws_param option is deprecated and ignored
07-03 00:54:52.886 19800 20466 W Summariser: 1 active sections found
07-03 00:54:53.047 19800 20147 W mobile-ffmpeg: [graph 0 input from stream 0:0 @ 0x7c6c848fc0] sws_param option is deprecated and ignored
07-03 00:55:07.360 19800 20466 W Summariser: Summarisation completed
07-03 00:55:07.360 19800 20466 W Summariser:   filename: 20200312_195330!007.mp4
07-03 00:55:07.360 19800 20466 W Summariser:   active sections: 1
07-03 00:55:07.360 19800 20466 W Summariser:   time: 16.346s
07-03 00:55:07.360 19800 20466 W Summariser:   original duration: 5.01
07-03 00:55:07.360 19800 20466 W Summariser:   summarised duration: 4.07
07-03 00:55:07.360 19800 20466 W Summariser:   noise tolerance: 45.00
07-03 00:55:07.360 19800 20466 W Summariser:   quality: 23
07-03 00:55:07.360 19800 20466 W Summariser:   speed: medium
07-03 00:55:07.360 19800 20466 W Summariser:   freeze duration: 1.00
07-03 00:55:07.562 19800 20147 W mobile-ffmpeg: [graph 0 input from stream 0:0 @ 0x7c6c849080] sws_param option is deprecated and ignored
07-03 00:55:09.669 19800 20466 W Summariser: 1 active sections found
07-03 00:55:09.813 19800 20147 W mobile-ffmpeg: [graph 0 input from stream 0:0 @ 0x7c6c848fc0] sws_param option is deprecated and ignored
07-03 00:55:18.003 19800 20466 W Summariser: Summarisation completed
07-03 00:55:18.003 19800 20466 W Summariser:   filename: 20200312_195330!008.mp4
07-03 00:55:18.003 19800 20466 W Summariser:   active sections: 1
07-03 00:55:18.003 19800 20466 W Summariser:   time: 10.446s
07-03 00:55:18.003 19800 20466 W Summariser:   original duration: 5.00
07-03 00:55:18.003 19800 20466 W Summariser:   summarised duration: 1.70
07-03 00:55:18.003 19800 20466 W Summariser:   noise tolerance: 45.00
07-03 00:55:18.003 19800 20466 W Summariser:   quality: 23
07-03 00:55:18.003 19800 20466 W Summariser:   speed: medium
07-03 00:55:18.003 19800 20466 W Summariser:   freeze duration: 1.00
07-03 00:55:18.190 19800 20147 W mobile-ffmpeg: [graph 0 input from stream 0:0 @ 0x7c6c849080] sws_param option is deprecated and ignored
07-03 00:55:20.324 19800 20466 W Summariser: 1 active sections found
07-03 00:55:20.471 19800 20147 W mobile-ffmpeg: [graph 0 input from stream 0:0 @ 0x7c6c848fc0] sws_param option is deprecated and ignored
07-03 00:55:33.410 19800 20466 W Summariser: Summarisation completed
07-03 00:55:33.410 19800 20466 W Summariser:   filename: 20200312_195330!010.mp4
07-03 00:55:33.410 19800 20466 W Summariser:   active sections: 1
07-03 00:55:33.410 19800 20466 W Summariser:   time: 15.192s
07-03 00:55:33.410 19800 20466 W Summariser:   original duration: 5.06
07-03 00:55:33.410 19800 20466 W Summariser:   summarised duration: 2.75
07-03 00:55:33.410 19800 20466 W Summariser:   noise tolerance: 45.00
07-03 00:55:33.410 19800 20466 W Summariser:   quality: 23
07-03 00:55:33.410 19800 20466 W Summariser:   speed: medium
07-03 00:55:33.410 19800 20466 W Summariser:   freeze duration: 1.00
07-03 00:55:33.782 19800 20147 W mobile-ffmpeg: [mp4 @ 0x7c565fd200] Non-monotonous DTS in output stream 0:1; previous: 79272, current: 79056; 
07-03 00:55:33.782 19800 20147 W mobile-ffmpeg: [mp4 @ 0x7c565fd200] changing to 79273. This may result in incorrect timestamps in the output file.
07-03 00:55:34.464 19800 20466 W FfmpegTools: Merged duration of 20200312_195330: 44.85
07-03 00:55:34.732 19800 20147 W mobile-ffmpeg: [graph 0 input from stream 0:0 @ 0x7c6c848fc0] sws_param option is deprecated and ignored
07-03 00:55:43.090 19800 20466 W Summariser: 1 active sections found
07-03 00:55:43.284 19800 20147 W mobile-ffmpeg: [graph 0 input from stream 0:0 @ 0x7c6c848f00] sws_param option is deprecated and ignored
07-03 00:56:10.747 19800 20466 W Summariser: Summarisation completed
07-03 00:56:10.747 19800 20466 W Summariser:   filename: 20200312_195430!000.mp4
07-03 00:56:10.747 19800 20466 W Summariser:   active sections: 1
07-03 00:56:10.747 19800 20466 W Summariser:   time: 36.050s
07-03 00:56:10.747 19800 20466 W Summariser:   original duration: 16.06
07-03 00:56:10.747 19800 20466 W Summariser:   summarised duration: 5.34
07-03 00:56:10.747 19800 20466 W Summariser:   noise tolerance: 45.00
07-03 00:56:10.747 19800 20466 W Summariser:   quality: 23
07-03 00:56:10.747 19800 20466 W Summariser:   speed: medium
07-03 00:56:10.747 19800 20466 W Summariser:   freeze duration: 1.00
07-03 00:56:11.108 19800 20147 W mobile-ffmpeg: [graph 0 input from stream 0:0 @ 0x7c6c848fc0] sws_param option is deprecated and ignored
07-03 00:56:19.665 19800 20466 W Summariser: 2 active sections found
07-03 00:56:19.906 19800 20147 W mobile-ffmpeg: [graph 0 input from stream 0:0 @ 0x7c6c849200] sws_param option is deprecated and ignored
07-03 00:56:19.906 19800 20147 W mobile-ffmpeg: [graph 0 input from stream 0:0 @ 0x7c6c849380] sws_param option is deprecated and ignored
07-03 00:56:42.714 19800 20466 W Summariser: Summarisation completed
07-03 00:56:42.714 19800 20466 W Summariser:   filename: 20200312_195430!002.mp4
07-03 00:56:42.714 19800 20466 W Summariser:   active sections: 2
07-03 00:56:42.714 19800 20466 W Summariser:   time: 31.680s
07-03 00:56:42.714 19800 20466 W Summariser:   original duration: 16.01
07-03 00:56:42.714 19800 20466 W Summariser:   summarised duration: 6.17
07-03 00:56:42.714 19800 20466 W Summariser:   noise tolerance: 45.00
07-03 00:56:42.714 19800 20466 W Summariser:   quality: 23
07-03 00:56:42.714 19800 20466 W Summariser:   speed: medium
07-03 00:56:42.714 19800 20466 W Summariser:   freeze duration: 1.00
07-03 00:56:43.190 19800 20466 W FfmpegTools: Merged duration of 20200312_195430: 21.94
