--------- beginning of main
06-29 22:43:21.897  7670  7670 E Zygote  : isWhitelistProcess - Process is Whitelisted
06-29 22:43:21.902  7670  7670 E Zygote  : accessInfo : 1
06-29 22:43:24.871  7670  7670 W LogFactory: Truncating log tag length as it exceed 23, the limit imposed by Android on certain API Levels
06-29 22:43:46.862  7670  7670 W ActivityThread: handleWindowVisibility: no activity for token android.os.BinderProxy@32de078
06-29 22:43:46.946  7670  7670 W example.edgesu: Accessing hidden method Landroid/graphics/drawable/Drawable;->getOpticalInsets()Landroid/graphics/Insets; (light greylist, linking)
06-29 22:43:46.946  7670  7670 W example.edgesu: Accessing hidden field Landroid/graphics/Insets;->left:I (light greylist, linking)
06-29 22:43:46.946  7670  7670 W example.edgesu: Accessing hidden field Landroid/graphics/Insets;->right:I (light greylist, linking)
06-29 22:43:46.946  7670  7670 W example.edgesu: Accessing hidden field Landroid/graphics/Insets;->top:I (light greylist, linking)
06-29 22:43:46.946  7670  7670 W example.edgesu: Accessing hidden field Landroid/graphics/Insets;->bottom:I (light greylist, linking)
06-29 22:43:46.993  7670  7670 W example.edgesu: Accessing hidden method Landroid/view/View;->computeFitSystemWindows(Landroid/graphics/Rect;Landroid/graphics/Rect;)Z (light greylist, reflection)
06-29 22:43:46.994  7670  7670 W example.edgesu: Accessing hidden method Landroid/view/ViewGroup;->makeOptionalFitsSystemWindows()V (light greylist, reflection)
06-29 22:43:47.098  7670  7670 W example.edgesu: Accessing hidden method Landroid/widget/TextView;->getTextDirectionHeuristic()Landroid/text/TextDirectionHeuristic; (light greylist, linking)
06-29 22:43:47.108  7670  7670 W example.edgesu: Accessing hidden field Landroid/view/View;->mAccessibilityDelegate:Landroid/view/View$AccessibilityDelegate; (light greylist, reflection)
06-29 22:43:47.439  7670  7670 E TransferService: No notification is passed in the intent. Unable to transition to foreground.
06-29 22:43:47.481  7670  7670 W StaticLayout: maxLineHeight should not be -1.  maxLines:1 lineCount:1
06-29 22:43:47.490  7670  7670 W StaticLayout: maxLineHeight should not be -1.  maxLines:1 lineCount:1
06-29 22:43:47.493  7670  7670 W StaticLayout: maxLineHeight should not be -1.  maxLines:1 lineCount:1
06-29 22:43:47.497  7670  7670 W StaticLayout: maxLineHeight should not be -1.  maxLines:1 lineCount:1
06-29 22:43:47.523  7670  7670 W StaticLayout: maxLineHeight should not be -1.  maxLines:1 lineCount:1
06-29 22:43:47.527  7670  7670 W StaticLayout: maxLineHeight should not be -1.  maxLines:1 lineCount:1
06-29 22:44:00.566  7670  7670 W example.edgesu: Accessing hidden method Landroid/graphics/FontFamily;-><init>()V (light greylist, reflection)
06-29 22:44:00.567  7670  7670 W example.edgesu: Accessing hidden method Landroid/graphics/FontFamily;->addFontFromAssetManager(Landroid/content/res/AssetManager;Ljava/lang/String;IZIII[Landroid/graphics/fonts/FontVariationAxis;)Z (light greylist, reflection)
06-29 22:44:00.567  7670  7670 W example.edgesu: Accessing hidden method Landroid/graphics/FontFamily;->addFontFromBuffer(Ljava/nio/ByteBuffer;I[Landroid/graphics/fonts/FontVariationAxis;II)Z (light greylist, reflection)
06-29 22:44:00.567  7670  7670 W example.edgesu: Accessing hidden method Landroid/graphics/FontFamily;->freeze()Z (light greylist, reflection)
06-29 22:44:00.567  7670  7670 W example.edgesu: Accessing hidden method Landroid/graphics/FontFamily;->abortCreation()V (light greylist, reflection)
06-29 22:44:00.568  7670  7670 W example.edgesu: Accessing hidden method Landroid/graphics/Typeface;->createFromFamiliesWithDefault([Landroid/graphics/FontFamily;Ljava/lang/String;II)Landroid/graphics/Typeface; (light greylist, reflection)
06-29 22:44:07.995  7670  7801 W libEGL  : EGLNativeWindowType 0x7074c2e010 disconnect failed
06-29 22:44:10.173  7670  7801 W libEGL  : EGLNativeWindowType 0x7074c2e010 disconnect failed
06-29 22:44:10.256  7670  7670 E ViewRootImpl: sendUserActionEvent() returned.
06-29 22:45:21.986  7670  7670 W NearbyFragment: Completed downloading 20200312_150643!000.mp4 from Endpoint{id=MHNk, name=Nexus 5X [34d8]} in 01.844s
06-29 22:45:24.184  7670  8313 W Summariser: No activity detected
06-29 22:45:24.244  7670  8313 W Summariser: Summarisation completed
06-29 22:45:24.244  7670  8313 W Summariser:   filename: 20200312_150643!000.mp4
06-29 22:45:24.244  7670  8313 W Summariser:   active sections: 0
06-29 22:45:24.244  7670  8313 W Summariser:   time: 02.082s
06-29 22:45:24.244  7670  8313 W Summariser:   original duration: 16.07
06-29 22:45:24.244  7670  8313 W Summariser:   summarised duration: -1.00
06-29 22:45:24.244  7670  8313 W Summariser:   noise tolerance: 45.00
06-29 22:45:24.244  7670  8313 W Summariser:   quality: 23
06-29 22:45:24.244  7670  8313 W Summariser:   speed: medium
06-29 22:45:24.244  7670  8313 W Summariser:   freeze duration: 1.00
06-29 22:45:26.413  7670  7670 W NearbyFragment: Completed downloading 20200312_150643!001.mp4 from Endpoint{id=MHNk, name=Nexus 5X [34d8]} in 02.092s
06-29 22:45:28.434  7670  8343 W Summariser: No activity detected
06-29 22:45:28.495  7670  8343 W Summariser: Summarisation completed
06-29 22:45:28.495  7670  8343 W Summariser:   filename: 20200312_150643!001.mp4
06-29 22:45:28.495  7670  8343 W Summariser:   active sections: 0
06-29 22:45:28.495  7670  8343 W Summariser:   time: 01.924s
06-29 22:45:28.495  7670  8343 W Summariser:   original duration: 16.01
06-29 22:45:28.495  7670  8343 W Summariser:   summarised duration: -1.00
06-29 22:45:28.495  7670  8343 W Summariser:   noise tolerance: 45.00
06-29 22:45:28.495  7670  8343 W Summariser:   quality: 23
06-29 22:45:28.495  7670  8343 W Summariser:   speed: medium
06-29 22:45:28.495  7670  8343 W Summariser:   freeze duration: 1.00
06-29 22:45:30.699  7670  7670 W NearbyFragment: Completed downloading 20200312_150643!002.mp4 from Endpoint{id=MHNk, name=Nexus 5X [34d8]} in 02.144s
06-29 22:45:32.831  7670  8381 W Summariser: No activity detected
06-29 22:45:32.891  7670  8381 W Summariser: Summarisation completed
06-29 22:45:32.891  7670  8381 W Summariser:   filename: 20200312_150643!002.mp4
06-29 22:45:32.891  7670  8381 W Summariser:   active sections: 0
06-29 22:45:32.891  7670  8381 W Summariser:   time: 02.063s
06-29 22:45:32.891  7670  8381 W Summariser:   original duration: 16.01
06-29 22:45:32.891  7670  8381 W Summariser:   summarised duration: -1.00
06-29 22:45:32.891  7670  8381 W Summariser:   noise tolerance: 45.00
06-29 22:45:32.891  7670  8381 W Summariser:   quality: 23
06-29 22:45:32.891  7670  8381 W Summariser:   speed: medium
06-29 22:45:32.891  7670  8381 W Summariser:   freeze duration: 1.00
06-29 22:45:34.592  7670  7670 W NearbyFragment: Completed downloading 20200312_150643!003.mp4 from Endpoint{id=MHNk, name=Nexus 5X [34d8]} in 01.645s
06-29 22:45:36.309  7670  8408 W Summariser: No activity detected
06-29 22:45:36.356  7670  8408 W Summariser: Summarisation completed
06-29 22:45:36.356  7670  8408 W Summariser:   filename: 20200312_150643!003.mp4
06-29 22:45:36.356  7670  8408 W Summariser:   active sections: 0
06-29 22:45:36.356  7670  8408 W Summariser:   time: 01.642s
06-29 22:45:36.356  7670  8408 W Summariser:   original duration: 12.01
06-29 22:45:36.356  7670  8408 W Summariser:   summarised duration: -1.00
06-29 22:45:36.356  7670  8408 W Summariser:   noise tolerance: 45.00
06-29 22:45:36.356  7670  8408 W Summariser:   quality: 23
06-29 22:45:36.356  7670  8408 W Summariser:   speed: medium
06-29 22:45:36.356  7670  8408 W Summariser:   freeze duration: 1.00
06-29 22:45:46.716  7670  7670 W NearbyFragment: Completed downloading 20200312_150744!000.mp4 from Endpoint{id=MHNk, name=Nexus 5X [34d8]} in 01.772s
06-29 22:45:48.787  7670  8439 W Summariser: No activity detected
06-29 22:45:48.835  7670  8439 W Summariser: Summarisation completed
06-29 22:45:48.835  7670  8439 W Summariser:   filename: 20200312_150744!000.mp4
06-29 22:45:48.835  7670  8439 W Summariser:   active sections: 0
06-29 22:45:48.835  7670  8439 W Summariser:   time: 01.991s
06-29 22:45:48.835  7670  8439 W Summariser:   original duration: 16.07
06-29 22:45:48.835  7670  8439 W Summariser:   summarised duration: -1.00
06-29 22:45:48.835  7670  8439 W Summariser:   noise tolerance: 45.00
06-29 22:45:48.835  7670  8439 W Summariser:   quality: 23
06-29 22:45:48.835  7670  8439 W Summariser:   speed: medium
06-29 22:45:48.835  7670  8439 W Summariser:   freeze duration: 1.00
06-29 22:45:49.232  7670  7684 W System  : A resource failed to call close. 
06-29 22:45:49.238  7670  7684 W System  : A resource failed to call close. 
06-29 22:45:51.192  7670  7670 W NearbyFragment: Completed downloading 20200312_150744!001.mp4 from Endpoint{id=MHNk, name=Nexus 5X [34d8]} in 02.253s
06-29 22:45:53.253  7670  8472 W Summariser: No activity detected
06-29 22:45:53.314  7670  8472 W Summariser: Summarisation completed
06-29 22:45:53.314  7670  8472 W Summariser:   filename: 20200312_150744!001.mp4
06-29 22:45:53.314  7670  8472 W Summariser:   active sections: 0
06-29 22:45:53.314  7670  8472 W Summariser:   time: 01.963s
06-29 22:45:53.314  7670  8472 W Summariser:   original duration: 16.02
06-29 22:45:53.314  7670  8472 W Summariser:   summarised duration: -1.00
06-29 22:45:53.314  7670  8472 W Summariser:   noise tolerance: 45.00
06-29 22:45:53.314  7670  8472 W Summariser:   quality: 23
06-29 22:45:53.314  7670  8472 W Summariser:   speed: medium
06-29 22:45:53.314  7670  8472 W Summariser:   freeze duration: 1.00
06-29 22:45:55.398  7670  7670 W NearbyFragment: Completed downloading 20200312_150744!002.mp4 from Endpoint{id=MHNk, name=Nexus 5X [34d8]} in 02.004s
06-29 22:45:57.414  7670  8503 W Summariser: No activity detected
06-29 22:45:57.474  7670  8503 W Summariser: Summarisation completed
06-29 22:45:57.474  7670  8503 W Summariser:   filename: 20200312_150744!002.mp4
06-29 22:45:57.474  7670  8503 W Summariser:   active sections: 0
06-29 22:45:57.474  7670  8503 W Summariser:   time: 01.916s
06-29 22:45:57.474  7670  8503 W Summariser:   original duration: 16.01
06-29 22:45:57.474  7670  8503 W Summariser:   summarised duration: -1.00
06-29 22:45:57.474  7670  8503 W Summariser:   noise tolerance: 45.00
06-29 22:45:57.474  7670  8503 W Summariser:   quality: 23
06-29 22:45:57.474  7670  8503 W Summariser:   speed: medium
06-29 22:45:57.474  7670  8503 W Summariser:   freeze duration: 1.00
06-29 22:45:59.310  7670  7670 W NearbyFragment: Completed downloading 20200312_150744!003.mp4 from Endpoint{id=MHNk, name=Nexus 5X [34d8]} in 01.763s
06-29 22:46:01.111  7670  8532 W Summariser: 1 active sections found
06-29 22:46:07.033  7670  8532 W Summariser: Summarisation completed
06-29 22:46:07.033  7670  8532 W Summariser:   filename: 20200312_150744!003.mp4
06-29 22:46:07.033  7670  8532 W Summariser:   active sections: 1
06-29 22:46:07.033  7670  8532 W Summariser:   time: 07.516s
06-29 22:46:07.033  7670  8532 W Summariser:   original duration: 12.03
06-29 22:46:07.033  7670  8532 W Summariser:   summarised duration: 4.89
06-29 22:46:07.033  7670  8532 W Summariser:   noise tolerance: 45.00
06-29 22:46:07.033  7670  8532 W Summariser:   quality: 23
06-29 22:46:07.033  7670  8532 W Summariser:   speed: medium
06-29 22:46:07.033  7670  8532 W Summariser:   freeze duration: 1.00
06-29 22:46:07.171  7670  8532 W NearbyFragment: Sending 20200312_150744!003.mp4 to Nexus 5X [34d8]
06-29 22:46:11.287  7670  7670 W NearbyFragment: Completed downloading 20200312_150844!000.mp4 from Endpoint{id=MHNk, name=Nexus 5X [34d8]} in 02.397s
06-29 22:46:13.372  7670  8602 W Summariser: Whole video is active
06-29 22:46:13.944  7670  8602 W Summariser: Summarisation completed
06-29 22:46:13.944  7670  8602 W Summariser:   filename: 20200312_150844!000.mp4
06-29 22:46:13.944  7670  8602 W Summariser:   active sections: -1
06-29 22:46:13.944  7670  8602 W Summariser:   time: 02.462s
06-29 22:46:13.944  7670  8602 W Summariser:   original duration: 16.06
06-29 22:46:13.944  7670  8602 W Summariser:   summarised duration: 16.06
06-29 22:46:13.944  7670  8602 W Summariser:   noise tolerance: 45.00
06-29 22:46:13.944  7670  8602 W Summariser:   quality: 23
06-29 22:46:13.944  7670  8602 W Summariser:   speed: medium
06-29 22:46:13.944  7670  8602 W Summariser:   freeze duration: 1.00
06-29 22:46:13.996  7670  8602 W NearbyFragment: Sending 20200312_150844!000.mp4 to Nexus 5X [34d8]
06-29 22:46:17.834  7670  7670 W NearbyFragment: Completed downloading 20200312_150844!001.mp4 from Endpoint{id=MHNk, name=Nexus 5X [34d8]} in 03.680s
06-29 22:46:19.808  7670  8631 W Summariser: Whole video is active
06-29 22:46:20.350  7670  8631 W Summariser: Summarisation completed
06-29 22:46:20.350  7670  8631 W Summariser:   filename: 20200312_150844!001.mp4
06-29 22:46:20.350  7670  8631 W Summariser:   active sections: -1
06-29 22:46:20.350  7670  8631 W Summariser:   time: 02.301s
06-29 22:46:20.350  7670  8631 W Summariser:   original duration: 16.01
06-29 22:46:20.350  7670  8631 W Summariser:   summarised duration: 16.01
06-29 22:46:20.350  7670  8631 W Summariser:   noise tolerance: 45.00
06-29 22:46:20.350  7670  8631 W Summariser:   quality: 23
06-29 22:46:20.350  7670  8631 W Summariser:   speed: medium
06-29 22:46:20.350  7670  8631 W Summariser:   freeze duration: 1.00
06-29 22:46:20.421  7670  8631 W NearbyFragment: Sending 20200312_150844!001.mp4 to Nexus 5X [34d8]
06-29 22:46:24.271  7670  7670 W NearbyFragment: Completed downloading 20200312_150844!002.mp4 from Endpoint{id=MHNk, name=Nexus 5X [34d8]} in 03.698s
06-29 22:46:26.253  7670  8665 W Summariser: Whole video is active
06-29 22:46:26.799  7670  8665 W Summariser: Summarisation completed
06-29 22:46:26.799  7670  8665 W Summariser:   filename: 20200312_150844!002.mp4
06-29 22:46:26.799  7670  8665 W Summariser:   active sections: -1
06-29 22:46:26.799  7670  8665 W Summariser:   time: 02.291s
06-29 22:46:26.799  7670  8665 W Summariser:   original duration: 16.01
06-29 22:46:26.799  7670  8665 W Summariser:   summarised duration: 16.01
06-29 22:46:26.799  7670  8665 W Summariser:   noise tolerance: 45.00
06-29 22:46:26.799  7670  8665 W Summariser:   quality: 23
06-29 22:46:26.799  7670  8665 W Summariser:   speed: medium
06-29 22:46:26.799  7670  8665 W Summariser:   freeze duration: 1.00
06-29 22:46:26.902  7670  8665 W NearbyFragment: Sending 20200312_150844!002.mp4 to Nexus 5X [34d8]
06-29 22:46:28.711  7670  7684 W System  : A resource failed to call close. 
06-29 22:46:28.715  7670  7684 W System  : A resource failed to call close. 
06-29 22:46:28.717  7670  7684 W System  : A resource failed to call close. 
06-29 22:46:28.718  7670  7684 W System  : A resource failed to call close. 
06-29 22:46:28.721  7670  7684 W System  : A resource failed to call close. 
06-29 22:46:29.944  7670  7670 W NearbyFragment: Completed downloading 20200312_150844!003.mp4 from Endpoint{id=MHNk, name=Nexus 5X [34d8]} in 02.954s
06-29 22:46:31.434  7670  8716 W Summariser: Whole video is active
06-29 22:46:31.821  7670  8716 W Summariser: Summarisation completed
06-29 22:46:31.821  7670  8716 W Summariser:   filename: 20200312_150844!003.mp4
06-29 22:46:31.821  7670  8716 W Summariser:   active sections: -1
06-29 22:46:31.821  7670  8716 W Summariser:   time: 01.723s
06-29 22:46:31.821  7670  8716 W Summariser:   original duration: 11.98
06-29 22:46:31.821  7670  8716 W Summariser:   summarised duration: 11.98
06-29 22:46:31.821  7670  8716 W Summariser:   noise tolerance: 45.00
06-29 22:46:31.821  7670  8716 W Summariser:   quality: 23
06-29 22:46:31.821  7670  8716 W Summariser:   speed: medium
06-29 22:46:31.821  7670  8716 W Summariser:   freeze duration: 1.00
06-29 22:46:31.866  7670  8716 W NearbyFragment: Sending 20200312_150844!003.mp4 to Nexus 5X [34d8]
06-29 22:46:44.817  7670  7670 W NearbyFragment: Completed downloading 20200312_150944!000.mp4 from Endpoint{id=MHNk, name=Nexus 5X [34d8]} in 01.879s
06-29 22:46:46.839  7670  8768 W Summariser: 1 active sections found
06-29 22:46:53.786  7670  8768 W Summariser: Summarisation completed
06-29 22:46:53.786  7670  8768 W Summariser:   filename: 20200312_150944!000.mp4
06-29 22:46:53.786  7670  8768 W Summariser:   active sections: 1
06-29 22:46:53.786  7670  8768 W Summariser:   time: 08.821s
06-29 22:46:53.786  7670  8768 W Summariser:   original duration: 16.06
06-29 22:46:53.786  7670  8768 W Summariser:   summarised duration: 7.07
06-29 22:46:53.786  7670  8768 W Summariser:   noise tolerance: 45.00
06-29 22:46:53.786  7670  8768 W Summariser:   quality: 23
06-29 22:46:53.786  7670  8768 W Summariser:   speed: medium
06-29 22:46:53.786  7670  8768 W Summariser:   freeze duration: 1.00
06-29 22:46:53.856  7670  8768 W NearbyFragment: Sending 20200312_150944!000.mp4 to Nexus 5X [34d8]
06-29 22:46:56.123  7670  7670 W NearbyFragment: Completed downloading 20200312_150944!001.mp4 from Endpoint{id=MHNk, name=Nexus 5X [34d8]} in 02.185s
06-29 22:46:58.249  7670  8864 W Summariser: No activity detected
06-29 22:46:58.311  7670  8864 W Summariser: Summarisation completed
06-29 22:46:58.311  7670  8864 W Summariser:   filename: 20200312_150944!001.mp4
06-29 22:46:58.311  7670  8864 W Summariser:   active sections: 0
06-29 22:46:58.311  7670  8864 W Summariser:   time: 02.048s
06-29 22:46:58.311  7670  8864 W Summariser:   original duration: 16.01
06-29 22:46:58.311  7670  8864 W Summariser:   summarised duration: -1.00
06-29 22:46:58.311  7670  8864 W Summariser:   noise tolerance: 45.00
06-29 22:46:58.311  7670  8864 W Summariser:   quality: 23
06-29 22:46:58.311  7670  8864 W Summariser:   speed: medium
06-29 22:46:58.311  7670  8864 W Summariser:   freeze duration: 1.00
06-29 22:47:00.691  7670  7670 W NearbyFragment: Completed downloading 20200312_150944!002.mp4 from Endpoint{id=MHNk, name=Nexus 5X [34d8]} in 02.323s
06-29 22:47:02.804  7670  8896 W Summariser: No activity detected
06-29 22:47:02.862  7670  8896 W Summariser: Summarisation completed
06-29 22:47:02.862  7670  8896 W Summariser:   filename: 20200312_150944!002.mp4
06-29 22:47:02.862  7670  8896 W Summariser:   active sections: 0
06-29 22:47:02.862  7670  8896 W Summariser:   time: 02.020s
06-29 22:47:02.862  7670  8896 W Summariser:   original duration: 16.01
06-29 22:47:02.862  7670  8896 W Summariser:   summarised duration: -1.00
06-29 22:47:02.862  7670  8896 W Summariser:   noise tolerance: 45.00
06-29 22:47:02.862  7670  8896 W Summariser:   quality: 23
06-29 22:47:02.862  7670  8896 W Summariser:   speed: medium
06-29 22:47:02.862  7670  8896 W Summariser:   freeze duration: 1.00
06-29 22:47:04.860  7670  7670 W NearbyFragment: Completed downloading 20200312_150944!003.mp4 from Endpoint{id=MHNk, name=Nexus 5X [34d8]} in 01.899s
06-29 22:47:06.386  7670  8953 W Summariser: No activity detected
06-29 22:47:06.435  7670  8953 W Summariser: Summarisation completed
06-29 22:47:06.435  7670  8953 W Summariser:   filename: 20200312_150944!003.mp4
06-29 22:47:06.435  7670  8953 W Summariser:   active sections: 0
06-29 22:47:06.435  7670  8953 W Summariser:   time: 01.464s
06-29 22:47:06.435  7670  8953 W Summariser:   original duration: 12.01
06-29 22:47:06.435  7670  8953 W Summariser:   summarised duration: -1.00
06-29 22:47:06.435  7670  8953 W Summariser:   noise tolerance: 45.00
06-29 22:47:06.435  7670  8953 W Summariser:   quality: 23
06-29 22:47:06.435  7670  8953 W Summariser:   speed: medium
06-29 22:47:06.435  7670  8953 W Summariser:   freeze duration: 1.00
06-29 22:47:12.011  7670  7670 W NearbyFragment: Completed downloading 20200312_151044!001.mp4 from Endpoint{id=MHNk, name=Nexus 5X [34d8]} in 05.040s
06-29 22:47:13.884  7670  8998 W Summariser: No activity detected
06-29 22:47:13.942  7670  8998 W Summariser: Summarisation completed
06-29 22:47:13.942  7670  8998 W Summariser:   filename: 20200312_151044!001.mp4
06-29 22:47:13.942  7670  8998 W Summariser:   active sections: 0
06-29 22:47:13.942  7670  8998 W Summariser:   time: 01.824s
06-29 22:47:13.942  7670  8998 W Summariser:   original duration: 16.02
06-29 22:47:13.942  7670  8998 W Summariser:   summarised duration: -1.00
06-29 22:47:13.942  7670  8998 W Summariser:   noise tolerance: 45.00
06-29 22:47:13.942  7670  8998 W Summariser:   quality: 23
06-29 22:47:13.942  7670  8998 W Summariser:   speed: medium
06-29 22:47:13.942  7670  8998 W Summariser:   freeze duration: 1.00
06-29 22:47:16.252  7670  7670 W NearbyFragment: Completed downloading 20200312_151044!002.mp4 from Endpoint{id=MHNk, name=Nexus 5X [34d8]} in 02.121s
06-29 22:47:18.248  7670  9028 W Summariser: No activity detected
06-29 22:47:18.310  7670  9028 W Summariser: Summarisation completed
06-29 22:47:18.310  7670  9028 W Summariser:   filename: 20200312_151044!002.mp4
06-29 22:47:18.310  7670  9028 W Summariser:   active sections: 0
06-29 22:47:18.310  7670  9028 W Summariser:   time: 01.914s
06-29 22:47:18.310  7670  9028 W Summariser:   original duration: 16.01
06-29 22:47:18.310  7670  9028 W Summariser:   summarised duration: -1.00
06-29 22:47:18.310  7670  9028 W Summariser:   noise tolerance: 45.00
06-29 22:47:18.310  7670  9028 W Summariser:   quality: 23
06-29 22:47:18.310  7670  9028 W Summariser:   speed: medium
06-29 22:47:18.310  7670  9028 W Summariser:   freeze duration: 1.00
06-29 22:47:35.240  7670  7670 W NearbyFragment: Completed downloading 20200312_193528!000.mp4 from Endpoint{id=MHNk, name=Nexus 5X [34d8]} in 01.849s
06-29 22:47:35.442  7670  7684 W System  : A resource failed to call close. 
06-29 22:47:35.454  7670  7684 W System  : A resource failed to call close. 
06-29 22:47:37.336  7670  9062 W Summariser: No activity detected
06-29 22:47:37.383  7670  9062 W Summariser: Summarisation completed
06-29 22:47:37.383  7670  9062 W Summariser:   filename: 20200312_193528!000.mp4
06-29 22:47:37.383  7670  9062 W Summariser:   active sections: 0
06-29 22:47:37.383  7670  9062 W Summariser:   time: 02.039s
06-29 22:47:37.383  7670  9062 W Summariser:   original duration: 16.06
06-29 22:47:37.383  7670  9062 W Summariser:   summarised duration: -1.00
06-29 22:47:37.383  7670  9062 W Summariser:   noise tolerance: 45.00
06-29 22:47:37.383  7670  9062 W Summariser:   quality: 23
06-29 22:47:37.383  7670  9062 W Summariser:   speed: medium
06-29 22:47:37.383  7670  9062 W Summariser:   freeze duration: 1.00
06-29 22:47:39.854  7670  7670 W NearbyFragment: Completed downloading 20200312_193528!001.mp4 from Endpoint{id=MHNk, name=Nexus 5X [34d8]} in 02.345s
06-29 22:47:41.837  7670  9091 W Summariser: No activity detected
06-29 22:47:41.882  7670  9091 W Summariser: Summarisation completed
06-29 22:47:41.882  7670  9091 W Summariser:   filename: 20200312_193528!001.mp4
06-29 22:47:41.882  7670  9091 W Summariser:   active sections: 0
06-29 22:47:41.882  7670  9091 W Summariser:   time: 01.907s
06-29 22:47:41.882  7670  9091 W Summariser:   original duration: 16.01
06-29 22:47:41.882  7670  9091 W Summariser:   summarised duration: -1.00
06-29 22:47:41.882  7670  9091 W Summariser:   noise tolerance: 45.00
06-29 22:47:41.882  7670  9091 W Summariser:   quality: 23
06-29 22:47:41.882  7670  9091 W Summariser:   speed: medium
06-29 22:47:41.882  7670  9091 W Summariser:   freeze duration: 1.00
06-29 22:47:44.060  7670  7670 W NearbyFragment: Completed downloading 20200312_193528!002.mp4 from Endpoint{id=MHNk, name=Nexus 5X [34d8]} in 01.947s
06-29 22:47:46.152  7670  9119 W Summariser: No activity detected
06-29 22:47:46.199  7670  9119 W Summariser: Summarisation completed
06-29 22:47:46.199  7670  9119 W Summariser:   filename: 20200312_193528!002.mp4
06-29 22:47:46.199  7670  9119 W Summariser:   active sections: 0
06-29 22:47:46.199  7670  9119 W Summariser:   time: 01.992s
06-29 22:47:46.199  7670  9119 W Summariser:   original duration: 16.06
06-29 22:47:46.199  7670  9119 W Summariser:   summarised duration: -1.00
06-29 22:47:46.199  7670  9119 W Summariser:   noise tolerance: 45.00
06-29 22:47:46.199  7670  9119 W Summariser:   quality: 23
06-29 22:47:46.199  7670  9119 W Summariser:   speed: medium
06-29 22:47:46.199  7670  9119 W Summariser:   freeze duration: 1.00
06-29 22:47:47.777  7670  7670 W NearbyFragment: Completed downloading 20200312_193528!003.mp4 from Endpoint{id=MHNk, name=Nexus 5X [34d8]} in 01.518s
06-29 22:47:49.419  7670  9147 W Summariser: No activity detected
06-29 22:47:49.457  7670  9147 W Summariser: Summarisation completed
06-29 22:47:49.457  7670  9147 W Summariser:   filename: 20200312_193528!003.mp4
06-29 22:47:49.457  7670  9147 W Summariser:   active sections: 0
06-29 22:47:49.457  7670  9147 W Summariser:   time: 01.510s
06-29 22:47:49.457  7670  9147 W Summariser:   original duration: 12.01
06-29 22:47:49.457  7670  9147 W Summariser:   summarised duration: -1.00
06-29 22:47:49.457  7670  9147 W Summariser:   noise tolerance: 45.00
06-29 22:47:49.457  7670  9147 W Summariser:   quality: 23
06-29 22:47:49.457  7670  9147 W Summariser:   speed: medium
06-29 22:47:49.457  7670  9147 W Summariser:   freeze duration: 1.00
06-29 22:48:00.774  7670  7670 W NearbyFragment: Completed downloading 20200312_193628!000.mp4 from Endpoint{id=MHNk, name=Nexus 5X [34d8]} in 02.630s
06-29 22:48:02.783  7670  9204 W Summariser: No activity detected
06-29 22:48:02.828  7670  9204 W Summariser: Summarisation completed
06-29 22:48:02.828  7670  9204 W Summariser:   filename: 20200312_193628!000.mp4
06-29 22:48:02.828  7670  9204 W Summariser:   active sections: 0
06-29 22:48:02.828  7670  9204 W Summariser:   time: 01.948s
06-29 22:48:02.828  7670  9204 W Summariser:   original duration: 16.07
06-29 22:48:02.828  7670  9204 W Summariser:   summarised duration: -1.00
06-29 22:48:02.828  7670  9204 W Summariser:   noise tolerance: 45.00
06-29 22:48:02.828  7670  9204 W Summariser:   quality: 23
06-29 22:48:02.828  7670  9204 W Summariser:   speed: medium
06-29 22:48:02.828  7670  9204 W Summariser:   freeze duration: 1.00
06-29 22:48:05.037  7670  7670 W NearbyFragment: Completed downloading 20200312_193628!001.mp4 from Endpoint{id=MHNk, name=Nexus 5X [34d8]} in 02.056s
06-29 22:48:07.021  7670  9236 W Summariser: No activity detected
06-29 22:48:07.078  7670  9236 W Summariser: Summarisation completed
06-29 22:48:07.078  7670  9236 W Summariser:   filename: 20200312_193628!001.mp4
06-29 22:48:07.078  7670  9236 W Summariser:   active sections: 0
06-29 22:48:07.078  7670  9236 W Summariser:   time: 01.940s
06-29 22:48:07.078  7670  9236 W Summariser:   original duration: 16.01
06-29 22:48:07.078  7670  9236 W Summariser:   summarised duration: -1.00
06-29 22:48:07.078  7670  9236 W Summariser:   noise tolerance: 45.00
06-29 22:48:07.078  7670  9236 W Summariser:   quality: 23
06-29 22:48:07.078  7670  9236 W Summariser:   speed: medium
06-29 22:48:07.078  7670  9236 W Summariser:   freeze duration: 1.00
06-29 22:48:09.126  7670  7670 W NearbyFragment: Completed downloading 20200312_193628!002.mp4 from Endpoint{id=MHNk, name=Nexus 5X [34d8]} in 01.973s
06-29 22:48:11.151  7670  9268 W Summariser: No activity detected
06-29 22:48:11.207  7670  9268 W Summariser: Summarisation completed
06-29 22:48:11.207  7670  9268 W Summariser:   filename: 20200312_193628!002.mp4
06-29 22:48:11.207  7670  9268 W Summariser:   active sections: 0
06-29 22:48:11.207  7670  9268 W Summariser:   time: 01.955s
06-29 22:48:11.207  7670  9268 W Summariser:   original duration: 16.02
06-29 22:48:11.207  7670  9268 W Summariser:   summarised duration: -1.00
06-29 22:48:11.207  7670  9268 W Summariser:   noise tolerance: 45.00
06-29 22:48:11.207  7670  9268 W Summariser:   quality: 23
06-29 22:48:11.207  7670  9268 W Summariser:   speed: medium
06-29 22:48:11.207  7670  9268 W Summariser:   freeze duration: 1.00
06-29 22:48:12.803  7670  7670 W NearbyFragment: Completed downloading 20200312_193628!003.mp4 from Endpoint{id=MHNk, name=Nexus 5X [34d8]} in 01.534s
06-29 22:48:14.497  7670  9299 W Summariser: 1 active sections found
06-29 22:48:21.573  7670  9299 W Summariser: Summarisation completed
06-29 22:48:21.573  7670  9299 W Summariser:   filename: 20200312_193628!003.mp4
06-29 22:48:21.573  7670  9299 W Summariser:   active sections: 1
06-29 22:48:21.573  7670  9299 W Summariser:   time: 08.600s
06-29 22:48:21.573  7670  9299 W Summariser:   original duration: 12.03
06-29 22:48:21.573  7670  9299 W Summariser:   summarised duration: 6.16
06-29 22:48:21.573  7670  9299 W Summariser:   noise tolerance: 45.00
06-29 22:48:21.573  7670  9299 W Summariser:   quality: 23
06-29 22:48:21.573  7670  9299 W Summariser:   speed: medium
06-29 22:48:21.573  7670  9299 W Summariser:   freeze duration: 1.00
06-29 22:48:21.657  7670  9299 W NearbyFragment: Sending 20200312_193628!003.mp4 to Nexus 5X [34d8]
06-29 22:48:25.636  7670  7670 W NearbyFragment: Completed downloading 20200312_193728!000.mp4 from Endpoint{id=MHNk, name=Nexus 5X [34d8]} in 02.168s
06-29 22:48:27.728  7670  9363 W Summariser: Whole video is active
06-29 22:48:28.194  7670  7684 W System  : A resource failed to call close. 
06-29 22:48:28.197  7670  7684 W System  : A resource failed to call close. 
06-29 22:48:28.214  7670  9363 W Summariser: Summarisation completed
06-29 22:48:28.214  7670  9363 W Summariser:   filename: 20200312_193728!000.mp4
06-29 22:48:28.214  7670  9363 W Summariser:   active sections: -1
06-29 22:48:28.214  7670  9363 W Summariser:   time: 02.400s
06-29 22:48:28.214  7670  9363 W Summariser:   original duration: 16.06
06-29 22:48:28.214  7670  9363 W Summariser:   summarised duration: 16.06
06-29 22:48:28.214  7670  9363 W Summariser:   noise tolerance: 45.00
06-29 22:48:28.214  7670  9363 W Summariser:   quality: 23
06-29 22:48:28.214  7670  9363 W Summariser:   speed: medium
06-29 22:48:28.214  7670  9363 W Summariser:   freeze duration: 1.00
06-29 22:48:28.297  7670  9363 W NearbyFragment: Sending 20200312_193728!000.mp4 to Nexus 5X [34d8]
06-29 22:48:31.942  7670  7670 W NearbyFragment: Completed downloading 20200312_193728!001.mp4 from Endpoint{id=MHNk, name=Nexus 5X [34d8]} in 03.387s
06-29 22:48:33.934  7670  9392 W Summariser: Whole video is active
06-29 22:48:34.424  7670  9392 W Summariser: Summarisation completed
06-29 22:48:34.424  7670  9392 W Summariser:   filename: 20200312_193728!001.mp4
06-29 22:48:34.424  7670  9392 W Summariser:   active sections: -1
06-29 22:48:34.424  7670  9392 W Summariser:   time: 02.315s
06-29 22:48:34.424  7670  9392 W Summariser:   original duration: 16.01
06-29 22:48:34.424  7670  9392 W Summariser:   summarised duration: 16.01
06-29 22:48:34.424  7670  9392 W Summariser:   noise tolerance: 45.00
06-29 22:48:34.424  7670  9392 W Summariser:   quality: 23
06-29 22:48:34.424  7670  9392 W Summariser:   speed: medium
06-29 22:48:34.424  7670  9392 W Summariser:   freeze duration: 1.00
06-29 22:48:34.489  7670  9392 W NearbyFragment: Sending 20200312_193728!001.mp4 to Nexus 5X [34d8]
06-29 22:48:37.928  7670  7670 W NearbyFragment: Completed downloading 20200312_193728!002.mp4 from Endpoint{id=MHNk, name=Nexus 5X [34d8]} in 03.373s
06-29 22:48:40.044  7670  9440 W Summariser: Whole video is active
06-29 22:48:40.584  7670  9440 W Summariser: Summarisation completed
06-29 22:48:40.584  7670  9440 W Summariser:   filename: 20200312_193728!002.mp4
06-29 22:48:40.584  7670  9440 W Summariser:   active sections: -1
06-29 22:48:40.584  7670  9440 W Summariser:   time: 02.446s
06-29 22:48:40.584  7670  9440 W Summariser:   original duration: 16.01
06-29 22:48:40.584  7670  9440 W Summariser:   summarised duration: 16.01
06-29 22:48:40.584  7670  9440 W Summariser:   noise tolerance: 45.00
06-29 22:48:40.584  7670  9440 W Summariser:   quality: 23
06-29 22:48:40.584  7670  9440 W Summariser:   speed: medium
06-29 22:48:40.584  7670  9440 W Summariser:   freeze duration: 1.00
06-29 22:48:40.677  7670  9440 W NearbyFragment: Sending 20200312_193728!002.mp4 to Nexus 5X [34d8]
06-29 22:48:43.338  7670  7670 W NearbyFragment: Completed downloading 20200312_193728!003.mp4 from Endpoint{id=MHNk, name=Nexus 5X [34d8]} in 01.978s
06-29 22:48:45.040  7670  9534 W Summariser: Whole video is active
06-29 22:48:45.422  7670  9534 W Summariser: Summarisation completed
06-29 22:48:45.422  7670  9534 W Summariser:   filename: 20200312_193728!003.mp4
06-29 22:48:45.422  7670  9534 W Summariser:   active sections: -1
06-29 22:48:45.422  7670  9534 W Summariser:   time: 01.933s
06-29 22:48:45.422  7670  9534 W Summariser:   original duration: 11.98
06-29 22:48:45.422  7670  9534 W Summariser:   summarised duration: 11.98
06-29 22:48:45.422  7670  9534 W Summariser:   noise tolerance: 45.00
06-29 22:48:45.422  7670  9534 W Summariser:   quality: 23
06-29 22:48:45.422  7670  9534 W Summariser:   speed: medium
06-29 22:48:45.422  7670  9534 W Summariser:   freeze duration: 1.00
06-29 22:48:45.486  7670  9534 W NearbyFragment: Sending 20200312_193728!003.mp4 to Nexus 5X [34d8]
06-29 22:48:58.736  7670  7670 W NearbyFragment: Completed downloading 20200312_193828!000.mp4 from Endpoint{id=MHNk, name=Nexus 5X [34d8]} in 01.793s
06-29 22:49:00.986  7670  9570 W Summariser: 1 active sections found
06-29 22:49:14.987  7670  9570 W Summariser: Summarisation completed
06-29 22:49:14.987  7670  9570 W Summariser:   filename: 20200312_193828!000.mp4
06-29 22:49:14.987  7670  9570 W Summariser:   active sections: 1
06-29 22:49:14.987  7670  9570 W Summariser:   time: 16.092s
06-29 22:49:14.987  7670  9570 W Summariser:   original duration: 16.06
06-29 22:49:14.987  7670  9570 W Summariser:   summarised duration: 14.28
06-29 22:49:14.987  7670  9570 W Summariser:   noise tolerance: 45.00
06-29 22:49:14.987  7670  9570 W Summariser:   quality: 23
06-29 22:49:14.987  7670  9570 W Summariser:   speed: medium
06-29 22:49:14.987  7670  9570 W Summariser:   freeze duration: 1.00
06-29 22:49:15.057  7670  9570 W NearbyFragment: Sending 20200312_193828!000.mp4 to Nexus 5X [34d8]
06-29 22:49:17.641  7670  7670 W NearbyFragment: Completed downloading 20200312_193828!001.mp4 from Endpoint{id=MHNk, name=Nexus 5X [34d8]} in 02.487s
06-29 22:49:19.733  7670  9708 W Summariser: No activity detected
06-29 22:49:19.789  7670  9708 W Summariser: Summarisation completed
06-29 22:49:19.789  7670  9708 W Summariser:   filename: 20200312_193828!001.mp4
06-29 22:49:19.789  7670  9708 W Summariser:   active sections: 0
06-29 22:49:19.789  7670  9708 W Summariser:   time: 02.011s
06-29 22:49:19.789  7670  9708 W Summariser:   original duration: 16.01
06-29 22:49:19.789  7670  9708 W Summariser:   summarised duration: -1.00
06-29 22:49:19.789  7670  9708 W Summariser:   noise tolerance: 45.00
06-29 22:49:19.789  7670  9708 W Summariser:   quality: 23
06-29 22:49:19.789  7670  9708 W Summariser:   speed: medium
06-29 22:49:19.789  7670  9708 W Summariser:   freeze duration: 1.00
06-29 22:49:21.144  7670  7684 W System  : A resource failed to call close. 
06-29 22:49:21.147  7670  7684 W System  : A resource failed to call close. 
06-29 22:49:21.872  7670  7670 W NearbyFragment: Completed downloading 20200312_193828!002.mp4 from Endpoint{id=MHNk, name=Nexus 5X [34d8]} in 02.016s
06-29 22:49:23.876  7670  9736 W Summariser: No activity detected
06-29 22:49:23.932  7670  9736 W Summariser: Summarisation completed
06-29 22:49:23.932  7670  9736 W Summariser:   filename: 20200312_193828!002.mp4
06-29 22:49:23.932  7670  9736 W Summariser:   active sections: 0
06-29 22:49:23.932  7670  9736 W Summariser:   time: 01.932s
06-29 22:49:23.932  7670  9736 W Summariser:   original duration: 16.01
06-29 22:49:23.932  7670  9736 W Summariser:   summarised duration: -1.00
06-29 22:49:23.932  7670  9736 W Summariser:   noise tolerance: 45.00
06-29 22:49:23.932  7670  9736 W Summariser:   quality: 23
06-29 22:49:23.932  7670  9736 W Summariser:   speed: medium
06-29 22:49:23.932  7670  9736 W Summariser:   freeze duration: 1.00
06-29 22:49:25.665  7670  7670 W NearbyFragment: Completed downloading 20200312_193828!003.mp4 from Endpoint{id=MHNk, name=Nexus 5X [34d8]} in 01.623s
06-29 22:49:27.283  7670  9763 W Summariser: No activity detected
06-29 22:49:27.328  7670  9763 W Summariser: Summarisation completed
06-29 22:49:27.328  7670  9763 W Summariser:   filename: 20200312_193828!003.mp4
06-29 22:49:27.328  7670  9763 W Summariser:   active sections: 0
06-29 22:49:27.328  7670  9763 W Summariser:   time: 01.553s
06-29 22:49:27.328  7670  9763 W Summariser:   original duration: 12.01
06-29 22:49:27.328  7670  9763 W Summariser:   summarised duration: -1.00
06-29 22:49:27.328  7670  9763 W Summariser:   noise tolerance: 45.00
06-29 22:49:27.328  7670  9763 W Summariser:   quality: 23
06-29 22:49:27.328  7670  9763 W Summariser:   speed: medium
06-29 22:49:27.328  7670  9763 W Summariser:   freeze duration: 1.00
06-29 22:49:32.642  7670  7670 W NearbyFragment: Completed downloading 20200312_193928!001.mp4 from Endpoint{id=MHNk, name=Nexus 5X [34d8]} in 04.909s
06-29 22:49:34.733  7670  9797 W Summariser: No activity detected
06-29 22:49:34.795  7670  9797 W Summariser: Summarisation completed
06-29 22:49:34.795  7670  9797 W Summariser:   filename: 20200312_193928!001.mp4
06-29 22:49:34.795  7670  9797 W Summariser:   active sections: 0
06-29 22:49:34.795  7670  9797 W Summariser:   time: 02.023s
06-29 22:49:34.795  7670  9797 W Summariser:   original duration: 16.05
06-29 22:49:34.795  7670  9797 W Summariser:   summarised duration: -1.00
06-29 22:49:34.795  7670  9797 W Summariser:   noise tolerance: 45.00
06-29 22:49:34.795  7670  9797 W Summariser:   quality: 23
06-29 22:49:34.795  7670  9797 W Summariser:   speed: medium
06-29 22:49:34.795  7670  9797 W Summariser:   freeze duration: 1.00
06-29 22:49:36.886  7670  7670 W NearbyFragment: Completed downloading 20200312_193928!002.mp4 from Endpoint{id=MHNk, name=Nexus 5X [34d8]} in 01.934s
06-29 22:49:38.914  7670  9825 W Summariser: No activity detected
06-29 22:49:38.960  7670  9825 W Summariser: Summarisation completed
06-29 22:49:38.960  7670  9825 W Summariser:   filename: 20200312_193928!002.mp4
06-29 22:49:38.960  7670  9825 W Summariser:   active sections: 0
06-29 22:49:38.960  7670  9825 W Summariser:   time: 01.949s
06-29 22:49:38.960  7670  9825 W Summariser:   original duration: 16.06
06-29 22:49:38.960  7670  9825 W Summariser:   summarised duration: -1.00
06-29 22:49:38.960  7670  9825 W Summariser:   noise tolerance: 45.00
06-29 22:49:38.960  7670  9825 W Summariser:   quality: 23
06-29 22:49:38.960  7670  9825 W Summariser:   speed: medium
06-29 22:49:38.960  7670  9825 W Summariser:   freeze duration: 1.00
06-29 22:49:59.510  7670  7670 W NearbyFragment: Completed downloading 20200312_194129!000.mp4 from Endpoint{id=MHNk, name=Nexus 5X [34d8]} in 02.070s
06-29 22:50:01.534  7670  9975 W Summariser: No activity detected
06-29 22:50:01.578  7670  9975 W Summariser: Summarisation completed
06-29 22:50:01.578  7670  9975 W Summariser:   filename: 20200312_194129!000.mp4
06-29 22:50:01.578  7670  9975 W Summariser:   active sections: 0
06-29 22:50:01.578  7670  9975 W Summariser:   time: 01.964s
06-29 22:50:01.578  7670  9975 W Summariser:   original duration: 16.07
06-29 22:50:01.578  7670  9975 W Summariser:   summarised duration: -1.00
06-29 22:50:01.578  7670  9975 W Summariser:   noise tolerance: 45.00
06-29 22:50:01.578  7670  9975 W Summariser:   quality: 23
06-29 22:50:01.578  7670  9975 W Summariser:   speed: medium
06-29 22:50:01.578  7670  9975 W Summariser:   freeze duration: 1.00
06-29 22:50:03.410  7670  7670 W NearbyFragment: Completed downloading 20200312_194129!001.mp4 from Endpoint{id=MHNk, name=Nexus 5X [34d8]} in 01.766s
06-29 22:50:05.549  7670 10020 W Summariser: 1 active sections found
06-29 22:50:09.907  7670 10020 W Summariser: Summarisation completed
06-29 22:50:09.907  7670 10020 W Summariser:   filename: 20200312_194129!001.mp4
06-29 22:50:09.907  7670 10020 W Summariser:   active sections: 1
06-29 22:50:09.907  7670 10020 W Summariser:   time: 06.348s
06-29 22:50:09.907  7670 10020 W Summariser:   original duration: 16.02
06-29 22:50:09.907  7670 10020 W Summariser:   summarised duration: 2.97
06-29 22:50:09.907  7670 10020 W Summariser:   noise tolerance: 45.00
06-29 22:50:09.907  7670 10020 W Summariser:   quality: 23
06-29 22:50:09.907  7670 10020 W Summariser:   speed: medium
06-29 22:50:09.907  7670 10020 W Summariser:   freeze duration: 1.00
06-29 22:50:09.984  7670 10020 W NearbyFragment: Sending 20200312_194129!001.mp4 to Nexus 5X [34d8]
06-29 22:50:12.590  7670  7670 W NearbyFragment: Completed downloading 20200312_194129!002.mp4 from Endpoint{id=MHNk, name=Nexus 5X [34d8]} in 02.431s
06-29 22:50:14.670  7670 10082 W Summariser: 1 active sections found
06-29 22:50:21.548  7670 10082 W Summariser: Summarisation completed
06-29 22:50:21.548  7670 10082 W Summariser:   filename: 20200312_194129!002.mp4
06-29 22:50:21.548  7670 10082 W Summariser:   active sections: 1
06-29 22:50:21.548  7670 10082 W Summariser:   time: 08.781s
06-29 22:50:21.548  7670 10082 W Summariser:   original duration: 16.01
06-29 22:50:21.548  7670 10082 W Summariser:   summarised duration: 7.37
06-29 22:50:21.548  7670 10082 W Summariser:   noise tolerance: 45.00
06-29 22:50:21.548  7670 10082 W Summariser:   quality: 23
06-29 22:50:21.548  7670 10082 W Summariser:   speed: medium
06-29 22:50:21.548  7670 10082 W Summariser:   freeze duration: 1.00
06-29 22:50:21.627  7670 10082 W NearbyFragment: Sending 20200312_194129!002.mp4 to Nexus 5X [34d8]
06-29 22:50:25.736  7670  7670 W NearbyFragment: Completed downloading 20200312_194129!003.mp4 from Endpoint{id=MHNk, name=Nexus 5X [34d8]} in 04.037s
06-29 22:50:27.399  7670 10146 W Summariser: 1 active sections found
06-29 22:50:28.477  7670 10146 W Summariser: Summarisation completed
06-29 22:50:28.477  7670 10146 W Summariser:   filename: 20200312_194129!003.mp4
06-29 22:50:28.477  7670 10146 W Summariser:   active sections: 1
06-29 22:50:28.477  7670 10146 W Summariser:   time: 02.527s
06-29 22:50:28.477  7670 10146 W Summariser:   original duration: 12.03
06-29 22:50:28.477  7670 10146 W Summariser:   summarised duration: 0.70
06-29 22:50:28.477  7670 10146 W Summariser:   noise tolerance: 45.00
06-29 22:50:28.477  7670 10146 W Summariser:   quality: 23
06-29 22:50:28.477  7670 10146 W Summariser:   speed: medium
06-29 22:50:28.477  7670 10146 W Summariser:   freeze duration: 1.00
06-29 22:50:28.545  7670 10146 W NearbyFragment: Sending 20200312_194129!003.mp4 to Nexus 5X [34d8]
06-29 22:50:33.018  7670  7684 W System  : A resource failed to call close. 
06-29 22:50:33.021  7670  7684 W System  : A resource failed to call close. 
06-29 22:50:35.070  7670  7670 W NearbyFragment: Completed downloading 20200312_194229!001.mp4 from Endpoint{id=MHNk, name=Nexus 5X [34d8]} in 06.477s
06-29 22:50:37.111  7670 10289 W Summariser: 2 active sections found
06-29 22:50:45.920  7670 10289 W Summariser: Summarisation completed
06-29 22:50:45.920  7670 10289 W Summariser:   filename: 20200312_194229!001.mp4
06-29 22:50:45.920  7670 10289 W Summariser:   active sections: 2
06-29 22:50:45.920  7670 10289 W Summariser:   time: 10.682s
06-29 22:50:45.920  7670 10289 W Summariser:   original duration: 16.01
06-29 22:50:45.920  7670 10289 W Summariser:   summarised duration: 8.74
06-29 22:50:45.920  7670 10289 W Summariser:   noise tolerance: 45.00
06-29 22:50:45.920  7670 10289 W Summariser:   quality: 23
06-29 22:50:45.920  7670 10289 W Summariser:   speed: medium
06-29 22:50:45.920  7670 10289 W Summariser:   freeze duration: 1.00
06-29 22:50:46.006  7670 10289 W NearbyFragment: Sending 20200312_194229!001.mp4 to Nexus 5X [34d8]
06-29 22:50:48.098  7670  7670 W NearbyFragment: Completed downloading 20200312_194229!002.mp4 from Endpoint{id=MHNk, name=Nexus 5X [34d8]} in 01.938s
06-29 22:50:50.152  7670 10378 W Summariser: No activity detected
06-29 22:50:50.208  7670 10378 W Summariser: Summarisation completed
06-29 22:50:50.208  7670 10378 W Summariser:   filename: 20200312_194229!002.mp4
06-29 22:50:50.208  7670 10378 W Summariser:   active sections: 0
06-29 22:50:50.208  7670 10378 W Summariser:   time: 01.968s
06-29 22:50:50.208  7670 10378 W Summariser:   original duration: 16.01
06-29 22:50:50.208  7670 10378 W Summariser:   summarised duration: -1.00
06-29 22:50:50.208  7670 10378 W Summariser:   noise tolerance: 45.00
06-29 22:50:50.208  7670 10378 W Summariser:   quality: 23
06-29 22:50:50.208  7670 10378 W Summariser:   speed: medium
06-29 22:50:50.208  7670 10378 W Summariser:   freeze duration: 1.00
06-29 22:50:51.918  7670  7670 W NearbyFragment: Completed downloading 20200312_194229!003.mp4 from Endpoint{id=MHNk, name=Nexus 5X [34d8]} in 01.656s
06-29 22:50:53.426  7670 10407 W Summariser: No activity detected
06-29 22:50:53.471  7670 10407 W Summariser: Summarisation completed
06-29 22:50:53.471  7670 10407 W Summariser:   filename: 20200312_194229!003.mp4
06-29 22:50:53.471  7670 10407 W Summariser:   active sections: 0
06-29 22:50:53.471  7670 10407 W Summariser:   time: 01.427s
06-29 22:50:53.471  7670 10407 W Summariser:   original duration: 11.98
06-29 22:50:53.471  7670 10407 W Summariser:   summarised duration: -1.00
06-29 22:50:53.471  7670 10407 W Summariser:   noise tolerance: 45.00
06-29 22:50:53.471  7670 10407 W Summariser:   quality: 23
06-29 22:50:53.471  7670 10407 W Summariser:   speed: medium
06-29 22:50:53.471  7670 10407 W Summariser:   freeze duration: 1.00
06-29 22:50:58.198  7670  7670 W NearbyFragment: Completed downloading 20200312_194330!000.mp4 from Endpoint{id=MHNk, name=Nexus 5X [34d8]} in 02.054s
06-29 22:51:00.230  7670 10437 W Summariser: No activity detected
06-29 22:51:00.274  7670 10437 W Summariser: Summarisation completed
06-29 22:51:00.274  7670 10437 W Summariser:   filename: 20200312_194330!000.mp4
06-29 22:51:00.274  7670 10437 W Summariser:   active sections: 0
06-29 22:51:00.274  7670 10437 W Summariser:   time: 01.950s
06-29 22:51:00.274  7670 10437 W Summariser:   original duration: 16.07
06-29 22:51:00.274  7670 10437 W Summariser:   summarised duration: -1.00
06-29 22:51:00.274  7670 10437 W Summariser:   noise tolerance: 45.00
06-29 22:51:00.274  7670 10437 W Summariser:   quality: 23
06-29 22:51:00.274  7670 10437 W Summariser:   speed: medium
06-29 22:51:00.274  7670 10437 W Summariser:   freeze duration: 1.00
06-29 22:51:03.118  7670  7670 W NearbyFragment: Completed downloading 20200312_194330!002.mp4 from Endpoint{id=MHNk, name=Nexus 5X [34d8]} in 02.596s
06-29 22:51:05.083  7670 10469 W Summariser: No activity detected
06-29 22:51:05.141  7670 10469 W Summariser: Summarisation completed
06-29 22:51:05.141  7670 10469 W Summariser:   filename: 20200312_194330!002.mp4
06-29 22:51:05.141  7670 10469 W Summariser:   active sections: 0
06-29 22:51:05.141  7670 10469 W Summariser:   time: 01.896s
06-29 22:51:05.141  7670 10469 W Summariser:   original duration: 16.01
06-29 22:51:05.141  7670 10469 W Summariser:   summarised duration: -1.00
06-29 22:51:05.141  7670 10469 W Summariser:   noise tolerance: 45.00
06-29 22:51:05.141  7670 10469 W Summariser:   quality: 23
06-29 22:51:05.141  7670 10469 W Summariser:   speed: medium
06-29 22:51:05.141  7670 10469 W Summariser:   freeze duration: 1.00
06-29 22:51:06.718  7670  7670 W NearbyFragment: Completed downloading 20200312_194330!003.mp4 from Endpoint{id=MHNk, name=Nexus 5X [34d8]} in 01.381s
06-29 22:51:08.372  7670 10532 W Summariser: No activity detected
06-29 22:51:08.419  7670 10532 W Summariser: Summarisation completed
06-29 22:51:08.419  7670 10532 W Summariser:   filename: 20200312_194330!003.mp4
06-29 22:51:08.419  7670 10532 W Summariser:   active sections: 0
06-29 22:51:08.419  7670 10532 W Summariser:   time: 01.583s
06-29 22:51:08.419  7670 10532 W Summariser:   original duration: 12.01
06-29 22:51:08.419  7670 10532 W Summariser:   summarised duration: -1.00
06-29 22:51:08.419  7670 10532 W Summariser:   noise tolerance: 45.00
06-29 22:51:08.419  7670 10532 W Summariser:   quality: 23
06-29 22:51:08.419  7670 10532 W Summariser:   speed: medium
06-29 22:51:08.419  7670 10532 W Summariser:   freeze duration: 1.00
06-29 22:51:27.119  7670  7670 W NearbyFragment: Completed downloading 20200312_194730!000.mp4 from Endpoint{id=MHNk, name=Nexus 5X [34d8]} in 01.789s
06-29 22:51:29.186  7670 10568 W Summariser: No activity detected
06-29 22:51:29.230  7670 10568 W Summariser: Summarisation completed
06-29 22:51:29.230  7670 10568 W Summariser:   filename: 20200312_194730!000.mp4
06-29 22:51:29.230  7670 10568 W Summariser:   active sections: 0
06-29 22:51:29.230  7670 10568 W Summariser:   time: 02.006s
06-29 22:51:29.230  7670 10568 W Summariser:   original duration: 16.07
06-29 22:51:29.230  7670 10568 W Summariser:   summarised duration: -1.00
06-29 22:51:29.230  7670 10568 W Summariser:   noise tolerance: 45.00
06-29 22:51:29.230  7670 10568 W Summariser:   quality: 23
06-29 22:51:29.230  7670 10568 W Summariser:   speed: medium
06-29 22:51:29.230  7670 10568 W Summariser:   freeze duration: 1.00
06-29 22:51:31.225  7670  7670 W NearbyFragment: Completed downloading 20200312_194730!001.mp4 from Endpoint{id=MHNk, name=Nexus 5X [34d8]} in 01.804s
06-29 22:51:33.277  7670 10602 W Summariser: No activity detected
06-29 22:51:33.334  7670 10602 W Summariser: Summarisation completed
06-29 22:51:33.334  7670 10602 W Summariser:   filename: 20200312_194730!001.mp4
06-29 22:51:33.334  7670 10602 W Summariser:   active sections: 0
06-29 22:51:33.334  7670 10602 W Summariser:   time: 01.945s
06-29 22:51:33.334  7670 10602 W Summariser:   original duration: 16.02
06-29 22:51:33.334  7670 10602 W Summariser:   summarised duration: -1.00
06-29 22:51:33.334  7670 10602 W Summariser:   noise tolerance: 45.00
06-29 22:51:33.334  7670 10602 W Summariser:   quality: 23
06-29 22:51:33.334  7670 10602 W Summariser:   speed: medium
06-29 22:51:33.334  7670 10602 W Summariser:   freeze duration: 1.00
06-29 22:51:33.831  7670  7684 W System  : A resource failed to call close. 
06-29 22:51:33.838  7670  7684 W System  : A resource failed to call close. 
06-29 22:51:35.781  7670  7670 W NearbyFragment: Completed downloading 20200312_194730!002.mp4 from Endpoint{id=MHNk, name=Nexus 5X [34d8]} in 02.375s
06-29 22:51:37.768  7670 10650 W Summariser: No activity detected
06-29 22:51:37.824  7670 10650 W Summariser: Summarisation completed
06-29 22:51:37.824  7670 10650 W Summariser:   filename: 20200312_194730!002.mp4
06-29 22:51:37.824  7670 10650 W Summariser:   active sections: 0
06-29 22:51:37.824  7670 10650 W Summariser:   time: 01.901s
06-29 22:51:37.824  7670 10650 W Summariser:   original duration: 16.01
06-29 22:51:37.824  7670 10650 W Summariser:   summarised duration: -1.00
06-29 22:51:37.824  7670 10650 W Summariser:   noise tolerance: 45.00
06-29 22:51:37.824  7670 10650 W Summariser:   quality: 23
06-29 22:51:37.824  7670 10650 W Summariser:   speed: medium
06-29 22:51:37.824  7670 10650 W Summariser:   freeze duration: 1.00
06-29 22:51:41.034  7670  7670 W NearbyFragment: Completed downloading 20200312_194730!003.mp4 from Endpoint{id=MHNk, name=Nexus 5X [34d8]} in 03.144s
06-29 22:51:42.740  7670 10679 W Summariser: No activity detected
06-29 22:51:42.785  7670 10679 W Summariser: Summarisation completed
06-29 22:51:42.785  7670 10679 W Summariser:   filename: 20200312_194730!003.mp4
06-29 22:51:42.785  7670 10679 W Summariser:   active sections: 0
06-29 22:51:42.785  7670 10679 W Summariser:   time: 01.619s
06-29 22:51:42.785  7670 10679 W Summariser:   original duration: 12.03
06-29 22:51:42.785  7670 10679 W Summariser:   summarised duration: -1.00
06-29 22:51:42.785  7670 10679 W Summariser:   noise tolerance: 45.00
06-29 22:51:42.785  7670 10679 W Summariser:   quality: 23
06-29 22:51:42.785  7670 10679 W Summariser:   speed: medium
06-29 22:51:42.785  7670 10679 W Summariser:   freeze duration: 1.00
06-29 22:51:56.716  7670  7670 W NearbyFragment: Completed downloading 20200312_194830!000.mp4 from Endpoint{id=MHNk, name=Nexus 5X [34d8]} in 01.783s
06-29 22:51:58.851  7670 10711 W Summariser: 1 active sections found
06-29 22:52:03.980  7670 10711 W Summariser: Summarisation completed
06-29 22:52:03.980  7670 10711 W Summariser:   filename: 20200312_194830!000.mp4
06-29 22:52:03.980  7670 10711 W Summariser:   active sections: 1
06-29 22:52:03.980  7670 10711 W Summariser:   time: 07.121s
06-29 22:52:03.980  7670 10711 W Summariser:   original duration: 16.06
06-29 22:52:03.980  7670 10711 W Summariser:   summarised duration: 3.97
06-29 22:52:03.980  7670 10711 W Summariser:   noise tolerance: 45.00
06-29 22:52:03.980  7670 10711 W Summariser:   quality: 23
06-29 22:52:03.980  7670 10711 W Summariser:   speed: medium
06-29 22:52:03.980  7670 10711 W Summariser:   freeze duration: 1.00
06-29 22:52:04.052  7670 10711 W NearbyFragment: Sending 20200312_194830!000.mp4 to Nexus 5X [34d8]
06-29 22:52:06.382  7670  7670 W NearbyFragment: Completed downloading 20200312_194830!001.mp4 from Endpoint{id=MHNk, name=Nexus 5X [34d8]} in 02.168s
06-29 22:52:08.701  7670 10797 W Summariser: 2 active sections found
06-29 22:52:17.148  7670 10797 W Summariser: Summarisation completed
06-29 22:52:17.148  7670 10797 W Summariser:   filename: 20200312_194830!001.mp4
06-29 22:52:17.148  7670 10797 W Summariser:   active sections: 2
06-29 22:52:17.148  7670 10797 W Summariser:   time: 10.555s
06-29 22:52:17.148  7670 10797 W Summariser:   original duration: 16.01
06-29 22:52:17.148  7670 10797 W Summariser:   summarised duration: 8.10
06-29 22:52:17.148  7670 10797 W Summariser:   noise tolerance: 45.00
06-29 22:52:17.148  7670 10797 W Summariser:   quality: 23
06-29 22:52:17.148  7670 10797 W Summariser:   speed: medium
06-29 22:52:17.148  7670 10797 W Summariser:   freeze duration: 1.00
06-29 22:52:17.264  7670 10797 W NearbyFragment: Sending 20200312_194830!001.mp4 to Nexus 5X [34d8]
06-29 22:52:19.498  7670  7670 W NearbyFragment: Completed downloading 20200312_194830!002.mp4 from Endpoint{id=MHNk, name=Nexus 5X [34d8]} in 02.126s
06-29 22:52:21.703  7670 10887 W Summariser: 2 active sections found
06-29 22:52:31.024  7670 10887 W Summariser: Summarisation completed
06-29 22:52:31.024  7670 10887 W Summariser:   filename: 20200312_194830!002.mp4
06-29 22:52:31.024  7670 10887 W Summariser:   active sections: 2
06-29 22:52:31.024  7670 10887 W Summariser:   time: 11.336s
06-29 22:52:31.024  7670 10887 W Summariser:   original duration: 16.01
06-29 22:52:31.024  7670 10887 W Summariser:   summarised duration: 8.84
06-29 22:52:31.024  7670 10887 W Summariser:   noise tolerance: 45.00
06-29 22:52:31.024  7670 10887 W Summariser:   quality: 23
06-29 22:52:31.024  7670 10887 W Summariser:   speed: medium
06-29 22:52:31.024  7670 10887 W Summariser:   freeze duration: 1.00
06-29 22:52:31.112  7670 10887 W NearbyFragment: Sending 20200312_194830!002.mp4 to Nexus 5X [34d8]
06-29 22:52:34.150  7670  7670 W NearbyFragment: Completed downloading 20200312_194930!000.mp4 from Endpoint{id=MHNk, name=Nexus 5X [34d8]} in 02.933s
06-29 22:52:36.452  7670 10966 W Summariser: 1 active sections found
06-29 22:52:47.534  7670 10966 W Summariser: Summarisation completed
06-29 22:52:47.534  7670 10966 W Summariser:   filename: 20200312_194930!000.mp4
06-29 22:52:47.534  7670 10966 W Summariser:   active sections: 1
06-29 22:52:47.534  7670 10966 W Summariser:   time: 13.215s
06-29 22:52:47.534  7670 10966 W Summariser:   original duration: 16.07
06-29 22:52:47.534  7670 10966 W Summariser:   summarised duration: 9.36
06-29 22:52:47.534  7670 10966 W Summariser:   noise tolerance: 45.00
06-29 22:52:47.534  7670 10966 W Summariser:   quality: 23
06-29 22:52:47.534  7670 10966 W Summariser:   speed: medium
06-29 22:52:47.534  7670 10966 W Summariser:   freeze duration: 1.00
06-29 22:52:47.605  7670 10966 W NearbyFragment: Sending 20200312_194930!000.mp4 to Nexus 5X [34d8]
06-29 22:52:50.433  7670  7670 W NearbyFragment: Completed downloading 20200312_194930!002.mp4 from Endpoint{id=MHNk, name=Nexus 5X [34d8]} in 02.550s
06-29 22:52:52.461  7670 11054 W Summariser: No activity detected
06-29 22:52:52.517  7670 11054 W Summariser: Summarisation completed
06-29 22:52:52.517  7670 11054 W Summariser:   filename: 20200312_194930!002.mp4
06-29 22:52:52.517  7670 11054 W Summariser:   active sections: 0
06-29 22:52:52.517  7670 11054 W Summariser:   time: 01.972s
06-29 22:52:52.517  7670 11054 W Summariser:   original duration: 16.01
06-29 22:52:52.517  7670 11054 W Summariser:   summarised duration: -1.00
06-29 22:52:52.517  7670 11054 W Summariser:   noise tolerance: 45.00
06-29 22:52:52.517  7670 11054 W Summariser:   quality: 23
06-29 22:52:52.517  7670 11054 W Summariser:   speed: medium
06-29 22:52:52.517  7670 11054 W Summariser:   freeze duration: 1.00
06-29 22:52:52.549  7670  7684 W System  : A resource failed to call close. 
06-29 22:52:52.551  7670  7684 W System  : A resource failed to call close. 
06-29 22:53:02.677  7670  7670 W NearbyFragment: Completed downloading 20200312_195230!000.mp4 from Endpoint{id=MHNk, name=Nexus 5X [34d8]} in 01.716s
06-29 22:53:04.717  7670 11087 W Summariser: No activity detected
06-29 22:53:04.762  7670 11087 W Summariser: Summarisation completed
06-29 22:53:04.762  7670 11087 W Summariser:   filename: 20200312_195230!000.mp4
06-29 22:53:04.762  7670 11087 W Summariser:   active sections: 0
06-29 22:53:04.762  7670 11087 W Summariser:   time: 01.990s
06-29 22:53:04.762  7670 11087 W Summariser:   original duration: 16.07
06-29 22:53:04.762  7670 11087 W Summariser:   summarised duration: -1.00
06-29 22:53:04.762  7670 11087 W Summariser:   noise tolerance: 45.00
06-29 22:53:04.762  7670 11087 W Summariser:   quality: 23
06-29 22:53:04.762  7670 11087 W Summariser:   speed: medium
06-29 22:53:04.762  7670 11087 W Summariser:   freeze duration: 1.00
06-29 22:53:07.045  7670  7670 W NearbyFragment: Completed downloading 20200312_195230!001.mp4 from Endpoint{id=MHNk, name=Nexus 5X [34d8]} in 02.221s
06-29 22:53:09.061  7670 11121 W Summariser: 1 active sections found
06-29 22:53:16.724  7670 11121 W Summariser: Summarisation completed
06-29 22:53:16.724  7670 11121 W Summariser:   filename: 20200312_195230!001.mp4
06-29 22:53:16.724  7670 11121 W Summariser:   active sections: 1
06-29 22:53:16.724  7670 11121 W Summariser:   time: 09.535s
06-29 22:53:16.724  7670 11121 W Summariser:   original duration: 16.01
06-29 22:53:16.724  7670 11121 W Summariser:   summarised duration: 6.97
06-29 22:53:16.724  7670 11121 W Summariser:   noise tolerance: 45.00
06-29 22:53:16.724  7670 11121 W Summariser:   quality: 23
06-29 22:53:16.724  7670 11121 W Summariser:   speed: medium
06-29 22:53:16.724  7670 11121 W Summariser:   freeze duration: 1.00
06-29 22:53:16.787  7670 11121 W NearbyFragment: Sending 20200312_195230!001.mp4 to Nexus 5X [34d8]
06-29 22:53:19.113  7670  7670 W NearbyFragment: Completed downloading 20200312_195230!002.mp4 from Endpoint{id=MHNk, name=Nexus 5X [34d8]} in 02.235s
06-29 22:53:21.275  7670 11185 W Summariser: No activity detected
06-29 22:53:21.331  7670 11185 W Summariser: Summarisation completed
06-29 22:53:21.331  7670 11185 W Summariser:   filename: 20200312_195230!002.mp4
06-29 22:53:21.331  7670 11185 W Summariser:   active sections: 0
06-29 22:53:21.331  7670 11185 W Summariser:   time: 02.070s
06-29 22:53:21.331  7670 11185 W Summariser:   original duration: 16.01
06-29 22:53:21.331  7670 11185 W Summariser:   summarised duration: -1.00
06-29 22:53:21.331  7670 11185 W Summariser:   noise tolerance: 45.00
06-29 22:53:21.331  7670 11185 W Summariser:   quality: 23
06-29 22:53:21.331  7670 11185 W Summariser:   speed: medium
06-29 22:53:21.331  7670 11185 W Summariser:   freeze duration: 1.00
06-29 22:53:22.956  7670  7670 W NearbyFragment: Completed downloading 20200312_195230!003.mp4 from Endpoint{id=MHNk, name=Nexus 5X [34d8]} in 01.546s
06-29 22:53:24.477  7670 11212 W Summariser: No activity detected
06-29 22:53:24.522  7670 11212 W Summariser: Summarisation completed
06-29 22:53:24.522  7670 11212 W Summariser:   filename: 20200312_195230!003.mp4
06-29 22:53:24.522  7670 11212 W Summariser:   active sections: 0
06-29 22:53:24.522  7670 11212 W Summariser:   time: 01.470s
06-29 22:53:24.522  7670 11212 W Summariser:   original duration: 12.01
06-29 22:53:24.522  7670 11212 W Summariser:   summarised duration: -1.00
06-29 22:53:24.522  7670 11212 W Summariser:   noise tolerance: 45.00
06-29 22:53:24.522  7670 11212 W Summariser:   quality: 23
06-29 22:53:24.522  7670 11212 W Summariser:   speed: medium
06-29 22:53:24.522  7670 11212 W Summariser:   freeze duration: 1.00
06-29 22:53:33.539  7670  7670 W NearbyFragment: Completed downloading 20200312_195330!000.mp4 from Endpoint{id=MHNk, name=Nexus 5X [34d8]} in 01.828s
06-29 22:53:35.650  7670 11240 W Summariser: 1 active sections found
06-29 22:53:38.439  7670 11240 W Summariser: Summarisation completed
06-29 22:53:38.439  7670 11240 W Summariser:   filename: 20200312_195330!000.mp4
06-29 22:53:38.439  7670 11240 W Summariser:   active sections: 1
06-29 22:53:38.439  7670 11240 W Summariser:   time: 04.754s
06-29 22:53:38.439  7670 11240 W Summariser:   original duration: 16.07
06-29 22:53:38.439  7670 11240 W Summariser:   summarised duration: 1.11
06-29 22:53:38.439  7670 11240 W Summariser:   noise tolerance: 45.00
06-29 22:53:38.439  7670 11240 W Summariser:   quality: 23
06-29 22:53:38.439  7670 11240 W Summariser:   speed: medium
06-29 22:53:38.439  7670 11240 W Summariser:   freeze duration: 1.00
06-29 22:53:38.530  7670 11240 W NearbyFragment: Sending 20200312_195330!000.mp4 to Nexus 5X [34d8]
06-29 22:53:41.513  7670  7670 W NearbyFragment: Completed downloading 20200312_195330!002.mp4 from Endpoint{id=MHNk, name=Nexus 5X [34d8]} in 02.867s
06-29 22:53:43.631  7670 11307 W Summariser: 2 active sections found
06-29 22:53:51.725  7670 11307 W Summariser: Summarisation completed
06-29 22:53:51.725  7670 11307 W Summariser:   filename: 20200312_195330!002.mp4
06-29 22:53:51.725  7670 11307 W Summariser:   active sections: 2
06-29 22:53:51.725  7670 11307 W Summariser:   time: 10.036s
06-29 22:53:51.725  7670 11307 W Summariser:   original duration: 16.01
06-29 22:53:51.725  7670 11307 W Summariser:   summarised duration: 9.07
06-29 22:53:51.725  7670 11307 W Summariser:   noise tolerance: 45.00
06-29 22:53:51.725  7670 11307 W Summariser:   quality: 23
06-29 22:53:51.725  7670 11307 W Summariser:   speed: medium
06-29 22:53:51.725  7670 11307 W Summariser:   freeze duration: 1.00
06-29 22:53:51.811  7670 11307 W NearbyFragment: Sending 20200312_195330!002.mp4 to Nexus 5X [34d8]
06-29 22:53:53.507  7670  7670 W NearbyFragment: Completed downloading 20200312_195330!003.mp4 from Endpoint{id=MHNk, name=Nexus 5X [34d8]} in 01.596s
06-29 22:53:55.132  7670 11373 W Summariser: 1 active sections found
06-29 22:53:58.895  7670 11373 W Summariser: Summarisation completed
06-29 22:53:58.895  7670 11373 W Summariser:   filename: 20200312_195330!003.mp4
06-29 22:53:58.895  7670 11373 W Summariser:   active sections: 1
06-29 22:53:58.895  7670 11373 W Summariser:   time: 05.224s
06-29 22:53:58.895  7670 11373 W Summariser:   original duration: 12.03
06-29 22:53:58.895  7670 11373 W Summariser:   summarised duration: 3.53
06-29 22:53:58.895  7670 11373 W Summariser:   noise tolerance: 45.00
06-29 22:53:58.895  7670 11373 W Summariser:   quality: 23
06-29 22:53:58.895  7670 11373 W Summariser:   speed: medium
06-29 22:53:58.895  7670 11373 W Summariser:   freeze duration: 1.00
06-29 22:53:58.929  7670 11373 W NearbyFragment: Sending 20200312_195330!003.mp4 to Nexus 5X [34d8]
06-29 22:54:06.523  7670  7684 W System  : A resource failed to call close. 
06-29 22:54:06.526  7670  7684 W System  : A resource failed to call close. 
06-29 22:54:06.526  7670  7684 W System  : A resource failed to call close. 
06-29 22:54:06.526  7670  7684 W System  : A resource failed to call close. 
06-29 22:54:07.449  7670  7670 W NearbyFragment: Completed downloading 20200312_195430!000.mp4 from Endpoint{id=MHNk, name=Nexus 5X [34d8]} in 01.759s
06-29 22:54:09.524  7670 11455 W Summariser: 1 active sections found
06-29 22:54:14.956  7670 11455 W Summariser: Summarisation completed
06-29 22:54:14.956  7670 11455 W Summariser:   filename: 20200312_195430!000.mp4
06-29 22:54:14.956  7670 11455 W Summariser:   active sections: 1
06-29 22:54:14.956  7670 11455 W Summariser:   time: 07.359s
06-29 22:54:14.956  7670 11455 W Summariser:   original duration: 16.06
06-29 22:54:14.956  7670 11455 W Summariser:   summarised duration: 5.34
06-29 22:54:14.956  7670 11455 W Summariser:   noise tolerance: 45.00
06-29 22:54:14.956  7670 11455 W Summariser:   quality: 23
06-29 22:54:14.956  7670 11455 W Summariser:   speed: medium
06-29 22:54:14.956  7670 11455 W Summariser:   freeze duration: 1.00
06-29 22:54:14.996  7670 11455 W NearbyFragment: Sending 20200312_195430!000.mp4 to Nexus 5X [34d8]
06-29 22:54:16.878  7670  7670 W NearbyFragment: Completed downloading 20200312_195430!001.mp4 from Endpoint{id=MHNk, name=Nexus 5X [34d8]} in 01.803s
06-29 22:54:18.947  7670 11522 W Summariser: 2 active sections found
06-29 22:54:24.885  7670 11522 W Summariser: Summarisation completed
06-29 22:54:24.885  7670 11522 W Summariser:   filename: 20200312_195430!001.mp4
06-29 22:54:24.885  7670 11522 W Summariser:   active sections: 2
06-29 22:54:24.885  7670 11522 W Summariser:   time: 07.851s
06-29 22:54:24.885  7670 11522 W Summariser:   original duration: 16.01
06-29 22:54:24.885  7670 11522 W Summariser:   summarised duration: 5.90
06-29 22:54:24.885  7670 11522 W Summariser:   noise tolerance: 45.00
06-29 22:54:24.885  7670 11522 W Summariser:   quality: 23
06-29 22:54:24.885  7670 11522 W Summariser:   speed: medium
06-29 22:54:24.885  7670 11522 W Summariser:   freeze duration: 1.00
06-29 22:54:24.946  7670 11522 W NearbyFragment: Sending 20200312_195430!001.mp4 to Nexus 5X [34d8]
06-29 22:54:29.442  7670  7670 W NearbyFragment: Completed downloading 20200312_195430!003.mp4 from Endpoint{id=MHNk, name=Nexus 5X [34d8]} in 04.365s
06-29 22:54:31.070  7670 11592 W Summariser: 1 active sections found
06-29 22:54:35.095  7670 11592 W Summariser: Summarisation completed
06-29 22:54:35.095  7670 11592 W Summariser:   filename: 20200312_195430!003.mp4
06-29 22:54:35.095  7670 11592 W Summariser:   active sections: 1
06-29 22:54:35.095  7670 11592 W Summariser:   time: 05.478s
06-29 22:54:35.095  7670 11592 W Summariser:   original duration: 11.98
06-29 22:54:35.095  7670 11592 W Summariser:   summarised duration: 4.54
06-29 22:54:35.095  7670 11592 W Summariser:   noise tolerance: 45.00
06-29 22:54:35.095  7670 11592 W Summariser:   quality: 23
06-29 22:54:35.095  7670 11592 W Summariser:   speed: medium
06-29 22:54:35.095  7670 11592 W Summariser:   freeze duration: 1.00
06-29 22:54:35.169  7670 11592 W NearbyFragment: Sending 20200312_195430!003.mp4 to Nexus 5X [34d8]
