--------- beginning of main
--------- beginning of system
06-28 22:05:58.471  8146  8146 W LogFactory: Truncating log tag length as it exceed 23, the limit imposed by Android on certain API Levels
06-28 22:06:04.329  8146  8146 E TransferService: No notification is passed in the intent. Unable to transition to foreground.
06-28 22:06:04.442  8146  8146 W StaticLayout: maxLineHeight should not be -1.  maxLines:1 lineCount:1
06-28 22:06:04.473  8146  8146 W StaticLayout: maxLineHeight should not be -1.  maxLines:1 lineCount:1
06-28 22:06:04.527  8146  8146 W StaticLayout: maxLineHeight should not be -1.  maxLines:1 lineCount:1
06-28 22:06:04.529  8146  8192 W Adreno-EGL: <qeglDrvAPI_eglGetConfigAttrib:607>: EGL_BAD_ATTRIBUTE
06-28 22:06:04.534  8146  8192 W Adreno-EGL: <qeglDrvAPI_eglGetConfigAttrib:607>: EGL_BAD_ATTRIBUTE
06-28 22:06:04.540  8146  8146 W StaticLayout: maxLineHeight should not be -1.  maxLines:1 lineCount:1
06-28 22:07:08.001  8146  8192 W Adreno-EGL: <qeglDrvAPI_eglGetConfigAttrib:607>: EGL_BAD_ATTRIBUTE
06-28 22:07:12.357  8146  8192 W Adreno-EGL: <qeglDrvAPI_eglGetConfigAttrib:607>: EGL_BAD_ATTRIBUTE
06-28 22:08:52.999  8146  8146 W NearbyFragment: Completed downloading 20200312_150643!001.mp4 from Endpoint{id=jKt9, name=Nexus 5X [34d8]} in 05.889s
06-28 22:08:59.116  8146  8611 W Summariser: No activity detected
06-28 22:08:59.235  8146  8611 W Summariser: Summarisation completed
06-28 22:08:59.235  8146  8611 W Summariser:   filename: 20200312_150643!001.mp4
06-28 22:08:59.235  8146  8611 W Summariser:   active sections: 0
06-28 22:08:59.235  8146  8611 W Summariser:   time: 06.033s
06-28 22:08:59.235  8146  8611 W Summariser:   original duration: 16.01
06-28 22:08:59.235  8146  8611 W Summariser:   noise tolerance: 45.00
06-28 22:08:59.235  8146  8611 W Summariser:   quality: 23
06-28 22:08:59.235  8146  8611 W Summariser:   speed: medium
06-28 22:08:59.235  8146  8611 W Summariser:   freeze duration: 1.00
06-28 22:09:17.253  8146  8146 W NearbyFragment: Completed downloading 20200312_150744!000.mp4 from Endpoint{id=jKt9, name=Nexus 5X [34d8]} in 02.757s
06-28 22:09:23.262  8146  8662 W Summariser: No activity detected
06-28 22:09:23.329  8146  8662 W Summariser: Summarisation completed
06-28 22:09:23.329  8146  8662 W Summariser:   filename: 20200312_150744!000.mp4
06-28 22:09:23.329  8146  8662 W Summariser:   active sections: 0
06-28 22:09:23.329  8146  8662 W Summariser:   time: 05.971s
06-28 22:09:23.329  8146  8662 W Summariser:   original duration: 16.07
06-28 22:09:23.329  8146  8662 W Summariser:   noise tolerance: 45.00
06-28 22:09:23.329  8146  8662 W Summariser:   quality: 23
06-28 22:09:23.329  8146  8662 W Summariser:   speed: medium
06-28 22:09:23.329  8146  8662 W Summariser:   freeze duration: 1.00
06-28 22:09:32.756  8146  8146 W NearbyFragment: Completed downloading 20200312_150744!002.mp4 from Endpoint{id=jKt9, name=Nexus 5X [34d8]} in 03.306s
06-28 22:09:38.833  8146  8727 W Summariser: No activity detected
06-28 22:09:38.961  8146  8727 W Summariser: Summarisation completed
06-28 22:09:38.961  8146  8727 W Summariser:   filename: 20200312_150744!002.mp4
06-28 22:09:38.961  8146  8727 W Summariser:   active sections: 0
06-28 22:09:38.961  8146  8727 W Summariser:   time: 06.025s
06-28 22:09:38.961  8146  8727 W Summariser:   original duration: 16.01
06-28 22:09:38.961  8146  8727 W Summariser:   noise tolerance: 45.00
06-28 22:09:38.961  8146  8727 W Summariser:   quality: 23
06-28 22:09:38.961  8146  8727 W Summariser:   speed: medium
06-28 22:09:38.961  8146  8727 W Summariser:   freeze duration: 1.00
06-28 22:09:46.839  8146  8146 W NearbyFragment: Completed downloading 20200312_150844!000.mp4 from Endpoint{id=jKt9, name=Nexus 5X [34d8]} in 03.848s
06-28 22:09:52.708  8146  8785 W Summariser: Whole video is active
06-28 22:09:54.041  8146  8785 W Summariser: Summarisation completed
06-28 22:09:54.041  8146  8785 W Summariser:   filename: 20200312_150844!000.mp4
06-28 22:09:54.041  8146  8785 W Summariser:   active sections: -1
06-28 22:09:54.041  8146  8785 W Summariser:   time: 07.022s
06-28 22:09:54.041  8146  8785 W Summariser:   original duration: 16.06
06-28 22:09:54.041  8146  8785 W Summariser:   summarised duration: 16.06
06-28 22:09:54.041  8146  8785 W Summariser:   noise tolerance: 45.00
06-28 22:09:54.041  8146  8785 W Summariser:   quality: 23
06-28 22:09:54.041  8146  8785 W Summariser:   speed: medium
06-28 22:09:54.041  8146  8785 W Summariser:   freeze duration: 1.00
06-28 22:09:54.058  8146  8785 W NearbyFragment: Sending 20200312_150844!000.mp4 to Nexus 5X [34d8]
06-28 22:10:02.180  8146  8146 W NearbyFragment: Completed downloading 20200312_150844!003.mp4 from Endpoint{id=jKt9, name=Nexus 5X [34d8]} in 07.866s
06-28 22:10:07.317  8146  8858 W Summariser: Whole video is active
06-28 22:10:08.369  8146  8858 W Summariser: Summarisation completed
06-28 22:10:08.369  8146  8858 W Summariser:   filename: 20200312_150844!003.mp4
06-28 22:10:08.369  8146  8858 W Summariser:   active sections: -1
06-28 22:10:08.369  8146  8858 W Summariser:   time: 05.990s
06-28 22:10:08.369  8146  8858 W Summariser:   original duration: 11.98
06-28 22:10:08.369  8146  8858 W Summariser:   summarised duration: 11.98
06-28 22:10:08.369  8146  8858 W Summariser:   noise tolerance: 45.00
06-28 22:10:08.369  8146  8858 W Summariser:   quality: 23
06-28 22:10:08.369  8146  8858 W Summariser:   speed: medium
06-28 22:10:08.369  8146  8858 W Summariser:   freeze duration: 1.00
06-28 22:10:08.390  8146  8858 W NearbyFragment: Sending 20200312_150844!003.mp4 to Nexus 5X [34d8]
06-28 22:10:33.174  8146  8146 W NearbyFragment: Completed downloading 20200312_150944!001.mp4 from Endpoint{id=jKt9, name=Nexus 5X [34d8]} in 03.495s
06-28 22:10:39.981  8146  8921 W Summariser: No activity detected
06-28 22:10:40.100  8146  8921 W Summariser: Summarisation completed
06-28 22:10:40.100  8146  8921 W Summariser:   filename: 20200312_150944!001.mp4
06-28 22:10:40.100  8146  8921 W Summariser:   active sections: 0
06-28 22:10:40.100  8146  8921 W Summariser:   time: 06.765s
06-28 22:10:40.100  8146  8921 W Summariser:   original duration: 16.01
06-28 22:10:40.100  8146  8921 W Summariser:   noise tolerance: 45.00
06-28 22:10:40.100  8146  8921 W Summariser:   quality: 23
06-28 22:10:40.100  8146  8921 W Summariser:   speed: medium
06-28 22:10:40.100  8146  8921 W Summariser:   freeze duration: 1.00
06-28 22:10:46.830  8146  8146 W NearbyFragment: Completed downloading 20200312_150944!003.mp4 from Endpoint{id=jKt9, name=Nexus 5X [34d8]} in 05.393s
06-28 22:10:51.886  8146  8970 W Summariser: No activity detected
06-28 22:10:51.969  8146  8970 W Summariser: Summarisation completed
06-28 22:10:51.969  8146  8970 W Summariser:   filename: 20200312_150944!003.mp4
06-28 22:10:51.969  8146  8970 W Summariser:   active sections: 0
06-28 22:10:51.969  8146  8970 W Summariser:   time: 05.031s
06-28 22:10:51.969  8146  8970 W Summariser:   original duration: 12.01
06-28 22:10:51.969  8146  8970 W Summariser:   noise tolerance: 45.00
06-28 22:10:51.969  8146  8970 W Summariser:   quality: 23
06-28 22:10:51.969  8146  8970 W Summariser:   speed: medium
06-28 22:10:51.969  8146  8970 W Summariser:   freeze duration: 1.00
06-28 22:11:00.723  8146  8146 W NearbyFragment: Completed downloading 20200312_151044!002.mp4 from Endpoint{id=jKt9, name=Nexus 5X [34d8]} in 08.498s
06-28 22:11:07.981  8146  9040 W Summariser: No activity detected
06-28 22:11:08.086  8146  9040 W Summariser: Summarisation completed
06-28 22:11:08.086  8146  9040 W Summariser:   filename: 20200312_151044!002.mp4
06-28 22:11:08.086  8146  9040 W Summariser:   active sections: 0
06-28 22:11:08.086  8146  9040 W Summariser:   time: 07.230s
06-28 22:11:08.086  8146  9040 W Summariser:   original duration: 16.01
06-28 22:11:08.086  8146  9040 W Summariser:   noise tolerance: 45.00
06-28 22:11:08.086  8146  9040 W Summariser:   quality: 23
06-28 22:11:08.086  8146  9040 W Summariser:   speed: medium
06-28 22:11:08.086  8146  9040 W Summariser:   freeze duration: 1.00
06-28 22:11:25.179  8146  8146 W NearbyFragment: Completed downloading 20200312_193528!001.mp4 from Endpoint{id=jKt9, name=Nexus 5X [34d8]} in 04.013s
06-28 22:11:31.782  8146  9084 W Summariser: No activity detected
06-28 22:11:31.851  8146  9084 W Summariser: Summarisation completed
06-28 22:11:31.851  8146  9084 W Summariser:   filename: 20200312_193528!001.mp4
06-28 22:11:31.851  8146  9084 W Summariser:   active sections: 0
06-28 22:11:31.851  8146  9084 W Summariser:   time: 06.561s
06-28 22:11:31.851  8146  9084 W Summariser:   original duration: 16.01
06-28 22:11:31.851  8146  9084 W Summariser:   noise tolerance: 45.00
06-28 22:11:31.851  8146  9084 W Summariser:   quality: 23
06-28 22:11:31.851  8146  9084 W Summariser:   speed: medium
06-28 22:11:31.851  8146  9084 W Summariser:   freeze duration: 1.00
06-28 22:11:41.954  8146  8146 W NearbyFragment: Completed downloading 20200312_193528!003.mp4 from Endpoint{id=jKt9, name=Nexus 5X [34d8]} in 02.870s
06-28 22:11:47.228  8146  9128 W Summariser: No activity detected
06-28 22:11:47.336  8146  9128 W Summariser: Summarisation completed
06-28 22:11:47.336  8146  9128 W Summariser:   filename: 20200312_193528!003.mp4
06-28 22:11:47.336  8146  9128 W Summariser:   active sections: 0
06-28 22:11:47.336  8146  9128 W Summariser:   time: 05.018s
06-28 22:11:47.336  8146  9128 W Summariser:   original duration: 12.01
06-28 22:11:47.336  8146  9128 W Summariser:   noise tolerance: 45.00
06-28 22:11:47.336  8146  9128 W Summariser:   quality: 23
06-28 22:11:47.336  8146  9128 W Summariser:   speed: medium
06-28 22:11:47.336  8146  9128 W Summariser:   freeze duration: 1.00
06-28 22:11:52.585  8146  8146 W NearbyFragment: Completed downloading 20200312_193628!002.mp4 from Endpoint{id=jKt9, name=Nexus 5X [34d8]} in 05.109s
06-28 22:11:59.346  8146  9186 W Summariser: No activity detected
06-28 22:11:59.449  8146  9186 W Summariser: Summarisation completed
06-28 22:11:59.449  8146  9186 W Summariser:   filename: 20200312_193628!002.mp4
06-28 22:11:59.449  8146  9186 W Summariser:   active sections: 0
06-28 22:11:59.449  8146  9186 W Summariser:   time: 06.721s
06-28 22:11:59.449  8146  9186 W Summariser:   original duration: 16.02
06-28 22:11:59.449  8146  9186 W Summariser:   noise tolerance: 45.00
06-28 22:11:59.449  8146  9186 W Summariser:   quality: 23
06-28 22:11:59.449  8146  9186 W Summariser:   speed: medium
06-28 22:11:59.449  8146  9186 W Summariser:   freeze duration: 1.00
06-28 22:12:10.613  8146  8146 W NearbyFragment: Completed downloading 20200312_193728!000.mp4 from Endpoint{id=jKt9, name=Nexus 5X [34d8]} in 03.574s
06-28 22:12:17.445  8146  9241 W Summariser: Whole video is active
06-28 22:12:18.768  8146  9241 W Summariser: Summarisation completed
06-28 22:12:18.768  8146  9241 W Summariser:   filename: 20200312_193728!000.mp4
06-28 22:12:18.768  8146  9241 W Summariser:   active sections: -1
06-28 22:12:18.768  8146  9241 W Summariser:   time: 07.944s
06-28 22:12:18.768  8146  9241 W Summariser:   original duration: 16.06
06-28 22:12:18.768  8146  9241 W Summariser:   summarised duration: 16.06
06-28 22:12:18.768  8146  9241 W Summariser:   noise tolerance: 45.00
06-28 22:12:18.768  8146  9241 W Summariser:   quality: 23
06-28 22:12:18.768  8146  9241 W Summariser:   speed: medium
06-28 22:12:18.768  8146  9241 W Summariser:   freeze duration: 1.00
06-28 22:12:18.784  8146  9241 W NearbyFragment: Sending 20200312_193728!000.mp4 to Nexus 5X [34d8]
06-28 22:12:32.500  8146  8146 W NearbyFragment: Completed downloading 20200312_193728!002.mp4 from Endpoint{id=jKt9, name=Nexus 5X [34d8]} in 04.765s
06-28 22:12:39.383  8146  9313 W Summariser: Whole video is active
06-28 22:12:40.729  8146  9313 W Summariser: Summarisation completed
06-28 22:12:40.729  8146  9313 W Summariser:   filename: 20200312_193728!002.mp4
06-28 22:12:40.729  8146  9313 W Summariser:   active sections: -1
06-28 22:12:40.729  8146  9313 W Summariser:   time: 07.965s
06-28 22:12:40.729  8146  9313 W Summariser:   original duration: 16.01
06-28 22:12:40.729  8146  9313 W Summariser:   summarised duration: 16.01
06-28 22:12:40.729  8146  9313 W Summariser:   noise tolerance: 45.00
06-28 22:12:40.729  8146  9313 W Summariser:   quality: 23
06-28 22:12:40.729  8146  9313 W Summariser:   speed: medium
06-28 22:12:40.729  8146  9313 W Summariser:   freeze duration: 1.00
06-28 22:12:40.760  8146  9313 W NearbyFragment: Sending 20200312_193728!002.mp4 to Nexus 5X [34d8]
06-28 22:12:50.892  8146  8146 W NearbyFragment: Completed downloading 20200312_193828!000.mp4 from Endpoint{id=jKt9, name=Nexus 5X [34d8]} in 10.060s
06-28 22:12:57.775  8146  9464 W Summariser: 1 active sections found
06-28 22:13:50.802  8146  9464 W Summariser: Summarisation completed
06-28 22:13:50.802  8146  9464 W Summariser:   filename: 20200312_193828!000.mp4
06-28 22:13:50.802  8146  9464 W Summariser:   active sections: 1
06-28 22:13:50.802  8146  9464 W Summariser:   time: 59.653s
06-28 22:13:50.802  8146  9464 W Summariser:   original duration: 16.06
06-28 22:13:50.802  8146  9464 W Summariser:   summarised duration: 14.28
06-28 22:13:50.802  8146  9464 W Summariser:   noise tolerance: 45.00
06-28 22:13:50.802  8146  9464 W Summariser:   quality: 23
06-28 22:13:50.802  8146  9464 W Summariser:   speed: medium
06-28 22:13:50.802  8146  9464 W Summariser:   freeze duration: 1.00
06-28 22:13:50.891  8146  9464 W NearbyFragment: Sending 20200312_193828!000.mp4 to Nexus 5X [34d8]
06-28 22:13:55.405  8146  8146 W NearbyFragment: Completed downloading 20200312_194129!003.mp4 from Endpoint{id=jKt9, name=Nexus 5X [34d8]} in 04.412s
06-28 22:14:03.613  8146  9651 W Summariser: 1 active sections found
06-28 22:14:07.552  8146  9651 W Summariser: Summarisation completed
06-28 22:14:07.552  8146  9651 W Summariser:   filename: 20200312_194129!003.mp4
06-28 22:14:07.552  8146  9651 W Summariser:   active sections: 1
06-28 22:14:07.552  8146  9651 W Summariser:   time: 11.864s
06-28 22:14:07.552  8146  9651 W Summariser:   original duration: 12.03
06-28 22:14:07.552  8146  9651 W Summariser:   summarised duration: 0.70
06-28 22:14:07.552  8146  9651 W Summariser:   noise tolerance: 45.00
06-28 22:14:07.552  8146  9651 W Summariser:   quality: 23
06-28 22:14:07.552  8146  9651 W Summariser:   speed: medium
06-28 22:14:07.552  8146  9651 W Summariser:   freeze duration: 1.00
06-28 22:14:07.582  8146  9651 W NearbyFragment: Sending 20200312_194129!003.mp4 to Nexus 5X [34d8]
06-28 22:14:11.362  8146  8146 W NearbyFragment: Completed downloading 20200312_194229!001.mp4 from Endpoint{id=jKt9, name=Nexus 5X [34d8]} in 03.688s
06-28 22:14:19.426  8146  9755 W Summariser: 2 active sections found
06-28 22:14:50.160  8146  9755 W Summariser: Summarisation completed
06-28 22:14:50.160  8146  9755 W Summariser:   filename: 20200312_194229!001.mp4
06-28 22:14:50.160  8146  9755 W Summariser:   active sections: 2
06-28 22:14:50.160  8146  9755 W Summariser:   time: 38.493s
06-28 22:14:50.160  8146  9755 W Summariser:   original duration: 16.01
06-28 22:14:50.160  8146  9755 W Summariser:   summarised duration: 8.74
06-28 22:14:50.160  8146  9755 W Summariser:   noise tolerance: 45.00
06-28 22:14:50.160  8146  9755 W Summariser:   quality: 23
06-28 22:14:50.160  8146  9755 W Summariser:   speed: medium
06-28 22:14:50.160  8146  9755 W Summariser:   freeze duration: 1.00
06-28 22:14:50.209  8146  9755 W NearbyFragment: Sending 20200312_194229!001.mp4 to Nexus 5X [34d8]
06-28 22:14:54.536  8146  8146 W NearbyFragment: Completed downloading 20200312_194730!001.mp4 from Endpoint{id=jKt9, name=Nexus 5X [34d8]} in 04.221s
06-28 22:15:05.332  8146  9844 W Summariser: No activity detected
06-28 22:15:05.481  8146  9844 W Summariser: Summarisation completed
06-28 22:15:05.481  8146  9844 W Summariser:   filename: 20200312_194730!001.mp4
06-28 22:15:05.481  8146  9844 W Summariser:   active sections: 0
06-28 22:15:05.481  8146  9844 W Summariser:   time: 10.720s
06-28 22:15:05.481  8146  9844 W Summariser:   original duration: 16.02
06-28 22:15:05.481  8146  9844 W Summariser:   noise tolerance: 45.00
06-28 22:15:05.481  8146  9844 W Summariser:   quality: 23
06-28 22:15:05.481  8146  9844 W Summariser:   speed: medium
06-28 22:15:05.481  8146  9844 W Summariser:   freeze duration: 1.00
06-28 22:15:26.389  8146  8146 W NearbyFragment: Completed downloading 20200312_194830!001.mp4 from Endpoint{id=jKt9, name=Nexus 5X [34d8]} in 04.070s
06-28 22:15:34.863  8146  9931 W Summariser: 2 active sections found
06-28 22:16:04.768  8146  9931 W Summariser: Summarisation completed
06-28 22:16:04.768  8146  9931 W Summariser:   filename: 20200312_194830!001.mp4
06-28 22:16:04.768  8146  9931 W Summariser:   active sections: 2
06-28 22:16:04.768  8146  9931 W Summariser:   time: 38.087s
06-28 22:16:04.768  8146  9931 W Summariser:   original duration: 16.01
06-28 22:16:04.768  8146  9931 W Summariser:   summarised duration: 8.10
06-28 22:16:04.768  8146  9931 W Summariser:   noise tolerance: 45.00
06-28 22:16:04.768  8146  9931 W Summariser:   quality: 23
06-28 22:16:04.768  8146  9931 W Summariser:   speed: medium
06-28 22:16:04.768  8146  9931 W Summariser:   freeze duration: 1.00
06-28 22:16:04.864  8146  9931 W NearbyFragment: Sending 20200312_194830!001.mp4 to Nexus 5X [34d8]
06-28 22:16:10.481  8146  8146 W NearbyFragment: Completed downloading 20200312_194930!003.mp4 from Endpoint{id=jKt9, name=Nexus 5X [34d8]} in 05.458s
06-28 22:16:19.140  8146 10060 W Summariser: 1 active sections found
06-28 22:16:28.021  8146  8146 W NearbyFragment: Completed downloading 20200312_195230!003.mp4 from Endpoint{id=jKt9, name=Nexus 5X [34d8]} in 03.996s
06-28 22:17:09.751  8146 10060 W Summariser: Summarisation completed
06-28 22:17:09.751  8146 10060 W Summariser:   filename: 20200312_194930!003.mp4
06-28 22:17:09.751  8146 10060 W Summariser:   active sections: 1
06-28 22:17:09.751  8146 10060 W Summariser:   time: 58.991s
06-28 22:17:09.751  8146 10060 W Summariser:   original duration: 12.01
06-28 22:17:09.751  8146 10060 W Summariser:   summarised duration: 10.95
06-28 22:17:09.751  8146 10060 W Summariser:   noise tolerance: 45.00
06-28 22:17:09.751  8146 10060 W Summariser:   quality: 23
06-28 22:17:09.751  8146 10060 W Summariser:   speed: medium
06-28 22:17:09.751  8146 10060 W Summariser:   freeze duration: 1.00
06-28 22:17:09.839  8146 10060 W NearbyFragment: Sending 20200312_194930!003.mp4 to Nexus 5X [34d8]
06-28 22:17:14.740  8146  8146 W NearbyFragment: Completed downloading 20200312_195430!003.mp4 from Endpoint{id=jKt9, name=Nexus 5X [34d8]} in 04.775s
06-28 22:17:18.564  8146 10060 W Summariser: No activity detected
06-28 22:17:18.688  8146 10060 W Summariser: Summarisation completed
06-28 22:17:18.688  8146 10060 W Summariser:   filename: 20200312_195230!003.mp4
06-28 22:17:18.688  8146 10060 W Summariser:   active sections: 0
06-28 22:17:18.688  8146 10060 W Summariser:   time: 08.700s
06-28 22:17:18.688  8146 10060 W Summariser:   original duration: 12.01
06-28 22:17:18.688  8146 10060 W Summariser:   noise tolerance: 45.00
06-28 22:17:18.688  8146 10060 W Summariser:   quality: 23
06-28 22:17:18.688  8146 10060 W Summariser:   speed: medium
06-28 22:17:18.688  8146 10060 W Summariser:   freeze duration: 1.00
06-28 22:17:25.352  8146 10060 W Summariser: 1 active sections found
06-28 22:17:43.289  8146 10060 W Summariser: Summarisation completed
06-28 22:17:43.289  8146 10060 W Summariser:   filename: 20200312_195430!003.mp4
06-28 22:17:43.289  8146 10060 W Summariser:   active sections: 1
06-28 22:17:43.289  8146 10060 W Summariser:   time: 24.341s
06-28 22:17:43.289  8146 10060 W Summariser:   original duration: 11.98
06-28 22:17:43.289  8146 10060 W Summariser:   summarised duration: 4.54
06-28 22:17:43.289  8146 10060 W Summariser:   noise tolerance: 45.00
06-28 22:17:43.289  8146 10060 W Summariser:   quality: 23
06-28 22:17:43.289  8146 10060 W Summariser:   speed: medium
06-28 22:17:43.289  8146 10060 W Summariser:   freeze duration: 1.00
06-28 22:17:43.336  8146 10060 W NearbyFragment: Sending 20200312_195430!003.mp4 to Nexus 5X [34d8]
