--------- beginning of main
07-04 22:40:19.239 27772 27772 E Zygote  : isWhitelistProcess - Process is Whitelisted
07-04 22:40:19.242 27772 27772 E Zygote  : accessInfo : 1
--------- beginning of system
07-04 22:40:20.799 27772 27772 W LogFactory: Truncating log tag length as it exceed 23, the limit imposed by Android on certain API Levels
07-04 22:40:31.108 27772 27772 W ActivityThread: handleWindowVisibility: no activity for token android.os.BinderProxy@b65dd65
07-04 22:40:31.189 27772 27772 W example.edgesu: Accessing hidden method Landroid/graphics/drawable/Drawable;->getOpticalInsets()Landroid/graphics/Insets; (light greylist, linking)
07-04 22:40:31.189 27772 27772 W example.edgesu: Accessing hidden field Landroid/graphics/Insets;->left:I (light greylist, linking)
07-04 22:40:31.189 27772 27772 W example.edgesu: Accessing hidden field Landroid/graphics/Insets;->right:I (light greylist, linking)
07-04 22:40:31.189 27772 27772 W example.edgesu: Accessing hidden field Landroid/graphics/Insets;->top:I (light greylist, linking)
07-04 22:40:31.189 27772 27772 W example.edgesu: Accessing hidden field Landroid/graphics/Insets;->bottom:I (light greylist, linking)
07-04 22:40:31.236 27772 27772 W example.edgesu: Accessing hidden method Landroid/view/View;->computeFitSystemWindows(Landroid/graphics/Rect;Landroid/graphics/Rect;)Z (light greylist, reflection)
07-04 22:40:31.237 27772 27772 W example.edgesu: Accessing hidden method Landroid/view/ViewGroup;->makeOptionalFitsSystemWindows()V (light greylist, reflection)
07-04 22:40:31.339 27772 27772 W example.edgesu: Accessing hidden method Landroid/widget/TextView;->getTextDirectionHeuristic()Landroid/text/TextDirectionHeuristic; (light greylist, linking)
07-04 22:40:31.348 27772 27772 W example.edgesu: Accessing hidden field Landroid/view/View;->mAccessibilityDelegate:Landroid/view/View$AccessibilityDelegate; (light greylist, reflection)
07-04 22:40:31.681 27772 27772 E TransferService: No notification is passed in the intent. Unable to transition to foreground.
07-04 22:40:31.731 27772 27772 W StaticLayout: maxLineHeight should not be -1.  maxLines:1 lineCount:1
07-04 22:40:31.741 27772 27772 W StaticLayout: maxLineHeight should not be -1.  maxLines:1 lineCount:1
07-04 22:40:31.745 27772 27772 W StaticLayout: maxLineHeight should not be -1.  maxLines:1 lineCount:1
07-04 22:40:31.749 27772 27772 W StaticLayout: maxLineHeight should not be -1.  maxLines:1 lineCount:1
07-04 22:40:31.767 27772 27772 W StaticLayout: maxLineHeight should not be -1.  maxLines:1 lineCount:1
07-04 22:40:31.771 27772 27772 W StaticLayout: maxLineHeight should not be -1.  maxLines:1 lineCount:1
07-04 22:40:52.517 27772 27772 W example.edgesu: Accessing hidden method Landroid/graphics/FontFamily;-><init>()V (light greylist, reflection)
07-04 22:40:52.517 27772 27772 W example.edgesu: Accessing hidden method Landroid/graphics/FontFamily;->addFontFromAssetManager(Landroid/content/res/AssetManager;Ljava/lang/String;IZIII[Landroid/graphics/fonts/FontVariationAxis;)Z (light greylist, reflection)
07-04 22:40:52.517 27772 27772 W example.edgesu: Accessing hidden method Landroid/graphics/FontFamily;->addFontFromBuffer(Ljava/nio/ByteBuffer;I[Landroid/graphics/fonts/FontVariationAxis;II)Z (light greylist, reflection)
07-04 22:40:52.518 27772 27772 W example.edgesu: Accessing hidden method Landroid/graphics/FontFamily;->freeze()Z (light greylist, reflection)
07-04 22:40:52.518 27772 27772 W example.edgesu: Accessing hidden method Landroid/graphics/FontFamily;->abortCreation()V (light greylist, reflection)
07-04 22:40:52.518 27772 27772 W example.edgesu: Accessing hidden method Landroid/graphics/Typeface;->createFromFamiliesWithDefault([Landroid/graphics/FontFamily;Ljava/lang/String;II)Landroid/graphics/Typeface; (light greylist, reflection)
07-04 22:41:07.910 27772 27799 W libEGL  : EGLNativeWindowType 0x7a589d1010 disconnect failed
07-04 22:41:10.679 27772 27799 W libEGL  : EGLNativeWindowType 0x7a589d1010 disconnect failed
07-04 22:41:10.789 27772 27772 E ViewRootImpl: sendUserActionEvent() returned.
07-04 22:42:14.370 27772 27772 W NearbyFragment: Completed downloading 20200312_150643.mp4 from Endpoint{id=MGMd, name=Nexus 5X [34d8]} in 08.132s
07-04 22:42:14.537 27772 28638 W mobile-ffmpeg: [mov,mp4,m4a,3gp,3g2,mj2 @ 0x7a68d35800] Found duplicated MOOV Atom. Skipped it
07-04 22:42:14.650 27772 28638 W mobile-ffmpeg: [graph 0 input from stream 0:0 @ 0x7a6af19780] sws_param option is deprecated and ignored
07-04 22:42:21.470 27772 28637 W Summariser: No activity detected
07-04 22:42:21.475 27772 28638 W mobile-ffmpeg: [mov,mp4,m4a,3gp,3g2,mj2 @ 0x7a68d35800] Found duplicated MOOV Atom. Skipped it
07-04 22:42:21.519 27772 28637 W Summariser: Summarisation completed
07-04 22:42:21.519 27772 28637 W Summariser:   filename: 20200312_150643.mp4
07-04 22:42:21.519 27772 28637 W Summariser:   active sections: 0
07-04 22:42:21.519 27772 28637 W Summariser:   time: 07.047s
07-04 22:42:21.519 27772 28637 W Summariser:   original duration: 60.02
07-04 22:42:21.519 27772 28637 W Summariser:   summarised duration: -1.00
07-04 22:42:21.519 27772 28637 W Summariser:   noise tolerance: 45.00
07-04 22:42:21.519 27772 28637 W Summariser:   quality: 23
07-04 22:42:21.519 27772 28637 W Summariser:   speed: medium
07-04 22:42:21.519 27772 28637 W Summariser:   freeze duration: 1.00
07-04 22:42:41.356 27772 27772 W NearbyFragment: Completed downloading 20200312_150744.mp4 from Endpoint{id=MGMd, name=Nexus 5X [34d8]} in 09.668s
07-04 22:42:41.466 27772 28638 W mobile-ffmpeg: [mov,mp4,m4a,3gp,3g2,mj2 @ 0x7a68d35800] Found duplicated MOOV Atom. Skipped it
07-04 22:42:41.581 27772 28638 W mobile-ffmpeg: [graph 0 input from stream 0:0 @ 0x7a6af19780] sws_param option is deprecated and ignored
07-04 22:42:48.509 27772 28638 W mobile-ffmpeg: [mov,mp4,m4a,3gp,3g2,mj2 @ 0x7a68d35800] Found duplicated MOOV Atom. Skipped it
07-04 22:42:48.539 27772 28688 W Summariser: 1 active sections found
07-04 22:42:48.543 27772 28638 W mobile-ffmpeg: [mov,mp4,m4a,3gp,3g2,mj2 @ 0x7a68d35800] Found duplicated MOOV Atom. Skipped it
07-04 22:42:48.589 27772 28638 W mobile-ffmpeg: [graph 0 input from stream 0:0 @ 0x7a6ae95f40] sws_param option is deprecated and ignored
07-04 22:42:58.996 27772 28638 W mobile-ffmpeg: [mov,mp4,m4a,3gp,3g2,mj2 @ 0x7a68d35800] Found duplicated MOOV Atom. Skipped it
07-04 22:42:59.047 27772 28688 W Summariser: Summarisation completed
07-04 22:42:59.047 27772 28688 W Summariser:   filename: 20200312_150744.mp4
07-04 22:42:59.047 27772 28688 W Summariser:   active sections: 1
07-04 22:42:59.047 27772 28688 W Summariser:   time: 17.543s
07-04 22:42:59.047 27772 28688 W Summariser:   original duration: 60.02
07-04 22:42:59.047 27772 28688 W Summariser:   summarised duration: 4.83
07-04 22:42:59.047 27772 28688 W Summariser:   noise tolerance: 45.00
07-04 22:42:59.047 27772 28688 W Summariser:   quality: 23
07-04 22:42:59.047 27772 28688 W Summariser:   speed: medium
07-04 22:42:59.047 27772 28688 W Summariser:   freeze duration: 1.00
07-04 22:42:59.132 27772 28688 W NearbyFragment: Sending 20200312_150744.mp4 to Nexus 5X [34d8]
07-04 22:43:33.323 27772 27772 W NearbyFragment: Completed downloading 20200312_150944.mp4 from Endpoint{id=MGMd, name=Nexus 5X [34d8]} in 09.858s
07-04 22:43:33.395 27772 28638 W mobile-ffmpeg: [mov,mp4,m4a,3gp,3g2,mj2 @ 0x7a68d35e00] Found duplicated MOOV Atom. Skipped it
07-04 22:43:33.578 27772 28638 W mobile-ffmpeg: [graph 0 input from stream 0:0 @ 0x7a6af19780] sws_param option is deprecated and ignored
07-04 22:43:40.582 27772 28770 W Summariser: 1 active sections found
07-04 22:43:40.586 27772 28638 W mobile-ffmpeg: [mov,mp4,m4a,3gp,3g2,mj2 @ 0x7a68d35e00] Found duplicated MOOV Atom. Skipped it
07-04 22:43:40.644 27772 28638 W mobile-ffmpeg: [graph 0 input from stream 0:0 @ 0x7a6ae95f40] sws_param option is deprecated and ignored
07-04 22:43:47.280 27772 28638 W mobile-ffmpeg: [mov,mp4,m4a,3gp,3g2,mj2 @ 0x7a68d35e00] Found duplicated MOOV Atom. Skipped it
07-04 22:43:47.342 27772 28770 W Summariser: Summarisation completed
07-04 22:43:47.342 27772 28770 W Summariser:   filename: 20200312_150944.mp4
07-04 22:43:47.342 27772 28770 W Summariser:   active sections: 1
07-04 22:43:47.342 27772 28770 W Summariser:   time: 13.899s
07-04 22:43:47.342 27772 28770 W Summariser:   original duration: 60.02
07-04 22:43:47.342 27772 28770 W Summariser:   summarised duration: 7.07
07-04 22:43:47.342 27772 28770 W Summariser:   noise tolerance: 45.00
07-04 22:43:47.342 27772 28770 W Summariser:   quality: 23
07-04 22:43:47.342 27772 28770 W Summariser:   speed: medium
07-04 22:43:47.342 27772 28770 W Summariser:   freeze duration: 1.00
07-04 22:43:47.443 27772 28770 W NearbyFragment: Sending 20200312_150944.mp4 to Nexus 5X [34d8]
07-04 22:44:09.751 27772 27772 W NearbyFragment: Completed downloading 20200312_151044.mp4 from Endpoint{id=MGMd, name=Nexus 5X [34d8]} in 09.900s
07-04 22:44:09.858 27772 28638 W mobile-ffmpeg: [mov,mp4,m4a,3gp,3g2,mj2 @ 0x7a68d35e00] Found duplicated MOOV Atom. Skipped it
07-04 22:44:10.032 27772 28638 W mobile-ffmpeg: [graph 0 input from stream 0:0 @ 0x7a6af19780] sws_param option is deprecated and ignored
07-04 22:44:16.919 27772 28857 W Summariser: No activity detected
07-04 22:44:16.922 27772 28638 W mobile-ffmpeg: [mov,mp4,m4a,3gp,3g2,mj2 @ 0x7a68d35e00] Found duplicated MOOV Atom. Skipped it
07-04 22:44:16.952 27772 28857 W Summariser: Summarisation completed
07-04 22:44:16.952 27772 28857 W Summariser:   filename: 20200312_151044.mp4
07-04 22:44:16.952 27772 28857 W Summariser:   active sections: 0
07-04 22:44:16.952 27772 28857 W Summariser:   time: 07.070s
07-04 22:44:16.952 27772 28857 W Summariser:   original duration: 60.02
07-04 22:44:16.952 27772 28857 W Summariser:   summarised duration: -1.00
07-04 22:44:16.952 27772 28857 W Summariser:   noise tolerance: 45.00
07-04 22:44:16.952 27772 28857 W Summariser:   quality: 23
07-04 22:44:16.952 27772 28857 W Summariser:   speed: medium
07-04 22:44:16.952 27772 28857 W Summariser:   freeze duration: 1.00
07-04 22:44:38.341 27772 27772 W NearbyFragment: Completed downloading 20200312_193528.mp4 from Endpoint{id=MGMd, name=Nexus 5X [34d8]} in 13.313s
07-04 22:44:38.408 27772 28638 W mobile-ffmpeg: [mov,mp4,m4a,3gp,3g2,mj2 @ 0x7a68d35e00] Found duplicated MOOV Atom. Skipped it
07-04 22:44:38.523 27772 28638 W mobile-ffmpeg: [graph 0 input from stream 0:0 @ 0x7a6af19780] sws_param option is deprecated and ignored
07-04 22:44:45.548 27772 28893 W Summariser: No activity detected
07-04 22:44:45.551 27772 28638 W mobile-ffmpeg: [mov,mp4,m4a,3gp,3g2,mj2 @ 0x7a68d35e00] Found duplicated MOOV Atom. Skipped it
07-04 22:44:45.579 27772 28893 W Summariser: Summarisation completed
07-04 22:44:45.579 27772 28893 W Summariser:   filename: 20200312_193528.mp4
07-04 22:44:45.579 27772 28893 W Summariser:   active sections: 0
07-04 22:44:45.579 27772 28893 W Summariser:   time: 07.152s
07-04 22:44:45.579 27772 28893 W Summariser:   original duration: 60.05
07-04 22:44:45.579 27772 28893 W Summariser:   summarised duration: -1.00
07-04 22:44:45.579 27772 28893 W Summariser:   noise tolerance: 45.00
07-04 22:44:45.579 27772 28893 W Summariser:   quality: 23
07-04 22:44:45.579 27772 28893 W Summariser:   speed: medium
07-04 22:44:45.579 27772 28893 W Summariser:   freeze duration: 1.00
07-04 22:45:00.778 27772 27784 W example.edgesu: JNI critical lock held for 26.373ms on Thread[9,tid=27784,Runnable,Thread*=0x7a6ac74000,peer=0x16240588,"Binder:27772_1"]
07-04 22:45:08.614 27772 27772 W NearbyFragment: Completed downloading 20200312_193628.mp4 from Endpoint{id=MGMd, name=Nexus 5X [34d8]} in 08.464s
07-04 22:45:08.680 27772 28638 W mobile-ffmpeg: [mov,mp4,m4a,3gp,3g2,mj2 @ 0x7a68d35e00] Found duplicated MOOV Atom. Skipped it
07-04 22:45:08.815 27772 28638 W mobile-ffmpeg: [graph 0 input from stream 0:0 @ 0x7a6af19780] sws_param option is deprecated and ignored
07-04 22:45:15.940 27772 28638 W mobile-ffmpeg: [mov,mp4,m4a,3gp,3g2,mj2 @ 0x7a68d35e00] Found duplicated MOOV Atom. Skipped it
07-04 22:45:15.977 27772 28935 W Summariser: 1 active sections found
07-04 22:45:15.982 27772 28638 W mobile-ffmpeg: [mov,mp4,m4a,3gp,3g2,mj2 @ 0x7a68d35e00] Found duplicated MOOV Atom. Skipped it
07-04 22:45:16.035 27772 28638 W mobile-ffmpeg: [graph 0 input from stream 0:0 @ 0x7a6ae95f40] sws_param option is deprecated and ignored
07-04 22:45:27.762 27772 28638 W mobile-ffmpeg: [mov,mp4,m4a,3gp,3g2,mj2 @ 0x7a68d35e00] Found duplicated MOOV Atom. Skipped it
07-04 22:45:27.817 27772 28935 W Summariser: Summarisation completed
07-04 22:45:27.817 27772 28935 W Summariser:   filename: 20200312_193628.mp4
07-04 22:45:27.817 27772 28935 W Summariser:   active sections: 1
07-04 22:45:27.817 27772 28935 W Summariser:   time: 19.094s
07-04 22:45:27.817 27772 28935 W Summariser:   original duration: 60.02
07-04 22:45:27.817 27772 28935 W Summariser:   summarised duration: 6.07
07-04 22:45:27.817 27772 28935 W Summariser:   noise tolerance: 45.00
07-04 22:45:27.817 27772 28935 W Summariser:   quality: 23
07-04 22:45:27.817 27772 28935 W Summariser:   speed: medium
07-04 22:45:27.817 27772 28935 W Summariser:   freeze duration: 1.00
07-04 22:45:27.920 27772 28935 W NearbyFragment: Sending 20200312_193628.mp4 to Nexus 5X [34d8]
07-04 22:45:44.267 27772 27772 W NearbyFragment: Completed downloading 20200312_193728.mp4 from Endpoint{id=MGMd, name=Nexus 5X [34d8]} in 08.898s
07-04 22:45:44.383 27772 28638 W mobile-ffmpeg: [mov,mp4,m4a,3gp,3g2,mj2 @ 0x7a68d35e00] Found duplicated MOOV Atom. Skipped it
07-04 22:45:44.488 27772 28638 W mobile-ffmpeg: [graph 0 input from stream 0:0 @ 0x7a6af19780] sws_param option is deprecated and ignored
07-04 22:45:51.700 27772 29015 W Summariser: Whole video is active
07-04 22:45:53.369 27772 28638 W mobile-ffmpeg: [mov,mp4,m4a,3gp,3g2,mj2 @ 0x7a68d35e00] Found duplicated MOOV Atom. Skipped it
07-04 22:45:53.417 27772 28638 W mobile-ffmpeg: [mov,mp4,m4a,3gp,3g2,mj2 @ 0x7a68d35e00] Found duplicated MOOV Atom. Skipped it
07-04 22:45:53.458 27772 29015 W Summariser: Summarisation completed
07-04 22:45:53.458 27772 29015 W Summariser:   filename: 20200312_193728.mp4
07-04 22:45:53.458 27772 29015 W Summariser:   active sections: -1
07-04 22:45:53.458 27772 29015 W Summariser:   time: 08.989s
07-04 22:45:53.458 27772 29015 W Summariser:   original duration: 60.02
07-04 22:45:53.458 27772 29015 W Summariser:   summarised duration: 60.02
07-04 22:45:53.458 27772 29015 W Summariser:   noise tolerance: 45.00
07-04 22:45:53.458 27772 29015 W Summariser:   quality: 23
07-04 22:45:53.458 27772 29015 W Summariser:   speed: medium
07-04 22:45:53.458 27772 29015 W Summariser:   freeze duration: 1.00
07-04 22:45:53.538 27772 29015 W NearbyFragment: Sending 20200312_193728.mp4 to Nexus 5X [34d8]
07-04 22:45:58.765 27772 27781 W System  : A resource failed to call close. 
07-04 22:45:58.766 27772 27781 W System  : A resource failed to call close. 
07-04 22:45:58.766 27772 27781 W System  : A resource failed to call close. 
07-04 22:45:58.768 27772 27781 W System  : A resource failed to call close. 
07-04 22:45:58.768 27772 27781 W System  : A resource failed to call close. 
07-04 22:45:58.771 27772 27781 W System  : A resource failed to call close. 
07-04 22:45:58.771 27772 27781 W System  : A resource failed to call close. 
07-04 22:45:58.774 27772 27781 W System  : A resource failed to call close. 
07-04 22:45:58.774 27772 27781 W System  : A resource failed to call close. 
07-04 22:45:58.776 27772 27781 W System  : A resource failed to call close. 
07-04 22:45:58.781 27772 27781 W System  : A resource failed to call close. 
07-04 22:46:13.968 27772 27772 W NearbyFragment: Completed downloading 20200312_193828.mp4 from Endpoint{id=MGMd, name=Nexus 5X [34d8]} in 09.295s
07-04 22:46:14.018 27772 28638 W mobile-ffmpeg: [mov,mp4,m4a,3gp,3g2,mj2 @ 0x7a68d35e00] Found duplicated MOOV Atom. Skipped it
07-04 22:46:14.111 27772 28638 W mobile-ffmpeg: [graph 0 input from stream 0:0 @ 0x7a6af19780] sws_param option is deprecated and ignored
07-04 22:46:21.003 27772 29063 W Summariser: 1 active sections found
07-04 22:46:21.008 27772 28638 W mobile-ffmpeg: [mov,mp4,m4a,3gp,3g2,mj2 @ 0x7a68d35e00] Found duplicated MOOV Atom. Skipped it
07-04 22:46:21.064 27772 28638 W mobile-ffmpeg: [graph 0 input from stream 0:0 @ 0x7a6ae95f40] sws_param option is deprecated and ignored
07-04 22:46:34.491 27772 28638 W mobile-ffmpeg: [mov,mp4,m4a,3gp,3g2,mj2 @ 0x7a68d35e00] Found duplicated MOOV Atom. Skipped it
07-04 22:46:34.550 27772 29063 W Summariser: Summarisation completed
07-04 22:46:34.550 27772 29063 W Summariser:   filename: 20200312_193828.mp4
07-04 22:46:34.550 27772 29063 W Summariser:   active sections: 1
07-04 22:46:34.550 27772 29063 W Summariser:   time: 20.476s
07-04 22:46:34.550 27772 29063 W Summariser:   original duration: 60.02
07-04 22:46:34.550 27772 29063 W Summariser:   summarised duration: 14.28
07-04 22:46:34.550 27772 29063 W Summariser:   noise tolerance: 45.00
07-04 22:46:34.550 27772 29063 W Summariser:   quality: 23
07-04 22:46:34.550 27772 29063 W Summariser:   speed: medium
07-04 22:46:34.550 27772 29063 W Summariser:   freeze duration: 1.00
07-04 22:46:34.672 27772 29063 W NearbyFragment: Sending 20200312_193828.mp4 to Nexus 5X [34d8]
07-04 22:46:47.773 27772 27772 W NearbyFragment: Completed downloading 20200312_193928.mp4 from Endpoint{id=MGMd, name=Nexus 5X [34d8]} in 10.221s
07-04 22:46:47.905 27772 28638 W mobile-ffmpeg: [mov,mp4,m4a,3gp,3g2,mj2 @ 0x7a68d35e00] Found duplicated MOOV Atom. Skipped it
07-04 22:46:48.038 27772 28638 W mobile-ffmpeg: [graph 0 input from stream 0:0 @ 0x7a6af19780] sws_param option is deprecated and ignored
07-04 22:46:55.074 27772 29166 W Summariser: No activity detected
07-04 22:46:55.077 27772 28638 W mobile-ffmpeg: [mov,mp4,m4a,3gp,3g2,mj2 @ 0x7a68d35e00] Found duplicated MOOV Atom. Skipped it
07-04 22:46:55.104 27772 29166 W Summariser: Summarisation completed
07-04 22:46:55.104 27772 29166 W Summariser:   filename: 20200312_193928.mp4
07-04 22:46:55.104 27772 29166 W Summariser:   active sections: 0
07-04 22:46:55.104 27772 29166 W Summariser:   time: 07.182s
07-04 22:46:55.104 27772 29166 W Summariser:   original duration: 60.89
07-04 22:46:55.104 27772 29166 W Summariser:   summarised duration: -1.00
07-04 22:46:55.104 27772 29166 W Summariser:   noise tolerance: 45.00
07-04 22:46:55.104 27772 29166 W Summariser:   quality: 23
07-04 22:46:55.104 27772 29166 W Summariser:   speed: medium
07-04 22:46:55.104 27772 29166 W Summariser:   freeze duration: 1.00
07-04 22:47:12.511 27772 27772 W NearbyFragment: Completed downloading 20200312_194129.mp4 from Endpoint{id=MGMd, name=Nexus 5X [34d8]} in 09.675s
07-04 22:47:12.572 27772 28638 W mobile-ffmpeg: [mov,mp4,m4a,3gp,3g2,mj2 @ 0x7a68d35e00] Found duplicated MOOV Atom. Skipped it
07-04 22:47:12.694 27772 28638 W mobile-ffmpeg: [graph 0 input from stream 0:0 @ 0x7a6af19780] sws_param option is deprecated and ignored
07-04 22:47:19.635 27772 29203 W Summariser: 2 active sections found
07-04 22:47:19.640 27772 28638 W mobile-ffmpeg: [mov,mp4,m4a,3gp,3g2,mj2 @ 0x7a68d35e00] Found duplicated MOOV Atom. Skipped it
07-04 22:47:19.682 27772 28638 W mobile-ffmpeg: [graph 0 input from stream 0:0 @ 0x7a6af19600] sws_param option is deprecated and ignored
07-04 22:47:19.682 27772 28638 W mobile-ffmpeg: [graph 0 input from stream 0:0 @ 0x7a6af19b40] sws_param option is deprecated and ignored
07-04 22:47:34.255 27772 28638 W mobile-ffmpeg: [mov,mp4,m4a,3gp,3g2,mj2 @ 0x7a68d35e00] Found duplicated MOOV Atom. Skipped it
07-04 22:47:34.300 27772 29203 W Summariser: Summarisation completed
07-04 22:47:34.300 27772 29203 W Summariser:   filename: 20200312_194129.mp4
07-04 22:47:34.300 27772 29203 W Summariser:   active sections: 2
07-04 22:47:34.300 27772 29203 W Summariser:   time: 21.692s
07-04 22:47:34.300 27772 29203 W Summariser:   original duration: 60.02
07-04 22:47:34.300 27772 29203 W Summariser:   summarised duration: 10.77
07-04 22:47:34.300 27772 29203 W Summariser:   noise tolerance: 45.00
07-04 22:47:34.300 27772 29203 W Summariser:   quality: 23
07-04 22:47:34.300 27772 29203 W Summariser:   speed: medium
07-04 22:47:34.300 27772 29203 W Summariser:   freeze duration: 1.00
07-04 22:47:34.377 27772 29203 W NearbyFragment: Sending 20200312_194129.mp4 to Nexus 5X [34d8]
07-04 22:48:12.408 27772 27772 W NearbyFragment: Completed downloading 20200312_194330.mp4 from Endpoint{id=MGMd, name=Nexus 5X [34d8]} in 09.562s
07-04 22:48:12.473 27772 28638 W mobile-ffmpeg: [mov,mp4,m4a,3gp,3g2,mj2 @ 0x7a68d35e00] Found duplicated MOOV Atom. Skipped it
07-04 22:48:12.578 27772 28638 W mobile-ffmpeg: [graph 0 input from stream 0:0 @ 0x7a6af19780] sws_param option is deprecated and ignored
07-04 22:48:19.586 27772 29362 W Summariser: No activity detected
07-04 22:48:19.589 27772 28638 W mobile-ffmpeg: [mov,mp4,m4a,3gp,3g2,mj2 @ 0x7a68d35e00] Found duplicated MOOV Atom. Skipped it
07-04 22:48:19.614 27772 29362 W Summariser: Summarisation completed
07-04 22:48:19.614 27772 29362 W Summariser:   filename: 20200312_194330.mp4
07-04 22:48:19.614 27772 29362 W Summariser:   active sections: 0
07-04 22:48:19.614 27772 29362 W Summariser:   time: 07.124s
07-04 22:48:19.614 27772 29362 W Summariser:   original duration: 60.02
07-04 22:48:19.614 27772 29362 W Summariser:   summarised duration: -1.00
07-04 22:48:19.614 27772 29362 W Summariser:   noise tolerance: 45.00
07-04 22:48:19.614 27772 29362 W Summariser:   quality: 23
07-04 22:48:19.614 27772 29362 W Summariser:   speed: medium
07-04 22:48:19.614 27772 29362 W Summariser:   freeze duration: 1.00
07-04 22:48:43.572 27772 27772 W NearbyFragment: Completed downloading 20200312_194730.mp4 from Endpoint{id=MGMd, name=Nexus 5X [34d8]} in 09.794s
07-04 22:48:43.641 27772 28638 W mobile-ffmpeg: [mov,mp4,m4a,3gp,3g2,mj2 @ 0x7a68d35e00] Found duplicated MOOV Atom. Skipped it
07-04 22:48:43.743 27772 28638 W mobile-ffmpeg: [graph 0 input from stream 0:0 @ 0x7a6af19780] sws_param option is deprecated and ignored
07-04 22:48:50.813 27772 29394 W Summariser: No activity detected
07-04 22:48:50.816 27772 28638 W mobile-ffmpeg: [mov,mp4,m4a,3gp,3g2,mj2 @ 0x7a68d35e00] Found duplicated MOOV Atom. Skipped it
07-04 22:48:50.841 27772 29394 W Summariser: Summarisation completed
07-04 22:48:50.841 27772 29394 W Summariser:   filename: 20200312_194730.mp4
07-04 22:48:50.841 27772 29394 W Summariser:   active sections: 0
07-04 22:48:50.841 27772 29394 W Summariser:   time: 07.183s
07-04 22:48:50.841 27772 29394 W Summariser:   original duration: 60.02
07-04 22:48:50.841 27772 29394 W Summariser:   summarised duration: -1.00
07-04 22:48:50.841 27772 29394 W Summariser:   noise tolerance: 45.00
07-04 22:48:50.841 27772 29394 W Summariser:   quality: 23
07-04 22:48:50.841 27772 29394 W Summariser:   speed: medium
07-04 22:48:50.841 27772 29394 W Summariser:   freeze duration: 1.00
07-04 22:49:11.611 27772 27772 W NearbyFragment: Completed downloading 20200312_194830.mp4 from Endpoint{id=MGMd, name=Nexus 5X [34d8]} in 08.140s
07-04 22:49:11.656 27772 28638 W mobile-ffmpeg: [mov,mp4,m4a,3gp,3g2,mj2 @ 0x7a68d35e00] Found duplicated MOOV Atom. Skipped it
07-04 22:49:11.795 27772 28638 W mobile-ffmpeg: [graph 0 input from stream 0:0 @ 0x7a6af19780] sws_param option is deprecated and ignored
07-04 22:49:18.956 27772 29433 W Summariser: 4 active sections found
07-04 22:49:18.961 27772 28638 W mobile-ffmpeg: [mov,mp4,m4a,3gp,3g2,mj2 @ 0x7a68d35e00] Found duplicated MOOV Atom. Skipped it
07-04 22:49:19.019 27772 28638 W mobile-ffmpeg: [graph 0 input from stream 0:0 @ 0x7a6af19a80] sws_param option is deprecated and ignored
07-04 22:49:19.019 27772 28638 W mobile-ffmpeg: [graph 0 input from stream 0:0 @ 0x7a6af1a2c0] sws_param option is deprecated and ignored
07-04 22:49:19.019 27772 28638 W mobile-ffmpeg: [graph 0 input from stream 0:0 @ 0x7a6af1a440] sws_param option is deprecated and ignored
07-04 22:49:19.019 27772 28638 W mobile-ffmpeg: [graph 0 input from stream 0:0 @ 0x7a6af1a5c0] sws_param option is deprecated and ignored
07-04 22:49:41.371 27772 28638 W mobile-ffmpeg: [mov,mp4,m4a,3gp,3g2,mj2 @ 0x7a68d35e00] Found duplicated MOOV Atom. Skipped it
07-04 22:49:41.431 27772 29433 W Summariser: Summarisation completed
07-04 22:49:41.431 27772 29433 W Summariser:   filename: 20200312_194830.mp4
07-04 22:49:41.431 27772 29433 W Summariser:   active sections: 4
07-04 22:49:41.431 27772 29433 W Summariser:   time: 29.720s
07-04 22:49:41.431 27772 29433 W Summariser:   original duration: 60.02
07-04 22:49:41.431 27772 29433 W Summariser:   summarised duration: 19.02
07-04 22:49:41.431 27772 29433 W Summariser:   noise tolerance: 45.00
07-04 22:49:41.431 27772 29433 W Summariser:   quality: 23
07-04 22:49:41.431 27772 29433 W Summariser:   speed: medium
07-04 22:49:41.431 27772 29433 W Summariser:   freeze duration: 1.00
07-04 22:49:41.578 27772 29433 W NearbyFragment: Sending 20200312_194830.mp4 to Nexus 5X [34d8]
07-04 22:50:13.914 27772 27772 W NearbyFragment: Completed downloading 20200312_195230.mp4 from Endpoint{id=MGMd, name=Nexus 5X [34d8]} in 08.100s
07-04 22:50:13.971 27772 28638 W mobile-ffmpeg: [mov,mp4,m4a,3gp,3g2,mj2 @ 0x7a68d35e00] Found duplicated MOOV Atom. Skipped it
07-04 22:50:14.121 27772 28638 W mobile-ffmpeg: [graph 0 input from stream 0:0 @ 0x7a6af19780] sws_param option is deprecated and ignored
07-04 22:50:21.224 27772 29784 W Summariser: 1 active sections found
07-04 22:50:21.228 27772 28638 W mobile-ffmpeg: [mov,mp4,m4a,3gp,3g2,mj2 @ 0x7a68d35e00] Found duplicated MOOV Atom. Skipped it
07-04 22:50:21.269 27772 28638 W mobile-ffmpeg: [graph 0 input from stream 0:0 @ 0x7a6ae95f40] sws_param option is deprecated and ignored
07-04 22:50:30.551 27772 28638 W mobile-ffmpeg: [mov,mp4,m4a,3gp,3g2,mj2 @ 0x7a68d35e00] Found duplicated MOOV Atom. Skipped it
07-04 22:50:30.596 27772 29784 W Summariser: Summarisation completed
07-04 22:50:30.596 27772 29784 W Summariser:   filename: 20200312_195230.mp4
07-04 22:50:30.596 27772 29784 W Summariser:   active sections: 1
07-04 22:50:30.596 27772 29784 W Summariser:   time: 16.583s
07-04 22:50:30.596 27772 29784 W Summariser:   original duration: 60.02
07-04 22:50:30.596 27772 29784 W Summariser:   summarised duration: 6.97
07-04 22:50:30.596 27772 29784 W Summariser:   noise tolerance: 45.00
07-04 22:50:30.596 27772 29784 W Summariser:   quality: 23
07-04 22:50:30.596 27772 29784 W Summariser:   speed: medium
07-04 22:50:30.596 27772 29784 W Summariser:   freeze duration: 1.00
07-04 22:50:30.674 27772 29784 W NearbyFragment: Sending 20200312_195230.mp4 to Nexus 5X [34d8]
07-04 22:50:42.970 27772 27772 W NearbyFragment: Completed downloading 20200312_195330.mp4 from Endpoint{id=MGMd, name=Nexus 5X [34d8]} in 08.896s
07-04 22:50:43.039 27772 28638 W mobile-ffmpeg: [mov,mp4,m4a,3gp,3g2,mj2 @ 0x7a68d35e00] Found duplicated MOOV Atom. Skipped it
07-04 22:50:43.116 27772 28638 W mobile-ffmpeg: [graph 0 input from stream 0:0 @ 0x7a6af19780] sws_param option is deprecated and ignored
07-04 22:50:50.267 27772 29854 W Summariser: 5 active sections found
07-04 22:50:50.271 27772 28638 W mobile-ffmpeg: [mov,mp4,m4a,3gp,3g2,mj2 @ 0x7a68d35e00] Found duplicated MOOV Atom. Skipped it
07-04 22:50:50.313 27772 28638 W mobile-ffmpeg: [graph 0 input from stream 0:0 @ 0x7a6af19d80] sws_param option is deprecated and ignored
07-04 22:50:50.313 27772 28638 W mobile-ffmpeg: [graph 0 input from stream 0:0 @ 0x7a6af1a5c0] sws_param option is deprecated and ignored
07-04 22:50:50.313 27772 28638 W mobile-ffmpeg: [graph 0 input from stream 0:0 @ 0x7a6af1a2c0] sws_param option is deprecated and ignored
07-04 22:50:50.314 27772 28638 W mobile-ffmpeg: [graph 0 input from stream 0:0 @ 0x7a6af1a740] sws_param option is deprecated and ignored
07-04 22:50:50.314 27772 28638 W mobile-ffmpeg: [graph 0 input from stream 0:0 @ 0x7a6af1a8c0] sws_param option is deprecated and ignored
07-04 22:51:14.519 27772 28638 W mobile-ffmpeg: [mov,mp4,m4a,3gp,3g2,mj2 @ 0x7a68d35e00] Found duplicated MOOV Atom. Skipped it
07-04 22:51:14.565 27772 29854 W Summariser: Summarisation completed
07-04 22:51:14.565 27772 29854 W Summariser:   filename: 20200312_195330.mp4
07-04 22:51:14.565 27772 29854 W Summariser:   active sections: 5
07-04 22:51:14.565 27772 29854 W Summariser:   time: 31.481s
07-04 22:51:14.565 27772 29854 W Summariser:   original duration: 60.02
07-04 22:51:14.565 27772 29854 W Summariser:   summarised duration: 23.42
07-04 22:51:14.565 27772 29854 W Summariser:   noise tolerance: 45.00
07-04 22:51:14.565 27772 29854 W Summariser:   quality: 23
07-04 22:51:14.565 27772 29854 W Summariser:   speed: medium
07-04 22:51:14.565 27772 29854 W Summariser:   freeze duration: 1.00
07-04 22:51:14.687 27772 29854 W NearbyFragment: Sending 20200312_195330.mp4 to Nexus 5X [34d8]
