--------- beginning of main
--------- beginning of system
07-05 16:23:04.814  5545  5545 W LogFactory: Truncating log tag length as it exceed 23, the limit imposed by Android on certain API Levels
07-05 16:23:06.142  5545  5545 E TransferService: No notification is passed in the intent. Unable to transition to foreground.
07-05 16:24:33.156  5545  5545 W NearbyFragment: Completed downloading 20200312_150643.mp4 from Endpoint{id=fwGx, name=Galaxy S8 [2802]} in 27.349s
07-05 16:24:33.401  5545  5957 W mobile-ffmpeg: [mov,mp4,m4a,3gp,3g2,mj2 @ 0x78e1f1fc00] Found duplicated MOOV Atom. Skipped it
07-05 16:24:33.594  5545  5957 W mobile-ffmpeg: [graph 0 input from stream 0:0 @ 0x78e1f66340] sws_param option is deprecated and ignored
07-05 16:24:48.336  5545  5956 W Summariser: No activity detected
07-05 16:24:48.346  5545  5957 W mobile-ffmpeg: [mov,mp4,m4a,3gp,3g2,mj2 @ 0x78e1f1fc00] Found duplicated MOOV Atom. Skipped it
07-05 16:24:48.495  5545  5956 W Summariser: Summarisation completed
07-05 16:24:48.495  5545  5956 W Summariser:   filename: 20200312_150643.mp4
07-05 16:24:48.495  5545  5956 W Summariser:   active sections: 0
07-05 16:24:48.495  5545  5956 W Summariser:   time: 15.103s
07-05 16:24:48.495  5545  5956 W Summariser:   original duration: 60.02
07-05 16:24:48.495  5545  5956 W Summariser:   summarised duration: -1.00
07-05 16:24:48.495  5545  5956 W Summariser:   noise tolerance: 45.00
07-05 16:24:48.495  5545  5956 W Summariser:   quality: 23
07-05 16:24:48.495  5545  5956 W Summariser:   speed: medium
07-05 16:24:48.495  5545  5956 W Summariser:   freeze duration: 1.00
07-05 16:24:54.831  5545  5545 W NearbyFragment: Completed downloading 20200312_150744.mp4 from Endpoint{id=fwGx, name=Galaxy S8 [2802]} in 19.565s
07-05 16:24:54.910  5545  5957 W mobile-ffmpeg: [mov,mp4,m4a,3gp,3g2,mj2 @ 0x78e1f1fc00] Found duplicated MOOV Atom. Skipped it
07-05 16:24:55.031  5545  5957 W mobile-ffmpeg: [graph 0 input from stream 0:0 @ 0x78e1f66340] sws_param option is deprecated and ignored
07-05 16:25:12.030  5545  5957 W mobile-ffmpeg: [mov,mp4,m4a,3gp,3g2,mj2 @ 0x78e1f1fc00] Found duplicated MOOV Atom. Skipped it
07-05 16:25:12.119  5545  5998 W Summariser: 1 active sections found
07-05 16:25:12.133  5545  5957 W mobile-ffmpeg: [mov,mp4,m4a,3gp,3g2,mj2 @ 0x78e1f1fc00] Found duplicated MOOV Atom. Skipped it
07-05 16:25:12.250  5545  5957 W mobile-ffmpeg: [graph 0 input from stream 0:0 @ 0x78e1f65e00] sws_param option is deprecated and ignored
07-05 16:25:25.301  5545  5545 W NearbyFragment: Completed downloading 20200312_150844.mp4 from Endpoint{id=fwGx, name=Galaxy S8 [2802]} in 22.387s
07-05 16:25:49.053  5545  5545 W NearbyFragment: Completed downloading 20200312_150944.mp4 from Endpoint{id=fwGx, name=Galaxy S8 [2802]} in 19.622s
07-05 16:25:50.988  5545  5957 W mobile-ffmpeg: [mov,mp4,m4a,3gp,3g2,mj2 @ 0x78e1f1fc00] Found duplicated MOOV Atom. Skipped it
07-05 16:25:51.129  5545  5998 W Summariser: Summarisation completed
07-05 16:25:51.129  5545  5998 W Summariser:   filename: 20200312_150744.mp4
07-05 16:25:51.129  5545  5998 W Summariser:   active sections: 1
07-05 16:25:51.129  5545  5998 W Summariser:   time: 56.075s
07-05 16:25:51.129  5545  5998 W Summariser:   original duration: 60.02
07-05 16:25:51.129  5545  5998 W Summariser:   summarised duration: 4.83
07-05 16:25:51.129  5545  5998 W Summariser:   noise tolerance: 45.00
07-05 16:25:51.129  5545  5998 W Summariser:   quality: 23
07-05 16:25:51.129  5545  5998 W Summariser:   speed: medium
07-05 16:25:51.129  5545  5998 W Summariser:   freeze duration: 1.00
07-05 16:25:51.169  5545  5998 W NearbyFragment: Sending 20200312_150744.mp4 to Galaxy S8 [2802]
07-05 16:25:51.202  5545  5957 W mobile-ffmpeg: [mov,mp4,m4a,3gp,3g2,mj2 @ 0x78e1f1fc00] Found duplicated MOOV Atom. Skipped it
07-05 16:25:51.388  5545  5957 W mobile-ffmpeg: [graph 0 input from stream 0:0 @ 0x78e1f65ec0] sws_param option is deprecated and ignored
07-05 16:26:14.444  5545  5998 W Summariser: Whole video is active
07-05 16:26:18.191  5545  5957 W mobile-ffmpeg: [mov,mp4,m4a,3gp,3g2,mj2 @ 0x78e1f1fc00] Found duplicated MOOV Atom. Skipped it
07-05 16:26:18.300  5545  5957 W mobile-ffmpeg: [mov,mp4,m4a,3gp,3g2,mj2 @ 0x78e1f1fc00] Found duplicated MOOV Atom. Skipped it
07-05 16:26:18.405  5545  5998 W Summariser: Summarisation completed
07-05 16:26:18.405  5545  5998 W Summariser:   filename: 20200312_150844.mp4
07-05 16:26:18.405  5545  5998 W Summariser:   active sections: -1
07-05 16:26:18.405  5545  5998 W Summariser:   time: 26.995s
07-05 16:26:18.405  5545  5998 W Summariser:   original duration: 60.02
07-05 16:26:18.405  5545  5998 W Summariser:   summarised duration: 60.02
07-05 16:26:18.405  5545  5998 W Summariser:   noise tolerance: 45.00
07-05 16:26:18.405  5545  5998 W Summariser:   quality: 23
07-05 16:26:18.405  5545  5998 W Summariser:   speed: medium
07-05 16:26:18.405  5545  5998 W Summariser:   freeze duration: 1.00
07-05 16:26:18.485  5545  5998 W NearbyFragment: Sending 20200312_150844.mp4 to Galaxy S8 [2802]
07-05 16:26:18.513  5545  5957 W mobile-ffmpeg: [mov,mp4,m4a,3gp,3g2,mj2 @ 0x78e1f1fc00] Found duplicated MOOV Atom. Skipped it
07-05 16:26:18.600  5545  5545 W NearbyFragment: Completed downloading 20200312_151044.mp4 from Endpoint{id=fwGx, name=Galaxy S8 [2802]} in 20.833s
07-05 16:26:18.702  5545  5957 W mobile-ffmpeg: [graph 0 input from stream 0:0 @ 0x78e1f66280] sws_param option is deprecated and ignored
07-05 16:26:44.579  5545  5998 W Summariser: 1 active sections found
07-05 16:26:44.593  5545  5957 W mobile-ffmpeg: [mov,mp4,m4a,3gp,3g2,mj2 @ 0x78e1f1fc00] Found duplicated MOOV Atom. Skipped it
07-05 16:26:44.769  5545  5957 W mobile-ffmpeg: [graph 0 input from stream 0:0 @ 0x78e1f65e00] sws_param option is deprecated and ignored
07-05 16:26:53.823  5545  5545 W NearbyFragment: Completed downloading 20200312_193528.mp4 from Endpoint{id=fwGx, name=Galaxy S8 [2802]} in 19.579s
07-05 16:27:25.026  5545  5545 W NearbyFragment: Completed downloading 20200312_193628.mp4 from Endpoint{id=fwGx, name=Galaxy S8 [2802]} in 21.139s
07-05 16:27:27.706  5545  5957 W mobile-ffmpeg: [mov,mp4,m4a,3gp,3g2,mj2 @ 0x78e1f1fc00] Found duplicated MOOV Atom. Skipped it
07-05 16:27:27.959  5545  5998 W Summariser: Summarisation completed
07-05 16:27:27.959  5545  5998 W Summariser:   filename: 20200312_150944.mp4
07-05 16:27:27.959  5545  5998 W Summariser:   active sections: 1
07-05 16:27:27.959  5545  5998 W Summariser:   time: 69.189s
07-05 16:27:27.959  5545  5998 W Summariser:   original duration: 60.02
07-05 16:27:27.959  5545  5998 W Summariser:   summarised duration: 7.07
07-05 16:27:27.959  5545  5998 W Summariser:   noise tolerance: 45.00
07-05 16:27:27.959  5545  5998 W Summariser:   quality: 23
07-05 16:27:27.959  5545  5998 W Summariser:   speed: medium
07-05 16:27:27.959  5545  5998 W Summariser:   freeze duration: 1.00
07-05 16:27:28.023  5545  5998 W NearbyFragment: Sending 20200312_150944.mp4 to Galaxy S8 [2802]
07-05 16:27:28.079  5545  5957 W mobile-ffmpeg: [mov,mp4,m4a,3gp,3g2,mj2 @ 0x78e1f1fc00] Found duplicated MOOV Atom. Skipped it
07-05 16:27:28.287  5545  5957 W mobile-ffmpeg: [graph 0 input from stream 0:0 @ 0x78e1f65c80] sws_param option is deprecated and ignored
07-05 16:27:57.359  5545  5545 W NearbyFragment: Completed downloading 20200312_193728.mp4 from Endpoint{id=fwGx, name=Galaxy S8 [2802]} in 25.869s
07-05 16:28:01.786  5545  5998 W Summariser: No activity detected
07-05 16:28:01.795  5545  5957 W mobile-ffmpeg: [mov,mp4,m4a,3gp,3g2,mj2 @ 0x78e1f1fc00] Found duplicated MOOV Atom. Skipped it
07-05 16:28:01.880  5545  5998 W Summariser: Summarisation completed
07-05 16:28:01.880  5545  5998 W Summariser:   filename: 20200312_151044.mp4
07-05 16:28:01.880  5545  5998 W Summariser:   active sections: 0
07-05 16:28:01.880  5545  5998 W Summariser:   time: 33.739s
07-05 16:28:01.880  5545  5998 W Summariser:   original duration: 60.02
07-05 16:28:01.880  5545  5998 W Summariser:   summarised duration: -1.00
07-05 16:28:01.880  5545  5998 W Summariser:   noise tolerance: 45.00
07-05 16:28:01.880  5545  5998 W Summariser:   quality: 23
07-05 16:28:01.880  5545  5998 W Summariser:   speed: medium
07-05 16:28:01.880  5545  5998 W Summariser:   freeze duration: 1.00
07-05 16:28:01.907  5545  5957 W mobile-ffmpeg: [mov,mp4,m4a,3gp,3g2,mj2 @ 0x78e1f1fc00] Found duplicated MOOV Atom. Skipped it
07-05 16:28:02.073  5545  5957 W mobile-ffmpeg: [graph 0 input from stream 0:0 @ 0x78e1f65bc0] sws_param option is deprecated and ignored
07-05 16:28:20.225  5545  5545 W NearbyFragment: Completed downloading 20200312_193828.mp4 from Endpoint{id=fwGx, name=Galaxy S8 [2802]} in 21.433s
07-05 16:28:28.921  5545  5998 W Summariser: No activity detected
07-05 16:28:28.938  5545  5957 W mobile-ffmpeg: [mov,mp4,m4a,3gp,3g2,mj2 @ 0x78e1f1fc00] Found duplicated MOOV Atom. Skipped it
07-05 16:28:29.050  5545  5998 W Summariser: Summarisation completed
07-05 16:28:29.050  5545  5998 W Summariser:   filename: 20200312_193528.mp4
07-05 16:28:29.050  5545  5998 W Summariser:   active sections: 0
07-05 16:28:29.050  5545  5998 W Summariser:   time: 27.031s
07-05 16:28:29.050  5545  5998 W Summariser:   original duration: 60.05
07-05 16:28:29.050  5545  5998 W Summariser:   summarised duration: -1.00
07-05 16:28:29.050  5545  5998 W Summariser:   noise tolerance: 45.00
07-05 16:28:29.050  5545  5998 W Summariser:   quality: 23
07-05 16:28:29.050  5545  5998 W Summariser:   speed: medium
07-05 16:28:29.050  5545  5998 W Summariser:   freeze duration: 1.00
07-05 16:28:29.080  5545  5957 W mobile-ffmpeg: [mov,mp4,m4a,3gp,3g2,mj2 @ 0x78e1f1fc00] Found duplicated MOOV Atom. Skipped it
07-05 16:28:29.266  5545  5957 W mobile-ffmpeg: [graph 0 input from stream 0:0 @ 0x78e1f65b00] sws_param option is deprecated and ignored
07-05 16:28:51.298  5545  5545 W NearbyFragment: Completed downloading 20200312_193928.mp4 from Endpoint{id=fwGx, name=Galaxy S8 [2802]} in 23.111s
07-05 16:28:56.965  5545  5957 W mobile-ffmpeg: [mov,mp4,m4a,3gp,3g2,mj2 @ 0x78e1f1fc00] Found duplicated MOOV Atom. Skipped it
07-05 16:28:57.108  5545  5998 W Summariser: 1 active sections found
07-05 16:28:57.126  5545  5957 W mobile-ffmpeg: [mov,mp4,m4a,3gp,3g2,mj2 @ 0x78e1f1fc00] Found duplicated MOOV Atom. Skipped it
07-05 16:28:57.345  5545  5957 W mobile-ffmpeg: [graph 0 input from stream 0:0 @ 0x78f36bc140] sws_param option is deprecated and ignored
07-05 16:29:23.322  5545  5545 W NearbyFragment: Completed downloading 20200312_194129.mp4 from Endpoint{id=fwGx, name=Galaxy S8 [2802]} in 29.100s
07-05 16:29:42.692  5545  5545 W NearbyFragment: Completed downloading 20200312_194229.mp4 from Endpoint{id=fwGx, name=Galaxy S8 [2802]} in 19.259s
07-05 16:30:04.209  5545  5957 W mobile-ffmpeg: [mov,mp4,m4a,3gp,3g2,mj2 @ 0x78e1f1fc00] Found duplicated MOOV Atom. Skipped it
07-05 16:30:04.431  5545  5998 W Summariser: Summarisation completed
07-05 16:30:04.431  5545  5998 W Summariser:   filename: 20200312_193628.mp4
07-05 16:30:04.431  5545  5998 W Summariser:   active sections: 1
07-05 16:30:04.431  5545  5998 W Summariser:   time: 95.130s
07-05 16:30:04.431  5545  5998 W Summariser:   original duration: 60.02
07-05 16:30:04.431  5545  5998 W Summariser:   summarised duration: 6.07
07-05 16:30:04.431  5545  5998 W Summariser:   noise tolerance: 45.00
07-05 16:30:04.431  5545  5998 W Summariser:   quality: 23
07-05 16:30:04.431  5545  5998 W Summariser:   speed: medium
07-05 16:30:04.431  5545  5998 W Summariser:   freeze duration: 1.00
07-05 16:30:04.490  5545  5998 W NearbyFragment: Sending 20200312_193628.mp4 to Galaxy S8 [2802]
07-05 16:30:04.526  5545  5957 W mobile-ffmpeg: [mov,mp4,m4a,3gp,3g2,mj2 @ 0x78e1f1fc00] Found duplicated MOOV Atom. Skipped it
07-05 16:30:04.836  5545  5957 W mobile-ffmpeg: [graph 0 input from stream 0:0 @ 0x78f36bbcc0] sws_param option is deprecated and ignored
07-05 16:30:10.111  5545  5545 W NearbyFragment: Completed downloading 20200312_194330.mp4 from Endpoint{id=fwGx, name=Galaxy S8 [2802]} in 19.248s
07-05 16:30:40.218  5545  5998 W Summariser: Whole video is active
07-05 16:30:45.420  5545  5545 W NearbyFragment: Completed downloading 20200312_194730.mp4 from Endpoint{id=fwGx, name=Galaxy S8 [2802]} in 28.789s
07-05 16:30:45.497  5545  5957 W mobile-ffmpeg: [mov,mp4,m4a,3gp,3g2,mj2 @ 0x78f3673200] Found duplicated MOOV Atom. Skipped it
07-05 16:30:45.657  5545  5957 W mobile-ffmpeg: [mov,mp4,m4a,3gp,3g2,mj2 @ 0x78f3673200] Found duplicated MOOV Atom. Skipped it
07-05 16:30:45.817  5545  5998 W Summariser: Summarisation completed
07-05 16:30:45.817  5545  5998 W Summariser:   filename: 20200312_193728.mp4
07-05 16:30:45.817  5545  5998 W Summariser:   active sections: -1
07-05 16:30:45.817  5545  5998 W Summariser:   time: 40.979s
07-05 16:30:45.817  5545  5998 W Summariser:   original duration: 60.02
07-05 16:30:45.817  5545  5998 W Summariser:   summarised duration: 60.02
07-05 16:30:45.817  5545  5998 W Summariser:   noise tolerance: 45.00
07-05 16:30:45.817  5545  5998 W Summariser:   quality: 23
07-05 16:30:45.817  5545  5998 W Summariser:   speed: medium
07-05 16:30:45.817  5545  5998 W Summariser:   freeze duration: 1.00
07-05 16:30:45.871  5545  5998 W NearbyFragment: Sending 20200312_193728.mp4 to Galaxy S8 [2802]
07-05 16:30:45.920  5545  5957 W mobile-ffmpeg: [mov,mp4,m4a,3gp,3g2,mj2 @ 0x78f3673200] Found duplicated MOOV Atom. Skipped it
07-05 16:30:46.194  5545  5957 W mobile-ffmpeg: [graph 0 input from stream 0:0 @ 0x78e1f65c80] sws_param option is deprecated and ignored
07-05 16:31:16.551  5545  5545 W NearbyFragment: Completed downloading 20200312_194830.mp4 from Endpoint{id=fwGx, name=Galaxy S8 [2802]} in 31.064s
07-05 16:31:23.309  5545  5998 W Summariser: 1 active sections found
07-05 16:31:23.327  5545  5957 W mobile-ffmpeg: [mov,mp4,m4a,3gp,3g2,mj2 @ 0x78f3673200] Found duplicated MOOV Atom. Skipped it
07-05 16:31:23.553  5545  5957 W mobile-ffmpeg: [graph 0 input from stream 0:0 @ 0x78f36bbcc0] sws_param option is deprecated and ignored
07-05 16:31:41.028  5545  5545 W NearbyFragment: Completed downloading 20200312_194930.mp4 from Endpoint{id=fwGx, name=Galaxy S8 [2802]} in 15.868s
07-05 16:32:14.779  5545  5545 W NearbyFragment: Completed downloading 20200312_195230.mp4 from Endpoint{id=fwGx, name=Galaxy S8 [2802]} in 17.049s
07-05 16:32:43.731  5545  5545 W NearbyFragment: Completed downloading 20200312_195330.mp4 from Endpoint{id=fwGx, name=Galaxy S8 [2802]} in 16.924s
07-05 16:32:51.872  5545  5957 W mobile-ffmpeg: [mov,mp4,m4a,3gp,3g2,mj2 @ 0x78f3673200] Found duplicated MOOV Atom. Skipped it
07-05 16:32:52.123  5545  5998 W Summariser: Summarisation completed
07-05 16:32:52.123  5545  5998 W Summariser:   filename: 20200312_193828.mp4
07-05 16:32:52.123  5545  5998 W Summariser:   active sections: 1
07-05 16:32:52.123  5545  5998 W Summariser:   time: 125.965s
07-05 16:32:52.123  5545  5998 W Summariser:   original duration: 60.02
07-05 16:32:52.123  5545  5998 W Summariser:   summarised duration: 14.28
07-05 16:32:52.123  5545  5998 W Summariser:   noise tolerance: 45.00
07-05 16:32:52.123  5545  5998 W Summariser:   quality: 23
07-05 16:32:52.123  5545  5998 W Summariser:   speed: medium
07-05 16:32:52.123  5545  5998 W Summariser:   freeze duration: 1.00
07-05 16:32:52.178  5545  5998 W NearbyFragment: Sending 20200312_193828.mp4 to Galaxy S8 [2802]
07-05 16:32:52.254  5545  5957 W mobile-ffmpeg: [mov,mp4,m4a,3gp,3g2,mj2 @ 0x78f3673200] Found duplicated MOOV Atom. Skipped it
07-05 16:32:52.474  5545  5957 W mobile-ffmpeg: [graph 0 input from stream 0:0 @ 0x78e1f65bc0] sws_param option is deprecated and ignored
07-05 16:33:21.961  5545  5545 W NearbyFragment: Completed downloading 20200312_195430.mp4 from Endpoint{id=fwGx, name=Galaxy S8 [2802]} in 26.953s
07-05 16:33:26.954  5545  5998 W Summariser: No activity detected
07-05 16:33:26.967  5545  5957 W mobile-ffmpeg: [mov,mp4,m4a,3gp,3g2,mj2 @ 0x78f3673200] Found duplicated MOOV Atom. Skipped it
07-05 16:33:27.071  5545  5998 W Summariser: Summarisation completed
07-05 16:33:27.071  5545  5998 W Summariser:   filename: 20200312_193928.mp4
07-05 16:33:27.071  5545  5998 W Summariser:   active sections: 0
07-05 16:33:27.071  5545  5998 W Summariser:   time: 34.762s
07-05 16:33:27.071  5545  5998 W Summariser:   original duration: 60.89
07-05 16:33:27.071  5545  5998 W Summariser:   summarised duration: -1.00
07-05 16:33:27.071  5545  5998 W Summariser:   noise tolerance: 45.00
07-05 16:33:27.071  5545  5998 W Summariser:   quality: 23
07-05 16:33:27.071  5545  5998 W Summariser:   speed: medium
07-05 16:33:27.071  5545  5998 W Summariser:   freeze duration: 1.00
07-05 16:33:27.111  5545  5957 W mobile-ffmpeg: [mov,mp4,m4a,3gp,3g2,mj2 @ 0x78f3673200] Found duplicated MOOV Atom. Skipped it
07-05 16:33:27.265  5545  5957 W mobile-ffmpeg: [graph 0 input from stream 0:0 @ 0x78e1f65a40] sws_param option is deprecated and ignored
07-05 16:33:57.813  5545  5998 W Summariser: 2 active sections found
07-05 16:33:57.833  5545  5957 W mobile-ffmpeg: [mov,mp4,m4a,3gp,3g2,mj2 @ 0x78f3673200] Found duplicated MOOV Atom. Skipped it
07-05 16:33:57.998  5545  5957 W mobile-ffmpeg: [graph 0 input from stream 0:0 @ 0x78f36bbcc0] sws_param option is deprecated and ignored
07-05 16:33:57.999  5545  5957 W mobile-ffmpeg: [graph 0 input from stream 0:0 @ 0x78e1f66100] sws_param option is deprecated and ignored
07-05 16:35:05.891  5545  5957 W mobile-ffmpeg: [mov,mp4,m4a,3gp,3g2,mj2 @ 0x78f3673200] Found duplicated MOOV Atom. Skipped it
07-05 16:35:06.047  5545  5998 W Summariser: Summarisation completed
07-05 16:35:06.047  5545  5998 W Summariser:   filename: 20200312_194129.mp4
07-05 16:35:06.047  5545  5998 W Summariser:   active sections: 2
07-05 16:35:06.047  5545  5998 W Summariser:   time: 98.792s
07-05 16:35:06.047  5545  5998 W Summariser:   original duration: 60.02
07-05 16:35:06.047  5545  5998 W Summariser:   summarised duration: 10.77
07-05 16:35:06.047  5545  5998 W Summariser:   noise tolerance: 45.00
07-05 16:35:06.047  5545  5998 W Summariser:   quality: 23
07-05 16:35:06.047  5545  5998 W Summariser:   speed: medium
07-05 16:35:06.047  5545  5998 W Summariser:   freeze duration: 1.00
07-05 16:35:06.121  5545  5998 W NearbyFragment: Sending 20200312_194129.mp4 to Galaxy S8 [2802]
07-05 16:35:06.165  5545  5957 W mobile-ffmpeg: [mov,mp4,m4a,3gp,3g2,mj2 @ 0x78f3673200] Found duplicated MOOV Atom. Skipped it
07-05 16:35:06.420  5545  5957 W mobile-ffmpeg: [graph 0 input from stream 0:0 @ 0x78e1f65c80] sws_param option is deprecated and ignored
07-05 16:35:30.040  5545  5957 W mobile-ffmpeg: [mov,mp4,m4a,3gp,3g2,mj2 @ 0x78f3673200] Found duplicated MOOV Atom. Skipped it
07-05 16:35:30.167  5545  5998 W Summariser: 5 active sections found
07-05 16:35:30.182  5545  5957 W mobile-ffmpeg: [mov,mp4,m4a,3gp,3g2,mj2 @ 0x78f3673200] Found duplicated MOOV Atom. Skipped it
07-05 16:35:30.364  5545  5957 W mobile-ffmpeg: [graph 0 input from stream 0:0 @ 0x78e1f66340] sws_param option is deprecated and ignored
07-05 16:35:30.364  5545  5957 W mobile-ffmpeg: [graph 0 input from stream 0:0 @ 0x78e1f66ac0] sws_param option is deprecated and ignored
07-05 16:35:30.364  5545  5957 W mobile-ffmpeg: [graph 0 input from stream 0:0 @ 0x78e1f66880] sws_param option is deprecated and ignored
07-05 16:35:30.365  5545  5957 W mobile-ffmpeg: [graph 0 input from stream 0:0 @ 0x78e1f66d00] sws_param option is deprecated and ignored
07-05 16:35:30.365  5545  5957 W mobile-ffmpeg: [graph 0 input from stream 0:0 @ 0x78e1f66e80] sws_param option is deprecated and ignored
07-05 16:36:42.355  5545  5957 W mobile-ffmpeg: [mov,mp4,m4a,3gp,3g2,mj2 @ 0x78f3673200] Found duplicated MOOV Atom. Skipped it
07-05 16:36:42.582  5545  5998 W Summariser: Summarisation completed
07-05 16:36:42.582  5545  5998 W Summariser:   filename: 20200312_194229.mp4
07-05 16:36:42.582  5545  5998 W Summariser:   active sections: 5
07-05 16:36:42.582  5545  5998 W Summariser:   time: 96.206s
07-05 16:36:42.582  5545  5998 W Summariser:   original duration: 60.02
07-05 16:36:42.582  5545  5998 W Summariser:   summarised duration: 15.51
07-05 16:36:42.582  5545  5998 W Summariser:   noise tolerance: 45.00
07-05 16:36:42.582  5545  5998 W Summariser:   quality: 23
07-05 16:36:42.582  5545  5998 W Summariser:   speed: medium
07-05 16:36:42.582  5545  5998 W Summariser:   freeze duration: 1.00
07-05 16:36:42.662  5545  5998 W NearbyFragment: Sending 20200312_194229.mp4 to Galaxy S8 [2802]
07-05 16:36:42.703  5545  5957 W mobile-ffmpeg: [mov,mp4,m4a,3gp,3g2,mj2 @ 0x78f3673200] Found duplicated MOOV Atom. Skipped it
07-05 16:36:42.928  5545  5957 W mobile-ffmpeg: [graph 0 input from stream 0:0 @ 0x78e1f65c80] sws_param option is deprecated and ignored
07-05 16:37:13.176  5545  5998 W Summariser: No activity detected
07-05 16:37:13.189  5545  5957 W mobile-ffmpeg: [mov,mp4,m4a,3gp,3g2,mj2 @ 0x78f3673200] Found duplicated MOOV Atom. Skipped it
07-05 16:37:13.280  5545  5998 W Summariser: Summarisation completed
07-05 16:37:13.280  5545  5998 W Summariser:   filename: 20200312_194330.mp4
07-05 16:37:13.280  5545  5998 W Summariser:   active sections: 0
07-05 16:37:13.280  5545  5998 W Summariser:   time: 30.498s
07-05 16:37:13.280  5545  5998 W Summariser:   original duration: 60.02
07-05 16:37:13.280  5545  5998 W Summariser:   summarised duration: -1.00
07-05 16:37:13.280  5545  5998 W Summariser:   noise tolerance: 45.00
07-05 16:37:13.280  5545  5998 W Summariser:   quality: 23
07-05 16:37:13.280  5545  5998 W Summariser:   speed: medium
07-05 16:37:13.280  5545  5998 W Summariser:   freeze duration: 1.00
07-05 16:37:13.334  5545  5957 W mobile-ffmpeg: [mov,mp4,m4a,3gp,3g2,mj2 @ 0x78f3673200] Found duplicated MOOV Atom. Skipped it
07-05 16:37:13.505  5545  5957 W mobile-ffmpeg: [graph 0 input from stream 0:0 @ 0x78e1f65bc0] sws_param option is deprecated and ignored
07-05 16:37:43.805  5545  5998 W Summariser: No activity detected
07-05 16:37:43.818  5545  5957 W mobile-ffmpeg: [mov,mp4,m4a,3gp,3g2,mj2 @ 0x78f3673200] Found duplicated MOOV Atom. Skipped it
07-05 16:37:43.915  5545  5998 W Summariser: Summarisation completed
07-05 16:37:43.915  5545  5998 W Summariser:   filename: 20200312_194730.mp4
07-05 16:37:43.915  5545  5998 W Summariser:   active sections: 0
07-05 16:37:43.915  5545  5998 W Summariser:   time: 30.502s
07-05 16:37:43.915  5545  5998 W Summariser:   original duration: 60.02
07-05 16:37:43.915  5545  5998 W Summariser:   summarised duration: -1.00
07-05 16:37:43.915  5545  5998 W Summariser:   noise tolerance: 45.00
07-05 16:37:43.915  5545  5998 W Summariser:   quality: 23
07-05 16:37:43.915  5545  5998 W Summariser:   speed: medium
07-05 16:37:43.915  5545  5998 W Summariser:   freeze duration: 1.00
07-05 16:37:43.979  5545  5957 W mobile-ffmpeg: [mov,mp4,m4a,3gp,3g2,mj2 @ 0x78f3673200] Found duplicated MOOV Atom. Skipped it
07-05 16:37:44.200  5545  5957 W mobile-ffmpeg: [graph 0 input from stream 0:0 @ 0x78e1f65b00] sws_param option is deprecated and ignored
07-05 16:38:14.917  5545  5998 W Summariser: 4 active sections found
07-05 16:38:14.936  5545  5957 W mobile-ffmpeg: [mov,mp4,m4a,3gp,3g2,mj2 @ 0x78f3673200] Found duplicated MOOV Atom. Skipped it
07-05 16:38:15.160  5545  5957 W mobile-ffmpeg: [graph 0 input from stream 0:0 @ 0x78e1f66040] sws_param option is deprecated and ignored
07-05 16:38:15.160  5545  5957 W mobile-ffmpeg: [graph 0 input from stream 0:0 @ 0x78e1f66880] sws_param option is deprecated and ignored
07-05 16:38:15.160  5545  5957 W mobile-ffmpeg: [graph 0 input from stream 0:0 @ 0x78e1f66a00] sws_param option is deprecated and ignored
07-05 16:38:15.160  5545  5957 W mobile-ffmpeg: [graph 0 input from stream 0:0 @ 0x78e1f66b80] sws_param option is deprecated and ignored
07-05 16:39:39.494  5545  5957 W mobile-ffmpeg: [mov,mp4,m4a,3gp,3g2,mj2 @ 0x78f3673200] Found duplicated MOOV Atom. Skipped it
07-05 16:39:39.672  5545  5998 W Summariser: Summarisation completed
07-05 16:39:39.672  5545  5998 W Summariser:   filename: 20200312_194830.mp4
07-05 16:39:39.672  5545  5998 W Summariser:   active sections: 4
07-05 16:39:39.672  5545  5998 W Summariser:   time: 115.547s
07-05 16:39:39.672  5545  5998 W Summariser:   original duration: 60.02
07-05 16:39:39.672  5545  5998 W Summariser:   summarised duration: 19.02
07-05 16:39:39.672  5545  5998 W Summariser:   noise tolerance: 45.00
07-05 16:39:39.672  5545  5998 W Summariser:   quality: 23
07-05 16:39:39.672  5545  5998 W Summariser:   speed: medium
07-05 16:39:39.672  5545  5998 W Summariser:   freeze duration: 1.00
07-05 16:39:39.746  5545  5998 W NearbyFragment: Sending 20200312_194830.mp4 to Galaxy S8 [2802]
07-05 16:39:39.783  5545  5957 W mobile-ffmpeg: [mov,mp4,m4a,3gp,3g2,mj2 @ 0x78f3673200] Found duplicated MOOV Atom. Skipped it
07-05 16:39:39.967  5545  5957 W mobile-ffmpeg: [graph 0 input from stream 0:0 @ 0x78e1f65bc0] sws_param option is deprecated and ignored
07-05 16:40:09.786  5545  5957 W mobile-ffmpeg: [mov,mp4,m4a,3gp,3g2,mj2 @ 0x78f3673200] Found duplicated MOOV Atom. Skipped it
07-05 16:40:09.934  5545  5998 W Summariser: 2 active sections found
07-05 16:40:09.952  5545  5957 W mobile-ffmpeg: [mov,mp4,m4a,3gp,3g2,mj2 @ 0x78f3673200] Found duplicated MOOV Atom. Skipped it
07-05 16:40:10.169  5545  5957 W mobile-ffmpeg: [graph 0 input from stream 0:0 @ 0x78e1f65a40] sws_param option is deprecated and ignored
07-05 16:40:10.169  5545  5957 W mobile-ffmpeg: [graph 0 input from stream 0:0 @ 0x78e1f66040] sws_param option is deprecated and ignored
07-05 16:42:10.513  5545  5957 W mobile-ffmpeg: [mov,mp4,m4a,3gp,3g2,mj2 @ 0x78f3673200] Found duplicated MOOV Atom. Skipped it
07-05 16:42:10.686  5545  5998 W Summariser: Summarisation completed
07-05 16:42:10.686  5545  5998 W Summariser:   filename: 20200312_194930.mp4
07-05 16:42:10.686  5545  5998 W Summariser:   active sections: 2
07-05 16:42:10.686  5545  5998 W Summariser:   time: 150.743s
07-05 16:42:10.686  5545  5998 W Summariser:   original duration: 60.02
07-05 16:42:10.686  5545  5998 W Summariser:   summarised duration: 22.25
07-05 16:42:10.686  5545  5998 W Summariser:   noise tolerance: 45.00
07-05 16:42:10.686  5545  5998 W Summariser:   quality: 23
07-05 16:42:10.686  5545  5998 W Summariser:   speed: medium
07-05 16:42:10.686  5545  5998 W Summariser:   freeze duration: 1.00
07-05 16:42:10.747  5545  5998 W NearbyFragment: Sending 20200312_194930.mp4 to Galaxy S8 [2802]
07-05 16:42:10.787  5545  5957 W mobile-ffmpeg: [mov,mp4,m4a,3gp,3g2,mj2 @ 0x78f3673200] Found duplicated MOOV Atom. Skipped it
07-05 16:42:10.954  5545  5957 W mobile-ffmpeg: [graph 0 input from stream 0:0 @ 0x78e1f65a40] sws_param option is deprecated and ignored
07-05 16:42:34.895  5545  5998 W Summariser: 1 active sections found
07-05 16:42:34.911  5545  5957 W mobile-ffmpeg: [mov,mp4,m4a,3gp,3g2,mj2 @ 0x78f3673200] Found duplicated MOOV Atom. Skipped it
07-05 16:42:35.043  5545  5957 W mobile-ffmpeg: [graph 0 input from stream 0:0 @ 0x78f36bc980] sws_param option is deprecated and ignored
07-05 16:43:16.659  5545  5957 W mobile-ffmpeg: [mov,mp4,m4a,3gp,3g2,mj2 @ 0x78f3673200] Found duplicated MOOV Atom. Skipped it
07-05 16:43:16.821  5545  5998 W Summariser: Summarisation completed
07-05 16:43:16.821  5545  5998 W Summariser:   filename: 20200312_195230.mp4
07-05 16:43:16.821  5545  5998 W Summariser:   active sections: 1
07-05 16:43:16.821  5545  5998 W Summariser:   time: 65.888s
07-05 16:43:16.821  5545  5998 W Summariser:   original duration: 60.02
07-05 16:43:16.821  5545  5998 W Summariser:   summarised duration: 6.97
07-05 16:43:16.821  5545  5998 W Summariser:   noise tolerance: 45.00
07-05 16:43:16.821  5545  5998 W Summariser:   quality: 23
07-05 16:43:16.821  5545  5998 W Summariser:   speed: medium
07-05 16:43:16.821  5545  5998 W Summariser:   freeze duration: 1.00
07-05 16:43:16.892  5545  5998 W NearbyFragment: Sending 20200312_195230.mp4 to Galaxy S8 [2802]
07-05 16:43:16.941  5545  5957 W mobile-ffmpeg: [mov,mp4,m4a,3gp,3g2,mj2 @ 0x78f3673200] Found duplicated MOOV Atom. Skipped it
07-05 16:43:17.134  5545  5957 W mobile-ffmpeg: [graph 0 input from stream 0:0 @ 0x78e1f65a40] sws_param option is deprecated and ignored
07-05 16:43:47.880  5545  5998 W Summariser: 5 active sections found
07-05 16:43:47.900  5545  5957 W mobile-ffmpeg: [mov,mp4,m4a,3gp,3g2,mj2 @ 0x78f3673200] Found duplicated MOOV Atom. Skipped it
07-05 16:43:48.071  5545  5957 W mobile-ffmpeg: [graph 0 input from stream 0:0 @ 0x78e1f66340] sws_param option is deprecated and ignored
07-05 16:43:48.071  5545  5957 W mobile-ffmpeg: [graph 0 input from stream 0:0 @ 0x78e1f66b80] sws_param option is deprecated and ignored
07-05 16:43:48.071  5545  5957 W mobile-ffmpeg: [graph 0 input from stream 0:0 @ 0x78e1f66880] sws_param option is deprecated and ignored
07-05 16:43:48.071  5545  5957 W mobile-ffmpeg: [graph 0 input from stream 0:0 @ 0x78e1f66d00] sws_param option is deprecated and ignored
07-05 16:43:48.071  5545  5957 W mobile-ffmpeg: [graph 0 input from stream 0:0 @ 0x78e1f66e80] sws_param option is deprecated and ignored
07-05 16:45:32.572  5545  5957 W mobile-ffmpeg: [mov,mp4,m4a,3gp,3g2,mj2 @ 0x78f3673200] Found duplicated MOOV Atom. Skipped it
07-05 16:45:32.740  5545  5998 W Summariser: Summarisation completed
07-05 16:45:32.740  5545  5998 W Summariser:   filename: 20200312_195330.mp4
07-05 16:45:32.740  5545  5998 W Summariser:   active sections: 5
07-05 16:45:32.740  5545  5998 W Summariser:   time: 135.644s
07-05 16:45:32.740  5545  5998 W Summariser:   original duration: 60.02
07-05 16:45:32.740  5545  5998 W Summariser:   summarised duration: 23.42
07-05 16:45:32.740  5545  5998 W Summariser:   noise tolerance: 45.00
07-05 16:45:32.740  5545  5998 W Summariser:   quality: 23
07-05 16:45:32.740  5545  5998 W Summariser:   speed: medium
07-05 16:45:32.740  5545  5998 W Summariser:   freeze duration: 1.00
07-05 16:45:32.821  5545  5998 W NearbyFragment: Sending 20200312_195330.mp4 to Galaxy S8 [2802]
07-05 16:45:32.874  5545  5957 W mobile-ffmpeg: [mov,mp4,m4a,3gp,3g2,mj2 @ 0x78f3673200] Found duplicated MOOV Atom. Skipped it
07-05 16:45:33.139  5545  5957 W mobile-ffmpeg: [graph 0 input from stream 0:0 @ 0x78e1f65c80] sws_param option is deprecated and ignored
07-05 16:46:03.511  5545  5998 W Summariser: 5 active sections found
07-05 16:46:03.534  5545  5957 W mobile-ffmpeg: [mov,mp4,m4a,3gp,3g2,mj2 @ 0x78f3673200] Found duplicated MOOV Atom. Skipped it
07-05 16:46:03.761  5545  5957 W mobile-ffmpeg: [graph 0 input from stream 0:0 @ 0x78e1f66340] sws_param option is deprecated and ignored
07-05 16:46:03.761  5545  5957 W mobile-ffmpeg: [graph 0 input from stream 0:0 @ 0x78e1f66b80] sws_param option is deprecated and ignored
07-05 16:46:03.761  5545  5957 W mobile-ffmpeg: [graph 0 input from stream 0:0 @ 0x78e1f66880] sws_param option is deprecated and ignored
07-05 16:46:03.762  5545  5957 W mobile-ffmpeg: [graph 0 input from stream 0:0 @ 0x78e1f66d00] sws_param option is deprecated and ignored
07-05 16:46:03.762  5545  5957 W mobile-ffmpeg: [graph 0 input from stream 0:0 @ 0x78e1f66e80] sws_param option is deprecated and ignored
07-05 16:47:49.190  5545  5957 W mobile-ffmpeg: [mov,mp4,m4a,3gp,3g2,mj2 @ 0x78f3673200] Found duplicated MOOV Atom. Skipped it
07-05 16:47:49.398  5545  5998 W Summariser: Summarisation completed
07-05 16:47:49.398  5545  5998 W Summariser:   filename: 20200312_195430.mp4
07-05 16:47:49.398  5545  5998 W Summariser:   active sections: 5
07-05 16:47:49.398  5545  5998 W Summariser:   time: 136.341s
07-05 16:47:49.398  5545  5998 W Summariser:   original duration: 60.02
07-05 16:47:49.398  5545  5998 W Summariser:   summarised duration: 21.92
07-05 16:47:49.398  5545  5998 W Summariser:   noise tolerance: 45.00
07-05 16:47:49.398  5545  5998 W Summariser:   quality: 23
07-05 16:47:49.398  5545  5998 W Summariser:   speed: medium
07-05 16:47:49.398  5545  5998 W Summariser:   freeze duration: 1.00
07-05 16:47:49.466  5545  5998 W NearbyFragment: Sending 20200312_195430.mp4 to Galaxy S8 [2802]
