--------- beginning of main
07-04 23:28:37.669  7274  7274 I zygote  : Late-enabling -Xcheck:jni
--------- beginning of system
07-04 23:28:37.786  7274  7274 I ActivityThread: handleStopService: token=android.os.BinderProxy@c81c122 not found.
07-04 23:28:37.791  7274  7274 I TransferService: Starting Transfer Service to listen for network connectivity changes.
07-04 23:28:37.792  7274  7274 W LogFactory: Truncating log tag length as it exceed 23, the limit imposed by Android on certain API Levels
07-04 23:28:37.814  7274  7274 I TransferService: Registering the network receiver
07-04 23:28:37.817  7274  7274 I TransferService: Moving the service out of the Foreground state.
07-04 23:28:37.818  7274  7274 I TransferService: De-registering the network receiver.
07-04 23:28:41.246  7274  7274 I zygote  : Rejecting re-init on previously-failed class java.lang.Class<androidx.core.view.ViewCompat$2>: java.lang.NoClassDefFoundError: Failed resolution of: Landroid/view/View$OnUnhandledKeyEventListener;
07-04 23:28:41.246  7274  7274 I zygote  :   at void androidx.core.view.ViewCompat.setOnApplyWindowInsetsListener(android.view.View, androidx.core.view.OnApplyWindowInsetsListener) (ViewCompat.java:2421)
07-04 23:28:41.246  7274  7274 I zygote  :   at android.view.ViewGroup androidx.appcompat.app.AppCompatDelegateImpl.createSubDecor() (AppCompatDelegateImpl.java:779)
07-04 23:28:41.246  7274  7274 I zygote  :   at void androidx.appcompat.app.AppCompatDelegateImpl.ensureSubDecor() (AppCompatDelegateImpl.java:659)
07-04 23:28:41.246  7274  7274 I zygote  :   at void androidx.appcompat.app.AppCompatDelegateImpl.setContentView(int) (AppCompatDelegateImpl.java:552)
07-04 23:28:41.246  7274  7274 I zygote  :   at void androidx.appcompat.app.AppCompatActivity.setContentView(int) (AppCompatActivity.java:161)
07-04 23:28:41.246  7274  7274 I zygote  :   at void com.example.edgesum.page.main.MainActivity.onCreate(android.os.Bundle) (MainActivity.java:95)
07-04 23:28:41.246  7274  7274 I zygote  :   at void android.app.Activity.performCreate(android.os.Bundle, android.os.PersistableBundle) (Activity.java:7009)
07-04 23:28:41.246  7274  7274 I zygote  :   at void android.app.Activity.performCreate(android.os.Bundle) (Activity.java:7000)
07-04 23:28:41.246  7274  7274 I zygote  :   at void android.app.Instrumentation.callActivityOnCreate(android.app.Activity, android.os.Bundle) (Instrumentation.java:1214)
07-04 23:28:41.246  7274  7274 I zygote  :   at android.app.Activity android.app.ActivityThread.performLaunchActivity(android.app.ActivityThread$ActivityClientRecord, android.content.Intent) (ActivityThread.java:2731)
07-04 23:28:41.246  7274  7274 I zygote  :   at void android.app.ActivityThread.handleLaunchActivity(android.app.ActivityThread$ActivityClientRecord, android.content.Intent, java.lang.String) (ActivityThread.java:2856)
07-04 23:28:41.246  7274  7274 I zygote  :   at void android.app.ActivityThread.-wrap11(android.app.ActivityThread, android.app.ActivityThread$ActivityClientRecord, android.content.Intent, java.lang.String) (ActivityThread.java:-1)
07-04 23:28:41.246  7274  7274 I zygote  :   at void android.app.ActivityThread$H.handleMessage(android.os.Message) (ActivityThread.java:1589)
07-04 23:28:41.246  7274  7274 I zygote  :   at void android.os.Handler.dispatchMessage(android.os.Message) (Handler.java:106)
07-04 23:28:41.246  7274  7274 I zygote  :   at void android.os.Looper.loop() (Looper.java:164)
07-04 23:28:41.246  7274  7274 I zygote  :   at void android.app.ActivityThread.main(java.lang.String[]) (ActivityThread.java:6494)
07-04 23:28:41.246  7274  7274 I zygote  :   at java.lang.Object java.lang.reflect.Method.invoke(java.lang.Object, java.lang.Object[]) (Method.java:-2)
07-04 23:28:41.246  7274  7274 I zygote  :   at void com.android.internal.os.RuntimeInit$MethodAndArgsCaller.run() (RuntimeInit.java:438)
07-04 23:28:41.246  7274  7274 I zygote  :   at void com.android.internal.os.ZygoteInit.main(java.lang.String[]) (ZygoteInit.java:807)
07-04 23:28:41.246  7274  7274 I zygote  : Caused by: java.lang.ClassNotFoundException: Didn't find class "android.view.View$OnUnhandledKeyEventListener" on path: DexPathList[[zip file "/data/app/com.example.edgesum-ZX3IoUwEULyl35RfaHmRfQ==/base.apk"],nativeLibraryDirectories=[/data/app/com.example.edgesum-ZX3IoUwEULyl35RfaHmRfQ==/lib/arm, /data/app/com.example.edgesum-ZX3IoUwEULyl35RfaHmRfQ==/base.apk!/lib/armeabi-v7a, /system/lib, /system/vendor/lib]]
07-04 23:28:41.246  7274  7274 I zygote  :   at java.lang.Class dalvik.system.BaseDexClassLoader.findClass(java.lang.String) (BaseDexClassLoader.java:125)
07-04 23:28:41.246  7274  7274 I zygote  :   at java.lang.Class java.lang.ClassLoader.loadClass(java.lang.String, boolean) (ClassLoader.java:379)
07-04 23:28:41.246  7274  7274 I zygote  :   at java.lang.Class java.lang.ClassLoader.loadClass(java.lang.String) (ClassLoader.java:312)
07-04 23:28:41.246  7274  7274 I zygote  :   at void androidx.core.view.ViewCompat.setOnApplyWindowInsetsListener(android.view.View, androidx.core.view.OnApplyWindowInsetsListener) (ViewCompat.java:2421)
07-04 23:28:41.246  7274  7274 I zygote  :   at android.view.ViewGroup androidx.appcompat.app.AppCompatDelegateImpl.createSubDecor() (AppCompatDelegateImpl.java:779)
07-04 23:28:41.246  7274  7274 I zygote  :   at void androidx.appcompat.app.AppCompatDelegateImpl.ensureSubDecor() (AppCompatDelegateImpl.java:659)
07-04 23:28:41.247  7274  7274 I zygote  :   at void androidx.appcompat.app.AppCompatDelegateImpl.setContentView(int) (AppCompatDelegateImpl.java:552)
07-04 23:28:41.247  7274  7274 I zygote  :   at void androidx.appcompat.app.AppCompatActivity.setContentView(int) (AppCompatActivity.java:161)
07-04 23:28:41.247  7274  7274 I zygote  :   at void com.example.edgesum.page.main.MainActivity.onCreate(android.os.Bundle) (MainActivity.java:95)
07-04 23:28:41.247  7274  7274 I zygote  :   at void android.app.Activity.performCreate(android.os.Bundle, android.os.PersistableBundle) (Activity.java:7009)
07-04 23:28:41.247  7274  7274 I zygote  :   at void android.app.Activity.performCreate(android.os.Bundle) (Activity.java:7000)
07-04 23:28:41.247  7274  7274 I zygote  :   at void android.app.Instrumentation.callActivityOnCreate(android.app.Activity, android.os.Bundle) (Instrumentation.java:1214)
07-04 23:28:41.247  7274  7274 I zygote  :   at android.app.Activity android.app.ActivityThread.performLaunchActivity(android.app.ActivityThread$ActivityClientRecord, android.content.Intent) (ActivityThread.java:2731)
07-04 23:28:41.247  7274  7274 I zygote  :   at void android.app.ActivityThread.handleLaunchActivity(android.app.ActivityThread$ActivityClientRecord, android.content.Intent, java.lang.String) (ActivityThread.java:2856)
07-04 23:28:41.247  7274  7274 I zygote  :   at void android.app.ActivityThread.-wrap11(android.app.ActivityThread, android.app.ActivityThread$ActivityClientRecord, android.content.Intent, java.lang.String) (ActivityThread.java:-1)
07-04 23:28:41.247  7274  7274 I zygote  :   at void android.app.ActivityThread$H.handleMessage(android.os.Message) (ActivityThread.java:1589)
07-04 23:28:41.247  7274  7274 I zygote  :   at void android.os.Handler.dispatchMessage(android.os.Message) (Handler.java:106)
07-04 23:28:41.247  7274  7274 I zygote  :   at void android.os.Looper.loop() (Looper.java:164)
07-04 23:28:41.247  7274  7274 I zygote  :   at void android.app.ActivityThread.main(java.lang.String[]) (ActivityThread.java:6494)
07-04 23:28:41.247  7274  7274 I zygote  :   at java.lang.Object java.lang.reflect.Method.invoke(java.lang.Object, java.lang.Object[]) (Method.java:-2)
07-04 23:28:41.247  7274  7274 I zygote  :   at void com.android.internal.os.RuntimeInit$MethodAndArgsCaller.run() (RuntimeInit.java:438)
07-04 23:28:41.247  7274  7274 I zygote  :   at void com.android.internal.os.ZygoteInit.main(java.lang.String[]) (ZygoteInit.java:807)
07-04 23:28:41.247  7274  7274 I zygote  : 
07-04 23:28:41.247  7274  7274 I zygote  : Rejecting re-init on previously-failed class java.lang.Class<androidx.core.view.ViewCompat$2>: java.lang.NoClassDefFoundError: Failed resolution of: Landroid/view/View$OnUnhandledKeyEventListener;
07-04 23:28:41.247  7274  7274 I zygote  :   at void androidx.core.view.ViewCompat.setOnApplyWindowInsetsListener(android.view.View, androidx.core.view.OnApplyWindowInsetsListener) (ViewCompat.java:2421)
07-04 23:28:41.247  7274  7274 I zygote  :   at android.view.ViewGroup androidx.appcompat.app.AppCompatDelegateImpl.createSubDecor() (AppCompatDelegateImpl.java:779)
07-04 23:28:41.247  7274  7274 I zygote  :   at void androidx.appcompat.app.AppCompatDelegateImpl.ensureSubDecor() (AppCompatDelegateImpl.java:659)
07-04 23:28:41.247  7274  7274 I zygote  :   at void androidx.appcompat.app.AppCompatDelegateImpl.setContentView(int) (AppCompatDelegateImpl.java:552)
07-04 23:28:41.247  7274  7274 I zygote  :   at void androidx.appcompat.app.AppCompatActivity.setContentView(int) (AppCompatActivity.java:161)
07-04 23:28:41.247  7274  7274 I zygote  :   at void com.example.edgesum.page.main.MainActivity.onCreate(android.os.Bundle) (MainActivity.java:95)
07-04 23:28:41.248  7274  7274 I zygote  :   at void android.app.Activity.performCreate(android.os.Bundle, android.os.PersistableBundle) (Activity.java:7009)
07-04 23:28:41.248  7274  7274 I zygote  :   at void android.app.Activity.performCreate(android.os.Bundle) (Activity.java:7000)
07-04 23:28:41.248  7274  7274 I zygote  :   at void android.app.Instrumentation.callActivityOnCreate(android.app.Activity, android.os.Bundle) (Instrumentation.java:1214)
07-04 23:28:41.248  7274  7274 I zygote  :   at android.app.Activity android.app.ActivityThread.performLaunchActivity(android.app.ActivityThread$ActivityClientRecord, android.content.Intent) (ActivityThread.java:2731)
07-04 23:28:41.248  7274  7274 I zygote  :   at void android.app.ActivityThread.handleLaunchActivity(android.app.ActivityThread$ActivityClientRecord, android.content.Intent, java.lang.String) (ActivityThread.java:2856)
07-04 23:28:41.248  7274  7274 I zygote  :   at void android.app.ActivityThread.-wrap11(android.app.ActivityThread, android.app.ActivityThread$ActivityClientRecord, android.content.Intent, java.lang.String) (ActivityThread.java:-1)
07-04 23:28:41.248  7274  7274 I zygote  :   at void android.app.ActivityThread$H.handleMessage(android.os.Message) (ActivityThread.java:1589)
07-04 23:28:41.248  7274  7274 I zygote  :   at void android.os.Handler.dispatchMessage(android.os.Message) (Handler.java:106)
07-04 23:28:41.248  7274  7274 I zygote  :   at void android.os.Looper.loop() (Looper.java:164)
07-04 23:28:41.248  7274  7274 I zygote  :   at void android.app.ActivityThread.main(java.lang.String[]) (ActivityThread.java:6494)
07-04 23:28:41.248  7274  7274 I zygote  :   at java.lang.Object java.lang.reflect.Method.invoke(java.lang.Object, java.lang.Object[]) (Method.java:-2)
07-04 23:28:41.248  7274  7274 I zygote  :   at void com.android.internal.os.RuntimeInit$MethodAndArgsCaller.run() (RuntimeInit.java:438)
07-04 23:28:41.248  7274  7274 I zygote  :   at void com.android.internal.os.ZygoteInit.main(java.lang.String[]) (ZygoteInit.java:807)
07-04 23:28:41.248  7274  7274 I zygote  : Caused by: java.lang.ClassNotFoundException: Didn't find class "android.view.View$OnUnhandledKeyEventListener" on path: DexPathList[[zip file "/data/app/com.example.edgesum-ZX3IoUwEULyl35RfaHmRfQ==/base.apk"],nativeLibraryDirectories=[/data/app/com.example.edgesum-ZX3IoUwEULyl35RfaHmRfQ==/lib/arm, /data/app/com.example.edgesum-ZX3IoUwEULyl35RfaHmRfQ==/base.apk!/lib/armeabi-v7a, /system/lib, /system/vendor/lib]]
07-04 23:28:41.248  7274  7274 I zygote  :   at java.lang.Class dalvik.system.BaseDexClassLoader.findClass(java.lang.String) (BaseDexClassLoader.java:125)
07-04 23:28:41.248  7274  7274 I zygote  :   at java.lang.Class java.lang.ClassLoader.loadClass(java.lang.String, boolean) (ClassLoader.java:379)
07-04 23:28:41.248  7274  7274 I zygote  :   at java.lang.Class java.lang.ClassLoader.loadClass(java.lang.String) (ClassLoader.java:312)
07-04 23:28:41.248  7274  7274 I zygote  :   at void androidx.core.view.ViewCompat.setOnApplyWindowInsetsListener(android.view.View, androidx.core.view.OnApplyWindowInsetsListener) (ViewCompat.java:2421)
07-04 23:28:41.248  7274  7274 I zygote  :   at android.view.ViewGroup androidx.appcompat.app.AppCompatDelegateImpl.createSubDecor() (AppCompatDelegateImpl.java:779)
07-04 23:28:41.248  7274  7274 I zygote  :   at void androidx.appcompat.app.AppCompatDelegateImpl.ensureSubDecor() (AppCompatDelegateImpl.java:659)
07-04 23:28:41.248  7274  7274 I zygote  :   at void androidx.appcompat.app.AppCompatDelegateImpl.setContentView(int) (AppCompatDelegateImpl.java:552)
07-04 23:28:41.248  7274  7274 I zygote  :   at void androidx.appcompat.app.AppCompatActivity.setContentView(int) (AppCompatActivity.java:161)
07-04 23:28:41.248  7274  7274 I zygote  :   at void com.example.edgesum.page.main.MainActivity.onCreate(android.os.Bundle) (MainActivity.java:95)
07-04 23:28:41.248  7274  7274 I zygote  :   at void android.app.Activity.performCreate(android.os.Bundle, android.os.PersistableBundle) (Activity.java:7009)
07-04 23:28:41.248  7274  7274 I zygote  :   at void android.app.Activity.performCreate(android.os.Bundle) (Activity.java:7000)
07-04 23:28:41.248  7274  7274 I zygote  :   at void android.app.Instrumentation.callActivityOnCreate(android.app.Activity, android.os.Bundle) (Instrumentation.java:1214)
07-04 23:28:41.248  7274  7274 I zygote  :   at android.app.Activity android.app.ActivityThread.performLaunchActivity(android.app.ActivityThread$ActivityClientRecord, android.content.Intent) (ActivityThread.java:2731)
07-04 23:28:41.248  7274  7274 I zygote  :   at void android.app.ActivityThread.handleLaunchActivity(android.app.ActivityThread$ActivityClientRecord, android.content.Intent, java.lang.String) (ActivityThread.java:2856)
07-04 23:28:41.248  7274  7274 I zygote  :   at void android.app.ActivityThread.-wrap11(android.app.ActivityThread, android.app.ActivityThread$ActivityClientRecord, android.content.Intent, java.lang.String) (ActivityThread.java:-1)
07-04 23:28:41.248  7274  7274 I zygote  :   at void android.app.ActivityThread$H.handleMessage(android.os.Message) (ActivityThread.java:1589)
07-04 23:28:41.248  7274  7274 I zygote  :   at void android.os.Handler.dispatchMessage(android.os.Message) (Handler.java:106)
07-04 23:28:41.248  7274  7274 I zygote  :   at void android.os.Looper.loop() (Looper.java:164)
07-04 23:28:41.248  7274  7274 I zygote  :   at void android.app.ActivityThread.main(java.lang.String[]) (ActivityThread.java:6494)
07-04 23:28:41.248  7274  7274 I zygote  :   at java.lang.Object java.lang.reflect.Method.invoke(java.lang.Object, java.lang.Object[]) (Method.java:-2)
07-04 23:28:41.248  7274  7274 I zygote  :   at void com.android.internal.os.RuntimeInit$MethodAndArgsCaller.run() (RuntimeInit.java:438)
07-04 23:28:41.248  7274  7274 I zygote  :   at void com.android.internal.os.ZygoteInit.main(java.lang.String[]) (ZygoteInit.java:807)
07-04 23:28:41.248  7274  7274 I zygote  : 
07-04 23:28:41.248  7274  7274 I zygote  : Rejecting re-init on previously-failed class java.lang.Class<androidx.core.view.ViewCompat$2>: java.lang.NoClassDefFoundError: Failed resolution of: Landroid/view/View$OnUnhandledKeyEventListener;
07-04 23:28:41.248  7274  7274 I zygote  :   at void androidx.core.view.ViewCompat.setOnApplyWindowInsetsListener(android.view.View, androidx.core.view.OnApplyWindowInsetsListener) (ViewCompat.java:2421)
07-04 23:28:41.248  7274  7274 I zygote  :   at android.view.ViewGroup androidx.appcompat.app.AppCompatDelegateImpl.createSubDecor() (AppCompatDelegateImpl.java:779)
07-04 23:28:41.248  7274  7274 I zygote  :   at void androidx.appcompat.app.AppCompatDelegateImpl.ensureSubDecor() (AppCompatDelegateImpl.java:659)
07-04 23:28:41.248  7274  7274 I zygote  :   at void androidx.appcompat.app.AppCompatDelegateImpl.setContentView(int) (AppCompatDelegateImpl.java:552)
07-04 23:28:41.248  7274  7274 I zygote  :   at void androidx.appcompat.app.AppCompatActivity.setContentView(int) (AppCompatActivity.java:161)
07-04 23:28:41.249  7274  7274 I zygote  :   at void com.example.edgesum.page.main.MainActivity.onCreate(android.os.Bundle) (MainActivity.java:95)
07-04 23:28:41.249  7274  7274 I zygote  :   at void android.app.Activity.performCreate(android.os.Bundle, android.os.PersistableBundle) (Activity.java:7009)
07-04 23:28:41.249  7274  7274 I zygote  :   at void android.app.Activity.performCreate(android.os.Bundle) (Activity.java:7000)
07-04 23:28:41.249  7274  7274 I zygote  :   at void android.app.Instrumentation.callActivityOnCreate(android.app.Activity, android.os.Bundle) (Instrumentation.java:1214)
07-04 23:28:41.249  7274  7274 I zygote  :   at android.app.Activity android.app.ActivityThread.performLaunchActivity(android.app.ActivityThread$ActivityClientRecord, android.content.Intent) (ActivityThread.java:2731)
07-04 23:28:41.249  7274  7274 I zygote  :   at void android.app.ActivityThread.handleLaunchActivity(android.app.ActivityThread$ActivityClientRecord, android.content.Intent, java.lang.String) (ActivityThread.java:2856)
07-04 23:28:41.249  7274  7274 I zygote  :   at void android.app.ActivityThread.-wrap11(android.app.ActivityThread, android.app.ActivityThread$ActivityClientRecord, android.content.Intent, java.lang.String) (ActivityThread.java:-1)
07-04 23:28:41.249  7274  7274 I zygote  :   at void android.app.ActivityThread$H.handleMessage(android.os.Message) (ActivityThread.java:1589)
07-04 23:28:41.249  7274  7274 I zygote  :   at void android.os.Handler.dispatchMessage(android.os.Message) (Handler.java:106)
07-04 23:28:41.249  7274  7274 I zygote  :   at void android.os.Looper.loop() (Looper.java:164)
07-04 23:28:41.249  7274  7274 I zygote  :   at void android.app.ActivityThread.main(java.lang.String[]) (ActivityThread.java:6494)
07-04 23:28:41.249  7274  7274 I zygote  :   at java.lang.Object java.lang.reflect.Method.invoke(java.lang.Object, java.lang.Object[]) (Method.java:-2)
07-04 23:28:41.249  7274  7274 I zygote  :   at void com.android.internal.os.RuntimeInit$MethodAndArgsCaller.run() (RuntimeInit.java:438)
07-04 23:28:41.249  7274  7274 I zygote  :   at void com.android.internal.os.ZygoteInit.main(java.lang.String[]) (ZygoteInit.java:807)
07-04 23:28:41.249  7274  7274 I zygote  : Caused by: java.lang.ClassNotFoundException: Didn't find class "android.view.View$OnUnhandledKeyEventListener" on path: DexPathList[[zip file "/data/app/com.example.edgesum-ZX3IoUwEULyl35RfaHmRfQ==/base.apk"],nativeLibraryDirectories=[/data/app/com.example.edgesum-ZX3IoUwEULyl35RfaHmRfQ==/lib/arm, /data/app/com.example.edgesum-ZX3IoUwEULyl35RfaHmRfQ==/base.apk!/lib/armeabi-v7a, /system/lib, /system/vendor/lib]]
07-04 23:28:41.249  7274  7274 I zygote  :   at java.lang.Class dalvik.system.BaseDexClassLoader.findClass(java.lang.String) (BaseDexClassLoader.java:125)
07-04 23:28:41.249  7274  7274 I zygote  :   at java.lang.Class java.lang.ClassLoader.loadClass(java.lang.String, boolean) (ClassLoader.java:379)
07-04 23:28:41.249  7274  7274 I zygote  :   at java.lang.Class java.lang.ClassLoader.loadClass(java.lang.String) (ClassLoader.java:312)
07-04 23:28:41.249  7274  7274 I zygote  :   at void androidx.core.view.ViewCompat.setOnApplyWindowInsetsListener(android.view.View, androidx.core.view.OnApplyWindowInsetsListener) (ViewCompat.java:2421)
07-04 23:28:41.249  7274  7274 I zygote  :   at android.view.ViewGroup androidx.appcompat.app.AppCompatDelegateImpl.createSubDecor() (AppCompatDelegateImpl.java:779)
07-04 23:28:41.249  7274  7274 I zygote  :   at void androidx.appcompat.app.AppCompatDelegateImpl.ensureSubDecor() (AppCompatDelegateImpl.java:659)
07-04 23:28:41.249  7274  7274 I zygote  :   at void androidx.appcompat.app.AppCompatDelegateImpl.setContentView(int) (AppCompatDelegateImpl.java:552)
07-04 23:28:41.249  7274  7274 I zygote  :   at void androidx.appcompat.app.AppCompatActivity.setContentView(int) (AppCompatActivity.java:161)
07-04 23:28:41.249  7274  7274 I zygote  :   at void com.example.edgesum.page.main.MainActivity.onCreate(android.os.Bundle) (MainActivity.java:95)
07-04 23:28:41.249  7274  7274 I zygote  :   at void android.app.Activity.performCreate(android.os.Bundle, android.os.PersistableBundle) (Activity.java:7009)
07-04 23:28:41.249  7274  7274 I zygote  :   at void android.app.Activity.performCreate(android.os.Bundle) (Activity.java:7000)
07-04 23:28:41.249  7274  7274 I zygote  :   at void android.app.Instrumentation.callActivityOnCreate(android.app.Activity, android.os.Bundle) (Instrumentation.java:1214)
07-04 23:28:41.249  7274  7274 I zygote  :   at android.app.Activity android.app.ActivityThread.performLaunchActivity(android.app.ActivityThread$ActivityClientRecord, android.content.Intent) (ActivityThread.java:2731)
07-04 23:28:41.249  7274  7274 I zygote  :   at void android.app.ActivityThread.handleLaunchActivity(android.app.ActivityThread$ActivityClientRecord, android.content.Intent, java.lang.String) (ActivityThread.java:2856)
07-04 23:28:41.249  7274  7274 I zygote  :   at void android.app.ActivityThread.-wrap11(android.app.ActivityThread, android.app.ActivityThread$ActivityClientRecord, android.content.Intent, java.lang.String) (ActivityThread.java:-1)
07-04 23:28:41.249  7274  7274 I zygote  :   at void android.app.ActivityThread$H.handleMessage(android.os.Message) (ActivityThread.java:1589)
07-04 23:28:41.249  7274  7274 I zygote  :   at void android.os.Handler.dispatchMessage(android.os.Message) (Handler.java:106)
07-04 23:28:41.249  7274  7274 I zygote  :   at void android.os.Looper.loop() (Looper.java:164)
07-04 23:28:41.249  7274  7274 I zygote  :   at void android.app.ActivityThread.main(java.lang.String[]) (ActivityThread.java:6494)
07-04 23:28:41.249  7274  7274 I zygote  :   at java.lang.Object java.lang.reflect.Method.invoke(java.lang.Object, java.lang.Object[]) (Method.java:-2)
07-04 23:28:41.249  7274  7274 I zygote  :   at void com.android.internal.os.RuntimeInit$MethodAndArgsCaller.run() (RuntimeInit.java:438)
07-04 23:28:41.249  7274  7274 I zygote  :   at void com.android.internal.os.ZygoteInit.main(java.lang.String[]) (ZygoteInit.java:807)
07-04 23:28:41.249  7274  7274 I zygote  : 
07-04 23:28:41.474  7274  7274 V Repo    : /storage/emulated/0/Movies/raw
07-04 23:28:41.475  7274  7274 V Repo    : /storage/emulated/0/Movies/summarised
07-04 23:28:41.490  7274  7274 V FileManager: External storage is readable
07-04 23:28:41.491  7274  7274 V FileManager: Created new directory: /storage/emulated/0/Movies/raw
07-04 23:28:41.494  7274  7274 V FileManager: External storage is readable
07-04 23:28:41.496  7274  7274 V FileManager: Created new directory: /storage/emulated/0/Movies/summarised
07-04 23:28:41.500  7274  7274 V FileManager: External storage is readable
07-04 23:28:41.501  7274  7274 V FileManager: Created new directory: /storage/emulated/0/Download/nearby
07-04 23:28:41.504  7274  7274 V FileManager: External storage is readable
07-04 23:28:41.505  7274  7274 V FileManager: Created new directory: /storage/emulated/0/Movies/segment
07-04 23:28:41.508  7274  7274 V FileManager: External storage is readable
07-04 23:28:41.509  7274  7274 V FileManager: Created new directory: /storage/emulated/0/Movies/segment-sum
07-04 23:28:41.722  7274  7274 V VideoManager: getAllVideoFromExternalStorageFolder
07-04 23:28:41.725  7274  7274 D VideoManager: /storage/emulated/0/Movies/summarised
07-04 23:28:41.740  7274  7274 D VideoManager: 0 videos return
07-04 23:28:41.772  7274  7279 I zygote  : Do partial code cache collection, code=10KB, data=19KB
07-04 23:28:41.773  7274  7279 I zygote  : After code cache collection, code=10KB, data=19KB
07-04 23:28:41.774  7274  7279 I zygote  : Increasing code cache capacity to 128KB
07-04 23:28:41.775  7274  7279 I zygote  : Do partial code cache collection, code=10KB, data=37KB
07-04 23:28:41.775  7274  7279 I zygote  : After code cache collection, code=10KB, data=37KB
07-04 23:28:41.775  7274  7279 I zygote  : Increasing code cache capacity to 256KB
07-04 23:28:41.776  7274  7279 I zygote  : Compiler allocated 4MB to compile void android.widget.TextView.<init>(android.content.Context, android.util.AttributeSet, int, int)
07-04 23:28:41.797  7274  7274 V VideoManager: getAllVideoFromExternalStorageFolder
07-04 23:28:41.801  7274  7274 D VideoManager: /storage/emulated/0/Movies/raw
07-04 23:28:41.809  7274  7274 D VideoManager: 0 videos return
07-04 23:28:41.874  7274  7294 D OpenGLRenderer: HWUI GL Pipeline
07-04 23:28:41.885  7274  7274 I TransferService: Starting Transfer Service to listen for network connectivity changes.
07-04 23:28:41.885  7274  7274 I TransferService: Registering the network receiver
07-04 23:28:41.899  7274  7274 E TransferService: No notification is passed in the intent. Unable to transition to foreground.
07-04 23:28:41.939  7274  7292 D MainActivity: Scanned /storage/emulated/0/Movies/raw
07-04 23:28:41.939  7274  7292 D MainActivity:   -> uri=content://media/external/file/1476
07-04 23:28:42.002  7274  7287 D MainActivity: Scanned /storage/emulated/0/Movies/summarised
07-04 23:28:42.002  7274  7287 D MainActivity:   -> uri=content://media/external/file/1477
07-04 23:28:42.064  7274  7274 W StaticLayout: maxLineHeight should not be -1.  maxLines:1 lineCount:1
07-04 23:28:42.085  7274  7274 I chatty  : uid=10086(com.example.edgesum) identical 2 lines
07-04 23:28:42.095  7274  7274 W StaticLayout: maxLineHeight should not be -1.  maxLines:1 lineCount:1
07-04 23:28:42.141  7274  7294 I Adreno-EGL: <qeglDrvAPI_eglInitialize:379>: QUALCOMM Build: 06/17/16, f19e6a9, I9e7a63e7c4
07-04 23:28:42.147  7274  7294 I zygote  : android::hardware::configstore::V1_0::ISurfaceFlingerConfigs::hasWideColorDisplay retrieved: 0
07-04 23:28:42.147  7274  7294 I OpenGLRenderer: Initialized EGL, version 1.4
07-04 23:28:42.147  7274  7294 D OpenGLRenderer: Swap behavior 1
07-04 23:28:42.152  7274  7294 W Adreno-EGL: <qeglDrvAPI_eglGetConfigAttrib:607>: EGL_BAD_ATTRIBUTE
07-04 23:28:42.155  7274  7294 W Adreno-EGL: <qeglDrvAPI_eglGetConfigAttrib:607>: EGL_BAD_ATTRIBUTE
07-04 23:28:42.158  7274  7294 D vndksupport: Loading /vendor/lib/hw/gralloc.msm8974.so from current namespace instead of sphal namespace.
07-04 23:28:42.160  7274  7274 W StaticLayout: maxLineHeight should not be -1.  maxLines:1 lineCount:1
07-04 23:28:42.171  7274  7274 W StaticLayout: maxLineHeight should not be -1.  maxLines:1 lineCount:1
07-04 23:28:42.186  7274  7274 I TransferNetworkLossHand: Network connectivity changed detected.
07-04 23:28:42.187  7274  7274 I TransferNetworkLossHand: Network connected: false
07-04 23:28:42.240  7274  7294 D vndksupport: Loading /vendor/lib/hw/android.hardware.graphics.mapper@2.0-impl.so from current namespace instead of sphal namespace.
07-04 23:28:42.241  7274  7294 D vndksupport: Loading /vendor/lib/hw/gralloc.msm8974.so from current namespace instead of sphal namespace.
07-04 23:28:53.004  7274  7274 V MainActivity: Connect button clicked
07-04 23:28:58.789  7274  7274 V ConnectionFragment: Discovery switch checked
07-04 23:29:00.645  7274  7274 D NearbyFragment: Started discovering
07-04 23:29:00.681  7274  7274 D NearbyFragment: Found endpoint h5xw: Nexus 5X [34d8]
07-04 23:29:22.987  7274  7274 D NearbyFragment: Selected 'Endpoint{id=h5xw, name=Nexus 5X [34d8]}'
07-04 23:29:23.019  7274  7294 W Adreno-EGL: <qeglDrvAPI_eglGetConfigAttrib:607>: EGL_BAD_ATTRIBUTE
07-04 23:29:23.020  7274  7294 D vndksupport: Loading /vendor/lib/hw/gralloc.msm8974.so from current namespace instead of sphal namespace.
07-04 23:29:28.646  7274  7274 D NearbyFragment: Initiated connection with h5xw: Nexus 5X [34d8]
07-04 23:29:28.661  7274  7279 I zygote  : Do full code cache collection, code=126KB, data=89KB
07-04 23:29:28.663  7274  7279 I zygote  : After code cache collection, code=126KB, data=64KB
07-04 23:29:28.730  7274  7279 I zygote  : Do partial code cache collection, code=126KB, data=66KB
07-04 23:29:28.731  7274  7279 I zygote  : After code cache collection, code=126KB, data=66KB
07-04 23:29:28.731  7274  7279 I zygote  : Increasing code cache capacity to 512KB
07-04 23:29:28.768  7274  7274 D NearbyFragment: Requested connection with Endpoint{id=h5xw, name=Nexus 5X [34d8]}
07-04 23:29:28.843  7274  7294 W Adreno-EGL: <qeglDrvAPI_eglGetConfigAttrib:607>: EGL_BAD_ATTRIBUTE
07-04 23:29:28.853  7274  7294 D vndksupport: Loading /vendor/lib/hw/gralloc.msm8974.so from current namespace instead of sphal namespace.
07-04 23:29:32.931  7274  7274 I NearbyFragment: Connected to Endpoint{id=h5xw, name=Nexus 5X [34d8]}
07-04 23:29:33.639  7274  7274 V ConnectionFragment: Discovery switch unchecked
07-04 23:29:33.639  7274  7274 D NearbyFragment: Stopped discovering
07-04 23:29:37.587  7274  7274 I TransferNetworkLossHand: Network connectivity changed detected.
07-04 23:29:37.592  7274  7274 I TransferNetworkLossHand: Network connected: true
07-04 23:31:50.901  7274  7274 D NearbyFragment: onPayloadReceived(endpointId=h5xw, payload=com.google.android.gms.nearby.connection.Payload@f48eafb)
07-04 23:31:50.914  7274  7274 V NearbyFragment: Started downloading SUMMARISE_SEGMENT:-7503982189463266087:20200312_150844!000.mp4:45.0_1.0_23_medium from Endpoint{id=h5xw, name=Nexus 5X [34d8]}
07-04 23:31:50.927  7274  7274 V NearbyFragment: Transfer to Endpoint{id=h5xw, name=Nexus 5X [34d8]} complete
07-04 23:31:51.023  7274  7274 D NearbyFragment: onPayloadReceived(endpointId=h5xw, payload=com.google.android.gms.nearby.connection.Payload@eb19f56)
07-04 23:31:54.630  7274  7274 V NearbyFragment: Transfer to Endpoint{id=h5xw, name=Nexus 5X [34d8]} complete
07-04 23:31:54.635  7274  7274 W NearbyFragment: Completed downloading 20200312_150844!000.mp4 from Endpoint{id=h5xw, name=Nexus 5X [34d8]} in 03.708s
07-04 23:31:54.643  7274  7274 V FileManager: External storage is readable
07-04 23:31:54.643  7274  7274 V FileManager: Created new directory: /storage/emulated/0/Movies/segment-sum/20200312_150844
07-04 23:31:54.644  7274  7274 D NearbyFragment: Summarising 20200312_150844!000.mp4
07-04 23:31:54.645  7274  7274 V VideoManager: Retrieving video from /storage/emulated/0/Download/Nearby/20200312_150844!000.mp4
07-04 23:31:54.657  7274  7274 D VideoManager: videoCursor is null
07-04 23:31:54.699  7274  7274 V VideoManager: videoFromCursor
07-04 23:31:54.702  7274  7274 V ProcessingVideosEventHandler: onAdd
07-04 23:31:54.703  7274  7274 V RawFootageEventHandler: onRemove
07-04 23:31:54.712  7274  7274 V NearbyFragment: Transfer to Endpoint{id=h5xw, name=Nexus 5X [34d8]} complete
07-04 23:31:54.717  7274  7615 V SummariserIntentService: onHandleIntent
07-04 23:31:54.718  7274  7615 D SummariserIntentService: Video{id='1512', data='/storage/emulated/0/Download/Nearby/20200312_150844!000.mp4', name='20200312_150844!000.mp4', size=16852835, visible=true, mimeType='video/mp4'}
07-04 23:31:54.718  7274  7615 D SummariserIntentService: /storage/emulated/0/Movies/segment-sum/20200312_150844/20200312_150844!000.mp4
07-04 23:31:54.720  7274  7615 I mobile-ffmpeg: Loading mobile-ffmpeg.
07-04 23:31:54.763  7274  7615 I mobile-ffmpeg: Loaded mobile-ffmpeg-full-gpl-arm-v7a-neon-4.3.2-20200415.
07-04 23:31:54.764  7274  7616 D mobile-ffmpeg: Callback thread started.
07-04 23:31:54.888  7274  7616 W mobile-ffmpeg: [graph 0 input from stream 0:0 @ 0x97953ee0] sws_param option is deprecated and ignored
07-04 23:32:00.554  7274  7615 D Summariser: No freeze file
07-04 23:32:00.554  7274  7615 W Summariser: Whole video is active
07-04 23:32:01.828  7274  7615 V FfmpegTools: Retrieving duration of /storage/emulated/0/Download/Nearby/20200312_150844!000.mp4
07-04 23:32:01.902  7274  7615 V FfmpegTools: Retrieving duration of /storage/emulated/0/Movies/segment-sum/20200312_150844/20200312_150844!000.mp4
07-04 23:32:01.968  7274  7615 W Summariser: Summarisation completed
07-04 23:32:01.968  7274  7615 W Summariser:   filename: 20200312_150844!000.mp4
07-04 23:32:01.968  7274  7615 W Summariser:   active sections: -1
07-04 23:32:01.968  7274  7615 W Summariser:   time: 07.108s
07-04 23:32:01.968  7274  7615 W Summariser:   original duration: 16.06
07-04 23:32:01.968  7274  7615 W Summariser:   summarised duration: 16.06
07-04 23:32:01.968  7274  7615 W Summariser:   noise tolerance: 45.00
07-04 23:32:01.968  7274  7615 W Summariser:   quality: 23
07-04 23:32:01.968  7274  7615 W Summariser:   speed: medium
07-04 23:32:01.968  7274  7615 W Summariser:   freeze duration: 1.00
07-04 23:32:01.969  7274  7615 V VideoManager: Retrieving video from /storage/emulated/0/Movies/segment-sum/20200312_150844/20200312_150844!000.mp4
07-04 23:32:01.975  7274  7615 D VideoManager: videoCursor is null
07-04 23:32:02.023  7274  7615 V VideoManager: videoFromCursor
07-04 23:32:02.026  7274  7615 W NearbyFragment: Sending 20200312_150844!000.mp4 to Nexus 5X [34d8]
07-04 23:32:02.031  7274  7615 V ProcessingVideosEventHandler: onRemove
07-04 23:32:02.055  7274  7274 V NearbyFragment: Transfer to Endpoint{id=h5xw, name=Nexus 5X [34d8]} complete
07-04 23:32:02.076  7274  7286 D SummariserIntentService: Scanned /storage/emulated/0/Movies/summarised
07-04 23:32:02.076  7274  7286 D SummariserIntentService:   -> uri=content://media/external/file/1477
07-04 23:32:02.104  7274  7274 D NearbyFragment: onPayloadReceived(endpointId=h5xw, payload=com.google.android.gms.nearby.connection.Payload@d3d9ce1)
07-04 23:32:02.105  7274  7274 V NearbyFragment: Started downloading SUMMARISE_SEGMENT:-7808600847230341686:20200312_150844!003.mp4:45.0_1.0_23_medium from Endpoint{id=h5xw, name=Nexus 5X [34d8]}
07-04 23:32:02.124  7274  7274 V NearbyFragment: Transfer to Endpoint{id=h5xw, name=Nexus 5X [34d8]} complete
07-04 23:32:06.399  7274  7274 D NearbyFragment: onPayloadReceived(endpointId=h5xw, payload=com.google.android.gms.nearby.connection.Payload@e8a06)
07-04 23:32:06.669  7274  7274 V NearbyFragment: Transfer to Endpoint{id=h5xw, name=Nexus 5X [34d8]} complete
07-04 23:32:09.260  7274  7274 V NearbyFragment: Transfer to Endpoint{id=h5xw, name=Nexus 5X [34d8]} complete
07-04 23:32:09.262  7274  7274 W NearbyFragment: Completed downloading 20200312_150844!003.mp4 from Endpoint{id=h5xw, name=Nexus 5X [34d8]} in 07.154s
07-04 23:32:09.272  7274  7274 V FileManager: External storage is readable
07-04 23:32:09.273  7274  7274 V FileManager: Directory already exists: /storage/emulated/0/Movies/segment-sum/20200312_150844
07-04 23:32:09.274  7274  7274 D NearbyFragment: Summarising 20200312_150844!003.mp4
07-04 23:32:09.274  7274  7274 V VideoManager: Retrieving video from /storage/emulated/0/Download/Nearby/20200312_150844!003.mp4
07-04 23:32:09.279  7274  7274 D VideoManager: videoCursor is null
07-04 23:32:09.304  7274  7274 V VideoManager: videoFromCursor
07-04 23:32:09.305  7274  7274 V ProcessingVideosEventHandler: onAdd
07-04 23:32:09.306  7274  7274 V RawFootageEventHandler: onRemove
07-04 23:32:09.311  7274  7274 V NearbyFragment: Transfer to Endpoint{id=h5xw, name=Nexus 5X [34d8]} complete
07-04 23:32:09.316  7274  7683 V SummariserIntentService: onHandleIntent
07-04 23:32:09.317  7274  7683 D SummariserIntentService: Video{id='1515', data='/storage/emulated/0/Download/Nearby/20200312_150844!003.mp4', name='20200312_150844!003.mp4', size=12629721, visible=true, mimeType='video/mp4'}
07-04 23:32:09.317  7274  7683 D SummariserIntentService: /storage/emulated/0/Movies/segment-sum/20200312_150844/20200312_150844!003.mp4
07-04 23:32:09.441  7274  7616 W mobile-ffmpeg: [graph 0 input from stream 0:0 @ 0x97953ee0] sws_param option is deprecated and ignored
07-04 23:32:13.781  7274  7683 D Summariser: No freeze file
07-04 23:32:13.781  7274  7683 W Summariser: Whole video is active
07-04 23:32:14.633  7274  7683 V FfmpegTools: Retrieving duration of /storage/emulated/0/Download/Nearby/20200312_150844!003.mp4
07-04 23:32:14.695  7274  7683 V FfmpegTools: Retrieving duration of /storage/emulated/0/Movies/segment-sum/20200312_150844/20200312_150844!003.mp4
07-04 23:32:14.756  7274  7683 W Summariser: Summarisation completed
07-04 23:32:14.756  7274  7683 W Summariser:   filename: 20200312_150844!003.mp4
07-04 23:32:14.756  7274  7683 W Summariser:   active sections: -1
07-04 23:32:14.756  7274  7683 W Summariser:   time: 05.314s
07-04 23:32:14.756  7274  7683 W Summariser:   original duration: 11.98
07-04 23:32:14.756  7274  7683 W Summariser:   summarised duration: 11.98
07-04 23:32:14.756  7274  7683 W Summariser:   noise tolerance: 45.00
07-04 23:32:14.756  7274  7683 W Summariser:   quality: 23
07-04 23:32:14.756  7274  7683 W Summariser:   speed: medium
07-04 23:32:14.756  7274  7683 W Summariser:   freeze duration: 1.00
07-04 23:32:14.758  7274  7683 V VideoManager: Retrieving video from /storage/emulated/0/Movies/segment-sum/20200312_150844/20200312_150844!003.mp4
07-04 23:32:14.763  7274  7683 D VideoManager: videoCursor is null
07-04 23:32:14.790  7274  7683 V VideoManager: videoFromCursor
07-04 23:32:14.793  7274  7683 W NearbyFragment: Sending 20200312_150844!003.mp4 to Nexus 5X [34d8]
07-04 23:32:14.796  7274  7683 V ProcessingVideosEventHandler: onRemove
07-04 23:32:14.825  7274  7274 V NearbyFragment: Transfer to Endpoint{id=h5xw, name=Nexus 5X [34d8]} complete
07-04 23:32:14.853  7274  7286 D SummariserIntentService: Scanned /storage/emulated/0/Movies/summarised
07-04 23:32:14.853  7274  7286 D SummariserIntentService:   -> uri=content://media/external/file/1477
07-04 23:32:17.817  7274  7274 V NearbyFragment: Transfer to Endpoint{id=h5xw, name=Nexus 5X [34d8]} complete
07-04 23:32:44.893  7274  7274 D NearbyFragment: onPayloadReceived(endpointId=h5xw, payload=com.google.android.gms.nearby.connection.Payload@1f8888c)
07-04 23:32:44.895  7274  7274 V NearbyFragment: Started downloading SUMMARISE_SEGMENT:-8868398898014491101:20200312_150944!003.mp4:45.0_1.0_23_medium from Endpoint{id=h5xw, name=Nexus 5X [34d8]}
07-04 23:32:44.919  7274  7274 V NearbyFragment: Transfer to Endpoint{id=h5xw, name=Nexus 5X [34d8]} complete
07-04 23:32:45.005  7274  7274 D NearbyFragment: onPayloadReceived(endpointId=h5xw, payload=com.google.android.gms.nearby.connection.Payload@8b4fbd5)
07-04 23:32:48.213  7274  7274 V NearbyFragment: Transfer to Endpoint{id=h5xw, name=Nexus 5X [34d8]} complete
07-04 23:32:48.216  7274  7274 W NearbyFragment: Completed downloading 20200312_150944!003.mp4 from Endpoint{id=h5xw, name=Nexus 5X [34d8]} in 03.317s
07-04 23:32:48.226  7274  7274 V FileManager: External storage is readable
07-04 23:32:48.227  7274  7274 V FileManager: Created new directory: /storage/emulated/0/Movies/segment-sum/20200312_150944
07-04 23:32:48.229  7274  7274 D NearbyFragment: Summarising 20200312_150944!003.mp4
07-04 23:32:48.229  7274  7274 V VideoManager: Retrieving video from /storage/emulated/0/Download/Nearby/20200312_150944!003.mp4
07-04 23:32:48.241  7274  7274 D VideoManager: videoCursor is null
07-04 23:32:48.308  7274  7274 V VideoManager: videoFromCursor
07-04 23:32:48.312  7274  7274 V ProcessingVideosEventHandler: onAdd
07-04 23:32:48.313  7274  7274 V RawFootageEventHandler: onRemove
07-04 23:32:48.320  7274  7274 V NearbyFragment: Transfer to Endpoint{id=h5xw, name=Nexus 5X [34d8]} complete
07-04 23:32:48.338  7274  7740 V SummariserIntentService: onHandleIntent
07-04 23:32:48.341  7274  7740 D SummariserIntentService: Video{id='1517', data='/storage/emulated/0/Download/Nearby/20200312_150944!003.mp4', name='20200312_150944!003.mp4', size=12751346, visible=true, mimeType='video/mp4'}
07-04 23:32:48.341  7274  7740 D SummariserIntentService: /storage/emulated/0/Movies/segment-sum/20200312_150944/20200312_150944!003.mp4
07-04 23:32:48.514  7274  7616 W mobile-ffmpeg: [graph 0 input from stream 0:0 @ 0xb253fca0] sws_param option is deprecated and ignored
07-04 23:32:52.786  7274  7740 W Summariser: No activity detected
07-04 23:32:52.788  7274  7740 V FfmpegTools: Retrieving duration of /storage/emulated/0/Download/Nearby/20200312_150944!003.mp4
07-04 23:32:52.850  7274  7740 W Summariser: Summarisation completed
07-04 23:32:52.850  7274  7740 W Summariser:   filename: 20200312_150944!003.mp4
07-04 23:32:52.850  7274  7740 W Summariser:   active sections: 0
07-04 23:32:52.850  7274  7740 W Summariser:   time: 04.443s
07-04 23:32:52.850  7274  7740 W Summariser:   original duration: 12.01
07-04 23:32:52.850  7274  7740 W Summariser:   summarised duration: -1.00
07-04 23:32:52.850  7274  7740 W Summariser:   noise tolerance: 45.00
07-04 23:32:52.850  7274  7740 W Summariser:   quality: 23
07-04 23:32:52.850  7274  7740 W Summariser:   speed: medium
07-04 23:32:52.850  7274  7740 W Summariser:   freeze duration: 1.00
07-04 23:32:52.852  7274  7740 V ProcessingVideosEventHandler: onRemove
07-04 23:32:52.876  7274  7274 V NearbyFragment: Transfer to Endpoint{id=h5xw, name=Nexus 5X [34d8]} complete
07-04 23:32:52.899  7274  7287 D SummariserIntentService: Scanned /storage/emulated/0/Movies/summarised
07-04 23:32:52.899  7274  7287 D SummariserIntentService:   -> uri=content://media/external/file/1477
07-04 23:32:53.103  7274  7274 D NearbyFragment: onPayloadReceived(endpointId=h5xw, payload=com.google.android.gms.nearby.connection.Payload@44ef242)
07-04 23:32:53.104  7274  7274 V NearbyFragment: Started downloading SUMMARISE_SEGMENT:-5663334266130332984:20200312_151044!001.mp4:45.0_1.0_23_medium from Endpoint{id=h5xw, name=Nexus 5X [34d8]}
07-04 23:32:53.142  7274  7274 V NearbyFragment: Transfer to Endpoint{id=h5xw, name=Nexus 5X [34d8]} complete
07-04 23:32:53.163  7274  7274 D NearbyFragment: onPayloadReceived(endpointId=h5xw, payload=com.google.android.gms.nearby.connection.Payload@4797253)
07-04 23:32:58.007  7274  7274 V NearbyFragment: Transfer to Endpoint{id=h5xw, name=Nexus 5X [34d8]} complete
07-04 23:32:58.010  7274  7274 W NearbyFragment: Completed downloading 20200312_151044!001.mp4 from Endpoint{id=h5xw, name=Nexus 5X [34d8]} in 04.903s
07-04 23:32:58.017  7274  7274 V FileManager: External storage is readable
07-04 23:32:58.018  7274  7274 V FileManager: Created new directory: /storage/emulated/0/Movies/segment-sum/20200312_151044
07-04 23:32:58.018  7274  7274 D NearbyFragment: Summarising 20200312_151044!001.mp4
07-04 23:32:58.018  7274  7274 V VideoManager: Retrieving video from /storage/emulated/0/Download/Nearby/20200312_151044!001.mp4
07-04 23:32:58.026  7274  7274 V VideoManager: videoFromCursor
07-04 23:32:58.028  7274  7274 V ProcessingVideosEventHandler: onAdd
07-04 23:32:58.028  7274  7274 V RawFootageEventHandler: onRemove
07-04 23:32:58.033  7274  7274 V NearbyFragment: Transfer to Endpoint{id=h5xw, name=Nexus 5X [34d8]} complete
07-04 23:32:58.041  7274  7791 V SummariserIntentService: onHandleIntent
07-04 23:32:58.041  7274  7791 D SummariserIntentService: Video{id='1485', data='/storage/emulated/0/Download/Nearby/20200312_151044!001.mp4', name='20200312_151044!001.mp4', size=16835637, visible=true, mimeType='video/mp4'}
07-04 23:32:58.041  7274  7791 D SummariserIntentService: /storage/emulated/0/Movies/segment-sum/20200312_151044/20200312_151044!001.mp4
07-04 23:32:58.182  7274  7616 W mobile-ffmpeg: [graph 0 input from stream 0:0 @ 0x95efe260] sws_param option is deprecated and ignored
07-04 23:33:04.092  7274  7791 W Summariser: No activity detected
07-04 23:33:04.093  7274  7791 V FfmpegTools: Retrieving duration of /storage/emulated/0/Download/Nearby/20200312_151044!001.mp4
07-04 23:33:04.171  7274  7791 W Summariser: Summarisation completed
07-04 23:33:04.171  7274  7791 W Summariser:   filename: 20200312_151044!001.mp4
07-04 23:33:04.171  7274  7791 W Summariser:   active sections: 0
07-04 23:33:04.171  7274  7791 W Summariser:   time: 06.051s
07-04 23:33:04.171  7274  7791 W Summariser:   original duration: 16.02
07-04 23:33:04.171  7274  7791 W Summariser:   summarised duration: -1.00
07-04 23:33:04.171  7274  7791 W Summariser:   noise tolerance: 45.00
07-04 23:33:04.171  7274  7791 W Summariser:   quality: 23
07-04 23:33:04.171  7274  7791 W Summariser:   speed: medium
07-04 23:33:04.171  7274  7791 W Summariser:   freeze duration: 1.00
07-04 23:33:04.173  7274  7791 V ProcessingVideosEventHandler: onRemove
07-04 23:33:04.189  7274  7274 V NearbyFragment: Transfer to Endpoint{id=h5xw, name=Nexus 5X [34d8]} complete
07-04 23:33:04.207  7274  7286 D SummariserIntentService: Scanned /storage/emulated/0/Movies/summarised
07-04 23:33:04.207  7274  7286 D SummariserIntentService:   -> uri=content://media/external/file/1477
07-04 23:35:02.414  7274  7274 D NearbyFragment: onPayloadReceived(endpointId=h5xw, payload=com.google.android.gms.nearby.connection.Payload@94658a8)
07-04 23:35:02.416  7274  7274 V NearbyFragment: Started downloading SUMMARISE_SEGMENT:-8461331400663393195:20200312_193928!000.mp4:45.0_1.0_23_medium from Endpoint{id=h5xw, name=Nexus 5X [34d8]}
07-04 23:35:02.508  7274  7274 V NearbyFragment: Transfer to Endpoint{id=h5xw, name=Nexus 5X [34d8]} complete
07-04 23:35:03.482  7274  7274 D NearbyFragment: onPayloadReceived(endpointId=h5xw, payload=com.google.android.gms.nearby.connection.Payload@be71fc1)
07-04 23:35:07.875  7274  7274 V NearbyFragment: Transfer to Endpoint{id=h5xw, name=Nexus 5X [34d8]} complete
07-04 23:35:07.877  7274  7274 W NearbyFragment: Completed downloading 20200312_193928!000.mp4 from Endpoint{id=h5xw, name=Nexus 5X [34d8]} in 05.459s
07-04 23:35:07.883  7274  7274 V FileManager: External storage is readable
07-04 23:35:07.884  7274  7274 V FileManager: Created new directory: /storage/emulated/0/Movies/segment-sum/20200312_193928
07-04 23:35:07.884  7274  7274 D NearbyFragment: Summarising 20200312_193928!000.mp4
07-04 23:35:07.884  7274  7274 V VideoManager: Retrieving video from /storage/emulated/0/Download/Nearby/20200312_193928!000.mp4
07-04 23:35:07.898  7274  7274 V VideoManager: videoFromCursor
07-04 23:35:07.900  7274  7274 V ProcessingVideosEventHandler: onAdd
07-04 23:35:07.900  7274  7274 V RawFootageEventHandler: onRemove
07-04 23:35:07.906  7274  7274 V NearbyFragment: Transfer to Endpoint{id=h5xw, name=Nexus 5X [34d8]} complete
07-04 23:35:07.924  7274  7876 V SummariserIntentService: onHandleIntent
07-04 23:35:07.925  7274  7876 D SummariserIntentService: Video{id='1487', data='/storage/emulated/0/Download/Nearby/20200312_193928!000.mp4', name='20200312_193928!000.mp4', size=17599188, visible=true, mimeType='video/mp4'}
07-04 23:35:07.925  7274  7876 D SummariserIntentService: /storage/emulated/0/Movies/segment-sum/20200312_193928/20200312_193928!000.mp4
07-04 23:35:08.034  7274  7616 W mobile-ffmpeg: [graph 0 input from stream 0:0 @ 0x95e965a0] sws_param option is deprecated and ignored
07-04 23:35:13.894  7274  7876 W Summariser: No activity detected
07-04 23:35:13.896  7274  7876 V FfmpegTools: Retrieving duration of /storage/emulated/0/Download/Nearby/20200312_193928!000.mp4
07-04 23:35:13.952  7274  7876 W Summariser: Summarisation completed
07-04 23:35:13.952  7274  7876 W Summariser:   filename: 20200312_193928!000.mp4
07-04 23:35:13.952  7274  7876 W Summariser:   active sections: 0
07-04 23:35:13.952  7274  7876 W Summariser:   time: 05.969s
07-04 23:35:13.952  7274  7876 W Summariser:   original duration: 16.90
07-04 23:35:13.952  7274  7876 W Summariser:   summarised duration: -1.00
07-04 23:35:13.952  7274  7876 W Summariser:   noise tolerance: 45.00
07-04 23:35:13.952  7274  7876 W Summariser:   quality: 23
07-04 23:35:13.952  7274  7876 W Summariser:   speed: medium
07-04 23:35:13.952  7274  7876 W Summariser:   freeze duration: 1.00
07-04 23:35:13.954  7274  7876 V ProcessingVideosEventHandler: onRemove
07-04 23:35:13.974  7274  7274 V NearbyFragment: Transfer to Endpoint{id=h5xw, name=Nexus 5X [34d8]} complete
07-04 23:35:14.015  7274  7274 D NearbyFragment: onPayloadReceived(endpointId=h5xw, payload=com.google.android.gms.nearby.connection.Payload@66d993e)
07-04 23:35:14.016  7274  7274 V NearbyFragment: Started downloading SUMMARISE_SEGMENT:-7139545678923217477:20200312_193928!003.mp4:45.0_1.0_23_medium from Endpoint{id=h5xw, name=Nexus 5X [34d8]}
07-04 23:35:14.024  7274  7274 V NearbyFragment: Transfer to Endpoint{id=h5xw, name=Nexus 5X [34d8]} complete
07-04 23:35:14.026  7274  7287 D SummariserIntentService: Scanned /storage/emulated/0/Movies/summarised
07-04 23:35:14.026  7274  7287 D SummariserIntentService:   -> uri=content://media/external/file/1477
07-04 23:35:14.070  7274  7274 D NearbyFragment: onPayloadReceived(endpointId=h5xw, payload=com.google.android.gms.nearby.connection.Payload@54f539f)
07-04 23:35:18.149  7274  7274 V NearbyFragment: Transfer to Endpoint{id=h5xw, name=Nexus 5X [34d8]} complete
07-04 23:35:18.150  7274  7274 W NearbyFragment: Completed downloading 20200312_193928!003.mp4 from Endpoint{id=h5xw, name=Nexus 5X [34d8]} in 04.133s
07-04 23:35:18.156  7274  7274 V FileManager: External storage is readable
07-04 23:35:18.156  7274  7274 V FileManager: Directory already exists: /storage/emulated/0/Movies/segment-sum/20200312_193928
07-04 23:35:18.156  7274  7274 D NearbyFragment: Summarising 20200312_193928!003.mp4
07-04 23:35:18.157  7274  7274 V VideoManager: Retrieving video from /storage/emulated/0/Download/Nearby/20200312_193928!003.mp4
07-04 23:35:18.166  7274  7274 V VideoManager: videoFromCursor
07-04 23:35:18.168  7274  7274 V ProcessingVideosEventHandler: onAdd
07-04 23:35:18.169  7274  7274 V RawFootageEventHandler: onRemove
07-04 23:35:18.173  7274  7274 V NearbyFragment: Transfer to Endpoint{id=h5xw, name=Nexus 5X [34d8]} complete
07-04 23:35:18.179  7274  7930 V SummariserIntentService: onHandleIntent
07-04 23:35:18.180  7274  7930 D SummariserIntentService: Video{id='1488', data='/storage/emulated/0/Download/Nearby/20200312_193928!003.mp4', name='20200312_193928!003.mp4', size=12686780, visible=true, mimeType='video/mp4'}
07-04 23:35:18.180  7274  7930 D SummariserIntentService: /storage/emulated/0/Movies/segment-sum/20200312_193928/20200312_193928!003.mp4
07-04 23:35:18.309  7274  7616 W mobile-ffmpeg: [graph 0 input from stream 0:0 @ 0x95e98820] sws_param option is deprecated and ignored
07-04 23:35:22.619  7274  7930 W Summariser: No activity detected
07-04 23:35:22.620  7274  7930 V FfmpegTools: Retrieving duration of /storage/emulated/0/Download/Nearby/20200312_193928!003.mp4
07-04 23:35:22.695  7274  7930 W Summariser: Summarisation completed
07-04 23:35:22.695  7274  7930 W Summariser:   filename: 20200312_193928!003.mp4
07-04 23:35:22.695  7274  7930 W Summariser:   active sections: 0
07-04 23:35:22.695  7274  7930 W Summariser:   time: 04.439s
07-04 23:35:22.695  7274  7930 W Summariser:   original duration: 12.01
07-04 23:35:22.695  7274  7930 W Summariser:   summarised duration: -1.00
07-04 23:35:22.695  7274  7930 W Summariser:   noise tolerance: 45.00
07-04 23:35:22.695  7274  7930 W Summariser:   quality: 23
07-04 23:35:22.695  7274  7930 W Summariser:   speed: medium
07-04 23:35:22.695  7274  7930 W Summariser:   freeze duration: 1.00
07-04 23:35:22.697  7274  7930 V ProcessingVideosEventHandler: onRemove
07-04 23:35:22.720  7274  7274 V NearbyFragment: Transfer to Endpoint{id=h5xw, name=Nexus 5X [34d8]} complete
07-04 23:35:22.741  7274  7292 D SummariserIntentService: Scanned /storage/emulated/0/Movies/summarised
07-04 23:35:22.741  7274  7292 D SummariserIntentService:   -> uri=content://media/external/file/1477
07-04 23:35:54.104  7274  7274 D NearbyFragment: onPayloadReceived(endpointId=h5xw, payload=com.google.android.gms.nearby.connection.Payload@48e3d84)
07-04 23:35:54.104  7274  7274 V NearbyFragment: Started downloading SUMMARISE_SEGMENT:-9122994415016831459:20200312_194129!003.mp4:45.0_1.0_23_medium from Endpoint{id=h5xw, name=Nexus 5X [34d8]}
07-04 23:35:54.108  7274  7274 V NearbyFragment: Transfer to Endpoint{id=h5xw, name=Nexus 5X [34d8]} complete
07-04 23:35:54.136  7274  7274 D NearbyFragment: onPayloadReceived(endpointId=h5xw, payload=com.google.android.gms.nearby.connection.Payload@f66996d)
07-04 23:35:57.300  7274  7274 V NearbyFragment: Transfer to Endpoint{id=h5xw, name=Nexus 5X [34d8]} complete
07-04 23:35:57.300  7274  7274 W NearbyFragment: Completed downloading 20200312_194129!003.mp4 from Endpoint{id=h5xw, name=Nexus 5X [34d8]} in 03.195s
07-04 23:35:57.308  7274  7274 V FileManager: External storage is readable
07-04 23:35:57.309  7274  7274 V FileManager: Created new directory: /storage/emulated/0/Movies/segment-sum/20200312_194129
07-04 23:35:57.309  7274  7274 D NearbyFragment: Summarising 20200312_194129!003.mp4
07-04 23:35:57.309  7274  7274 V VideoManager: Retrieving video from /storage/emulated/0/Download/Nearby/20200312_194129!003.mp4
07-04 23:35:57.316  7274  7274 V VideoManager: videoFromCursor
07-04 23:35:57.318  7274  7274 V ProcessingVideosEventHandler: onAdd
07-04 23:35:57.319  7274  7274 V RawFootageEventHandler: onRemove
07-04 23:35:57.329  7274  7977 V SummariserIntentService: onHandleIntent
07-04 23:35:57.330  7274  7274 V NearbyFragment: Transfer to Endpoint{id=h5xw, name=Nexus 5X [34d8]} complete
07-04 23:35:57.330  7274  7977 D SummariserIntentService: Video{id='1489', data='/storage/emulated/0/Download/Nearby/20200312_194129!003.mp4', name='20200312_194129!003.mp4', size=12644882, visible=true, mimeType='video/mp4'}
07-04 23:35:57.330  7274  7977 D SummariserIntentService: /storage/emulated/0/Movies/segment-sum/20200312_194129/20200312_194129!003.mp4
07-04 23:35:57.447  7274  7616 W mobile-ffmpeg: [graph 0 input from stream 0:0 @ 0x9855fb60] sws_param option is deprecated and ignored
07-04 23:36:01.784  7274  7977 W Summariser: 1 active sections found
07-04 23:36:01.785  7274  7977 I FfmpegTools: Running ffmpeg with:
07-04 23:36:01.785  7274  7977 I FfmpegTools:   -y -i /storage/emulated/0/Download/Nearby/20200312_194129!003.mp4 -filter_complex [0:v]trim=1.868000:2.502000,setpts=PTS-STARTPTS[v0];[0:a]atrim=1.868000:2.502000,asetpts=PTS-STARTPTS[a0];[v0][a0]concat=n=1:v=1:a=1[outv][outa] -map [outv] -map [outa] -crf 23 -preset medium /storage/emulated/0/Movies/segment-sum/20200312_194129/20200312_194129!003.mp4
07-04 23:36:01.883  7274  7616 W mobile-ffmpeg: [graph 0 input from stream 0:0 @ 0x9324ad80] sws_param option is deprecated and ignored
07-04 23:36:04.080  7274  7977 V FfmpegTools: Retrieving duration of /storage/emulated/0/Download/Nearby/20200312_194129!003.mp4
07-04 23:36:04.132  7274  7977 V FfmpegTools: Retrieving duration of /storage/emulated/0/Movies/segment-sum/20200312_194129/20200312_194129!003.mp4
07-04 23:36:04.176  7274  7977 W Summariser: Summarisation completed
07-04 23:36:04.176  7274  7977 W Summariser:   filename: 20200312_194129!003.mp4
07-04 23:36:04.176  7274  7977 W Summariser:   active sections: 1
07-04 23:36:04.176  7274  7977 W Summariser:   time: 06.749s
07-04 23:36:04.176  7274  7977 W Summariser:   original duration: 12.03
07-04 23:36:04.176  7274  7977 W Summariser:   summarised duration: 0.70
07-04 23:36:04.176  7274  7977 W Summariser:   noise tolerance: 45.00
07-04 23:36:04.176  7274  7977 W Summariser:   quality: 23
07-04 23:36:04.176  7274  7977 W Summariser:   speed: medium
07-04 23:36:04.176  7274  7977 W Summariser:   freeze duration: 1.00
07-04 23:36:04.176  7274  7977 V VideoManager: Retrieving video from /storage/emulated/0/Movies/segment-sum/20200312_194129/20200312_194129!003.mp4
07-04 23:36:04.183  7274  7977 V VideoManager: videoFromCursor
07-04 23:36:04.186  7274  7977 W NearbyFragment: Sending 20200312_194129!003.mp4 to Nexus 5X [34d8]
07-04 23:36:04.188  7274  7977 V ProcessingVideosEventHandler: onRemove
07-04 23:36:04.222  7274  7274 V NearbyFragment: Transfer to Endpoint{id=h5xw, name=Nexus 5X [34d8]} complete
07-04 23:36:04.224  7274  7274 V NearbyFragment: Transfer to Endpoint{id=h5xw, name=Nexus 5X [34d8]} complete
07-04 23:36:04.259  7274  7274 D NearbyFragment: onPayloadReceived(endpointId=h5xw, payload=com.google.android.gms.nearby.connection.Payload@60498ab)
07-04 23:36:04.260  7274  7274 V NearbyFragment: Started downloading SUMMARISE_SEGMENT:-7590122256399477635:20200312_194229!001.mp4:45.0_1.0_23_medium from Endpoint{id=h5xw, name=Nexus 5X [34d8]}
07-04 23:36:04.265  7274  7286 D SummariserIntentService: Scanned /storage/emulated/0/Movies/summarised
07-04 23:36:04.265  7274  7286 D SummariserIntentService:   -> uri=content://media/external/file/1477
07-04 23:36:04.271  7274  7274 V NearbyFragment: Transfer to Endpoint{id=h5xw, name=Nexus 5X [34d8]} complete
07-04 23:36:04.327  7274  7274 D NearbyFragment: onPayloadReceived(endpointId=h5xw, payload=com.google.android.gms.nearby.connection.Payload@5bb4b08)
07-04 23:36:08.145  7274  7274 V NearbyFragment: Transfer to Endpoint{id=h5xw, name=Nexus 5X [34d8]} complete
07-04 23:36:08.145  7274  7274 W NearbyFragment: Completed downloading 20200312_194229!001.mp4 from Endpoint{id=h5xw, name=Nexus 5X [34d8]} in 03.885s
07-04 23:36:08.150  7274  7274 V FileManager: External storage is readable
07-04 23:36:08.151  7274  7274 V FileManager: Created new directory: /storage/emulated/0/Movies/segment-sum/20200312_194229
07-04 23:36:08.151  7274  7274 D NearbyFragment: Summarising 20200312_194229!001.mp4
07-04 23:36:08.151  7274  7274 V VideoManager: Retrieving video from /storage/emulated/0/Download/Nearby/20200312_194229!001.mp4
07-04 23:36:08.159  7274  7274 V VideoManager: videoFromCursor
07-04 23:36:08.161  7274  7274 V ProcessingVideosEventHandler: onAdd
07-04 23:36:08.161  7274  7274 V RawFootageEventHandler: onRemove
07-04 23:36:08.166  7274  7274 V NearbyFragment: Transfer to Endpoint{id=h5xw, name=Nexus 5X [34d8]} complete
07-04 23:36:08.172  7274  8038 V SummariserIntentService: onHandleIntent
07-04 23:36:08.174  7274  8038 D SummariserIntentService: Video{id='1493', data='/storage/emulated/0/Download/Nearby/20200312_194229!001.mp4', name='20200312_194229!001.mp4', size=16870064, visible=true, mimeType='video/mp4'}
07-04 23:36:08.174  7274  8038 D SummariserIntentService: /storage/emulated/0/Movies/segment-sum/20200312_194229/20200312_194229!001.mp4
07-04 23:36:08.296  7274  7616 W mobile-ffmpeg: [graph 0 input from stream 0:0 @ 0x9324aea0] sws_param option is deprecated and ignored
07-04 23:36:14.954  7274  8038 W Summariser: 2 active sections found
07-04 23:36:14.954  7274  8038 I FfmpegTools: Running ffmpeg with:
07-04 23:36:14.954  7274  8038 I FfmpegTools:   -y -i /storage/emulated/0/Download/Nearby/20200312_194229!001.mp4 -filter_complex [0:v]trim=0.000000:3.503000,setpts=PTS-STARTPTS[v0];[0:a]atrim=0.000000:3.503000,asetpts=PTS-STARTPTS[a0];[0:v]trim=8.074000:13.245000,setpts=PTS-STARTPTS[v1];[0:a]atrim=8.074000:13.245000,asetpts=PTS-STARTPTS[a1];[v0][a0][v1][a1]concat=n=2:v=1:a=1[outv][outa] -map [outv] -map [outa] -crf 23 -preset medium /storage/emulated/0/Movies/segment-sum/20200312_194229/20200312_194229!001.mp4
07-04 23:36:15.087  7274  7616 W mobile-ffmpeg: [graph 0 input from stream 0:0 @ 0x92270120] sws_param option is deprecated and ignored
07-04 23:36:15.087  7274  7616 W mobile-ffmpeg: [graph 0 input from stream 0:0 @ 0x922702a0] sws_param option is deprecated and ignored
07-04 23:36:36.665  7274  8038 V FfmpegTools: Retrieving duration of /storage/emulated/0/Download/Nearby/20200312_194229!001.mp4
07-04 23:36:36.767  7274  8038 V FfmpegTools: Retrieving duration of /storage/emulated/0/Movies/segment-sum/20200312_194229/20200312_194229!001.mp4
07-04 23:36:36.828  7274  8038 W Summariser: Summarisation completed
07-04 23:36:36.828  7274  8038 W Summariser:   filename: 20200312_194229!001.mp4
07-04 23:36:36.828  7274  8038 W Summariser:   active sections: 2
07-04 23:36:36.828  7274  8038 W Summariser:   time: 28.491s
07-04 23:36:36.828  7274  8038 W Summariser:   original duration: 16.01
07-04 23:36:36.828  7274  8038 W Summariser:   summarised duration: 8.74
07-04 23:36:36.828  7274  8038 W Summariser:   noise tolerance: 45.00
07-04 23:36:36.828  7274  8038 W Summariser:   quality: 23
07-04 23:36:36.828  7274  8038 W Summariser:   speed: medium
07-04 23:36:36.828  7274  8038 W Summariser:   freeze duration: 1.00
07-04 23:36:36.828  7274  8038 V VideoManager: Retrieving video from /storage/emulated/0/Movies/segment-sum/20200312_194229/20200312_194229!001.mp4
07-04 23:36:36.836  7274  8038 V VideoManager: videoFromCursor
07-04 23:36:36.845  7274  8038 W NearbyFragment: Sending 20200312_194229!001.mp4 to Nexus 5X [34d8]
07-04 23:36:36.848  7274  8038 V ProcessingVideosEventHandler: onRemove
07-04 23:36:36.873  7274  7274 V NearbyFragment: Transfer to Endpoint{id=h5xw, name=Nexus 5X [34d8]} complete
07-04 23:36:36.903  7274  7279 I zygote  : Do full code cache collection, code=253KB, data=191KB
07-04 23:36:36.908  7274  7279 I zygote  : After code cache collection, code=251KB, data=153KB
07-04 23:36:36.959  7274  7286 D SummariserIntentService: Scanned /storage/emulated/0/Movies/summarised
07-04 23:36:36.959  7274  7286 D SummariserIntentService:   -> uri=content://media/external/file/1477
07-04 23:36:37.111  7274  7274 V NearbyFragment: Transfer to Endpoint{id=h5xw, name=Nexus 5X [34d8]} complete
07-04 23:37:25.816  7274  7274 D NearbyFragment: onPayloadReceived(endpointId=h5xw, payload=com.google.android.gms.nearby.connection.Payload@4828e9e)
07-04 23:37:25.817  7274  7274 V NearbyFragment: Started downloading SUMMARISE_SEGMENT:-7923329238421638359:20200312_194830!002.mp4:45.0_1.0_23_medium from Endpoint{id=h5xw, name=Nexus 5X [34d8]}
07-04 23:37:25.824  7274  7274 V NearbyFragment: Transfer to Endpoint{id=h5xw, name=Nexus 5X [34d8]} complete
07-04 23:37:25.874  7274  7274 D NearbyFragment: onPayloadReceived(endpointId=h5xw, payload=com.google.android.gms.nearby.connection.Payload@f3f0d7f)
07-04 23:37:29.243  7274  7274 V NearbyFragment: Transfer to Endpoint{id=h5xw, name=Nexus 5X [34d8]} complete
07-04 23:37:29.244  7274  7274 W NearbyFragment: Completed downloading 20200312_194830!002.mp4 from Endpoint{id=h5xw, name=Nexus 5X [34d8]} in 03.425s
07-04 23:37:29.255  7274  7274 V FileManager: External storage is readable
07-04 23:37:29.256  7274  7274 V FileManager: Created new directory: /storage/emulated/0/Movies/segment-sum/20200312_194830
07-04 23:37:29.256  7274  7274 D NearbyFragment: Summarising 20200312_194830!002.mp4
07-04 23:37:29.257  7274  7274 V VideoManager: Retrieving video from /storage/emulated/0/Download/Nearby/20200312_194830!002.mp4
07-04 23:37:29.263  7274  7274 V VideoManager: videoFromCursor
07-04 23:37:29.265  7274  7274 V ProcessingVideosEventHandler: onAdd
07-04 23:37:29.265  7274  7274 V RawFootageEventHandler: onRemove
07-04 23:37:29.269  7274  7274 V NearbyFragment: Transfer to Endpoint{id=h5xw, name=Nexus 5X [34d8]} complete
07-04 23:37:29.274  7274  8126 V SummariserIntentService: onHandleIntent
07-04 23:37:29.275  7274  8126 D SummariserIntentService: Video{id='1496', data='/storage/emulated/0/Download/Nearby/20200312_194830!002.mp4', name='20200312_194830!002.mp4', size=16791932, visible=true, mimeType='video/mp4'}
07-04 23:37:29.275  7274  8126 D SummariserIntentService: /storage/emulated/0/Movies/segment-sum/20200312_194830/20200312_194830!002.mp4
07-04 23:37:29.397  7274  7616 W mobile-ffmpeg: [graph 0 input from stream 0:0 @ 0x92270060] sws_param option is deprecated and ignored
07-04 23:37:35.614  7274  8126 V FfmpegTools: Retrieving duration of /storage/emulated/0/Download/Nearby/20200312_194830!002.mp4
07-04 23:37:35.689  7274  8126 W Summariser: 2 active sections found
07-04 23:37:35.690  7274  8126 I FfmpegTools: Running ffmpeg with:
07-04 23:37:35.690  7274  8126 I FfmpegTools:   -y -i /storage/emulated/0/Download/Nearby/20200312_194830!002.mp4 -filter_complex [0:v]trim=0.000000:3.703000,setpts=PTS-STARTPTS[v0];[0:a]atrim=0.000000:3.703000,asetpts=PTS-STARTPTS[a0];[0:v]trim=10.943000:16.010000,setpts=PTS-STARTPTS[v1];[0:a]atrim=10.943000:16.010000,asetpts=PTS-STARTPTS[a1];[v0][a0][v1][a1]concat=n=2:v=1:a=1[outv][outa] -map [outv] -map [outa] -crf 23 -preset medium /storage/emulated/0/Movies/segment-sum/20200312_194830/20200312_194830!002.mp4
07-04 23:37:35.822  7274  7616 W mobile-ffmpeg: [graph 0 input from stream 0:0 @ 0x92272520] sws_param option is deprecated and ignored
07-04 23:37:35.823  7274  7616 W mobile-ffmpeg: [graph 0 input from stream 0:0 @ 0x92272640] sws_param option is deprecated and ignored
07-04 23:38:00.560  7274  8126 V FfmpegTools: Retrieving duration of /storage/emulated/0/Download/Nearby/20200312_194830!002.mp4
07-04 23:38:00.657  7274  8126 V FfmpegTools: Retrieving duration of /storage/emulated/0/Movies/segment-sum/20200312_194830/20200312_194830!002.mp4
07-04 23:38:00.731  7274  8126 W Summariser: Summarisation completed
07-04 23:38:00.731  7274  8126 W Summariser:   filename: 20200312_194830!002.mp4
07-04 23:38:00.731  7274  8126 W Summariser:   active sections: 2
07-04 23:38:00.731  7274  8126 W Summariser:   time: 31.284s
07-04 23:38:00.731  7274  8126 W Summariser:   original duration: 16.01
07-04 23:38:00.731  7274  8126 W Summariser:   summarised duration: 8.84
07-04 23:38:00.731  7274  8126 W Summariser:   noise tolerance: 45.00
07-04 23:38:00.731  7274  8126 W Summariser:   quality: 23
07-04 23:38:00.731  7274  8126 W Summariser:   speed: medium
07-04 23:38:00.731  7274  8126 W Summariser:   freeze duration: 1.00
07-04 23:38:00.732  7274  8126 V VideoManager: Retrieving video from /storage/emulated/0/Movies/segment-sum/20200312_194830/20200312_194830!002.mp4
07-04 23:38:00.747  7274  8126 V VideoManager: videoFromCursor
07-04 23:38:00.752  7274  8126 W NearbyFragment: Sending 20200312_194830!002.mp4 to Nexus 5X [34d8]
07-04 23:38:00.756  7274  8126 V ProcessingVideosEventHandler: onRemove
07-04 23:38:00.787  7274  7274 V NearbyFragment: Transfer to Endpoint{id=h5xw, name=Nexus 5X [34d8]} complete
07-04 23:38:00.862  7274  7287 D SummariserIntentService: Scanned /storage/emulated/0/Movies/summarised
07-04 23:38:00.862  7274  7287 D SummariserIntentService:   -> uri=content://media/external/file/1477
07-04 23:38:00.962  7274  7274 D NearbyFragment: onPayloadReceived(endpointId=h5xw, payload=com.google.android.gms.nearby.connection.Payload@ae1b102)
07-04 23:38:00.963  7274  7274 V NearbyFragment: Started downloading SUMMARISE_SEGMENT:-8603676407362868576:20200312_195230!001.mp4:45.0_1.0_23_medium from Endpoint{id=h5xw, name=Nexus 5X [34d8]}
07-04 23:38:01.011  7274  7274 V NearbyFragment: Transfer to Endpoint{id=h5xw, name=Nexus 5X [34d8]} complete
07-04 23:38:01.117  7274  7274 V NearbyFragment: Transfer to Endpoint{id=h5xw, name=Nexus 5X [34d8]} complete
07-04 23:38:01.616  7274  7274 D NearbyFragment: onPayloadReceived(endpointId=h5xw, payload=com.google.android.gms.nearby.connection.Payload@f932a13)
07-04 23:38:05.875  7274  7274 V NearbyFragment: Transfer to Endpoint{id=h5xw, name=Nexus 5X [34d8]} complete
07-04 23:38:05.877  7274  7274 W NearbyFragment: Completed downloading 20200312_195230!001.mp4 from Endpoint{id=h5xw, name=Nexus 5X [34d8]} in 04.913s
07-04 23:38:05.897  7274  7274 V FileManager: External storage is readable
07-04 23:38:05.899  7274  7274 V FileManager: Created new directory: /storage/emulated/0/Movies/segment-sum/20200312_195230
07-04 23:38:05.899  7274  7274 D NearbyFragment: Summarising 20200312_195230!001.mp4
07-04 23:38:05.899  7274  7274 V VideoManager: Retrieving video from /storage/emulated/0/Download/Nearby/20200312_195230!001.mp4
07-04 23:38:05.955  7274  7274 V VideoManager: videoFromCursor
07-04 23:38:05.959  7274  7274 V ProcessingVideosEventHandler: onAdd
07-04 23:38:05.959  7274  7274 V RawFootageEventHandler: onRemove
07-04 23:38:05.966  7274  7274 V NearbyFragment: Transfer to Endpoint{id=h5xw, name=Nexus 5X [34d8]} complete
07-04 23:38:05.976  7274  8221 V SummariserIntentService: onHandleIntent
07-04 23:38:05.977  7274  8221 D SummariserIntentService: Video{id='1500', data='/storage/emulated/0/Download/Nearby/20200312_195230!001.mp4', name='20200312_195230!001.mp4', size=16800000, visible=true, mimeType='video/mp4'}
07-04 23:38:05.977  7274  8221 D SummariserIntentService: /storage/emulated/0/Movies/segment-sum/20200312_195230/20200312_195230!001.mp4
07-04 23:38:06.197  7274  7616 W mobile-ffmpeg: [graph 0 input from stream 0:0 @ 0x98afd900] sws_param option is deprecated and ignored
07-04 23:38:12.976  7274  8221 W Summariser: 1 active sections found
07-04 23:38:12.977  7274  8221 I FfmpegTools: Running ffmpeg with:
07-04 23:38:12.977  7274  8221 I FfmpegTools:   -y -i /storage/emulated/0/Download/Nearby/20200312_195230!001.mp4 -filter_complex [0:v]trim=6.005000:12.911000,setpts=PTS-STARTPTS[v0];[0:a]atrim=6.005000:12.911000,asetpts=PTS-STARTPTS[a0];[v0][a0]concat=n=1:v=1:a=1[outv][outa] -map [outv] -map [outa] -crf 23 -preset medium /storage/emulated/0/Movies/segment-sum/20200312_195230/20200312_195230!001.mp4
07-04 23:38:13.135  7274  7616 W mobile-ffmpeg: [graph 0 input from stream 0:0 @ 0x92270480] sws_param option is deprecated and ignored
07-04 23:38:37.805  7274  8221 V FfmpegTools: Retrieving duration of /storage/emulated/0/Download/Nearby/20200312_195230!001.mp4
07-04 23:38:37.941  7274  8221 V FfmpegTools: Retrieving duration of /storage/emulated/0/Movies/segment-sum/20200312_195230/20200312_195230!001.mp4
07-04 23:38:38.029  7274  8221 W Summariser: Summarisation completed
07-04 23:38:38.029  7274  8221 W Summariser:   filename: 20200312_195230!001.mp4
07-04 23:38:38.029  7274  8221 W Summariser:   active sections: 1
07-04 23:38:38.029  7274  8221 W Summariser:   time: 31.826s
07-04 23:38:38.029  7274  8221 W Summariser:   original duration: 16.01
07-04 23:38:38.029  7274  8221 W Summariser:   summarised duration: 6.97
07-04 23:38:38.029  7274  8221 W Summariser:   noise tolerance: 45.00
07-04 23:38:38.029  7274  8221 W Summariser:   quality: 23
07-04 23:38:38.029  7274  8221 W Summariser:   speed: medium
07-04 23:38:38.029  7274  8221 W Summariser:   freeze duration: 1.00
07-04 23:38:38.029  7274  8221 V VideoManager: Retrieving video from /storage/emulated/0/Movies/segment-sum/20200312_195230/20200312_195230!001.mp4
07-04 23:38:38.040  7274  8221 V VideoManager: videoFromCursor
07-04 23:38:38.045  7274  8221 W NearbyFragment: Sending 20200312_195230!001.mp4 to Nexus 5X [34d8]
07-04 23:38:38.050  7274  8221 V ProcessingVideosEventHandler: onRemove
07-04 23:38:38.077  7274  7274 V NearbyFragment: Transfer to Endpoint{id=h5xw, name=Nexus 5X [34d8]} complete
07-04 23:38:38.115  7274  7274 D NearbyFragment: onPayloadReceived(endpointId=h5xw, payload=com.google.android.gms.nearby.connection.Payload@722f581)
07-04 23:38:38.116  7274  7274 V NearbyFragment: Started downloading SUMMARISE_SEGMENT:-8480505742257074673:20200312_195330!002.mp4:45.0_1.0_23_medium from Endpoint{id=h5xw, name=Nexus 5X [34d8]}
07-04 23:38:38.130  7274  7287 D SummariserIntentService: Scanned /storage/emulated/0/Movies/summarised
07-04 23:38:38.130  7274  7287 D SummariserIntentService:   -> uri=content://media/external/file/1477
07-04 23:38:38.180  7274  7274 D NearbyFragment: onPayloadReceived(endpointId=h5xw, payload=com.google.android.gms.nearby.connection.Payload@3760626)
07-04 23:38:38.247  7274  7274 V NearbyFragment: Transfer to Endpoint{id=h5xw, name=Nexus 5X [34d8]} complete
07-04 23:38:38.465  7274  7274 V NearbyFragment: Transfer to Endpoint{id=h5xw, name=Nexus 5X [34d8]} complete
07-04 23:38:42.611  7274  7274 V NearbyFragment: Transfer to Endpoint{id=h5xw, name=Nexus 5X [34d8]} complete
07-04 23:38:42.612  7274  7274 W NearbyFragment: Completed downloading 20200312_195330!002.mp4 from Endpoint{id=h5xw, name=Nexus 5X [34d8]} in 04.495s
07-04 23:38:42.623  7274  7274 V FileManager: External storage is readable
07-04 23:38:42.624  7274  7274 V FileManager: Created new directory: /storage/emulated/0/Movies/segment-sum/20200312_195330
07-04 23:38:42.624  7274  7274 D NearbyFragment: Summarising 20200312_195330!002.mp4
07-04 23:38:42.625  7274  7274 V VideoManager: Retrieving video from /storage/emulated/0/Download/Nearby/20200312_195330!002.mp4
07-04 23:38:42.635  7274  7274 D VideoManager: videoCursor is null
07-04 23:38:42.677  7274  7274 V VideoManager: videoFromCursor
07-04 23:38:42.680  7274  7274 V ProcessingVideosEventHandler: onAdd
07-04 23:38:42.681  7274  7274 V RawFootageEventHandler: onRemove
07-04 23:38:42.688  7274  7274 V NearbyFragment: Transfer to Endpoint{id=h5xw, name=Nexus 5X [34d8]} complete
07-04 23:38:42.694  7274  8365 V SummariserIntentService: onHandleIntent
07-04 23:38:42.695  7274  8365 D SummariserIntentService: Video{id='1518', data='/storage/emulated/0/Download/Nearby/20200312_195330!002.mp4', name='20200312_195330!002.mp4', size=16908091, visible=true, mimeType='video/mp4'}
07-04 23:38:42.695  7274  8365 D SummariserIntentService: /storage/emulated/0/Movies/segment-sum/20200312_195330/20200312_195330!002.mp4
07-04 23:38:42.955  7274  7616 W mobile-ffmpeg: [graph 0 input from stream 0:0 @ 0x922705a0] sws_param option is deprecated and ignored
07-04 23:38:53.455  7274  8365 V FfmpegTools: Retrieving duration of /storage/emulated/0/Download/Nearby/20200312_195330!002.mp4
07-04 23:38:53.604  7274  8365 W Summariser: 2 active sections found
07-04 23:38:53.605  7274  8365 I FfmpegTools: Running ffmpeg with:
07-04 23:38:53.605  7274  8365 I FfmpegTools:   -y -i /storage/emulated/0/Download/Nearby/20200312_195330!002.mp4 -filter_complex [0:v]trim=3.670000:7.940000,setpts=PTS-STARTPTS[v0];[0:a]atrim=3.670000:7.940000,asetpts=PTS-STARTPTS[a0];[0:v]trim=11.276000:16.010000,setpts=PTS-STARTPTS[v1];[0:a]atrim=11.276000:16.010000,asetpts=PTS-STARTPTS[a1];[v0][a0][v1][a1]concat=n=2:v=1:a=1[outv][outa] -map [outv] -map [outa] -crf 23 -preset medium /storage/emulated/0/Movies/segment-sum/20200312_195330/20200312_195330!002.mp4
07-04 23:38:53.826  7274  7616 W mobile-ffmpeg: [graph 0 input from stream 0:0 @ 0x92272ac0] sws_param option is deprecated and ignored
07-04 23:38:53.831  7274  7616 W mobile-ffmpeg: [graph 0 input from stream 0:0 @ 0x92272be0] sws_param option is deprecated and ignored
07-04 23:39:20.778  7274  8365 V FfmpegTools: Retrieving duration of /storage/emulated/0/Download/Nearby/20200312_195330!002.mp4
07-04 23:39:20.876  7274  8365 V FfmpegTools: Retrieving duration of /storage/emulated/0/Movies/segment-sum/20200312_195330/20200312_195330!002.mp4
07-04 23:39:20.941  7274  8365 W Summariser: Summarisation completed
07-04 23:39:20.941  7274  8365 W Summariser:   filename: 20200312_195330!002.mp4
07-04 23:39:20.941  7274  8365 W Summariser:   active sections: 2
07-04 23:39:20.941  7274  8365 W Summariser:   time: 38.081s
07-04 23:39:20.941  7274  8365 W Summariser:   original duration: 16.01
07-04 23:39:20.941  7274  8365 W Summariser:   summarised duration: 9.07
07-04 23:39:20.941  7274  8365 W Summariser:   noise tolerance: 45.00
07-04 23:39:20.941  7274  8365 W Summariser:   quality: 23
07-04 23:39:20.941  7274  8365 W Summariser:   speed: medium
07-04 23:39:20.941  7274  8365 W Summariser:   freeze duration: 1.00
07-04 23:39:20.941  7274  8365 V VideoManager: Retrieving video from /storage/emulated/0/Movies/segment-sum/20200312_195330/20200312_195330!002.mp4
07-04 23:39:20.952  7274  8365 D VideoManager: videoCursor is null
07-04 23:39:20.975  7274  7279 I zygote  : Do partial code cache collection, code=252KB, data=162KB
07-04 23:39:20.976  7274  7279 I zygote  : After code cache collection, code=252KB, data=162KB
07-04 23:39:20.976  7274  7279 I zygote  : Increasing code cache capacity to 1024KB
07-04 23:39:21.027  7274  8365 V VideoManager: videoFromCursor
07-04 23:39:21.030  7274  8365 W NearbyFragment: Sending 20200312_195330!002.mp4 to Nexus 5X [34d8]
07-04 23:39:21.034  7274  8365 V ProcessingVideosEventHandler: onRemove
07-04 23:39:21.052  7274  7274 V NearbyFragment: Transfer to Endpoint{id=h5xw, name=Nexus 5X [34d8]} complete
07-04 23:39:21.085  7274  7287 D SummariserIntentService: Scanned /storage/emulated/0/Movies/summarised
07-04 23:39:21.085  7274  7287 D SummariserIntentService:   -> uri=content://media/external/file/1477
07-04 23:39:21.217  7274  7274 V NearbyFragment: Transfer to Endpoint{id=h5xw, name=Nexus 5X [34d8]} complete
