--------- beginning of main
--------- beginning of system
07-01 01:19:26.755  5424  5424 W LogFactory: Truncating log tag length as it exceed 23, the limit imposed by Android on certain API Levels
07-01 01:20:41.424  5424  5424 E TransferService: No notification is passed in the intent. Unable to transition to foreground.
07-01 01:21:36.530  5424  5424 W NearbyFragment: Preferences:
07-01 01:21:36.530  5424  5424 W NearbyFragment:   Auto download: true
07-01 01:21:36.530  5424  5424 W NearbyFragment:   Algorithm: best_or_local
07-01 01:21:36.530  5424  5424 W NearbyFragment:   Fast scheduling: true
07-01 01:21:36.530  5424  5424 W NearbyFragment:   Segmentation: false
07-01 01:21:36.530  5424  5424 W NearbyFragment:   Auto segmentation: false
07-01 01:21:36.530  5424  5424 W NearbyFragment:   Segment number: 4
07-01 01:21:36.530  5424  5424 W NearbyFragment:   Noise tolerance: 45.00
07-01 01:21:36.530  5424  5424 W NearbyFragment:   Quality: 23
07-01 01:21:36.530  5424  5424 W NearbyFragment:   Speed: medium
07-01 01:21:36.530  5424  5424 W NearbyFragment:   Freeze duration: 1.00
07-01 01:21:36.531  5424  5424 W NearbyFragment: Download delay: 1s
07-01 01:21:36.532  5424  5424 W NearbyFragment: Started downloading from dashcam
07-01 01:21:59.950  5424  5424 W NearbyFragment: Sending 20200312_150643.mp4 to Galaxy S8 [2802]
07-01 01:21:59.969  5424  5424 W DashDownloadManager: Successfully downloaded 20200312_150643.mp4 in 23.355s
07-01 01:22:25.577  5424  5424 W NearbyFragment: Sending 20200312_150744.mp4 to Galaxy S8 [2802]
07-01 01:22:25.581  5424  5424 W DashDownloadManager: Successfully downloaded 20200312_150744.mp4 in 24.555s
07-01 01:22:52.870  5424  5424 W DashDownloadManager: Successfully downloaded 20200312_150844.mp4 in 26.195s
07-01 01:22:53.037  5424  5934 W mobile-ffmpeg: 
07-01 01:22:53.038  5424  5934 W mobile-ffmpeg: [mov,mp4,m4a,3gp,3g2,mj2 @ 0x6f2a7e3000] 
07-01 01:22:53.038  5424  5934 W mobile-ffmpeg: 
07-01 01:22:53.038  5424  5934 W mobile-ffmpeg: Found duplicated MOOV Atom. Skipped it
07-01 01:23:00.115  5424  5424 W NearbyFragment: Completed downloading 20200312_150744.mp4 from Endpoint{id=03hC, name=Galaxy S8 [2802]} in 00.372s
07-01 01:23:07.641  5424  5933 W Summariser: Whole video is active
07-01 01:23:10.947  5424  5933 W Summariser: Summarisation completed
07-01 01:23:10.947  5424  5933 W Summariser:   filename: 20200312_150844.mp4
07-01 01:23:10.947  5424  5933 W Summariser:   active sections: -1
07-01 01:23:10.947  5424  5933 W Summariser:   time: 17.838s
07-01 01:23:10.947  5424  5933 W Summariser:   original duration: 60.02
07-01 01:23:10.947  5424  5933 W Summariser:   summarised duration: 60.02
07-01 01:23:10.947  5424  5933 W Summariser:   noise tolerance: 45.00
07-01 01:23:10.947  5424  5933 W Summariser:   quality: 23
07-01 01:23:10.947  5424  5933 W Summariser:   speed: medium
07-01 01:23:10.947  5424  5933 W Summariser:   freeze duration: 1.00
07-01 01:23:19.332  5424  5424 W NearbyFragment: Sending 20200312_150944.mp4 to Galaxy S8 [2802]
07-01 01:23:19.336  5424  5424 W DashDownloadManager: Successfully downloaded 20200312_150944.mp4 in 25.392s
07-01 01:23:48.896  5424  5424 W DashDownloadManager: Successfully downloaded 20200312_151044.mp4 in 28.477s
07-01 01:23:48.916  5424  5934 W mobile-ffmpeg: 
07-01 01:23:48.916  5424  5934 W mobile-ffmpeg: [mov,mp4,m4a,3gp,3g2,mj2 @ 0x6f2a6bdc00] 
07-01 01:23:48.916  5424  5934 W mobile-ffmpeg: 
07-01 01:23:48.917  5424  5934 W mobile-ffmpeg: Found duplicated MOOV Atom. Skipped it
07-01 01:23:52.418  5424  5424 W NearbyFragment: Completed downloading 20200312_150944.mp4 from Endpoint{id=03hC, name=Galaxy S8 [2802]} in 00.604s
07-01 01:24:09.044  5424  6021 W Summariser: No activity detected
07-01 01:24:09.147  5424  6021 W Summariser: Summarisation completed
07-01 01:24:09.147  5424  6021 W Summariser:   filename: 20200312_151044.mp4
07-01 01:24:09.147  5424  6021 W Summariser:   active sections: 0
07-01 01:24:09.147  5424  6021 W Summariser:   time: 20.139s
07-01 01:24:09.147  5424  6021 W Summariser:   original duration: 60.02
07-01 01:24:09.147  5424  6021 W Summariser:   summarised duration: -1.00
07-01 01:24:09.147  5424  6021 W Summariser:   noise tolerance: 45.00
07-01 01:24:09.147  5424  6021 W Summariser:   quality: 23
07-01 01:24:09.147  5424  6021 W Summariser:   speed: medium
07-01 01:24:09.147  5424  6021 W Summariser:   freeze duration: 1.00
07-01 01:24:14.239  5424  5424 W NearbyFragment: Sending 20200312_193528.mp4 to Galaxy S8 [2802]
07-01 01:24:14.243  5424  5424 W DashDownloadManager: Successfully downloaded 20200312_193528.mp4 in 24.280s
07-01 01:24:42.961  5424  5424 W NearbyFragment: Sending 20200312_193628.mp4 to Galaxy S8 [2802]
07-01 01:24:42.964  5424  5424 W DashDownloadManager: Successfully downloaded 20200312_193628.mp4 in 27.659s
07-01 01:25:11.424  5424  5424 W DashDownloadManager: Successfully downloaded 20200312_193728.mp4 in 27.353s
07-01 01:25:11.444  5424  5934 W mobile-ffmpeg: 
07-01 01:25:11.444  5424  5934 W mobile-ffmpeg: [mov,mp4,m4a,3gp,3g2,mj2 @ 0x6f2c9cbc00] 
07-01 01:25:11.444  5424  5934 W mobile-ffmpeg: 
07-01 01:25:11.444  5424  5934 W mobile-ffmpeg: Found duplicated MOOV Atom. Skipped it
07-01 01:25:14.373  5424  5424 W NearbyFragment: Completed downloading 20200312_193628.mp4 from Endpoint{id=03hC, name=Galaxy S8 [2802]} in 00.341s
07-01 01:25:33.760  5424  5424 W NearbyFragment: Sending 20200312_193828.mp4 to Galaxy S8 [2802]
07-01 01:25:33.763  5424  5424 W DashDownloadManager: Successfully downloaded 20200312_193828.mp4 in 21.272s
07-01 01:25:35.671  5424  6103 W Summariser: Whole video is active
07-01 01:25:39.229  5424  6103 W Summariser: Summarisation completed
07-01 01:25:39.229  5424  6103 W Summariser:   filename: 20200312_193728.mp4
07-01 01:25:39.229  5424  6103 W Summariser:   active sections: -1
07-01 01:25:39.229  5424  6103 W Summariser:   time: 27.487s
07-01 01:25:39.229  5424  6103 W Summariser:   original duration: 60.02
07-01 01:25:39.229  5424  6103 W Summariser:   summarised duration: 60.02
07-01 01:25:39.229  5424  6103 W Summariser:   noise tolerance: 45.00
07-01 01:25:39.229  5424  6103 W Summariser:   quality: 23
07-01 01:25:39.229  5424  6103 W Summariser:   speed: medium
07-01 01:25:39.229  5424  6103 W Summariser:   freeze duration: 1.00
07-01 01:26:03.780  5424  5424 W DashDownloadManager: Successfully downloaded 20200312_193928.mp4 in 28.952s
07-01 01:26:03.797  5424  5934 W mobile-ffmpeg: 
07-01 01:26:03.798  5424  5934 W mobile-ffmpeg: [mov,mp4,m4a,3gp,3g2,mj2 @ 0x6f2c9cb600] 
07-01 01:26:03.798  5424  5934 W mobile-ffmpeg: 
07-01 01:26:03.798  5424  5934 W mobile-ffmpeg: Found duplicated MOOV Atom. Skipped it
07-01 01:26:11.567  5424  5424 W NearbyFragment: Completed downloading 20200312_193828.mp4 from Endpoint{id=03hC, name=Galaxy S8 [2802]} in 01.315s
07-01 01:26:26.170  5424  5424 W NearbyFragment: Sending 20200312_194129.mp4 to Galaxy S8 [2802]
07-01 01:26:26.173  5424  5424 W DashDownloadManager: Successfully downloaded 20200312_194129.mp4 in 21.341s
07-01 01:26:26.923  5424  6158 W Summariser: No activity detected
07-01 01:26:27.030  5424  6158 W Summariser: Summarisation completed
07-01 01:26:27.030  5424  6158 W Summariser:   filename: 20200312_193928.mp4
07-01 01:26:27.030  5424  6158 W Summariser:   active sections: 0
07-01 01:26:27.030  5424  6158 W Summariser:   time: 23.135s
07-01 01:26:27.030  5424  6158 W Summariser:   original duration: 60.89
07-01 01:26:27.030  5424  6158 W Summariser:   summarised duration: -1.00
07-01 01:26:27.030  5424  6158 W Summariser:   noise tolerance: 45.00
07-01 01:26:27.030  5424  6158 W Summariser:   quality: 23
07-01 01:26:27.030  5424  6158 W Summariser:   speed: medium
07-01 01:26:27.030  5424  6158 W Summariser:   freeze duration: 1.00
07-01 01:26:51.615  5424  5424 W DashDownloadManager: Successfully downloaded 20200312_194229.mp4 in 24.377s
07-01 01:26:51.634  5424  5934 W mobile-ffmpeg: 
07-01 01:26:51.635  5424  5934 W mobile-ffmpeg: [mov,mp4,m4a,3gp,3g2,mj2 @ 0x6f2c9cb600] 
07-01 01:26:51.635  5424  5934 W mobile-ffmpeg: 
07-01 01:26:51.635  5424  5934 W mobile-ffmpeg: Found duplicated MOOV Atom. Skipped it
07-01 01:26:59.898  5424  5424 W NearbyFragment: Completed downloading 20200312_194129.mp4 from Endpoint{id=03hC, name=Galaxy S8 [2802]} in 00.634s
07-01 01:27:14.356  5424  5424 W NearbyFragment: Sending 20200312_194330.mp4 to Galaxy S8 [2802]
07-01 01:27:14.360  5424  5424 W DashDownloadManager: Successfully downloaded 20200312_194330.mp4 in 21.673s
07-01 01:27:15.253  5424  6210 W Summariser: 5 active sections found
07-01 01:27:15.281  5424  5934 W mobile-ffmpeg: 
07-01 01:27:15.281  5424  5934 W mobile-ffmpeg: [mov,mp4,m4a,3gp,3g2,mj2 @ 0x6f2c9cb600] 
07-01 01:27:15.281  5424  5934 W mobile-ffmpeg: 
07-01 01:27:15.281  5424  5934 W mobile-ffmpeg: Found duplicated MOOV Atom. Skipped it
07-01 01:27:38.395  5424  5424 W NearbyFragment: Sending 20200312_194730.mp4 to Galaxy S8 [2802]
07-01 01:27:38.399  5424  5424 W DashDownloadManager: Successfully downloaded 20200312_194730.mp4 in 22.955s
07-01 01:28:08.170  5424  5424 W NearbyFragment: Sending 20200312_194830.mp4 to Galaxy S8 [2802]
07-01 01:28:08.175  5424  5424 W DashDownloadManager: Successfully downloaded 20200312_194830.mp4 in 28.705s
07-01 01:28:40.982  5424  5424 W DashDownloadManager: Successfully downloaded 20200312_194930.mp4 in 31.739s
07-01 01:28:55.835  5424  5424 W NearbyFragment: Completed downloading 20200312_194830.mp4 from Endpoint{id=03hC, name=Galaxy S8 [2802]} in 00.917s
07-01 01:29:03.559  5424  6210 W Summariser: Summarisation completed
07-01 01:29:03.559  5424  6210 W Summariser:   filename: 20200312_194229.mp4
07-01 01:29:03.559  5424  6210 W Summariser:   active sections: 5
07-01 01:29:03.559  5424  6210 W Summariser:   time: 131.564s
07-01 01:29:03.559  5424  6210 W Summariser:   original duration: 60.02
07-01 01:29:03.559  5424  6210 W Summariser:   summarised duration: 15.51
07-01 01:29:03.559  5424  6210 W Summariser:   noise tolerance: 45.00
07-01 01:29:03.559  5424  6210 W Summariser:   quality: 23
07-01 01:29:03.559  5424  6210 W Summariser:   speed: medium
07-01 01:29:03.559  5424  6210 W Summariser:   freeze duration: 1.00
07-01 01:29:03.638  5424  5934 W mobile-ffmpeg: 
07-01 01:29:03.638  5424  5934 W mobile-ffmpeg: [mov,mp4,m4a,3gp,3g2,mj2 @ 0x6f2c9cb600] 
07-01 01:29:03.638  5424  5934 W mobile-ffmpeg: 
07-01 01:29:03.638  5424  5934 W mobile-ffmpeg: Found duplicated MOOV Atom. Skipped it
07-01 01:29:06.745  5424  5424 W NearbyFragment: Sending 20200312_195230.mp4 to Galaxy S8 [2802]
07-01 01:29:06.750  5424  5424 W DashDownloadManager: Successfully downloaded 20200312_195230.mp4 in 24.682s
07-01 01:29:42.756  5424  6210 W Summariser: 2 active sections found
07-01 01:29:42.771  5424  5934 W mobile-ffmpeg: 
07-01 01:29:42.771  5424  5934 W mobile-ffmpeg: [mov,mp4,m4a,3gp,3g2,mj2 @ 0x6f2c9cb600] 
07-01 01:29:42.771  5424  5934 W mobile-ffmpeg: 
07-01 01:29:42.771  5424  5934 W mobile-ffmpeg: Found duplicated MOOV Atom. Skipped it
07-01 01:29:42.781  5424  5424 W DashDownloadManager: Successfully downloaded 20200312_195330.mp4 in 34.955s
07-01 01:29:59.260  5424  5424 W NearbyFragment: Completed downloading 20200312_195230.mp4 from Endpoint{id=03hC, name=Galaxy S8 [2802]} in 00.578s
07-01 01:30:06.215  5424  5424 W NearbyFragment: Sending 20200312_195430.mp4 to Galaxy S8 [2802]
07-01 01:30:06.219  5424  5424 W DashDownloadManager: Successfully downloaded 20200312_195430.mp4 in 22.355s
07-01 01:30:07.250  5424  5862 W NearbyFragment: Stopped downloading from dashcam
07-01 01:30:49.106  5424  5424 W NearbyFragment: Completed downloading 20200312_195430.mp4 from Endpoint{id=03hC, name=Galaxy S8 [2802]} in 01.335s
07-01 01:31:48.691  5424  6210 W Summariser: Summarisation completed
07-01 01:31:48.691  5424  6210 W Summariser:   filename: 20200312_194930.mp4
07-01 01:31:48.691  5424  6210 W Summariser:   active sections: 2
07-01 01:31:48.691  5424  6210 W Summariser:   time: 164.856s
07-01 01:31:48.691  5424  6210 W Summariser:   original duration: 60.02
07-01 01:31:48.691  5424  6210 W Summariser:   summarised duration: 22.25
07-01 01:31:48.691  5424  6210 W Summariser:   noise tolerance: 45.00
07-01 01:31:48.691  5424  6210 W Summariser:   quality: 23
07-01 01:31:48.691  5424  6210 W Summariser:   speed: medium
07-01 01:31:48.691  5424  6210 W Summariser:   freeze duration: 1.00
07-01 01:31:48.795  5424  5934 W mobile-ffmpeg: 
07-01 01:31:48.796  5424  5934 W mobile-ffmpeg: [mov,mp4,m4a,3gp,3g2,mj2 @ 0x6f2c9cb600] 
07-01 01:31:48.796  5424  5934 W mobile-ffmpeg: 
07-01 01:31:48.796  5424  5934 W mobile-ffmpeg: Found duplicated MOOV Atom. Skipped it
07-01 01:32:09.383  5424  6210 W Summariser: 5 active sections found
07-01 01:32:09.396  5424  5934 W mobile-ffmpeg: 
07-01 01:32:09.396  5424  5934 W mobile-ffmpeg: [mov,mp4,m4a,3gp,3g2,mj2 @ 0x6f2c9cb600] 
07-01 01:32:09.396  5424  5934 W mobile-ffmpeg: 
07-01 01:32:09.396  5424  5934 W mobile-ffmpeg: Found duplicated MOOV Atom. Skipped it
07-01 01:33:36.858  5424  6210 W Summariser: Summarisation completed
07-01 01:33:36.858  5424  6210 W Summariser:   filename: 20200312_195330.mp4
07-01 01:33:36.858  5424  6210 W Summariser:   active sections: 5
07-01 01:33:36.858  5424  6210 W Summariser:   time: 107.831s
07-01 01:33:36.858  5424  6210 W Summariser:   original duration: 60.02
07-01 01:33:36.858  5424  6210 W Summariser:   summarised duration: 23.42
07-01 01:33:36.858  5424  6210 W Summariser:   noise tolerance: 45.00
07-01 01:33:36.858  5424  6210 W Summariser:   quality: 23
07-01 01:33:36.858  5424  6210 W Summariser:   speed: medium
07-01 01:33:36.858  5424  6210 W Summariser:   freeze duration: 1.00
