--------- beginning of main
07-12 18:55:30.109  6885  6925 W Adreno-EGL: <qeglDrvAPI_eglGetConfigAttrib:607>: EGL_BAD_ATTRIBUTE
07-12 18:55:30.112  6885  6925 W Adreno-EGL: <qeglDrvAPI_eglGetConfigAttrib:607>: EGL_BAD_ATTRIBUTE
07-12 18:55:30.207  6885  6922 W LogFactory: Truncating log tag length as it exceed 23, the limit imposed by Android on certain API Levels
07-12 18:55:30.213  6885  6922 W LogFactory: Truncating log tag length as it exceed 23, the limit imposed by Android on certain API Levels
07-12 18:55:30.335  6885  6922 W LogFactory: Truncating log tag length as it exceed 23, the limit imposed by Android on certain API Levels
07-12 18:55:30.777  6885  6885 W System.err: org.json.JSONException: No value for manufacturer
07-12 18:55:30.779  6885  6885 W System.err: 	at org.json.JSONObject.get(JSONObject.java:392)
07-12 18:55:30.779  6885  6885 W System.err: 	at org.json.JSONObject.getString(JSONObject.java:553)
07-12 18:55:30.779  6885  6885 W System.err: 	at com.jaredrummler.android.device.DeviceName$DeviceInfo.<init>(DeviceName.java:374)
07-12 18:55:30.779  6885  6885 W System.err: 	at com.jaredrummler.android.device.DeviceName$DeviceInfo.<init>(DeviceName.java:347)
07-12 18:55:30.779  6885  6885 W System.err: 	at com.jaredrummler.android.device.DeviceName.getDeviceInfo(DeviceName.java:186)
07-12 18:55:30.779  6885  6885 W System.err: 	at com.jaredrummler.android.device.DeviceName.getDeviceName(DeviceName.java:138)
07-12 18:55:30.780  6885  6885 W System.err: 	at com.jaredrummler.android.device.DeviceName.getDeviceName(DeviceName.java:111)
07-12 18:55:30.780  6885  6885 W System.err: 	at com.example.edgesum.util.nearby.NearbyFragment.setLocalName(NearbyFragment.java:118)
07-12 18:55:30.781  6885  6885 W System.err: 	at com.example.edgesum.util.nearby.NearbyFragment.onCreate(NearbyFragment.java:110)
07-12 18:55:30.782  6885  6885 W System.err: 	at com.example.edgesum.page.main.ConnectionFragment.onCreate(ConnectionFragment.java:30)
07-12 18:55:30.782  6885  6885 W System.err: 	at androidx.fragment.app.Fragment.performCreate(Fragment.java:2684)
07-12 18:55:30.782  6885  6885 W System.err: 	at androidx.fragment.app.FragmentStateManager.create(FragmentStateManager.java:280)
07-12 18:55:30.782  6885  6885 W System.err: 	at androidx.fragment.app.FragmentManager.moveToState(FragmentManager.java:1175)
07-12 18:55:30.782  6885  6885 W System.err: 	at androidx.fragment.app.FragmentTransition.addToFirstInLastOut(FragmentTransition.java:1255)
07-12 18:55:30.783  6885  6885 W System.err: 	at androidx.fragment.app.FragmentTransition.calculateFragments(FragmentTransition.java:1138)
07-12 18:55:30.783  6885  6885 W System.err: 	at androidx.fragment.app.FragmentTransition.startTransitions(FragmentTransition.java:136)
07-12 18:55:30.783  6885  6885 W System.err: 	at androidx.fragment.app.FragmentManager.executeOpsTogether(FragmentManager.java:1989)
07-12 18:55:30.783  6885  6885 W System.err: 	at androidx.fragment.app.FragmentManager.removeRedundantOperationsAndExecute(FragmentManager.java:1947)
07-12 18:55:30.783  6885  6885 W System.err: 	at androidx.fragment.app.FragmentManager.execPendingActions(FragmentManager.java:1849)
07-12 18:55:30.783  6885  6885 W System.err: 	at androidx.fragment.app.FragmentManager.dispatchStateChange(FragmentManager.java:2629)
07-12 18:55:30.783  6885  6885 W System.err: 	at androidx.fragment.app.FragmentManager.dispatchActivityCreated(FragmentManager.java:2577)
07-12 18:55:30.784  6885  6885 W System.err: 	at androidx.fragment.app.FragmentController.dispatchActivityCreated(FragmentController.java:247)
07-12 18:55:30.784  6885  6885 W System.err: 	at androidx.fragment.app.FragmentActivity.onStart(FragmentActivity.java:541)
07-12 18:55:30.784  6885  6885 W System.err: 	at androidx.appcompat.app.AppCompatActivity.onStart(AppCompatActivity.java:201)
07-12 18:55:30.784  6885  6885 W System.err: 	at com.example.edgesum.page.main.MainActivity.onStart(MainActivity.java:88)
07-12 18:55:30.784  6885  6885 W System.err: 	at android.app.Instrumentation.callActivityOnStart(Instrumentation.java:1334)
07-12 18:55:30.784  6885  6885 W System.err: 	at android.app.Activity.performStart(Activity.java:7029)
07-12 18:55:30.784  6885  6885 W System.err: 	at android.app.ActivityThread.performLaunchActivity(ActivityThread.java:2741)
07-12 18:55:30.784  6885  6885 W System.err: 	at android.app.ActivityThread.handleLaunchActivity(ActivityThread.java:2856)
07-12 18:55:30.785  6885  6885 W System.err: 	at android.app.ActivityThread.-wrap11(Unknown Source:0)
07-12 18:55:30.785  6885  6885 W System.err: 	at android.app.ActivityThread$H.handleMessage(ActivityThread.java:1589)
07-12 18:55:30.785  6885  6885 W System.err: 	at android.os.Handler.dispatchMessage(Handler.java:106)
07-12 18:55:30.785  6885  6885 W System.err: 	at android.os.Looper.loop(Looper.java:164)
07-12 18:55:30.785  6885  6885 W System.err: 	at android.app.ActivityThread.main(ActivityThread.java:6494)
07-12 18:55:30.785  6885  6885 W System.err: 	at java.lang.reflect.Method.invoke(Native Method)
07-12 18:55:30.785  6885  6885 W System.err: 	at com.android.internal.os.RuntimeInit$MethodAndArgsCaller.run(RuntimeInit.java:438)
07-12 18:55:30.786  6885  6885 W System.err: 	at com.android.internal.os.ZygoteInit.main(ZygoteInit.java:807)
07-12 18:55:31.189  6885  6885 W LogFactory: Truncating log tag length as it exceed 23, the limit imposed by Android on certain API Levels
07-12 18:55:31.213  6885  6885 E TransferService: No notification is passed in the intent. Unable to transition to foreground.
07-12 18:55:31.317  6885  6885 W StaticLayout: maxLineHeight should not be -1.  maxLines:1 lineCount:1
07-12 18:55:31.331  6885  6885 W StaticLayout: maxLineHeight should not be -1.  maxLines:1 lineCount:1
07-12 18:55:31.341  6885  6885 W StaticLayout: maxLineHeight should not be -1.  maxLines:1 lineCount:1
07-12 18:55:31.352  6885  6885 W StaticLayout: maxLineHeight should not be -1.  maxLines:1 lineCount:1
07-12 18:55:31.378  6885  6925 W Adreno-EGL: <qeglDrvAPI_eglGetConfigAttrib:607>: EGL_BAD_ATTRIBUTE
07-12 18:55:31.398  6885  6885 W StaticLayout: maxLineHeight should not be -1.  maxLines:1 lineCount:1
07-12 18:55:31.409  6885  6885 W StaticLayout: maxLineHeight should not be -1.  maxLines:1 lineCount:1
07-12 18:55:32.295  6885  6925 W Adreno-EGL: <qeglDrvAPI_eglGetConfigAttrib:607>: EGL_BAD_ATTRIBUTE
07-12 18:55:33.391  6885  6925 W Adreno-EGL: <qeglDrvAPI_eglGetConfigAttrib:607>: EGL_BAD_ATTRIBUTE
07-12 18:55:41.491  6885  6885 W System.err: org.json.JSONException: No value for manufacturer
07-12 18:55:41.491  6885  6885 W System.err: 	at org.json.JSONObject.get(JSONObject.java:392)
07-12 18:55:41.492  6885  6885 W System.err: 	at org.json.JSONObject.getString(JSONObject.java:553)
07-12 18:55:41.492  6885  6885 W System.err: 	at com.jaredrummler.android.device.DeviceName$DeviceInfo.<init>(DeviceName.java:374)
07-12 18:55:41.492  6885  6885 W System.err: 	at com.jaredrummler.android.device.DeviceName$DeviceInfo.<init>(DeviceName.java:347)
07-12 18:55:41.492  6885  6885 W System.err: 	at com.jaredrummler.android.device.DeviceName.getDeviceInfo(DeviceName.java:186)
07-12 18:55:41.492  6885  6885 W System.err: 	at com.jaredrummler.android.device.DeviceName.getDeviceName(DeviceName.java:138)
07-12 18:55:41.492  6885  6885 W System.err: 	at com.jaredrummler.android.device.DeviceName.getDeviceName(DeviceName.java:111)
07-12 18:55:41.492  6885  6885 W System.err: 	at com.example.edgesum.util.nearby.NearbyFragment.setLocalName(NearbyFragment.java:118)
07-12 18:55:41.492  6885  6885 W System.err: 	at com.example.edgesum.util.nearby.NearbyFragment.onCreate(NearbyFragment.java:110)
07-12 18:55:41.492  6885  6885 W System.err: 	at com.example.edgesum.page.main.ConnectionFragment.onCreate(ConnectionFragment.java:30)
07-12 18:55:41.493  6885  6885 W System.err: 	at androidx.fragment.app.Fragment.performCreate(Fragment.java:2684)
07-12 18:55:41.493  6885  6885 W System.err: 	at androidx.fragment.app.FragmentStateManager.create(FragmentStateManager.java:280)
07-12 18:55:41.493  6885  6885 W System.err: 	at androidx.fragment.app.FragmentManager.moveToState(FragmentManager.java:1175)
07-12 18:55:41.493  6885  6885 W System.err: 	at androidx.fragment.app.FragmentTransition.addToFirstInLastOut(FragmentTransition.java:1255)
07-12 18:55:41.493  6885  6885 W System.err: 	at androidx.fragment.app.FragmentTransition.calculateFragments(FragmentTransition.java:1138)
07-12 18:55:41.493  6885  6885 W System.err: 	at androidx.fragment.app.FragmentTransition.startTransitions(FragmentTransition.java:136)
07-12 18:55:41.493  6885  6885 W System.err: 	at androidx.fragment.app.FragmentManager.executeOpsTogether(FragmentManager.java:1989)
07-12 18:55:41.493  6885  6885 W System.err: 	at androidx.fragment.app.FragmentManager.removeRedundantOperationsAndExecute(FragmentManager.java:1947)
07-12 18:55:41.494  6885  6885 W System.err: 	at androidx.fragment.app.FragmentManager.execPendingActions(FragmentManager.java:1849)
07-12 18:55:41.494  6885  6885 W System.err: 	at androidx.fragment.app.FragmentManager.dispatchStateChange(FragmentManager.java:2629)
07-12 18:55:41.494  6885  6885 W System.err: 	at androidx.fragment.app.FragmentManager.dispatchActivityCreated(FragmentManager.java:2577)
07-12 18:55:41.494  6885  6885 W System.err: 	at androidx.fragment.app.FragmentController.dispatchActivityCreated(FragmentController.java:247)
07-12 18:55:41.494  6885  6885 W System.err: 	at androidx.fragment.app.FragmentActivity.onStart(FragmentActivity.java:541)
07-12 18:55:41.496  6885  6885 W System.err: 	at androidx.appcompat.app.AppCompatActivity.onStart(AppCompatActivity.java:201)
07-12 18:55:41.496  6885  6885 W System.err: 	at com.example.edgesum.page.main.MainActivity.onStart(MainActivity.java:88)
07-12 18:55:41.497  6885  6885 W System.err: 	at android.app.Instrumentation.callActivityOnStart(Instrumentation.java:1334)
07-12 18:55:41.497  6885  6885 W System.err: 	at android.app.Activity.performStart(Activity.java:7029)
07-12 18:55:41.497  6885  6885 W System.err: 	at android.app.ActivityThread.performLaunchActivity(ActivityThread.java:2741)
07-12 18:55:41.497  6885  6885 W System.err: 	at android.app.ActivityThread.handleLaunchActivity(ActivityThread.java:2856)
07-12 18:55:41.497  6885  6885 W System.err: 	at android.app.ActivityThread.-wrap11(Unknown Source:0)
07-12 18:55:41.497  6885  6885 W System.err: 	at android.app.ActivityThread$H.handleMessage(ActivityThread.java:1589)
07-12 18:55:41.498  6885  6885 W System.err: 	at android.os.Handler.dispatchMessage(Handler.java:106)
07-12 18:55:41.498  6885  6885 W System.err: 	at android.os.Looper.loop(Looper.java:164)
07-12 18:55:41.498  6885  6885 W System.err: 	at android.app.ActivityThread.main(ActivityThread.java:6494)
07-12 18:55:41.498  6885  6885 W System.err: 	at java.lang.reflect.Method.invoke(Native Method)
07-12 18:55:41.499  6885  6885 W System.err: 	at com.android.internal.os.RuntimeInit$MethodAndArgsCaller.run(RuntimeInit.java:438)
07-12 18:55:41.499  6885  6885 W System.err: 	at com.android.internal.os.ZygoteInit.main(ZygoteInit.java:807)
07-12 18:55:41.797  6885  6885 W StaticLayout: maxLineHeight should not be -1.  maxLines:1 lineCount:1
07-12 18:55:41.820  6885  6885 W StaticLayout: maxLineHeight should not be -1.  maxLines:1 lineCount:1
07-12 18:55:41.836  6885  6925 W Adreno-EGL: <qeglDrvAPI_eglGetConfigAttrib:607>: EGL_BAD_ATTRIBUTE
07-12 18:55:41.850  6885  6885 W StaticLayout: maxLineHeight should not be -1.  maxLines:1 lineCount:1
07-12 18:55:41.857  6885  6885 W StaticLayout: maxLineHeight should not be -1.  maxLines:1 lineCount:1
07-12 18:55:41.866  6885  6885 E TransferService: No notification is passed in the intent. Unable to transition to foreground.
07-12 18:56:02.788  6885  6925 W Adreno-EGL: <qeglDrvAPI_eglGetConfigAttrib:607>: EGL_BAD_ATTRIBUTE
07-12 18:56:13.633  6885  6885 W NearbyFragment: Preferences:
07-12 18:56:13.633  6885  6885 W NearbyFragment:   Auto download: true
07-12 18:56:13.633  6885  6885 W NearbyFragment:   Algorithm: best_or_local
07-12 18:56:13.633  6885  6885 W NearbyFragment:   Fast scheduling: true
07-12 18:56:13.633  6885  6885 W NearbyFragment:   Segmentation: true
07-12 18:56:13.633  6885  6885 W NearbyFragment:   Auto segmentation: false
07-12 18:56:13.633  6885  6885 W NearbyFragment:   Segment number: 4
07-12 18:56:13.633  6885  6885 W NearbyFragment:   Noise tolerance: 45.00
07-12 18:56:13.633  6885  6885 W NearbyFragment:   Quality: 23
07-12 18:56:13.633  6885  6885 W NearbyFragment:   Speed: medium
07-12 18:56:13.633  6885  6885 W NearbyFragment:   Freeze duration: 1.00
07-12 18:56:13.633  6885  6885 W NearbyFragment: Download delay: 1s
07-12 18:56:13.633  6885  6885 W NearbyFragment: Started downloading from dashcam
07-12 18:56:34.323  6885  7213 W DashDownloadManager: Successfully downloaded 20200312_150643.mp4 in 20.554s
07-12 18:56:34.379  6885  7254 W mobile-ffmpeg: [mov,mp4,m4a,3gp,3g2,mj2 @ 0xa700de00] Found duplicated MOOV Atom. Skipped it
07-12 18:56:34.499  6885  7254 W mobile-ffmpeg: [mov,mp4,m4a,3gp,3g2,mj2 @ 0x8f169e00] Found duplicated MOOV Atom. Skipped it
07-12 18:56:36.248  6885  7213 W NearbyFragment: Sending 20200312_150643!000.mp4 to Galaxy S8 [2802]
07-12 18:56:39.632  6885  7254 W mobile-ffmpeg: [graph 0 input from stream 0:0 @ 0xa70463e0] sws_param option is deprecated and ignored
07-12 18:56:41.963  6885  6885 W NearbyFragment: Sending 20200312_150643!002.mp4 to Galaxy S8 [2802]
07-12 18:56:46.309  6885  7267 W Summariser: No activity detected
07-12 18:56:46.391  6885  7267 W Summariser: Summarisation completed
07-12 18:56:46.391  6885  7267 W Summariser:   filename: 20200312_150643!001.mp4
07-12 18:56:46.391  6885  7267 W Summariser:   active sections: 0
07-12 18:56:46.391  6885  7267 W Summariser:   time: 06.795s
07-12 18:56:46.391  6885  7267 W Summariser:   original duration: 16.01
07-12 18:56:46.391  6885  7267 W Summariser:   summarised duration: -1.00
07-12 18:56:46.391  6885  7267 W Summariser:   noise tolerance: 45.00
07-12 18:56:46.391  6885  7267 W Summariser:   quality: 23
07-12 18:56:46.391  6885  7267 W Summariser:   speed: medium
07-12 18:56:46.391  6885  7267 W Summariser:   freeze duration: 1.00
07-12 18:56:46.487  6885  7254 W mobile-ffmpeg: [graph 0 input from stream 0:0 @ 0x9522a720] sws_param option is deprecated and ignored
07-12 18:56:50.274  6885  7267 W Summariser: No activity detected
07-12 18:56:50.337  6885  7267 W Summariser: Summarisation completed
07-12 18:56:50.337  6885  7267 W Summariser:   filename: 20200312_150643!003.mp4
07-12 18:56:50.337  6885  7267 W Summariser:   active sections: 0
07-12 18:56:50.337  6885  7267 W Summariser:   time: 03.878s
07-12 18:56:50.337  6885  7267 W Summariser:   original duration: 12.01
07-12 18:56:50.337  6885  7267 W Summariser:   summarised duration: -1.00
07-12 18:56:50.337  6885  7267 W Summariser:   noise tolerance: 45.00
07-12 18:56:50.337  6885  7267 W Summariser:   quality: 23
07-12 18:56:50.337  6885  7267 W Summariser:   speed: medium
07-12 18:56:50.337  6885  7267 W Summariser:   freeze duration: 1.00
07-12 18:57:03.570  6885  7213 W DashDownloadManager: Successfully downloaded 20200312_150744.mp4 in 26.232s
07-12 18:57:03.596  6885  7254 W mobile-ffmpeg: [mov,mp4,m4a,3gp,3g2,mj2 @ 0x95273400] Found duplicated MOOV Atom. Skipped it
07-12 18:57:03.702  6885  7254 W mobile-ffmpeg: [mov,mp4,m4a,3gp,3g2,mj2 @ 0x8f5c5600] Found duplicated MOOV Atom. Skipped it
07-12 18:57:05.057  6885  7213 W NearbyFragment: Sending 20200312_150744!000.mp4 to Galaxy S8 [2802]
07-12 18:57:08.316  6885  7254 W mobile-ffmpeg: [graph 0 input from stream 0:0 @ 0x9456b860] sws_param option is deprecated and ignored
07-12 18:57:09.768  6885  6885 W StaticLayout: maxLineHeight should not be -1.  maxLines:1 lineCount:1
07-12 18:57:09.774  6885  6885 W StaticLayout: maxLineHeight should not be -1.  maxLines:1 lineCount:1
07-12 18:57:10.426  6885  6885 W NearbyFragment: Sending 20200312_150744!002.mp4 to Galaxy S8 [2802]
07-12 18:57:14.910  6885  7343 W Summariser: No activity detected
07-12 18:57:14.997  6885  7343 W Summariser: Summarisation completed
07-12 18:57:14.997  6885  7343 W Summariser:   filename: 20200312_150744!001.mp4
07-12 18:57:14.997  6885  7343 W Summariser:   active sections: 0
07-12 18:57:14.997  6885  7343 W Summariser:   time: 06.793s
07-12 18:57:14.997  6885  7343 W Summariser:   original duration: 16.02
07-12 18:57:14.997  6885  7343 W Summariser:   summarised duration: -1.00
07-12 18:57:14.997  6885  7343 W Summariser:   noise tolerance: 45.00
07-12 18:57:14.997  6885  7343 W Summariser:   quality: 23
07-12 18:57:14.997  6885  7343 W Summariser:   speed: medium
07-12 18:57:14.997  6885  7343 W Summariser:   freeze duration: 1.00
07-12 18:57:15.120  6885  7254 W mobile-ffmpeg: [graph 0 input from stream 0:0 @ 0xa5626980] sws_param option is deprecated and ignored
07-12 18:57:19.757  6885  7343 W Summariser: 1 active sections found
07-12 18:57:19.946  6885  7254 W mobile-ffmpeg: [graph 0 input from stream 0:0 @ 0x957257c0] sws_param option is deprecated and ignored
07-12 18:57:35.673  6885  7213 W DashDownloadManager: Successfully downloaded 20200312_150844.mp4 in 29.572s
07-12 18:57:35.692  6885  7254 W mobile-ffmpeg: [mov,mp4,m4a,3gp,3g2,mj2 @ 0xa707c200] Found duplicated MOOV Atom. Skipped it
07-12 18:57:35.868  6885  7254 W mobile-ffmpeg: [mov,mp4,m4a,3gp,3g2,mj2 @ 0x8f0dca00] Found duplicated MOOV Atom. Skipped it
07-12 18:57:37.469  6885  7213 W NearbyFragment: Sending 20200312_150844!000.mp4 to Galaxy S8 [2802]
07-12 18:57:39.889  6885  7343 W Summariser: Summarisation completed
07-12 18:57:39.889  6885  7343 W Summariser:   filename: 20200312_150744!003.mp4
07-12 18:57:39.889  6885  7343 W Summariser:   active sections: 1
07-12 18:57:39.889  6885  7343 W Summariser:   time: 24.727s
07-12 18:57:39.889  6885  7343 W Summariser:   original duration: 12.03
07-12 18:57:39.889  6885  7343 W Summariser:   summarised duration: 4.89
07-12 18:57:39.889  6885  7343 W Summariser:   noise tolerance: 45.00
07-12 18:57:39.889  6885  7343 W Summariser:   quality: 23
07-12 18:57:39.889  6885  7343 W Summariser:   speed: medium
07-12 18:57:39.889  6885  7343 W Summariser:   freeze duration: 1.00
07-12 18:57:40.001  6885  7343 W FfmpegTools: Single segment returned, duration of 20200312_150744: 4.89
07-12 18:57:41.710  6885  7254 W mobile-ffmpeg: [graph 0 input from stream 0:0 @ 0x955696c0] sws_param option is deprecated and ignored
07-12 18:57:44.352  6885  6885 W NearbyFragment: Sending 20200312_150844!002.mp4 to Galaxy S8 [2802]
07-12 18:57:50.640  6885  7479 W Summariser: Whole video is active
07-12 18:57:50.646  6885  6885 W NearbyFragment: Completed downloading 20200312_150844!000.mp4 from Endpoint{id=Hqzs, name=Galaxy S8 [2802]} in 06.297s
07-12 18:57:52.476  6885  7479 W Summariser: Summarisation completed
07-12 18:57:52.476  6885  7479 W Summariser:   filename: 20200312_150844!001.mp4
07-12 18:57:52.476  6885  7479 W Summariser:   active sections: -1
07-12 18:57:52.476  6885  7479 W Summariser:   time: 10.757s
07-12 18:57:52.476  6885  7479 W Summariser:   original duration: 16.01
07-12 18:57:52.476  6885  7479 W Summariser:   summarised duration: 16.01
07-12 18:57:52.476  6885  7479 W Summariser:   noise tolerance: 45.00
07-12 18:57:52.476  6885  7479 W Summariser:   quality: 23
07-12 18:57:52.476  6885  7479 W Summariser:   speed: medium
07-12 18:57:52.476  6885  7479 W Summariser:   freeze duration: 1.00
07-12 18:57:52.677  6885  7254 W mobile-ffmpeg: [graph 0 input from stream 0:0 @ 0x95725f40] sws_param option is deprecated and ignored
07-12 18:57:59.419  6885  6885 W NearbyFragment: Completed downloading 20200312_150844!002.mp4 from Endpoint{id=Hqzs, name=Galaxy S8 [2802]} in 04.980s
07-12 18:57:59.443  6885  7479 W Summariser: Whole video is active
07-12 18:58:01.088  6885  7479 W Summariser: Summarisation completed
07-12 18:58:01.088  6885  7479 W Summariser:   filename: 20200312_150844!003.mp4
07-12 18:58:01.088  6885  7479 W Summariser:   active sections: -1
07-12 18:58:01.088  6885  7479 W Summariser:   time: 08.321s
07-12 18:58:01.088  6885  7479 W Summariser:   original duration: 11.98
07-12 18:58:01.088  6885  7479 W Summariser:   summarised duration: 11.98
07-12 18:58:01.088  6885  7479 W Summariser:   noise tolerance: 45.00
07-12 18:58:01.088  6885  7479 W Summariser:   quality: 23
07-12 18:58:01.088  6885  7479 W Summariser:   speed: medium
07-12 18:58:01.088  6885  7479 W Summariser:   freeze duration: 1.00
07-12 18:58:02.316  6885  7479 W FfmpegTools: Merged duration of 20200312_150844: 60.08
07-12 18:58:10.619  6885  7213 W DashDownloadManager: Successfully downloaded 20200312_150944.mp4 in 32.104s
07-12 18:58:10.646  6885  7254 W mobile-ffmpeg: [mov,mp4,m4a,3gp,3g2,mj2 @ 0xa7023a00] Found duplicated MOOV Atom. Skipped it
07-12 18:58:10.794  6885  7254 W mobile-ffmpeg: [mov,mp4,m4a,3gp,3g2,mj2 @ 0x8f0ca000] Found duplicated MOOV Atom. Skipped it
07-12 18:58:12.607  6885  7213 W NearbyFragment: Sending 20200312_150944!000.mp4 to Galaxy S8 [2802]
07-12 18:58:16.186  6885  7254 W mobile-ffmpeg: [graph 0 input from stream 0:0 @ 0x95569de0] sws_param option is deprecated and ignored
07-12 18:58:23.817  6885  7601 W Summariser: No activity detected
07-12 18:58:23.930  6885  7601 W Summariser: Summarisation completed
07-12 18:58:23.930  6885  7601 W Summariser:   filename: 20200312_150944!001.mp4
07-12 18:58:23.930  6885  7601 W Summariser:   active sections: 0
07-12 18:58:23.930  6885  7601 W Summariser:   time: 07.842s
07-12 18:58:23.930  6885  7601 W Summariser:   original duration: 16.01
07-12 18:58:23.930  6885  7601 W Summariser:   summarised duration: -1.00
07-12 18:58:23.930  6885  7601 W Summariser:   noise tolerance: 45.00
07-12 18:58:23.930  6885  7601 W Summariser:   quality: 23
07-12 18:58:23.930  6885  7601 W Summariser:   speed: medium
07-12 18:58:23.930  6885  7601 W Summariser:   freeze duration: 1.00
07-12 18:58:25.136  6885  6885 W NearbyFragment: Sending 20200312_150944!002.mp4 to Galaxy S8 [2802]
07-12 18:58:25.525  6885  6885 W NearbyFragment: Completed downloading 20200312_150944!000.mp4 from Endpoint{id=Hqzs, name=Galaxy S8 [2802]} in 00.391s
07-12 18:58:29.014  6885  7254 W mobile-ffmpeg: [graph 0 input from stream 0:0 @ 0x943da660] sws_param option is deprecated and ignored
07-12 18:58:36.048  6885  7666 W Summariser: No activity detected
07-12 18:58:36.128  6885  7666 W Summariser: Summarisation completed
07-12 18:58:36.128  6885  7666 W Summariser:   filename: 20200312_150944!003.mp4
07-12 18:58:36.128  6885  7666 W Summariser:   active sections: 0
07-12 18:58:36.128  6885  7666 W Summariser:   time: 07.287s
07-12 18:58:36.128  6885  7666 W Summariser:   original duration: 12.01
07-12 18:58:36.128  6885  7666 W Summariser:   summarised duration: -1.00
07-12 18:58:36.128  6885  7666 W Summariser:   noise tolerance: 45.00
07-12 18:58:36.128  6885  7666 W Summariser:   quality: 23
07-12 18:58:36.128  6885  7666 W Summariser:   speed: medium
07-12 18:58:36.128  6885  7666 W Summariser:   freeze duration: 1.00
07-12 18:58:36.199  6885  7666 W FfmpegTools: Single segment returned, duration of 20200312_150944: 7.07
07-12 18:58:40.248  6885  7213 W DashDownloadManager: Successfully downloaded 20200312_151044.mp4 in 26.581s
07-12 18:58:40.268  6885  7254 W mobile-ffmpeg: [mov,mp4,m4a,3gp,3g2,mj2 @ 0x8f0ca000] Found duplicated MOOV Atom. Skipped it
07-12 18:58:40.368  6885  7254 W mobile-ffmpeg: [mov,mp4,m4a,3gp,3g2,mj2 @ 0x8f10ae00] Found duplicated MOOV Atom. Skipped it
07-12 18:58:42.354  6885  7213 W NearbyFragment: Sending 20200312_151044!000.mp4 to Galaxy S8 [2802]
07-12 18:58:46.063  6885  7254 W mobile-ffmpeg: [graph 0 input from stream 0:0 @ 0x934f64a0] sws_param option is deprecated and ignored
07-12 18:58:48.339  6885  6885 W NearbyFragment: Sending 20200312_151044!002.mp4 to Galaxy S8 [2802]
07-12 18:58:55.066  6885  7719 W Summariser: No activity detected
07-12 18:58:55.166  6885  7719 W Summariser: Summarisation completed
07-12 18:58:55.166  6885  7719 W Summariser:   filename: 20200312_151044!001.mp4
07-12 18:58:55.166  6885  7719 W Summariser:   active sections: 0
07-12 18:58:55.166  6885  7719 W Summariser:   time: 09.255s
07-12 18:58:55.166  6885  7719 W Summariser:   original duration: 16.02
07-12 18:58:55.166  6885  7719 W Summariser:   summarised duration: -1.00
07-12 18:58:55.166  6885  7719 W Summariser:   noise tolerance: 45.00
07-12 18:58:55.166  6885  7719 W Summariser:   quality: 23
07-12 18:58:55.166  6885  7719 W Summariser:   speed: medium
07-12 18:58:55.166  6885  7719 W Summariser:   freeze duration: 1.00
07-12 18:58:55.356  6885  7254 W mobile-ffmpeg: [graph 0 input from stream 0:0 @ 0x948c0720] sws_param option is deprecated and ignored
07-12 18:59:01.024  6885  7719 W Summariser: No activity detected
07-12 18:59:01.121  6885  7719 W Summariser: Summarisation completed
07-12 18:59:01.121  6885  7719 W Summariser:   filename: 20200312_151044!003.mp4
07-12 18:59:01.121  6885  7719 W Summariser:   active sections: 0
07-12 18:59:01.121  6885  7719 W Summariser:   time: 05.849s
07-12 18:59:01.121  6885  7719 W Summariser:   original duration: 12.03
07-12 18:59:01.121  6885  7719 W Summariser:   summarised duration: -1.00
07-12 18:59:01.121  6885  7719 W Summariser:   noise tolerance: 45.00
07-12 18:59:01.121  6885  7719 W Summariser:   quality: 23
07-12 18:59:01.121  6885  7719 W Summariser:   speed: medium
07-12 18:59:01.121  6885  7719 W Summariser:   freeze duration: 1.00
07-12 18:59:11.799  6885  7213 W DashDownloadManager: Successfully downloaded 20200312_193528.mp4 in 28.388s
07-12 18:59:11.826  6885  7254 W mobile-ffmpeg: [mov,mp4,m4a,3gp,3g2,mj2 @ 0x8f10ae00] Found duplicated MOOV Atom. Skipped it
07-12 18:59:11.921  6885  7254 W mobile-ffmpeg: [mov,mp4,m4a,3gp,3g2,mj2 @ 0x8f133c00] Found duplicated MOOV Atom. Skipped it
07-12 18:59:13.908  6885  7213 W NearbyFragment: Sending 20200312_193528!000.mp4 to Galaxy S8 [2802]
07-12 18:59:18.163  6885  7254 W mobile-ffmpeg: [graph 0 input from stream 0:0 @ 0x948c2a60] sws_param option is deprecated and ignored
07-12 18:59:20.285  6885  6885 W NearbyFragment: Sending 20200312_193528!002.mp4 to Galaxy S8 [2802]
07-12 18:59:27.028  6885  7794 W Summariser: No activity detected
07-12 18:59:27.101  6885  7794 W Summariser: Summarisation completed
07-12 18:59:27.101  6885  7794 W Summariser:   filename: 20200312_193528!001.mp4
07-12 18:59:27.101  6885  7794 W Summariser:   active sections: 0
07-12 18:59:27.101  6885  7794 W Summariser:   time: 09.019s
07-12 18:59:27.101  6885  7794 W Summariser:   original duration: 16.01
07-12 18:59:27.101  6885  7794 W Summariser:   summarised duration: -1.00
07-12 18:59:27.101  6885  7794 W Summariser:   noise tolerance: 45.00
07-12 18:59:27.101  6885  7794 W Summariser:   quality: 23
07-12 18:59:27.101  6885  7794 W Summariser:   speed: medium
07-12 18:59:27.101  6885  7794 W Summariser:   freeze duration: 1.00
07-12 18:59:27.293  6885  7254 W mobile-ffmpeg: [graph 0 input from stream 0:0 @ 0x94bedb00] sws_param option is deprecated and ignored
07-12 18:59:33.013  6885  7794 W Summariser: No activity detected
07-12 18:59:33.112  6885  7794 W Summariser: Summarisation completed
07-12 18:59:33.112  6885  7794 W Summariser:   filename: 20200312_193528!003.mp4
07-12 18:59:33.112  6885  7794 W Summariser:   active sections: 0
07-12 18:59:33.112  6885  7794 W Summariser:   time: 05.901s
07-12 18:59:33.112  6885  7794 W Summariser:   original duration: 12.01
07-12 18:59:33.112  6885  7794 W Summariser:   summarised duration: -1.00
07-12 18:59:33.112  6885  7794 W Summariser:   noise tolerance: 45.00
07-12 18:59:33.112  6885  7794 W Summariser:   quality: 23
07-12 18:59:33.112  6885  7794 W Summariser:   speed: medium
07-12 18:59:33.112  6885  7794 W Summariser:   freeze duration: 1.00
07-12 18:59:41.966  6885  7213 W DashDownloadManager: Successfully downloaded 20200312_193628.mp4 in 26.976s
07-12 18:59:41.997  6885  7254 W mobile-ffmpeg: [mov,mp4,m4a,3gp,3g2,mj2 @ 0x8f133c00] Found duplicated MOOV Atom. Skipped it
07-12 18:59:42.131  6885  7254 W mobile-ffmpeg: [mov,mp4,m4a,3gp,3g2,mj2 @ 0x8f54ca00] Found duplicated MOOV Atom. Skipped it
07-12 18:59:43.613  6885  7213 W NearbyFragment: Sending 20200312_193628!000.mp4 to Galaxy S8 [2802]
07-12 18:59:47.859  6885  7254 W mobile-ffmpeg: [graph 0 input from stream 0:0 @ 0xa6d799a0] sws_param option is deprecated and ignored
07-12 18:59:50.124  6885  6885 W NearbyFragment: Sending 20200312_193628!002.mp4 to Galaxy S8 [2802]
07-12 18:59:56.125  6885  7875 W Summariser: No activity detected
07-12 18:59:56.226  6885  7875 W Summariser: Summarisation completed
07-12 18:59:56.226  6885  7875 W Summariser:   filename: 20200312_193628!001.mp4
07-12 18:59:56.226  6885  7875 W Summariser:   active sections: 0
07-12 18:59:56.226  6885  7875 W Summariser:   time: 08.437s
07-12 18:59:56.226  6885  7875 W Summariser:   original duration: 16.01
07-12 18:59:56.226  6885  7875 W Summariser:   summarised duration: -1.00
07-12 18:59:56.226  6885  7875 W Summariser:   noise tolerance: 45.00
07-12 18:59:56.226  6885  7875 W Summariser:   quality: 23
07-12 18:59:56.226  6885  7875 W Summariser:   speed: medium
07-12 18:59:56.226  6885  7875 W Summariser:   freeze duration: 1.00
07-12 18:59:56.360  6885  7254 W mobile-ffmpeg: [graph 0 input from stream 0:0 @ 0x957232a0] sws_param option is deprecated and ignored
07-12 19:00:02.396  6885  7875 W Summariser: 1 active sections found
07-12 19:00:02.556  6885  7254 W mobile-ffmpeg: [graph 0 input from stream 0:0 @ 0x95725be0] sws_param option is deprecated and ignored
07-12 19:00:17.707  6885  7213 W DashDownloadManager: Successfully downloaded 20200312_193728.mp4 in 33.042s
07-12 19:00:17.727  6885  7254 W mobile-ffmpeg: [mov,mp4,m4a,3gp,3g2,mj2 @ 0xa704a400] Found duplicated MOOV Atom. Skipped it
07-12 19:00:17.880  6885  7254 W mobile-ffmpeg: [mov,mp4,m4a,3gp,3g2,mj2 @ 0x8ed7c800] Found duplicated MOOV Atom. Skipped it
07-12 19:00:19.418  6885  7213 W NearbyFragment: Sending 20200312_193728!000.mp4 to Galaxy S8 [2802]
07-12 19:00:29.360  6885  6885 W NearbyFragment: Sending 20200312_193728!002.mp4 to Galaxy S8 [2802]
07-12 19:00:35.049  6885  7875 W Summariser: Summarisation completed
07-12 19:00:35.049  6885  7875 W Summariser:   filename: 20200312_193628!003.mp4
07-12 19:00:35.049  6885  7875 W Summariser:   active sections: 1
07-12 19:00:35.049  6885  7875 W Summariser:   time: 38.650s
07-12 19:00:35.049  6885  7875 W Summariser:   original duration: 12.03
07-12 19:00:35.049  6885  7875 W Summariser:   summarised duration: 6.16
07-12 19:00:35.049  6885  7875 W Summariser:   noise tolerance: 45.00
07-12 19:00:35.049  6885  7875 W Summariser:   quality: 23
07-12 19:00:35.049  6885  7875 W Summariser:   speed: medium
07-12 19:00:35.049  6885  7875 W Summariser:   freeze duration: 1.00
07-12 19:00:35.195  6885  7875 W FfmpegTools: Single segment returned, duration of 20200312_193628: 6.16
07-12 19:00:35.611  6885  7254 W mobile-ffmpeg: [graph 0 input from stream 0:0 @ 0x95725fa0] sws_param option is deprecated and ignored
07-12 19:00:40.935  6885  6885 W NearbyFragment: Completed downloading 20200312_193728!000.mp4 from Endpoint{id=Hqzs, name=Galaxy S8 [2802]} in 11.579s
07-12 19:00:46.518  6885  7875 W Summariser: Whole video is active
07-12 19:00:48.921  6885  7875 W Summariser: Summarisation completed
07-12 19:00:48.921  6885  7875 W Summariser:   filename: 20200312_193728!001.mp4
07-12 19:00:48.921  6885  7875 W Summariser:   active sections: -1
07-12 19:00:48.921  6885  7875 W Summariser:   time: 13.270s
07-12 19:00:48.921  6885  7875 W Summariser:   original duration: 16.01
07-12 19:00:48.921  6885  7875 W Summariser:   summarised duration: 16.01
07-12 19:00:48.921  6885  7875 W Summariser:   noise tolerance: 45.00
07-12 19:00:48.921  6885  7875 W Summariser:   quality: 23
07-12 19:00:48.921  6885  7875 W Summariser:   speed: medium
07-12 19:00:48.921  6885  7875 W Summariser:   freeze duration: 1.00
07-12 19:00:49.136  6885  7254 W mobile-ffmpeg: [graph 0 input from stream 0:0 @ 0x95725fa0] sws_param option is deprecated and ignored
07-12 19:00:49.604  6885  6885 W NearbyFragment: Completed downloading 20200312_193728!002.mp4 from Endpoint{id=Hqzs, name=Galaxy S8 [2802]} in 04.798s
07-12 19:00:56.561  6885  7213 W DashDownloadManager: Successfully downloaded 20200312_193828.mp4 in 36.095s
07-12 19:00:56.587  6885  7254 W mobile-ffmpeg: [mov,mp4,m4a,3gp,3g2,mj2 @ 0xa700de00] Found duplicated MOOV Atom. Skipped it
07-12 19:00:56.835  6885  7254 W mobile-ffmpeg: [mov,mp4,m4a,3gp,3g2,mj2 @ 0x8e364a00] Found duplicated MOOV Atom. Skipped it
07-12 19:00:57.399  6885  7875 W Summariser: Whole video is active
07-12 19:00:58.930  6885  7213 W NearbyFragment: Sending 20200312_193828!000.mp4 to Galaxy S8 [2802]
07-12 19:00:59.307  6885  7875 W Summariser: Summarisation completed
07-12 19:00:59.307  6885  7875 W Summariser:   filename: 20200312_193728!003.mp4
07-12 19:00:59.307  6885  7875 W Summariser:   active sections: -1
07-12 19:00:59.307  6885  7875 W Summariser:   time: 10.141s
07-12 19:00:59.307  6885  7875 W Summariser:   original duration: 11.98
07-12 19:00:59.307  6885  7875 W Summariser:   summarised duration: 11.98
07-12 19:00:59.307  6885  7875 W Summariser:   noise tolerance: 45.00
07-12 19:00:59.307  6885  7875 W Summariser:   quality: 23
07-12 19:00:59.307  6885  7875 W Summariser:   speed: medium
07-12 19:00:59.307  6885  7875 W Summariser:   freeze duration: 1.00
07-12 19:01:01.598  6885  7875 W FfmpegTools: Merged duration of 20200312_193728: 60.07
07-12 19:01:03.572  6885  7254 W mobile-ffmpeg: [graph 0 input from stream 0:0 @ 0x9556a6e0] sws_param option is deprecated and ignored
07-12 19:01:13.730  6885  8107 W Summariser: No activity detected
07-12 19:01:13.866  6885  8107 W Summariser: Summarisation completed
07-12 19:01:13.866  6885  8107 W Summariser:   filename: 20200312_193828!001.mp4
07-12 19:01:13.866  6885  8107 W Summariser:   active sections: 0
07-12 19:01:13.866  6885  8107 W Summariser:   time: 10.373s
07-12 19:01:13.866  6885  8107 W Summariser:   original duration: 16.01
07-12 19:01:13.866  6885  8107 W Summariser:   summarised duration: -1.00
07-12 19:01:13.866  6885  8107 W Summariser:   noise tolerance: 45.00
07-12 19:01:13.866  6885  8107 W Summariser:   quality: 23
07-12 19:01:13.866  6885  8107 W Summariser:   speed: medium
07-12 19:01:13.866  6885  8107 W Summariser:   freeze duration: 1.00
07-12 19:01:19.684  6885  6885 W NearbyFragment: Sending 20200312_193828!002.mp4 to Galaxy S8 [2802]
07-12 19:01:22.949  6885  6885 W NearbyFragment: Completed downloading 20200312_193828!000.mp4 from Endpoint{id=Hqzs, name=Galaxy S8 [2802]} in 03.268s
07-12 19:01:24.902  6885  7254 W mobile-ffmpeg: [graph 0 input from stream 0:0 @ 0x93f69b40] sws_param option is deprecated and ignored
07-12 19:01:27.934  6885  7213 W DashDownloadManager: Successfully downloaded 20200312_193928.mp4 in 27.749s
07-12 19:01:27.949  6885  7254 W mobile-ffmpeg: [mov,mp4,m4a,3gp,3g2,mj2 @ 0x8e364a00] Found duplicated MOOV Atom. Skipped it
07-12 19:01:28.083  6885  7254 W mobile-ffmpeg: [mov,mp4,m4a,3gp,3g2,mj2 @ 0x8c1f4c00] Found duplicated MOOV Atom. Skipped it
07-12 19:01:30.082  6885  7213 W NearbyFragment: Sending 20200312_193928!000.mp4 to Galaxy S8 [2802]
07-12 19:01:33.598  6885  8171 W Summariser: No activity detected
07-12 19:01:33.692  6885  8171 W Summariser: Summarisation completed
07-12 19:01:33.692  6885  8171 W Summariser:   filename: 20200312_193828!003.mp4
07-12 19:01:33.692  6885  8171 W Summariser:   active sections: 0
07-12 19:01:33.692  6885  8171 W Summariser:   time: 08.930s
07-12 19:01:33.692  6885  8171 W Summariser:   original duration: 12.01
07-12 19:01:33.692  6885  8171 W Summariser:   summarised duration: -1.00
07-12 19:01:33.692  6885  8171 W Summariser:   noise tolerance: 45.00
07-12 19:01:33.692  6885  8171 W Summariser:   quality: 23
07-12 19:01:33.692  6885  8171 W Summariser:   speed: medium
07-12 19:01:33.692  6885  8171 W Summariser:   freeze duration: 1.00
07-12 19:01:33.774  6885  8171 W FfmpegTools: Single segment returned, duration of 20200312_193828: 14.28
07-12 19:01:36.928  6885  7254 W mobile-ffmpeg: [graph 0 input from stream 0:0 @ 0x94a5ea80] sws_param option is deprecated and ignored
07-12 19:01:38.925  6885  6885 W NearbyFragment: Sending 20200312_193928!002.mp4 to Galaxy S8 [2802]
07-12 19:01:48.350  6885  8248 W Summariser: No activity detected
07-12 19:01:48.519  6885  8248 W Summariser: Summarisation completed
07-12 19:01:48.519  6885  8248 W Summariser:   filename: 20200312_193928!001.mp4
07-12 19:01:48.519  6885  8248 W Summariser:   active sections: 0
07-12 19:01:48.519  6885  8248 W Summariser:   time: 11.694s
07-12 19:01:48.519  6885  8248 W Summariser:   original duration: 16.05
07-12 19:01:48.519  6885  8248 W Summariser:   summarised duration: -1.00
07-12 19:01:48.519  6885  8248 W Summariser:   noise tolerance: 45.00
07-12 19:01:48.519  6885  8248 W Summariser:   quality: 23
07-12 19:01:48.519  6885  8248 W Summariser:   speed: medium
07-12 19:01:48.519  6885  8248 W Summariser:   freeze duration: 1.00
07-12 19:01:48.852  6885  7254 W mobile-ffmpeg: [graph 0 input from stream 0:0 @ 0x94a753e0] sws_param option is deprecated and ignored
07-12 19:01:56.510  6885  8248 W Summariser: No activity detected
07-12 19:01:56.638  6885  8248 W Summariser: Summarisation completed
07-12 19:01:56.638  6885  8248 W Summariser:   filename: 20200312_193928!003.mp4
07-12 19:01:56.638  6885  8248 W Summariser:   active sections: 0
07-12 19:01:56.638  6885  8248 W Summariser:   time: 07.975s
07-12 19:01:56.638  6885  8248 W Summariser:   original duration: 12.01
07-12 19:01:56.638  6885  8248 W Summariser:   summarised duration: -1.00
07-12 19:01:56.638  6885  8248 W Summariser:   noise tolerance: 45.00
07-12 19:01:56.638  6885  8248 W Summariser:   quality: 23
07-12 19:01:56.638  6885  8248 W Summariser:   speed: medium
07-12 19:01:56.638  6885  8248 W Summariser:   freeze duration: 1.00
07-12 19:01:59.503  6885  7213 W DashDownloadManager: Successfully downloaded 20200312_194129.mp4 in 28.364s
07-12 19:01:59.522  6885  7254 W mobile-ffmpeg: [mov,mp4,m4a,3gp,3g2,mj2 @ 0xa700de00] Found duplicated MOOV Atom. Skipped it
07-12 19:01:59.648  6885  7254 W mobile-ffmpeg: [mov,mp4,m4a,3gp,3g2,mj2 @ 0x8e344c00] Found duplicated MOOV Atom. Skipped it
07-12 19:02:01.834  6885  7213 W NearbyFragment: Sending 20200312_194129!000.mp4 to Galaxy S8 [2802]
07-12 19:02:06.725  6885  7254 W mobile-ffmpeg: [graph 0 input from stream 0:0 @ 0xa56254e0] sws_param option is deprecated and ignored
07-12 19:02:08.779  6885  6885 W NearbyFragment: Sending 20200312_194129!002.mp4 to Galaxy S8 [2802]
07-12 19:02:15.195  6885  8336 W Summariser: 1 active sections found
07-12 19:02:15.422  6885  7254 W mobile-ffmpeg: [graph 0 input from stream 0:0 @ 0x957230c0] sws_param option is deprecated and ignored
07-12 19:02:25.357  6885  6885 W NearbyFragment: Completed downloading 20200312_194129!002.mp4 from Endpoint{id=Hqzs, name=Galaxy S8 [2802]} in 00.947s
07-12 19:02:30.978  6885  8336 W Summariser: Summarisation completed
07-12 19:02:30.978  6885  8336 W Summariser:   filename: 20200312_194129!001.mp4
07-12 19:02:30.978  6885  8336 W Summariser:   active sections: 1
07-12 19:02:30.978  6885  8336 W Summariser:   time: 24.316s
07-12 19:02:30.978  6885  8336 W Summariser:   original duration: 16.02
07-12 19:02:30.978  6885  8336 W Summariser:   summarised duration: 2.97
07-12 19:02:30.978  6885  8336 W Summariser:   noise tolerance: 45.00
07-12 19:02:30.978  6885  8336 W Summariser:   quality: 23
07-12 19:02:30.978  6885  8336 W Summariser:   speed: medium
07-12 19:02:30.978  6885  8336 W Summariser:   freeze duration: 1.00
07-12 19:02:31.252  6885  7254 W mobile-ffmpeg: [graph 0 input from stream 0:0 @ 0x95723060] sws_param option is deprecated and ignored
07-12 19:02:37.741  6885  7213 W DashDownloadManager: Successfully downloaded 20200312_194229.mp4 in 34.848s
07-12 19:02:37.754  6885  7254 W mobile-ffmpeg: [mov,mp4,m4a,3gp,3g2,mj2 @ 0x8e344c00] Found duplicated MOOV Atom. Skipped it
07-12 19:02:37.928  6885  7254 W mobile-ffmpeg: [mov,mp4,m4a,3gp,3g2,mj2 @ 0x8f057600] Found duplicated MOOV Atom. Skipped it
07-12 19:02:39.034  6885  8336 W Summariser: 1 active sections found
07-12 19:02:39.476  6885  7254 W mobile-ffmpeg: [graph 0 input from stream 0:0 @ 0x95725820] sws_param option is deprecated and ignored
07-12 19:02:40.052  6885  7213 W NearbyFragment: Sending 20200312_194229!000.mp4 to Galaxy S8 [2802]
07-12 19:02:44.494  6885  8336 W Summariser: Summarisation completed
07-12 19:02:44.494  6885  8336 W Summariser:   filename: 20200312_194129!003.mp4
07-12 19:02:44.494  6885  8336 W Summariser:   active sections: 1
07-12 19:02:44.494  6885  8336 W Summariser:   time: 13.327s
07-12 19:02:44.494  6885  8336 W Summariser:   original duration: 12.03
07-12 19:02:44.494  6885  8336 W Summariser:   summarised duration: 0.70
07-12 19:02:44.494  6885  8336 W Summariser:   noise tolerance: 45.00
07-12 19:02:44.494  6885  8336 W Summariser:   quality: 23
07-12 19:02:44.494  6885  8336 W Summariser:   speed: medium
07-12 19:02:44.494  6885  8336 W Summariser:   freeze duration: 1.00
07-12 19:02:44.975  6885  8336 W FfmpegTools: Merged duration of 20200312_194129: 11.04
07-12 19:02:45.422  6885  7254 W mobile-ffmpeg: [graph 0 input from stream 0:0 @ 0x95569660] sws_param option is deprecated and ignored
07-12 19:02:54.165  6885  6885 W NearbyFragment: Sending 20200312_194229!002.mp4 to Galaxy S8 [2802]
07-12 19:02:54.881  6885  6885 W NearbyFragment: Completed downloading 20200312_194229!000.mp4 from Endpoint{id=Hqzs, name=Galaxy S8 [2802]} in 00.718s
07-12 19:02:55.169  6885  8336 W Summariser: 2 active sections found
07-12 19:02:55.422  6885  7254 W mobile-ffmpeg: [graph 0 input from stream 0:0 @ 0x93f69ba0] sws_param option is deprecated and ignored
07-12 19:02:55.423  6885  7254 W mobile-ffmpeg: [graph 0 input from stream 0:0 @ 0x93f69d80] sws_param option is deprecated and ignored
07-12 19:03:14.484  6885  7213 W DashDownloadManager: Successfully downloaded 20200312_194330.mp4 in 33.360s
07-12 19:03:14.497  6885  7254 W mobile-ffmpeg: [mov,mp4,m4a,3gp,3g2,mj2 @ 0x8f057600] Found duplicated MOOV Atom. Skipped it
07-12 19:03:14.657  6885  7254 W mobile-ffmpeg: [mov,mp4,m4a,3gp,3g2,mj2 @ 0x8f050800] Found duplicated MOOV Atom. Skipped it
07-12 19:03:16.345  6885  7213 W NearbyFragment: Sending 20200312_194330!000.mp4 to Galaxy S8 [2802]
07-12 19:03:25.783  6885  6885 W NearbyFragment: Sending 20200312_194330!002.mp4 to Galaxy S8 [2802]
07-12 19:03:42.977  6885  8336 W Summariser: Summarisation completed
07-12 19:03:42.977  6885  8336 W Summariser:   filename: 20200312_194229!001.mp4
07-12 19:03:42.977  6885  8336 W Summariser:   active sections: 2
07-12 19:03:42.977  6885  8336 W Summariser:   time: 57.642s
07-12 19:03:42.977  6885  8336 W Summariser:   original duration: 16.01
07-12 19:03:42.977  6885  8336 W Summariser:   summarised duration: 8.74
07-12 19:03:42.977  6885  8336 W Summariser:   noise tolerance: 45.00
07-12 19:03:42.977  6885  8336 W Summariser:   quality: 23
07-12 19:03:42.977  6885  8336 W Summariser:   speed: medium
07-12 19:03:42.977  6885  8336 W Summariser:   freeze duration: 1.00
07-12 19:03:43.305  6885  7254 W mobile-ffmpeg: [graph 0 input from stream 0:0 @ 0x93f69780] sws_param option is deprecated and ignored
07-12 19:03:46.750  6885  7213 W DashDownloadManager: Successfully downloaded 20200312_194730.mp4 in 29.317s
07-12 19:03:46.782  6885  7254 W mobile-ffmpeg: [mov,mp4,m4a,3gp,3g2,mj2 @ 0x8f050800] Found duplicated MOOV Atom. Skipped it
07-12 19:03:46.956  6885  7254 W mobile-ffmpeg: [mov,mp4,m4a,3gp,3g2,mj2 @ 0x8f353a00] Found duplicated MOOV Atom. Skipped it
07-12 19:03:49.057  6885  7213 W NearbyFragment: Sending 20200312_194730!000.mp4 to Galaxy S8 [2802]
07-12 19:03:52.068  6885  8336 W Summariser: No activity detected
07-12 19:03:52.155  6885  8336 W Summariser: Summarisation completed
07-12 19:03:52.155  6885  8336 W Summariser:   filename: 20200312_194229!003.mp4
07-12 19:03:52.155  6885  8336 W Summariser:   active sections: 0
07-12 19:03:52.155  6885  8336 W Summariser:   time: 09.047s
07-12 19:03:52.155  6885  8336 W Summariser:   original duration: 11.98
07-12 19:03:52.155  6885  8336 W Summariser:   summarised duration: -1.00
07-12 19:03:52.155  6885  8336 W Summariser:   noise tolerance: 45.00
07-12 19:03:52.155  6885  8336 W Summariser:   quality: 23
07-12 19:03:52.155  6885  8336 W Summariser:   speed: medium
07-12 19:03:52.155  6885  8336 W Summariser:   freeze duration: 1.00
07-12 19:03:52.531  6885  8336 W FfmpegTools: Merged duration of 20200312_194229: 14.35
07-12 19:03:52.896  6885  7254 W mobile-ffmpeg: [graph 0 input from stream 0:0 @ 0x94a5e900] sws_param option is deprecated and ignored
07-12 19:03:59.830  6885  6885 W NearbyFragment: Sending 20200312_194730!002.mp4 to Galaxy S8 [2802]
07-12 19:04:03.051  6885  8336 W Summariser: No activity detected
07-12 19:04:03.187  6885  8336 W Summariser: Summarisation completed
07-12 19:04:03.187  6885  8336 W Summariser:   filename: 20200312_194330!001.mp4
07-12 19:04:03.187  6885  8336 W Summariser:   active sections: 0
07-12 19:04:03.187  6885  8336 W Summariser:   time: 10.460s
07-12 19:04:03.187  6885  8336 W Summariser:   original duration: 16.01
07-12 19:04:03.187  6885  8336 W Summariser:   summarised duration: -1.00
07-12 19:04:03.187  6885  8336 W Summariser:   noise tolerance: 45.00
07-12 19:04:03.187  6885  8336 W Summariser:   quality: 23
07-12 19:04:03.187  6885  8336 W Summariser:   speed: medium
07-12 19:04:03.187  6885  8336 W Summariser:   freeze duration: 1.00
07-12 19:04:03.388  6885  7254 W mobile-ffmpeg: [graph 0 input from stream 0:0 @ 0x94a75ce0] sws_param option is deprecated and ignored
07-12 19:04:10.836  6885  8336 W Summariser: No activity detected
07-12 19:04:10.928  6885  8336 W Summariser: Summarisation completed
07-12 19:04:10.928  6885  8336 W Summariser:   filename: 20200312_194330!003.mp4
07-12 19:04:10.928  6885  8336 W Summariser:   active sections: 0
07-12 19:04:10.928  6885  8336 W Summariser:   time: 07.640s
07-12 19:04:10.928  6885  8336 W Summariser:   original duration: 12.01
07-12 19:04:10.928  6885  8336 W Summariser:   summarised duration: -1.00
07-12 19:04:10.928  6885  8336 W Summariser:   noise tolerance: 45.00
07-12 19:04:10.928  6885  8336 W Summariser:   quality: 23
07-12 19:04:10.928  6885  8336 W Summariser:   speed: medium
07-12 19:04:10.928  6885  8336 W Summariser:   freeze duration: 1.00
07-12 19:04:11.150  6885  7254 W mobile-ffmpeg: [graph 0 input from stream 0:0 @ 0x9456cd00] sws_param option is deprecated and ignored
07-12 19:04:16.480  6885  7213 W DashDownloadManager: Successfully downloaded 20200312_194830.mp4 in 26.361s
07-12 19:04:16.494  6885  7254 W mobile-ffmpeg: [mov,mp4,m4a,3gp,3g2,mj2 @ 0x8f353a00] Found duplicated MOOV Atom. Skipped it
07-12 19:04:16.713  6885  7254 W mobile-ffmpeg: [mov,mp4,m4a,3gp,3g2,mj2 @ 0x8f14d800] Found duplicated MOOV Atom. Skipped it
07-12 19:04:18.626  6885  7213 W NearbyFragment: Sending 20200312_194830!000.mp4 to Galaxy S8 [2802]
07-12 19:04:21.479  6885  8336 W Summariser: No activity detected
07-12 19:04:21.616  6885  8336 W Summariser: Summarisation completed
07-12 19:04:21.616  6885  8336 W Summariser:   filename: 20200312_194730!001.mp4
07-12 19:04:21.616  6885  8336 W Summariser:   active sections: 0
07-12 19:04:21.616  6885  8336 W Summariser:   time: 10.533s
07-12 19:04:21.616  6885  8336 W Summariser:   original duration: 16.02
07-12 19:04:21.616  6885  8336 W Summariser:   summarised duration: -1.00
07-12 19:04:21.616  6885  8336 W Summariser:   noise tolerance: 45.00
07-12 19:04:21.616  6885  8336 W Summariser:   quality: 23
07-12 19:04:21.616  6885  8336 W Summariser:   speed: medium
07-12 19:04:21.616  6885  8336 W Summariser:   freeze duration: 1.00
07-12 19:04:21.904  6885  7254 W mobile-ffmpeg: [graph 0 input from stream 0:0 @ 0x95723060] sws_param option is deprecated and ignored
07-12 19:04:29.620  6885  8336 W Summariser: No activity detected
07-12 19:04:29.711  6885  8336 W Summariser: Summarisation completed
07-12 19:04:29.711  6885  8336 W Summariser:   filename: 20200312_194730!003.mp4
07-12 19:04:29.711  6885  8336 W Summariser:   active sections: 0
07-12 19:04:29.711  6885  8336 W Summariser:   time: 07.991s
07-12 19:04:29.711  6885  8336 W Summariser:   original duration: 12.03
07-12 19:04:29.711  6885  8336 W Summariser:   summarised duration: -1.00
07-12 19:04:29.711  6885  8336 W Summariser:   noise tolerance: 45.00
07-12 19:04:29.711  6885  8336 W Summariser:   quality: 23
07-12 19:04:29.711  6885  8336 W Summariser:   speed: medium
07-12 19:04:29.711  6885  8336 W Summariser:   freeze duration: 1.00
07-12 19:04:29.943  6885  7254 W mobile-ffmpeg: [graph 0 input from stream 0:0 @ 0x957256a0] sws_param option is deprecated and ignored
07-12 19:04:35.530  6885  6885 W NearbyFragment: Sending 20200312_194830!002.mp4 to Galaxy S8 [2802]
07-12 19:04:36.216  6885  6885 W NearbyFragment: Completed downloading 20200312_194830!000.mp4 from Endpoint{id=Hqzs, name=Galaxy S8 [2802]} in 00.688s
07-12 19:04:42.427  6885  8336 W Summariser: 2 active sections found
07-12 19:04:42.666  6885  7254 W mobile-ffmpeg: [graph 0 input from stream 0:0 @ 0x9556bd60] sws_param option is deprecated and ignored
07-12 19:04:42.666  6885  7254 W mobile-ffmpeg: [graph 0 input from stream 0:0 @ 0x9556be80] sws_param option is deprecated and ignored
07-12 19:04:45.259  6885  7213 W DashDownloadManager: Successfully downloaded 20200312_194930.mp4 in 25.541s
07-12 19:04:45.294  6885  7254 W mobile-ffmpeg: [mov,mp4,m4a,3gp,3g2,mj2 @ 0xa700de00] Found duplicated MOOV Atom. Skipped it
07-12 19:04:45.491  6885  7254 W mobile-ffmpeg: [mov,mp4,m4a,3gp,3g2,mj2 @ 0x8f1e9400] Found duplicated MOOV Atom. Skipped it
07-12 19:04:54.606  6885  6885 W NearbyFragment: Sending 20200312_194930!001.mp4 to Galaxy S8 [2802]
07-12 19:04:55.563  6885  6885 W NearbyFragment: Completed downloading 20200312_194830!002.mp4 from Endpoint{id=Hqzs, name=Galaxy S8 [2802]} in 00.959s
07-12 19:05:06.759  6885  6885 W NearbyFragment: Sending 20200312_194930!003.mp4 to Galaxy S8 [2802]
07-12 19:05:07.099  6885  6885 W NearbyFragment: Completed downloading 20200312_194930!001.mp4 from Endpoint{id=Hqzs, name=Galaxy S8 [2802]} in 00.343s
07-12 19:05:12.742  6885  7213 W DashDownloadManager: Successfully downloaded 20200312_195230.mp4 in 24.333s
07-12 19:05:12.761  6885  7254 W mobile-ffmpeg: [mov,mp4,m4a,3gp,3g2,mj2 @ 0x8f1e9400] Found duplicated MOOV Atom. Skipped it
07-12 19:05:12.912  6885  7254 W mobile-ffmpeg: [mov,mp4,m4a,3gp,3g2,mj2 @ 0x8f140600] Found duplicated MOOV Atom. Skipped it
07-12 19:05:24.858  6885  6885 W NearbyFragment: Sending 20200312_195230!001.mp4 to Galaxy S8 [2802]
07-12 19:05:27.163  6885  6885 W NearbyFragment: Completed downloading 20200312_194930!003.mp4 from Endpoint{id=Hqzs, name=Galaxy S8 [2802]} in 02.308s
07-12 19:05:32.128  6885  8336 W Summariser: Summarisation completed
07-12 19:05:32.128  6885  8336 W Summariser:   filename: 20200312_194830!001.mp4
07-12 19:05:32.128  6885  8336 W Summariser:   active sections: 2
07-12 19:05:32.128  6885  8336 W Summariser:   time: 62.188s
07-12 19:05:32.128  6885  8336 W Summariser:   original duration: 16.01
07-12 19:05:32.128  6885  8336 W Summariser:   summarised duration: 8.10
07-12 19:05:32.128  6885  8336 W Summariser:   noise tolerance: 45.00
07-12 19:05:32.128  6885  8336 W Summariser:   quality: 23
07-12 19:05:32.128  6885  8336 W Summariser:   speed: medium
07-12 19:05:32.128  6885  8336 W Summariser:   freeze duration: 1.00
07-12 19:05:32.319  6885  7254 W mobile-ffmpeg: [graph 0 input from stream 0:0 @ 0x9556ba60] sws_param option is deprecated and ignored
07-12 19:05:38.082  6885  7213 W DashDownloadManager: Successfully downloaded 20200312_195330.mp4 in 21.780s
07-12 19:05:38.107  6885  7254 W mobile-ffmpeg: [mov,mp4,m4a,3gp,3g2,mj2 @ 0x8f140600] Found duplicated MOOV Atom. Skipped it
07-12 19:05:38.266  6885  7254 W mobile-ffmpeg: [mov,mp4,m4a,3gp,3g2,mj2 @ 0x8f0e7800] Found duplicated MOOV Atom. Skipped it
07-12 19:05:41.097  6885  8336 W Summariser: No activity detected
07-12 19:05:41.189  6885  8336 W Summariser: Summarisation completed
07-12 19:05:41.189  6885  8336 W Summariser:   filename: 20200312_194830!003.mp4
07-12 19:05:41.189  6885  8336 W Summariser:   active sections: 0
07-12 19:05:41.189  6885  8336 W Summariser:   time: 08.946s
07-12 19:05:41.189  6885  8336 W Summariser:   original duration: 11.98
07-12 19:05:41.189  6885  8336 W Summariser:   summarised duration: -1.00
07-12 19:05:41.189  6885  8336 W Summariser:   noise tolerance: 45.00
07-12 19:05:41.189  6885  8336 W Summariser:   quality: 23
07-12 19:05:41.189  6885  8336 W Summariser:   speed: medium
07-12 19:05:41.189  6885  8336 W Summariser:   freeze duration: 1.00
07-12 19:05:41.527  6885  6885 W NearbyFragment: Sending 20200312_195330!000.mp4 to Galaxy S8 [2802]
07-12 19:05:41.768  6885  8336 W FfmpegTools: Merged duration of 20200312_194830: 20.90
07-12 19:05:42.132  6885  7254 W mobile-ffmpeg: [graph 0 input from stream 0:0 @ 0x934f6620] sws_param option is deprecated and ignored
07-12 19:05:42.742  6885  6885 W NearbyFragment: Completed downloading 20200312_195230!001.mp4 from Endpoint{id=Hqzs, name=Galaxy S8 [2802]} in 01.217s
07-12 19:05:52.764  6885  8336 W Summariser: 1 active sections found
07-12 19:05:53.003  6885  7254 W mobile-ffmpeg: [graph 0 input from stream 0:0 @ 0x94a755c0] sws_param option is deprecated and ignored
07-12 19:05:57.185  6885  6885 W NearbyFragment: Sending 20200312_195330!002.mp4 to Galaxy S8 [2802]
07-12 19:05:57.443  6885  6885 W NearbyFragment: Completed downloading 20200312_195330!000.mp4 from Endpoint{id=Hqzs, name=Galaxy S8 [2802]} in 00.260s
07-12 19:06:07.098  6885  7213 W DashDownloadManager: Successfully downloaded 20200312_195430.mp4 in 25.816s
07-12 19:06:07.111  6885  7254 W mobile-ffmpeg: [mov,mp4,m4a,3gp,3g2,mj2 @ 0xa7020a00] Found duplicated MOOV Atom. Skipped it
07-12 19:06:07.280  6885  7254 W mobile-ffmpeg: [mov,mp4,m4a,3gp,3g2,mj2 @ 0x8f17c000] Found duplicated MOOV Atom. Skipped it
07-12 19:06:10.429  6885  7213 W NearbyFragment: Stopped downloading from dashcam
07-12 19:06:15.631  6885  6885 W NearbyFragment: Sending 20200312_195430!001.mp4 to Galaxy S8 [2802]
07-12 19:06:16.407  6885  6885 W NearbyFragment: Completed downloading 20200312_195330!002.mp4 from Endpoint{id=Hqzs, name=Galaxy S8 [2802]} in 00.778s
07-12 19:06:30.568  6885  6885 W NearbyFragment: Sending 20200312_195430!003.mp4 to Galaxy S8 [2802]
07-12 19:06:31.080  6885  6885 W NearbyFragment: Completed downloading 20200312_195430!001.mp4 from Endpoint{id=Hqzs, name=Galaxy S8 [2802]} in 00.514s
07-12 19:06:41.752  6885  6885 W NearbyFragment: Completed downloading 20200312_195430!003.mp4 from Endpoint{id=Hqzs, name=Galaxy S8 [2802]} in 00.115s
07-12 19:06:42.002  6885  8336 W Summariser: Summarisation completed
07-12 19:06:42.002  6885  8336 W Summariser:   filename: 20200312_194930!000.mp4
07-12 19:06:42.002  6885  8336 W Summariser:   active sections: 1
07-12 19:06:42.002  6885  8336 W Summariser:   time: 59.956s
07-12 19:06:42.002  6885  8336 W Summariser:   original duration: 16.07
07-12 19:06:42.002  6885  8336 W Summariser:   summarised duration: 9.36
07-12 19:06:42.002  6885  8336 W Summariser:   noise tolerance: 45.00
07-12 19:06:42.002  6885  8336 W Summariser:   quality: 23
07-12 19:06:42.002  6885  8336 W Summariser:   speed: medium
07-12 19:06:42.002  6885  8336 W Summariser:   freeze duration: 1.00
07-12 19:06:42.366  6885  7254 W mobile-ffmpeg: [graph 0 input from stream 0:0 @ 0x94a745a0] sws_param option is deprecated and ignored
07-12 19:06:51.045  6885  8336 W Summariser: No activity detected
07-12 19:06:51.179  6885  8336 W Summariser: Summarisation completed
07-12 19:06:51.179  6885  8336 W Summariser:   filename: 20200312_194930!002.mp4
07-12 19:06:51.179  6885  8336 W Summariser:   active sections: 0
07-12 19:06:51.179  6885  8336 W Summariser:   time: 08.950s
07-12 19:06:51.179  6885  8336 W Summariser:   original duration: 16.01
07-12 19:06:51.179  6885  8336 W Summariser:   summarised duration: -1.00
07-12 19:06:51.179  6885  8336 W Summariser:   noise tolerance: 45.00
07-12 19:06:51.179  6885  8336 W Summariser:   quality: 23
07-12 19:06:51.179  6885  8336 W Summariser:   speed: medium
07-12 19:06:51.179  6885  8336 W Summariser:   freeze duration: 1.00
07-12 19:06:51.643  6885  8336 W FfmpegTools: Merged duration of 20200312_194930: 22.33
07-12 19:06:51.976  6885  7254 W mobile-ffmpeg: [graph 0 input from stream 0:0 @ 0xa5626380] sws_param option is deprecated and ignored
07-12 19:07:00.391  6885  8336 W Summariser: No activity detected
07-12 19:07:00.483  6885  8336 W Summariser: Summarisation completed
07-12 19:07:00.483  6885  8336 W Summariser:   filename: 20200312_195230!000.mp4
07-12 19:07:00.483  6885  8336 W Summariser:   active sections: 0
07-12 19:07:00.483  6885  8336 W Summariser:   time: 08.681s
07-12 19:07:00.483  6885  8336 W Summariser:   original duration: 16.07
07-12 19:07:00.483  6885  8336 W Summariser:   summarised duration: -1.00
07-12 19:07:00.483  6885  8336 W Summariser:   noise tolerance: 45.00
07-12 19:07:00.483  6885  8336 W Summariser:   quality: 23
07-12 19:07:00.483  6885  8336 W Summariser:   speed: medium
07-12 19:07:00.483  6885  8336 W Summariser:   freeze duration: 1.00
07-12 19:07:00.688  6885  7254 W mobile-ffmpeg: [graph 0 input from stream 0:0 @ 0x95723a80] sws_param option is deprecated and ignored
07-12 19:07:09.018  6885  8336 W Summariser: No activity detected
07-12 19:07:09.145  6885  8336 W Summariser: Summarisation completed
07-12 19:07:09.145  6885  8336 W Summariser:   filename: 20200312_195230!002.mp4
07-12 19:07:09.145  6885  8336 W Summariser:   active sections: 0
07-12 19:07:09.145  6885  8336 W Summariser:   time: 08.524s
07-12 19:07:09.145  6885  8336 W Summariser:   original duration: 16.01
07-12 19:07:09.145  6885  8336 W Summariser:   summarised duration: -1.00
07-12 19:07:09.145  6885  8336 W Summariser:   noise tolerance: 45.00
07-12 19:07:09.145  6885  8336 W Summariser:   quality: 23
07-12 19:07:09.145  6885  8336 W Summariser:   speed: medium
07-12 19:07:09.145  6885  8336 W Summariser:   freeze duration: 1.00
07-12 19:07:09.337  6885  7254 W mobile-ffmpeg: [graph 0 input from stream 0:0 @ 0x95569cc0] sws_param option is deprecated and ignored
07-12 19:07:17.147  6885  8336 W Summariser: No activity detected
07-12 19:07:17.232  6885  8336 W Summariser: Summarisation completed
07-12 19:07:17.232  6885  8336 W Summariser:   filename: 20200312_195230!003.mp4
07-12 19:07:17.232  6885  8336 W Summariser:   active sections: 0
07-12 19:07:17.232  6885  8336 W Summariser:   time: 07.992s
07-12 19:07:17.232  6885  8336 W Summariser:   original duration: 12.01
07-12 19:07:17.232  6885  8336 W Summariser:   summarised duration: -1.00
07-12 19:07:17.232  6885  8336 W Summariser:   noise tolerance: 45.00
07-12 19:07:17.232  6885  8336 W Summariser:   quality: 23
07-12 19:07:17.232  6885  8336 W Summariser:   speed: medium
07-12 19:07:17.232  6885  8336 W Summariser:   freeze duration: 1.00
07-12 19:07:17.319  6885  8336 W FfmpegTools: Single segment returned, duration of 20200312_195230: 6.97
07-12 19:07:17.849  6885  7254 W mobile-ffmpeg: [graph 0 input from stream 0:0 @ 0x93f6a860] sws_param option is deprecated and ignored
07-12 19:07:26.261  6885  8336 W Summariser: 2 active sections found
07-12 19:07:26.457  6885  7254 W mobile-ffmpeg: [graph 0 input from stream 0:0 @ 0x94a5f800] sws_param option is deprecated and ignored
07-12 19:07:26.457  6885  7254 W mobile-ffmpeg: [graph 0 input from stream 0:0 @ 0x94a5f980] sws_param option is deprecated and ignored
07-12 19:08:13.374  6885  8336 W Summariser: Summarisation completed
07-12 19:08:13.374  6885  8336 W Summariser:   filename: 20200312_195330!001.mp4
07-12 19:08:13.374  6885  8336 W Summariser:   active sections: 2
07-12 19:08:13.374  6885  8336 W Summariser:   time: 55.616s
07-12 19:08:13.374  6885  8336 W Summariser:   original duration: 16.02
07-12 19:08:13.374  6885  8336 W Summariser:   summarised duration: 10.91
07-12 19:08:13.374  6885  8336 W Summariser:   noise tolerance: 45.00
07-12 19:08:13.374  6885  8336 W Summariser:   quality: 23
07-12 19:08:13.374  6885  8336 W Summariser:   speed: medium
07-12 19:08:13.374  6885  8336 W Summariser:   freeze duration: 1.00
07-12 19:08:13.596  6885  7254 W mobile-ffmpeg: [graph 0 input from stream 0:0 @ 0x94a5f6e0] sws_param option is deprecated and ignored
07-12 19:08:21.518  6885  8336 W Summariser: 1 active sections found
07-12 19:08:21.709  6885  7254 W mobile-ffmpeg: [graph 0 input from stream 0:0 @ 0x94a76fa0] sws_param option is deprecated and ignored
07-12 19:08:36.606  6885  8336 W Summariser: Summarisation completed
07-12 19:08:36.606  6885  8336 W Summariser:   filename: 20200312_195330!003.mp4
07-12 19:08:36.606  6885  8336 W Summariser:   active sections: 1
07-12 19:08:36.606  6885  8336 W Summariser:   time: 23.034s
07-12 19:08:36.606  6885  8336 W Summariser:   original duration: 12.03
07-12 19:08:36.606  6885  8336 W Summariser:   summarised duration: 3.53
07-12 19:08:36.606  6885  8336 W Summariser:   noise tolerance: 45.00
07-12 19:08:36.606  6885  8336 W Summariser:   quality: 23
07-12 19:08:36.606  6885  8336 W Summariser:   speed: medium
07-12 19:08:36.606  6885  8336 W Summariser:   freeze duration: 1.00
07-12 19:08:37.155  6885  8336 W FfmpegTools: Merged duration of 20200312_195330: 24.63
07-12 19:08:37.517  6885  7254 W mobile-ffmpeg: [graph 0 input from stream 0:0 @ 0x9456c160] sws_param option is deprecated and ignored
07-12 19:08:45.770  6885  8336 W Summariser: 1 active sections found
07-12 19:08:45.956  6885  7254 W mobile-ffmpeg: [graph 0 input from stream 0:0 @ 0x93f163e0] sws_param option is deprecated and ignored
07-12 19:09:09.708  6885  8336 W Summariser: Summarisation completed
07-12 19:09:09.708  6885  8336 W Summariser:   filename: 20200312_195430!000.mp4
07-12 19:09:09.708  6885  8336 W Summariser:   active sections: 1
07-12 19:09:09.708  6885  8336 W Summariser:   time: 32.334s
07-12 19:09:09.708  6885  8336 W Summariser:   original duration: 16.06
07-12 19:09:09.708  6885  8336 W Summariser:   summarised duration: 5.34
07-12 19:09:09.708  6885  8336 W Summariser:   noise tolerance: 45.00
07-12 19:09:09.708  6885  8336 W Summariser:   quality: 23
07-12 19:09:09.708  6885  8336 W Summariser:   speed: medium
07-12 19:09:09.708  6885  8336 W Summariser:   freeze duration: 1.00
07-12 19:09:10.041  6885  7254 W mobile-ffmpeg: [graph 0 input from stream 0:0 @ 0x93f163e0] sws_param option is deprecated and ignored
07-12 19:09:20.275  6885  8336 W Summariser: 2 active sections found
07-12 19:09:20.462  6885  7254 W mobile-ffmpeg: [graph 0 input from stream 0:0 @ 0x8dfa1780] sws_param option is deprecated and ignored
07-12 19:09:20.464  6885  7254 W mobile-ffmpeg: [graph 0 input from stream 0:0 @ 0x8dfa1900] sws_param option is deprecated and ignored
07-12 19:09:44.722  6885  8336 W Summariser: Summarisation completed
07-12 19:09:44.722  6885  8336 W Summariser:   filename: 20200312_195430!002.mp4
07-12 19:09:44.722  6885  8336 W Summariser:   active sections: 2
07-12 19:09:44.722  6885  8336 W Summariser:   time: 34.737s
07-12 19:09:44.722  6885  8336 W Summariser:   original duration: 16.01
07-12 19:09:44.722  6885  8336 W Summariser:   summarised duration: 6.17
07-12 19:09:44.722  6885  8336 W Summariser:   noise tolerance: 45.00
07-12 19:09:44.722  6885  8336 W Summariser:   quality: 23
07-12 19:09:44.722  6885  8336 W Summariser:   speed: medium
07-12 19:09:44.722  6885  8336 W Summariser:   freeze duration: 1.00
07-12 19:09:45.326  6885  8336 W FfmpegTools: Merged duration of 20200312_195430: 21.94
