--------- beginning of main
--------- beginning of system
07-06 01:09:01.706 26377 26377 W LogFactory: Truncating log tag length as it exceed 23, the limit imposed by Android on certain API Levels
07-06 01:09:15.709 26377 26377 E TransferService: No notification is passed in the intent. Unable to transition to foreground.
07-06 01:11:06.873 26377 26377 W NearbyFragment: Completed downloading 20200312_150643!000.mp4 from Endpoint{id=vMbk, name=Galaxy S8 [2802]} in 06.276s
07-06 01:11:07.232 26377 26617 W mobile-ffmpeg: [graph 0 input from stream 0:0 @ 0x7a20e2c200] sws_param option is deprecated and ignored
07-06 01:11:10.154 26377 26616 W Summariser: No activity detected
07-06 01:11:10.211 26377 26616 W Summariser: Summarisation completed
07-06 01:11:10.211 26377 26616 W Summariser:   filename: 20200312_150643!000.mp4
07-06 01:11:10.211 26377 26616 W Summariser:   active sections: 0
07-06 01:11:10.211 26377 26616 W Summariser:   time: 03.196s
07-06 01:11:10.211 26377 26616 W Summariser:   original duration: 16.07
07-06 01:11:10.211 26377 26616 W Summariser:   summarised duration: -1.00
07-06 01:11:10.211 26377 26616 W Summariser:   noise tolerance: 45.00
07-06 01:11:10.211 26377 26616 W Summariser:   quality: 23
07-06 01:11:10.211 26377 26616 W Summariser:   speed: medium
07-06 01:11:10.211 26377 26616 W Summariser:   freeze duration: 1.00
07-06 01:11:18.535 26377 26377 W NearbyFragment: Completed downloading 20200312_150643!002.mp4 from Endpoint{id=vMbk, name=Galaxy S8 [2802]} in 08.246s
07-06 01:11:18.785 26377 26617 W mobile-ffmpeg: [graph 0 input from stream 0:0 @ 0x7a20e2c200] sws_param option is deprecated and ignored
07-06 01:11:22.028 26377 26645 W Summariser: No activity detected
07-06 01:11:22.105 26377 26645 W Summariser: Summarisation completed
07-06 01:11:22.105 26377 26645 W Summariser:   filename: 20200312_150643!002.mp4
07-06 01:11:22.105 26377 26645 W Summariser:   active sections: 0
07-06 01:11:22.105 26377 26645 W Summariser:   time: 03.436s
07-06 01:11:22.105 26377 26645 W Summariser:   original duration: 16.01
07-06 01:11:22.105 26377 26645 W Summariser:   summarised duration: -1.00
07-06 01:11:22.105 26377 26645 W Summariser:   noise tolerance: 45.00
07-06 01:11:22.105 26377 26645 W Summariser:   quality: 23
07-06 01:11:22.105 26377 26645 W Summariser:   speed: medium
07-06 01:11:22.105 26377 26645 W Summariser:   freeze duration: 1.00
07-06 01:11:37.233 26377 26377 W NearbyFragment: Completed downloading 20200312_150744!000.mp4 from Endpoint{id=vMbk, name=Galaxy S8 [2802]} in 07.192s
07-06 01:11:37.383 26377 26617 W mobile-ffmpeg: [graph 0 input from stream 0:0 @ 0x7a20e2c200] sws_param option is deprecated and ignored
07-06 01:11:40.635 26377 26674 W Summariser: No activity detected
07-06 01:11:40.687 26377 26674 W Summariser: Summarisation completed
07-06 01:11:40.687 26377 26674 W Summariser:   filename: 20200312_150744!000.mp4
07-06 01:11:40.687 26377 26674 W Summariser:   active sections: 0
07-06 01:11:40.687 26377 26674 W Summariser:   time: 03.360s
07-06 01:11:40.687 26377 26674 W Summariser:   original duration: 16.07
07-06 01:11:40.687 26377 26674 W Summariser:   summarised duration: -1.00
07-06 01:11:40.687 26377 26674 W Summariser:   noise tolerance: 45.00
07-06 01:11:40.687 26377 26674 W Summariser:   quality: 23
07-06 01:11:40.687 26377 26674 W Summariser:   speed: medium
07-06 01:11:40.687 26377 26674 W Summariser:   freeze duration: 1.00
07-06 01:11:46.861 26377 26377 W NearbyFragment: Completed downloading 20200312_150744!002.mp4 from Endpoint{id=vMbk, name=Galaxy S8 [2802]} in 06.028s
07-06 01:11:47.070 26377 26617 W mobile-ffmpeg: [graph 0 input from stream 0:0 @ 0x7a20e2c200] sws_param option is deprecated and ignored
07-06 01:11:50.249 26377 26698 W Summariser: No activity detected
07-06 01:11:50.335 26377 26698 W Summariser: Summarisation completed
07-06 01:11:50.335 26377 26698 W Summariser:   filename: 20200312_150744!002.mp4
07-06 01:11:50.335 26377 26698 W Summariser:   active sections: 0
07-06 01:11:50.335 26377 26698 W Summariser:   time: 03.325s
07-06 01:11:50.335 26377 26698 W Summariser:   original duration: 16.01
07-06 01:11:50.335 26377 26698 W Summariser:   summarised duration: -1.00
07-06 01:11:50.335 26377 26698 W Summariser:   noise tolerance: 45.00
07-06 01:11:50.335 26377 26698 W Summariser:   quality: 23
07-06 01:11:50.335 26377 26698 W Summariser:   speed: medium
07-06 01:11:50.335 26377 26698 W Summariser:   freeze duration: 1.00
07-06 01:12:06.124 26377 26377 W NearbyFragment: Completed downloading 20200312_150844!000.mp4 from Endpoint{id=vMbk, name=Galaxy S8 [2802]} in 06.080s
07-06 01:12:06.598 26377 26617 W mobile-ffmpeg: [graph 0 input from stream 0:0 @ 0x7a20e2c200] sws_param option is deprecated and ignored
07-06 01:12:10.801 26377 26721 W Summariser: Whole video is active
07-06 01:12:11.843 26377 26721 W Summariser: Summarisation completed
07-06 01:12:11.843 26377 26721 W Summariser:   filename: 20200312_150844!000.mp4
07-06 01:12:11.843 26377 26721 W Summariser:   active sections: -1
07-06 01:12:11.843 26377 26721 W Summariser:   time: 05.205s
07-06 01:12:11.843 26377 26721 W Summariser:   original duration: 16.06
07-06 01:12:11.843 26377 26721 W Summariser:   summarised duration: 16.06
07-06 01:12:11.843 26377 26721 W Summariser:   noise tolerance: 45.00
07-06 01:12:11.843 26377 26721 W Summariser:   quality: 23
07-06 01:12:11.843 26377 26721 W Summariser:   speed: medium
07-06 01:12:11.843 26377 26721 W Summariser:   freeze duration: 1.00
07-06 01:12:11.859 26377 26721 W NearbyFragment: Sending 20200312_150844!000.mp4 to Galaxy S8 [2802]
07-06 01:12:16.377 26377 26377 W NearbyFragment: Completed downloading 20200312_150844!003.mp4 from Endpoint{id=vMbk, name=Galaxy S8 [2802]} in 06.059s
07-06 01:12:16.560 26377 26617 W mobile-ffmpeg: [graph 0 input from stream 0:0 @ 0x7a20e2c200] sws_param option is deprecated and ignored
07-06 01:12:21.021 26377 26747 W Summariser: Whole video is active
07-06 01:12:21.753 26377 26747 W Summariser: Summarisation completed
07-06 01:12:21.753 26377 26747 W Summariser:   filename: 20200312_150844!003.mp4
07-06 01:12:21.753 26377 26747 W Summariser:   active sections: -1
07-06 01:12:21.753 26377 26747 W Summariser:   time: 05.174s
07-06 01:12:21.753 26377 26747 W Summariser:   original duration: 11.98
07-06 01:12:21.753 26377 26747 W Summariser:   summarised duration: 11.98
07-06 01:12:21.753 26377 26747 W Summariser:   noise tolerance: 45.00
07-06 01:12:21.753 26377 26747 W Summariser:   quality: 23
07-06 01:12:21.753 26377 26747 W Summariser:   speed: medium
07-06 01:12:21.753 26377 26747 W Summariser:   freeze duration: 1.00
07-06 01:12:21.773 26377 26747 W NearbyFragment: Sending 20200312_150844!003.mp4 to Galaxy S8 [2802]
07-06 01:12:53.159 26377 26377 W NearbyFragment: Completed downloading 20200312_150944!000.mp4 from Endpoint{id=vMbk, name=Galaxy S8 [2802]} in 03.936s
07-06 01:12:53.314 26377 26617 W mobile-ffmpeg: [graph 0 input from stream 0:0 @ 0x7a20e2c200] sws_param option is deprecated and ignored
07-06 01:12:57.580 26377 26777 W Summariser: 1 active sections found
07-06 01:12:57.703 26377 26617 W mobile-ffmpeg: [graph 0 input from stream 0:0 @ 0x7a20e2c140] sws_param option is deprecated and ignored
07-06 01:13:09.586 26377 26377 W NearbyFragment: Completed downloading 20200312_150944!003.mp4 from Endpoint{id=vMbk, name=Galaxy S8 [2802]} in 03.487s
07-06 01:13:20.146 26377 26777 W Summariser: Summarisation completed
07-06 01:13:20.146 26377 26777 W Summariser:   filename: 20200312_150944!000.mp4
07-06 01:13:20.146 26377 26777 W Summariser:   active sections: 1
07-06 01:13:20.146 26377 26777 W Summariser:   time: 26.805s
07-06 01:13:20.146 26377 26777 W Summariser:   original duration: 16.06
07-06 01:13:20.146 26377 26777 W Summariser:   summarised duration: 7.07
07-06 01:13:20.146 26377 26777 W Summariser:   noise tolerance: 45.00
07-06 01:13:20.146 26377 26777 W Summariser:   quality: 23
07-06 01:13:20.146 26377 26777 W Summariser:   speed: medium
07-06 01:13:20.146 26377 26777 W Summariser:   freeze duration: 1.00
07-06 01:13:20.171 26377 26777 W NearbyFragment: Sending 20200312_150944!000.mp4 to Galaxy S8 [2802]
07-06 01:13:20.345 26377 26617 W mobile-ffmpeg: [graph 0 input from stream 0:0 @ 0x7a20e2c2c0] sws_param option is deprecated and ignored
07-06 01:13:24.529 26377 26777 W Summariser: No activity detected
07-06 01:13:24.610 26377 26777 W Summariser: Summarisation completed
07-06 01:13:24.610 26377 26777 W Summariser:   filename: 20200312_150944!003.mp4
07-06 01:13:24.610 26377 26777 W Summariser:   active sections: 0
07-06 01:13:24.610 26377 26777 W Summariser:   time: 04.341s
07-06 01:13:24.610 26377 26777 W Summariser:   original duration: 12.01
07-06 01:13:24.610 26377 26777 W Summariser:   summarised duration: -1.00
07-06 01:13:24.610 26377 26777 W Summariser:   noise tolerance: 45.00
07-06 01:13:24.610 26377 26777 W Summariser:   quality: 23
07-06 01:13:24.610 26377 26777 W Summariser:   speed: medium
07-06 01:13:24.610 26377 26777 W Summariser:   freeze duration: 1.00
07-06 01:13:36.835 26377 26377 W NearbyFragment: Completed downloading 20200312_151044!002.mp4 from Endpoint{id=vMbk, name=Galaxy S8 [2802]} in 14.697s
07-06 01:13:37.042 26377 26617 W mobile-ffmpeg: [graph 0 input from stream 0:0 @ 0x7a20e2c200] sws_param option is deprecated and ignored
07-06 01:13:40.850 26377 26377 W NearbyFragment: Completed downloading 20200312_151044!003.mp4 from Endpoint{id=vMbk, name=Galaxy S8 [2802]} in 15.607s
07-06 01:13:43.000 26377 26845 W Summariser: No activity detected
07-06 01:13:43.112 26377 26845 W Summariser: Summarisation completed
07-06 01:13:43.112 26377 26845 W Summariser:   filename: 20200312_151044!002.mp4
07-06 01:13:43.112 26377 26845 W Summariser:   active sections: 0
07-06 01:13:43.112 26377 26845 W Summariser:   time: 06.121s
07-06 01:13:43.112 26377 26845 W Summariser:   original duration: 16.01
07-06 01:13:43.112 26377 26845 W Summariser:   summarised duration: -1.00
07-06 01:13:43.112 26377 26845 W Summariser:   noise tolerance: 45.00
07-06 01:13:43.112 26377 26845 W Summariser:   quality: 23
07-06 01:13:43.112 26377 26845 W Summariser:   speed: medium
07-06 01:13:43.112 26377 26845 W Summariser:   freeze duration: 1.00
07-06 01:13:43.256 26377 26617 W mobile-ffmpeg: [graph 0 input from stream 0:0 @ 0x7a20e2c200] sws_param option is deprecated and ignored
07-06 01:13:47.348 26377 26845 W Summariser: No activity detected
07-06 01:13:47.429 26377 26845 W Summariser: Summarisation completed
07-06 01:13:47.429 26377 26845 W Summariser:   filename: 20200312_151044!003.mp4
07-06 01:13:47.429 26377 26845 W Summariser:   active sections: 0
07-06 01:13:47.429 26377 26845 W Summariser:   time: 04.220s
07-06 01:13:47.429 26377 26845 W Summariser:   original duration: 12.03
07-06 01:13:47.429 26377 26845 W Summariser:   summarised duration: -1.00
07-06 01:13:47.429 26377 26845 W Summariser:   noise tolerance: 45.00
07-06 01:13:47.429 26377 26845 W Summariser:   quality: 23
07-06 01:13:47.429 26377 26845 W Summariser:   speed: medium
07-06 01:13:47.429 26377 26845 W Summariser:   freeze duration: 1.00
07-06 01:13:56.536 26377 26377 W NearbyFragment: Completed downloading 20200312_193528!001.mp4 from Endpoint{id=vMbk, name=Galaxy S8 [2802]} in 08.552s
07-06 01:13:56.684 26377 26617 W mobile-ffmpeg: [graph 0 input from stream 0:0 @ 0x7a20e2c200] sws_param option is deprecated and ignored
07-06 01:14:02.306 26377 26883 W Summariser: No activity detected
07-06 01:14:02.380 26377 26883 W Summariser: Summarisation completed
07-06 01:14:02.380 26377 26883 W Summariser:   filename: 20200312_193528!001.mp4
07-06 01:14:02.380 26377 26883 W Summariser:   active sections: 0
07-06 01:14:02.380 26377 26883 W Summariser:   time: 05.735s
07-06 01:14:02.380 26377 26883 W Summariser:   original duration: 16.01
07-06 01:14:02.380 26377 26883 W Summariser:   summarised duration: -1.00
07-06 01:14:02.380 26377 26883 W Summariser:   noise tolerance: 45.00
07-06 01:14:02.380 26377 26883 W Summariser:   quality: 23
07-06 01:14:02.380 26377 26883 W Summariser:   speed: medium
07-06 01:14:02.380 26377 26883 W Summariser:   freeze duration: 1.00
07-06 01:14:07.001 26377 26377 W NearbyFragment: Completed downloading 20200312_193528!003.mp4 from Endpoint{id=vMbk, name=Galaxy S8 [2802]} in 10.419s
07-06 01:14:07.193 26377 26617 W mobile-ffmpeg: [graph 0 input from stream 0:0 @ 0x7a20e2c200] sws_param option is deprecated and ignored
07-06 01:14:11.276 26377 26900 W Summariser: No activity detected
07-06 01:14:11.386 26377 26900 W Summariser: Summarisation completed
07-06 01:14:11.386 26377 26900 W Summariser:   filename: 20200312_193528!003.mp4
07-06 01:14:11.386 26377 26900 W Summariser:   active sections: 0
07-06 01:14:11.386 26377 26900 W Summariser:   time: 04.240s
07-06 01:14:11.386 26377 26900 W Summariser:   original duration: 12.01
07-06 01:14:11.386 26377 26900 W Summariser:   summarised duration: -1.00
07-06 01:14:11.386 26377 26900 W Summariser:   noise tolerance: 45.00
07-06 01:14:11.386 26377 26900 W Summariser:   quality: 23
07-06 01:14:11.386 26377 26900 W Summariser:   speed: medium
07-06 01:14:11.386 26377 26900 W Summariser:   freeze duration: 1.00
07-06 01:14:19.799 26377 26377 W NearbyFragment: Completed downloading 20200312_193628!000.mp4 from Endpoint{id=vMbk, name=Galaxy S8 [2802]} in 03.637s
07-06 01:14:19.965 26377 26617 W mobile-ffmpeg: [graph 0 input from stream 0:0 @ 0x7a20e2c200] sws_param option is deprecated and ignored
07-06 01:14:25.473 26377 26920 W Summariser: No activity detected
07-06 01:14:25.554 26377 26920 W Summariser: Summarisation completed
07-06 01:14:25.554 26377 26920 W Summariser:   filename: 20200312_193628!000.mp4
07-06 01:14:25.554 26377 26920 W Summariser:   active sections: 0
07-06 01:14:25.554 26377 26920 W Summariser:   time: 05.633s
07-06 01:14:25.554 26377 26920 W Summariser:   original duration: 16.07
07-06 01:14:25.554 26377 26920 W Summariser:   summarised duration: -1.00
07-06 01:14:25.554 26377 26920 W Summariser:   noise tolerance: 45.00
07-06 01:14:25.554 26377 26920 W Summariser:   quality: 23
07-06 01:14:25.554 26377 26920 W Summariser:   speed: medium
07-06 01:14:25.554 26377 26920 W Summariser:   freeze duration: 1.00
07-06 01:14:34.969 26377 26377 W NearbyFragment: Completed downloading 20200312_193628!003.mp4 from Endpoint{id=vMbk, name=Galaxy S8 [2802]} in 09.367s
07-06 01:14:35.117 26377 26617 W mobile-ffmpeg: [graph 0 input from stream 0:0 @ 0x7a20e2c200] sws_param option is deprecated and ignored
07-06 01:14:39.388 26377 26942 W Summariser: 1 active sections found
07-06 01:14:39.516 26377 26617 W mobile-ffmpeg: [graph 0 input from stream 0:0 @ 0x7a20e2c140] sws_param option is deprecated and ignored
07-06 01:15:01.350 26377 26377 W NearbyFragment: Completed downloading 20200312_193728!002.mp4 from Endpoint{id=vMbk, name=Galaxy S8 [2802]} in 05.258s
07-06 01:15:07.713 26377 26942 W Summariser: Summarisation completed
07-06 01:15:07.713 26377 26942 W Summariser:   filename: 20200312_193628!003.mp4
07-06 01:15:07.713 26377 26942 W Summariser:   active sections: 1
07-06 01:15:07.713 26377 26942 W Summariser:   time: 32.574s
07-06 01:15:07.713 26377 26942 W Summariser:   original duration: 12.03
07-06 01:15:07.713 26377 26942 W Summariser:   summarised duration: 6.16
07-06 01:15:07.713 26377 26942 W Summariser:   noise tolerance: 45.00
07-06 01:15:07.713 26377 26942 W Summariser:   quality: 23
07-06 01:15:07.713 26377 26942 W Summariser:   speed: medium
07-06 01:15:07.713 26377 26942 W Summariser:   freeze duration: 1.00
07-06 01:15:07.731 26377 26942 W NearbyFragment: Sending 20200312_193628!003.mp4 to Galaxy S8 [2802]
07-06 01:15:07.927 26377 26617 W mobile-ffmpeg: [graph 0 input from stream 0:0 @ 0x7a20e2c2c0] sws_param option is deprecated and ignored
07-06 01:15:13.654 26377 26942 W Summariser: Whole video is active
07-06 01:15:14.637 26377 26942 W Summariser: Summarisation completed
07-06 01:15:14.637 26377 26942 W Summariser:   filename: 20200312_193728!002.mp4
07-06 01:15:14.637 26377 26942 W Summariser:   active sections: -1
07-06 01:15:14.637 26377 26942 W Summariser:   time: 06.662s
07-06 01:15:14.637 26377 26942 W Summariser:   original duration: 16.01
07-06 01:15:14.637 26377 26942 W Summariser:   summarised duration: 16.01
07-06 01:15:14.637 26377 26942 W Summariser:   noise tolerance: 45.00
07-06 01:15:14.637 26377 26942 W Summariser:   quality: 23
07-06 01:15:14.637 26377 26942 W Summariser:   speed: medium
07-06 01:15:14.637 26377 26942 W Summariser:   freeze duration: 1.00
07-06 01:15:14.658 26377 26942 W NearbyFragment: Sending 20200312_193728!002.mp4 to Galaxy S8 [2802]
07-06 01:15:34.973 26377 26377 W NearbyFragment: Completed downloading 20200312_193828!000.mp4 from Endpoint{id=vMbk, name=Galaxy S8 [2802]} in 03.256s
07-06 01:15:35.140 26377 26617 W mobile-ffmpeg: [graph 0 input from stream 0:0 @ 0x7a20e2c200] sws_param option is deprecated and ignored
07-06 01:15:40.713 26377 27067 W Summariser: 1 active sections found
07-06 01:15:40.838 26377 26617 W mobile-ffmpeg: [graph 0 input from stream 0:0 @ 0x7a20e2c140] sws_param option is deprecated and ignored
07-06 01:16:17.382 26377 26377 W NearbyFragment: Completed downloading 20200312_193928!002.mp4 from Endpoint{id=vMbk, name=Galaxy S8 [2802]} in 04.077s
07-06 01:16:34.404 26377 27067 W Summariser: Summarisation completed
07-06 01:16:34.404 26377 27067 W Summariser:   filename: 20200312_193828!000.mp4
07-06 01:16:34.404 26377 27067 W Summariser:   active sections: 1
07-06 01:16:34.404 26377 27067 W Summariser:   time: 59.260s
07-06 01:16:34.404 26377 27067 W Summariser:   original duration: 16.06
07-06 01:16:34.404 26377 27067 W Summariser:   summarised duration: 14.28
07-06 01:16:34.404 26377 27067 W Summariser:   noise tolerance: 45.00
07-06 01:16:34.404 26377 27067 W Summariser:   quality: 23
07-06 01:16:34.404 26377 27067 W Summariser:   speed: medium
07-06 01:16:34.404 26377 27067 W Summariser:   freeze duration: 1.00
07-06 01:16:34.422 26377 27067 W NearbyFragment: Sending 20200312_193828!000.mp4 to Galaxy S8 [2802]
07-06 01:16:34.571 26377 26617 W mobile-ffmpeg: [graph 0 input from stream 0:0 @ 0x7a20e2c200] sws_param option is deprecated and ignored
07-06 01:16:40.312 26377 27067 W Summariser: No activity detected
07-06 01:16:40.384 26377 27067 W Summariser: Summarisation completed
07-06 01:16:40.384 26377 27067 W Summariser:   filename: 20200312_193928!002.mp4
07-06 01:16:40.384 26377 27067 W Summariser:   active sections: 0
07-06 01:16:40.384 26377 27067 W Summariser:   time: 05.872s
07-06 01:16:40.384 26377 27067 W Summariser:   original duration: 16.06
07-06 01:16:40.384 26377 27067 W Summariser:   summarised duration: -1.00
07-06 01:16:40.384 26377 27067 W Summariser:   noise tolerance: 45.00
07-06 01:16:40.384 26377 27067 W Summariser:   quality: 23
07-06 01:16:40.384 26377 27067 W Summariser:   speed: medium
07-06 01:16:40.384 26377 27067 W Summariser:   freeze duration: 1.00
07-06 01:16:45.404 26377 26377 W NearbyFragment: Completed downloading 20200312_194129!002.mp4 from Endpoint{id=vMbk, name=Galaxy S8 [2802]} in 09.523s
07-06 01:16:45.826 26377 26617 W mobile-ffmpeg: [graph 0 input from stream 0:0 @ 0x7a20e2c200] sws_param option is deprecated and ignored
07-06 01:16:48.997 26377 26377 W NearbyFragment: Completed downloading 20200312_194129!003.mp4 from Endpoint{id=vMbk, name=Galaxy S8 [2802]} in 08.321s
07-06 01:16:51.947 26377 27138 W Summariser: 1 active sections found
07-06 01:16:52.116 26377 26617 W mobile-ffmpeg: [graph 0 input from stream 0:0 @ 0x7a20e2c140] sws_param option is deprecated and ignored
07-06 01:17:17.786 26377 27138 W Summariser: Summarisation completed
07-06 01:17:17.786 26377 27138 W Summariser:   filename: 20200312_194129!002.mp4
07-06 01:17:17.786 26377 27138 W Summariser:   active sections: 1
07-06 01:17:17.786 26377 27138 W Summariser:   time: 31.966s
07-06 01:17:17.786 26377 27138 W Summariser:   original duration: 16.01
07-06 01:17:17.786 26377 27138 W Summariser:   summarised duration: 7.37
07-06 01:17:17.786 26377 27138 W Summariser:   noise tolerance: 45.00
07-06 01:17:17.786 26377 27138 W Summariser:   quality: 23
07-06 01:17:17.786 26377 27138 W Summariser:   speed: medium
07-06 01:17:17.786 26377 27138 W Summariser:   freeze duration: 1.00
07-06 01:17:17.804 26377 27138 W NearbyFragment: Sending 20200312_194129!002.mp4 to Galaxy S8 [2802]
07-06 01:17:17.934 26377 26617 W mobile-ffmpeg: [graph 0 input from stream 0:0 @ 0x7a20e2c2c0] sws_param option is deprecated and ignored
07-06 01:17:21.907 26377 26377 W NearbyFragment: Completed downloading 20200312_194229!003.mp4 from Endpoint{id=vMbk, name=Galaxy S8 [2802]} in 03.942s
07-06 01:17:22.760 26377 27138 W Summariser: 1 active sections found
07-06 01:17:22.879 26377 26617 W mobile-ffmpeg: [graph 0 input from stream 0:0 @ 0x7a20e2c140] sws_param option is deprecated and ignored
07-06 01:17:25.917 26377 27138 W Summariser: Summarisation completed
07-06 01:17:25.917 26377 27138 W Summariser:   filename: 20200312_194129!003.mp4
07-06 01:17:25.917 26377 27138 W Summariser:   active sections: 1
07-06 01:17:25.917 26377 27138 W Summariser:   time: 07.979s
07-06 01:17:25.917 26377 27138 W Summariser:   original duration: 12.03
07-06 01:17:25.917 26377 27138 W Summariser:   summarised duration: 0.70
07-06 01:17:25.917 26377 27138 W Summariser:   noise tolerance: 45.00
07-06 01:17:25.917 26377 27138 W Summariser:   quality: 23
07-06 01:17:25.917 26377 27138 W Summariser:   speed: medium
07-06 01:17:25.917 26377 27138 W Summariser:   freeze duration: 1.00
07-06 01:17:25.936 26377 27138 W NearbyFragment: Sending 20200312_194129!003.mp4 to Galaxy S8 [2802]
07-06 01:17:26.078 26377 26617 W mobile-ffmpeg: [graph 0 input from stream 0:0 @ 0x7a20e2c200] sws_param option is deprecated and ignored
07-06 01:17:30.617 26377 27138 W Summariser: No activity detected
07-06 01:17:30.689 26377 27138 W Summariser: Summarisation completed
07-06 01:17:30.689 26377 27138 W Summariser:   filename: 20200312_194229!003.mp4
07-06 01:17:30.689 26377 27138 W Summariser:   active sections: 0
07-06 01:17:30.689 26377 27138 W Summariser:   time: 04.658s
07-06 01:17:30.689 26377 27138 W Summariser:   original duration: 11.98
07-06 01:17:30.689 26377 27138 W Summariser:   summarised duration: -1.00
07-06 01:17:30.689 26377 27138 W Summariser:   noise tolerance: 45.00
07-06 01:17:30.689 26377 27138 W Summariser:   quality: 23
07-06 01:17:30.689 26377 27138 W Summariser:   speed: medium
07-06 01:17:30.689 26377 27138 W Summariser:   freeze duration: 1.00
07-06 01:17:31.959 26377 26377 W NearbyFragment: Completed downloading 20200312_194330!000.mp4 from Endpoint{id=vMbk, name=Galaxy S8 [2802]} in 03.605s
07-06 01:17:32.127 26377 26617 W mobile-ffmpeg: [graph 0 input from stream 0:0 @ 0x7a20e2c200] sws_param option is deprecated and ignored
07-06 01:17:37.555 26377 27234 W Summariser: No activity detected
07-06 01:17:37.624 26377 27234 W Summariser: Summarisation completed
07-06 01:17:37.624 26377 27234 W Summariser:   filename: 20200312_194330!000.mp4
07-06 01:17:37.624 26377 27234 W Summariser:   active sections: 0
07-06 01:17:37.624 26377 27234 W Summariser:   time: 05.558s
07-06 01:17:37.624 26377 27234 W Summariser:   original duration: 16.07
07-06 01:17:37.624 26377 27234 W Summariser:   summarised duration: -1.00
07-06 01:17:37.624 26377 27234 W Summariser:   noise tolerance: 45.00
07-06 01:17:37.624 26377 27234 W Summariser:   quality: 23
07-06 01:17:37.624 26377 27234 W Summariser:   speed: medium
07-06 01:17:37.624 26377 27234 W Summariser:   freeze duration: 1.00
07-06 01:17:42.003 26377 26377 W NearbyFragment: Completed downloading 20200312_194330!002.mp4 from Endpoint{id=vMbk, name=Galaxy S8 [2802]} in 11.042s
07-06 01:17:42.196 26377 26617 W mobile-ffmpeg: [graph 0 input from stream 0:0 @ 0x7a20e2c200] sws_param option is deprecated and ignored
07-06 01:17:47.645 26377 27250 W Summariser: No activity detected
07-06 01:17:47.757 26377 27250 W Summariser: Summarisation completed
07-06 01:17:47.757 26377 27250 W Summariser:   filename: 20200312_194330!002.mp4
07-06 01:17:47.757 26377 27250 W Summariser:   active sections: 0
07-06 01:17:47.757 26377 27250 W Summariser:   time: 05.606s
07-06 01:17:47.757 26377 27250 W Summariser:   original duration: 16.01
07-06 01:17:47.757 26377 27250 W Summariser:   summarised duration: -1.00
07-06 01:17:47.757 26377 27250 W Summariser:   noise tolerance: 45.00
07-06 01:17:47.757 26377 27250 W Summariser:   quality: 23
07-06 01:17:47.757 26377 27250 W Summariser:   speed: medium
07-06 01:17:47.757 26377 27250 W Summariser:   freeze duration: 1.00
07-06 01:17:59.563 26377 26377 W NearbyFragment: Completed downloading 20200312_194730!000.mp4 from Endpoint{id=vMbk, name=Galaxy S8 [2802]} in 03.143s
07-06 01:17:59.729 26377 26617 W mobile-ffmpeg: [graph 0 input from stream 0:0 @ 0x7a20e2c200] sws_param option is deprecated and ignored
07-06 01:18:05.259 26377 27272 W Summariser: No activity detected
07-06 01:18:05.326 26377 27272 W Summariser: Summarisation completed
07-06 01:18:05.326 26377 27272 W Summariser:   filename: 20200312_194730!000.mp4
07-06 01:18:05.326 26377 27272 W Summariser:   active sections: 0
07-06 01:18:05.326 26377 27272 W Summariser:   time: 05.659s
07-06 01:18:05.326 26377 27272 W Summariser:   original duration: 16.07
07-06 01:18:05.326 26377 27272 W Summariser:   summarised duration: -1.00
07-06 01:18:05.326 26377 27272 W Summariser:   noise tolerance: 45.00
07-06 01:18:05.326 26377 27272 W Summariser:   quality: 23
07-06 01:18:05.326 26377 27272 W Summariser:   speed: medium
07-06 01:18:05.326 26377 27272 W Summariser:   freeze duration: 1.00
07-06 01:18:10.868 26377 26377 W NearbyFragment: Completed downloading 20200312_194730!002.mp4 from Endpoint{id=vMbk, name=Galaxy S8 [2802]} in 05.293s
07-06 01:18:11.068 26377 26617 W mobile-ffmpeg: [graph 0 input from stream 0:0 @ 0x7a20e2c200] sws_param option is deprecated and ignored
07-06 01:18:16.510 26377 27290 W Summariser: No activity detected
07-06 01:18:16.612 26377 27290 W Summariser: Summarisation completed
07-06 01:18:16.612 26377 27290 W Summariser:   filename: 20200312_194730!002.mp4
07-06 01:18:16.612 26377 27290 W Summariser:   active sections: 0
07-06 01:18:16.612 26377 27290 W Summariser:   time: 05.594s
07-06 01:18:16.612 26377 27290 W Summariser:   original duration: 16.01
07-06 01:18:16.612 26377 27290 W Summariser:   summarised duration: -1.00
07-06 01:18:16.612 26377 27290 W Summariser:   noise tolerance: 45.00
07-06 01:18:16.612 26377 27290 W Summariser:   quality: 23
07-06 01:18:16.612 26377 27290 W Summariser:   speed: medium
07-06 01:18:16.612 26377 27290 W Summariser:   freeze duration: 1.00
07-06 01:18:26.164 26377 26377 W NearbyFragment: Completed downloading 20200312_194830!000.mp4 from Endpoint{id=vMbk, name=Galaxy S8 [2802]} in 02.607s
07-06 01:18:26.330 26377 26617 W mobile-ffmpeg: [graph 0 input from stream 0:0 @ 0x7a20e2bfc0] sws_param option is deprecated and ignored
07-06 01:18:31.959 26377 27314 W Summariser: 1 active sections found
07-06 01:18:32.095 26377 26617 W mobile-ffmpeg: [graph 0 input from stream 0:0 @ 0x7a20e2bf00] sws_param option is deprecated and ignored
07-06 01:18:40.055 26377 26377 W NearbyFragment: Completed downloading 20200312_194830!003.mp4 from Endpoint{id=vMbk, name=Galaxy S8 [2802]} in 02.453s
07-06 01:18:51.529 26377 27314 W Summariser: Summarisation completed
07-06 01:18:51.529 26377 27314 W Summariser:   filename: 20200312_194830!000.mp4
07-06 01:18:51.529 26377 27314 W Summariser:   active sections: 1
07-06 01:18:51.529 26377 27314 W Summariser:   time: 25.206s
07-06 01:18:51.529 26377 27314 W Summariser:   original duration: 16.06
07-06 01:18:51.529 26377 27314 W Summariser:   summarised duration: 3.97
07-06 01:18:51.529 26377 27314 W Summariser:   noise tolerance: 45.00
07-06 01:18:51.529 26377 27314 W Summariser:   quality: 23
07-06 01:18:51.529 26377 27314 W Summariser:   speed: medium
07-06 01:18:51.529 26377 27314 W Summariser:   freeze duration: 1.00
07-06 01:18:51.549 26377 27314 W NearbyFragment: Sending 20200312_194830!000.mp4 to Galaxy S8 [2802]
07-06 01:18:51.702 26377 26617 W mobile-ffmpeg: [graph 0 input from stream 0:0 @ 0x7a20e2c080] sws_param option is deprecated and ignored
07-06 01:18:56.147 26377 27314 W Summariser: No activity detected
07-06 01:18:56.209 26377 27314 W Summariser: Summarisation completed
07-06 01:18:56.209 26377 27314 W Summariser:   filename: 20200312_194830!003.mp4
07-06 01:18:56.209 26377 27314 W Summariser:   active sections: 0
07-06 01:18:56.209 26377 27314 W Summariser:   time: 04.584s
07-06 01:18:56.209 26377 27314 W Summariser:   original duration: 11.98
07-06 01:18:56.209 26377 27314 W Summariser:   summarised duration: -1.00
07-06 01:18:56.209 26377 27314 W Summariser:   noise tolerance: 45.00
07-06 01:18:56.209 26377 27314 W Summariser:   quality: 23
07-06 01:18:56.209 26377 27314 W Summariser:   speed: medium
07-06 01:18:56.209 26377 27314 W Summariser:   freeze duration: 1.00
07-06 01:19:02.163 26377 26377 W NearbyFragment: Completed downloading 20200312_194930!001.mp4 from Endpoint{id=vMbk, name=Galaxy S8 [2802]} in 10.441s
07-06 01:19:02.375 26377 26617 W mobile-ffmpeg: [graph 0 input from stream 0:0 @ 0x7a20e2bd80] sws_param option is deprecated and ignored
07-06 01:19:07.381 26377 26377 W NearbyFragment: Completed downloading 20200312_194930!002.mp4 from Endpoint{id=vMbk, name=Galaxy S8 [2802]} in 10.565s
07-06 01:19:08.579 26377 27387 W Summariser: 1 active sections found
07-06 01:19:08.747 26377 26617 W mobile-ffmpeg: [graph 0 input from stream 0:0 @ 0x7a20e2b840] sws_param option is deprecated and ignored
07-06 01:19:16.265 26377 27387 W Summariser: Summarisation completed
07-06 01:19:16.265 26377 27387 W Summariser:   filename: 20200312_194930!001.mp4
07-06 01:19:16.265 26377 27387 W Summariser:   active sections: 1
07-06 01:19:16.265 26377 27387 W Summariser:   time: 13.896s
07-06 01:19:16.265 26377 27387 W Summariser:   original duration: 16.01
07-06 01:19:16.265 26377 27387 W Summariser:   summarised duration: 2.02
07-06 01:19:16.265 26377 27387 W Summariser:   noise tolerance: 45.00
07-06 01:19:16.265 26377 27387 W Summariser:   quality: 23
07-06 01:19:16.265 26377 27387 W Summariser:   speed: medium
07-06 01:19:16.265 26377 27387 W Summariser:   freeze duration: 1.00
07-06 01:19:16.288 26377 27387 W NearbyFragment: Sending 20200312_194930!001.mp4 to Galaxy S8 [2802]
07-06 01:19:16.456 26377 26617 W mobile-ffmpeg: [graph 0 input from stream 0:0 @ 0x7a20e2bd80] sws_param option is deprecated and ignored
07-06 01:19:21.992 26377 27387 W Summariser: No activity detected
07-06 01:19:22.174 26377 27387 W Summariser: Summarisation completed
07-06 01:19:22.174 26377 27387 W Summariser:   filename: 20200312_194930!002.mp4
07-06 01:19:22.174 26377 27387 W Summariser:   active sections: 0
07-06 01:19:22.174 26377 27387 W Summariser:   time: 05.689s
07-06 01:19:22.174 26377 27387 W Summariser:   original duration: 16.01
07-06 01:19:22.174 26377 27387 W Summariser:   summarised duration: -1.00
07-06 01:19:22.174 26377 27387 W Summariser:   noise tolerance: 45.00
07-06 01:19:22.174 26377 27387 W Summariser:   quality: 23
07-06 01:19:22.174 26377 27387 W Summariser:   speed: medium
07-06 01:19:22.174 26377 27387 W Summariser:   freeze duration: 1.00
07-06 01:19:27.927 26377 26377 W NearbyFragment: Completed downloading 20200312_195230!000.mp4 from Endpoint{id=vMbk, name=Galaxy S8 [2802]} in 06.538s
07-06 01:19:28.142 26377 26617 W mobile-ffmpeg: [graph 0 input from stream 0:0 @ 0x7a20e2bd80] sws_param option is deprecated and ignored
07-06 01:19:32.747 26377 26377 W NearbyFragment: Completed downloading 20200312_195230!001.mp4 from Endpoint{id=vMbk, name=Galaxy S8 [2802]} in 10.397s
07-06 01:19:34.304 26377 27444 W Summariser: No activity detected
07-06 01:19:34.373 26377 27444 W Summariser: Summarisation completed
07-06 01:19:34.373 26377 27444 W Summariser:   filename: 20200312_195230!000.mp4
07-06 01:19:34.373 26377 27444 W Summariser:   active sections: 0
07-06 01:19:34.373 26377 27444 W Summariser:   time: 06.322s
07-06 01:19:34.373 26377 27444 W Summariser:   original duration: 16.07
07-06 01:19:34.373 26377 27444 W Summariser:   summarised duration: -1.00
07-06 01:19:34.373 26377 27444 W Summariser:   noise tolerance: 45.00
07-06 01:19:34.373 26377 27444 W Summariser:   quality: 23
07-06 01:19:34.373 26377 27444 W Summariser:   speed: medium
07-06 01:19:34.373 26377 27444 W Summariser:   freeze duration: 1.00
07-06 01:19:34.536 26377 26617 W mobile-ffmpeg: [graph 0 input from stream 0:0 @ 0x7a20e2bd80] sws_param option is deprecated and ignored
07-06 01:19:40.244 26377 27444 W Summariser: 1 active sections found
07-06 01:19:40.401 26377 26617 W mobile-ffmpeg: [graph 0 input from stream 0:0 @ 0x7a20e2bcc0] sws_param option is deprecated and ignored
07-06 01:19:54.425 26377 26377 W NearbyFragment: Completed downloading 20200312_195330!000.mp4 from Endpoint{id=vMbk, name=Galaxy S8 [2802]} in 03.629s
07-06 01:20:12.567 26377 27444 W Summariser: Summarisation completed
07-06 01:20:12.567 26377 27444 W Summariser:   filename: 20200312_195230!001.mp4
07-06 01:20:12.567 26377 27444 W Summariser:   active sections: 1
07-06 01:20:12.567 26377 27444 W Summariser:   time: 37.992s
07-06 01:20:12.567 26377 27444 W Summariser:   original duration: 16.01
07-06 01:20:12.567 26377 27444 W Summariser:   summarised duration: 6.97
07-06 01:20:12.567 26377 27444 W Summariser:   noise tolerance: 45.00
07-06 01:20:12.567 26377 27444 W Summariser:   quality: 23
07-06 01:20:12.567 26377 27444 W Summariser:   speed: medium
07-06 01:20:12.567 26377 27444 W Summariser:   freeze duration: 1.00
07-06 01:20:12.590 26377 27444 W NearbyFragment: Sending 20200312_195230!001.mp4 to Galaxy S8 [2802]
07-06 01:20:12.771 26377 26617 W mobile-ffmpeg: [graph 0 input from stream 0:0 @ 0x7a20e2be40] sws_param option is deprecated and ignored
07-06 01:20:19.159 26377 27444 W Summariser: 1 active sections found
07-06 01:20:19.298 26377 26617 W mobile-ffmpeg: [graph 0 input from stream 0:0 @ 0x7a20e2bcc0] sws_param option is deprecated and ignored
07-06 01:20:25.445 26377 26377 W NearbyFragment: Completed downloading 20200312_195430!000.mp4 from Endpoint{id=vMbk, name=Galaxy S8 [2802]} in 04.250s
07-06 01:20:29.762 26377 27444 W Summariser: Summarisation completed
07-06 01:20:29.762 26377 27444 W Summariser:   filename: 20200312_195330!000.mp4
07-06 01:20:29.762 26377 27444 W Summariser:   active sections: 1
07-06 01:20:29.762 26377 27444 W Summariser:   time: 16.981s
07-06 01:20:29.762 26377 27444 W Summariser:   original duration: 16.07
07-06 01:20:29.762 26377 27444 W Summariser:   summarised duration: 1.11
07-06 01:20:29.762 26377 27444 W Summariser:   noise tolerance: 45.00
07-06 01:20:29.762 26377 27444 W Summariser:   quality: 23
07-06 01:20:29.762 26377 27444 W Summariser:   speed: medium
07-06 01:20:29.762 26377 27444 W Summariser:   freeze duration: 1.00
07-06 01:20:29.776 26377 27444 W NearbyFragment: Sending 20200312_195330!000.mp4 to Galaxy S8 [2802]
07-06 01:20:29.927 26377 26617 W mobile-ffmpeg: [graph 0 input from stream 0:0 @ 0x7a20e2be40] sws_param option is deprecated and ignored
07-06 01:20:33.020 26377 26377 W NearbyFragment: Completed downloading 20200312_195430!002.mp4 from Endpoint{id=vMbk, name=Galaxy S8 [2802]} in 04.138s
07-06 01:20:37.925 26377 26377 W NearbyFragment: Completed downloading 20200312_195430!003.mp4 from Endpoint{id=vMbk, name=Galaxy S8 [2802]} in 07.459s
07-06 01:20:38.228 26377 27444 W Summariser: 1 active sections found
07-06 01:20:38.416 26377 26617 W mobile-ffmpeg: [graph 0 input from stream 0:0 @ 0x7a20e2bcc0] sws_param option is deprecated and ignored
07-06 01:21:05.776 26377 27444 W Summariser: Summarisation completed
07-06 01:21:05.776 26377 27444 W Summariser:   filename: 20200312_195430!000.mp4
07-06 01:21:05.776 26377 27444 W Summariser:   active sections: 1
07-06 01:21:05.776 26377 27444 W Summariser:   time: 35.819s
07-06 01:21:05.776 26377 27444 W Summariser:   original duration: 16.06
07-06 01:21:05.776 26377 27444 W Summariser:   summarised duration: 5.34
07-06 01:21:05.776 26377 27444 W Summariser:   noise tolerance: 45.00
07-06 01:21:05.776 26377 27444 W Summariser:   quality: 23
07-06 01:21:05.776 26377 27444 W Summariser:   speed: medium
07-06 01:21:05.776 26377 27444 W Summariser:   freeze duration: 1.00
07-06 01:21:05.800 26377 27444 W NearbyFragment: Sending 20200312_195430!000.mp4 to Galaxy S8 [2802]
07-06 01:21:06.049 26377 26617 W mobile-ffmpeg: [graph 0 input from stream 0:0 @ 0x7a20e2be40] sws_param option is deprecated and ignored
07-06 01:21:14.195 26377 27444 W Summariser: 2 active sections found
07-06 01:21:14.419 26377 26617 W mobile-ffmpeg: [graph 0 input from stream 0:0 @ 0x7a20e2bfc0] sws_param option is deprecated and ignored
07-06 01:21:14.420 26377 26617 W mobile-ffmpeg: [graph 0 input from stream 0:0 @ 0x7a20e2c140] sws_param option is deprecated and ignored
07-06 01:21:38.979 26377 27444 W Summariser: Summarisation completed
07-06 01:21:38.979 26377 27444 W Summariser:   filename: 20200312_195430!002.mp4
07-06 01:21:38.979 26377 27444 W Summariser:   active sections: 2
07-06 01:21:38.979 26377 27444 W Summariser:   time: 32.992s
07-06 01:21:38.979 26377 27444 W Summariser:   original duration: 16.01
07-06 01:21:38.979 26377 27444 W Summariser:   summarised duration: 6.17
07-06 01:21:38.979 26377 27444 W Summariser:   noise tolerance: 45.00
07-06 01:21:38.979 26377 27444 W Summariser:   quality: 23
07-06 01:21:38.979 26377 27444 W Summariser:   speed: medium
07-06 01:21:38.979 26377 27444 W Summariser:   freeze duration: 1.00
07-06 01:21:38.997 26377 27444 W NearbyFragment: Sending 20200312_195430!002.mp4 to Galaxy S8 [2802]
07-06 01:21:39.164 26377 26617 W mobile-ffmpeg: [graph 0 input from stream 0:0 @ 0x7a20e2b6c0] sws_param option is deprecated and ignored
07-06 01:21:43.874 26377 27444 W Summariser: 1 active sections found
07-06 01:21:44.027 26377 26617 W mobile-ffmpeg: [graph 0 input from stream 0:0 @ 0x7a20e2b780] sws_param option is deprecated and ignored
07-06 01:21:59.402 26377 27444 W Summariser: Summarisation completed
07-06 01:21:59.402 26377 27444 W Summariser:   filename: 20200312_195430!003.mp4
07-06 01:21:59.402 26377 27444 W Summariser:   active sections: 1
07-06 01:21:59.402 26377 27444 W Summariser:   time: 20.263s
07-06 01:21:59.402 26377 27444 W Summariser:   original duration: 11.98
07-06 01:21:59.402 26377 27444 W Summariser:   summarised duration: 4.54
07-06 01:21:59.402 26377 27444 W Summariser:   noise tolerance: 45.00
07-06 01:21:59.402 26377 27444 W Summariser:   quality: 23
07-06 01:21:59.402 26377 27444 W Summariser:   speed: medium
07-06 01:21:59.402 26377 27444 W Summariser:   freeze duration: 1.00
07-06 01:21:59.419 26377 27444 W NearbyFragment: Sending 20200312_195430!003.mp4 to Galaxy S8 [2802]
