--------- beginning of main
07-04 23:28:38.570  5223  5223 E Zygote  : isWhitelistProcess - Process is Whitelisted
07-04 23:28:38.573  5223  5223 E Zygote  : accessInfo : 1
--------- beginning of system
07-04 23:28:40.086  5223  5223 W LogFactory: Truncating log tag length as it exceed 23, the limit imposed by Android on certain API Levels
07-04 23:28:42.075  5223  5223 W ActivityThread: handleWindowVisibility: no activity for token android.os.BinderProxy@4f23a3a
07-04 23:28:42.155  5223  5223 W example.edgesu: Accessing hidden method Landroid/graphics/drawable/Drawable;->getOpticalInsets()Landroid/graphics/Insets; (light greylist, linking)
07-04 23:28:42.155  5223  5223 W example.edgesu: Accessing hidden field Landroid/graphics/Insets;->left:I (light greylist, linking)
07-04 23:28:42.155  5223  5223 W example.edgesu: Accessing hidden field Landroid/graphics/Insets;->right:I (light greylist, linking)
07-04 23:28:42.155  5223  5223 W example.edgesu: Accessing hidden field Landroid/graphics/Insets;->top:I (light greylist, linking)
07-04 23:28:42.155  5223  5223 W example.edgesu: Accessing hidden field Landroid/graphics/Insets;->bottom:I (light greylist, linking)
07-04 23:28:42.202  5223  5223 W example.edgesu: Accessing hidden method Landroid/view/View;->computeFitSystemWindows(Landroid/graphics/Rect;Landroid/graphics/Rect;)Z (light greylist, reflection)
07-04 23:28:42.203  5223  5223 W example.edgesu: Accessing hidden method Landroid/view/ViewGroup;->makeOptionalFitsSystemWindows()V (light greylist, reflection)
07-04 23:28:42.304  5223  5223 W example.edgesu: Accessing hidden method Landroid/widget/TextView;->getTextDirectionHeuristic()Landroid/text/TextDirectionHeuristic; (light greylist, linking)
07-04 23:28:42.313  5223  5223 W example.edgesu: Accessing hidden field Landroid/view/View;->mAccessibilityDelegate:Landroid/view/View$AccessibilityDelegate; (light greylist, reflection)
07-04 23:28:42.639  5223  5223 E TransferService: No notification is passed in the intent. Unable to transition to foreground.
07-04 23:28:42.691  5223  5223 W StaticLayout: maxLineHeight should not be -1.  maxLines:1 lineCount:1
07-04 23:28:42.700  5223  5223 W StaticLayout: maxLineHeight should not be -1.  maxLines:1 lineCount:1
07-04 23:28:42.704  5223  5223 W StaticLayout: maxLineHeight should not be -1.  maxLines:1 lineCount:1
07-04 23:28:42.708  5223  5223 W StaticLayout: maxLineHeight should not be -1.  maxLines:1 lineCount:1
07-04 23:28:42.726  5223  5223 W StaticLayout: maxLineHeight should not be -1.  maxLines:1 lineCount:1
07-04 23:28:42.730  5223  5223 W StaticLayout: maxLineHeight should not be -1.  maxLines:1 lineCount:1
07-04 23:29:03.786  5223  5223 W example.edgesu: Accessing hidden method Landroid/graphics/FontFamily;-><init>()V (light greylist, reflection)
07-04 23:29:03.786  5223  5223 W example.edgesu: Accessing hidden method Landroid/graphics/FontFamily;->addFontFromAssetManager(Landroid/content/res/AssetManager;Ljava/lang/String;IZIII[Landroid/graphics/fonts/FontVariationAxis;)Z (light greylist, reflection)
07-04 23:29:03.786  5223  5223 W example.edgesu: Accessing hidden method Landroid/graphics/FontFamily;->addFontFromBuffer(Ljava/nio/ByteBuffer;I[Landroid/graphics/fonts/FontVariationAxis;II)Z (light greylist, reflection)
07-04 23:29:03.787  5223  5223 W example.edgesu: Accessing hidden method Landroid/graphics/FontFamily;->freeze()Z (light greylist, reflection)
07-04 23:29:03.787  5223  5223 W example.edgesu: Accessing hidden method Landroid/graphics/FontFamily;->abortCreation()V (light greylist, reflection)
07-04 23:29:03.788  5223  5223 W example.edgesu: Accessing hidden method Landroid/graphics/Typeface;->createFromFamiliesWithDefault([Landroid/graphics/FontFamily;Ljava/lang/String;II)Landroid/graphics/Typeface; (light greylist, reflection)
07-04 23:29:17.847  5223  5274 W libEGL  : EGLNativeWindowType 0x7a58bae010 disconnect failed
07-04 23:29:20.780  5223  5274 W libEGL  : EGLNativeWindowType 0x7a58bae010 disconnect failed
07-04 23:29:20.801  5223  5223 E ViewRootImpl: sendUserActionEvent() returned.
07-04 23:31:09.053  5223  5223 W NearbyFragment: Completed downloading 20200312_150643!000.mp4 from Endpoint{id=h5xw, name=Nexus 5X [34d8]} in 02.476s
07-04 23:31:09.368  5223  6452 W mobile-ffmpeg: [graph 0 input from stream 0:0 @ 0x7a6af15780] sws_param option is deprecated and ignored
07-04 23:31:11.300  5223  6451 W Summariser: No activity detected
07-04 23:31:11.338  5223  6451 W Summariser: Summarisation completed
07-04 23:31:11.338  5223  6451 W Summariser:   filename: 20200312_150643!000.mp4
07-04 23:31:11.338  5223  6451 W Summariser:   active sections: 0
07-04 23:31:11.338  5223  6451 W Summariser:   time: 02.137s
07-04 23:31:11.338  5223  6451 W Summariser:   original duration: 16.07
07-04 23:31:11.338  5223  6451 W Summariser:   summarised duration: -1.00
07-04 23:31:11.338  5223  6451 W Summariser:   noise tolerance: 45.00
07-04 23:31:11.338  5223  6451 W Summariser:   quality: 23
07-04 23:31:11.338  5223  6451 W Summariser:   speed: medium
07-04 23:31:11.338  5223  6451 W Summariser:   freeze duration: 1.00
07-04 23:31:13.842  5223  5223 W NearbyFragment: Completed downloading 20200312_150643!001.mp4 from Endpoint{id=h5xw, name=Nexus 5X [34d8]} in 02.424s
07-04 23:31:14.066  5223  6452 W mobile-ffmpeg: [graph 0 input from stream 0:0 @ 0x7a6af15780] sws_param option is deprecated and ignored
07-04 23:31:15.958  5223  6489 W Summariser: No activity detected
07-04 23:31:16.001  5223  6489 W Summariser: Summarisation completed
07-04 23:31:16.001  5223  6489 W Summariser:   filename: 20200312_150643!001.mp4
07-04 23:31:16.001  5223  6489 W Summariser:   active sections: 0
07-04 23:31:16.001  5223  6489 W Summariser:   time: 02.023s
07-04 23:31:16.001  5223  6489 W Summariser:   original duration: 16.01
07-04 23:31:16.001  5223  6489 W Summariser:   summarised duration: -1.00
07-04 23:31:16.001  5223  6489 W Summariser:   noise tolerance: 45.00
07-04 23:31:16.001  5223  6489 W Summariser:   quality: 23
07-04 23:31:16.001  5223  6489 W Summariser:   speed: medium
07-04 23:31:16.001  5223  6489 W Summariser:   freeze duration: 1.00
07-04 23:31:19.438  5223  5223 W NearbyFragment: Completed downloading 20200312_150643!002.mp4 from Endpoint{id=h5xw, name=Nexus 5X [34d8]} in 03.341s
07-04 23:31:19.659  5223  6452 W mobile-ffmpeg: [graph 0 input from stream 0:0 @ 0x7a6af15780] sws_param option is deprecated and ignored
07-04 23:31:21.585  5223  6530 W Summariser: No activity detected
07-04 23:31:21.628  5223  6530 W Summariser: Summarisation completed
07-04 23:31:21.628  5223  6530 W Summariser:   filename: 20200312_150643!002.mp4
07-04 23:31:21.628  5223  6530 W Summariser:   active sections: 0
07-04 23:31:21.628  5223  6530 W Summariser:   time: 02.068s
07-04 23:31:21.628  5223  6530 W Summariser:   original duration: 16.01
07-04 23:31:21.628  5223  6530 W Summariser:   summarised duration: -1.00
07-04 23:31:21.628  5223  6530 W Summariser:   noise tolerance: 45.00
07-04 23:31:21.628  5223  6530 W Summariser:   quality: 23
07-04 23:31:21.628  5223  6530 W Summariser:   speed: medium
07-04 23:31:21.628  5223  6530 W Summariser:   freeze duration: 1.00
07-04 23:31:24.114  5223  5223 W NearbyFragment: Completed downloading 20200312_150643!003.mp4 from Endpoint{id=h5xw, name=Nexus 5X [34d8]} in 02.372s
07-04 23:31:24.321  5223  6452 W mobile-ffmpeg: [graph 0 input from stream 0:0 @ 0x7a6af15780] sws_param option is deprecated and ignored
07-04 23:31:25.694  5223  6562 W Summariser: No activity detected
07-04 23:31:25.724  5223  6562 W Summariser: Summarisation completed
07-04 23:31:25.724  5223  6562 W Summariser:   filename: 20200312_150643!003.mp4
07-04 23:31:25.724  5223  6562 W Summariser:   active sections: 0
07-04 23:31:25.724  5223  6562 W Summariser:   time: 01.491s
07-04 23:31:25.724  5223  6562 W Summariser:   original duration: 12.01
07-04 23:31:25.724  5223  6562 W Summariser:   summarised duration: -1.00
07-04 23:31:25.724  5223  6562 W Summariser:   noise tolerance: 45.00
07-04 23:31:25.724  5223  6562 W Summariser:   quality: 23
07-04 23:31:25.724  5223  6562 W Summariser:   speed: medium
07-04 23:31:25.724  5223  6562 W Summariser:   freeze duration: 1.00
07-04 23:31:31.864  5223  5223 W NearbyFragment: Completed downloading 20200312_150744!000.mp4 from Endpoint{id=h5xw, name=Nexus 5X [34d8]} in 02.405s
07-04 23:31:32.042  5223  6452 W mobile-ffmpeg: [graph 0 input from stream 0:0 @ 0x7a6af15780] sws_param option is deprecated and ignored
07-04 23:31:33.984  5223  6602 W Summariser: No activity detected
07-04 23:31:34.015  5223  6602 W Summariser: Summarisation completed
07-04 23:31:34.015  5223  6602 W Summariser:   filename: 20200312_150744!000.mp4
07-04 23:31:34.015  5223  6602 W Summariser:   active sections: 0
07-04 23:31:34.015  5223  6602 W Summariser:   time: 02.045s
07-04 23:31:34.015  5223  6602 W Summariser:   original duration: 16.07
07-04 23:31:34.015  5223  6602 W Summariser:   summarised duration: -1.00
07-04 23:31:34.015  5223  6602 W Summariser:   noise tolerance: 45.00
07-04 23:31:34.015  5223  6602 W Summariser:   quality: 23
07-04 23:31:34.015  5223  6602 W Summariser:   speed: medium
07-04 23:31:34.015  5223  6602 W Summariser:   freeze duration: 1.00
07-04 23:31:36.683  5223  5223 W NearbyFragment: Completed downloading 20200312_150744!001.mp4 from Endpoint{id=h5xw, name=Nexus 5X [34d8]} in 02.457s
07-04 23:31:36.921  5223  6452 W mobile-ffmpeg: [graph 0 input from stream 0:0 @ 0x7a6af15780] sws_param option is deprecated and ignored
07-04 23:31:38.781  5223  6643 W Summariser: No activity detected
07-04 23:31:38.824  5223  6643 W Summariser: Summarisation completed
07-04 23:31:38.824  5223  6643 W Summariser:   filename: 20200312_150744!001.mp4
07-04 23:31:38.824  5223  6643 W Summariser:   active sections: 0
07-04 23:31:38.824  5223  6643 W Summariser:   time: 02.007s
07-04 23:31:38.824  5223  6643 W Summariser:   original duration: 16.02
07-04 23:31:38.824  5223  6643 W Summariser:   summarised duration: -1.00
07-04 23:31:38.824  5223  6643 W Summariser:   noise tolerance: 45.00
07-04 23:31:38.824  5223  6643 W Summariser:   quality: 23
07-04 23:31:38.824  5223  6643 W Summariser:   speed: medium
07-04 23:31:38.824  5223  6643 W Summariser:   freeze duration: 1.00
07-04 23:31:41.577  5223  5223 W NearbyFragment: Completed downloading 20200312_150744!002.mp4 from Endpoint{id=h5xw, name=Nexus 5X [34d8]} in 02.621s
07-04 23:31:41.792  5223  6452 W mobile-ffmpeg: [graph 0 input from stream 0:0 @ 0x7a6af15780] sws_param option is deprecated and ignored
07-04 23:31:43.627  5223  6679 W Summariser: No activity detected
07-04 23:31:43.669  5223  6679 W Summariser: Summarisation completed
07-04 23:31:43.669  5223  6679 W Summariser:   filename: 20200312_150744!002.mp4
07-04 23:31:43.669  5223  6679 W Summariser:   active sections: 0
07-04 23:31:43.669  5223  6679 W Summariser:   time: 01.979s
07-04 23:31:43.669  5223  6679 W Summariser:   original duration: 16.01
07-04 23:31:43.669  5223  6679 W Summariser:   summarised duration: -1.00
07-04 23:31:43.669  5223  6679 W Summariser:   noise tolerance: 45.00
07-04 23:31:43.669  5223  6679 W Summariser:   quality: 23
07-04 23:31:43.669  5223  6679 W Summariser:   speed: medium
07-04 23:31:43.669  5223  6679 W Summariser:   freeze duration: 1.00
07-04 23:31:45.603  5223  5223 W NearbyFragment: Completed downloading 20200312_150744!003.mp4 from Endpoint{id=h5xw, name=Nexus 5X [34d8]} in 01.801s
07-04 23:31:45.817  5223  6452 W mobile-ffmpeg: [graph 0 input from stream 0:0 @ 0x7a6af15780] sws_param option is deprecated and ignored
07-04 23:31:47.291  5223  6718 W Summariser: 1 active sections found
07-04 23:31:47.340  5223  6452 W mobile-ffmpeg: [graph 0 input from stream 0:0 @ 0x7a6af156c0] sws_param option is deprecated and ignored
07-04 23:31:52.818  5223  6718 W Summariser: Summarisation completed
07-04 23:31:52.818  5223  6718 W Summariser:   filename: 20200312_150744!003.mp4
07-04 23:31:52.818  5223  6718 W Summariser:   active sections: 1
07-04 23:31:52.818  5223  6718 W Summariser:   time: 07.077s
07-04 23:31:52.818  5223  6718 W Summariser:   original duration: 12.03
07-04 23:31:52.818  5223  6718 W Summariser:   summarised duration: 4.89
07-04 23:31:52.818  5223  6718 W Summariser:   noise tolerance: 45.00
07-04 23:31:52.818  5223  6718 W Summariser:   quality: 23
07-04 23:31:52.818  5223  6718 W Summariser:   speed: medium
07-04 23:31:52.818  5223  6718 W Summariser:   freeze duration: 1.00
07-04 23:31:52.835  5223  6718 W NearbyFragment: Sending 20200312_150744!003.mp4 to Nexus 5X [34d8]
07-04 23:31:58.726  5223  5223 W NearbyFragment: Completed downloading 20200312_150844!001.mp4 from Endpoint{id=h5xw, name=Nexus 5X [34d8]} in 05.827s
07-04 23:31:59.017  5223  6452 W mobile-ffmpeg: [graph 0 input from stream 0:0 @ 0x7a6af15780] sws_param option is deprecated and ignored
07-04 23:32:00.934  5223  6791 W Summariser: Whole video is active
07-04 23:32:01.484  5223  6791 W Summariser: Summarisation completed
07-04 23:32:01.484  5223  6791 W Summariser:   filename: 20200312_150844!001.mp4
07-04 23:32:01.484  5223  6791 W Summariser:   active sections: -1
07-04 23:32:01.484  5223  6791 W Summariser:   time: 02.583s
07-04 23:32:01.484  5223  6791 W Summariser:   original duration: 16.01
07-04 23:32:01.484  5223  6791 W Summariser:   summarised duration: 16.01
07-04 23:32:01.484  5223  6791 W Summariser:   noise tolerance: 45.00
07-04 23:32:01.484  5223  6791 W Summariser:   quality: 23
07-04 23:32:01.484  5223  6791 W Summariser:   speed: medium
07-04 23:32:01.484  5223  6791 W Summariser:   freeze duration: 1.00
07-04 23:32:01.512  5223  6791 W NearbyFragment: Sending 20200312_150844!001.mp4 to Nexus 5X [34d8]
07-04 23:32:08.737  5223  5223 W NearbyFragment: Completed downloading 20200312_150844!002.mp4 from Endpoint{id=h5xw, name=Nexus 5X [34d8]} in 07.151s
07-04 23:32:08.936  5223  6452 W mobile-ffmpeg: [graph 0 input from stream 0:0 @ 0x7a6af15780] sws_param option is deprecated and ignored
07-04 23:32:10.742  5223  6829 W Summariser: Whole video is active
07-04 23:32:11.207  5223  6829 W Summariser: Summarisation completed
07-04 23:32:11.207  5223  6829 W Summariser:   filename: 20200312_150844!002.mp4
07-04 23:32:11.207  5223  6829 W Summariser:   active sections: -1
07-04 23:32:11.207  5223  6829 W Summariser:   time: 02.332s
07-04 23:32:11.207  5223  6829 W Summariser:   original duration: 16.01
07-04 23:32:11.207  5223  6829 W Summariser:   summarised duration: 16.01
07-04 23:32:11.207  5223  6829 W Summariser:   noise tolerance: 45.00
07-04 23:32:11.207  5223  6829 W Summariser:   quality: 23
07-04 23:32:11.207  5223  6829 W Summariser:   speed: medium
07-04 23:32:11.207  5223  6829 W Summariser:   freeze duration: 1.00
07-04 23:32:11.237  5223  6829 W NearbyFragment: Sending 20200312_150844!002.mp4 to Nexus 5X [34d8]
07-04 23:32:28.678  5223  5223 W NearbyFragment: Completed downloading 20200312_150944!000.mp4 from Endpoint{id=h5xw, name=Nexus 5X [34d8]} in 02.392s
07-04 23:32:28.871  5223  6452 W mobile-ffmpeg: [graph 0 input from stream 0:0 @ 0x7a6af15780] sws_param option is deprecated and ignored
07-04 23:32:30.801  5223  6869 W Summariser: 1 active sections found
07-04 23:32:30.852  5223  6452 W mobile-ffmpeg: [graph 0 input from stream 0:0 @ 0x7a6af156c0] sws_param option is deprecated and ignored
07-04 23:32:37.398  5223  6869 W Summariser: Summarisation completed
07-04 23:32:37.398  5223  6869 W Summariser:   filename: 20200312_150944!000.mp4
07-04 23:32:37.398  5223  6869 W Summariser:   active sections: 1
07-04 23:32:37.398  5223  6869 W Summariser:   time: 08.589s
07-04 23:32:37.398  5223  6869 W Summariser:   original duration: 16.06
07-04 23:32:37.398  5223  6869 W Summariser:   summarised duration: 7.07
07-04 23:32:37.398  5223  6869 W Summariser:   noise tolerance: 45.00
07-04 23:32:37.398  5223  6869 W Summariser:   quality: 23
07-04 23:32:37.398  5223  6869 W Summariser:   speed: medium
07-04 23:32:37.398  5223  6869 W Summariser:   freeze duration: 1.00
07-04 23:32:37.417  5223  6869 W NearbyFragment: Sending 20200312_150944!000.mp4 to Nexus 5X [34d8]
07-04 23:32:39.787  5223  5223 W NearbyFragment: Completed downloading 20200312_150944!001.mp4 from Endpoint{id=h5xw, name=Nexus 5X [34d8]} in 02.286s
07-04 23:32:40.052  5223  6452 W mobile-ffmpeg: [graph 0 input from stream 0:0 @ 0x7a6af15780] sws_param option is deprecated and ignored
07-04 23:32:41.876  5223  6939 W Summariser: No activity detected
07-04 23:32:41.919  5223  6939 W Summariser: Summarisation completed
07-04 23:32:41.919  5223  6939 W Summariser:   filename: 20200312_150944!001.mp4
07-04 23:32:41.919  5223  6939 W Summariser:   active sections: 0
07-04 23:32:41.919  5223  6939 W Summariser:   time: 02.004s
07-04 23:32:41.919  5223  6939 W Summariser:   original duration: 16.01
07-04 23:32:41.919  5223  6939 W Summariser:   summarised duration: -1.00
07-04 23:32:41.919  5223  6939 W Summariser:   noise tolerance: 45.00
07-04 23:32:41.919  5223  6939 W Summariser:   quality: 23
07-04 23:32:41.919  5223  6939 W Summariser:   speed: medium
07-04 23:32:41.919  5223  6939 W Summariser:   freeze duration: 1.00
07-04 23:32:46.995  5223  5223 W NearbyFragment: Completed downloading 20200312_150944!002.mp4 from Endpoint{id=h5xw, name=Nexus 5X [34d8]} in 04.846s
07-04 23:32:47.182  5223  6452 W mobile-ffmpeg: [graph 0 input from stream 0:0 @ 0x7a6af15780] sws_param option is deprecated and ignored
07-04 23:32:49.011  5223  6968 W Summariser: No activity detected
07-04 23:32:49.051  5223  6968 W Summariser: Summarisation completed
07-04 23:32:49.051  5223  6968 W Summariser:   filename: 20200312_150944!002.mp4
07-04 23:32:49.051  5223  6968 W Summariser:   active sections: 0
07-04 23:32:49.051  5223  6968 W Summariser:   time: 01.950s
07-04 23:32:49.051  5223  6968 W Summariser:   original duration: 16.01
07-04 23:32:49.051  5223  6968 W Summariser:   summarised duration: -1.00
07-04 23:32:49.051  5223  6968 W Summariser:   noise tolerance: 45.00
07-04 23:32:49.051  5223  6968 W Summariser:   quality: 23
07-04 23:32:49.051  5223  6968 W Summariser:   speed: medium
07-04 23:32:49.051  5223  6968 W Summariser:   freeze duration: 1.00
07-04 23:32:53.088  5223  5223 W NearbyFragment: Completed downloading 20200312_151044!000.mp4 from Endpoint{id=h5xw, name=Nexus 5X [34d8]} in 03.955s
07-04 23:32:53.280  5223  6452 W mobile-ffmpeg: [graph 0 input from stream 0:0 @ 0x7a6af15780] sws_param option is deprecated and ignored
07-04 23:32:55.238  5223  6997 W Summariser: No activity detected
07-04 23:32:55.267  5223  6997 W Summariser: Summarisation completed
07-04 23:32:55.267  5223  6997 W Summariser:   filename: 20200312_151044!000.mp4
07-04 23:32:55.267  5223  6997 W Summariser:   active sections: 0
07-04 23:32:55.267  5223  6997 W Summariser:   time: 02.083s
07-04 23:32:55.267  5223  6997 W Summariser:   original duration: 16.07
07-04 23:32:55.267  5223  6997 W Summariser:   summarised duration: -1.00
07-04 23:32:55.267  5223  6997 W Summariser:   noise tolerance: 45.00
07-04 23:32:55.267  5223  6997 W Summariser:   quality: 23
07-04 23:32:55.267  5223  6997 W Summariser:   speed: medium
07-04 23:32:55.267  5223  6997 W Summariser:   freeze duration: 1.00
07-04 23:33:01.718  5223  5223 W NearbyFragment: Completed downloading 20200312_151044!002.mp4 from Endpoint{id=h5xw, name=Nexus 5X [34d8]} in 06.371s
07-04 23:33:01.974  5223  6452 W mobile-ffmpeg: [graph 0 input from stream 0:0 @ 0x7a6af15780] sws_param option is deprecated and ignored
07-04 23:33:03.799  5223  7026 W Summariser: No activity detected
07-04 23:33:03.839  5223  7026 W Summariser: Summarisation completed
07-04 23:33:03.839  5223  7026 W Summariser:   filename: 20200312_151044!002.mp4
07-04 23:33:03.839  5223  7026 W Summariser:   active sections: 0
07-04 23:33:03.839  5223  7026 W Summariser:   time: 01.986s
07-04 23:33:03.839  5223  7026 W Summariser:   original duration: 16.01
07-04 23:33:03.839  5223  7026 W Summariser:   summarised duration: -1.00
07-04 23:33:03.839  5223  7026 W Summariser:   noise tolerance: 45.00
07-04 23:33:03.839  5223  7026 W Summariser:   quality: 23
07-04 23:33:03.839  5223  7026 W Summariser:   speed: medium
07-04 23:33:03.839  5223  7026 W Summariser:   freeze duration: 1.00
07-04 23:33:05.432  5223  5223 W NearbyFragment: Completed downloading 20200312_151044!003.mp4 from Endpoint{id=h5xw, name=Nexus 5X [34d8]} in 01.503s
07-04 23:33:05.655  5223  6452 W mobile-ffmpeg: [graph 0 input from stream 0:0 @ 0x7a6af15780] sws_param option is deprecated and ignored
07-04 23:33:07.163  5223  7055 W Summariser: No activity detected
07-04 23:33:07.192  5223  7055 W Summariser: Summarisation completed
07-04 23:33:07.192  5223  7055 W Summariser:   filename: 20200312_151044!003.mp4
07-04 23:33:07.192  5223  7055 W Summariser:   active sections: 0
07-04 23:33:07.192  5223  7055 W Summariser:   time: 01.637s
07-04 23:33:07.192  5223  7055 W Summariser:   original duration: 12.03
07-04 23:33:07.192  5223  7055 W Summariser:   summarised duration: -1.00
07-04 23:33:07.192  5223  7055 W Summariser:   noise tolerance: 45.00
07-04 23:33:07.192  5223  7055 W Summariser:   quality: 23
07-04 23:33:07.192  5223  7055 W Summariser:   speed: medium
07-04 23:33:07.192  5223  7055 W Summariser:   freeze duration: 1.00
07-04 23:33:18.411  5223  5223 W NearbyFragment: Completed downloading 20200312_193528!000.mp4 from Endpoint{id=h5xw, name=Nexus 5X [34d8]} in 02.371s
07-04 23:33:18.596  5223  6452 W mobile-ffmpeg: [graph 0 input from stream 0:0 @ 0x7a6af15780] sws_param option is deprecated and ignored
07-04 23:33:20.503  5223  7089 W Summariser: No activity detected
07-04 23:33:20.531  5223  7089 W Summariser: Summarisation completed
07-04 23:33:20.531  5223  7089 W Summariser:   filename: 20200312_193528!000.mp4
07-04 23:33:20.531  5223  7089 W Summariser:   active sections: 0
07-04 23:33:20.531  5223  7089 W Summariser:   time: 02.010s
07-04 23:33:20.531  5223  7089 W Summariser:   original duration: 16.06
07-04 23:33:20.531  5223  7089 W Summariser:   summarised duration: -1.00
07-04 23:33:20.531  5223  7089 W Summariser:   noise tolerance: 45.00
07-04 23:33:20.531  5223  7089 W Summariser:   quality: 23
07-04 23:33:20.531  5223  7089 W Summariser:   speed: medium
07-04 23:33:20.531  5223  7089 W Summariser:   freeze duration: 1.00
07-04 23:33:23.149  5223  5223 W NearbyFragment: Completed downloading 20200312_193528!001.mp4 from Endpoint{id=h5xw, name=Nexus 5X [34d8]} in 02.547s
07-04 23:33:23.363  5223  6452 W mobile-ffmpeg: [graph 0 input from stream 0:0 @ 0x7a6af15780] sws_param option is deprecated and ignored
07-04 23:33:25.218  5223  7118 W Summariser: No activity detected
07-04 23:33:25.244  5223  7118 W Summariser: Summarisation completed
07-04 23:33:25.244  5223  7118 W Summariser:   filename: 20200312_193528!001.mp4
07-04 23:33:25.244  5223  7118 W Summariser:   active sections: 0
07-04 23:33:25.244  5223  7118 W Summariser:   time: 01.975s
07-04 23:33:25.244  5223  7118 W Summariser:   original duration: 16.01
07-04 23:33:25.244  5223  7118 W Summariser:   summarised duration: -1.00
07-04 23:33:25.244  5223  7118 W Summariser:   noise tolerance: 45.00
07-04 23:33:25.244  5223  7118 W Summariser:   quality: 23
07-04 23:33:25.244  5223  7118 W Summariser:   speed: medium
07-04 23:33:25.244  5223  7118 W Summariser:   freeze duration: 1.00
07-04 23:33:27.808  5223  5223 W NearbyFragment: Completed downloading 20200312_193528!002.mp4 from Endpoint{id=h5xw, name=Nexus 5X [34d8]} in 02.404s
07-04 23:33:28.027  5223  6452 W mobile-ffmpeg: [graph 0 input from stream 0:0 @ 0x7a6af15540] sws_param option is deprecated and ignored
07-04 23:33:29.961  5223  7146 W Summariser: No activity detected
07-04 23:33:29.989  5223  7146 W Summariser: Summarisation completed
07-04 23:33:29.989  5223  7146 W Summariser:   filename: 20200312_193528!002.mp4
07-04 23:33:29.989  5223  7146 W Summariser:   active sections: 0
07-04 23:33:29.989  5223  7146 W Summariser:   time: 02.061s
07-04 23:33:29.989  5223  7146 W Summariser:   original duration: 16.06
07-04 23:33:29.989  5223  7146 W Summariser:   summarised duration: -1.00
07-04 23:33:29.989  5223  7146 W Summariser:   noise tolerance: 45.00
07-04 23:33:29.989  5223  7146 W Summariser:   quality: 23
07-04 23:33:29.989  5223  7146 W Summariser:   speed: medium
07-04 23:33:29.989  5223  7146 W Summariser:   freeze duration: 1.00
07-04 23:33:31.493  5223  5223 W NearbyFragment: Completed downloading 20200312_193528!003.mp4 from Endpoint{id=h5xw, name=Nexus 5X [34d8]} in 01.344s
07-04 23:33:31.686  5223  6452 W mobile-ffmpeg: [graph 0 input from stream 0:0 @ 0x7a6af15480] sws_param option is deprecated and ignored
07-04 23:33:33.054  5223  7177 W Summariser: No activity detected
07-04 23:33:33.094  5223  7177 W Summariser: Summarisation completed
07-04 23:33:33.094  5223  7177 W Summariser:   filename: 20200312_193528!003.mp4
07-04 23:33:33.094  5223  7177 W Summariser:   active sections: 0
07-04 23:33:33.094  5223  7177 W Summariser:   time: 01.510s
07-04 23:33:33.094  5223  7177 W Summariser:   original duration: 12.01
07-04 23:33:33.094  5223  7177 W Summariser:   summarised duration: -1.00
07-04 23:33:33.094  5223  7177 W Summariser:   noise tolerance: 45.00
07-04 23:33:33.094  5223  7177 W Summariser:   quality: 23
07-04 23:33:33.094  5223  7177 W Summariser:   speed: medium
07-04 23:33:33.094  5223  7177 W Summariser:   freeze duration: 1.00
07-04 23:33:33.106  5223  5249 W System  : A resource failed to call close. 
07-04 23:33:33.106  5223  5249 W System  : A resource failed to call close. 
07-04 23:33:33.106  5223  5249 W System  : A resource failed to call close. 
07-04 23:33:33.111  5223  5249 W System  : A resource failed to call close. 
07-04 23:33:44.022  5223  5223 W NearbyFragment: Completed downloading 20200312_193628!000.mp4 from Endpoint{id=h5xw, name=Nexus 5X [34d8]} in 01.762s
07-04 23:33:44.159  5223  6452 W mobile-ffmpeg: [graph 0 input from stream 0:0 @ 0x7a6af15780] sws_param option is deprecated and ignored
07-04 23:33:45.999  5223  7207 W Summariser: No activity detected
07-04 23:33:46.025  5223  7207 W Summariser: Summarisation completed
07-04 23:33:46.025  5223  7207 W Summariser:   filename: 20200312_193628!000.mp4
07-04 23:33:46.025  5223  7207 W Summariser:   active sections: 0
07-04 23:33:46.025  5223  7207 W Summariser:   time: 01.927s
07-04 23:33:46.025  5223  7207 W Summariser:   original duration: 16.07
07-04 23:33:46.025  5223  7207 W Summariser:   summarised duration: -1.00
07-04 23:33:46.025  5223  7207 W Summariser:   noise tolerance: 45.00
07-04 23:33:46.025  5223  7207 W Summariser:   quality: 23
07-04 23:33:46.025  5223  7207 W Summariser:   speed: medium
07-04 23:33:46.025  5223  7207 W Summariser:   freeze duration: 1.00
07-04 23:33:48.355  5223  5223 W NearbyFragment: Completed downloading 20200312_193628!001.mp4 from Endpoint{id=h5xw, name=Nexus 5X [34d8]} in 02.167s
07-04 23:33:48.564  5223  6452 W mobile-ffmpeg: [graph 0 input from stream 0:0 @ 0x7a6af15780] sws_param option is deprecated and ignored
07-04 23:33:50.410  5223  7243 W Summariser: No activity detected
07-04 23:33:50.447  5223  7243 W Summariser: Summarisation completed
07-04 23:33:50.447  5223  7243 W Summariser:   filename: 20200312_193628!001.mp4
07-04 23:33:50.447  5223  7243 W Summariser:   active sections: 0
07-04 23:33:50.447  5223  7243 W Summariser:   time: 01.980s
07-04 23:33:50.447  5223  7243 W Summariser:   original duration: 16.01
07-04 23:33:50.447  5223  7243 W Summariser:   summarised duration: -1.00
07-04 23:33:50.447  5223  7243 W Summariser:   noise tolerance: 45.00
07-04 23:33:50.447  5223  7243 W Summariser:   quality: 23
07-04 23:33:50.447  5223  7243 W Summariser:   speed: medium
07-04 23:33:50.447  5223  7243 W Summariser:   freeze duration: 1.00
07-04 23:33:53.499  5223  5223 W NearbyFragment: Completed downloading 20200312_193628!002.mp4 from Endpoint{id=h5xw, name=Nexus 5X [34d8]} in 02.973s
07-04 23:33:53.686  5223  6452 W mobile-ffmpeg: [graph 0 input from stream 0:0 @ 0x7a6af15780] sws_param option is deprecated and ignored
07-04 23:33:55.657  5223  7272 W Summariser: No activity detected
07-04 23:33:55.694  5223  7272 W Summariser: Summarisation completed
07-04 23:33:55.694  5223  7272 W Summariser:   filename: 20200312_193628!002.mp4
07-04 23:33:55.694  5223  7272 W Summariser:   active sections: 0
07-04 23:33:55.694  5223  7272 W Summariser:   time: 02.096s
07-04 23:33:55.694  5223  7272 W Summariser:   original duration: 16.02
07-04 23:33:55.694  5223  7272 W Summariser:   summarised duration: -1.00
07-04 23:33:55.694  5223  7272 W Summariser:   noise tolerance: 45.00
07-04 23:33:55.694  5223  7272 W Summariser:   quality: 23
07-04 23:33:55.694  5223  7272 W Summariser:   speed: medium
07-04 23:33:55.694  5223  7272 W Summariser:   freeze duration: 1.00
07-04 23:33:57.557  5223  5223 W NearbyFragment: Completed downloading 20200312_193628!003.mp4 from Endpoint{id=h5xw, name=Nexus 5X [34d8]} in 01.764s
07-04 23:33:57.723  5223  6452 W mobile-ffmpeg: [graph 0 input from stream 0:0 @ 0x7a6af15780] sws_param option is deprecated and ignored
07-04 23:33:59.176  5223  7300 W Summariser: 1 active sections found
07-04 23:33:59.226  5223  6452 W mobile-ffmpeg: [graph 0 input from stream 0:0 @ 0x7a6af156c0] sws_param option is deprecated and ignored
07-04 23:34:06.073  5223  7300 W Summariser: Summarisation completed
07-04 23:34:06.073  5223  7300 W Summariser:   filename: 20200312_193628!003.mp4
07-04 23:34:06.073  5223  7300 W Summariser:   active sections: 1
07-04 23:34:06.073  5223  7300 W Summariser:   time: 08.410s
07-04 23:34:06.073  5223  7300 W Summariser:   original duration: 12.03
07-04 23:34:06.073  5223  7300 W Summariser:   summarised duration: 6.16
07-04 23:34:06.073  5223  7300 W Summariser:   noise tolerance: 45.00
07-04 23:34:06.073  5223  7300 W Summariser:   quality: 23
07-04 23:34:06.073  5223  7300 W Summariser:   speed: medium
07-04 23:34:06.073  5223  7300 W Summariser:   freeze duration: 1.00
07-04 23:34:06.089  5223  7300 W NearbyFragment: Sending 20200312_193628!003.mp4 to Nexus 5X [34d8]
07-04 23:34:08.750  5223  5223 W NearbyFragment: Completed downloading 20200312_193728!000.mp4 from Endpoint{id=h5xw, name=Nexus 5X [34d8]} in 02.268s
07-04 23:34:09.001  5223  6452 W mobile-ffmpeg: [graph 0 input from stream 0:0 @ 0x7a6af15780] sws_param option is deprecated and ignored
07-04 23:34:10.972  5223  7370 W Summariser: Whole video is active
07-04 23:34:11.422  5223  7370 W Summariser: Summarisation completed
07-04 23:34:11.422  5223  7370 W Summariser:   filename: 20200312_193728!000.mp4
07-04 23:34:11.422  5223  7370 W Summariser:   active sections: -1
07-04 23:34:11.422  5223  7370 W Summariser:   time: 02.540s
07-04 23:34:11.422  5223  7370 W Summariser:   original duration: 16.06
07-04 23:34:11.422  5223  7370 W Summariser:   summarised duration: 16.06
07-04 23:34:11.422  5223  7370 W Summariser:   noise tolerance: 45.00
07-04 23:34:11.422  5223  7370 W Summariser:   quality: 23
07-04 23:34:11.422  5223  7370 W Summariser:   speed: medium
07-04 23:34:11.422  5223  7370 W Summariser:   freeze duration: 1.00
07-04 23:34:11.437  5223  7370 W NearbyFragment: Sending 20200312_193728!000.mp4 to Nexus 5X [34d8]
07-04 23:34:15.866  5223  5223 W NearbyFragment: Completed downloading 20200312_193728!001.mp4 from Endpoint{id=h5xw, name=Nexus 5X [34d8]} in 04.326s
07-04 23:34:16.044  5223  6452 W mobile-ffmpeg: [graph 0 input from stream 0:0 @ 0x7a6af15780] sws_param option is deprecated and ignored
07-04 23:34:17.909  5223  7398 W Summariser: Whole video is active
07-04 23:34:18.372  5223  7398 W Summariser: Summarisation completed
07-04 23:34:18.372  5223  7398 W Summariser:   filename: 20200312_193728!001.mp4
07-04 23:34:18.372  5223  7398 W Summariser:   active sections: -1
07-04 23:34:18.372  5223  7398 W Summariser:   time: 02.374s
07-04 23:34:18.372  5223  7398 W Summariser:   original duration: 16.01
07-04 23:34:18.372  5223  7398 W Summariser:   summarised duration: 16.01
07-04 23:34:18.372  5223  7398 W Summariser:   noise tolerance: 45.00
07-04 23:34:18.372  5223  7398 W Summariser:   quality: 23
07-04 23:34:18.372  5223  7398 W Summariser:   speed: medium
07-04 23:34:18.372  5223  7398 W Summariser:   freeze duration: 1.00
07-04 23:34:18.402  5223  7398 W NearbyFragment: Sending 20200312_193728!001.mp4 to Nexus 5X [34d8]
07-04 23:34:22.710  5223  5223 W NearbyFragment: Completed downloading 20200312_193728!002.mp4 from Endpoint{id=h5xw, name=Nexus 5X [34d8]} in 04.201s
07-04 23:34:22.907  5223  6452 W mobile-ffmpeg: [graph 0 input from stream 0:0 @ 0x7a6af15780] sws_param option is deprecated and ignored
07-04 23:34:24.828  5223  7429 W Summariser: Whole video is active
07-04 23:34:25.284  5223  7429 W Summariser: Summarisation completed
07-04 23:34:25.284  5223  7429 W Summariser:   filename: 20200312_193728!002.mp4
07-04 23:34:25.284  5223  7429 W Summariser:   active sections: -1
07-04 23:34:25.284  5223  7429 W Summariser:   time: 02.427s
07-04 23:34:25.284  5223  7429 W Summariser:   original duration: 16.01
07-04 23:34:25.284  5223  7429 W Summariser:   summarised duration: 16.01
07-04 23:34:25.284  5223  7429 W Summariser:   noise tolerance: 45.00
07-04 23:34:25.284  5223  7429 W Summariser:   quality: 23
07-04 23:34:25.284  5223  7429 W Summariser:   speed: medium
07-04 23:34:25.284  5223  7429 W Summariser:   freeze duration: 1.00
07-04 23:34:25.312  5223  7429 W NearbyFragment: Sending 20200312_193728!002.mp4 to Nexus 5X [34d8]
07-04 23:34:28.884  5223  5223 W NearbyFragment: Completed downloading 20200312_193728!003.mp4 from Endpoint{id=h5xw, name=Nexus 5X [34d8]} in 03.481s
07-04 23:34:29.052  5223  6452 W mobile-ffmpeg: [graph 0 input from stream 0:0 @ 0x7a6af15780] sws_param option is deprecated and ignored
07-04 23:34:30.493  5223  7483 W Summariser: Whole video is active
07-04 23:34:30.831  5223  7483 W Summariser: Summarisation completed
07-04 23:34:30.831  5223  7483 W Summariser:   filename: 20200312_193728!003.mp4
07-04 23:34:30.831  5223  7483 W Summariser:   active sections: -1
07-04 23:34:30.831  5223  7483 W Summariser:   time: 01.826s
07-04 23:34:30.831  5223  7483 W Summariser:   original duration: 11.98
07-04 23:34:30.831  5223  7483 W Summariser:   summarised duration: 11.98
07-04 23:34:30.831  5223  7483 W Summariser:   noise tolerance: 45.00
07-04 23:34:30.831  5223  7483 W Summariser:   quality: 23
07-04 23:34:30.831  5223  7483 W Summariser:   speed: medium
07-04 23:34:30.831  5223  7483 W Summariser:   freeze duration: 1.00
07-04 23:34:30.863  5223  7483 W NearbyFragment: Sending 20200312_193728!003.mp4 to Nexus 5X [34d8]
07-04 23:34:38.337  5223  5223 W NearbyFragment: Completed downloading 20200312_193828!000.mp4 from Endpoint{id=h5xw, name=Nexus 5X [34d8]} in 02.322s
07-04 23:34:38.521  5223  6452 W mobile-ffmpeg: [graph 0 input from stream 0:0 @ 0x7a5881af40] sws_param option is deprecated and ignored
07-04 23:34:40.482  5223  7516 W Summariser: 1 active sections found
07-04 23:34:40.526  5223  6452 W mobile-ffmpeg: [graph 0 input from stream 0:0 @ 0x7a5881ae80] sws_param option is deprecated and ignored
07-04 23:34:53.814  5223  7516 W Summariser: Summarisation completed
07-04 23:34:53.814  5223  7516 W Summariser:   filename: 20200312_193828!000.mp4
07-04 23:34:53.814  5223  7516 W Summariser:   active sections: 1
07-04 23:34:53.814  5223  7516 W Summariser:   time: 15.359s
07-04 23:34:53.814  5223  7516 W Summariser:   original duration: 16.06
07-04 23:34:53.814  5223  7516 W Summariser:   summarised duration: 14.28
07-04 23:34:53.814  5223  7516 W Summariser:   noise tolerance: 45.00
07-04 23:34:53.814  5223  7516 W Summariser:   quality: 23
07-04 23:34:53.814  5223  7516 W Summariser:   speed: medium
07-04 23:34:53.814  5223  7516 W Summariser:   freeze duration: 1.00
07-04 23:34:53.833  5223  7516 W NearbyFragment: Sending 20200312_193828!000.mp4 to Nexus 5X [34d8]
07-04 23:34:56.298  5223  5223 W NearbyFragment: Completed downloading 20200312_193828!001.mp4 from Endpoint{id=h5xw, name=Nexus 5X [34d8]} in 02.327s
07-04 23:34:56.554  5223  6452 W mobile-ffmpeg: [graph 0 input from stream 0:0 @ 0x7a5881af40] sws_param option is deprecated and ignored
07-04 23:34:58.445  5223  7583 W Summariser: No activity detected
07-04 23:34:58.482  5223  7583 W Summariser: Summarisation completed
07-04 23:34:58.482  5223  7583 W Summariser:   filename: 20200312_193828!001.mp4
07-04 23:34:58.482  5223  7583 W Summariser:   active sections: 0
07-04 23:34:58.482  5223  7583 W Summariser:   time: 02.069s
07-04 23:34:58.482  5223  7583 W Summariser:   original duration: 16.01
07-04 23:34:58.482  5223  7583 W Summariser:   summarised duration: -1.00
07-04 23:34:58.482  5223  7583 W Summariser:   noise tolerance: 45.00
07-04 23:34:58.482  5223  7583 W Summariser:   quality: 23
07-04 23:34:58.482  5223  7583 W Summariser:   speed: medium
07-04 23:34:58.482  5223  7583 W Summariser:   freeze duration: 1.00
07-04 23:35:01.170  5223  5223 W NearbyFragment: Completed downloading 20200312_193828!002.mp4 from Endpoint{id=h5xw, name=Nexus 5X [34d8]} in 02.638s
07-04 23:35:01.388  5223  6452 W mobile-ffmpeg: [graph 0 input from stream 0:0 @ 0x7a5881af40] sws_param option is deprecated and ignored
07-04 23:35:03.295  5223  7613 W Summariser: No activity detected
07-04 23:35:03.332  5223  7613 W Summariser: Summarisation completed
07-04 23:35:03.332  5223  7613 W Summariser:   filename: 20200312_193828!002.mp4
07-04 23:35:03.332  5223  7613 W Summariser:   active sections: 0
07-04 23:35:03.332  5223  7613 W Summariser:   time: 02.044s
07-04 23:35:03.332  5223  7613 W Summariser:   original duration: 16.01
07-04 23:35:03.332  5223  7613 W Summariser:   summarised duration: -1.00
07-04 23:35:03.332  5223  7613 W Summariser:   noise tolerance: 45.00
07-04 23:35:03.332  5223  7613 W Summariser:   quality: 23
07-04 23:35:03.332  5223  7613 W Summariser:   speed: medium
07-04 23:35:03.332  5223  7613 W Summariser:   freeze duration: 1.00
07-04 23:35:04.908  5223  5223 W NearbyFragment: Completed downloading 20200312_193828!003.mp4 from Endpoint{id=h5xw, name=Nexus 5X [34d8]} in 01.530s
07-04 23:35:05.042  5223  6452 W mobile-ffmpeg: [graph 0 input from stream 0:0 @ 0x7a5881af40] sws_param option is deprecated and ignored
07-04 23:35:06.448  5223  7662 W Summariser: No activity detected
07-04 23:35:06.474  5223  7662 W Summariser: Summarisation completed
07-04 23:35:06.474  5223  7662 W Summariser:   filename: 20200312_193828!003.mp4
07-04 23:35:06.474  5223  7662 W Summariser:   active sections: 0
07-04 23:35:06.474  5223  7662 W Summariser:   time: 01.483s
07-04 23:35:06.474  5223  7662 W Summariser:   original duration: 12.01
07-04 23:35:06.474  5223  7662 W Summariser:   summarised duration: -1.00
07-04 23:35:06.474  5223  7662 W Summariser:   noise tolerance: 45.00
07-04 23:35:06.474  5223  7662 W Summariser:   quality: 23
07-04 23:35:06.474  5223  7662 W Summariser:   speed: medium
07-04 23:35:06.474  5223  7662 W Summariser:   freeze duration: 1.00
07-04 23:35:11.328  5223  5223 W NearbyFragment: Completed downloading 20200312_193928!001.mp4 from Endpoint{id=h5xw, name=Nexus 5X [34d8]} in 04.336s
07-04 23:35:11.547  5223  6452 W mobile-ffmpeg: [graph 0 input from stream 0:0 @ 0x7a5881af40] sws_param option is deprecated and ignored
07-04 23:35:13.542  5223  7695 W Summariser: No activity detected
07-04 23:35:13.584  5223  7695 W Summariser: Summarisation completed
07-04 23:35:13.584  5223  7695 W Summariser:   filename: 20200312_193928!001.mp4
07-04 23:35:13.584  5223  7695 W Summariser:   active sections: 0
07-04 23:35:13.584  5223  7695 W Summariser:   time: 02.145s
07-04 23:35:13.584  5223  7695 W Summariser:   original duration: 16.05
07-04 23:35:13.584  5223  7695 W Summariser:   summarised duration: -1.00
07-04 23:35:13.584  5223  7695 W Summariser:   noise tolerance: 45.00
07-04 23:35:13.584  5223  7695 W Summariser:   quality: 23
07-04 23:35:13.584  5223  7695 W Summariser:   speed: medium
07-04 23:35:13.584  5223  7695 W Summariser:   freeze duration: 1.00
07-04 23:35:16.233  5223  5223 W NearbyFragment: Completed downloading 20200312_193928!002.mp4 from Endpoint{id=h5xw, name=Nexus 5X [34d8]} in 02.575s
07-04 23:35:16.450  5223  6452 W mobile-ffmpeg: [graph 0 input from stream 0:0 @ 0x7a5881af40] sws_param option is deprecated and ignored
07-04 23:35:18.281  5223  7731 W Summariser: No activity detected
07-04 23:35:18.308  5223  7731 W Summariser: Summarisation completed
07-04 23:35:18.308  5223  7731 W Summariser:   filename: 20200312_193928!002.mp4
07-04 23:35:18.308  5223  7731 W Summariser:   active sections: 0
07-04 23:35:18.308  5223  7731 W Summariser:   time: 01.958s
07-04 23:35:18.308  5223  7731 W Summariser:   original duration: 16.06
07-04 23:35:18.308  5223  7731 W Summariser:   summarised duration: -1.00
07-04 23:35:18.308  5223  7731 W Summariser:   noise tolerance: 45.00
07-04 23:35:18.308  5223  7731 W Summariser:   quality: 23
07-04 23:35:18.308  5223  7731 W Summariser:   speed: medium
07-04 23:35:18.308  5223  7731 W Summariser:   freeze duration: 1.00
07-04 23:35:34.701  5223  5223 W NearbyFragment: Completed downloading 20200312_194129!000.mp4 from Endpoint{id=h5xw, name=Nexus 5X [34d8]} in 01.845s
07-04 23:35:34.888  5223  6452 W mobile-ffmpeg: [graph 0 input from stream 0:0 @ 0x7a5881af40] sws_param option is deprecated and ignored
07-04 23:35:36.762  5223  7764 W Summariser: No activity detected
07-04 23:35:36.787  5223  7764 W Summariser: Summarisation completed
07-04 23:35:36.787  5223  7764 W Summariser:   filename: 20200312_194129!000.mp4
07-04 23:35:36.787  5223  7764 W Summariser:   active sections: 0
07-04 23:35:36.787  5223  7764 W Summariser:   time: 01.980s
07-04 23:35:36.787  5223  7764 W Summariser:   original duration: 16.07
07-04 23:35:36.787  5223  7764 W Summariser:   summarised duration: -1.00
07-04 23:35:36.787  5223  7764 W Summariser:   noise tolerance: 45.00
07-04 23:35:36.787  5223  7764 W Summariser:   quality: 23
07-04 23:35:36.787  5223  7764 W Summariser:   speed: medium
07-04 23:35:36.787  5223  7764 W Summariser:   freeze duration: 1.00
07-04 23:35:39.385  5223  5223 W NearbyFragment: Completed downloading 20200312_194129!001.mp4 from Endpoint{id=h5xw, name=Nexus 5X [34d8]} in 02.453s
07-04 23:35:39.583  5223  6452 W mobile-ffmpeg: [graph 0 input from stream 0:0 @ 0x7a5881af40] sws_param option is deprecated and ignored
07-04 23:35:41.497  5223  7873 W Summariser: 1 active sections found
07-04 23:35:41.560  5223  6452 W mobile-ffmpeg: [graph 0 input from stream 0:0 @ 0x7a5881ae80] sws_param option is deprecated and ignored
07-04 23:35:45.757  5223  7873 W Summariser: Summarisation completed
07-04 23:35:45.757  5223  7873 W Summariser:   filename: 20200312_194129!001.mp4
07-04 23:35:45.757  5223  7873 W Summariser:   active sections: 1
07-04 23:35:45.757  5223  7873 W Summariser:   time: 06.267s
07-04 23:35:45.757  5223  7873 W Summariser:   original duration: 16.02
07-04 23:35:45.757  5223  7873 W Summariser:   summarised duration: 2.97
07-04 23:35:45.757  5223  7873 W Summariser:   noise tolerance: 45.00
07-04 23:35:45.757  5223  7873 W Summariser:   quality: 23
07-04 23:35:45.757  5223  7873 W Summariser:   speed: medium
07-04 23:35:45.757  5223  7873 W Summariser:   freeze duration: 1.00
07-04 23:35:45.789  5223  7873 W NearbyFragment: Sending 20200312_194129!001.mp4 to Nexus 5X [34d8]
07-04 23:35:48.635  5223  5223 W NearbyFragment: Completed downloading 20200312_194129!002.mp4 from Endpoint{id=h5xw, name=Nexus 5X [34d8]} in 02.778s
07-04 23:35:48.918  5223  6452 W mobile-ffmpeg: [graph 0 input from stream 0:0 @ 0x7a5881af40] sws_param option is deprecated and ignored
07-04 23:35:50.780  5223  7941 W Summariser: 1 active sections found
07-04 23:35:50.844  5223  6452 W mobile-ffmpeg: [graph 0 input from stream 0:0 @ 0x7a5881ae80] sws_param option is deprecated and ignored
07-04 23:35:57.713  5223  7941 W Summariser: Summarisation completed
07-04 23:35:57.713  5223  7941 W Summariser:   filename: 20200312_194129!002.mp4
07-04 23:35:57.713  5223  7941 W Summariser:   active sections: 1
07-04 23:35:57.713  5223  7941 W Summariser:   time: 08.935s
07-04 23:35:57.713  5223  7941 W Summariser:   original duration: 16.01
07-04 23:35:57.713  5223  7941 W Summariser:   summarised duration: 7.37
07-04 23:35:57.713  5223  7941 W Summariser:   noise tolerance: 45.00
07-04 23:35:57.713  5223  7941 W Summariser:   quality: 23
07-04 23:35:57.713  5223  7941 W Summariser:   speed: medium
07-04 23:35:57.713  5223  7941 W Summariser:   freeze duration: 1.00
07-04 23:35:57.741  5223  7941 W NearbyFragment: Sending 20200312_194129!002.mp4 to Nexus 5X [34d8]
07-04 23:36:01.650  5223  5223 W NearbyFragment: Completed downloading 20200312_194229!000.mp4 from Endpoint{id=h5xw, name=Nexus 5X [34d8]} in 03.825s
07-04 23:36:01.933  5223  6452 W mobile-ffmpeg: [graph 0 input from stream 0:0 @ 0x7a5881af40] sws_param option is deprecated and ignored
07-04 23:36:03.899  5223  8008 W Summariser: 1 active sections found
07-04 23:36:03.948  5223  6452 W mobile-ffmpeg: [graph 0 input from stream 0:0 @ 0x7a5881ae80] sws_param option is deprecated and ignored
07-04 23:36:10.368  5223  8008 W Summariser: Summarisation completed
07-04 23:36:10.368  5223  8008 W Summariser:   filename: 20200312_194229!000.mp4
07-04 23:36:10.368  5223  8008 W Summariser:   active sections: 1
07-04 23:36:10.368  5223  8008 W Summariser:   time: 08.594s
07-04 23:36:10.368  5223  8008 W Summariser:   original duration: 16.06
07-04 23:36:10.368  5223  8008 W Summariser:   summarised duration: 5.62
07-04 23:36:10.368  5223  8008 W Summariser:   noise tolerance: 45.00
07-04 23:36:10.368  5223  8008 W Summariser:   quality: 23
07-04 23:36:10.368  5223  8008 W Summariser:   speed: medium
07-04 23:36:10.368  5223  8008 W Summariser:   freeze duration: 1.00
07-04 23:36:10.399  5223  8008 W NearbyFragment: Sending 20200312_194229!000.mp4 to Nexus 5X [34d8]
07-04 23:36:13.073  5223  5223 W NearbyFragment: Completed downloading 20200312_194229!002.mp4 from Endpoint{id=h5xw, name=Nexus 5X [34d8]} in 02.588s
07-04 23:36:13.358  5223  6452 W mobile-ffmpeg: [graph 0 input from stream 0:0 @ 0x7a5881af40] sws_param option is deprecated and ignored
07-04 23:36:15.295  5223  8083 W Summariser: No activity detected
07-04 23:36:15.332  5223  8083 W Summariser: Summarisation completed
07-04 23:36:15.332  5223  8083 W Summariser:   filename: 20200312_194229!002.mp4
07-04 23:36:15.332  5223  8083 W Summariser:   active sections: 0
07-04 23:36:15.332  5223  8083 W Summariser:   time: 02.129s
07-04 23:36:15.332  5223  8083 W Summariser:   original duration: 16.01
07-04 23:36:15.332  5223  8083 W Summariser:   summarised duration: -1.00
07-04 23:36:15.332  5223  8083 W Summariser:   noise tolerance: 45.00
07-04 23:36:15.332  5223  8083 W Summariser:   quality: 23
07-04 23:36:15.332  5223  8083 W Summariser:   speed: medium
07-04 23:36:15.332  5223  8083 W Summariser:   freeze duration: 1.00
07-04 23:36:17.410  5223  5223 W NearbyFragment: Completed downloading 20200312_194229!003.mp4 from Endpoint{id=h5xw, name=Nexus 5X [34d8]} in 02.022s
07-04 23:36:17.614  5223  5249 W System  : A resource failed to call close. 
07-04 23:36:17.619  5223  5249 W System  : A resource failed to call close. 
07-04 23:36:17.620  5223  6452 W mobile-ffmpeg: [graph 0 input from stream 0:0 @ 0x7a5881af40] sws_param option is deprecated and ignored
07-04 23:36:17.620  5223  5249 W System  : A resource failed to call close. 
07-04 23:36:17.656  5223  5249 W System  : A resource failed to call close. 
07-04 23:36:19.072  5223  8110 W Summariser: No activity detected
07-04 23:36:19.097  5223  8110 W Summariser: Summarisation completed
07-04 23:36:19.097  5223  8110 W Summariser:   filename: 20200312_194229!003.mp4
07-04 23:36:19.097  5223  8110 W Summariser:   active sections: 0
07-04 23:36:19.097  5223  8110 W Summariser:   time: 01.591s
07-04 23:36:19.097  5223  8110 W Summariser:   original duration: 11.98
07-04 23:36:19.097  5223  8110 W Summariser:   summarised duration: -1.00
07-04 23:36:19.097  5223  8110 W Summariser:   noise tolerance: 45.00
07-04 23:36:19.097  5223  8110 W Summariser:   quality: 23
07-04 23:36:19.097  5223  8110 W Summariser:   speed: medium
07-04 23:36:19.097  5223  8110 W Summariser:   freeze duration: 1.00
07-04 23:36:24.219  5223  5223 W NearbyFragment: Completed downloading 20200312_194330!000.mp4 from Endpoint{id=h5xw, name=Nexus 5X [34d8]} in 01.901s
07-04 23:36:24.410  5223  6452 W mobile-ffmpeg: [graph 0 input from stream 0:0 @ 0x7a5881adc0] sws_param option is deprecated and ignored
07-04 23:36:26.360  5223  8141 W Summariser: No activity detected
07-04 23:36:26.385  5223  8141 W Summariser: Summarisation completed
07-04 23:36:26.385  5223  8141 W Summariser:   filename: 20200312_194330!000.mp4
07-04 23:36:26.385  5223  8141 W Summariser:   active sections: 0
07-04 23:36:26.385  5223  8141 W Summariser:   time: 02.075s
07-04 23:36:26.385  5223  8141 W Summariser:   original duration: 16.07
07-04 23:36:26.385  5223  8141 W Summariser:   summarised duration: -1.00
07-04 23:36:26.385  5223  8141 W Summariser:   noise tolerance: 45.00
07-04 23:36:26.385  5223  8141 W Summariser:   quality: 23
07-04 23:36:26.385  5223  8141 W Summariser:   speed: medium
07-04 23:36:26.385  5223  8141 W Summariser:   freeze duration: 1.00
07-04 23:36:28.256  5223  5254 W example.edgesu: JNI critical lock held for 18.171ms on Thread[10,tid=5254,Runnable,Thread*=0x7a6afac400,peer=0x14fc03b8,"Binder:5223_2"]
07-04 23:36:29.456  5223  5223 W NearbyFragment: Completed downloading 20200312_194330!001.mp4 from Endpoint{id=h5xw, name=Nexus 5X [34d8]} in 03.003s
07-04 23:36:29.674  5223  6452 W mobile-ffmpeg: [graph 0 input from stream 0:0 @ 0x7a5881adc0] sws_param option is deprecated and ignored
07-04 23:36:31.586  5223  8170 W Summariser: No activity detected
07-04 23:36:31.623  5223  8170 W Summariser: Summarisation completed
07-04 23:36:31.623  5223  8170 W Summariser:   filename: 20200312_194330!001.mp4
07-04 23:36:31.623  5223  8170 W Summariser:   active sections: 0
07-04 23:36:31.623  5223  8170 W Summariser:   time: 02.059s
07-04 23:36:31.623  5223  8170 W Summariser:   original duration: 16.01
07-04 23:36:31.623  5223  8170 W Summariser:   summarised duration: -1.00
07-04 23:36:31.623  5223  8170 W Summariser:   noise tolerance: 45.00
07-04 23:36:31.623  5223  8170 W Summariser:   quality: 23
07-04 23:36:31.623  5223  8170 W Summariser:   speed: medium
07-04 23:36:31.623  5223  8170 W Summariser:   freeze duration: 1.00
07-04 23:36:33.985  5223  5223 W NearbyFragment: Completed downloading 20200312_194330!002.mp4 from Endpoint{id=h5xw, name=Nexus 5X [34d8]} in 02.164s
07-04 23:36:34.161  5223  6452 W mobile-ffmpeg: [graph 0 input from stream 0:0 @ 0x7a5881adc0] sws_param option is deprecated and ignored
07-04 23:36:35.997  5223  8197 W Summariser: No activity detected
07-04 23:36:36.035  5223  8197 W Summariser: Summarisation completed
07-04 23:36:36.035  5223  8197 W Summariser:   filename: 20200312_194330!002.mp4
07-04 23:36:36.035  5223  8197 W Summariser:   active sections: 0
07-04 23:36:36.035  5223  8197 W Summariser:   time: 01.962s
07-04 23:36:36.035  5223  8197 W Summariser:   original duration: 16.01
07-04 23:36:36.035  5223  8197 W Summariser:   summarised duration: -1.00
07-04 23:36:36.035  5223  8197 W Summariser:   noise tolerance: 45.00
07-04 23:36:36.035  5223  8197 W Summariser:   quality: 23
07-04 23:36:36.035  5223  8197 W Summariser:   speed: medium
07-04 23:36:36.035  5223  8197 W Summariser:   freeze duration: 1.00
07-04 23:36:38.345  5223  5223 W NearbyFragment: Completed downloading 20200312_194330!003.mp4 from Endpoint{id=h5xw, name=Nexus 5X [34d8]} in 02.224s
07-04 23:36:38.563  5223  6452 W mobile-ffmpeg: [graph 0 input from stream 0:0 @ 0x7a5881adc0] sws_param option is deprecated and ignored
07-04 23:36:39.949  5223  8225 W Summariser: No activity detected
07-04 23:36:39.976  5223  8225 W Summariser: Summarisation completed
07-04 23:36:39.976  5223  8225 W Summariser:   filename: 20200312_194330!003.mp4
07-04 23:36:39.976  5223  8225 W Summariser:   active sections: 0
07-04 23:36:39.976  5223  8225 W Summariser:   time: 01.521s
07-04 23:36:39.976  5223  8225 W Summariser:   original duration: 12.01
07-04 23:36:39.976  5223  8225 W Summariser:   summarised duration: -1.00
07-04 23:36:39.976  5223  8225 W Summariser:   noise tolerance: 45.00
07-04 23:36:39.976  5223  8225 W Summariser:   quality: 23
07-04 23:36:39.976  5223  8225 W Summariser:   speed: medium
07-04 23:36:39.976  5223  8225 W Summariser:   freeze duration: 1.00
07-04 23:36:47.047  5223  5223 W NearbyFragment: Completed downloading 20200312_194730!000.mp4 from Endpoint{id=h5xw, name=Nexus 5X [34d8]} in 02.308s
07-04 23:36:47.224  5223  6452 W mobile-ffmpeg: [graph 0 input from stream 0:0 @ 0x7a5881adc0] sws_param option is deprecated and ignored
07-04 23:36:49.206  5223  8278 W Summariser: No activity detected
07-04 23:36:49.232  5223  8278 W Summariser: Summarisation completed
07-04 23:36:49.232  5223  8278 W Summariser:   filename: 20200312_194730!000.mp4
07-04 23:36:49.232  5223  8278 W Summariser:   active sections: 0
07-04 23:36:49.232  5223  8278 W Summariser:   time: 02.092s
07-04 23:36:49.232  5223  8278 W Summariser:   original duration: 16.07
07-04 23:36:49.232  5223  8278 W Summariser:   summarised duration: -1.00
07-04 23:36:49.232  5223  8278 W Summariser:   noise tolerance: 45.00
07-04 23:36:49.232  5223  8278 W Summariser:   quality: 23
07-04 23:36:49.232  5223  8278 W Summariser:   speed: medium
07-04 23:36:49.232  5223  8278 W Summariser:   freeze duration: 1.00
07-04 23:36:51.308  5223  5223 W NearbyFragment: Completed downloading 20200312_194730!001.mp4 from Endpoint{id=h5xw, name=Nexus 5X [34d8]} in 01.980s
07-04 23:36:51.523  5223  6452 W mobile-ffmpeg: [graph 0 input from stream 0:0 @ 0x7a5881adc0] sws_param option is deprecated and ignored
07-04 23:36:53.460  5223  8306 W Summariser: No activity detected
07-04 23:36:53.496  5223  8306 W Summariser: Summarisation completed
07-04 23:36:53.496  5223  8306 W Summariser:   filename: 20200312_194730!001.mp4
07-04 23:36:53.496  5223  8306 W Summariser:   active sections: 0
07-04 23:36:53.496  5223  8306 W Summariser:   time: 02.074s
07-04 23:36:53.496  5223  8306 W Summariser:   original duration: 16.02
07-04 23:36:53.496  5223  8306 W Summariser:   summarised duration: -1.00
07-04 23:36:53.496  5223  8306 W Summariser:   noise tolerance: 45.00
07-04 23:36:53.496  5223  8306 W Summariser:   quality: 23
07-04 23:36:53.496  5223  8306 W Summariser:   speed: medium
07-04 23:36:53.496  5223  8306 W Summariser:   freeze duration: 1.00
07-04 23:36:55.916  5223  5223 W NearbyFragment: Completed downloading 20200312_194730!002.mp4 from Endpoint{id=h5xw, name=Nexus 5X [34d8]} in 02.362s
07-04 23:36:56.076  5223  6452 W mobile-ffmpeg: [graph 0 input from stream 0:0 @ 0x7a5881adc0] sws_param option is deprecated and ignored
07-04 23:36:58.037  5223  8333 W Summariser: No activity detected
07-04 23:36:58.073  5223  8333 W Summariser: Summarisation completed
07-04 23:36:58.073  5223  8333 W Summariser:   filename: 20200312_194730!002.mp4
07-04 23:36:58.073  5223  8333 W Summariser:   active sections: 0
07-04 23:36:58.073  5223  8333 W Summariser:   time: 02.073s
07-04 23:36:58.073  5223  8333 W Summariser:   original duration: 16.01
07-04 23:36:58.073  5223  8333 W Summariser:   summarised duration: -1.00
07-04 23:36:58.073  5223  8333 W Summariser:   noise tolerance: 45.00
07-04 23:36:58.073  5223  8333 W Summariser:   quality: 23
07-04 23:36:58.073  5223  8333 W Summariser:   speed: medium
07-04 23:36:58.073  5223  8333 W Summariser:   freeze duration: 1.00
07-04 23:37:00.050  5223  5223 W NearbyFragment: Completed downloading 20200312_194730!003.mp4 from Endpoint{id=h5xw, name=Nexus 5X [34d8]} in 01.871s
07-04 23:37:00.196  5223  6452 W mobile-ffmpeg: [graph 0 input from stream 0:0 @ 0x7a5881adc0] sws_param option is deprecated and ignored
07-04 23:37:01.662  5223  8364 W Summariser: No activity detected
07-04 23:37:01.687  5223  8364 W Summariser: Summarisation completed
07-04 23:37:01.687  5223  8364 W Summariser:   filename: 20200312_194730!003.mp4
07-04 23:37:01.687  5223  8364 W Summariser:   active sections: 0
07-04 23:37:01.687  5223  8364 W Summariser:   time: 01.567s
07-04 23:37:01.687  5223  8364 W Summariser:   original duration: 12.03
07-04 23:37:01.687  5223  8364 W Summariser:   summarised duration: -1.00
07-04 23:37:01.687  5223  8364 W Summariser:   noise tolerance: 45.00
07-04 23:37:01.687  5223  8364 W Summariser:   quality: 23
07-04 23:37:01.687  5223  8364 W Summariser:   speed: medium
07-04 23:37:01.687  5223  8364 W Summariser:   freeze duration: 1.00
07-04 23:37:08.886  5223  5223 W NearbyFragment: Completed downloading 20200312_194830!000.mp4 from Endpoint{id=h5xw, name=Nexus 5X [34d8]} in 01.905s
07-04 23:37:09.066  5223  6452 W mobile-ffmpeg: [graph 0 input from stream 0:0 @ 0x7a5881adc0] sws_param option is deprecated and ignored
07-04 23:37:11.018  5223  8391 W Summariser: 1 active sections found
07-04 23:37:11.097  5223  6452 W mobile-ffmpeg: [graph 0 input from stream 0:0 @ 0x7a5881aa00] sws_param option is deprecated and ignored
07-04 23:37:16.038  5223  8391 W Summariser: Summarisation completed
07-04 23:37:16.038  5223  8391 W Summariser:   filename: 20200312_194830!000.mp4
07-04 23:37:16.038  5223  8391 W Summariser:   active sections: 1
07-04 23:37:16.038  5223  8391 W Summariser:   time: 07.035s
07-04 23:37:16.038  5223  8391 W Summariser:   original duration: 16.06
07-04 23:37:16.038  5223  8391 W Summariser:   summarised duration: 3.97
07-04 23:37:16.038  5223  8391 W Summariser:   noise tolerance: 45.00
07-04 23:37:16.038  5223  8391 W Summariser:   quality: 23
07-04 23:37:16.038  5223  8391 W Summariser:   speed: medium
07-04 23:37:16.038  5223  8391 W Summariser:   freeze duration: 1.00
07-04 23:37:16.054  5223  8391 W NearbyFragment: Sending 20200312_194830!000.mp4 to Nexus 5X [34d8]
07-04 23:37:18.672  5223  5223 W NearbyFragment: Completed downloading 20200312_194830!001.mp4 from Endpoint{id=h5xw, name=Nexus 5X [34d8]} in 02.552s
07-04 23:37:18.929  5223  6452 W mobile-ffmpeg: [graph 0 input from stream 0:0 @ 0x7a5881adc0] sws_param option is deprecated and ignored
07-04 23:37:21.052  5223  8456 W Summariser: 2 active sections found
07-04 23:37:21.111  5223  6452 W mobile-ffmpeg: [graph 0 input from stream 0:0 @ 0x7a5881adc0] sws_param option is deprecated and ignored
07-04 23:37:21.112  5223  6452 W mobile-ffmpeg: [graph 0 input from stream 0:0 @ 0x7a3a1e6180] sws_param option is deprecated and ignored
07-04 23:37:29.317  5223  8456 W Summariser: Summarisation completed
07-04 23:37:29.317  5223  8456 W Summariser:   filename: 20200312_194830!001.mp4
07-04 23:37:29.317  5223  8456 W Summariser:   active sections: 2
07-04 23:37:29.317  5223  8456 W Summariser:   time: 10.518s
07-04 23:37:29.317  5223  8456 W Summariser:   original duration: 16.01
07-04 23:37:29.317  5223  8456 W Summariser:   summarised duration: 8.10
07-04 23:37:29.317  5223  8456 W Summariser:   noise tolerance: 45.00
07-04 23:37:29.317  5223  8456 W Summariser:   quality: 23
07-04 23:37:29.317  5223  8456 W Summariser:   speed: medium
07-04 23:37:29.317  5223  8456 W Summariser:   freeze duration: 1.00
07-04 23:37:29.348  5223  8456 W NearbyFragment: Sending 20200312_194830!001.mp4 to Nexus 5X [34d8]
07-04 23:37:32.363  5223  5223 W NearbyFragment: Completed downloading 20200312_194830!003.mp4 from Endpoint{id=h5xw, name=Nexus 5X [34d8]} in 02.954s
07-04 23:37:32.581  5223  6452 W mobile-ffmpeg: [graph 0 input from stream 0:0 @ 0x7a5881a580] sws_param option is deprecated and ignored
07-04 23:37:33.944  5223  8521 W Summariser: No activity detected
07-04 23:37:33.970  5223  8521 W Summariser: Summarisation completed
07-04 23:37:33.970  5223  8521 W Summariser:   filename: 20200312_194830!003.mp4
07-04 23:37:33.970  5223  8521 W Summariser:   active sections: 0
07-04 23:37:33.970  5223  8521 W Summariser:   time: 01.525s
07-04 23:37:33.970  5223  8521 W Summariser:   original duration: 11.98
07-04 23:37:33.970  5223  8521 W Summariser:   summarised duration: -1.00
07-04 23:37:33.970  5223  8521 W Summariser:   noise tolerance: 45.00
07-04 23:37:33.970  5223  8521 W Summariser:   quality: 23
07-04 23:37:33.970  5223  8521 W Summariser:   speed: medium
07-04 23:37:33.970  5223  8521 W Summariser:   freeze duration: 1.00
07-04 23:37:36.267  5223  5223 W NearbyFragment: Completed downloading 20200312_194930!000.mp4 from Endpoint{id=h5xw, name=Nexus 5X [34d8]} in 02.174s
07-04 23:37:36.461  5223  6452 W mobile-ffmpeg: [graph 0 input from stream 0:0 @ 0x7a5881a580] sws_param option is deprecated and ignored
07-04 23:37:38.454  5223  8548 W Summariser: 1 active sections found
07-04 23:37:38.501  5223  6452 W mobile-ffmpeg: [graph 0 input from stream 0:0 @ 0x7a5881a4c0] sws_param option is deprecated and ignored
07-04 23:37:47.865  5223  8548 W Summariser: Summarisation completed
07-04 23:37:47.865  5223  8548 W Summariser:   filename: 20200312_194930!000.mp4
07-04 23:37:47.865  5223  8548 W Summariser:   active sections: 1
07-04 23:37:47.865  5223  8548 W Summariser:   time: 11.474s
07-04 23:37:47.865  5223  8548 W Summariser:   original duration: 16.07
07-04 23:37:47.865  5223  8548 W Summariser:   summarised duration: 9.36
07-04 23:37:47.865  5223  8548 W Summariser:   noise tolerance: 45.00
07-04 23:37:47.865  5223  8548 W Summariser:   quality: 23
07-04 23:37:47.865  5223  8548 W Summariser:   speed: medium
07-04 23:37:47.865  5223  8548 W Summariser:   freeze duration: 1.00
07-04 23:37:47.879  5223  8548 W NearbyFragment: Sending 20200312_194930!000.mp4 to Nexus 5X [34d8]
07-04 23:37:50.206  5223  5223 W NearbyFragment: Completed downloading 20200312_194930!001.mp4 from Endpoint{id=h5xw, name=Nexus 5X [34d8]} in 02.248s
07-04 23:37:50.480  5223  6452 W mobile-ffmpeg: [graph 0 input from stream 0:0 @ 0x7a5881a580] sws_param option is deprecated and ignored
07-04 23:37:52.353  5223  8614 W Summariser: 1 active sections found
07-04 23:37:52.414  5223  6452 W mobile-ffmpeg: [graph 0 input from stream 0:0 @ 0x7a5881a4c0] sws_param option is deprecated and ignored
07-04 23:37:54.355  5223  8614 W Summariser: Summarisation completed
07-04 23:37:54.355  5223  8614 W Summariser:   filename: 20200312_194930!001.mp4
07-04 23:37:54.355  5223  8614 W Summariser:   active sections: 1
07-04 23:37:54.355  5223  8614 W Summariser:   time: 04.025s
07-04 23:37:54.355  5223  8614 W Summariser:   original duration: 16.01
07-04 23:37:54.355  5223  8614 W Summariser:   summarised duration: 2.02
07-04 23:37:54.355  5223  8614 W Summariser:   noise tolerance: 45.00
07-04 23:37:54.355  5223  8614 W Summariser:   quality: 23
07-04 23:37:54.355  5223  8614 W Summariser:   speed: medium
07-04 23:37:54.355  5223  8614 W Summariser:   freeze duration: 1.00
07-04 23:37:54.369  5223  8614 W NearbyFragment: Sending 20200312_194930!001.mp4 to Nexus 5X [34d8]
07-04 23:37:58.329  5223  5223 W NearbyFragment: Completed downloading 20200312_194930!003.mp4 from Endpoint{id=h5xw, name=Nexus 5X [34d8]} in 03.885s
07-04 23:37:58.581  5223  6452 W mobile-ffmpeg: [graph 0 input from stream 0:0 @ 0x7a5881a580] sws_param option is deprecated and ignored
07-04 23:38:00.101  5223  8681 W Summariser: 1 active sections found
07-04 23:38:00.145  5223  6452 W mobile-ffmpeg: [graph 0 input from stream 0:0 @ 0x7a5881a4c0] sws_param option is deprecated and ignored
07-04 23:38:10.746  5223  8681 W Summariser: Summarisation completed
07-04 23:38:10.746  5223  8681 W Summariser:   filename: 20200312_194930!003.mp4
07-04 23:38:10.746  5223  8681 W Summariser:   active sections: 1
07-04 23:38:10.746  5223  8681 W Summariser:   time: 12.303s
07-04 23:38:10.746  5223  8681 W Summariser:   original duration: 12.01
07-04 23:38:10.746  5223  8681 W Summariser:   summarised duration: 10.95
07-04 23:38:10.746  5223  8681 W Summariser:   noise tolerance: 45.00
07-04 23:38:10.746  5223  8681 W Summariser:   quality: 23
07-04 23:38:10.746  5223  8681 W Summariser:   speed: medium
07-04 23:38:10.746  5223  8681 W Summariser:   freeze duration: 1.00
07-04 23:38:10.772  5223  8681 W NearbyFragment: Sending 20200312_194930!003.mp4 to Nexus 5X [34d8]
07-04 23:38:13.036  5223  5223 W NearbyFragment: Completed downloading 20200312_195230!003.mp4 from Endpoint{id=h5xw, name=Nexus 5X [34d8]} in 02.039s
07-04 23:38:13.146  5223  6452 W mobile-ffmpeg: [graph 0 input from stream 0:0 @ 0x7a5881a580] sws_param option is deprecated and ignored
07-04 23:38:14.619  5223  8750 W Summariser: No activity detected
07-04 23:38:14.644  5223  8750 W Summariser: Summarisation completed
07-04 23:38:14.644  5223  8750 W Summariser:   filename: 20200312_195230!003.mp4
07-04 23:38:14.644  5223  8750 W Summariser:   active sections: 0
07-04 23:38:14.644  5223  8750 W Summariser:   time: 01.556s
07-04 23:38:14.644  5223  8750 W Summariser:   original duration: 12.01
07-04 23:38:14.644  5223  8750 W Summariser:   summarised duration: -1.00
07-04 23:38:14.644  5223  8750 W Summariser:   noise tolerance: 45.00
07-04 23:38:14.644  5223  8750 W Summariser:   quality: 23
07-04 23:38:14.644  5223  8750 W Summariser:   speed: medium
07-04 23:38:14.644  5223  8750 W Summariser:   freeze duration: 1.00
07-04 23:38:24.809  5223  5223 W NearbyFragment: Completed downloading 20200312_195330!000.mp4 from Endpoint{id=h5xw, name=Nexus 5X [34d8]} in 02.072s
07-04 23:38:25.000  5223  6452 W mobile-ffmpeg: [graph 0 input from stream 0:0 @ 0x7a5881a580] sws_param option is deprecated and ignored
07-04 23:38:26.915  5223  8781 W Summariser: 1 active sections found
07-04 23:38:26.981  5223  6452 W mobile-ffmpeg: [graph 0 input from stream 0:0 @ 0x7a5881a4c0] sws_param option is deprecated and ignored
07-04 23:38:29.575  5223  8781 W Summariser: Summarisation completed
07-04 23:38:29.575  5223  8781 W Summariser:   filename: 20200312_195330!000.mp4
07-04 23:38:29.575  5223  8781 W Summariser:   active sections: 1
07-04 23:38:29.575  5223  8781 W Summariser:   time: 04.662s
07-04 23:38:29.575  5223  8781 W Summariser:   original duration: 16.07
07-04 23:38:29.575  5223  8781 W Summariser:   summarised duration: 1.11
07-04 23:38:29.575  5223  8781 W Summariser:   noise tolerance: 45.00
07-04 23:38:29.575  5223  8781 W Summariser:   quality: 23
07-04 23:38:29.575  5223  8781 W Summariser:   speed: medium
07-04 23:38:29.575  5223  8781 W Summariser:   freeze duration: 1.00
07-04 23:38:29.589  5223  8781 W NearbyFragment: Sending 20200312_195330!000.mp4 to Nexus 5X [34d8]
07-04 23:38:32.300  5223  5223 W NearbyFragment: Completed downloading 20200312_195330!001.mp4 from Endpoint{id=h5xw, name=Nexus 5X [34d8]} in 02.636s
07-04 23:38:32.534  5223  6452 W mobile-ffmpeg: [graph 0 input from stream 0:0 @ 0x7a5881a580] sws_param option is deprecated and ignored
07-04 23:38:34.494  5223  8844 W Summariser: 2 active sections found
07-04 23:38:34.554  5223  6452 W mobile-ffmpeg: [graph 0 input from stream 0:0 @ 0x7a5881adc0] sws_param option is deprecated and ignored
07-04 23:38:34.554  5223  6452 W mobile-ffmpeg: [graph 0 input from stream 0:0 @ 0x7a5881af40] sws_param option is deprecated and ignored
07-04 23:38:44.989  5223  8844 W Summariser: Summarisation completed
07-04 23:38:44.989  5223  8844 W Summariser:   filename: 20200312_195330!001.mp4
07-04 23:38:44.989  5223  8844 W Summariser:   active sections: 2
07-04 23:38:44.989  5223  8844 W Summariser:   time: 12.571s
07-04 23:38:44.989  5223  8844 W Summariser:   original duration: 16.02
07-04 23:38:44.989  5223  8844 W Summariser:   summarised duration: 10.91
07-04 23:38:44.989  5223  8844 W Summariser:   noise tolerance: 45.00
07-04 23:38:44.989  5223  8844 W Summariser:   quality: 23
07-04 23:38:44.989  5223  8844 W Summariser:   speed: medium
07-04 23:38:44.989  5223  8844 W Summariser:   freeze duration: 1.00
07-04 23:38:45.016  5223  8844 W NearbyFragment: Sending 20200312_195330!001.mp4 to Nexus 5X [34d8]
07-04 23:38:47.177  5223  5223 W NearbyFragment: Completed downloading 20200312_195330!003.mp4 from Endpoint{id=h5xw, name=Nexus 5X [34d8]} in 02.101s
07-04 23:38:47.439  5223  6452 W mobile-ffmpeg: [graph 0 input from stream 0:0 @ 0x7a5881a580] sws_param option is deprecated and ignored
07-04 23:38:48.874  5223  8910 W Summariser: 1 active sections found
07-04 23:38:48.923  5223  6452 W mobile-ffmpeg: [graph 0 input from stream 0:0 @ 0x7a5881a4c0] sws_param option is deprecated and ignored
07-04 23:38:52.554  5223  8910 W Summariser: Summarisation completed
07-04 23:38:52.554  5223  8910 W Summariser:   filename: 20200312_195330!003.mp4
07-04 23:38:52.554  5223  8910 W Summariser:   active sections: 1
07-04 23:38:52.554  5223  8910 W Summariser:   time: 05.257s
07-04 23:38:52.554  5223  8910 W Summariser:   original duration: 12.03
07-04 23:38:52.554  5223  8910 W Summariser:   summarised duration: 3.53
07-04 23:38:52.554  5223  8910 W Summariser:   noise tolerance: 45.00
07-04 23:38:52.554  5223  8910 W Summariser:   quality: 23
07-04 23:38:52.554  5223  8910 W Summariser:   speed: medium
07-04 23:38:52.554  5223  8910 W Summariser:   freeze duration: 1.00
07-04 23:38:52.568  5223  8910 W NearbyFragment: Sending 20200312_195330!003.mp4 to Nexus 5X [34d8]
07-04 23:38:55.303  5223  5223 W NearbyFragment: Completed downloading 20200312_195430!001.mp4 from Endpoint{id=h5xw, name=Nexus 5X [34d8]} in 02.524s
07-04 23:38:55.577  5223  6452 W mobile-ffmpeg: [graph 0 input from stream 0:0 @ 0x7a5881a580] sws_param option is deprecated and ignored
07-04 23:38:57.476  5223  8977 W Summariser: 2 active sections found
07-04 23:38:57.521  5223  5249 W System  : A resource failed to call close. 
07-04 23:38:57.536  5223  5249 W System  : A resource failed to call close. 
07-04 23:38:57.537  5223  6452 W mobile-ffmpeg: [graph 0 input from stream 0:0 @ 0x7a5881a580] sws_param option is deprecated and ignored
07-04 23:38:57.537  5223  6452 W mobile-ffmpeg: [graph 0 input from stream 0:0 @ 0x7a5881af40] sws_param option is deprecated and ignored
07-04 23:38:57.537  5223  5249 W System  : A resource failed to call close. 
07-04 23:38:57.560  5223  5249 W System  : A resource failed to call close. 
07-04 23:39:03.488  5223  8977 W Summariser: Summarisation completed
07-04 23:39:03.488  5223  8977 W Summariser:   filename: 20200312_195430!001.mp4
07-04 23:39:03.488  5223  8977 W Summariser:   active sections: 2
07-04 23:39:03.488  5223  8977 W Summariser:   time: 08.051s
07-04 23:39:03.488  5223  8977 W Summariser:   original duration: 16.01
07-04 23:39:03.488  5223  8977 W Summariser:   summarised duration: 5.90
07-04 23:39:03.488  5223  8977 W Summariser:   noise tolerance: 45.00
07-04 23:39:03.488  5223  8977 W Summariser:   quality: 23
07-04 23:39:03.488  5223  8977 W Summariser:   speed: medium
07-04 23:39:03.488  5223  8977 W Summariser:   freeze duration: 1.00
07-04 23:39:03.520  5223  8977 W NearbyFragment: Sending 20200312_195430!001.mp4 to Nexus 5X [34d8]
07-04 23:39:05.486  5223  5223 W NearbyFragment: Completed downloading 20200312_195430!002.mp4 from Endpoint{id=h5xw, name=Nexus 5X [34d8]} in 01.753s
07-04 23:39:05.763  5223  6452 W mobile-ffmpeg: [graph 0 input from stream 0:0 @ 0x7a5881a580] sws_param option is deprecated and ignored
07-04 23:39:07.693  5223  9091 W Summariser: 2 active sections found
07-04 23:39:07.751  5223  6452 W mobile-ffmpeg: [graph 0 input from stream 0:0 @ 0x7a5881adc0] sws_param option is deprecated and ignored
07-04 23:39:07.751  5223  6452 W mobile-ffmpeg: [graph 0 input from stream 0:0 @ 0x7a5881af40] sws_param option is deprecated and ignored
07-04 23:39:13.346  5223  9091 W Summariser: Summarisation completed
07-04 23:39:13.346  5223  9091 W Summariser:   filename: 20200312_195430!002.mp4
07-04 23:39:13.346  5223  9091 W Summariser:   active sections: 2
07-04 23:39:13.346  5223  9091 W Summariser:   time: 07.692s
07-04 23:39:13.346  5223  9091 W Summariser:   original duration: 16.01
07-04 23:39:13.346  5223  9091 W Summariser:   summarised duration: 6.17
07-04 23:39:13.346  5223  9091 W Summariser:   noise tolerance: 45.00
07-04 23:39:13.346  5223  9091 W Summariser:   quality: 23
07-04 23:39:13.346  5223  9091 W Summariser:   speed: medium
07-04 23:39:13.346  5223  9091 W Summariser:   freeze duration: 1.00
07-04 23:39:13.362  5223  9091 W NearbyFragment: Sending 20200312_195430!002.mp4 to Nexus 5X [34d8]
