--------- beginning of main
--------- beginning of system
06-28 21:54:56.983  6828  6828 W LogFactory: Truncating log tag length as it exceed 23, the limit imposed by Android on certain API Levels
06-28 21:55:01.740  6828  6828 E TransferService: No notification is passed in the intent. Unable to transition to foreground.
06-28 21:55:01.854  6828  6828 W StaticLayout: maxLineHeight should not be -1.  maxLines:1 lineCount:1
06-28 21:55:01.887  6828  6828 W StaticLayout: maxLineHeight should not be -1.  maxLines:1 lineCount:1
06-28 21:55:01.922  6828  6907 W Adreno-EGL: <qeglDrvAPI_eglGetConfigAttrib:607>: EGL_BAD_ATTRIBUTE
06-28 21:55:01.925  6828  6907 W Adreno-EGL: <qeglDrvAPI_eglGetConfigAttrib:607>: EGL_BAD_ATTRIBUTE
06-28 21:55:01.934  6828  6828 W StaticLayout: maxLineHeight should not be -1.  maxLines:1 lineCount:1
06-28 21:55:01.946  6828  6828 W StaticLayout: maxLineHeight should not be -1.  maxLines:1 lineCount:1
06-28 21:55:23.019  6828  6907 W Adreno-EGL: <qeglDrvAPI_eglGetConfigAttrib:607>: EGL_BAD_ATTRIBUTE
06-28 21:55:35.926  6828  6907 W Adreno-EGL: <qeglDrvAPI_eglGetConfigAttrib:607>: EGL_BAD_ATTRIBUTE
06-28 21:57:59.252  6828  6828 W NearbyFragment: Completed downloading 20200312_151044!000.mp4 from Endpoint{id=WHRz, name=Nexus 5X [34d8]} in 03.146s
06-28 21:58:04.483  6828  7314 W Summariser: No activity detected
06-28 21:58:04.578  6828  7314 W Summariser: Summarisation completed
06-28 21:58:04.578  6828  7314 W Summariser:   filename: 20200312_151044!000.mp4
06-28 21:58:04.578  6828  7314 W Summariser:   active sections: 0
06-28 21:58:04.578  6828  7314 W Summariser:   time: 05.163s
06-28 21:58:04.578  6828  7314 W Summariser:   original duration: 16.07
06-28 21:58:04.578  6828  7314 W Summariser:   noise tolerance: 45.00
06-28 21:58:04.578  6828  7314 W Summariser:   quality: 23
06-28 21:58:04.578  6828  7314 W Summariser:   speed: medium
06-28 21:58:04.578  6828  7314 W Summariser:   freeze duration: 1.00
06-28 21:58:08.559  6828  6828 W NearbyFragment: Completed downloading 20200312_151044!003.mp4 from Endpoint{id=WHRz, name=Nexus 5X [34d8]} in 03.922s
06-28 21:58:13.182  6828  7362 W Summariser: No activity detected
06-28 21:58:13.261  6828  7362 W Summariser: Summarisation completed
06-28 21:58:13.261  6828  7362 W Summariser:   filename: 20200312_151044!003.mp4
06-28 21:58:13.261  6828  7362 W Summariser:   active sections: 0
06-28 21:58:13.261  6828  7362 W Summariser:   time: 04.576s
06-28 21:58:13.261  6828  7362 W Summariser:   original duration: 12.03
06-28 21:58:13.261  6828  7362 W Summariser:   noise tolerance: 45.00
06-28 21:58:13.261  6828  7362 W Summariser:   quality: 23
06-28 21:58:13.261  6828  7362 W Summariser:   speed: medium
06-28 21:58:13.261  6828  7362 W Summariser:   freeze duration: 1.00
06-28 22:00:09.361  6828  6828 W NearbyFragment: Completed downloading 20200312_193828!002.mp4 from Endpoint{id=WHRz, name=Nexus 5X [34d8]} in 02.981s
06-28 22:00:14.511  6828  7428 W Summariser: No activity detected
06-28 22:00:14.597  6828  7428 W Summariser: Summarisation completed
06-28 22:00:14.597  6828  7428 W Summariser:   filename: 20200312_193828!002.mp4
06-28 22:00:14.597  6828  7428 W Summariser:   active sections: 0
06-28 22:00:14.597  6828  7428 W Summariser:   time: 05.087s
06-28 22:00:14.597  6828  7428 W Summariser:   original duration: 16.01
06-28 22:00:14.597  6828  7428 W Summariser:   noise tolerance: 45.00
06-28 22:00:14.597  6828  7428 W Summariser:   quality: 23
06-28 22:00:14.597  6828  7428 W Summariser:   speed: medium
06-28 22:00:14.597  6828  7428 W Summariser:   freeze duration: 1.00
06-28 22:00:19.090  6828  6828 W NearbyFragment: Completed downloading 20200312_193928!001.mp4 from Endpoint{id=WHRz, name=Nexus 5X [34d8]} in 03.724s
06-28 22:00:24.993  6828  7464 W Summariser: No activity detected
06-28 22:00:25.098  6828  7464 W Summariser: Summarisation completed
06-28 22:00:25.098  6828  7464 W Summariser:   filename: 20200312_193928!001.mp4
06-28 22:00:25.098  6828  7464 W Summariser:   active sections: 0
06-28 22:00:25.098  6828  7464 W Summariser:   time: 05.861s
06-28 22:00:25.098  6828  7464 W Summariser:   original duration: 16.05
06-28 22:00:25.098  6828  7464 W Summariser:   noise tolerance: 45.00
06-28 22:00:25.098  6828  7464 W Summariser:   quality: 23
06-28 22:00:25.098  6828  7464 W Summariser:   speed: medium
06-28 22:00:25.098  6828  7464 W Summariser:   freeze duration: 1.00
06-28 22:01:09.827  6828  6828 W NearbyFragment: Completed downloading 20200312_194129!003.mp4 from Endpoint{id=WHRz, name=Nexus 5X [34d8]} in 05.621s
06-28 22:01:14.201  6828  7520 W Summariser: 1 active sections found
06-28 22:01:16.713  6828  7520 W Summariser: Summarisation completed
06-28 22:01:16.713  6828  7520 W Summariser:   filename: 20200312_194129!003.mp4
06-28 22:01:16.713  6828  7520 W Summariser:   active sections: 1
06-28 22:01:16.713  6828  7520 W Summariser:   time: 06.712s
06-28 22:01:16.713  6828  7520 W Summariser:   original duration: 12.03
06-28 22:01:16.713  6828  7520 W Summariser:   summarised duration: 0.70
06-28 22:01:16.713  6828  7520 W Summariser:   noise tolerance: 45.00
06-28 22:01:16.713  6828  7520 W Summariser:   quality: 23
06-28 22:01:16.713  6828  7520 W Summariser:   speed: medium
06-28 22:01:16.713  6828  7520 W Summariser:   freeze duration: 1.00
06-28 22:01:16.730  6828  7520 W NearbyFragment: Sending 20200312_194129!003.mp4 to Nexus 5X [34d8]
06-28 22:01:19.741  6828  6828 W NearbyFragment: Completed downloading 20200312_194229!001.mp4 from Endpoint{id=WHRz, name=Nexus 5X [34d8]} in 02.949s
06-28 22:01:26.262  6828  7605 W Summariser: 2 active sections found
06-28 22:01:48.929  6828  7605 W Summariser: Summarisation completed
06-28 22:01:48.929  6828  7605 W Summariser:   filename: 20200312_194229!001.mp4
06-28 22:01:48.929  6828  7605 W Summariser:   active sections: 2
06-28 22:01:48.929  6828  7605 W Summariser:   time: 28.939s
06-28 22:01:48.929  6828  7605 W Summariser:   original duration: 16.01
06-28 22:01:48.929  6828  7605 W Summariser:   summarised duration: 8.74
06-28 22:01:48.929  6828  7605 W Summariser:   noise tolerance: 45.00
06-28 22:01:48.929  6828  7605 W Summariser:   quality: 23
06-28 22:01:48.929  6828  7605 W Summariser:   speed: medium
06-28 22:01:48.929  6828  7605 W Summariser:   freeze duration: 1.00
06-28 22:01:48.952  6828  7605 W NearbyFragment: Sending 20200312_194229!001.mp4 to Nexus 5X [34d8]
06-28 22:02:44.049  6828  6828 W NearbyFragment: Completed downloading 20200312_194830!002.mp4 from Endpoint{id=WHRz, name=Nexus 5X [34d8]} in 04.056s
06-28 22:02:49.266  6828  7704 W Summariser: 2 active sections found
06-28 22:03:15.427  6828  7704 W Summariser: Summarisation completed
06-28 22:03:15.427  6828  7704 W Summariser:   filename: 20200312_194830!002.mp4
06-28 22:03:15.427  6828  7704 W Summariser:   active sections: 2
06-28 22:03:15.427  6828  7704 W Summariser:   time: 31.104s
06-28 22:03:15.427  6828  7704 W Summariser:   original duration: 16.01
06-28 22:03:15.427  6828  7704 W Summariser:   summarised duration: 8.84
06-28 22:03:15.427  6828  7704 W Summariser:   noise tolerance: 45.00
06-28 22:03:15.427  6828  7704 W Summariser:   quality: 23
06-28 22:03:15.427  6828  7704 W Summariser:   speed: medium
06-28 22:03:15.427  6828  7704 W Summariser:   freeze duration: 1.00
06-28 22:03:15.459  6828  7704 W NearbyFragment: Sending 20200312_194830!002.mp4 to Nexus 5X [34d8]
06-28 22:03:19.221  6828  6828 W NearbyFragment: Completed downloading 20200312_195230!001.mp4 from Endpoint{id=WHRz, name=Nexus 5X [34d8]} in 03.659s
06-28 22:03:25.961  6828  7831 W Summariser: 1 active sections found
06-28 22:03:52.823  6828  7831 W Summariser: Summarisation completed
06-28 22:03:52.823  6828  7831 W Summariser:   filename: 20200312_195230!001.mp4
06-28 22:03:52.823  6828  7831 W Summariser:   active sections: 1
06-28 22:03:52.823  6828  7831 W Summariser:   time: 33.291s
06-28 22:03:52.823  6828  7831 W Summariser:   original duration: 16.01
06-28 22:03:52.823  6828  7831 W Summariser:   summarised duration: 6.97
06-28 22:03:52.823  6828  7831 W Summariser:   noise tolerance: 45.00
06-28 22:03:52.823  6828  7831 W Summariser:   quality: 23
06-28 22:03:52.823  6828  7831 W Summariser:   speed: medium
06-28 22:03:52.823  6828  7831 W Summariser:   freeze duration: 1.00
06-28 22:03:52.874  6828  7831 W NearbyFragment: Sending 20200312_195230!001.mp4 to Nexus 5X [34d8]
06-28 22:03:59.462  6828  6828 W NearbyFragment: Completed downloading 20200312_195430!000.mp4 from Endpoint{id=WHRz, name=Nexus 5X [34d8]} in 06.528s
06-28 22:04:08.108  6828  7931 W Summariser: 1 active sections found
06-28 22:04:25.199  6828  7931 W Summariser: Summarisation completed
06-28 22:04:25.199  6828  7931 W Summariser:   filename: 20200312_195430!000.mp4
06-28 22:04:25.199  6828  7931 W Summariser:   active sections: 1
06-28 22:04:25.199  6828  7931 W Summariser:   time: 25.509s
06-28 22:04:25.199  6828  7931 W Summariser:   original duration: 16.06
06-28 22:04:25.199  6828  7931 W Summariser:   summarised duration: 5.34
06-28 22:04:25.199  6828  7931 W Summariser:   noise tolerance: 45.00
06-28 22:04:25.199  6828  7931 W Summariser:   quality: 23
06-28 22:04:25.199  6828  7931 W Summariser:   speed: medium
06-28 22:04:25.199  6828  7931 W Summariser:   freeze duration: 1.00
06-28 22:04:25.220  6828  7931 W NearbyFragment: Sending 20200312_195430!000.mp4 to Nexus 5X [34d8]
