--------- beginning of main
06-28 21:54:55.394 26651 26651 E Zygote  : isWhitelistProcess - Process is Whitelisted
06-28 21:54:55.396 26651 26651 E Zygote  : accessInfo : 1
06-28 21:54:58.167 26651 26651 W LogFactory: Truncating log tag length as it exceed 23, the limit imposed by Android on certain API Levels
06-28 21:54:59.826 26651 26651 W ActivityThread: handleWindowVisibility: no activity for token android.os.BinderProxy@14e9988
06-28 21:54:59.905 26651 26651 W example.edgesu: Accessing hidden method Landroid/graphics/drawable/Drawable;->getOpticalInsets()Landroid/graphics/Insets; (light greylist, linking)
06-28 21:54:59.905 26651 26651 W example.edgesu: Accessing hidden field Landroid/graphics/Insets;->left:I (light greylist, linking)
06-28 21:54:59.905 26651 26651 W example.edgesu: Accessing hidden field Landroid/graphics/Insets;->right:I (light greylist, linking)
06-28 21:54:59.905 26651 26651 W example.edgesu: Accessing hidden field Landroid/graphics/Insets;->top:I (light greylist, linking)
06-28 21:54:59.905 26651 26651 W example.edgesu: Accessing hidden field Landroid/graphics/Insets;->bottom:I (light greylist, linking)
06-28 21:54:59.952 26651 26651 W example.edgesu: Accessing hidden method Landroid/view/View;->computeFitSystemWindows(Landroid/graphics/Rect;Landroid/graphics/Rect;)Z (light greylist, reflection)
06-28 21:54:59.953 26651 26651 W example.edgesu: Accessing hidden method Landroid/view/ViewGroup;->makeOptionalFitsSystemWindows()V (light greylist, reflection)
06-28 21:55:00.066 26651 26651 W example.edgesu: Accessing hidden method Landroid/widget/TextView;->getTextDirectionHeuristic()Landroid/text/TextDirectionHeuristic; (light greylist, linking)
06-28 21:55:00.076 26651 26651 W example.edgesu: Accessing hidden field Landroid/view/View;->mAccessibilityDelegate:Landroid/view/View$AccessibilityDelegate; (light greylist, reflection)
06-28 21:55:00.441 26651 26651 E TransferService: No notification is passed in the intent. Unable to transition to foreground.
06-28 21:55:00.482 26651 26651 W StaticLayout: maxLineHeight should not be -1.  maxLines:1 lineCount:1
06-28 21:55:00.491 26651 26651 W StaticLayout: maxLineHeight should not be -1.  maxLines:1 lineCount:1
06-28 21:55:00.495 26651 26651 W StaticLayout: maxLineHeight should not be -1.  maxLines:1 lineCount:1
06-28 21:55:00.499 26651 26651 W StaticLayout: maxLineHeight should not be -1.  maxLines:1 lineCount:1
06-28 21:55:00.519 26651 26651 W StaticLayout: maxLineHeight should not be -1.  maxLines:1 lineCount:1
06-28 21:55:00.524 26651 26651 W StaticLayout: maxLineHeight should not be -1.  maxLines:1 lineCount:1
06-28 21:55:05.341 26651 26829 E DashTools: Could not connect to dashcam
06-28 21:55:07.289 26651 26789 W libEGL  : EGLNativeWindowType 0x778e9d7010 disconnect failed
06-28 21:55:12.600 26651 26651 W example.edgesu: Accessing hidden method Landroid/graphics/FontFamily;-><init>()V (light greylist, reflection)
06-28 21:55:12.601 26651 26651 W example.edgesu: Accessing hidden method Landroid/graphics/FontFamily;->addFontFromAssetManager(Landroid/content/res/AssetManager;Ljava/lang/String;IZIII[Landroid/graphics/fonts/FontVariationAxis;)Z (light greylist, reflection)
06-28 21:55:12.601 26651 26651 W example.edgesu: Accessing hidden method Landroid/graphics/FontFamily;->addFontFromBuffer(Ljava/nio/ByteBuffer;I[Landroid/graphics/fonts/FontVariationAxis;II)Z (light greylist, reflection)
06-28 21:55:12.601 26651 26651 W example.edgesu: Accessing hidden method Landroid/graphics/FontFamily;->freeze()Z (light greylist, reflection)
06-28 21:55:12.601 26651 26651 W example.edgesu: Accessing hidden method Landroid/graphics/FontFamily;->abortCreation()V (light greylist, reflection)
06-28 21:55:12.602 26651 26651 W example.edgesu: Accessing hidden method Landroid/graphics/Typeface;->createFromFamiliesWithDefault([Landroid/graphics/FontFamily;Ljava/lang/String;II)Landroid/graphics/Typeface; (light greylist, reflection)
06-28 21:55:17.303 26651 26789 W libEGL  : EGLNativeWindowType 0x778ea64010 disconnect failed
06-28 21:55:20.535 26651 26789 W libEGL  : EGLNativeWindowType 0x778ea64010 disconnect failed
06-28 21:55:20.565 26651 26651 E ViewRootImpl: sendUserActionEvent() returned.
06-28 21:56:20.824 26651 26651 W NearbyFragment: Completed downloading 20200312_150643!000.mp4 from Endpoint{id=WHRz, name=Nexus 5X [34d8]} in 02.136s
06-28 21:56:22.905 26651 27842 W Summariser: No activity detected
06-28 21:56:22.959 26651 27842 W Summariser: Summarisation completed
06-28 21:56:22.959 26651 27842 W Summariser:   filename: 20200312_150643!000.mp4
06-28 21:56:22.959 26651 27842 W Summariser:   active sections: 0
06-28 21:56:22.959 26651 27842 W Summariser:   time: 01.976s
06-28 21:56:22.959 26651 27842 W Summariser:   original duration: 16.07
06-28 21:56:22.959 26651 27842 W Summariser:   noise tolerance: 45.00
06-28 21:56:22.959 26651 27842 W Summariser:   quality: 23
06-28 21:56:22.959 26651 27842 W Summariser:   speed: medium
06-28 21:56:22.959 26651 27842 W Summariser:   freeze duration: 1.00
06-28 21:56:25.059 26651 26651 W NearbyFragment: Completed downloading 20200312_150643!001.mp4 from Endpoint{id=WHRz, name=Nexus 5X [34d8]} in 01.956s
06-28 21:56:26.868 26651 27871 W Summariser: No activity detected
06-28 21:56:26.928 26651 27871 W Summariser: Summarisation completed
06-28 21:56:26.928 26651 27871 W Summariser:   filename: 20200312_150643!001.mp4
06-28 21:56:26.928 26651 27871 W Summariser:   active sections: 0
06-28 21:56:26.928 26651 27871 W Summariser:   time: 01.772s
06-28 21:56:26.928 26651 27871 W Summariser:   original duration: 16.01
06-28 21:56:26.928 26651 27871 W Summariser:   noise tolerance: 45.00
06-28 21:56:26.928 26651 27871 W Summariser:   quality: 23
06-28 21:56:26.928 26651 27871 W Summariser:   speed: medium
06-28 21:56:26.928 26651 27871 W Summariser:   freeze duration: 1.00
06-28 21:56:29.045 26651 26651 W NearbyFragment: Completed downloading 20200312_150643!002.mp4 from Endpoint{id=WHRz, name=Nexus 5X [34d8]} in 01.930s
06-28 21:56:30.937 26651 27900 W Summariser: No activity detected
06-28 21:56:30.997 26651 27900 W Summariser: Summarisation completed
06-28 21:56:30.997 26651 27900 W Summariser:   filename: 20200312_150643!002.mp4
06-28 21:56:30.997 26651 27900 W Summariser:   active sections: 0
06-28 21:56:30.997 26651 27900 W Summariser:   time: 01.840s
06-28 21:56:30.997 26651 27900 W Summariser:   original duration: 16.01
06-28 21:56:30.997 26651 27900 W Summariser:   noise tolerance: 45.00
06-28 21:56:30.997 26651 27900 W Summariser:   quality: 23
06-28 21:56:30.997 26651 27900 W Summariser:   speed: medium
06-28 21:56:30.997 26651 27900 W Summariser:   freeze duration: 1.00
06-28 21:56:32.518 26651 26651 W NearbyFragment: Completed downloading 20200312_150643!003.mp4 from Endpoint{id=WHRz, name=Nexus 5X [34d8]} in 01.403s
06-28 21:56:34.014 26651 27931 W Summariser: No activity detected
06-28 21:56:34.064 26651 27931 W Summariser: Summarisation completed
06-28 21:56:34.064 26651 27931 W Summariser:   filename: 20200312_150643!003.mp4
06-28 21:56:34.064 26651 27931 W Summariser:   active sections: 0
06-28 21:56:34.064 26651 27931 W Summariser:   time: 01.425s
06-28 21:56:34.064 26651 27931 W Summariser:   original duration: 12.01
06-28 21:56:34.064 26651 27931 W Summariser:   noise tolerance: 45.00
06-28 21:56:34.064 26651 27931 W Summariser:   quality: 23
06-28 21:56:34.064 26651 27931 W Summariser:   speed: medium
06-28 21:56:34.064 26651 27931 W Summariser:   freeze duration: 1.00
06-28 21:56:44.867 26651 26651 W NearbyFragment: Completed downloading 20200312_150744!000.mp4 from Endpoint{id=WHRz, name=Nexus 5X [34d8]} in 01.769s
06-28 21:56:46.785 26651 27965 W Summariser: No activity detected
06-28 21:56:46.833 26651 27965 W Summariser: Summarisation completed
06-28 21:56:46.833 26651 27965 W Summariser:   filename: 20200312_150744!000.mp4
06-28 21:56:46.833 26651 27965 W Summariser:   active sections: 0
06-28 21:56:46.833 26651 27965 W Summariser:   time: 01.841s
06-28 21:56:46.833 26651 27965 W Summariser:   original duration: 16.07
06-28 21:56:46.833 26651 27965 W Summariser:   noise tolerance: 45.00
06-28 21:56:46.833 26651 27965 W Summariser:   quality: 23
06-28 21:56:46.833 26651 27965 W Summariser:   speed: medium
06-28 21:56:46.833 26651 27965 W Summariser:   freeze duration: 1.00
06-28 21:56:48.339 26651 26662 W System  : A resource failed to call close. 
06-28 21:56:48.342 26651 26662 W System  : A resource failed to call close. 
06-28 21:56:48.872 26651 26651 W NearbyFragment: Completed downloading 20200312_150744!001.mp4 from Endpoint{id=WHRz, name=Nexus 5X [34d8]} in 01.986s
06-28 21:56:50.755 26651 27995 W Summariser: No activity detected
06-28 21:56:50.816 26651 27995 W Summariser: Summarisation completed
06-28 21:56:50.816 26651 27995 W Summariser:   filename: 20200312_150744!001.mp4
06-28 21:56:50.816 26651 27995 W Summariser:   active sections: 0
06-28 21:56:50.816 26651 27995 W Summariser:   time: 01.822s
06-28 21:56:50.816 26651 27995 W Summariser:   original duration: 16.02
06-28 21:56:50.816 26651 27995 W Summariser:   noise tolerance: 45.00
06-28 21:56:50.816 26651 27995 W Summariser:   quality: 23
06-28 21:56:50.816 26651 27995 W Summariser:   speed: medium
06-28 21:56:50.816 26651 27995 W Summariser:   freeze duration: 1.00
06-28 21:56:53.284 26651 26651 W NearbyFragment: Completed downloading 20200312_150744!002.mp4 from Endpoint{id=WHRz, name=Nexus 5X [34d8]} in 02.388s
06-28 21:56:55.217 26651 28024 W Summariser: No activity detected
06-28 21:56:55.276 26651 28024 W Summariser: Summarisation completed
06-28 21:56:55.276 26651 28024 W Summariser:   filename: 20200312_150744!002.mp4
06-28 21:56:55.276 26651 28024 W Summariser:   active sections: 0
06-28 21:56:55.276 26651 28024 W Summariser:   time: 01.888s
06-28 21:56:55.276 26651 28024 W Summariser:   original duration: 16.01
06-28 21:56:55.276 26651 28024 W Summariser:   noise tolerance: 45.00
06-28 21:56:55.276 26651 28024 W Summariser:   quality: 23
06-28 21:56:55.276 26651 28024 W Summariser:   speed: medium
06-28 21:56:55.276 26651 28024 W Summariser:   freeze duration: 1.00
06-28 21:56:56.858 26651 26651 W NearbyFragment: Completed downloading 20200312_150744!003.mp4 from Endpoint{id=WHRz, name=Nexus 5X [34d8]} in 01.476s
06-28 21:56:58.377 26651 28052 W Summariser: 1 active sections found
06-28 21:57:03.923 26651 28052 W Summariser: Summarisation completed
06-28 21:57:03.923 26651 28052 W Summariser:   filename: 20200312_150744!003.mp4
06-28 21:57:03.923 26651 28052 W Summariser:   active sections: 1
06-28 21:57:03.923 26651 28052 W Summariser:   time: 06.922s
06-28 21:57:03.923 26651 28052 W Summariser:   original duration: 12.03
06-28 21:57:03.923 26651 28052 W Summariser:   summarised duration: 4.89
06-28 21:57:03.923 26651 28052 W Summariser:   noise tolerance: 45.00
06-28 21:57:03.923 26651 28052 W Summariser:   quality: 23
06-28 21:57:03.923 26651 28052 W Summariser:   speed: medium
06-28 21:57:03.923 26651 28052 W Summariser:   freeze duration: 1.00
06-28 21:57:03.941 26651 28052 W NearbyFragment: Sending 20200312_150744!003.mp4 to Nexus 5X [34d8]
06-28 21:57:07.612 26651 26651 W NearbyFragment: Completed downloading 20200312_150844!000.mp4 from Endpoint{id=WHRz, name=Nexus 5X [34d8]} in 01.755s
06-28 21:57:09.628 26651 28113 W Summariser: Whole video is active
06-28 21:57:10.185 26651 28113 W Summariser: Summarisation completed
06-28 21:57:10.185 26651 28113 W Summariser:   filename: 20200312_150844!000.mp4
06-28 21:57:10.185 26651 28113 W Summariser:   active sections: -1
06-28 21:57:10.185 26651 28113 W Summariser:   time: 02.406s
06-28 21:57:10.185 26651 28113 W Summariser:   original duration: 16.06
06-28 21:57:10.185 26651 28113 W Summariser:   summarised duration: 16.06
06-28 21:57:10.185 26651 28113 W Summariser:   noise tolerance: 45.00
06-28 21:57:10.185 26651 28113 W Summariser:   quality: 23
06-28 21:57:10.185 26651 28113 W Summariser:   speed: medium
06-28 21:57:10.185 26651 28113 W Summariser:   freeze duration: 1.00
06-28 21:57:10.225 26651 28113 W NearbyFragment: Sending 20200312_150844!000.mp4 to Nexus 5X [34d8]
06-28 21:57:13.884 26651 26651 W NearbyFragment: Completed downloading 20200312_150844!001.mp4 from Endpoint{id=WHRz, name=Nexus 5X [34d8]} in 03.558s
06-28 21:57:15.847 26651 28141 W Summariser: Whole video is active
06-28 21:57:16.382 26651 28141 W Summariser: Summarisation completed
06-28 21:57:16.382 26651 28141 W Summariser:   filename: 20200312_150844!001.mp4
06-28 21:57:16.382 26651 28141 W Summariser:   active sections: -1
06-28 21:57:16.382 26651 28141 W Summariser:   time: 02.288s
06-28 21:57:16.382 26651 28141 W Summariser:   original duration: 16.01
06-28 21:57:16.382 26651 28141 W Summariser:   summarised duration: 16.01
06-28 21:57:16.382 26651 28141 W Summariser:   noise tolerance: 45.00
06-28 21:57:16.382 26651 28141 W Summariser:   quality: 23
06-28 21:57:16.382 26651 28141 W Summariser:   speed: medium
06-28 21:57:16.382 26651 28141 W Summariser:   freeze duration: 1.00
06-28 21:57:16.426 26651 28141 W NearbyFragment: Sending 20200312_150844!001.mp4 to Nexus 5X [34d8]
06-28 21:57:19.640 26651 26651 W NearbyFragment: Completed downloading 20200312_150844!002.mp4 from Endpoint{id=WHRz, name=Nexus 5X [34d8]} in 02.950s
06-28 21:57:21.480 26651 28173 W Summariser: Whole video is active
06-28 21:57:21.987 26651 28173 W Summariser: Summarisation completed
06-28 21:57:21.987 26651 28173 W Summariser:   filename: 20200312_150844!002.mp4
06-28 21:57:21.987 26651 28173 W Summariser:   active sections: -1
06-28 21:57:21.987 26651 28173 W Summariser:   time: 02.169s
06-28 21:57:21.987 26651 28173 W Summariser:   original duration: 16.01
06-28 21:57:21.987 26651 28173 W Summariser:   summarised duration: 16.01
06-28 21:57:21.987 26651 28173 W Summariser:   noise tolerance: 45.00
06-28 21:57:21.987 26651 28173 W Summariser:   quality: 23
06-28 21:57:21.987 26651 28173 W Summariser:   speed: medium
06-28 21:57:21.987 26651 28173 W Summariser:   freeze duration: 1.00
06-28 21:57:22.011 26651 28173 W NearbyFragment: Sending 20200312_150844!002.mp4 to Nexus 5X [34d8]
06-28 21:57:25.124 26651 26651 W NearbyFragment: Completed downloading 20200312_150844!003.mp4 from Endpoint{id=WHRz, name=Nexus 5X [34d8]} in 02.850s
06-28 21:57:25.228 26651 26662 W System  : A resource failed to call close. 
06-28 21:57:25.232 26651 26662 W System  : A resource failed to call close. 
06-28 21:57:26.638 26651 28200 W Summariser: Whole video is active
06-28 21:57:27.000 26651 28200 W Summariser: Summarisation completed
06-28 21:57:27.000 26651 28200 W Summariser:   filename: 20200312_150844!003.mp4
06-28 21:57:27.000 26651 28200 W Summariser:   active sections: -1
06-28 21:57:27.000 26651 28200 W Summariser:   time: 01.740s
06-28 21:57:27.000 26651 28200 W Summariser:   original duration: 11.98
06-28 21:57:27.000 26651 28200 W Summariser:   summarised duration: 11.98
06-28 21:57:27.000 26651 28200 W Summariser:   noise tolerance: 45.00
06-28 21:57:27.000 26651 28200 W Summariser:   quality: 23
06-28 21:57:27.000 26651 28200 W Summariser:   speed: medium
06-28 21:57:27.000 26651 28200 W Summariser:   freeze duration: 1.00
06-28 21:57:27.023 26651 28200 W NearbyFragment: Sending 20200312_150844!003.mp4 to Nexus 5X [34d8]
06-28 21:57:35.213 26651 26651 W NearbyFragment: Completed downloading 20200312_150944!000.mp4 from Endpoint{id=WHRz, name=Nexus 5X [34d8]} in 01.717s
06-28 21:57:37.132 26651 28234 W Summariser: 1 active sections found
06-28 21:57:43.935 26651 28234 W Summariser: Summarisation completed
06-28 21:57:43.935 26651 28234 W Summariser:   filename: 20200312_150944!000.mp4
06-28 21:57:43.935 26651 28234 W Summariser:   active sections: 1
06-28 21:57:43.935 26651 28234 W Summariser:   time: 08.565s
06-28 21:57:43.935 26651 28234 W Summariser:   original duration: 16.06
06-28 21:57:43.935 26651 28234 W Summariser:   summarised duration: 7.07
06-28 21:57:43.935 26651 28234 W Summariser:   noise tolerance: 45.00
06-28 21:57:43.935 26651 28234 W Summariser:   quality: 23
06-28 21:57:43.935 26651 28234 W Summariser:   speed: medium
06-28 21:57:43.935 26651 28234 W Summariser:   freeze duration: 1.00
06-28 21:57:43.976 26651 28234 W NearbyFragment: Sending 20200312_150944!000.mp4 to Nexus 5X [34d8]
06-28 21:57:46.040 26651 26651 W NearbyFragment: Completed downloading 20200312_150944!001.mp4 from Endpoint{id=WHRz, name=Nexus 5X [34d8]} in 01.992s
06-28 21:57:47.883 26651 28294 W Summariser: No activity detected
06-28 21:57:47.943 26651 28294 W Summariser: Summarisation completed
06-28 21:57:47.943 26651 28294 W Summariser:   filename: 20200312_150944!001.mp4
06-28 21:57:47.943 26651 28294 W Summariser:   active sections: 0
06-28 21:57:47.943 26651 28294 W Summariser:   time: 01.780s
06-28 21:57:47.943 26651 28294 W Summariser:   original duration: 16.01
06-28 21:57:47.943 26651 28294 W Summariser:   noise tolerance: 45.00
06-28 21:57:47.943 26651 28294 W Summariser:   quality: 23
06-28 21:57:47.943 26651 28294 W Summariser:   speed: medium
06-28 21:57:47.943 26651 28294 W Summariser:   freeze duration: 1.00
06-28 21:57:49.854 26651 26651 W NearbyFragment: Completed downloading 20200312_150944!002.mp4 from Endpoint{id=WHRz, name=Nexus 5X [34d8]} in 01.849s
06-28 21:57:51.819 26651 28324 W Summariser: No activity detected
06-28 21:57:51.877 26651 28324 W Summariser: Summarisation completed
06-28 21:57:51.877 26651 28324 W Summariser:   filename: 20200312_150944!002.mp4
06-28 21:57:51.877 26651 28324 W Summariser:   active sections: 0
06-28 21:57:51.877 26651 28324 W Summariser:   time: 01.910s
06-28 21:57:51.877 26651 28324 W Summariser:   original duration: 16.01
06-28 21:57:51.877 26651 28324 W Summariser:   noise tolerance: 45.00
06-28 21:57:51.877 26651 28324 W Summariser:   quality: 23
06-28 21:57:51.877 26651 28324 W Summariser:   speed: medium
06-28 21:57:51.877 26651 28324 W Summariser:   freeze duration: 1.00
06-28 21:57:53.531 26651 26651 W NearbyFragment: Completed downloading 20200312_150944!003.mp4 from Endpoint{id=WHRz, name=Nexus 5X [34d8]} in 01.602s
06-28 21:57:55.078 26651 28368 W Summariser: No activity detected
06-28 21:57:55.127 26651 28368 W Summariser: Summarisation completed
06-28 21:57:55.127 26651 28368 W Summariser:   filename: 20200312_150944!003.mp4
06-28 21:57:55.127 26651 28368 W Summariser:   active sections: 0
06-28 21:57:55.127 26651 28368 W Summariser:   time: 01.471s
06-28 21:57:55.127 26651 28368 W Summariser:   original duration: 12.01
06-28 21:57:55.127 26651 28368 W Summariser:   noise tolerance: 45.00
06-28 21:57:55.127 26651 28368 W Summariser:   quality: 23
06-28 21:57:55.127 26651 28368 W Summariser:   speed: medium
06-28 21:57:55.127 26651 28368 W Summariser:   freeze duration: 1.00
06-28 21:58:00.878 26651 26651 W NearbyFragment: Completed downloading 20200312_151044!001.mp4 from Endpoint{id=WHRz, name=Nexus 5X [34d8]} in 05.002s
06-28 21:58:02.791 26651 28402 W Summariser: No activity detected
06-28 21:58:02.850 26651 28402 W Summariser: Summarisation completed
06-28 21:58:02.850 26651 28402 W Summariser:   filename: 20200312_151044!001.mp4
06-28 21:58:02.850 26651 28402 W Summariser:   active sections: 0
06-28 21:58:02.850 26651 28402 W Summariser:   time: 01.847s
06-28 21:58:02.850 26651 28402 W Summariser:   original duration: 16.02
06-28 21:58:02.850 26651 28402 W Summariser:   noise tolerance: 45.00
06-28 21:58:02.850 26651 28402 W Summariser:   quality: 23
06-28 21:58:02.850 26651 28402 W Summariser:   speed: medium
06-28 21:58:02.850 26651 28402 W Summariser:   freeze duration: 1.00
06-28 21:58:04.851 26651 26651 W NearbyFragment: Completed downloading 20200312_151044!002.mp4 from Endpoint{id=WHRz, name=Nexus 5X [34d8]} in 01.779s
06-28 21:58:06.872 26651 28434 W Summariser: No activity detected
06-28 21:58:06.930 26651 28434 W Summariser: Summarisation completed
06-28 21:58:06.930 26651 28434 W Summariser:   filename: 20200312_151044!002.mp4
06-28 21:58:06.930 26651 28434 W Summariser:   active sections: 0
06-28 21:58:06.930 26651 28434 W Summariser:   time: 01.938s
06-28 21:58:06.930 26651 28434 W Summariser:   original duration: 16.01
06-28 21:58:06.930 26651 28434 W Summariser:   noise tolerance: 45.00
06-28 21:58:06.930 26651 28434 W Summariser:   quality: 23
06-28 21:58:06.930 26651 28434 W Summariser:   speed: medium
06-28 21:58:06.930 26651 28434 W Summariser:   freeze duration: 1.00
06-28 21:58:21.954 26651 26651 W NearbyFragment: Completed downloading 20200312_193528!000.mp4 from Endpoint{id=WHRz, name=Nexus 5X [34d8]} in 01.971s
06-28 21:58:23.863 26651 28487 W Summariser: No activity detected
06-28 21:58:23.910 26651 28487 W Summariser: Summarisation completed
06-28 21:58:23.910 26651 28487 W Summariser:   filename: 20200312_193528!000.mp4
06-28 21:58:23.910 26651 28487 W Summariser:   active sections: 0
06-28 21:58:23.910 26651 28487 W Summariser:   time: 01.851s
06-28 21:58:23.910 26651 28487 W Summariser:   original duration: 16.06
06-28 21:58:23.910 26651 28487 W Summariser:   noise tolerance: 45.00
06-28 21:58:23.910 26651 28487 W Summariser:   quality: 23
06-28 21:58:23.910 26651 28487 W Summariser:   speed: medium
06-28 21:58:23.910 26651 28487 W Summariser:   freeze duration: 1.00
06-28 21:58:25.108 26651 26662 W System  : A resource failed to call close. 
06-28 21:58:25.110 26651 26662 W System  : A resource failed to call close. 
06-28 21:58:25.110 26651 26662 W System  : A resource failed to call close. 
06-28 21:58:25.111 26651 26662 W System  : A resource failed to call close. 
06-28 21:58:25.112 26651 26662 W System  : A resource failed to call close. 
06-28 21:58:25.987 26651 26651 W NearbyFragment: Completed downloading 20200312_193528!001.mp4 from Endpoint{id=WHRz, name=Nexus 5X [34d8]} in 01.982s
06-28 21:58:27.867 26651 28514 W Summariser: No activity detected
06-28 21:58:27.913 26651 28514 W Summariser: Summarisation completed
06-28 21:58:27.913 26651 28514 W Summariser:   filename: 20200312_193528!001.mp4
06-28 21:58:27.913 26651 28514 W Summariser:   active sections: 0
06-28 21:58:27.913 26651 28514 W Summariser:   time: 01.837s
06-28 21:58:27.913 26651 28514 W Summariser:   original duration: 16.01
06-28 21:58:27.913 26651 28514 W Summariser:   noise tolerance: 45.00
06-28 21:58:27.913 26651 28514 W Summariser:   quality: 23
06-28 21:58:27.913 26651 28514 W Summariser:   speed: medium
06-28 21:58:27.913 26651 28514 W Summariser:   freeze duration: 1.00
06-28 21:58:30.065 26651 26651 W NearbyFragment: Completed downloading 20200312_193528!002.mp4 from Endpoint{id=WHRz, name=Nexus 5X [34d8]} in 02.092s
06-28 21:58:31.906 26651 28545 W Summariser: No activity detected
06-28 21:58:31.953 26651 28545 W Summariser: Summarisation completed
06-28 21:58:31.953 26651 28545 W Summariser:   filename: 20200312_193528!002.mp4
06-28 21:58:31.953 26651 28545 W Summariser:   active sections: 0
06-28 21:58:31.953 26651 28545 W Summariser:   time: 01.809s
06-28 21:58:31.953 26651 28545 W Summariser:   original duration: 16.06
06-28 21:58:31.953 26651 28545 W Summariser:   noise tolerance: 45.00
06-28 21:58:31.953 26651 28545 W Summariser:   quality: 23
06-28 21:58:31.953 26651 28545 W Summariser:   speed: medium
06-28 21:58:31.953 26651 28545 W Summariser:   freeze duration: 1.00
06-28 21:58:33.587 26651 26651 W NearbyFragment: Completed downloading 20200312_193528!003.mp4 from Endpoint{id=WHRz, name=Nexus 5X [34d8]} in 01.567s
06-28 21:58:35.111 26651 28577 W Summariser: No activity detected
06-28 21:58:35.169 26651 28577 W Summariser: Summarisation completed
06-28 21:58:35.169 26651 28577 W Summariser:   filename: 20200312_193528!003.mp4
06-28 21:58:35.169 26651 28577 W Summariser:   active sections: 0
06-28 21:58:35.169 26651 28577 W Summariser:   time: 01.461s
06-28 21:58:35.169 26651 28577 W Summariser:   original duration: 12.01
06-28 21:58:35.169 26651 28577 W Summariser:   noise tolerance: 45.00
06-28 21:58:35.169 26651 28577 W Summariser:   quality: 23
06-28 21:58:35.169 26651 28577 W Summariser:   speed: medium
06-28 21:58:35.169 26651 28577 W Summariser:   freeze duration: 1.00
06-28 21:58:47.186 26651 26651 W NearbyFragment: Completed downloading 20200312_193628!000.mp4 from Endpoint{id=WHRz, name=Nexus 5X [34d8]} in 01.951s
06-28 21:58:49.229 26651 28607 W Summariser: No activity detected
06-28 21:58:49.274 26651 28607 W Summariser: Summarisation completed
06-28 21:58:49.274 26651 28607 W Summariser:   filename: 20200312_193628!000.mp4
06-28 21:58:49.274 26651 28607 W Summariser:   active sections: 0
06-28 21:58:49.274 26651 28607 W Summariser:   time: 01.997s
06-28 21:58:49.274 26651 28607 W Summariser:   original duration: 16.07
06-28 21:58:49.274 26651 28607 W Summariser:   noise tolerance: 45.00
06-28 21:58:49.274 26651 28607 W Summariser:   quality: 23
06-28 21:58:49.274 26651 28607 W Summariser:   speed: medium
06-28 21:58:49.274 26651 28607 W Summariser:   freeze duration: 1.00
06-28 21:58:52.047 26651 26651 W NearbyFragment: Completed downloading 20200312_193628!001.mp4 from Endpoint{id=WHRz, name=Nexus 5X [34d8]} in 02.532s
06-28 21:58:54.026 26651 28638 W Summariser: No activity detected
06-28 21:58:54.082 26651 28638 W Summariser: Summarisation completed
06-28 21:58:54.082 26651 28638 W Summariser:   filename: 20200312_193628!001.mp4
06-28 21:58:54.082 26651 28638 W Summariser:   active sections: 0
06-28 21:58:54.082 26651 28638 W Summariser:   time: 01.929s
06-28 21:58:54.082 26651 28638 W Summariser:   original duration: 16.01
06-28 21:58:54.082 26651 28638 W Summariser:   noise tolerance: 45.00
06-28 21:58:54.082 26651 28638 W Summariser:   quality: 23
06-28 21:58:54.082 26651 28638 W Summariser:   speed: medium
06-28 21:58:54.082 26651 28638 W Summariser:   freeze duration: 1.00
06-28 21:58:56.260 26651 26651 W NearbyFragment: Completed downloading 20200312_193628!002.mp4 from Endpoint{id=WHRz, name=Nexus 5X [34d8]} in 01.997s
06-28 21:58:58.211 26651 28666 W Summariser: No activity detected
06-28 21:58:58.267 26651 28666 W Summariser: Summarisation completed
06-28 21:58:58.267 26651 28666 W Summariser:   filename: 20200312_193628!002.mp4
06-28 21:58:58.267 26651 28666 W Summariser:   active sections: 0
06-28 21:58:58.267 26651 28666 W Summariser:   time: 01.897s
06-28 21:58:58.267 26651 28666 W Summariser:   original duration: 16.02
06-28 21:58:58.267 26651 28666 W Summariser:   noise tolerance: 45.00
06-28 21:58:58.267 26651 28666 W Summariser:   quality: 23
06-28 21:58:58.267 26651 28666 W Summariser:   speed: medium
06-28 21:58:58.267 26651 28666 W Summariser:   freeze duration: 1.00
06-28 21:58:59.709 26651 26651 W NearbyFragment: Completed downloading 20200312_193628!003.mp4 from Endpoint{id=WHRz, name=Nexus 5X [34d8]} in 01.367s
06-28 21:59:01.299 26651 28694 W Summariser: 1 active sections found
06-28 21:59:08.617 26651 28694 W Summariser: Summarisation completed
06-28 21:59:08.617 26651 28694 W Summariser:   filename: 20200312_193628!003.mp4
06-28 21:59:08.617 26651 28694 W Summariser:   active sections: 1
06-28 21:59:08.617 26651 28694 W Summariser:   time: 08.763s
06-28 21:59:08.617 26651 28694 W Summariser:   original duration: 12.03
06-28 21:59:08.617 26651 28694 W Summariser:   summarised duration: 6.16
06-28 21:59:08.617 26651 28694 W Summariser:   noise tolerance: 45.00
06-28 21:59:08.617 26651 28694 W Summariser:   quality: 23
06-28 21:59:08.617 26651 28694 W Summariser:   speed: medium
06-28 21:59:08.617 26651 28694 W Summariser:   freeze duration: 1.00
06-28 21:59:08.651 26651 28694 W NearbyFragment: Sending 20200312_193628!003.mp4 to Nexus 5X [34d8]
06-28 21:59:12.886 26651 26651 W NearbyFragment: Completed downloading 20200312_193728!000.mp4 from Endpoint{id=WHRz, name=Nexus 5X [34d8]} in 01.800s
06-28 21:59:14.929 26651 28777 W Summariser: Whole video is active
06-28 21:59:15.431 26651 28777 W Summariser: Summarisation completed
06-28 21:59:15.431 26651 28777 W Summariser:   filename: 20200312_193728!000.mp4
06-28 21:59:15.431 26651 28777 W Summariser:   active sections: -1
06-28 21:59:15.431 26651 28777 W Summariser:   time: 02.326s
06-28 21:59:15.431 26651 28777 W Summariser:   original duration: 16.06
06-28 21:59:15.431 26651 28777 W Summariser:   summarised duration: 16.06
06-28 21:59:15.431 26651 28777 W Summariser:   noise tolerance: 45.00
06-28 21:59:15.431 26651 28777 W Summariser:   quality: 23
06-28 21:59:15.431 26651 28777 W Summariser:   speed: medium
06-28 21:59:15.431 26651 28777 W Summariser:   freeze duration: 1.00
06-28 21:59:15.521 26651 28777 W NearbyFragment: Sending 20200312_193728!000.mp4 to Nexus 5X [34d8]
06-28 21:59:16.855 26651 26662 W System  : A resource failed to call close. 
06-28 21:59:16.857 26651 26662 W System  : A resource failed to call close. 
06-28 21:59:18.844 26651 26651 W NearbyFragment: Completed downloading 20200312_193728!001.mp4 from Endpoint{id=WHRz, name=Nexus 5X [34d8]} in 03.256s
06-28 21:59:20.875 26651 28806 W Summariser: Whole video is active
06-28 21:59:21.379 26651 28806 W Summariser: Summarisation completed
06-28 21:59:21.379 26651 28806 W Summariser:   filename: 20200312_193728!001.mp4
06-28 21:59:21.379 26651 28806 W Summariser:   active sections: -1
06-28 21:59:21.379 26651 28806 W Summariser:   time: 02.361s
06-28 21:59:21.379 26651 28806 W Summariser:   original duration: 16.01
06-28 21:59:21.379 26651 28806 W Summariser:   summarised duration: 16.01
06-28 21:59:21.379 26651 28806 W Summariser:   noise tolerance: 45.00
06-28 21:59:21.379 26651 28806 W Summariser:   quality: 23
06-28 21:59:21.379 26651 28806 W Summariser:   speed: medium
06-28 21:59:21.379 26651 28806 W Summariser:   freeze duration: 1.00
06-28 21:59:21.406 26651 28806 W NearbyFragment: Sending 20200312_193728!001.mp4 to Nexus 5X [34d8]
06-28 21:59:23.945 26651 26651 W NearbyFragment: Completed downloading 20200312_193728!002.mp4 from Endpoint{id=WHRz, name=Nexus 5X [34d8]} in 01.959s
06-28 21:59:26.102 26651 28836 W Summariser: Whole video is active
06-28 21:59:26.606 26651 28836 W Summariser: Summarisation completed
06-28 21:59:26.606 26651 28836 W Summariser:   filename: 20200312_193728!002.mp4
06-28 21:59:26.606 26651 28836 W Summariser:   active sections: -1
06-28 21:59:26.606 26651 28836 W Summariser:   time: 02.489s
06-28 21:59:26.606 26651 28836 W Summariser:   original duration: 16.01
06-28 21:59:26.606 26651 28836 W Summariser:   summarised duration: 16.01
06-28 21:59:26.606 26651 28836 W Summariser:   noise tolerance: 45.00
06-28 21:59:26.606 26651 28836 W Summariser:   quality: 23
06-28 21:59:26.606 26651 28836 W Summariser:   speed: medium
06-28 21:59:26.606 26651 28836 W Summariser:   freeze duration: 1.00
06-28 21:59:26.640 26651 28836 W NearbyFragment: Sending 20200312_193728!002.mp4 to Nexus 5X [34d8]
06-28 21:59:29.652 26651 26651 W NearbyFragment: Completed downloading 20200312_193728!003.mp4 from Endpoint{id=WHRz, name=Nexus 5X [34d8]} in 02.329s
06-28 21:59:31.248 26651 28866 W Summariser: Whole video is active
06-28 21:59:31.619 26651 28866 W Summariser: Summarisation completed
06-28 21:59:31.619 26651 28866 W Summariser:   filename: 20200312_193728!003.mp4
06-28 21:59:31.619 26651 28866 W Summariser:   active sections: -1
06-28 21:59:31.619 26651 28866 W Summariser:   time: 01.791s
06-28 21:59:31.619 26651 28866 W Summariser:   original duration: 11.98
06-28 21:59:31.619 26651 28866 W Summariser:   summarised duration: 11.98
06-28 21:59:31.619 26651 28866 W Summariser:   noise tolerance: 45.00
06-28 21:59:31.619 26651 28866 W Summariser:   quality: 23
06-28 21:59:31.619 26651 28866 W Summariser:   speed: medium
06-28 21:59:31.619 26651 28866 W Summariser:   freeze duration: 1.00
06-28 21:59:31.659 26651 28866 W NearbyFragment: Sending 20200312_193728!003.mp4 to Nexus 5X [34d8]
06-28 21:59:45.030 26651 26651 W NearbyFragment: Completed downloading 20200312_193828!000.mp4 from Endpoint{id=WHRz, name=Nexus 5X [34d8]} in 01.896s
06-28 21:59:46.933 26651 28899 W Summariser: 1 active sections found
06-28 22:00:00.642 26651 28899 W Summariser: Summarisation completed
06-28 22:00:00.642 26651 28899 W Summariser:   filename: 20200312_193828!000.mp4
06-28 22:00:00.642 26651 28899 W Summariser:   active sections: 1
06-28 22:00:00.642 26651 28899 W Summariser:   time: 15.484s
06-28 22:00:00.642 26651 28899 W Summariser:   original duration: 16.06
06-28 22:00:00.642 26651 28899 W Summariser:   summarised duration: 14.28
06-28 22:00:00.642 26651 28899 W Summariser:   noise tolerance: 45.00
06-28 22:00:00.642 26651 28899 W Summariser:   quality: 23
06-28 22:00:00.642 26651 28899 W Summariser:   speed: medium
06-28 22:00:00.642 26651 28899 W Summariser:   freeze duration: 1.00
06-28 22:00:00.712 26651 28899 W NearbyFragment: Sending 20200312_193828!000.mp4 to Nexus 5X [34d8]
06-28 22:00:02.831 26651 26651 W NearbyFragment: Completed downloading 20200312_193828!001.mp4 from Endpoint{id=WHRz, name=Nexus 5X [34d8]} in 02.003s
06-28 22:00:04.925 26651 29054 W Summariser: No activity detected
06-28 22:00:04.960 26651 29054 W Summariser: Summarisation completed
06-28 22:00:04.960 26651 29054 W Summariser:   filename: 20200312_193828!001.mp4
06-28 22:00:04.960 26651 29054 W Summariser:   active sections: 0
06-28 22:00:04.960 26651 29054 W Summariser:   time: 01.980s
06-28 22:00:04.960 26651 29054 W Summariser:   original duration: 16.01
06-28 22:00:04.960 26651 29054 W Summariser:   noise tolerance: 45.00
06-28 22:00:04.960 26651 29054 W Summariser:   quality: 23
06-28 22:00:04.960 26651 29054 W Summariser:   speed: medium
06-28 22:00:04.960 26651 29054 W Summariser:   freeze duration: 1.00
06-28 22:00:10.645 26651 26651 W NearbyFragment: Completed downloading 20200312_193828!003.mp4 from Endpoint{id=WHRz, name=Nexus 5X [34d8]} in 04.573s
06-28 22:00:12.150 26651 29113 W Summariser: No activity detected
06-28 22:00:12.195 26651 29113 W Summariser: Summarisation completed
06-28 22:00:12.195 26651 29113 W Summariser:   filename: 20200312_193828!003.mp4
06-28 22:00:12.195 26651 29113 W Summariser:   active sections: 0
06-28 22:00:12.195 26651 29113 W Summariser:   time: 01.441s
06-28 22:00:12.195 26651 29113 W Summariser:   original duration: 12.01
06-28 22:00:12.195 26651 29113 W Summariser:   noise tolerance: 45.00
06-28 22:00:12.195 26651 29113 W Summariser:   quality: 23
06-28 22:00:12.195 26651 29113 W Summariser:   speed: medium
06-28 22:00:12.195 26651 29113 W Summariser:   freeze duration: 1.00
06-28 22:00:12.966 26651 26662 W System  : A resource failed to call close. 
06-28 22:00:12.967 26651 26662 W System  : A resource failed to call close. 
06-28 22:00:12.968 26651 26662 W System  : A resource failed to call close. 
06-28 22:00:12.968 26651 26662 W System  : A resource failed to call close. 
06-28 22:00:12.968 26651 26662 W System  : A resource failed to call close. 
06-28 22:00:12.970 26651 26662 W System  : A resource failed to call close. 
06-28 22:00:14.083 26651 26651 W NearbyFragment: Completed downloading 20200312_193928!000.mp4 from Endpoint{id=WHRz, name=Nexus 5X [34d8]} in 01.835s
06-28 22:00:15.975 26651 29143 W Summariser: No activity detected
06-28 22:00:16.021 26651 29143 W Summariser: Summarisation completed
06-28 22:00:16.021 26651 29143 W Summariser:   filename: 20200312_193928!000.mp4
06-28 22:00:16.021 26651 29143 W Summariser:   active sections: 0
06-28 22:00:16.021 26651 29143 W Summariser:   time: 01.817s
06-28 22:00:16.021 26651 29143 W Summariser:   original duration: 16.90
06-28 22:00:16.021 26651 29143 W Summariser:   noise tolerance: 45.00
06-28 22:00:16.021 26651 29143 W Summariser:   quality: 23
06-28 22:00:16.021 26651 29143 W Summariser:   speed: medium
06-28 22:00:16.021 26651 29143 W Summariser:   freeze duration: 1.00
06-28 22:00:20.902 26651 26651 W NearbyFragment: Completed downloading 20200312_193928!002.mp4 from Endpoint{id=WHRz, name=Nexus 5X [34d8]} in 04.708s
06-28 22:00:22.734 26651 29177 W Summariser: No activity detected
06-28 22:00:22.781 26651 29177 W Summariser: Summarisation completed
06-28 22:00:22.781 26651 29177 W Summariser:   filename: 20200312_193928!002.mp4
06-28 22:00:22.781 26651 29177 W Summariser:   active sections: 0
06-28 22:00:22.781 26651 29177 W Summariser:   time: 01.777s
06-28 22:00:22.781 26651 29177 W Summariser:   original duration: 16.06
06-28 22:00:22.781 26651 29177 W Summariser:   noise tolerance: 45.00
06-28 22:00:22.781 26651 29177 W Summariser:   quality: 23
06-28 22:00:22.781 26651 29177 W Summariser:   speed: medium
06-28 22:00:22.781 26651 29177 W Summariser:   freeze duration: 1.00
06-28 22:00:24.467 26651 26651 W NearbyFragment: Completed downloading 20200312_193928!003.mp4 from Endpoint{id=WHRz, name=Nexus 5X [34d8]} in 01.617s
06-28 22:00:25.913 26651 29205 W Summariser: No activity detected
06-28 22:00:25.969 26651 29205 W Summariser: Summarisation completed
06-28 22:00:25.969 26651 29205 W Summariser:   filename: 20200312_193928!003.mp4
06-28 22:00:25.969 26651 29205 W Summariser:   active sections: 0
06-28 22:00:25.969 26651 29205 W Summariser:   time: 01.372s
06-28 22:00:25.969 26651 29205 W Summariser:   original duration: 12.01
06-28 22:00:25.969 26651 29205 W Summariser:   noise tolerance: 45.00
06-28 22:00:25.969 26651 29205 W Summariser:   quality: 23
06-28 22:00:25.969 26651 29205 W Summariser:   speed: medium
06-28 22:00:25.969 26651 29205 W Summariser:   freeze duration: 1.00
06-28 22:00:40.116 26651 26651 W NearbyFragment: Completed downloading 20200312_194129!000.mp4 from Endpoint{id=WHRz, name=Nexus 5X [34d8]} in 02.092s
06-28 22:00:42.038 26651 29242 W Summariser: No activity detected
06-28 22:00:42.082 26651 29242 W Summariser: Summarisation completed
06-28 22:00:42.082 26651 29242 W Summariser:   filename: 20200312_194129!000.mp4
06-28 22:00:42.082 26651 29242 W Summariser:   active sections: 0
06-28 22:00:42.082 26651 29242 W Summariser:   time: 01.868s
06-28 22:00:42.082 26651 29242 W Summariser:   original duration: 16.07
06-28 22:00:42.082 26651 29242 W Summariser:   noise tolerance: 45.00
06-28 22:00:42.082 26651 29242 W Summariser:   quality: 23
06-28 22:00:42.082 26651 29242 W Summariser:   speed: medium
06-28 22:00:42.082 26651 29242 W Summariser:   freeze duration: 1.00
06-28 22:00:44.125 26651 26651 W NearbyFragment: Completed downloading 20200312_194129!001.mp4 from Endpoint{id=WHRz, name=Nexus 5X [34d8]} in 01.825s
06-28 22:00:46.091 26651 29274 W Summariser: 1 active sections found
06-28 22:00:50.291 26651 29274 W Summariser: Summarisation completed
06-28 22:00:50.291 26651 29274 W Summariser:   filename: 20200312_194129!001.mp4
06-28 22:00:50.291 26651 29274 W Summariser:   active sections: 1
06-28 22:00:50.291 26651 29274 W Summariser:   time: 06.017s
06-28 22:00:50.291 26651 29274 W Summariser:   original duration: 16.02
06-28 22:00:50.291 26651 29274 W Summariser:   summarised duration: 2.97
06-28 22:00:50.291 26651 29274 W Summariser:   noise tolerance: 45.00
06-28 22:00:50.291 26651 29274 W Summariser:   quality: 23
06-28 22:00:50.291 26651 29274 W Summariser:   speed: medium
06-28 22:00:50.291 26651 29274 W Summariser:   freeze duration: 1.00
06-28 22:00:50.333 26651 29274 W NearbyFragment: Sending 20200312_194129!001.mp4 to Nexus 5X [34d8]
06-28 22:00:53.273 26651 26651 W NearbyFragment: Completed downloading 20200312_194129!002.mp4 from Endpoint{id=WHRz, name=Nexus 5X [34d8]} in 02.802s
06-28 22:00:55.291 26651 29336 W Summariser: 1 active sections found
06-28 22:01:02.222 26651 29336 W Summariser: Summarisation completed
06-28 22:01:02.222 26651 29336 W Summariser:   filename: 20200312_194129!002.mp4
06-28 22:01:02.222 26651 29336 W Summariser:   active sections: 1
06-28 22:01:02.222 26651 29336 W Summariser:   time: 08.767s
06-28 22:01:02.222 26651 29336 W Summariser:   original duration: 16.01
06-28 22:01:02.222 26651 29336 W Summariser:   summarised duration: 7.37
06-28 22:01:02.222 26651 29336 W Summariser:   noise tolerance: 45.00
06-28 22:01:02.222 26651 29336 W Summariser:   quality: 23
06-28 22:01:02.222 26651 29336 W Summariser:   speed: medium
06-28 22:01:02.222 26651 29336 W Summariser:   freeze duration: 1.00
06-28 22:01:02.278 26651 29336 W NearbyFragment: Sending 20200312_194129!002.mp4 to Nexus 5X [34d8]
06-28 22:01:11.287 26651 26651 W NearbyFragment: Completed downloading 20200312_194229!000.mp4 from Endpoint{id=WHRz, name=Nexus 5X [34d8]} in 07.414s
06-28 22:01:13.281 26651 29408 W Summariser: 1 active sections found
06-28 22:01:19.792 26651 29408 W Summariser: Summarisation completed
06-28 22:01:19.792 26651 29408 W Summariser:   filename: 20200312_194229!000.mp4
06-28 22:01:19.792 26651 29408 W Summariser:   active sections: 1
06-28 22:01:19.792 26651 29408 W Summariser:   time: 08.370s
06-28 22:01:19.792 26651 29408 W Summariser:   original duration: 16.06
06-28 22:01:19.792 26651 29408 W Summariser:   summarised duration: 5.62
06-28 22:01:19.792 26651 29408 W Summariser:   noise tolerance: 45.00
06-28 22:01:19.792 26651 29408 W Summariser:   quality: 23
06-28 22:01:19.792 26651 29408 W Summariser:   speed: medium
06-28 22:01:19.792 26651 29408 W Summariser:   freeze duration: 1.00
06-28 22:01:19.838 26651 29408 W NearbyFragment: Sending 20200312_194229!000.mp4 to Nexus 5X [34d8]
06-28 22:01:21.850 26651 26662 W System  : A resource failed to call close. 
06-28 22:01:21.852 26651 26662 W System  : A resource failed to call close. 
06-28 22:01:21.913 26651 26651 W NearbyFragment: Completed downloading 20200312_194229!002.mp4 from Endpoint{id=WHRz, name=Nexus 5X [34d8]} in 02.004s
06-28 22:01:23.751 26651 29472 W Summariser: No activity detected
06-28 22:01:23.806 26651 29472 W Summariser: Summarisation completed
06-28 22:01:23.806 26651 29472 W Summariser:   filename: 20200312_194229!002.mp4
06-28 22:01:23.806 26651 29472 W Summariser:   active sections: 0
06-28 22:01:23.806 26651 29472 W Summariser:   time: 01.816s
06-28 22:01:23.806 26651 29472 W Summariser:   original duration: 16.01
06-28 22:01:23.806 26651 29472 W Summariser:   noise tolerance: 45.00
06-28 22:01:23.806 26651 29472 W Summariser:   quality: 23
06-28 22:01:23.806 26651 29472 W Summariser:   speed: medium
06-28 22:01:23.806 26651 29472 W Summariser:   freeze duration: 1.00
06-28 22:01:25.632 26651 26651 W NearbyFragment: Completed downloading 20200312_194229!003.mp4 from Endpoint{id=WHRz, name=Nexus 5X [34d8]} in 01.712s
06-28 22:01:27.148 26651 29500 W Summariser: No activity detected
06-28 22:01:27.193 26651 29500 W Summariser: Summarisation completed
06-28 22:01:27.193 26651 29500 W Summariser:   filename: 20200312_194229!003.mp4
06-28 22:01:27.193 26651 29500 W Summariser:   active sections: 0
06-28 22:01:27.193 26651 29500 W Summariser:   time: 01.440s
06-28 22:01:27.193 26651 29500 W Summariser:   original duration: 11.98
06-28 22:01:27.193 26651 29500 W Summariser:   noise tolerance: 45.00
06-28 22:01:27.193 26651 29500 W Summariser:   quality: 23
06-28 22:01:27.193 26651 29500 W Summariser:   speed: medium
06-28 22:01:27.193 26651 29500 W Summariser:   freeze duration: 1.00
06-28 22:01:35.256 26651 26651 W NearbyFragment: Completed downloading 20200312_194330!000.mp4 from Endpoint{id=WHRz, name=Nexus 5X [34d8]} in 02.587s
06-28 22:01:37.215 26651 29529 W Summariser: No activity detected
06-28 22:01:37.259 26651 29529 W Summariser: Summarisation completed
06-28 22:01:37.259 26651 29529 W Summariser:   filename: 20200312_194330!000.mp4
06-28 22:01:37.259 26651 29529 W Summariser:   active sections: 0
06-28 22:01:37.259 26651 29529 W Summariser:   time: 01.897s
06-28 22:01:37.259 26651 29529 W Summariser:   original duration: 16.07
06-28 22:01:37.259 26651 29529 W Summariser:   noise tolerance: 45.00
06-28 22:01:37.259 26651 29529 W Summariser:   quality: 23
06-28 22:01:37.259 26651 29529 W Summariser:   speed: medium
06-28 22:01:37.259 26651 29529 W Summariser:   freeze duration: 1.00
06-28 22:01:39.281 26651 26651 W NearbyFragment: Completed downloading 20200312_194330!001.mp4 from Endpoint{id=WHRz, name=Nexus 5X [34d8]} in 01.774s
06-28 22:01:41.197 26651 29560 W Summariser: No activity detected
06-28 22:01:41.254 26651 29560 W Summariser: Summarisation completed
06-28 22:01:41.254 26651 29560 W Summariser:   filename: 20200312_194330!001.mp4
06-28 22:01:41.254 26651 29560 W Summariser:   active sections: 0
06-28 22:01:41.254 26651 29560 W Summariser:   time: 01.859s
06-28 22:01:41.254 26651 29560 W Summariser:   original duration: 16.01
06-28 22:01:41.254 26651 29560 W Summariser:   noise tolerance: 45.00
06-28 22:01:41.254 26651 29560 W Summariser:   quality: 23
06-28 22:01:41.254 26651 29560 W Summariser:   speed: medium
06-28 22:01:41.254 26651 29560 W Summariser:   freeze duration: 1.00
06-28 22:01:43.403 26651 26651 W NearbyFragment: Completed downloading 20200312_194330!002.mp4 from Endpoint{id=WHRz, name=Nexus 5X [34d8]} in 01.910s
06-28 22:01:45.329 26651 29587 W Summariser: No activity detected
06-28 22:01:45.387 26651 29587 W Summariser: Summarisation completed
06-28 22:01:45.387 26651 29587 W Summariser:   filename: 20200312_194330!002.mp4
06-28 22:01:45.387 26651 29587 W Summariser:   active sections: 0
06-28 22:01:45.387 26651 29587 W Summariser:   time: 01.869s
06-28 22:01:45.387 26651 29587 W Summariser:   original duration: 16.01
06-28 22:01:45.387 26651 29587 W Summariser:   noise tolerance: 45.00
06-28 22:01:45.387 26651 29587 W Summariser:   quality: 23
06-28 22:01:45.387 26651 29587 W Summariser:   speed: medium
06-28 22:01:45.387 26651 29587 W Summariser:   freeze duration: 1.00
06-28 22:01:46.794 26651 26651 W NearbyFragment: Completed downloading 20200312_194330!003.mp4 from Endpoint{id=WHRz, name=Nexus 5X [34d8]} in 01.330s
06-28 22:01:48.287 26651 29614 W Summariser: No activity detected
06-28 22:01:48.334 26651 29614 W Summariser: Summarisation completed
06-28 22:01:48.334 26651 29614 W Summariser:   filename: 20200312_194330!003.mp4
06-28 22:01:48.334 26651 29614 W Summariser:   active sections: 0
06-28 22:01:48.334 26651 29614 W Summariser:   time: 01.441s
06-28 22:01:48.334 26651 29614 W Summariser:   original duration: 12.01
06-28 22:01:48.334 26651 29614 W Summariser:   noise tolerance: 45.00
06-28 22:01:48.334 26651 29614 W Summariser:   quality: 23
06-28 22:01:48.334 26651 29614 W Summariser:   speed: medium
06-28 22:01:48.334 26651 29614 W Summariser:   freeze duration: 1.00
06-28 22:02:00.847 26651 26651 W NearbyFragment: Completed downloading 20200312_194730!000.mp4 from Endpoint{id=WHRz, name=Nexus 5X [34d8]} in 02.330s
06-28 22:02:02.753 26651 29645 W Summariser: No activity detected
06-28 22:02:02.797 26651 29645 W Summariser: Summarisation completed
06-28 22:02:02.797 26651 29645 W Summariser:   filename: 20200312_194730!000.mp4
06-28 22:02:02.797 26651 29645 W Summariser:   active sections: 0
06-28 22:02:02.797 26651 29645 W Summariser:   time: 01.850s
06-28 22:02:02.797 26651 29645 W Summariser:   original duration: 16.07
06-28 22:02:02.797 26651 29645 W Summariser:   noise tolerance: 45.00
06-28 22:02:02.797 26651 29645 W Summariser:   quality: 23
06-28 22:02:02.797 26651 29645 W Summariser:   speed: medium
06-28 22:02:02.797 26651 29645 W Summariser:   freeze duration: 1.00
06-28 22:02:04.892 26651 26651 W NearbyFragment: Completed downloading 20200312_194730!001.mp4 from Endpoint{id=WHRz, name=Nexus 5X [34d8]} in 02.002s
06-28 22:02:06.865 26651 29673 W Summariser: No activity detected
06-28 22:02:06.922 26651 29673 W Summariser: Summarisation completed
06-28 22:02:06.922 26651 29673 W Summariser:   filename: 20200312_194730!001.mp4
06-28 22:02:06.922 26651 29673 W Summariser:   active sections: 0
06-28 22:02:06.922 26651 29673 W Summariser:   time: 01.920s
06-28 22:02:06.922 26651 29673 W Summariser:   original duration: 16.02
06-28 22:02:06.922 26651 29673 W Summariser:   noise tolerance: 45.00
06-28 22:02:06.922 26651 29673 W Summariser:   quality: 23
06-28 22:02:06.922 26651 29673 W Summariser:   speed: medium
06-28 22:02:06.922 26651 29673 W Summariser:   freeze duration: 1.00
06-28 22:02:09.175 26651 26651 W NearbyFragment: Completed downloading 20200312_194730!002.mp4 from Endpoint{id=WHRz, name=Nexus 5X [34d8]} in 02.064s
06-28 22:02:11.090 26651 29704 W Summariser: No activity detected
06-28 22:02:11.099 26651 26662 W System  : A resource failed to call close. 
06-28 22:02:11.101 26651 26662 W System  : A resource failed to call close. 
06-28 22:02:11.147 26651 29704 W Summariser: Summarisation completed
06-28 22:02:11.147 26651 29704 W Summariser:   filename: 20200312_194730!002.mp4
06-28 22:02:11.147 26651 29704 W Summariser:   active sections: 0
06-28 22:02:11.147 26651 29704 W Summariser:   time: 01.866s
06-28 22:02:11.147 26651 29704 W Summariser:   original duration: 16.01
06-28 22:02:11.147 26651 29704 W Summariser:   noise tolerance: 45.00
06-28 22:02:11.147 26651 29704 W Summariser:   quality: 23
06-28 22:02:11.147 26651 29704 W Summariser:   speed: medium
06-28 22:02:11.147 26651 29704 W Summariser:   freeze duration: 1.00
06-28 22:02:12.745 26651 26651 W NearbyFragment: Completed downloading 20200312_194730!003.mp4 from Endpoint{id=WHRz, name=Nexus 5X [34d8]} in 01.541s
06-28 22:02:14.255 26651 29731 W Summariser: No activity detected
06-28 22:02:14.300 26651 29731 W Summariser: Summarisation completed
06-28 22:02:14.300 26651 29731 W Summariser:   filename: 20200312_194730!003.mp4
06-28 22:02:14.300 26651 29731 W Summariser:   active sections: 0
06-28 22:02:14.300 26651 29731 W Summariser:   time: 01.447s
06-28 22:02:14.300 26651 29731 W Summariser:   original duration: 12.03
06-28 22:02:14.300 26651 29731 W Summariser:   noise tolerance: 45.00
06-28 22:02:14.300 26651 29731 W Summariser:   quality: 23
06-28 22:02:14.300 26651 29731 W Summariser:   speed: medium
06-28 22:02:14.300 26651 29731 W Summariser:   freeze duration: 1.00
06-28 22:02:21.824 26651 26651 W NearbyFragment: Completed downloading 20200312_194830!000.mp4 from Endpoint{id=WHRz, name=Nexus 5X [34d8]} in 01.883s
06-28 22:02:23.799 26651 29762 W Summariser: 1 active sections found
06-28 22:02:28.980 26651 29762 W Summariser: Summarisation completed
06-28 22:02:28.980 26651 29762 W Summariser:   filename: 20200312_194830!000.mp4
06-28 22:02:28.980 26651 29762 W Summariser:   active sections: 1
06-28 22:02:28.980 26651 29762 W Summariser:   time: 07.003s
06-28 22:02:28.980 26651 29762 W Summariser:   original duration: 16.06
06-28 22:02:28.980 26651 29762 W Summariser:   summarised duration: 3.97
06-28 22:02:28.980 26651 29762 W Summariser:   noise tolerance: 45.00
06-28 22:02:28.980 26651 29762 W Summariser:   quality: 23
06-28 22:02:28.980 26651 29762 W Summariser:   speed: medium
06-28 22:02:28.980 26651 29762 W Summariser:   freeze duration: 1.00
06-28 22:02:29.034 26651 29762 W NearbyFragment: Sending 20200312_194830!000.mp4 to Nexus 5X [34d8]
06-28 22:02:31.424 26651 26651 W NearbyFragment: Completed downloading 20200312_194830!001.mp4 from Endpoint{id=WHRz, name=Nexus 5X [34d8]} in 02.287s
06-28 22:02:33.537 26651 29823 W Summariser: 2 active sections found
06-28 22:02:41.914 26651 29823 W Summariser: Summarisation completed
06-28 22:02:41.914 26651 29823 W Summariser:   filename: 20200312_194830!001.mp4
06-28 22:02:41.914 26651 29823 W Summariser:   active sections: 2
06-28 22:02:41.914 26651 29823 W Summariser:   time: 10.322s
06-28 22:02:41.914 26651 29823 W Summariser:   original duration: 16.01
06-28 22:02:41.914 26651 29823 W Summariser:   summarised duration: 8.10
06-28 22:02:41.914 26651 29823 W Summariser:   noise tolerance: 45.00
06-28 22:02:41.914 26651 29823 W Summariser:   quality: 23
06-28 22:02:41.914 26651 29823 W Summariser:   speed: medium
06-28 22:02:41.914 26651 29823 W Summariser:   freeze duration: 1.00
06-28 22:02:41.979 26651 29823 W NearbyFragment: Sending 20200312_194830!001.mp4 to Nexus 5X [34d8]
06-28 22:02:45.053 26651 26651 W NearbyFragment: Completed downloading 20200312_194830!003.mp4 from Endpoint{id=WHRz, name=Nexus 5X [34d8]} in 02.962s
06-28 22:02:46.464 26651 29889 W Summariser: No activity detected
06-28 22:02:46.509 26651 29889 W Summariser: Summarisation completed
06-28 22:02:46.509 26651 29889 W Summariser:   filename: 20200312_194830!003.mp4
06-28 22:02:46.509 26651 29889 W Summariser:   active sections: 0
06-28 22:02:46.509 26651 29889 W Summariser:   time: 01.377s
06-28 22:02:46.509 26651 29889 W Summariser:   original duration: 11.98
06-28 22:02:46.509 26651 29889 W Summariser:   noise tolerance: 45.00
06-28 22:02:46.509 26651 29889 W Summariser:   quality: 23
06-28 22:02:46.509 26651 29889 W Summariser:   speed: medium
06-28 22:02:46.509 26651 29889 W Summariser:   freeze duration: 1.00
06-28 22:02:48.331 26651 26651 W NearbyFragment: Completed downloading 20200312_194930!000.mp4 from Endpoint{id=WHRz, name=Nexus 5X [34d8]} in 01.719s
06-28 22:02:50.370 26651 29916 W Summariser: 1 active sections found
06-28 22:02:59.894 26651 29916 W Summariser: Summarisation completed
06-28 22:02:59.894 26651 29916 W Summariser:   filename: 20200312_194930!000.mp4
06-28 22:02:59.894 26651 29916 W Summariser:   active sections: 1
06-28 22:02:59.894 26651 29916 W Summariser:   time: 11.407s
06-28 22:02:59.894 26651 29916 W Summariser:   original duration: 16.07
06-28 22:02:59.894 26651 29916 W Summariser:   summarised duration: 9.36
06-28 22:02:59.894 26651 29916 W Summariser:   noise tolerance: 45.00
06-28 22:02:59.894 26651 29916 W Summariser:   quality: 23
06-28 22:02:59.894 26651 29916 W Summariser:   speed: medium
06-28 22:02:59.894 26651 29916 W Summariser:   freeze duration: 1.00
06-28 22:02:59.953 26651 29916 W NearbyFragment: Sending 20200312_194930!000.mp4 to Nexus 5X [34d8]
06-28 22:03:02.031 26651 26651 W NearbyFragment: Completed downloading 20200312_194930!001.mp4 from Endpoint{id=WHRz, name=Nexus 5X [34d8]} in 01.980s
06-28 22:03:03.995 26651 29980 W Summariser: 1 active sections found
06-28 22:03:05.249 26651 26651 W NearbyFragment: Completed downloading 20200312_194930!002.mp4 from Endpoint{id=WHRz, name=Nexus 5X [34d8]} in 01.823s
06-28 22:03:06.289 26651 29980 W Summariser: Summarisation completed
06-28 22:03:06.289 26651 29980 W Summariser:   filename: 20200312_194930!001.mp4
06-28 22:03:06.289 26651 29980 W Summariser:   active sections: 1
06-28 22:03:06.289 26651 29980 W Summariser:   time: 04.143s
06-28 22:03:06.289 26651 29980 W Summariser:   original duration: 16.01
06-28 22:03:06.289 26651 29980 W Summariser:   summarised duration: 2.02
06-28 22:03:06.289 26651 29980 W Summariser:   noise tolerance: 45.00
06-28 22:03:06.289 26651 29980 W Summariser:   quality: 23
06-28 22:03:06.289 26651 29980 W Summariser:   speed: medium
06-28 22:03:06.289 26651 29980 W Summariser:   freeze duration: 1.00
06-28 22:03:06.339 26651 29980 W NearbyFragment: Sending 20200312_194930!001.mp4 to Nexus 5X [34d8]
06-28 22:03:07.441 26651 26662 W System  : A resource failed to call close. 
06-28 22:03:07.441 26651 26662 W System  : A resource failed to call close. 
06-28 22:03:07.441 26651 26662 W System  : A resource failed to call close. 
06-28 22:03:07.443 26651 26662 W System  : A resource failed to call close. 
06-28 22:03:08.053 26651 26651 W NearbyFragment: Completed downloading 20200312_194930!003.mp4 from Endpoint{id=WHRz, name=Nexus 5X [34d8]} in 01.652s
06-28 22:03:08.484 26651 29980 W Summariser: No activity detected
06-28 22:03:08.539 26651 29980 W Summariser: Summarisation completed
06-28 22:03:08.539 26651 29980 W Summariser:   filename: 20200312_194930!002.mp4
06-28 22:03:08.539 26651 29980 W Summariser:   active sections: 0
06-28 22:03:08.539 26651 29980 W Summariser:   time: 02.127s
06-28 22:03:08.539 26651 29980 W Summariser:   original duration: 16.01
06-28 22:03:08.539 26651 29980 W Summariser:   noise tolerance: 45.00
06-28 22:03:08.539 26651 29980 W Summariser:   quality: 23
06-28 22:03:08.539 26651 29980 W Summariser:   speed: medium
06-28 22:03:08.539 26651 29980 W Summariser:   freeze duration: 1.00
06-28 22:03:10.288 26651 29980 W Summariser: 1 active sections found
06-28 22:03:10.784 26651 26651 W NearbyFragment: Completed downloading 20200312_195230!000.mp4 from Endpoint{id=WHRz, name=Nexus 5X [34d8]} in 02.101s
06-28 22:03:21.655 26651 29980 W Summariser: Summarisation completed
06-28 22:03:21.655 26651 29980 W Summariser:   filename: 20200312_194930!003.mp4
06-28 22:03:21.655 26651 29980 W Summariser:   active sections: 1
06-28 22:03:21.655 26651 29980 W Summariser:   time: 13.018s
06-28 22:03:21.655 26651 29980 W Summariser:   original duration: 12.01
06-28 22:03:21.655 26651 29980 W Summariser:   summarised duration: 10.95
06-28 22:03:21.655 26651 29980 W Summariser:   noise tolerance: 45.00
06-28 22:03:21.655 26651 29980 W Summariser:   quality: 23
06-28 22:03:21.655 26651 29980 W Summariser:   speed: medium
06-28 22:03:21.655 26651 29980 W Summariser:   freeze duration: 1.00
06-28 22:03:21.733 26651 29980 W NearbyFragment: Sending 20200312_194930!003.mp4 to Nexus 5X [34d8]
06-28 22:03:24.075 26651 29980 W Summariser: No activity detected
06-28 22:03:24.105 26651 29980 W Summariser: Summarisation completed
06-28 22:03:24.105 26651 29980 W Summariser:   filename: 20200312_195230!000.mp4
06-28 22:03:24.105 26651 29980 W Summariser:   active sections: 0
06-28 22:03:24.105 26651 29980 W Summariser:   time: 02.306s
06-28 22:03:24.105 26651 29980 W Summariser:   original duration: 16.07
06-28 22:03:24.105 26651 29980 W Summariser:   noise tolerance: 45.00
06-28 22:03:24.105 26651 29980 W Summariser:   quality: 23
06-28 22:03:24.105 26651 29980 W Summariser:   speed: medium
06-28 22:03:24.105 26651 29980 W Summariser:   freeze duration: 1.00
06-28 22:03:24.237 26651 26651 W NearbyFragment: Completed downloading 20200312_195230!002.mp4 from Endpoint{id=WHRz, name=Nexus 5X [34d8]} in 02.326s
06-28 22:03:25.957 26651 26651 W NearbyFragment: Completed downloading 20200312_195230!003.mp4 from Endpoint{id=WHRz, name=Nexus 5X [34d8]} in 01.682s
06-28 22:03:26.431 26651 30159 W Summariser: No activity detected
06-28 22:03:26.487 26651 30159 W Summariser: Summarisation completed
06-28 22:03:26.487 26651 30159 W Summariser:   filename: 20200312_195230!002.mp4
06-28 22:03:26.487 26651 30159 W Summariser:   active sections: 0
06-28 22:03:26.487 26651 30159 W Summariser:   time: 02.125s
06-28 22:03:26.487 26651 30159 W Summariser:   original duration: 16.01
06-28 22:03:26.487 26651 30159 W Summariser:   noise tolerance: 45.00
06-28 22:03:26.487 26651 30159 W Summariser:   quality: 23
06-28 22:03:26.487 26651 30159 W Summariser:   speed: medium
06-28 22:03:26.487 26651 30159 W Summariser:   freeze duration: 1.00
06-28 22:03:27.862 26651 30159 W Summariser: No activity detected
06-28 22:03:27.907 26651 30159 W Summariser: Summarisation completed
06-28 22:03:27.907 26651 30159 W Summariser:   filename: 20200312_195230!003.mp4
06-28 22:03:27.907 26651 30159 W Summariser:   active sections: 0
06-28 22:03:27.907 26651 30159 W Summariser:   time: 01.362s
06-28 22:03:27.907 26651 30159 W Summariser:   original duration: 12.01
06-28 22:03:27.907 26651 30159 W Summariser:   noise tolerance: 45.00
06-28 22:03:27.907 26651 30159 W Summariser:   quality: 23
06-28 22:03:27.907 26651 30159 W Summariser:   speed: medium
06-28 22:03:27.907 26651 30159 W Summariser:   freeze duration: 1.00
06-28 22:03:32.077 26651 26651 W NearbyFragment: Completed downloading 20200312_195330!000.mp4 from Endpoint{id=WHRz, name=Nexus 5X [34d8]} in 02.024s
06-28 22:03:33.996 26651 30215 W Summariser: 1 active sections found
06-28 22:03:36.711 26651 30215 W Summariser: Summarisation completed
06-28 22:03:36.711 26651 30215 W Summariser:   filename: 20200312_195330!000.mp4
06-28 22:03:36.711 26651 30215 W Summariser:   active sections: 1
06-28 22:03:36.711 26651 30215 W Summariser:   time: 04.516s
06-28 22:03:36.711 26651 30215 W Summariser:   original duration: 16.07
06-28 22:03:36.711 26651 30215 W Summariser:   summarised duration: 1.11
06-28 22:03:36.711 26651 30215 W Summariser:   noise tolerance: 45.00
06-28 22:03:36.711 26651 30215 W Summariser:   quality: 23
06-28 22:03:36.711 26651 30215 W Summariser:   speed: medium
06-28 22:03:36.711 26651 30215 W Summariser:   freeze duration: 1.00
06-28 22:03:36.789 26651 30215 W NearbyFragment: Sending 20200312_195330!000.mp4 to Nexus 5X [34d8]
06-28 22:03:38.867 26651 26651 W NearbyFragment: Completed downloading 20200312_195330!001.mp4 from Endpoint{id=WHRz, name=Nexus 5X [34d8]} in 01.989s
06-28 22:03:40.827 26651 30277 W Summariser: 2 active sections found
06-28 22:03:51.642 26651 30277 W Summariser: Summarisation completed
06-28 22:03:51.642 26651 30277 W Summariser:   filename: 20200312_195330!001.mp4
06-28 22:03:51.642 26651 30277 W Summariser:   active sections: 2
06-28 22:03:51.642 26651 30277 W Summariser:   time: 12.615s
06-28 22:03:51.642 26651 30277 W Summariser:   original duration: 16.02
06-28 22:03:51.642 26651 30277 W Summariser:   summarised duration: 10.91
06-28 22:03:51.642 26651 30277 W Summariser:   noise tolerance: 45.00
06-28 22:03:51.642 26651 30277 W Summariser:   quality: 23
06-28 22:03:51.642 26651 30277 W Summariser:   speed: medium
06-28 22:03:51.642 26651 30277 W Summariser:   freeze duration: 1.00
06-28 22:03:51.709 26651 30277 W NearbyFragment: Sending 20200312_195330!001.mp4 to Nexus 5X [34d8]
06-28 22:03:53.811 26651 26651 W NearbyFragment: Completed downloading 20200312_195330!002.mp4 from Endpoint{id=WHRz, name=Nexus 5X [34d8]} in 02.519s
06-28 22:03:55.255 26651 26651 W NearbyFragment: Completed downloading 20200312_195330!003.mp4 from Endpoint{id=WHRz, name=Nexus 5X [34d8]} in 02.900s
06-28 22:03:55.968 26651 30345 W Summariser: 2 active sections found
06-28 22:03:55.993 26651 26662 W System  : A resource failed to call close. 
06-28 22:03:55.996 26651 26662 W System  : A resource failed to call close. 
06-28 22:04:04.493 26651 30345 W Summariser: Summarisation completed
06-28 22:04:04.493 26651 30345 W Summariser:   filename: 20200312_195330!002.mp4
06-28 22:04:04.493 26651 30345 W Summariser:   active sections: 2
06-28 22:04:04.493 26651 30345 W Summariser:   time: 10.529s
06-28 22:04:04.493 26651 30345 W Summariser:   original duration: 16.01
06-28 22:04:04.493 26651 30345 W Summariser:   summarised duration: 9.07
06-28 22:04:04.493 26651 30345 W Summariser:   noise tolerance: 45.00
06-28 22:04:04.493 26651 30345 W Summariser:   quality: 23
06-28 22:04:04.493 26651 30345 W Summariser:   speed: medium
06-28 22:04:04.493 26651 30345 W Summariser:   freeze duration: 1.00
06-28 22:04:04.541 26651 30345 W NearbyFragment: Sending 20200312_195330!002.mp4 to Nexus 5X [34d8]
06-28 22:04:06.258 26651 30345 W Summariser: 1 active sections found
06-28 22:04:06.902 26651 26651 W NearbyFragment: Completed downloading 20200312_195430!001.mp4 from Endpoint{id=WHRz, name=Nexus 5X [34d8]} in 02.210s
06-28 22:04:10.228 26651 30345 W Summariser: Summarisation completed
06-28 22:04:10.228 26651 30345 W Summariser:   filename: 20200312_195330!003.mp4
06-28 22:04:10.228 26651 30345 W Summariser:   active sections: 1
06-28 22:04:10.228 26651 30345 W Summariser:   time: 05.582s
06-28 22:04:10.228 26651 30345 W Summariser:   original duration: 12.03
06-28 22:04:10.228 26651 30345 W Summariser:   summarised duration: 3.53
06-28 22:04:10.228 26651 30345 W Summariser:   noise tolerance: 45.00
06-28 22:04:10.228 26651 30345 W Summariser:   quality: 23
06-28 22:04:10.228 26651 30345 W Summariser:   speed: medium
06-28 22:04:10.228 26651 30345 W Summariser:   freeze duration: 1.00
06-28 22:04:10.256 26651 30345 W NearbyFragment: Sending 20200312_195330!003.mp4 to Nexus 5X [34d8]
06-28 22:04:12.487 26651 26651 W NearbyFragment: Completed downloading 20200312_195430!002.mp4 from Endpoint{id=WHRz, name=Nexus 5X [34d8]} in 02.113s
06-28 22:04:12.562 26651 30345 W Summariser: 2 active sections found
06-28 22:04:18.855 26651 30345 W Summariser: Summarisation completed
06-28 22:04:18.855 26651 30345 W Summariser:   filename: 20200312_195430!001.mp4
06-28 22:04:18.855 26651 30345 W Summariser:   active sections: 2
06-28 22:04:18.855 26651 30345 W Summariser:   time: 08.509s
06-28 22:04:18.855 26651 30345 W Summariser:   original duration: 16.01
06-28 22:04:18.855 26651 30345 W Summariser:   summarised duration: 5.90
06-28 22:04:18.855 26651 30345 W Summariser:   noise tolerance: 45.00
06-28 22:04:18.855 26651 30345 W Summariser:   quality: 23
06-28 22:04:18.855 26651 30345 W Summariser:   speed: medium
06-28 22:04:18.855 26651 30345 W Summariser:   freeze duration: 1.00
06-28 22:04:18.902 26651 30345 W NearbyFragment: Sending 20200312_195430!001.mp4 to Nexus 5X [34d8]
06-28 22:04:20.722 26651 26651 W NearbyFragment: Completed downloading 20200312_195430!003.mp4 from Endpoint{id=WHRz, name=Nexus 5X [34d8]} in 01.660s
06-28 22:04:21.152 26651 30345 W Summariser: 2 active sections found
06-28 22:04:27.021 26651 30345 W Summariser: Summarisation completed
06-28 22:04:27.021 26651 30345 W Summariser:   filename: 20200312_195430!002.mp4
06-28 22:04:27.021 26651 30345 W Summariser:   active sections: 2
06-28 22:04:27.021 26651 30345 W Summariser:   time: 08.011s
06-28 22:04:27.021 26651 30345 W Summariser:   original duration: 16.01
06-28 22:04:27.021 26651 30345 W Summariser:   summarised duration: 6.17
06-28 22:04:27.021 26651 30345 W Summariser:   noise tolerance: 45.00
06-28 22:04:27.021 26651 30345 W Summariser:   quality: 23
06-28 22:04:27.021 26651 30345 W Summariser:   speed: medium
06-28 22:04:27.021 26651 30345 W Summariser:   freeze duration: 1.00
06-28 22:04:27.068 26651 30345 W NearbyFragment: Sending 20200312_195430!002.mp4 to Nexus 5X [34d8]
06-28 22:04:28.675 26651 30345 W Summariser: 1 active sections found
06-28 22:04:32.891 26651 30345 W Summariser: Summarisation completed
06-28 22:04:32.891 26651 30345 W Summariser:   filename: 20200312_195430!003.mp4
06-28 22:04:32.891 26651 30345 W Summariser:   active sections: 1
06-28 22:04:32.891 26651 30345 W Summariser:   time: 05.693s
06-28 22:04:32.891 26651 30345 W Summariser:   original duration: 11.98
06-28 22:04:32.891 26651 30345 W Summariser:   summarised duration: 4.54
06-28 22:04:32.891 26651 30345 W Summariser:   noise tolerance: 45.00
06-28 22:04:32.891 26651 30345 W Summariser:   quality: 23
06-28 22:04:32.891 26651 30345 W Summariser:   speed: medium
06-28 22:04:32.891 26651 30345 W Summariser:   freeze duration: 1.00
06-28 22:04:32.963 26651 30345 W NearbyFragment: Sending 20200312_195430!003.mp4 to Nexus 5X [34d8]
