--------- beginning of main
07-05 22:30:34.808  4273  4273 E Zygote  : isWhitelistProcess - Process is Whitelisted
07-05 22:30:34.810  4273  4273 E Zygote  : accessInfo : 1
--------- beginning of system
07-05 22:30:36.345  4273  4273 W LogFactory: Truncating log tag length as it exceed 23, the limit imposed by Android on certain API Levels
07-05 22:30:36.654  4273  4273 W ActivityThread: handleWindowVisibility: no activity for token android.os.BinderProxy@b6ddef0
07-05 22:30:36.727  4273  4273 W example.edgesu: Accessing hidden method Landroid/graphics/drawable/Drawable;->getOpticalInsets()Landroid/graphics/Insets; (light greylist, linking)
07-05 22:30:36.727  4273  4273 W example.edgesu: Accessing hidden field Landroid/graphics/Insets;->left:I (light greylist, linking)
07-05 22:30:36.727  4273  4273 W example.edgesu: Accessing hidden field Landroid/graphics/Insets;->right:I (light greylist, linking)
07-05 22:30:36.727  4273  4273 W example.edgesu: Accessing hidden field Landroid/graphics/Insets;->top:I (light greylist, linking)
07-05 22:30:36.727  4273  4273 W example.edgesu: Accessing hidden field Landroid/graphics/Insets;->bottom:I (light greylist, linking)
07-05 22:30:36.774  4273  4273 W example.edgesu: Accessing hidden method Landroid/view/View;->computeFitSystemWindows(Landroid/graphics/Rect;Landroid/graphics/Rect;)Z (light greylist, reflection)
07-05 22:30:36.775  4273  4273 W example.edgesu: Accessing hidden method Landroid/view/ViewGroup;->makeOptionalFitsSystemWindows()V (light greylist, reflection)
07-05 22:30:36.881  4273  4273 W example.edgesu: Accessing hidden method Landroid/widget/TextView;->getTextDirectionHeuristic()Landroid/text/TextDirectionHeuristic; (light greylist, linking)
07-05 22:30:36.890  4273  4273 W example.edgesu: Accessing hidden field Landroid/view/View;->mAccessibilityDelegate:Landroid/view/View$AccessibilityDelegate; (light greylist, reflection)
07-05 22:30:37.213  4273  4273 E TransferService: No notification is passed in the intent. Unable to transition to foreground.
07-05 22:30:37.266  4273  4273 W StaticLayout: maxLineHeight should not be -1.  maxLines:1 lineCount:1
07-05 22:30:37.276  4273  4273 W StaticLayout: maxLineHeight should not be -1.  maxLines:1 lineCount:1
07-05 22:30:37.280  4273  4273 W StaticLayout: maxLineHeight should not be -1.  maxLines:1 lineCount:1
07-05 22:30:37.285  4273  4273 W StaticLayout: maxLineHeight should not be -1.  maxLines:1 lineCount:1
07-05 22:30:37.303  4273  4273 W StaticLayout: maxLineHeight should not be -1.  maxLines:1 lineCount:1
07-05 22:30:37.310  4273  4273 W StaticLayout: maxLineHeight should not be -1.  maxLines:1 lineCount:1
07-05 22:30:56.784  4273  4273 W example.edgesu: Accessing hidden method Landroid/graphics/FontFamily;-><init>()V (light greylist, reflection)
07-05 22:30:56.784  4273  4273 W example.edgesu: Accessing hidden method Landroid/graphics/FontFamily;->addFontFromAssetManager(Landroid/content/res/AssetManager;Ljava/lang/String;IZIII[Landroid/graphics/fonts/FontVariationAxis;)Z (light greylist, reflection)
07-05 22:30:56.784  4273  4273 W example.edgesu: Accessing hidden method Landroid/graphics/FontFamily;->addFontFromBuffer(Ljava/nio/ByteBuffer;I[Landroid/graphics/fonts/FontVariationAxis;II)Z (light greylist, reflection)
07-05 22:30:56.784  4273  4273 W example.edgesu: Accessing hidden method Landroid/graphics/FontFamily;->freeze()Z (light greylist, reflection)
07-05 22:30:56.784  4273  4273 W example.edgesu: Accessing hidden method Landroid/graphics/FontFamily;->abortCreation()V (light greylist, reflection)
07-05 22:30:56.785  4273  4273 W example.edgesu: Accessing hidden method Landroid/graphics/Typeface;->createFromFamiliesWithDefault([Landroid/graphics/FontFamily;Ljava/lang/String;II)Landroid/graphics/Typeface; (light greylist, reflection)
07-05 22:30:58.194  4273  4297 W libEGL  : EGLNativeWindowType 0x78d69c4010 disconnect failed
07-05 22:30:58.236  4273  4273 E ViewRootImpl: sendUserActionEvent() returned.
07-05 22:31:18.590  4273  4297 W libEGL  : EGLNativeWindowType 0x78d659b010 disconnect failed
07-05 22:31:18.631  4273  4273 E ViewRootImpl: sendUserActionEvent() returned.
07-05 22:31:33.178  4273  4273 W NearbyFragment: Preferences:
07-05 22:31:33.178  4273  4273 W NearbyFragment:   Auto download: true
07-05 22:31:33.178  4273  4273 W NearbyFragment:   Algorithm: ordered
07-05 22:31:33.178  4273  4273 W NearbyFragment:   Fast scheduling: true
07-05 22:31:33.178  4273  4273 W NearbyFragment:   Segmentation: true
07-05 22:31:33.178  4273  4273 W NearbyFragment:   Auto segmentation: false
07-05 22:31:33.178  4273  4273 W NearbyFragment:   Segment number: 4
07-05 22:31:33.178  4273  4273 W NearbyFragment:   Noise tolerance: 45.00
07-05 22:31:33.178  4273  4273 W NearbyFragment:   Quality: 23
07-05 22:31:33.178  4273  4273 W NearbyFragment:   Speed: medium
07-05 22:31:33.178  4273  4273 W NearbyFragment:   Freeze duration: 1.00
07-05 22:31:33.179  4273  4273 W NearbyFragment: Download delay: 1s
07-05 22:31:33.179  4273  4273 W NearbyFragment: Started downloading from dashcam
07-05 22:31:50.869  4273  4777 W DashDownloadManager: Successfully downloaded 20200312_150643.mp4 in 17.510s
07-05 22:31:50.988  4273  4789 W mobile-ffmpeg: [mov,mp4,m4a,3gp,3g2,mj2 @ 0x78ef0ba400] Found duplicated MOOV Atom. Skipped it
07-05 22:31:51.115  4273  4789 W mobile-ffmpeg: [mov,mp4,m4a,3gp,3g2,mj2 @ 0x78ef0ba400] Found duplicated MOOV Atom. Skipped it
07-05 22:31:51.472  4273  4777 W NearbyFragment: Sending 20200312_150643!000.mp4 to Nexus 5X [34d8]
07-05 22:31:51.475  4273  4777 W NearbyFragment: Sending 20200312_150643!001.mp4 to Nexus 5 [1825]
07-05 22:32:02.662  4273  4273 W NearbyFragment: Sending 20200312_150643!002.mp4 to Nexus 5X [34d8]
07-05 22:32:06.091  4273  4273 W NearbyFragment: Sending 20200312_150643!003.mp4 to Nexus 5X [34d8]
07-05 22:32:21.209  4273  4777 W DashDownloadManager: Successfully downloaded 20200312_150744.mp4 in 28.648s
07-05 22:32:21.219  4273  4789 W mobile-ffmpeg: [mov,mp4,m4a,3gp,3g2,mj2 @ 0x78d60e4800] Found duplicated MOOV Atom. Skipped it
07-05 22:32:21.306  4273  4789 W mobile-ffmpeg: [mov,mp4,m4a,3gp,3g2,mj2 @ 0x78d60e4800] Found duplicated MOOV Atom. Skipped it
07-05 22:32:21.649  4273  4777 W NearbyFragment: Sending 20200312_150744!000.mp4 to Nexus 5 [1825]
07-05 22:32:24.035  4273  4273 W NearbyFragment: Sending 20200312_150744!001.mp4 to Nexus 5X [34d8]
07-05 22:32:27.664  4273  4273 W NearbyFragment: Sending 20200312_150744!002.mp4 to Nexus 5X [34d8]
07-05 22:32:27.758  4273  4282 W System  : A resource failed to call close. 
07-05 22:32:27.765  4273  4282 W System  : A resource failed to call close. 
07-05 22:32:33.543  4273  4273 W NearbyFragment: Sending 20200312_150744!003.mp4 to Nexus 5 [1825]
07-05 22:32:52.774  4273  4777 W DashDownloadManager: Successfully downloaded 20200312_150844.mp4 in 30.008s
07-05 22:32:52.784  4273  4789 W mobile-ffmpeg: [mov,mp4,m4a,3gp,3g2,mj2 @ 0x78d60e4800] Found duplicated MOOV Atom. Skipped it
07-05 22:32:52.874  4273  4789 W mobile-ffmpeg: [mov,mp4,m4a,3gp,3g2,mj2 @ 0x78d60e4800] Found duplicated MOOV Atom. Skipped it
07-05 22:32:53.296  4273  4777 W NearbyFragment: Sending 20200312_150844!000.mp4 to Nexus 5X [34d8]
07-05 22:32:57.580  4273  4273 W NearbyFragment: Sending 20200312_150844!001.mp4 to Nexus 5X [34d8]
07-05 22:32:58.911  4273  4273 W example.edgesu: Accessing hidden method Landroid/view/View;->getTransitionAlpha()F (light greylist, linking)
07-05 22:32:58.911  4273  4273 W example.edgesu: Accessing hidden method Landroid/view/View;->setTransitionAlpha(F)V (light greylist, linking)
07-05 22:32:58.911  4273  4273 W example.edgesu: Accessing hidden method Landroid/view/View;->setAnimationMatrix(Landroid/graphics/Matrix;)V (light greylist, linking)
07-05 22:32:58.911  4273  4273 W example.edgesu: Accessing hidden method Landroid/view/View;->transformMatrixToGlobal(Landroid/graphics/Matrix;)V (light greylist, linking)
07-05 22:32:58.911  4273  4273 W example.edgesu: Accessing hidden method Landroid/view/View;->transformMatrixToLocal(Landroid/graphics/Matrix;)V (light greylist, linking)
07-05 22:32:58.911  4273  4273 W example.edgesu: Accessing hidden method Landroid/view/View;->setLeftTopRightBottom(IIII)V (light greylist, linking)
07-05 22:32:58.912  4273  4273 W example.edgesu: Accessing hidden method Landroid/view/View;->setTransitionVisibility(I)V (dark greylist, linking)
07-05 22:32:58.942  4273  4273 W StaticLayout: maxLineHeight should not be -1.  maxLines:1 lineCount:1
07-05 22:32:58.947  4273  4273 W StaticLayout: maxLineHeight should not be -1.  maxLines:1 lineCount:1
07-05 22:32:58.958  4273  4273 W example.edgesu: Accessing hidden field Landroid/view/View;->mViewFlags:I (light greylist, reflection)
07-05 22:32:58.960  4273  4273 W example.edgesu: Accessing hidden method Landroid/view/ViewGroup;->suppressLayout(Z)V (light greylist, linking)
07-05 22:33:02.858  4273  4273 W NearbyFragment: Sending 20200312_150844!002.mp4 to Nexus 5 [1825]
07-05 22:33:04.844  4273  4273 W NearbyFragment: Sending 20200312_150844!003.mp4 to Nexus 5 [1825]
07-05 22:33:09.898  4273  4273 W NearbyFragment: Completed downloading 20200312_150744!003.mp4 from Endpoint{id=w2Lc, name=Nexus 5 [1825]} in 05.062s
07-05 22:33:10.032  4273  4273 W FfmpegTools: Single segment returned, duration of 20200312_150744: 4.89
07-05 22:33:14.670  4273  4273 W NearbyFragment: Completed downloading 20200312_150844!000.mp4 from Endpoint{id=Qd2N, name=Nexus 5X [34d8]} in 09.546s
07-05 22:33:19.350  4273  4273 W NearbyFragment: Completed downloading 20200312_150844!001.mp4 from Endpoint{id=Qd2N, name=Nexus 5X [34d8]} in 06.202s
07-05 22:33:24.136  4273  4273 W NearbyFragment: Completed downloading 20200312_150844!002.mp4 from Endpoint{id=w2Lc, name=Nexus 5 [1825]} in 06.529s
07-05 22:33:28.714  4273  4273 W NearbyFragment: Completed downloading 20200312_150844!003.mp4 from Endpoint{id=w2Lc, name=Nexus 5 [1825]} in 03.786s
07-05 22:33:29.699  4273  4273 W FfmpegTools: Merged duration of 20200312_150844: 60.08
07-05 22:33:38.013  4273  4777 W DashDownloadManager: Successfully downloaded 20200312_150944.mp4 in 43.633s
07-05 22:33:38.023  4273  4789 W mobile-ffmpeg: [mov,mp4,m4a,3gp,3g2,mj2 @ 0x78d61a5e00] Found duplicated MOOV Atom. Skipped it
07-05 22:33:38.117  4273  4789 W mobile-ffmpeg: [mov,mp4,m4a,3gp,3g2,mj2 @ 0x78d61a5e00] Found duplicated MOOV Atom. Skipped it
07-05 22:33:38.441  4273  4777 W NearbyFragment: Sending 20200312_150944!000.mp4 to Nexus 5X [34d8]
07-05 22:33:42.581  4273  4273 W NearbyFragment: Sending 20200312_150944!001.mp4 to Nexus 5X [34d8]
07-05 22:33:47.232  4273  4273 W NearbyFragment: Sending 20200312_150944!002.mp4 to Nexus 5 [1825]
07-05 22:33:53.491  4273  4273 W NearbyFragment: Sending 20200312_150944!003.mp4 to Nexus 5 [1825]
07-05 22:34:07.228  4273  4777 W DashDownloadManager: Successfully downloaded 20200312_151044.mp4 in 27.665s
07-05 22:34:07.243  4273  4789 W mobile-ffmpeg: [mov,mp4,m4a,3gp,3g2,mj2 @ 0x78d61a5e00] Found duplicated MOOV Atom. Skipped it
07-05 22:34:07.338  4273  4789 W mobile-ffmpeg: [mov,mp4,m4a,3gp,3g2,mj2 @ 0x78d61a5e00] Found duplicated MOOV Atom. Skipped it
07-05 22:34:07.661  4273  4777 W NearbyFragment: Sending 20200312_151044!000.mp4 to Nexus 5 [1825]
07-05 22:34:10.426  4273  4273 W NearbyFragment: Sending 20200312_151044!001.mp4 to Nexus 5 [1825]
07-05 22:34:12.045  4273  4273 W NearbyFragment: Completed downloading 20200312_150944!000.mp4 from Endpoint{id=Qd2N, name=Nexus 5X [34d8]} in 01.621s
07-05 22:34:14.719  4273  4273 W NearbyFragment: Sending 20200312_151044!002.mp4 to Nexus 5X [34d8]
07-05 22:34:16.005  4273  4273 W FfmpegTools: Single segment returned, duration of 20200312_150944: 7.07
07-05 22:34:16.119  4273  4273 W NearbyFragment: Sending 20200312_151044!003.mp4 to Nexus 5X [34d8]
07-05 22:34:37.947  4273  4777 W DashDownloadManager: Successfully downloaded 20200312_193528.mp4 in 29.176s
07-05 22:34:37.953  4273  4789 W mobile-ffmpeg: [mov,mp4,m4a,3gp,3g2,mj2 @ 0x78d60e4e00] Found duplicated MOOV Atom. Skipped it
07-05 22:34:38.019  4273  4789 W mobile-ffmpeg: [mov,mp4,m4a,3gp,3g2,mj2 @ 0x78d60e4e00] Found duplicated MOOV Atom. Skipped it
07-05 22:34:38.349  4273  4777 W NearbyFragment: Sending 20200312_193528!000.mp4 to Nexus 5 [1825]
07-05 22:34:39.681  4273  4273 W NearbyFragment: Sending 20200312_193528!001.mp4 to Nexus 5 [1825]
07-05 22:34:44.957  4273  4273 W NearbyFragment: Sending 20200312_193528!002.mp4 to Nexus 5X [34d8]
07-05 22:34:51.296  4273  4273 W NearbyFragment: Sending 20200312_193528!003.mp4 to Nexus 5X [34d8]
07-05 22:35:07.361  4273  4777 W DashDownloadManager: Successfully downloaded 20200312_193628.mp4 in 27.884s
07-05 22:35:07.373  4273  4789 W mobile-ffmpeg: [mov,mp4,m4a,3gp,3g2,mj2 @ 0x78d60e4e00] Found duplicated MOOV Atom. Skipped it
07-05 22:35:07.475  4273  4789 W mobile-ffmpeg: [mov,mp4,m4a,3gp,3g2,mj2 @ 0x78d60e4e00] Found duplicated MOOV Atom. Skipped it
07-05 22:35:07.815  4273  4777 W NearbyFragment: Sending 20200312_193628!000.mp4 to Nexus 5 [1825]
07-05 22:35:08.384  4273  4273 W NearbyFragment: Sending 20200312_193628!001.mp4 to Nexus 5 [1825]
07-05 22:35:12.937  4273  4273 W NearbyFragment: Sending 20200312_193628!002.mp4 to Nexus 5X [34d8]
07-05 22:35:20.227  4273  4273 W NearbyFragment: Sending 20200312_193628!003.mp4 to Nexus 5X [34d8]
07-05 22:35:36.441  4273  4777 W DashDownloadManager: Successfully downloaded 20200312_193728.mp4 in 27.513s
07-05 22:35:36.453  4273  4789 W mobile-ffmpeg: [mov,mp4,m4a,3gp,3g2,mj2 @ 0x78d60e4800] Found duplicated MOOV Atom. Skipped it
07-05 22:35:36.565  4273  4789 W mobile-ffmpeg: [mov,mp4,m4a,3gp,3g2,mj2 @ 0x78d60e4800] Found duplicated MOOV Atom. Skipped it
07-05 22:35:36.893  4273  4777 W NearbyFragment: Sending 20200312_193728!000.mp4 to Nexus 5 [1825]
07-05 22:35:41.967  4273  4273 W NearbyFragment: Sending 20200312_193728!001.mp4 to Nexus 5 [1825]
07-05 22:35:48.785  4273  4273 W NearbyFragment: Sending 20200312_193728!002.mp4 to Nexus 5X [34d8]
07-05 22:35:51.971  4273  4273 W NearbyFragment: Sending 20200312_193728!003.mp4 to Nexus 5 [1825]
07-05 22:36:06.772  4273  4273 W NearbyFragment: Completed downloading 20200312_193628!003.mp4 from Endpoint{id=Qd2N, name=Nexus 5X [34d8]} in 01.126s
07-05 22:36:06.891  4273  4273 W FfmpegTools: Single segment returned, duration of 20200312_193628: 6.16
07-05 22:36:08.103  4273  4273 W NearbyFragment: Completed downloading 20200312_193728!000.mp4 from Endpoint{id=w2Lc, name=Nexus 5 [1825]} in 16.133s
07-05 22:36:13.573  4273  4273 W NearbyFragment: Completed downloading 20200312_193728!001.mp4 from Endpoint{id=w2Lc, name=Nexus 5 [1825]} in 11.179s
07-05 22:36:14.048  4273  4777 W DashDownloadManager: Successfully downloaded 20200312_193828.mp4 in 36.097s
07-05 22:36:14.053  4273  4789 W mobile-ffmpeg: [mov,mp4,m4a,3gp,3g2,mj2 @ 0x78ef0ba400] Found duplicated MOOV Atom. Skipped it
07-05 22:36:14.108  4273  4789 W mobile-ffmpeg: [mov,mp4,m4a,3gp,3g2,mj2 @ 0x78ef0ba400] Found duplicated MOOV Atom. Skipped it
07-05 22:36:14.440  4273  4777 W NearbyFragment: Sending 20200312_193828!000.mp4 to Nexus 5 [1825]
07-05 22:36:23.515  4273  4273 W NearbyFragment: Sending 20200312_193828!001.mp4 to Nexus 5X [34d8]
07-05 22:36:24.124  4273  4273 W NearbyFragment: Completed downloading 20200312_193728!002.mp4 from Endpoint{id=Qd2N, name=Nexus 5X [34d8]} in 12.627s
07-05 22:36:25.128  4273  4273 W NearbyFragment: Completed downloading 20200312_193728!003.mp4 from Endpoint{id=w2Lc, name=Nexus 5 [1825]} in 16.367s
07-05 22:36:26.000  4273  4273 W FfmpegTools: Merged duration of 20200312_193728: 60.07
07-05 22:36:28.829  4273  4273 W NearbyFragment: Sending 20200312_193828!002.mp4 to Nexus 5 [1825]
07-05 22:36:33.879  4273  4273 W NearbyFragment: Sending 20200312_193828!003.mp4 to Nexus 5X [34d8]
07-05 22:36:48.125  4273  4777 W DashDownloadManager: Successfully downloaded 20200312_193928.mp4 in 32.541s
07-05 22:36:48.139  4273  4789 W mobile-ffmpeg: [mov,mp4,m4a,3gp,3g2,mj2 @ 0x78ef0ba400] Found duplicated MOOV Atom. Skipped it
07-05 22:36:48.222  4273  4789 W mobile-ffmpeg: [mov,mp4,m4a,3gp,3g2,mj2 @ 0x78ef0ba400] Found duplicated MOOV Atom. Skipped it
07-05 22:36:48.561  4273  4777 W NearbyFragment: Sending 20200312_193928!000.mp4 to Nexus 5X [34d8]
07-05 22:36:52.991  4273  4273 W NearbyFragment: Sending 20200312_193928!001.mp4 to Nexus 5X [34d8]
07-05 22:36:57.955  4273  4273 W NearbyFragment: Sending 20200312_193928!002.mp4 to Nexus 5X [34d8]
07-05 22:36:59.507  4273  4273 W NearbyFragment: Sending 20200312_193928!003.mp4 to Nexus 5X [34d8]
07-05 22:37:14.860  4273  4777 W DashDownloadManager: Successfully downloaded 20200312_194129.mp4 in 25.220s
07-05 22:37:14.871  4273  4789 W mobile-ffmpeg: [mov,mp4,m4a,3gp,3g2,mj2 @ 0x78ef0ba400] Found duplicated MOOV Atom. Skipped it
07-05 22:37:14.945  4273  4789 W mobile-ffmpeg: [mov,mp4,m4a,3gp,3g2,mj2 @ 0x78ef0ba400] Found duplicated MOOV Atom. Skipped it
07-05 22:37:15.309  4273  4777 W NearbyFragment: Sending 20200312_194129!000.mp4 to Nexus 5X [34d8]
07-05 22:37:16.453  4273  4273 W NearbyFragment: Sending 20200312_194129!001.mp4 to Nexus 5X [34d8]
07-05 22:37:18.943  4273  4273 W NearbyFragment: Sending 20200312_194129!002.mp4 to Nexus 5X [34d8]
07-05 22:37:24.806  4273  4273 W NearbyFragment: Sending 20200312_194129!003.mp4 to Nexus 5 [1825]
07-05 22:37:24.928  4273  4282 W System  : A resource failed to call close. 
07-05 22:37:24.975  4273  4282 W System  : A resource failed to call close. 
07-05 22:37:33.778  4273  4273 W NearbyFragment: Completed downloading 20200312_193828!000.mp4 from Endpoint{id=w2Lc, name=Nexus 5 [1825]} in 06.271s
07-05 22:37:38.904  4273  4273 W FfmpegTools: Single segment returned, duration of 20200312_193828: 14.28
07-05 22:37:42.173  4273  4777 W DashDownloadManager: Successfully downloaded 20200312_194229.mp4 in 25.767s
07-05 22:37:42.184  4273  4789 W mobile-ffmpeg: [mov,mp4,m4a,3gp,3g2,mj2 @ 0x78ef0baa00] Found duplicated MOOV Atom. Skipped it
07-05 22:37:42.277  4273  4789 W mobile-ffmpeg: [mov,mp4,m4a,3gp,3g2,mj2 @ 0x78ef0baa00] Found duplicated MOOV Atom. Skipped it
07-05 22:37:42.596  4273  4777 W NearbyFragment: Sending 20200312_194229!000.mp4 to Nexus 5X [34d8]
07-05 22:37:45.812  4273  4273 W NearbyFragment: Sending 20200312_194229!001.mp4 to Nexus 5 [1825]
07-05 22:37:47.205  4273  4273 W NearbyFragment: Sending 20200312_194229!002.mp4 to Nexus 5 [1825]
07-05 22:37:47.684  4273  4273 W NearbyFragment: Completed downloading 20200312_194129!001.mp4 from Endpoint{id=Qd2N, name=Nexus 5X [34d8]} in 00.482s
07-05 22:37:51.540  4273  4273 W NearbyFragment: Sending 20200312_194229!003.mp4 to Nexus 5X [34d8]
07-05 22:37:53.197  4273  4273 W NearbyFragment: Completed downloading 20200312_194129!003.mp4 from Endpoint{id=w2Lc, name=Nexus 5 [1825]} in 01.660s
07-05 22:38:10.679  4273  4777 W DashDownloadManager: Successfully downloaded 20200312_194330.mp4 in 26.970s
07-05 22:38:10.692  4273  4789 W mobile-ffmpeg: [mov,mp4,m4a,3gp,3g2,mj2 @ 0x78ef0baa00] Found duplicated MOOV Atom. Skipped it
07-05 22:38:10.770  4273  4789 W mobile-ffmpeg: [mov,mp4,m4a,3gp,3g2,mj2 @ 0x78ef0baa00] Found duplicated MOOV Atom. Skipped it
07-05 22:38:11.128  4273  4777 W NearbyFragment: Sending 20200312_194330!000.mp4 to Nexus 5 [1825]
07-05 22:38:17.668  4273  4273 W NearbyFragment: Sending 20200312_194330!001.mp4 to Nexus 5X [34d8]
07-05 22:38:19.747  4273  4273 W NearbyFragment: Sending 20200312_194330!002.mp4 to Nexus 5X [34d8]
07-05 22:38:20.944  4273  4273 W NearbyFragment: Completed downloading 20200312_194129!002.mp4 from Endpoint{id=Qd2N, name=Nexus 5X [34d8]} in 01.200s
07-05 22:38:21.169  4273  4273 W FfmpegTools: Merged duration of 20200312_194129: 11.04
07-05 22:38:27.207  4273  4273 W NearbyFragment: Sending 20200312_194330!003.mp4 to Nexus 5 [1825]
07-05 22:38:39.795  4273  4777 W DashDownloadManager: Successfully downloaded 20200312_194730.mp4 in 27.550s
07-05 22:38:39.808  4273  4789 W mobile-ffmpeg: [mov,mp4,m4a,3gp,3g2,mj2 @ 0x78ef0baa00] Found duplicated MOOV Atom. Skipped it
07-05 22:38:39.884  4273  4789 W mobile-ffmpeg: [mov,mp4,m4a,3gp,3g2,mj2 @ 0x78ef0baa00] Found duplicated MOOV Atom. Skipped it
07-05 22:38:40.245  4273  4777 W NearbyFragment: Sending 20200312_194730!000.mp4 to Nexus 5X [34d8]
07-05 22:38:42.516  4273  4273 W NearbyFragment: Sending 20200312_194730!001.mp4 to Nexus 5 [1825]
07-05 22:38:44.128  4273  4273 W NearbyFragment: Sending 20200312_194730!002.mp4 to Nexus 5 [1825]
07-05 22:38:45.737  4273  4273 W NearbyFragment: Completed downloading 20200312_194229!001.mp4 from Endpoint{id=w2Lc, name=Nexus 5 [1825]} in 03.225s
07-05 22:38:50.755  4273  4273 W NearbyFragment: Sending 20200312_194730!003.mp4 to Nexus 5X [34d8]
07-05 22:38:54.401  4273  4273 W NearbyFragment: Completed downloading 20200312_194229!000.mp4 from Endpoint{id=Qd2N, name=Nexus 5X [34d8]} in 01.137s
07-05 22:38:58.457  4273  4273 W FfmpegTools: Merged duration of 20200312_194229: 14.35
07-05 22:39:08.467  4273  4777 W DashDownloadManager: Successfully downloaded 20200312_194830.mp4 in 27.159s
07-05 22:39:08.476  4273  4789 W mobile-ffmpeg: [mov,mp4,m4a,3gp,3g2,mj2 @ 0x78d61a5800] Found duplicated MOOV Atom. Skipped it
07-05 22:39:08.562  4273  4789 W mobile-ffmpeg: [mov,mp4,m4a,3gp,3g2,mj2 @ 0x78d61a5800] Found duplicated MOOV Atom. Skipped it
07-05 22:39:08.909  4273  4777 W NearbyFragment: Sending 20200312_194830!000.mp4 to Nexus 5 [1825]
07-05 22:39:15.354  4273  4273 W NearbyFragment: Sending 20200312_194830!001.mp4 to Nexus 5X [34d8]
07-05 22:39:16.405  4273  4273 W NearbyFragment: Sending 20200312_194830!002.mp4 to Nexus 5X [34d8]
07-05 22:39:18.592  4273  4273 W NearbyFragment: Sending 20200312_194830!003.mp4 to Nexus 5 [1825]
07-05 22:39:39.247  4273  4777 W DashDownloadManager: Successfully downloaded 20200312_194930.mp4 in 29.176s
07-05 22:39:39.261  4273  4789 W mobile-ffmpeg: [mov,mp4,m4a,3gp,3g2,mj2 @ 0x78d61a5800] Found duplicated MOOV Atom. Skipped it
07-05 22:39:39.371  4273  4789 W mobile-ffmpeg: [mov,mp4,m4a,3gp,3g2,mj2 @ 0x78d61a5800] Found duplicated MOOV Atom. Skipped it
07-05 22:39:39.750  4273  4777 W NearbyFragment: Sending 20200312_194930!000.mp4 to Nexus 5X [34d8]
07-05 22:39:43.238  4273  4273 W NearbyFragment: Sending 20200312_194930!001.mp4 to Nexus 5 [1825]
07-05 22:39:48.945  4273  4273 W NearbyFragment: Sending 20200312_194930!002.mp4 to Nexus 5X [34d8]
07-05 22:39:54.902  4273  4273 W NearbyFragment: Sending 20200312_194930!003.mp4 to Nexus 5 [1825]
07-05 22:40:05.807  4273  4273 W NearbyFragment: Completed downloading 20200312_194830!000.mp4 from Endpoint{id=w2Lc, name=Nexus 5 [1825]} in 00.344s
07-05 22:40:07.963  4273  4777 W DashDownloadManager: Successfully downloaded 20200312_195230.mp4 in 27.118s
07-05 22:40:07.972  4273  4789 W mobile-ffmpeg: [mov,mp4,m4a,3gp,3g2,mj2 @ 0x78ef0baa00] Found duplicated MOOV Atom. Skipped it
07-05 22:40:08.035  4273  4789 W mobile-ffmpeg: [mov,mp4,m4a,3gp,3g2,mj2 @ 0x78ef0baa00] Found duplicated MOOV Atom. Skipped it
07-05 22:40:08.357  4273  4777 W NearbyFragment: Sending 20200312_195230!000.mp4 to Nexus 5X [34d8]
07-05 22:40:13.568  4273  4273 W NearbyFragment: Sending 20200312_195230!001.mp4 to Nexus 5 [1825]
07-05 22:40:14.972  4273  4273 W NearbyFragment: Sending 20200312_195230!002.mp4 to Nexus 5X [34d8]
07-05 22:40:21.643  4273  4273 W NearbyFragment: Sending 20200312_195230!003.mp4 to Nexus 5 [1825]
07-05 22:40:30.161  4273  4273 W NearbyFragment: Completed downloading 20200312_194830!001.mp4 from Endpoint{id=Qd2N, name=Nexus 5X [34d8]} in 00.697s
07-05 22:40:33.033  4273  4273 W NearbyFragment: Completed downloading 20200312_194930!001.mp4 from Endpoint{id=w2Lc, name=Nexus 5 [1825]} in 00.250s
07-05 22:40:37.282  4273  4777 W DashDownloadManager: Successfully downloaded 20200312_195330.mp4 in 27.801s
07-05 22:40:37.294  4273  4789 W mobile-ffmpeg: [mov,mp4,m4a,3gp,3g2,mj2 @ 0x78ef0ba400] Found duplicated MOOV Atom. Skipped it
07-05 22:40:37.379  4273  4789 W mobile-ffmpeg: [mov,mp4,m4a,3gp,3g2,mj2 @ 0x78ef0ba400] Found duplicated MOOV Atom. Skipped it
07-05 22:40:37.716  4273  4777 W NearbyFragment: Sending 20200312_195330!000.mp4 to Nexus 5 [1825]
07-05 22:40:43.912  4273  4273 W NearbyFragment: Sending 20200312_195330!001.mp4 to Nexus 5X [34d8]
07-05 22:40:49.278  4273  4273 W NearbyFragment: Sending 20200312_195330!002.mp4 to Nexus 5 [1825]
07-05 22:40:55.874  4273  4273 W NearbyFragment: Sending 20200312_195330!003.mp4 to Nexus 5 [1825]
07-05 22:41:06.167  4273  4777 W DashDownloadManager: Successfully downloaded 20200312_195430.mp4 in 27.311s
07-05 22:41:06.179  4273  4789 W mobile-ffmpeg: [mov,mp4,m4a,3gp,3g2,mj2 @ 0x78ef0ba400] Found duplicated MOOV Atom. Skipped it
07-05 22:41:06.283  4273  4789 W mobile-ffmpeg: [mov,mp4,m4a,3gp,3g2,mj2 @ 0x78ef0ba400] Found duplicated MOOV Atom. Skipped it
07-05 22:41:06.619  4273  4777 W NearbyFragment: Sending 20200312_195430!000.mp4 to Nexus 5X [34d8]
07-05 22:41:07.623  4273  4777 W NearbyFragment: Stopped downloading from dashcam
07-05 22:41:10.061  4273  4273 W NearbyFragment: Sending 20200312_195430!001.mp4 to Nexus 5 [1825]
07-05 22:41:16.669  4273  4273 W NearbyFragment: Sending 20200312_195430!002.mp4 to Nexus 5X [34d8]
07-05 22:41:19.939  4273  4273 W NearbyFragment: Sending 20200312_195430!003.mp4 to Nexus 5 [1825]
07-05 22:41:26.870  4273  4273 W NearbyFragment: Completed downloading 20200312_194830!002.mp4 from Endpoint{id=Qd2N, name=Nexus 5X [34d8]} in 00.587s
07-05 22:41:27.104  4273  4273 W FfmpegTools: Merged duration of 20200312_194830: 20.90
07-05 22:41:35.957  4273  4273 W NearbyFragment: Completed downloading 20200312_194930!003.mp4 from Endpoint{id=w2Lc, name=Nexus 5 [1825]} in 00.846s
07-05 22:42:06.575  4273  4273 W NearbyFragment: Completed downloading 20200312_194930!000.mp4 from Endpoint{id=Qd2N, name=Nexus 5X [34d8]} in 00.248s
07-05 22:42:12.370  4273  4273 W FfmpegTools: Merged duration of 20200312_194930: 22.33
07-05 22:42:19.650  4273  4273 W NearbyFragment: Completed downloading 20200312_195230!001.mp4 from Endpoint{id=w2Lc, name=Nexus 5 [1825]} in 00.848s
07-05 22:42:26.962  4273  4273 W FfmpegTools: Single segment returned, duration of 20200312_195230: 6.97
07-05 22:42:50.305  4273  4273 W NearbyFragment: Completed downloading 20200312_195330!000.mp4 from Endpoint{id=w2Lc, name=Nexus 5 [1825]} in 00.044s
07-05 22:43:15.503  4273  4273 W NearbyFragment: Completed downloading 20200312_195330!001.mp4 from Endpoint{id=Qd2N, name=Nexus 5X [34d8]} in 00.621s
07-05 22:43:34.760  4273  4273 W NearbyFragment: Completed downloading 20200312_195330!002.mp4 from Endpoint{id=w2Lc, name=Nexus 5 [1825]} in 00.309s
07-05 22:43:51.416  4273  4273 W NearbyFragment: Completed downloading 20200312_195430!000.mp4 from Endpoint{id=Qd2N, name=Nexus 5X [34d8]} in 00.505s
07-05 22:43:58.283  4273  4273 W NearbyFragment: Completed downloading 20200312_195330!003.mp4 from Endpoint{id=w2Lc, name=Nexus 5 [1825]} in 00.367s
07-05 22:43:58.582  4273  4273 W FfmpegTools: Merged duration of 20200312_195330: 24.63
07-05 22:44:21.713  4273  4273 W NearbyFragment: Completed downloading 20200312_195430!002.mp4 from Endpoint{id=Qd2N, name=Nexus 5X [34d8]} in 00.328s
07-05 22:44:33.509  4273  4273 W NearbyFragment: Completed downloading 20200312_195430!001.mp4 from Endpoint{id=w2Lc, name=Nexus 5 [1825]} in 00.389s
07-05 22:44:57.264  4273  4273 W NearbyFragment: Completed downloading 20200312_195430!003.mp4 from Endpoint{id=w2Lc, name=Nexus 5 [1825]} in 00.203s
07-05 22:44:57.493  4273  4282 W System  : A resource failed to call close. 
07-05 22:44:57.505  4273  4282 W System  : A resource failed to call close. 
07-05 22:44:57.509  4273  4282 W System  : A resource failed to call close. 
07-05 22:44:57.514  4273  4282 W System  : A resource failed to call close. 
07-05 22:44:57.519  4273  4282 W System  : A resource failed to call close. 
07-05 22:44:57.535  4273  4282 W System  : A resource failed to call close. 
07-05 22:44:57.546  4273  4273 W FfmpegTools: Merged duration of 20200312_195430: 21.94
