--------- beginning of main
--------- beginning of system
06-28 22:40:57.955  8970  8970 W LogFactory: Truncating log tag length as it exceed 23, the limit imposed by Android on certain API Levels
06-28 22:41:01.880  8970  8970 E TransferService: No notification is passed in the intent. Unable to transition to foreground.
06-28 22:42:38.734  8970  8970 W NearbyFragment: Preferences:
06-28 22:42:38.734  8970  8970 W NearbyFragment:   Auto download: true
06-28 22:42:38.734  8970  8970 W NearbyFragment:   Algorithm: best
06-28 22:42:38.734  8970  8970 W NearbyFragment:   Fast scheduling: false
06-28 22:42:38.734  8970  8970 W NearbyFragment:   Segmentation: false
06-28 22:42:38.734  8970  8970 W NearbyFragment:   Auto segmentation: false
06-28 22:42:38.734  8970  8970 W NearbyFragment:   Segment number: 4
06-28 22:42:38.734  8970  8970 W NearbyFragment:   Noise tolerance: 45.00
06-28 22:42:38.734  8970  8970 W NearbyFragment:   Quality: 23
06-28 22:42:38.734  8970  8970 W NearbyFragment:   Speed: medium
06-28 22:42:38.734  8970  8970 W NearbyFragment:   Freeze duration: 1.00
06-28 22:42:38.735  8970  8970 W NearbyFragment: Download delay: 1s
06-28 22:42:38.735  8970  8970 W NearbyFragment: Started downloading from dashcam
06-28 22:42:53.612  8970  8970 W NearbyFragment: Sending 20200312_150643.mp4 to Galaxy S8 [2802]
06-28 22:42:53.624  8970  8970 W DashDownloadManager: Successfully downloaded 20200312_150643.mp4 in 14.822s
06-28 22:43:16.871  8970  8970 W NearbyFragment: Sending 20200312_150744.mp4 to Galaxy S8 [2802]
06-28 22:43:16.875  8970  8970 W DashDownloadManager: Successfully downloaded 20200312_150744.mp4 in 22.188s
06-28 22:43:44.139  8970  8970 W NearbyFragment: Sending 20200312_150844.mp4 to Nexus 5 [1825]
06-28 22:43:44.143  8970  8970 W DashDownloadManager: Successfully downloaded 20200312_150844.mp4 in 26.207s
06-28 22:43:51.020  8970  8970 W NearbyFragment: Completed downloading 20200312_150744.mp4 from Endpoint{id=xj4e, name=Galaxy S8 [2802]} in 00.269s
06-28 22:44:09.818  8970  8970 W NearbyFragment: Sending 20200312_150944.mp4 to Galaxy S8 [2802]
06-28 22:44:09.822  8970  8970 W DashDownloadManager: Successfully downloaded 20200312_150944.mp4 in 24.617s
06-28 22:44:37.893  8970  8970 W NearbyFragment: Completed downloading 20200312_150944.mp4 from Endpoint{id=xj4e, name=Galaxy S8 [2802]} in 00.948s
06-28 22:44:38.925  8970  8970 W NearbyFragment: Completed downloading 20200312_150844.mp4 from Endpoint{id=9d6N, name=Nexus 5 [1825]} in 13.530s
06-28 22:44:46.356  8970  8970 W NearbyFragment: Sending 20200312_151044.mp4 to Galaxy S8 [2802]
06-28 22:44:46.361  8970  8970 W DashDownloadManager: Successfully downloaded 20200312_151044.mp4 in 35.490s
06-28 22:45:10.914  8970  8970 W NearbyFragment: Sending 20200312_193528.mp4 to Galaxy S8 [2802]
06-28 22:45:10.921  8970  8970 W DashDownloadManager: Successfully downloaded 20200312_193528.mp4 in 23.370s
06-28 22:45:34.860  8970  8970 W NearbyFragment: Sending 20200312_193628.mp4 to Galaxy S8 [2802]
06-28 22:45:34.863  8970  8970 W DashDownloadManager: Successfully downloaded 20200312_193628.mp4 in 22.846s
06-28 22:45:59.273  8970  8970 W NearbyFragment: Sending 20200312_193728.mp4 to Nexus 5 [1825]
06-28 22:45:59.276  8970  8970 W DashDownloadManager: Successfully downloaded 20200312_193728.mp4 in 23.339s
06-28 22:46:07.968  8970  8970 W NearbyFragment: Completed downloading 20200312_193628.mp4 from Endpoint{id=xj4e, name=Galaxy S8 [2802]} in 00.927s
06-28 22:46:25.768  8970  8970 W NearbyFragment: Sending 20200312_193828.mp4 to Galaxy S8 [2802]
06-28 22:46:25.773  8970  8970 W DashDownloadManager: Successfully downloaded 20200312_193828.mp4 in 25.424s
06-28 22:46:53.086  8970  8970 W NearbyFragment: Completed downloading 20200312_193728.mp4 from Endpoint{id=9d6N, name=Nexus 5 [1825]} in 14.020s
06-28 22:46:57.819  8970  8970 W NearbyFragment: Completed downloading 20200312_193828.mp4 from Endpoint{id=xj4e, name=Galaxy S8 [2802]} in 00.025s
06-28 22:47:02.692  8970  8970 W NearbyFragment: Sending 20200312_193928.mp4 to Galaxy S8 [2802]
06-28 22:47:02.697  8970  8970 W DashDownloadManager: Successfully downloaded 20200312_193928.mp4 in 35.859s
06-28 22:47:25.774  8970  8970 W NearbyFragment: Sending 20200312_194129.mp4 to Galaxy S8 [2802]
06-28 22:47:25.778  8970  8970 W DashDownloadManager: Successfully downloaded 20200312_194129.mp4 in 21.995s
06-28 22:47:48.444  8970  8970 W NearbyFragment: Sending 20200312_194229.mp4 to Nexus 5 [1825]
06-28 22:47:48.449  8970  8970 W DashDownloadManager: Successfully downloaded 20200312_194229.mp4 in 21.602s
06-28 22:47:57.521  8970  8970 W NearbyFragment: Completed downloading 20200312_194129.mp4 from Endpoint{id=xj4e, name=Galaxy S8 [2802]} in 00.555s
06-28 22:48:14.232  8970  8970 W NearbyFragment: Sending 20200312_194330.mp4 to Galaxy S8 [2802]
06-28 22:48:14.236  8970  8970 W DashDownloadManager: Successfully downloaded 20200312_194330.mp4 in 24.697s
06-28 22:48:37.612  8970  8970 W NearbyFragment: Sending 20200312_194730.mp4 to Galaxy S8 [2802]
06-28 22:48:37.616  8970  8970 W DashDownloadManager: Successfully downloaded 20200312_194730.mp4 in 22.318s
06-28 22:49:00.583  8970  8970 W NearbyFragment: Sending 20200312_194830.mp4 to Galaxy S8 [2802]
06-28 22:49:00.587  8970  8970 W DashDownloadManager: Successfully downloaded 20200312_194830.mp4 in 21.860s
06-28 22:49:17.197  8970  8970 W NearbyFragment: Completed downloading 20200312_194229.mp4 from Endpoint{id=9d6N, name=Nexus 5 [1825]} in 00.667s
06-28 22:49:25.084  8970  8970 W NearbyFragment: Sending 20200312_194930.mp4 to Nexus 5 [1825]
06-28 22:49:25.089  8970  8970 W DashDownloadManager: Successfully downloaded 20200312_194930.mp4 in 23.437s
06-28 22:49:42.318  8970  8970 W NearbyFragment: Completed downloading 20200312_194830.mp4 from Endpoint{id=xj4e, name=Galaxy S8 [2802]} in 00.595s
06-28 22:49:50.947  8970  8970 W NearbyFragment: Sending 20200312_195230.mp4 to Galaxy S8 [2802]
06-28 22:49:50.951  8970  8970 W DashDownloadManager: Successfully downloaded 20200312_195230.mp4 in 24.783s
06-28 22:50:15.835  8970  8970 W NearbyFragment: Sending 20200312_195330.mp4 to Nexus 5X [9c8f]
06-28 22:50:15.841  8970  8970 W DashDownloadManager: Successfully downloaded 20200312_195330.mp4 in 23.812s
06-28 22:50:23.570  8970  8970 W NearbyFragment: Completed downloading 20200312_195230.mp4 from Endpoint{id=xj4e, name=Galaxy S8 [2802]} in 01.271s
06-28 22:50:39.466  8970  8970 W NearbyFragment: Sending 20200312_195430.mp4 to Galaxy S8 [2802]
06-28 22:50:39.471  8970  8970 W DashDownloadManager: Successfully downloaded 20200312_195430.mp4 in 22.576s
06-28 22:50:40.474  8970  9189 W NearbyFragment: Stopped downloading from dashcam
06-28 22:51:16.734  8970  8970 W NearbyFragment: Completed downloading 20200312_195430.mp4 from Endpoint{id=xj4e, name=Galaxy S8 [2802]} in 00.363s
06-28 22:51:32.452  8970  8970 W NearbyFragment: Completed downloading 20200312_195330.mp4 from Endpoint{id=DRWQ, name=Nexus 5X [9c8f]} in 00.541s
06-28 22:51:43.579  8970  8970 W NearbyFragment: Completed downloading 20200312_194930.mp4 from Endpoint{id=9d6N, name=Nexus 5 [1825]} in 00.779s
