--------- beginning of main
06-28 22:41:00.833 10734 10734 W LogFactory: Truncating log tag length as it exceed 23, the limit imposed by Android on certain API Levels
06-28 22:41:00.868 10734 10734 E TransferService: No notification is passed in the intent. Unable to transition to foreground.
06-28 22:41:01.006 10734 10734 W StaticLayout: maxLineHeight should not be -1.  maxLines:1 lineCount:1
06-28 22:41:01.022 10734 10734 W StaticLayout: maxLineHeight should not be -1.  maxLines:1 lineCount:1
06-28 22:41:01.042 10734 10734 W StaticLayout: maxLineHeight should not be -1.  maxLines:1 lineCount:1
06-28 22:41:01.081 10734 10753 W Adreno-EGL: <qeglDrvAPI_eglGetConfigAttrib:607>: EGL_BAD_ATTRIBUTE
06-28 22:41:01.083 10734 10753 W Adreno-EGL: <qeglDrvAPI_eglGetConfigAttrib:607>: EGL_BAD_ATTRIBUTE
06-28 22:41:01.104 10734 10734 W StaticLayout: maxLineHeight should not be -1.  maxLines:1 lineCount:1
06-28 22:41:01.115 10734 10734 W StaticLayout: maxLineHeight should not be -1.  maxLines:1 lineCount:1
06-28 22:41:34.239 10734 10753 W Adreno-EGL: <qeglDrvAPI_eglGetConfigAttrib:607>: EGL_BAD_ATTRIBUTE
06-28 22:41:40.377 10734 10753 W Adreno-EGL: <qeglDrvAPI_eglGetConfigAttrib:607>: EGL_BAD_ATTRIBUTE
06-28 22:43:57.354 10734 10734 W NearbyFragment: Completed downloading 20200312_150844.mp4 from Endpoint{id=jKt9, name=Nexus 5X [34d8]} in 12.988s
06-28 22:43:57.530 10734 11006 W mobile-ffmpeg: 
06-28 22:43:57.530 10734 11006 W mobile-ffmpeg: [mov,mp4,m4a,3gp,3g2,mj2 @ 0x89e2a800] 
06-28 22:43:57.530 10734 11006 W mobile-ffmpeg: 
06-28 22:43:57.531 10734 11006 W mobile-ffmpeg: Found duplicated MOOV Atom. Skipped it
06-28 22:44:19.698 10734 11005 W Summariser: Whole video is active
06-28 22:44:25.228 10734 11005 W Summariser: Summarisation completed
06-28 22:44:25.228 10734 11005 W Summariser:   filename: 20200312_150844.mp4
06-28 22:44:25.228 10734 11005 W Summariser:   active sections: -1
06-28 22:44:25.228 10734 11005 W Summariser:   time: 27.578s
06-28 22:44:25.228 10734 11005 W Summariser:   original duration: 60.02
06-28 22:44:25.228 10734 11005 W Summariser:   summarised duration: 60.02
06-28 22:44:25.228 10734 11005 W Summariser:   noise tolerance: 45.00
06-28 22:44:25.228 10734 11005 W Summariser:   quality: 23
06-28 22:44:25.228 10734 11005 W Summariser:   speed: medium
06-28 22:44:25.228 10734 11005 W Summariser:   freeze duration: 1.00
06-28 22:44:25.333 10734 11005 W NearbyFragment: Sending 20200312_150844.mp4 to Nexus 5X [34d8]
06-28 22:46:12.213 10734 10734 W NearbyFragment: Completed downloading 20200312_193728.mp4 from Endpoint{id=jKt9, name=Nexus 5X [34d8]} in 12.837s
06-28 22:46:12.295 10734 11006 W mobile-ffmpeg: 
06-28 22:46:12.296 10734 11006 W mobile-ffmpeg: [mov,mp4,m4a,3gp,3g2,mj2 @ 0x8c964a00] 
06-28 22:46:12.296 10734 11006 W mobile-ffmpeg: 
06-28 22:46:12.296 10734 11006 W mobile-ffmpeg: Found duplicated MOOV Atom. Skipped it
06-28 22:46:34.510 10734 11149 W Summariser: Whole video is active
06-28 22:46:39.005 10734 11149 W Summariser: Summarisation completed
06-28 22:46:39.005 10734 11149 W Summariser:   filename: 20200312_193728.mp4
06-28 22:46:39.005 10734 11149 W Summariser:   active sections: -1
06-28 22:46:39.005 10734 11149 W Summariser:   time: 26.518s
06-28 22:46:39.005 10734 11149 W Summariser:   original duration: 60.02
06-28 22:46:39.005 10734 11149 W Summariser:   summarised duration: 60.02
06-28 22:46:39.005 10734 11149 W Summariser:   noise tolerance: 45.00
06-28 22:46:39.005 10734 11149 W Summariser:   quality: 23
06-28 22:46:39.005 10734 11149 W Summariser:   speed: medium
06-28 22:46:39.005 10734 11149 W Summariser:   freeze duration: 1.00
06-28 22:46:39.046 10734 11149 W NearbyFragment: Sending 20200312_193728.mp4 to Nexus 5X [34d8]
06-28 22:48:00.727 10734 10734 W NearbyFragment: Completed downloading 20200312_194229.mp4 from Endpoint{id=jKt9, name=Nexus 5X [34d8]} in 12.192s
06-28 22:48:00.799 10734 11006 W mobile-ffmpeg: 
06-28 22:48:00.799 10734 11006 W mobile-ffmpeg: [mov,mp4,m4a,3gp,3g2,mj2 @ 0x8c964a00] 
06-28 22:48:00.800 10734 11006 W mobile-ffmpeg: 
06-28 22:48:00.800 10734 11006 W mobile-ffmpeg: Found duplicated MOOV Atom. Skipped it
06-28 22:48:19.739 10734 11344 W Summariser: 5 active sections found
06-28 22:48:19.759 10734 11006 W mobile-ffmpeg: 
06-28 22:48:19.759 10734 11006 W mobile-ffmpeg: [mov,mp4,m4a,3gp,3g2,mj2 @ 0x8707a600] 
06-28 22:48:19.759 10734 11006 W mobile-ffmpeg: 
06-28 22:48:19.759 10734 11006 W mobile-ffmpeg: Found duplicated MOOV Atom. Skipped it
06-28 22:49:16.409 10734 11344 W Summariser: Summarisation completed
06-28 22:49:16.409 10734 11344 W Summariser:   filename: 20200312_194229.mp4
06-28 22:49:16.409 10734 11344 W Summariser:   active sections: 5
06-28 22:49:16.409 10734 11344 W Summariser:   time: 75.327s
06-28 22:49:16.409 10734 11344 W Summariser:   original duration: 60.02
06-28 22:49:16.409 10734 11344 W Summariser:   summarised duration: 15.51
06-28 22:49:16.409 10734 11344 W Summariser:   noise tolerance: 45.00
06-28 22:49:16.409 10734 11344 W Summariser:   quality: 23
06-28 22:49:16.409 10734 11344 W Summariser:   speed: medium
06-28 22:49:16.409 10734 11344 W Summariser:   freeze duration: 1.00
06-28 22:49:16.487 10734 11344 W NearbyFragment: Sending 20200312_194229.mp4 to Nexus 5X [34d8]
06-28 22:49:38.761 10734 10734 W NearbyFragment: Completed downloading 20200312_194930.mp4 from Endpoint{id=jKt9, name=Nexus 5X [34d8]} in 13.432s
06-28 22:49:39.233 10734 11006 W mobile-ffmpeg: 
06-28 22:49:39.233 10734 11006 W mobile-ffmpeg: [mov,mp4,m4a,3gp,3g2,mj2 @ 0x9c92ea00] 
06-28 22:49:39.233 10734 11006 W mobile-ffmpeg: 
06-28 22:49:39.233 10734 11006 W mobile-ffmpeg: Found duplicated MOOV Atom. Skipped it
06-28 22:50:08.635 10734 11502 W Summariser: 2 active sections found
06-28 22:50:08.651 10734 11006 W mobile-ffmpeg: 
06-28 22:50:08.651 10734 11006 W mobile-ffmpeg: [mov,mp4,m4a,3gp,3g2,mj2 @ 0x87004200] 
06-28 22:50:08.651 10734 11006 W mobile-ffmpeg: 
06-28 22:50:08.651 10734 11006 W mobile-ffmpeg: Found duplicated MOOV Atom. Skipped it
06-28 22:51:42.657 10734 11502 W Summariser: Summarisation completed
06-28 22:51:42.657 10734 11502 W Summariser:   filename: 20200312_194930.mp4
06-28 22:51:42.657 10734 11502 W Summariser:   active sections: 2
06-28 22:51:42.657 10734 11502 W Summariser:   time: 123.168s
06-28 22:51:42.657 10734 11502 W Summariser:   original duration: 60.02
06-28 22:51:42.657 10734 11502 W Summariser:   summarised duration: 22.25
06-28 22:51:42.657 10734 11502 W Summariser:   noise tolerance: 45.00
06-28 22:51:42.657 10734 11502 W Summariser:   quality: 23
06-28 22:51:42.657 10734 11502 W Summariser:   speed: medium
06-28 22:51:42.657 10734 11502 W Summariser:   freeze duration: 1.00
06-28 22:51:42.752 10734 11502 W NearbyFragment: Sending 20200312_194930.mp4 to Nexus 5X [34d8]
