--------- beginning of main
06-28 22:40:58.352  4704  4704 E Zygote  : isWhitelistProcess - Process is Whitelisted
06-28 22:40:58.355  4704  4704 E Zygote  : accessInfo : 1
--------- beginning of system
06-28 22:40:59.947  4704  4704 W LogFactory: Truncating log tag length as it exceed 23, the limit imposed by Android on certain API Levels
06-28 22:41:00.211  4704  4704 W ActivityThread: handleWindowVisibility: no activity for token android.os.BinderProxy@ab2112b
06-28 22:41:00.288  4704  4704 W example.edgesu: Accessing hidden method Landroid/graphics/drawable/Drawable;->getOpticalInsets()Landroid/graphics/Insets; (light greylist, linking)
06-28 22:41:00.288  4704  4704 W example.edgesu: Accessing hidden field Landroid/graphics/Insets;->left:I (light greylist, linking)
06-28 22:41:00.288  4704  4704 W example.edgesu: Accessing hidden field Landroid/graphics/Insets;->right:I (light greylist, linking)
06-28 22:41:00.288  4704  4704 W example.edgesu: Accessing hidden field Landroid/graphics/Insets;->top:I (light greylist, linking)
06-28 22:41:00.288  4704  4704 W example.edgesu: Accessing hidden field Landroid/graphics/Insets;->bottom:I (light greylist, linking)
06-28 22:41:00.336  4704  4704 W example.edgesu: Accessing hidden method Landroid/view/View;->computeFitSystemWindows(Landroid/graphics/Rect;Landroid/graphics/Rect;)Z (light greylist, reflection)
06-28 22:41:00.337  4704  4704 W example.edgesu: Accessing hidden method Landroid/view/ViewGroup;->makeOptionalFitsSystemWindows()V (light greylist, reflection)
06-28 22:41:00.439  4704  4704 W example.edgesu: Accessing hidden method Landroid/widget/TextView;->getTextDirectionHeuristic()Landroid/text/TextDirectionHeuristic; (light greylist, linking)
06-28 22:41:00.448  4704  4704 W example.edgesu: Accessing hidden field Landroid/view/View;->mAccessibilityDelegate:Landroid/view/View$AccessibilityDelegate; (light greylist, reflection)
06-28 22:41:00.771  4704  4704 E TransferService: No notification is passed in the intent. Unable to transition to foreground.
06-28 22:41:00.816  4704  4704 W StaticLayout: maxLineHeight should not be -1.  maxLines:1 lineCount:1
06-28 22:41:00.828  4704  4704 W StaticLayout: maxLineHeight should not be -1.  maxLines:1 lineCount:1
06-28 22:41:00.832  4704  4704 W StaticLayout: maxLineHeight should not be -1.  maxLines:1 lineCount:1
06-28 22:41:00.844  4704  4704 W StaticLayout: maxLineHeight should not be -1.  maxLines:1 lineCount:1
06-28 22:41:00.862  4704  4704 W StaticLayout: maxLineHeight should not be -1.  maxLines:1 lineCount:1
06-28 22:41:00.866  4704  4704 W StaticLayout: maxLineHeight should not be -1.  maxLines:1 lineCount:1
06-28 22:41:18.922  4704  4704 W example.edgesu: Accessing hidden method Landroid/graphics/FontFamily;-><init>()V (light greylist, reflection)
06-28 22:41:18.923  4704  4704 W example.edgesu: Accessing hidden method Landroid/graphics/FontFamily;->addFontFromAssetManager(Landroid/content/res/AssetManager;Ljava/lang/String;IZIII[Landroid/graphics/fonts/FontVariationAxis;)Z (light greylist, reflection)
06-28 22:41:18.923  4704  4704 W example.edgesu: Accessing hidden method Landroid/graphics/FontFamily;->addFontFromBuffer(Ljava/nio/ByteBuffer;I[Landroid/graphics/fonts/FontVariationAxis;II)Z (light greylist, reflection)
06-28 22:41:18.923  4704  4704 W example.edgesu: Accessing hidden method Landroid/graphics/FontFamily;->freeze()Z (light greylist, reflection)
06-28 22:41:18.923  4704  4704 W example.edgesu: Accessing hidden method Landroid/graphics/FontFamily;->abortCreation()V (light greylist, reflection)
06-28 22:41:18.924  4704  4704 W example.edgesu: Accessing hidden method Landroid/graphics/Typeface;->createFromFamiliesWithDefault([Landroid/graphics/FontFamily;Ljava/lang/String;II)Landroid/graphics/Typeface; (light greylist, reflection)
06-28 22:41:29.570  4704  4763 W libEGL  : EGLNativeWindowType 0x778ea3a010 disconnect failed
06-28 22:41:32.069  4704  4763 W libEGL  : EGLNativeWindowType 0x778ea3a010 disconnect failed
06-28 22:41:32.147  4704  4704 E ViewRootImpl: sendUserActionEvent() returned.
06-28 22:43:05.629  4704  4704 W NearbyFragment: Completed downloading 20200312_150643.mp4 from Endpoint{id=jKt9, name=Nexus 5X [34d8]} in 12.072s
06-28 22:43:05.902  4704  5813 W mobile-ffmpeg: 
06-28 22:43:05.902  4704  5813 W mobile-ffmpeg: [mov,mp4,m4a,3gp,3g2,mj2 @ 0x779ea73c00] 
06-28 22:43:05.902  4704  5813 W mobile-ffmpeg: 
06-28 22:43:05.902  4704  5813 W mobile-ffmpeg: Found duplicated MOOV Atom. Skipped it
06-28 22:43:12.604  4704  5812 W Summariser: No activity detected
06-28 22:43:12.672  4704  5812 W Summariser: Summarisation completed
06-28 22:43:12.672  4704  5812 W Summariser:   filename: 20200312_150643.mp4
06-28 22:43:12.672  4704  5812 W Summariser:   active sections: 0
06-28 22:43:12.672  4704  5812 W Summariser:   time: 06.801s
06-28 22:43:12.672  4704  5812 W Summariser:   original duration: 60.02
06-28 22:43:12.672  4704  5812 W Summariser:   noise tolerance: 45.00
06-28 22:43:12.672  4704  5812 W Summariser:   quality: 23
06-28 22:43:12.672  4704  5812 W Summariser:   speed: medium
06-28 22:43:12.672  4704  5812 W Summariser:   freeze duration: 1.00
06-28 22:43:32.847  4704  4704 W NearbyFragment: Completed downloading 20200312_150744.mp4 from Endpoint{id=jKt9, name=Nexus 5X [34d8]} in 16.123s
06-28 22:43:32.953  4704  5813 W mobile-ffmpeg: 
06-28 22:43:32.953  4704  5813 W mobile-ffmpeg: [mov,mp4,m4a,3gp,3g2,mj2 @ 0x779ea73c00] 
06-28 22:43:32.953  4704  5813 W mobile-ffmpeg: 
06-28 22:43:32.953  4704  5813 W mobile-ffmpeg: Found duplicated MOOV Atom. Skipped it
06-28 22:43:39.692  4704  5858 W Summariser: 1 active sections found
06-28 22:43:39.696  4704  5813 W mobile-ffmpeg: 
06-28 22:43:39.696  4704  5813 W mobile-ffmpeg: [mov,mp4,m4a,3gp,3g2,mj2 @ 0x779ea73c00] 
06-28 22:43:39.696  4704  5813 W mobile-ffmpeg: 
06-28 22:43:39.696  4704  5813 W mobile-ffmpeg: Found duplicated MOOV Atom. Skipped it
06-28 22:43:50.359  4704  5858 W Summariser: Summarisation completed
06-28 22:43:50.359  4704  5858 W Summariser:   filename: 20200312_150744.mp4
06-28 22:43:50.359  4704  5858 W Summariser:   active sections: 1
06-28 22:43:50.359  4704  5858 W Summariser:   time: 17.323s
06-28 22:43:50.359  4704  5858 W Summariser:   original duration: 60.02
06-28 22:43:50.359  4704  5858 W Summariser:   summarised duration: 4.83
06-28 22:43:50.359  4704  5858 W Summariser:   noise tolerance: 45.00
06-28 22:43:50.359  4704  5858 W Summariser:   quality: 23
06-28 22:43:50.359  4704  5858 W Summariser:   speed: medium
06-28 22:43:50.359  4704  5858 W Summariser:   freeze duration: 1.00
06-28 22:43:50.458  4704  5858 W NearbyFragment: Sending 20200312_150744.mp4 to Nexus 5X [34d8]
06-28 22:44:11.685  4704  4714 W System  : A resource failed to call close. 
06-28 22:44:11.687  4704  4714 W System  : A resource failed to call close. 
06-28 22:44:22.922  4704  4704 W NearbyFragment: Completed downloading 20200312_150944.mp4 from Endpoint{id=jKt9, name=Nexus 5X [34d8]} in 13.272s
06-28 22:44:23.040  4704  5813 W mobile-ffmpeg: 
06-28 22:44:23.040  4704  5813 W mobile-ffmpeg: [mov,mp4,m4a,3gp,3g2,mj2 @ 0x779ea73c00] 
06-28 22:44:23.040  4704  5813 W mobile-ffmpeg: 
06-28 22:44:23.040  4704  5813 W mobile-ffmpeg: Found duplicated MOOV Atom. Skipped it
06-28 22:44:29.720  4704  5958 W Summariser: 1 active sections found
06-28 22:44:29.724  4704  5813 W mobile-ffmpeg: 
06-28 22:44:29.724  4704  5813 W mobile-ffmpeg: [mov,mp4,m4a,3gp,3g2,mj2 @ 0x779ea73c00] 
06-28 22:44:29.724  4704  5813 W mobile-ffmpeg: 
06-28 22:44:29.724  4704  5813 W mobile-ffmpeg: Found duplicated MOOV Atom. Skipped it
06-28 22:44:36.480  4704  5958 W Summariser: Summarisation completed
06-28 22:44:36.480  4704  5958 W Summariser:   filename: 20200312_150944.mp4
06-28 22:44:36.480  4704  5958 W Summariser:   active sections: 1
06-28 22:44:36.480  4704  5958 W Summariser:   time: 13.348s
06-28 22:44:36.480  4704  5958 W Summariser:   original duration: 60.02
06-28 22:44:36.480  4704  5958 W Summariser:   summarised duration: 7.07
06-28 22:44:36.480  4704  5958 W Summariser:   noise tolerance: 45.00
06-28 22:44:36.480  4704  5958 W Summariser:   quality: 23
06-28 22:44:36.480  4704  5958 W Summariser:   speed: medium
06-28 22:44:36.480  4704  5958 W Summariser:   freeze duration: 1.00
06-28 22:44:36.599  4704  5958 W NearbyFragment: Sending 20200312_150944.mp4 to Nexus 5X [34d8]
06-28 22:44:59.658  4704  4704 W NearbyFragment: Completed downloading 20200312_151044.mp4 from Endpoint{id=jKt9, name=Nexus 5X [34d8]} in 13.356s
06-28 22:44:59.797  4704  5813 W mobile-ffmpeg: 
06-28 22:44:59.797  4704  5813 W mobile-ffmpeg: [mov,mp4,m4a,3gp,3g2,mj2 @ 0x779ea73c00] 
06-28 22:44:59.797  4704  5813 W mobile-ffmpeg: 
06-28 22:44:59.797  4704  5813 W mobile-ffmpeg: Found duplicated MOOV Atom. Skipped it
06-28 22:45:06.565  4704  6054 W Summariser: No activity detected
06-28 22:45:06.615  4704  6054 W Summariser: Summarisation completed
06-28 22:45:06.615  4704  6054 W Summariser:   filename: 20200312_151044.mp4
06-28 22:45:06.615  4704  6054 W Summariser:   active sections: 0
06-28 22:45:06.615  4704  6054 W Summariser:   time: 06.777s
06-28 22:45:06.615  4704  6054 W Summariser:   original duration: 60.02
06-28 22:45:06.615  4704  6054 W Summariser:   noise tolerance: 45.00
06-28 22:45:06.615  4704  6054 W Summariser:   quality: 23
06-28 22:45:06.615  4704  6054 W Summariser:   speed: medium
06-28 22:45:06.615  4704  6054 W Summariser:   freeze duration: 1.00
06-28 22:45:21.265  4704  4714 W System  : A resource failed to call close. 
06-28 22:45:21.267  4704  4714 W System  : A resource failed to call close. 
06-28 22:45:22.797  4704  4704 W NearbyFragment: Completed downloading 20200312_193528.mp4 from Endpoint{id=jKt9, name=Nexus 5X [34d8]} in 12.048s
06-28 22:45:22.885  4704  5813 W mobile-ffmpeg: 
06-28 22:45:22.885  4704  5813 W mobile-ffmpeg: [mov,mp4,m4a,3gp,3g2,mj2 @ 0x779ea73c00] 
06-28 22:45:22.885  4704  5813 W mobile-ffmpeg: 
06-28 22:45:22.885  4704  5813 W mobile-ffmpeg: Found duplicated MOOV Atom. Skipped it
06-28 22:45:29.851  4704  6097 W Summariser: No activity detected
06-28 22:45:29.900  4704  6097 W Summariser: Summarisation completed
06-28 22:45:29.900  4704  6097 W Summariser:   filename: 20200312_193528.mp4
06-28 22:45:29.900  4704  6097 W Summariser:   active sections: 0
06-28 22:45:29.900  4704  6097 W Summariser:   time: 06.973s
06-28 22:45:29.900  4704  6097 W Summariser:   original duration: 60.05
06-28 22:45:29.900  4704  6097 W Summariser:   noise tolerance: 45.00
06-28 22:45:29.900  4704  6097 W Summariser:   quality: 23
06-28 22:45:29.900  4704  6097 W Summariser:   speed: medium
06-28 22:45:29.900  4704  6097 W Summariser:   freeze duration: 1.00
06-28 22:45:47.935  4704  4704 W NearbyFragment: Completed downloading 20200312_193628.mp4 from Endpoint{id=jKt9, name=Nexus 5X [34d8]} in 13.272s
06-28 22:45:48.035  4704  5813 W mobile-ffmpeg: 
06-28 22:45:48.036  4704  5813 W mobile-ffmpeg: [mov,mp4,m4a,3gp,3g2,mj2 @ 0x779ea73c00] 
06-28 22:45:48.036  4704  5813 W mobile-ffmpeg: 
06-28 22:45:48.036  4704  5813 W mobile-ffmpeg: Found duplicated MOOV Atom. Skipped it
06-28 22:45:54.961  4704  6135 W Summariser: 1 active sections found
06-28 22:45:54.965  4704  5813 W mobile-ffmpeg: 
06-28 22:45:54.965  4704  5813 W mobile-ffmpeg: [mov,mp4,m4a,3gp,3g2,mj2 @ 0x779ea73c00] 
06-28 22:45:54.966  4704  5813 W mobile-ffmpeg: 
06-28 22:45:54.966  4704  5813 W mobile-ffmpeg: Found duplicated MOOV Atom. Skipped it
06-28 22:46:06.631  4704  6135 W Summariser: Summarisation completed
06-28 22:46:06.631  4704  6135 W Summariser:   filename: 20200312_193628.mp4
06-28 22:46:06.631  4704  6135 W Summariser:   active sections: 1
06-28 22:46:06.631  4704  6135 W Summariser:   time: 18.506s
06-28 22:46:06.631  4704  6135 W Summariser:   original duration: 60.02
06-28 22:46:06.631  4704  6135 W Summariser:   summarised duration: 6.07
06-28 22:46:06.631  4704  6135 W Summariser:   noise tolerance: 45.00
06-28 22:46:06.631  4704  6135 W Summariser:   quality: 23
06-28 22:46:06.631  4704  6135 W Summariser:   speed: medium
06-28 22:46:06.631  4704  6135 W Summariser:   freeze duration: 1.00
06-28 22:46:06.752  4704  6135 W NearbyFragment: Sending 20200312_193628.mp4 to Nexus 5X [34d8]
06-28 22:46:36.418  4704  4704 W NearbyFragment: Completed downloading 20200312_193828.mp4 from Endpoint{id=jKt9, name=Nexus 5X [34d8]} in 10.771s
06-28 22:46:36.562  4704  5813 W mobile-ffmpeg: 
06-28 22:46:36.562  4704  5813 W mobile-ffmpeg: [mov,mp4,m4a,3gp,3g2,mj2 @ 0x779ea73c00] 
06-28 22:46:36.562  4704  5813 W mobile-ffmpeg: 
06-28 22:46:36.562  4704  5813 W mobile-ffmpeg: Found duplicated MOOV Atom. Skipped it
06-28 22:46:43.510  4704  6239 W Summariser: 1 active sections found
06-28 22:46:43.514  4704  5813 W mobile-ffmpeg: 
06-28 22:46:43.514  4704  5813 W mobile-ffmpeg: [mov,mp4,m4a,3gp,3g2,mj2 @ 0x779ea73c00] 
06-28 22:46:43.514  4704  5813 W mobile-ffmpeg: 
06-28 22:46:43.514  4704  5813 W mobile-ffmpeg: Found duplicated MOOV Atom. Skipped it
06-28 22:46:56.700  4704  6239 W Summariser: Summarisation completed
06-28 22:46:56.700  4704  6239 W Summariser:   filename: 20200312_193828.mp4
06-28 22:46:56.700  4704  6239 W Summariser:   active sections: 1
06-28 22:46:56.700  4704  6239 W Summariser:   time: 20.046s
06-28 22:46:56.700  4704  6239 W Summariser:   original duration: 60.02
06-28 22:46:56.700  4704  6239 W Summariser:   summarised duration: 14.28
06-28 22:46:56.700  4704  6239 W Summariser:   noise tolerance: 45.00
06-28 22:46:56.700  4704  6239 W Summariser:   quality: 23
06-28 22:46:56.700  4704  6239 W Summariser:   speed: medium
06-28 22:46:56.700  4704  6239 W Summariser:   freeze duration: 1.00
06-28 22:46:56.794  4704  6239 W NearbyFragment: Sending 20200312_193828.mp4 to Nexus 5X [34d8]
06-28 22:47:04.124  4704  4714 W System  : A resource failed to call close. 
06-28 22:47:04.125  4704  4714 W System  : A resource failed to call close. 
06-28 22:47:13.956  4704  4704 W NearbyFragment: Completed downloading 20200312_193928.mp4 from Endpoint{id=jKt9, name=Nexus 5X [34d8]} in 11.450s
06-28 22:47:14.045  4704  5813 W mobile-ffmpeg: 
06-28 22:47:14.045  4704  5813 W mobile-ffmpeg: [mov,mp4,m4a,3gp,3g2,mj2 @ 0x779ea73c00] 
06-28 22:47:14.045  4704  5813 W mobile-ffmpeg: 
06-28 22:47:14.045  4704  5813 W mobile-ffmpeg: Found duplicated MOOV Atom. Skipped it
06-28 22:47:20.716  4704  6341 W Summariser: No activity detected
06-28 22:47:20.764  4704  6341 W Summariser: Summarisation completed
06-28 22:47:20.764  4704  6341 W Summariser:   filename: 20200312_193928.mp4
06-28 22:47:20.764  4704  6341 W Summariser:   active sections: 0
06-28 22:47:20.764  4704  6341 W Summariser:   time: 06.675s
06-28 22:47:20.764  4704  6341 W Summariser:   original duration: 60.89
06-28 22:47:20.764  4704  6341 W Summariser:   noise tolerance: 45.00
06-28 22:47:20.764  4704  6341 W Summariser:   quality: 23
06-28 22:47:20.764  4704  6341 W Summariser:   speed: medium
06-28 22:47:20.764  4704  6341 W Summariser:   freeze duration: 1.00
06-28 22:47:36.133  4704  4704 W NearbyFragment: Completed downloading 20200312_194129.mp4 from Endpoint{id=jKt9, name=Nexus 5X [34d8]} in 10.480s
06-28 22:47:36.263  4704  5813 W mobile-ffmpeg: 
06-28 22:47:36.263  4704  5813 W mobile-ffmpeg: [mov,mp4,m4a,3gp,3g2,mj2 @ 0x779ea73c00] 
06-28 22:47:36.264  4704  5813 W mobile-ffmpeg: 
06-28 22:47:36.264  4704  5813 W mobile-ffmpeg: Found duplicated MOOV Atom. Skipped it
06-28 22:47:43.022  4704  6392 W Summariser: 2 active sections found
06-28 22:47:43.027  4704  5813 W mobile-ffmpeg: 
06-28 22:47:43.027  4704  5813 W mobile-ffmpeg: [mov,mp4,m4a,3gp,3g2,mj2 @ 0x779ea73c00] 
06-28 22:47:43.027  4704  5813 W mobile-ffmpeg: 
06-28 22:47:43.027  4704  5813 W mobile-ffmpeg: Found duplicated MOOV Atom. Skipped it
06-28 22:47:56.469  4704  6392 W Summariser: Summarisation completed
06-28 22:47:56.469  4704  6392 W Summariser:   filename: 20200312_194129.mp4
06-28 22:47:56.469  4704  6392 W Summariser:   active sections: 2
06-28 22:47:56.469  4704  6392 W Summariser:   time: 20.126s
06-28 22:47:56.469  4704  6392 W Summariser:   original duration: 60.02
06-28 22:47:56.469  4704  6392 W Summariser:   summarised duration: 10.77
06-28 22:47:56.469  4704  6392 W Summariser:   noise tolerance: 45.00
06-28 22:47:56.469  4704  6392 W Summariser:   quality: 23
06-28 22:47:56.469  4704  6392 W Summariser:   speed: medium
06-28 22:47:56.469  4704  6392 W Summariser:   freeze duration: 1.00
06-28 22:47:56.546  4704  6392 W NearbyFragment: Sending 20200312_194129.mp4 to Nexus 5X [34d8]
06-28 22:48:22.570  4704  4714 W System  : A resource failed to call close. 
06-28 22:48:22.571  4704  4714 W System  : A resource failed to call close. 
06-28 22:48:22.572  4704  4714 W System  : A resource failed to call close. 
06-28 22:48:24.775  4704  4704 W NearbyFragment: Completed downloading 20200312_194330.mp4 from Endpoint{id=jKt9, name=Nexus 5X [34d8]} in 10.688s
06-28 22:48:24.938  4704  5813 W mobile-ffmpeg: 
06-28 22:48:24.938  4704  5813 W mobile-ffmpeg: [mov,mp4,m4a,3gp,3g2,mj2 @ 0x779ea73c00] 
06-28 22:48:24.938  4704  5813 W mobile-ffmpeg: 
06-28 22:48:24.938  4704  5813 W mobile-ffmpeg: Found duplicated MOOV Atom. Skipped it
06-28 22:48:31.720  4704  6520 W Summariser: No activity detected
06-28 22:48:31.767  4704  6520 W Summariser: Summarisation completed
06-28 22:48:31.767  4704  6520 W Summariser:   filename: 20200312_194330.mp4
06-28 22:48:31.767  4704  6520 W Summariser:   active sections: 0
06-28 22:48:31.767  4704  6520 W Summariser:   time: 06.793s
06-28 22:48:31.767  4704  6520 W Summariser:   original duration: 60.02
06-28 22:48:31.767  4704  6520 W Summariser:   noise tolerance: 45.00
06-28 22:48:31.767  4704  6520 W Summariser:   quality: 23
06-28 22:48:31.767  4704  6520 W Summariser:   speed: medium
06-28 22:48:31.767  4704  6520 W Summariser:   freeze duration: 1.00
06-28 22:48:49.535  4704  4704 W NearbyFragment: Completed downloading 20200312_194730.mp4 from Endpoint{id=jKt9, name=Nexus 5X [34d8]} in 12.042s
06-28 22:48:49.650  4704  5813 W mobile-ffmpeg: 
06-28 22:48:49.650  4704  5813 W mobile-ffmpeg: [mov,mp4,m4a,3gp,3g2,mj2 @ 0x779ea73c00] 
06-28 22:48:49.650  4704  5813 W mobile-ffmpeg: 
06-28 22:48:49.650  4704  5813 W mobile-ffmpeg: Found duplicated MOOV Atom. Skipped it
06-28 22:48:56.704  4704  6585 W Summariser: No activity detected
06-28 22:48:56.754  4704  6585 W Summariser: Summarisation completed
06-28 22:48:56.754  4704  6585 W Summariser:   filename: 20200312_194730.mp4
06-28 22:48:56.754  4704  6585 W Summariser:   active sections: 0
06-28 22:48:56.754  4704  6585 W Summariser:   time: 07.062s
06-28 22:48:56.754  4704  6585 W Summariser:   original duration: 60.02
06-28 22:48:56.754  4704  6585 W Summariser:   noise tolerance: 45.00
06-28 22:48:56.754  4704  6585 W Summariser:   quality: 23
06-28 22:48:56.754  4704  6585 W Summariser:   speed: medium
06-28 22:48:56.754  4704  6585 W Summariser:   freeze duration: 1.00
06-28 22:49:12.748  4704  4704 W NearbyFragment: Completed downloading 20200312_194830.mp4 from Endpoint{id=jKt9, name=Nexus 5X [34d8]} in 12.272s
06-28 22:49:12.867  4704  5813 W mobile-ffmpeg: 
06-28 22:49:12.867  4704  5813 W mobile-ffmpeg: [mov,mp4,m4a,3gp,3g2,mj2 @ 0x779ea73c00] 
06-28 22:49:12.867  4704  5813 W mobile-ffmpeg: 
06-28 22:49:12.867  4704  5813 W mobile-ffmpeg: Found duplicated MOOV Atom. Skipped it
06-28 22:49:19.843  4704  6628 W Summariser: 4 active sections found
06-28 22:49:19.847  4704  5813 W mobile-ffmpeg: 
06-28 22:49:19.848  4704  5813 W mobile-ffmpeg: [mov,mp4,m4a,3gp,3g2,mj2 @ 0x779ea73c00] 
06-28 22:49:19.848  4704  5813 W mobile-ffmpeg: 
06-28 22:49:19.848  4704  5813 W mobile-ffmpeg: Found duplicated MOOV Atom. Skipped it
06-28 22:49:41.213  4704  6628 W Summariser: Summarisation completed
06-28 22:49:41.213  4704  6628 W Summariser:   filename: 20200312_194830.mp4
06-28 22:49:41.213  4704  6628 W Summariser:   active sections: 4
06-28 22:49:41.213  4704  6628 W Summariser:   time: 28.256s
06-28 22:49:41.213  4704  6628 W Summariser:   original duration: 60.02
06-28 22:49:41.213  4704  6628 W Summariser:   summarised duration: 19.02
06-28 22:49:41.213  4704  6628 W Summariser:   noise tolerance: 45.00
06-28 22:49:41.213  4704  6628 W Summariser:   quality: 23
06-28 22:49:41.213  4704  6628 W Summariser:   speed: medium
06-28 22:49:41.213  4704  6628 W Summariser:   freeze duration: 1.00
06-28 22:49:41.283  4704  6628 W NearbyFragment: Sending 20200312_194830.mp4 to Nexus 5X [34d8]
06-28 22:49:53.187  4704  4714 W System  : A resource failed to call close. 
06-28 22:49:53.189  4704  4714 W System  : A resource failed to call close. 
06-28 22:50:05.809  4704  4704 W NearbyFragment: Completed downloading 20200312_195230.mp4 from Endpoint{id=jKt9, name=Nexus 5X [34d8]} in 15.055s
06-28 22:50:05.935  4704  5813 W mobile-ffmpeg: 
06-28 22:50:05.935  4704  5813 W mobile-ffmpeg: [mov,mp4,m4a,3gp,3g2,mj2 @ 0x779ea73c00] 
06-28 22:50:05.935  4704  5813 W mobile-ffmpeg: 
06-28 22:50:05.935  4704  5813 W mobile-ffmpeg: Found duplicated MOOV Atom. Skipped it
06-28 22:50:12.755  4704  6707 W Summariser: 1 active sections found
06-28 22:50:12.759  4704  5813 W mobile-ffmpeg: 
06-28 22:50:12.759  4704  5813 W mobile-ffmpeg: [mov,mp4,m4a,3gp,3g2,mj2 @ 0x779ea73c00] 
06-28 22:50:12.759  4704  5813 W mobile-ffmpeg: 
06-28 22:50:12.759  4704  5813 W mobile-ffmpeg: Found duplicated MOOV Atom. Skipped it
06-28 22:50:21.907  4704  6707 W Summariser: Summarisation completed
06-28 22:50:21.907  4704  6707 W Summariser:   filename: 20200312_195230.mp4
06-28 22:50:21.907  4704  6707 W Summariser:   active sections: 1
06-28 22:50:21.907  4704  6707 W Summariser:   time: 15.897s
06-28 22:50:21.907  4704  6707 W Summariser:   original duration: 60.02
06-28 22:50:21.907  4704  6707 W Summariser:   summarised duration: 6.97
06-28 22:50:21.907  4704  6707 W Summariser:   noise tolerance: 45.00
06-28 22:50:21.907  4704  6707 W Summariser:   quality: 23
06-28 22:50:21.907  4704  6707 W Summariser:   speed: medium
06-28 22:50:21.907  4704  6707 W Summariser:   freeze duration: 1.00
06-28 22:50:21.999  4704  6707 W NearbyFragment: Sending 20200312_195230.mp4 to Nexus 5X [34d8]
06-28 22:50:48.842  4704  4704 W NearbyFragment: Completed downloading 20200312_195430.mp4 from Endpoint{id=jKt9, name=Nexus 5X [34d8]} in 09.544s
06-28 22:50:48.961  4704  5813 W mobile-ffmpeg: 
06-28 22:50:48.961  4704  5813 W mobile-ffmpeg: [mov,mp4,m4a,3gp,3g2,mj2 @ 0x779ea73c00] 
06-28 22:50:48.962  4704  5813 W mobile-ffmpeg: 
06-28 22:50:48.962  4704  5813 W mobile-ffmpeg: Found duplicated MOOV Atom. Skipped it
06-28 22:50:55.658  4704  6791 W Summariser: 5 active sections found
06-28 22:50:55.663  4704  5813 W mobile-ffmpeg: 
06-28 22:50:55.663  4704  5813 W mobile-ffmpeg: [mov,mp4,m4a,3gp,3g2,mj2 @ 0x779ea73c00] 
06-28 22:50:55.663  4704  5813 W mobile-ffmpeg: 
06-28 22:50:55.663  4704  5813 W mobile-ffmpeg: Found duplicated MOOV Atom. Skipped it
06-28 22:51:15.979  4704  6791 W Summariser: Summarisation completed
06-28 22:51:15.979  4704  6791 W Summariser:   filename: 20200312_195430.mp4
06-28 22:51:15.979  4704  6791 W Summariser:   active sections: 5
06-28 22:51:15.979  4704  6791 W Summariser:   time: 26.930s
06-28 22:51:15.979  4704  6791 W Summariser:   original duration: 60.02
06-28 22:51:15.979  4704  6791 W Summariser:   summarised duration: 21.92
06-28 22:51:15.979  4704  6791 W Summariser:   noise tolerance: 45.00
06-28 22:51:15.979  4704  6791 W Summariser:   quality: 23
06-28 22:51:15.979  4704  6791 W Summariser:   speed: medium
06-28 22:51:15.979  4704  6791 W Summariser:   freeze duration: 1.00
06-28 22:51:16.082  4704  6791 W NearbyFragment: Sending 20200312_195430.mp4 to Nexus 5X [34d8]
