--------- beginning of main
07-10 04:55:02.585  3729  3729 E Zygote  : isWhitelistProcess - Process is Whitelisted
07-10 04:55:02.588  3729  3729 E Zygote  : accessInfo : 1
--------- beginning of system
07-10 04:55:04.269  3729  3729 W LogFactory: Truncating log tag length as it exceed 23, the limit imposed by Android on certain API Levels
07-10 04:55:54.308  3729  3729 W ActivityThread: handleWindowVisibility: no activity for token android.os.BinderProxy@beff373
07-10 04:55:54.388  3729  3729 W example.edgesu: Accessing hidden method Landroid/graphics/drawable/Drawable;->getOpticalInsets()Landroid/graphics/Insets; (light greylist, linking)
07-10 04:55:54.388  3729  3729 W example.edgesu: Accessing hidden field Landroid/graphics/Insets;->left:I (light greylist, linking)
07-10 04:55:54.388  3729  3729 W example.edgesu: Accessing hidden field Landroid/graphics/Insets;->right:I (light greylist, linking)
07-10 04:55:54.388  3729  3729 W example.edgesu: Accessing hidden field Landroid/graphics/Insets;->top:I (light greylist, linking)
07-10 04:55:54.389  3729  3729 W example.edgesu: Accessing hidden field Landroid/graphics/Insets;->bottom:I (light greylist, linking)
07-10 04:55:54.478  3729  3729 W example.edgesu: Accessing hidden method Landroid/view/View;->computeFitSystemWindows(Landroid/graphics/Rect;Landroid/graphics/Rect;)Z (light greylist, reflection)
07-10 04:55:54.479  3729  3729 W example.edgesu: Accessing hidden method Landroid/view/ViewGroup;->makeOptionalFitsSystemWindows()V (light greylist, reflection)
07-10 04:55:54.491  3729  3729 W example.edgesu: Accessing hidden method Landroid/widget/TextView;->getTextDirectionHeuristic()Landroid/text/TextDirectionHeuristic; (light greylist, linking)
07-10 04:55:54.628  3729  3879 W LogFactory: Truncating log tag length as it exceed 23, the limit imposed by Android on certain API Levels
07-10 04:55:54.629  3729  3879 W LogFactory: Truncating log tag length as it exceed 23, the limit imposed by Android on certain API Levels
07-10 04:55:54.715  3729  3879 W LogFactory: Truncating log tag length as it exceed 23, the limit imposed by Android on certain API Levels
07-10 04:55:54.837  3729  3729 W ActivityThread: handleWindowVisibility: no activity for token android.os.BinderProxy@ccd866d
07-10 04:55:54.931  3729  3729 W example.edgesu: Accessing hidden field Landroid/view/View;->mAccessibilityDelegate:Landroid/view/View$AccessibilityDelegate; (light greylist, reflection)
07-10 04:55:55.047  3729  3729 W example.edgesu: Accessing hidden method Landroid/app/ActivityThread;->currentApplication()Landroid/app/Application; (light greylist, reflection)
07-10 04:55:55.050  3729  3729 W System.err: org.json.JSONException: No value for manufacturer
07-10 04:55:55.050  3729  3729 W System.err: 	at org.json.JSONObject.get(JSONObject.java:392)
07-10 04:55:55.050  3729  3729 W System.err: 	at org.json.JSONObject.getString(JSONObject.java:553)
07-10 04:55:55.050  3729  3729 W System.err: 	at com.jaredrummler.android.device.DeviceName$DeviceInfo.<init>(DeviceName.java:374)
07-10 04:55:55.050  3729  3729 W System.err: 	at com.jaredrummler.android.device.DeviceName$DeviceInfo.<init>(DeviceName.java:347)
07-10 04:55:55.050  3729  3729 W System.err: 	at com.jaredrummler.android.device.DeviceName.getDeviceInfo(DeviceName.java:186)
07-10 04:55:55.050  3729  3729 W System.err: 	at com.jaredrummler.android.device.DeviceName.getDeviceName(DeviceName.java:138)
07-10 04:55:55.050  3729  3729 W System.err: 	at com.jaredrummler.android.device.DeviceName.getDeviceName(DeviceName.java:111)
07-10 04:55:55.051  3729  3729 W System.err: 	at com.example.edgesum.util.nearby.NearbyFragment.setLocalName(NearbyFragment.java:118)
07-10 04:55:55.051  3729  3729 W System.err: 	at com.example.edgesum.util.nearby.NearbyFragment.onCreate(NearbyFragment.java:110)
07-10 04:55:55.051  3729  3729 W System.err: 	at com.example.edgesum.page.main.ConnectionFragment.onCreate(ConnectionFragment.java:30)
07-10 04:55:55.051  3729  3729 W System.err: 	at androidx.fragment.app.Fragment.performCreate(Fragment.java:2684)
07-10 04:55:55.051  3729  3729 W System.err: 	at androidx.fragment.app.FragmentStateManager.create(FragmentStateManager.java:280)
07-10 04:55:55.051  3729  3729 W System.err: 	at androidx.fragment.app.FragmentManager.moveToState(FragmentManager.java:1175)
07-10 04:55:55.051  3729  3729 W System.err: 	at androidx.fragment.app.FragmentTransition.addToFirstInLastOut(FragmentTransition.java:1255)
07-10 04:55:55.051  3729  3729 W System.err: 	at androidx.fragment.app.FragmentTransition.calculateFragments(FragmentTransition.java:1138)
07-10 04:55:55.051  3729  3729 W System.err: 	at androidx.fragment.app.FragmentTransition.startTransitions(FragmentTransition.java:136)
07-10 04:55:55.051  3729  3729 W System.err: 	at androidx.fragment.app.FragmentManager.executeOpsTogether(FragmentManager.java:1989)
07-10 04:55:55.051  3729  3729 W System.err: 	at androidx.fragment.app.FragmentManager.removeRedundantOperationsAndExecute(FragmentManager.java:1947)
07-10 04:55:55.051  3729  3729 W System.err: 	at androidx.fragment.app.FragmentManager.execPendingActions(FragmentManager.java:1849)
07-10 04:55:55.051  3729  3729 W System.err: 	at androidx.fragment.app.FragmentManager.dispatchStateChange(FragmentManager.java:2629)
07-10 04:55:55.051  3729  3729 W System.err: 	at androidx.fragment.app.FragmentManager.dispatchActivityCreated(FragmentManager.java:2577)
07-10 04:55:55.051  3729  3729 W System.err: 	at androidx.fragment.app.FragmentController.dispatchActivityCreated(FragmentController.java:247)
07-10 04:55:55.052  3729  3729 W System.err: 	at androidx.fragment.app.FragmentActivity.onStart(FragmentActivity.java:541)
07-10 04:55:55.052  3729  3729 W System.err: 	at androidx.appcompat.app.AppCompatActivity.onStart(AppCompatActivity.java:201)
07-10 04:55:55.052  3729  3729 W System.err: 	at com.example.edgesum.page.main.MainActivity.onStart(MainActivity.java:88)
07-10 04:55:55.052  3729  3729 W System.err: 	at android.app.Instrumentation.callActivityOnStart(Instrumentation.java:1391)
07-10 04:55:55.052  3729  3729 W System.err: 	at android.app.Activity.performStart(Activity.java:7348)
07-10 04:55:55.052  3729  3729 W System.err: 	at android.app.ActivityThread.handleStartActivity(ActivityThread.java:3138)
07-10 04:55:55.052  3729  3729 W System.err: 	at android.app.servertransaction.TransactionExecutor.performLifecycleSequence(TransactionExecutor.java:180)
07-10 04:55:55.052  3729  3729 W System.err: 	at android.app.servertransaction.TransactionExecutor.cycleToPath(TransactionExecutor.java:165)
07-10 04:55:55.052  3729  3729 W System.err: 	at android.app.servertransaction.TransactionExecutor.executeLifecycleState(TransactionExecutor.java:142)
07-10 04:55:55.052  3729  3729 W System.err: 	at android.app.servertransaction.TransactionExecutor.execute(TransactionExecutor.java:70)
07-10 04:55:55.052  3729  3729 W System.err: 	at android.app.ActivityThread$H.handleMessage(ActivityThread.java:1948)
07-10 04:55:55.052  3729  3729 W System.err: 	at android.os.Handler.dispatchMessage(Handler.java:106)
07-10 04:55:55.052  3729  3729 W System.err: 	at android.os.Looper.loop(Looper.java:214)
07-10 04:55:55.052  3729  3729 W System.err: 	at android.app.ActivityThread.main(ActivityThread.java:7050)
07-10 04:55:55.052  3729  3729 W System.err: 	at java.lang.reflect.Method.invoke(Native Method)
07-10 04:55:55.052  3729  3729 W System.err: 	at com.android.internal.os.RuntimeInit$MethodAndArgsCaller.run(RuntimeInit.java:493)
07-10 04:55:55.052  3729  3729 W System.err: 	at com.android.internal.os.ZygoteInit.main(ZygoteInit.java:965)
07-10 04:55:55.250  3729  3729 E TransferService: No notification is passed in the intent. Unable to transition to foreground.
07-10 04:55:55.297  3729  3729 W StaticLayout: maxLineHeight should not be -1.  maxLines:1 lineCount:1
07-10 04:55:55.307  3729  3729 W StaticLayout: maxLineHeight should not be -1.  maxLines:1 lineCount:1
07-10 04:55:55.311  3729  3729 W StaticLayout: maxLineHeight should not be -1.  maxLines:1 lineCount:1
07-10 04:55:55.315  3729  3729 W StaticLayout: maxLineHeight should not be -1.  maxLines:1 lineCount:1
07-10 04:55:55.343  3729  3729 W StaticLayout: maxLineHeight should not be -1.  maxLines:1 lineCount:1
07-10 04:55:55.347  3729  3729 W StaticLayout: maxLineHeight should not be -1.  maxLines:1 lineCount:1
07-10 04:55:55.372  3729  3918 W LogFactory: Truncating log tag length as it exceed 23, the limit imposed by Android on certain API Levels
07-10 04:55:55.745  3729  3889 W libEGL  : EGLNativeWindowType 0x7e27ae7010 disconnect failed
07-10 04:56:01.650  3729  3729 W example.edgesu: Accessing hidden method Landroid/view/View;->getTransitionAlpha()F (light greylist, linking)
07-10 04:56:01.650  3729  3729 W example.edgesu: Accessing hidden method Landroid/view/View;->setTransitionAlpha(F)V (light greylist, linking)
07-10 04:56:01.651  3729  3729 W example.edgesu: Accessing hidden method Landroid/view/View;->setAnimationMatrix(Landroid/graphics/Matrix;)V (light greylist, linking)
07-10 04:56:01.651  3729  3729 W example.edgesu: Accessing hidden method Landroid/view/View;->transformMatrixToGlobal(Landroid/graphics/Matrix;)V (light greylist, linking)
07-10 04:56:01.651  3729  3729 W example.edgesu: Accessing hidden method Landroid/view/View;->transformMatrixToLocal(Landroid/graphics/Matrix;)V (light greylist, linking)
07-10 04:56:01.651  3729  3729 W example.edgesu: Accessing hidden method Landroid/view/View;->setLeftTopRightBottom(IIII)V (light greylist, linking)
07-10 04:56:01.651  3729  3729 W example.edgesu: Accessing hidden method Landroid/view/View;->setTransitionVisibility(I)V (dark greylist, linking)
07-10 04:56:01.689  3729  3729 W StaticLayout: maxLineHeight should not be -1.  maxLines:1 lineCount:1
07-10 04:56:01.697  3729  3729 W StaticLayout: maxLineHeight should not be -1.  maxLines:1 lineCount:1
07-10 04:56:04.417  3729  3729 W example.edgesu: Accessing hidden field Landroid/view/View;->mViewFlags:I (light greylist, reflection)
07-10 04:56:04.423  3729  3729 W example.edgesu: Accessing hidden method Landroid/view/ViewGroup;->suppressLayout(Z)V (light greylist, linking)
07-10 04:56:32.556  3729  3729 W LogFactory: Truncating log tag length as it exceed 23, the limit imposed by Android on certain API Levels
07-10 04:56:34.070  3729  4211 W LogFactory: Truncating log tag length as it exceed 23, the limit imposed by Android on certain API Levels
07-10 04:56:34.722  3729  3889 W libEGL  : EGLNativeWindowType 0x7e09e69010 disconnect failed
07-10 04:56:34.876  3729  3729 W S3Uploader: Uploaded 20200312_150744.mp4 in 02.347s
07-10 04:56:36.875  3729  3889 W libEGL  : EGLNativeWindowType 0x7e09e69010 disconnect failed
07-10 04:56:47.246  3729  3889 W libEGL  : EGLNativeWindowType 0x7e0eae2010 disconnect failed
07-10 04:57:17.095  3729  4227 W LogFactory: Truncating log tag length as it exceed 23, the limit imposed by Android on certain API Levels
07-10 04:57:18.062  3729  3729 W S3Uploader: Uploaded 20200312_150844.mp4 in 32.955s
07-10 04:57:20.078  3729  3889 W libEGL  : EGLNativeWindowType 0x7e0eae2010 disconnect failed
07-10 04:57:30.968  3729  3729 W S3Uploader: Uploaded 20200312_150944.mp4 in 01.500s
07-10 04:57:30.979  3729  3889 W libEGL  : EGLNativeWindowType 0x7e07e45010 disconnect failed
07-10 04:57:32.981  3729  3889 W libEGL  : EGLNativeWindowType 0x7e07e45010 disconnect failed
07-10 04:57:40.041  3729  3729 W S3Uploader: Uploaded 20200312_193628.mp4 in 01.219s
07-10 04:57:40.051  3729  3889 W libEGL  : EGLNativeWindowType 0x7e09f43010 disconnect failed
07-10 04:57:42.082  3729  3889 W libEGL  : EGLNativeWindowType 0x7e09f43010 disconnect failed
07-10 04:57:45.347  3729  3889 W libEGL  : EGLNativeWindowType 0x7e07e80010 disconnect failed
07-10 04:58:15.475  3729  3729 W S3Uploader: Uploaded 20200312_193728.mp4 in 32.239s
07-10 04:58:17.490  3729  3889 W libEGL  : EGLNativeWindowType 0x7e07e80010 disconnect failed
07-10 04:58:45.355  3729  3729 W S3Uploader: Uploaded 20200312_193828.mp4 in 01.717s
07-10 04:58:45.362  3729  3889 W libEGL  : EGLNativeWindowType 0x7e07f77010 disconnect failed
07-10 04:58:47.362  3729  3889 W libEGL  : EGLNativeWindowType 0x7e07f77010 disconnect failed
07-10 04:59:10.241  3729  3729 W S3Uploader: Uploaded 20200312_194129.mp4 in 01.364s
07-10 04:59:10.248  3729  3889 W libEGL  : EGLNativeWindowType 0x7e09ece010 disconnect failed
07-10 04:59:12.181  3729  3889 W libEGL  : EGLNativeWindowType 0x7e09ece010 disconnect failed
07-10 04:59:13.742  3729  3729 W S3Uploader: Uploaded 20200312_194229.mp4 in 01.650s
07-10 04:59:13.750  3729  3889 W libEGL  : EGLNativeWindowType 0x7e09ece010 disconnect failed
07-10 04:59:15.417  3729  3889 W libEGL  : EGLNativeWindowType 0x7e09ece010 disconnect failed
07-10 04:59:17.297  3729  3729 W S3Uploader: Uploaded 20200312_194830.mp4 in 01.969s
07-10 04:59:17.306  3729  3889 W libEGL  : EGLNativeWindowType 0x7e09ece010 disconnect failed
07-10 04:59:18.898  3729  3889 W libEGL  : EGLNativeWindowType 0x7e09ece010 disconnect failed
07-10 04:59:20.896  3729  3889 W libEGL  : EGLNativeWindowType 0x7e09ece010 disconnect failed
07-10 04:59:21.006  3729  3729 W S3Uploader: Uploaded 20200312_194930.mp4 in 02.204s
07-10 04:59:22.598  3729  3889 W libEGL  : EGLNativeWindowType 0x7e09ece010 disconnect failed
07-10 04:59:23.648  3729  3729 W S3Uploader: Uploaded 20200312_195230.mp4 in 01.147s
07-10 04:59:23.656  3729  3889 W libEGL  : EGLNativeWindowType 0x7e09ece010 disconnect failed
07-10 04:59:25.247  3729  3889 W libEGL  : EGLNativeWindowType 0x7e09ece010 disconnect failed
07-10 04:59:27.285  3729  3729 W S3Uploader: Uploaded 20200312_195330.mp4 in 02.139s
07-10 04:59:27.295  3729  3889 W libEGL  : EGLNativeWindowType 0x7e09ece010 disconnect failed
07-10 04:59:28.714  3729  3889 W libEGL  : EGLNativeWindowType 0x7e09ece010 disconnect failed
07-10 04:59:30.463  3729  3729 W S3Uploader: Uploaded 20200312_195430.mp4 in 01.831s
07-10 04:59:30.472  3729  3889 W libEGL  : EGLNativeWindowType 0x7e09ece010 disconnect failed
07-10 04:59:32.478  3729  3889 W libEGL  : EGLNativeWindowType 0x7e09ece010 disconnect failed
07-10 04:59:40.377  3729  3889 W libEGL  : EGLNativeWindowType 0x7e0e680010 disconnect failed
