--------- beginning of main
07-05 20:06:15.586 25618 25618 E Zygote  : isWhitelistProcess - Process is Whitelisted
07-05 20:06:15.588 25618 25618 E Zygote  : accessInfo : 1
07-05 20:06:15.604 25618 25618 I example.edgesu: Late-enabling -Xcheck:jni
--------- beginning of system
07-05 20:06:17.138 25618 25618 I ActivityThread: handleStopService: token=android.os.BinderProxy@2ba744a not found.
07-05 20:06:17.148 25618 25618 I TransferService: Starting Transfer Service to listen for network connectivity changes.
07-05 20:06:17.153 25618 25618 W LogFactory: Truncating log tag length as it exceed 23, the limit imposed by Android on certain API Levels
07-05 20:06:17.247 25618 25618 I TransferService: Registering the network receiver
07-05 20:06:17.252 25618 25618 I TransferService: Moving the service out of the Foreground state.
07-05 20:06:17.254 25618 25618 I TransferService: De-registering the network receiver.
07-05 20:06:19.505 25618 25618 W ActivityThread: handleWindowVisibility: no activity for token android.os.BinderProxy@b6ddef0
07-05 20:06:19.513 25618 25640 D vndksupport: Loading /vendor/lib64/egl/libGLES_mali.so from current namespace instead of sphal namespace.
07-05 20:06:19.537 25618 25640 D libEGL  : loaded /vendor/lib64/egl/libGLES_mali.so
07-05 20:06:19.589 25618 25618 W example.edgesu: Accessing hidden method Landroid/graphics/drawable/Drawable;->getOpticalInsets()Landroid/graphics/Insets; (light greylist, linking)
07-05 20:06:19.589 25618 25618 W example.edgesu: Accessing hidden field Landroid/graphics/Insets;->left:I (light greylist, linking)
07-05 20:06:19.589 25618 25618 W example.edgesu: Accessing hidden field Landroid/graphics/Insets;->right:I (light greylist, linking)
07-05 20:06:19.589 25618 25618 W example.edgesu: Accessing hidden field Landroid/graphics/Insets;->top:I (light greylist, linking)
07-05 20:06:19.589 25618 25618 W example.edgesu: Accessing hidden field Landroid/graphics/Insets;->bottom:I (light greylist, linking)
07-05 20:06:19.607 25618 25618 I DecorView: createDecorCaptionView >> DecorView@b3c04dd[], isFloating: false, isApplication: true, hasWindowDecorCaption: false, hasWindowControllerCallback: true
07-05 20:06:19.636 25618 25618 W example.edgesu: Accessing hidden method Landroid/view/View;->computeFitSystemWindows(Landroid/graphics/Rect;Landroid/graphics/Rect;)Z (light greylist, reflection)
07-05 20:06:19.637 25618 25618 W example.edgesu: Accessing hidden method Landroid/view/ViewGroup;->makeOptionalFitsSystemWindows()V (light greylist, reflection)
07-05 20:06:19.739 25618 25618 W example.edgesu: Accessing hidden method Landroid/widget/TextView;->getTextDirectionHeuristic()Landroid/text/TextDirectionHeuristic; (light greylist, linking)
07-05 20:06:19.749 25618 25618 W example.edgesu: Accessing hidden field Landroid/view/View;->mAccessibilityDelegate:Landroid/view/View$AccessibilityDelegate; (light greylist, reflection)
07-05 20:06:19.812 25618 25618 V Repo    : /storage/emulated/0/Movies/raw
07-05 20:06:19.812 25618 25618 V Repo    : /storage/emulated/0/Movies/summarised
07-05 20:06:19.835 25618 25618 V FileManager: External storage is readable
07-05 20:06:19.836 25618 25618 V FileManager: Created new directory: /storage/emulated/0/Movies/raw
07-05 20:06:19.837 25618 25618 V FileManager: External storage is readable
07-05 20:06:19.838 25618 25618 V FileManager: Created new directory: /storage/emulated/0/Movies/summarised
07-05 20:06:19.839 25618 25618 V FileManager: External storage is readable
07-05 20:06:19.841 25618 25618 V FileManager: Created new directory: /storage/emulated/0/Download/nearby
07-05 20:06:19.842 25618 25618 V FileManager: External storage is readable
07-05 20:06:19.843 25618 25618 V FileManager: Created new directory: /storage/emulated/0/Movies/segment
07-05 20:06:19.844 25618 25618 V FileManager: External storage is readable
07-05 20:06:19.846 25618 25618 V FileManager: Created new directory: /storage/emulated/0/Movies/segment-sum
07-05 20:06:19.982 25618 25618 V VideoManager: getAllVideoFromExternalStorageFolder
07-05 20:06:19.983 25618 25618 D VideoManager: /storage/emulated/0/Movies/summarised
07-05 20:06:19.990 25618 25618 D VideoManager: 0 videos return
07-05 20:06:20.022 25618 25618 V VideoManager: getAllVideoFromExternalStorageFolder
07-05 20:06:20.023 25618 25618 D VideoManager: /storage/emulated/0/Movies/raw
07-05 20:06:20.028 25618 25618 D VideoManager: 0 videos return
07-05 20:06:20.054 25618 25618 D OpenGLRenderer: Skia GL Pipeline
07-05 20:06:20.057 25618 25618 D EmergencyMode: [EmergencyManager] android createPackageContext successful
07-05 20:06:20.071 25618 25618 D InputTransport: Input channel constructed: fd=64
07-05 20:06:20.072 25618 25618 D ViewRootImpl@f774588[MainActivity]: setView = DecorView@b3c04dd[MainActivity] TM=true MM=false
07-05 20:06:20.076 25618 25618 I TransferService: Starting Transfer Service to listen for network connectivity changes.
07-05 20:06:20.077 25618 25618 I TransferService: Registering the network receiver
07-05 20:06:20.078 25618 25618 E TransferService: No notification is passed in the intent. Unable to transition to foreground.
07-05 20:06:20.108 25618 25631 D MainActivity: Scanned /storage/emulated/0/Movies/summarised
07-05 20:06:20.108 25618 25631 D MainActivity:   -> uri=content://media/external/file/138420
07-05 20:06:20.112 25618 25618 D ViewRootImpl@f774588[MainActivity]: dispatchAttachedToWindow
07-05 20:06:20.131 25618 25618 W StaticLayout: maxLineHeight should not be -1.  maxLines:1 lineCount:1
07-05 20:06:20.135 25618 25631 D MainActivity: Scanned /storage/emulated/0/Movies/raw
07-05 20:06:20.135 25618 25631 D MainActivity:   -> uri=content://media/external/file/138419
07-05 20:06:20.140 25618 25618 W StaticLayout: maxLineHeight should not be -1.  maxLines:1 lineCount:1
07-05 20:06:20.144 25618 25618 W StaticLayout: maxLineHeight should not be -1.  maxLines:1 lineCount:1
07-05 20:06:20.148 25618 25618 W StaticLayout: maxLineHeight should not be -1.  maxLines:1 lineCount:1
07-05 20:06:20.160 25618 25618 D ViewRootImpl@f774588[MainActivity]: Relayout returned: old=[0,0][720,1480] new=[0,0][720,1480] result=0x7 surface={valid=true 519406931968} changed=true
07-05 20:06:20.167 25618 25618 W StaticLayout: maxLineHeight should not be -1.  maxLines:1 lineCount:1
07-05 20:06:20.168 25618 25645 I ConfigStore: android::hardware::configstore::V1_0::ISurfaceFlingerConfigs::hasWideColorDisplay retrieved: 0
07-05 20:06:20.168 25618 25645 I ConfigStore: android::hardware::configstore::V1_0::ISurfaceFlingerConfigs::hasHDRDisplay retrieved: 0
07-05 20:06:20.169 25618 25645 I OpenGLRenderer: Initialized EGL, version 1.4
07-05 20:06:20.169 25618 25645 D OpenGLRenderer: Swap behavior 2
07-05 20:06:20.172 25618 25618 W StaticLayout: maxLineHeight should not be -1.  maxLines:1 lineCount:1
07-05 20:06:20.178 25618 25645 D mali_winsys: EGLint new_window_surface(egl_winsys_display *, void *, EGLSurface, EGLConfig, egl_winsys_surface **, EGLBoolean) returns 0x3000
07-05 20:06:20.178 25618 25645 D OpenGLRenderer: eglCreateWindowSurface = 0x78d67cba80, 0x78ef10d010
07-05 20:06:20.182 25618 25618 I TransferNetworkLossHand: Network connectivity changed detected.
07-05 20:06:20.183 25618 25618 I TransferNetworkLossHand: Network connected: true
07-05 20:06:20.185 25618 25659 D TransferNetworkLossHand: Loading transfers from database...
07-05 20:06:20.187 25618 25659 D TransferNetworkLossHand: Closing the cursor for resumeAllTransfers
07-05 20:06:20.188 25618 25659 D TransferNetworkLossHand: 0 transfers are loaded from database.
07-05 20:06:20.263 25618 25645 D vndksupport: Loading /vendor/lib64/hw/android.hardware.graphics.mapper@2.0-impl.so from current namespace instead of sphal namespace.
07-05 20:06:20.283 25618 25618 D ViewRootImpl@f774588[MainActivity]: MSG_RESIZED: frame=Rect(0, 0 - 720, 1480) ci=Rect(0, 48 - 0, 96) vi=Rect(0, 48 - 0, 96) or=1
07-05 20:06:20.285 25618 25618 D ViewRootImpl@f774588[MainActivity]: setWindowStopped(false) old=false
07-05 20:06:20.291 25618 25618 D ViewRootImpl@f774588[MainActivity]: MSG_WINDOW_FOCUS_CHANGED 1 1
07-05 20:06:20.291 25618 25618 D InputMethodManager: prepareNavigationBarInfo() DecorView@b3c04dd[MainActivity]
07-05 20:06:20.291 25618 25618 D InputMethodManager: getNavigationBarColor() -855310
07-05 20:06:20.296 25618 25618 D InputMethodManager: prepareNavigationBarInfo() DecorView@b3c04dd[MainActivity]
07-05 20:06:20.296 25618 25618 D InputMethodManager: getNavigationBarColor() -855310
07-05 20:06:20.296 25618 25618 V InputMethodManager: Starting input: tba=com.example.edgesum ic=null mNaviBarColor -855310 mIsGetNaviBarColorSuccess true , NavVisible : true , NavTrans : false
07-05 20:06:20.297 25618 25618 D InputMethodManager: startInputInner - Id : 0
07-05 20:06:20.297 25618 25618 I InputMethodManager: startInputInner - mService.startInputOrWindowGainedFocus
07-05 20:06:20.301 25618 25631 D InputTransport: Input channel constructed: fd=74
07-05 20:06:20.332 25618 25618 D InputMethodManager: prepareNavigationBarInfo() DecorView@b3c04dd[MainActivity]
07-05 20:06:20.332 25618 25618 D InputMethodManager: getNavigationBarColor() -855310
07-05 20:06:20.332 25618 25618 V InputMethodManager: Starting input: tba=com.example.edgesum ic=null mNaviBarColor -855310 mIsGetNaviBarColorSuccess true , NavVisible : true , NavTrans : false
07-05 20:06:20.332 25618 25618 D InputMethodManager: startInputInner - Id : 0
07-05 20:06:28.197 25618 25618 D ViewRootImpl@f774588[MainActivity]: ViewPostIme pointer 0
07-05 20:06:28.240 25618 25618 D ViewRootImpl@f774588[MainActivity]: ViewPostIme pointer 1
07-05 20:06:28.256 25618 25618 V MainActivity: Connect button clicked
07-05 20:06:32.989 25618 25618 D ViewRootImpl@f774588[MainActivity]: ViewPostIme pointer 0
07-05 20:06:33.018 25618 25618 D ViewRootImpl@f774588[MainActivity]: ViewPostIme pointer 1
07-05 20:06:33.025 25618 25618 V ConnectionFragment: Advertisement switch checked
07-05 20:06:34.908 25618 25618 D NearbyFragment: Started advertising
07-05 20:06:44.954 25618 25618 D NearbyFragment: Initiated connection with Qd2N: Nexus 5X [34d8]
07-05 20:06:44.973 25618 25618 D Dialog  : mIsSamsungBasicInteraction = false
07-05 20:06:44.973 25618 25618 D Dialog  : mIsSamsungBasicInteraction = false, isMetaDataInActivity = false
07-05 20:06:45.024 25618 25618 I DecorView: createDecorCaptionView >> DecorView@8a02a38[], isFloating: true, isApplication: true, hasWindowDecorCaption: false, hasWindowControllerCallback: false
07-05 20:06:45.125 25618 25618 D ScrollView: initGoToTop
07-05 20:06:45.190 25618 25618 D InputTransport: Input channel constructed: fd=76
07-05 20:06:45.195 25618 25618 D ViewRootImpl@66f5c14[MainActivity]: setView = DecorView@8a02a38[MainActivity] TM=true MM=false
07-05 20:06:45.212 25618 25618 W example.edgesu: Accessing hidden method Landroid/graphics/FontFamily;-><init>()V (light greylist, reflection)
07-05 20:06:45.212 25618 25618 W example.edgesu: Accessing hidden method Landroid/graphics/FontFamily;->addFontFromAssetManager(Landroid/content/res/AssetManager;Ljava/lang/String;IZIII[Landroid/graphics/fonts/FontVariationAxis;)Z (light greylist, reflection)
07-05 20:06:45.212 25618 25618 W example.edgesu: Accessing hidden method Landroid/graphics/FontFamily;->addFontFromBuffer(Ljava/nio/ByteBuffer;I[Landroid/graphics/fonts/FontVariationAxis;II)Z (light greylist, reflection)
07-05 20:06:45.212 25618 25618 W example.edgesu: Accessing hidden method Landroid/graphics/FontFamily;->freeze()Z (light greylist, reflection)
07-05 20:06:45.212 25618 25618 W example.edgesu: Accessing hidden method Landroid/graphics/FontFamily;->abortCreation()V (light greylist, reflection)
07-05 20:06:45.212 25618 25618 W example.edgesu: Accessing hidden method Landroid/graphics/Typeface;->createFromFamiliesWithDefault([Landroid/graphics/FontFamily;Ljava/lang/String;II)Landroid/graphics/Typeface; (light greylist, reflection)
07-05 20:06:45.289 25618 25618 D ViewRootImpl@66f5c14[MainActivity]: dispatchAttachedToWindow
07-05 20:06:45.356 25618 25618 D ViewRootImpl@66f5c14[MainActivity]: Relayout returned: old=[0,48][720,1384] new=[18,508][702,923] result=0x7 surface={valid=true 518990782464} changed=true
07-05 20:06:45.363 25618 25645 D mali_winsys: EGLint new_window_surface(egl_winsys_display *, void *, EGLSurface, EGLConfig, egl_winsys_surface **, EGLBoolean) returns 0x3000
07-05 20:06:45.363 25618 25645 D OpenGLRenderer: eglCreateWindowSurface = 0x78d63ee800, 0x78d642e010
07-05 20:06:45.377 25618 25618 D ScrollView:  onsize change changed 
07-05 20:06:45.394 25618 25618 D ViewRootImpl@66f5c14[MainActivity]: MSG_WINDOW_FOCUS_CHANGED 1 1
07-05 20:06:45.444 25618 25618 D ViewRootImpl@66f5c14[MainActivity]: MSG_RESIZED: frame=Rect(18, 508 - 702, 923) ci=Rect(0, 0 - 0, 0) vi=Rect(0, 0 - 0, 0) or=1
07-05 20:06:45.521 25618 25618 D ViewRootImpl@f774588[MainActivity]: MSG_WINDOW_FOCUS_CHANGED 0 1
07-05 20:06:45.522 25618 25618 D InputMethodManager: prepareNavigationBarInfo() DecorView@b3c04dd[MainActivity]
07-05 20:06:45.522 25618 25618 D InputMethodManager: getNavigationBarColor() -855310
07-05 20:06:47.049 25618 25618 D ViewRootImpl@66f5c14[MainActivity]: ViewPostIme pointer 0
07-05 20:06:47.083 25618 25618 D ViewRootImpl@66f5c14[MainActivity]: ViewPostIme pointer 1
07-05 20:06:47.112 25618 25645 W libEGL  : EGLNativeWindowType 0x78d642e010 disconnect failed
07-05 20:06:47.112 25618 25645 D OpenGLRenderer: eglDestroySurface = 0x78d63ee800, 0x78d642e000
07-05 20:06:47.112 25618 25645 D OpenGLRenderer: endAllActiveAnimators on 0x78d61b5900 (RippleDrawable) with handle 0x78d61aa5c0
07-05 20:06:47.113 25618 25618 D ViewRootImpl@66f5c14[MainActivity]: dispatchDetachedFromWindow
07-05 20:06:47.114 25618 25618 D ViewRootImpl@66f5c14[MainActivity]: Surface release. android.view.ViewRootImpl.doDie:7979 android.view.ViewRootImpl.die:7947 android.view.WindowManagerGlobal.removeViewLocked:497 android.view.WindowManagerGlobal.removeView:435 android.view.WindowManagerImpl.removeViewImmediate:124 android.app.Dialog.dismissDialog:518 android.app.Dialog.dismiss:501 androidx.appcompat.app.AlertController$ButtonHandler.handleMessage:171 
07-05 20:06:47.125 25618 25618 D InputTransport: Input channel destroyed: fd=76
07-05 20:06:47.130 25618 25618 I NearbyFragment: Connected to Endpoint{id=Qd2N, name=Nexus 5X [34d8]}
07-05 20:06:47.194 25618 25618 E ViewRootImpl: sendUserActionEvent() returned.
07-05 20:06:47.194 25618 25618 D ViewRootImpl@f774588[MainActivity]: MSG_WINDOW_FOCUS_CHANGED 1 1
07-05 20:06:47.195 25618 25618 D InputMethodManager: prepareNavigationBarInfo() DecorView@b3c04dd[MainActivity]
07-05 20:06:47.195 25618 25618 D InputMethodManager: getNavigationBarColor() -855310
07-05 20:06:53.124 25618 25618 D NearbyFragment: Initiated connection with Rc4h: Nexus 5 [1825]
07-05 20:06:53.130 25618 25618 D Dialog  : mIsSamsungBasicInteraction = false
07-05 20:06:53.131 25618 25618 D Dialog  : mIsSamsungBasicInteraction = false, isMetaDataInActivity = false
07-05 20:06:53.148 25618 25618 I DecorView: createDecorCaptionView >> DecorView@ba42c4b[], isFloating: true, isApplication: true, hasWindowDecorCaption: false, hasWindowControllerCallback: false
07-05 20:06:53.229 25618 25618 D ScrollView: initGoToTop
07-05 20:06:53.280 25618 25618 D InputTransport: Input channel constructed: fd=76
07-05 20:06:53.283 25618 25618 D ViewRootImpl@25752be[MainActivity]: setView = DecorView@ba42c4b[MainActivity] TM=true MM=false
07-05 20:06:53.347 25618 25618 D ViewRootImpl@25752be[MainActivity]: dispatchAttachedToWindow
07-05 20:06:53.389 25618 25624 I example.edgesu: Compiler allocated 4MB to compile void android.widget.TextView.<init>(android.content.Context, android.util.AttributeSet, int, int)
07-05 20:06:53.421 25618 25618 D ViewRootImpl@25752be[MainActivity]: Relayout returned: old=[0,48][720,1384] new=[18,508][702,923] result=0x7 surface={valid=true 518722334720} changed=true
07-05 20:06:53.427 25618 25645 D mali_winsys: EGLint new_window_surface(egl_winsys_display *, void *, EGLSurface, EGLConfig, egl_winsys_surface **, EGLBoolean) returns 0x3000
07-05 20:06:53.427 25618 25645 D OpenGLRenderer: eglCreateWindowSurface = 0x78d651f480, 0x78c642b010
07-05 20:06:53.441 25618 25618 D ScrollView:  onsize change changed 
07-05 20:06:53.454 25618 25618 D ViewRootImpl@25752be[MainActivity]: MSG_WINDOW_FOCUS_CHANGED 1 1
07-05 20:06:53.493 25618 25618 D ViewRootImpl@25752be[MainActivity]: MSG_RESIZED: frame=Rect(18, 508 - 702, 923) ci=Rect(0, 0 - 0, 0) vi=Rect(0, 0 - 0, 0) or=1
07-05 20:06:53.545 25618 25618 D ViewRootImpl@f774588[MainActivity]: MSG_WINDOW_FOCUS_CHANGED 0 1
07-05 20:06:53.545 25618 25618 D InputMethodManager: prepareNavigationBarInfo() DecorView@b3c04dd[MainActivity]
07-05 20:06:53.545 25618 25618 D InputMethodManager: getNavigationBarColor() -855310
07-05 20:06:54.707 25618 25618 D ViewRootImpl@25752be[MainActivity]: ViewPostIme pointer 0
07-05 20:06:54.788 25618 25618 D ViewRootImpl@25752be[MainActivity]: ViewPostIme pointer 1
07-05 20:06:54.821 25618 25645 W libEGL  : EGLNativeWindowType 0x78c642b010 disconnect failed
07-05 20:06:54.821 25618 25645 D OpenGLRenderer: eglDestroySurface = 0x78d651f480, 0x78c642b000
07-05 20:06:54.821 25618 25645 D OpenGLRenderer: endAllActiveAnimators on 0x78c64d1000 (RippleDrawable) with handle 0x78d65359e0
07-05 20:06:54.821 25618 25618 D ViewRootImpl@25752be[MainActivity]: dispatchDetachedFromWindow
07-05 20:06:54.822 25618 25618 D ViewRootImpl@25752be[MainActivity]: Surface release. android.view.ViewRootImpl.doDie:7979 android.view.ViewRootImpl.die:7947 android.view.WindowManagerGlobal.removeViewLocked:497 android.view.WindowManagerGlobal.removeView:435 android.view.WindowManagerImpl.removeViewImmediate:124 android.app.Dialog.dismissDialog:518 android.app.Dialog.dismiss:501 androidx.appcompat.app.AlertController$ButtonHandler.handleMessage:171 
07-05 20:06:54.837 25618 25618 D InputTransport: Input channel destroyed: fd=76
07-05 20:06:54.842 25618 25618 I NearbyFragment: Connected to Endpoint{id=Rc4h, name=Nexus 5 [1825]}
07-05 20:06:54.917 25618 25618 D ViewRootImpl@f774588[MainActivity]: MSG_WINDOW_FOCUS_CHANGED 1 1
07-05 20:06:54.918 25618 25618 D InputMethodManager: prepareNavigationBarInfo() DecorView@b3c04dd[MainActivity]
07-05 20:06:54.919 25618 25618 D InputMethodManager: getNavigationBarColor() -855310
07-05 20:06:54.929 25618 25618 E ViewRootImpl: sendUserActionEvent() returned.
07-05 20:06:57.365 25618 25618 D ViewRootImpl@f774588[MainActivity]: ViewPostIme pointer 0
07-05 20:06:57.420 25618 25618 D ViewRootImpl@f774588[MainActivity]: ViewPostIme pointer 1
07-05 20:06:57.429 25618 25618 V ConnectionFragment: Advertisement switch unchecked
07-05 20:06:57.429 25618 25618 D NearbyFragment: Stopped advertising
07-05 20:07:12.562 25618 25618 D ViewRootImpl@f774588[MainActivity]: ViewPostIme pointer 0
07-05 20:07:12.627 25618 25618 D ViewRootImpl@f774588[MainActivity]: ViewPostIme pointer 1
07-05 20:07:12.631 25618 25618 V ConnectionFragment: Auto-send switch checked
07-05 20:07:12.662 25618 25618 W NearbyFragment: Preferences:
07-05 20:07:12.662 25618 25618 W NearbyFragment:   Auto download: true
07-05 20:07:12.662 25618 25618 W NearbyFragment:   Algorithm: least_busy
07-05 20:07:12.662 25618 25618 W NearbyFragment:   Fast scheduling: true
07-05 20:07:12.662 25618 25618 W NearbyFragment:   Segmentation: false
07-05 20:07:12.662 25618 25618 W NearbyFragment:   Auto segmentation: false
07-05 20:07:12.662 25618 25618 W NearbyFragment:   Segment number: 4
07-05 20:07:12.662 25618 25618 W NearbyFragment:   Noise tolerance: 45.00
07-05 20:07:12.662 25618 25618 W NearbyFragment:   Quality: 23
07-05 20:07:12.662 25618 25618 W NearbyFragment:   Speed: medium
07-05 20:07:12.662 25618 25618 W NearbyFragment:   Freeze duration: 1.00
07-05 20:07:12.663 25618 25618 W NearbyFragment: Download delay: 1s
07-05 20:07:12.663 25618 25618 W NearbyFragment: Started downloading from dashcam
07-05 20:07:12.666 25618 25925 V DownloadTestVideosTask: Starting DownloadTestVideosTask
07-05 20:07:12.678 25618 25925 V DashDownloadManager: Started downloading: 20200312_150643.mp4
07-05 20:07:12.692 25618 25925 D NetworkSecurityConfig: No Network Security Config specified, using platform default
07-05 20:07:12.697 25618 25925 I System.out: (HTTPLog)-Static: isSBSettingEnabled false
07-05 20:07:12.697 25618 25925 I System.out: (HTTPLog)-Static: isSBSettingEnabled false
07-05 20:07:12.705 25618 25925 D TcpOptimizer: TcpOptimizer-ON
07-05 20:07:12.821 25618 25925 I System.out: (HTTPLog)-Thread-1918-62081836: getTransferStream : ContentLength=69990400, method=GET, HTTPVersion=http/1.1
07-05 20:07:29.874 25618 25925 V VideoManager: Retrieving video from /storage/emulated/0/Movies/raw/20200312_150643.mp4
07-05 20:07:29.910 25618 25925 D VideoManager: videoCursor is null
07-05 20:07:29.981 25618 25925 V VideoManager: videoFromCursor
07-05 20:07:29.988 25618 25925 W DashDownloadManager: Successfully downloaded 20200312_150643.mp4 in 17.172s
07-05 20:07:29.989 25618 25925 V DownloadTestVideosTask: Entering callback for download completion of 20200312_150643.mp4
07-05 20:07:29.992 25618 25925 V RawFootageEventHandler: onAdd
07-05 20:07:29.996 25618 25925 V NearbyFragment: nextTransfer with selected algorithm: least_busy
07-05 20:07:30.002 25618 25925 W NearbyFragment: Sending 20200312_150643.mp4 to Nexus 5X [34d8]
07-05 20:07:30.029 25618 25618 V NearbyFragment: Transfer to Endpoint{id=Qd2N, name=Nexus 5X [34d8]} complete
07-05 20:07:31.009 25618 25925 V DownloadTestVideosTask: Starting DownloadTestVideosTask
07-05 20:07:31.027 25618 25925 V DashDownloadManager: Started downloading: 20200312_150744.mp4
07-05 20:07:31.038 25618 25925 I System.out: (HTTPLog)-Static: isSBSettingEnabled false
07-05 20:07:31.039 25618 25925 I System.out: (HTTPLog)-Static: isSBSettingEnabled false
07-05 20:07:31.213 25618 25925 I System.out: (HTTPLog)-Thread-1918-255247162: getTransferStream : ContentLength=69990400, method=GET, HTTPVersion=http/1.1
07-05 20:07:35.664 25618 25618 D ViewRootImpl@f774588[MainActivity]: ViewPostIme pointer 0
07-05 20:07:35.730 25618 25618 D ViewRootImpl@f774588[MainActivity]: ViewPostIme pointer 1
07-05 20:07:35.747 25618 25618 V MainActivity: Navigation summarised button clicked
07-05 20:07:35.756 25618 25618 W example.edgesu: Accessing hidden method Landroid/view/View;->getTransitionAlpha()F (light greylist, linking)
07-05 20:07:35.757 25618 25618 W example.edgesu: Accessing hidden method Landroid/view/View;->setTransitionAlpha(F)V (light greylist, linking)
07-05 20:07:35.757 25618 25618 W example.edgesu: Accessing hidden method Landroid/view/View;->setAnimationMatrix(Landroid/graphics/Matrix;)V (light greylist, linking)
07-05 20:07:35.757 25618 25618 W example.edgesu: Accessing hidden method Landroid/view/View;->transformMatrixToGlobal(Landroid/graphics/Matrix;)V (light greylist, linking)
07-05 20:07:35.757 25618 25618 W example.edgesu: Accessing hidden method Landroid/view/View;->transformMatrixToLocal(Landroid/graphics/Matrix;)V (light greylist, linking)
07-05 20:07:35.757 25618 25618 W example.edgesu: Accessing hidden method Landroid/view/View;->setLeftTopRightBottom(IIII)V (light greylist, linking)
07-05 20:07:35.758 25618 25618 W example.edgesu: Accessing hidden method Landroid/view/View;->setTransitionVisibility(I)V (dark greylist, linking)
07-05 20:07:35.794 25618 25618 W StaticLayout: maxLineHeight should not be -1.  maxLines:1 lineCount:1
07-05 20:07:35.800 25618 25618 W StaticLayout: maxLineHeight should not be -1.  maxLines:1 lineCount:1
07-05 20:07:35.813 25618 25618 W example.edgesu: Accessing hidden field Landroid/view/View;->mViewFlags:I (light greylist, reflection)
07-05 20:07:35.815 25618 25618 W example.edgesu: Accessing hidden method Landroid/view/ViewGroup;->suppressLayout(Z)V (light greylist, linking)
07-05 20:07:35.819 25618 25618 D skia    : approximate: numPoints=2, lengths[0]=0.000000, totalLength=4.000000, segmentPoints[0]=[96.000000,16.000000]
07-05 20:07:35.820 25618 25618 D skia    : approximate: approximation[0]=0.000000, approximation[1]=96.000000, approximation[2]=16.000000
07-05 20:07:35.820 25618 25618 D skia    : approximate: numPoints=2, lengths[1]=4.000000, totalLength=4.000000, segmentPoints[1]=[96.000000,12.000000]
07-05 20:07:35.820 25618 25618 D skia    : approximate: approximation[3]=1.000000, approximation[4]=96.000000, approximation[5]=12.000000
07-05 20:07:35.821 25618 25618 D skia    : approximate: numPoints=2, lengths[0]=0.000000, totalLength=4.000000, segmentPoints[0]=[96.000000,12.000000]
07-05 20:07:35.821 25618 25618 D skia    : approximate: approximation[0]=0.000000, approximation[1]=96.000000, approximation[2]=12.000000
07-05 20:07:35.821 25618 25618 D skia    : approximate: numPoints=2, lengths[1]=4.000000, totalLength=4.000000, segmentPoints[1]=[96.000000,16.000000]
07-05 20:07:35.821 25618 25618 D skia    : approximate: approximation[3]=1.000000, approximation[4]=96.000000, approximation[5]=16.000000
07-05 20:07:52.292 25618 25618 V NearbyFragment: Transfer to Endpoint{id=Qd2N, name=Nexus 5X [34d8]} complete
07-05 20:07:52.415 25618 25618 D NearbyFragment: onPayloadReceived(endpointId=Qd2N, payload=com.google.android.gms.nearby.connection.Payload@c5102de)
07-05 20:07:52.418 25618 25618 D NearbyFragment: Endpoint{id=Qd2N, name=Nexus 5X [34d8]} has finished downloading 20200312_150643.mp4
07-05 20:07:52.426 25618 25618 V VideoManager: Retrieving video from /storage/emulated/0/Movies/raw/20200312_150643.mp4
07-05 20:07:52.441 25618 25618 V VideoManager: videoFromCursor
07-05 20:07:52.447 25618 25618 V ProcessingVideosEventHandler: onAdd
07-05 20:07:52.449 25618 25618 V RawFootageEventHandler: onRemove
07-05 20:07:52.452 25618 25618 I NearbyFragment: Transfer queue is empty
07-05 20:07:52.485 25618 25618 V NearbyFragment: Transfer to Endpoint{id=Qd2N, name=Nexus 5X [34d8]} complete
07-05 20:07:57.162 25618 25925 V VideoManager: Retrieving video from /storage/emulated/0/Movies/raw/20200312_150744.mp4
07-05 20:07:57.176 25618 25925 D VideoManager: videoCursor is null
07-05 20:07:57.230 25618 25925 V VideoManager: videoFromCursor
07-05 20:07:57.236 25618 25925 W DashDownloadManager: Successfully downloaded 20200312_150744.mp4 in 26.133s
07-05 20:07:57.237 25618 25925 V DownloadTestVideosTask: Entering callback for download completion of 20200312_150744.mp4
07-05 20:07:57.238 25618 25925 V RawFootageEventHandler: onAdd
07-05 20:07:57.240 25618 25925 V NearbyFragment: nextTransfer with selected algorithm: least_busy
07-05 20:07:57.244 25618 25925 W NearbyFragment: Sending 20200312_150744.mp4 to Nexus 5 [1825]
07-05 20:07:57.266 25618 25618 V NearbyFragment: Transfer to Endpoint{id=Rc4h, name=Nexus 5 [1825]} complete
07-05 20:07:58.250 25618 25925 V DownloadTestVideosTask: Starting DownloadTestVideosTask
07-05 20:07:58.256 25618 25925 V DashDownloadManager: Started downloading: 20200312_150844.mp4
07-05 20:07:58.260 25618 25925 I System.out: (HTTPLog)-Static: isSBSettingEnabled false
07-05 20:07:58.261 25618 25925 I System.out: (HTTPLog)-Static: isSBSettingEnabled false
07-05 20:07:58.418 25618 25925 I System.out: (HTTPLog)-Thread-1918-36072273: getTransferStream : ContentLength=69990400, method=GET, HTTPVersion=http/1.1
07-05 20:08:12.919 25618 25618 D NearbyFragment: onPayloadReceived(endpointId=Qd2N, payload=com.google.android.gms.nearby.connection.Payload@b48fb6)
07-05 20:08:12.927 25618 25618 D NearbyFragment: 20200312_150643.mp4 from Endpoint{id=Qd2N, name=Nexus 5X [34d8]} contained no activity
07-05 20:08:12.934 25618 25618 V VideoManager: Retrieving video from /storage/emulated/0/Movies/raw/20200312_150643.mp4
07-05 20:08:12.951 25618 25618 V VideoManager: videoFromCursor
07-05 20:08:12.958 25618 25618 V ProcessingVideosEventHandler: onRemove
07-05 20:08:12.961 25618 25618 I NearbyFragment: Transfer queue is empty
07-05 20:08:12.992 25618 25618 V NearbyFragment: Transfer to Endpoint{id=Qd2N, name=Nexus 5X [34d8]} complete
07-05 20:08:23.372 25618 25618 V NearbyFragment: Transfer to Endpoint{id=Rc4h, name=Nexus 5 [1825]} complete
07-05 20:08:23.533 25618 25618 D NearbyFragment: onPayloadReceived(endpointId=Rc4h, payload=com.google.android.gms.nearby.connection.Payload@98a8424)
07-05 20:08:23.537 25618 25618 D NearbyFragment: Endpoint{id=Rc4h, name=Nexus 5 [1825]} has finished downloading 20200312_150744.mp4
07-05 20:08:23.541 25618 25618 V VideoManager: Retrieving video from /storage/emulated/0/Movies/raw/20200312_150744.mp4
07-05 20:08:23.557 25618 25618 V VideoManager: videoFromCursor
07-05 20:08:23.562 25618 25618 V ProcessingVideosEventHandler: onAdd
07-05 20:08:23.563 25618 25618 V RawFootageEventHandler: onRemove
07-05 20:08:23.565 25618 25618 I NearbyFragment: Transfer queue is empty
07-05 20:08:23.593 25618 25618 V NearbyFragment: Transfer to Endpoint{id=Rc4h, name=Nexus 5 [1825]} complete
07-05 20:08:29.003 25618 25925 V VideoManager: Retrieving video from /storage/emulated/0/Movies/raw/20200312_150844.mp4
07-05 20:08:29.015 25618 25925 D VideoManager: videoCursor is null
07-05 20:08:29.086 25618 25925 V VideoManager: videoFromCursor
07-05 20:08:29.091 25618 25925 W DashDownloadManager: Successfully downloaded 20200312_150844.mp4 in 30.745s
07-05 20:08:29.092 25618 25925 V DownloadTestVideosTask: Entering callback for download completion of 20200312_150844.mp4
07-05 20:08:29.093 25618 25925 V RawFootageEventHandler: onAdd
07-05 20:08:29.095 25618 25925 V NearbyFragment: nextTransfer with selected algorithm: least_busy
07-05 20:08:29.099 25618 25925 W NearbyFragment: Sending 20200312_150844.mp4 to Nexus 5X [34d8]
07-05 20:08:29.117 25618 25618 V NearbyFragment: Transfer to Endpoint{id=Qd2N, name=Nexus 5X [34d8]} complete
07-05 20:08:30.105 25618 25925 V DownloadTestVideosTask: Starting DownloadTestVideosTask
07-05 20:08:30.110 25618 25925 V DashDownloadManager: Started downloading: 20200312_150944.mp4
07-05 20:08:30.114 25618 25925 I System.out: (HTTPLog)-Static: isSBSettingEnabled false
07-05 20:08:30.115 25618 25925 I System.out: (HTTPLog)-Static: isSBSettingEnabled false
07-05 20:08:30.145 25618 25925 I System.out: (HTTPLog)-Thread-1918-129097614: getTransferStream : ContentLength=69990400, method=GET, HTTPVersion=http/1.1
07-05 20:08:56.145 25618 25618 V NearbyFragment: Transfer to Endpoint{id=Qd2N, name=Nexus 5X [34d8]} complete
07-05 20:08:56.299 25618 25618 D NearbyFragment: onPayloadReceived(endpointId=Qd2N, payload=com.google.android.gms.nearby.connection.Payload@eada3af)
07-05 20:08:56.302 25618 25618 D NearbyFragment: Endpoint{id=Qd2N, name=Nexus 5X [34d8]} has finished downloading 20200312_150844.mp4
07-05 20:08:56.305 25618 25618 V VideoManager: Retrieving video from /storage/emulated/0/Movies/raw/20200312_150844.mp4
07-05 20:08:56.323 25618 25618 V VideoManager: videoFromCursor
07-05 20:08:56.328 25618 25618 V ProcessingVideosEventHandler: onAdd
07-05 20:08:56.329 25618 25618 V RawFootageEventHandler: onRemove
07-05 20:08:56.331 25618 25618 I NearbyFragment: Transfer queue is empty
07-05 20:08:56.368 25618 25618 V NearbyFragment: Transfer to Endpoint{id=Qd2N, name=Nexus 5X [34d8]} complete
07-05 20:08:58.519 25618 25925 V VideoManager: Retrieving video from /storage/emulated/0/Movies/raw/20200312_150944.mp4
07-05 20:08:58.532 25618 25925 D VideoManager: videoCursor is null
07-05 20:08:58.607 25618 25925 V VideoManager: videoFromCursor
07-05 20:08:58.612 25618 25925 W DashDownloadManager: Successfully downloaded 20200312_150944.mp4 in 28.407s
07-05 20:08:58.613 25618 25925 V DownloadTestVideosTask: Entering callback for download completion of 20200312_150944.mp4
07-05 20:08:58.614 25618 25925 V RawFootageEventHandler: onAdd
07-05 20:08:58.617 25618 25925 V NearbyFragment: nextTransfer with selected algorithm: least_busy
07-05 20:08:58.621 25618 25925 W NearbyFragment: Sending 20200312_150944.mp4 to Nexus 5X [34d8]
07-05 20:08:58.651 25618 25618 V NearbyFragment: Transfer to Endpoint{id=Qd2N, name=Nexus 5X [34d8]} complete
07-05 20:08:59.627 25618 25925 V DownloadTestVideosTask: Starting DownloadTestVideosTask
07-05 20:08:59.633 25618 25925 V DashDownloadManager: Started downloading: 20200312_151044.mp4
07-05 20:08:59.638 25618 25925 I System.out: (HTTPLog)-Static: isSBSettingEnabled false
07-05 20:08:59.638 25618 25925 I System.out: (HTTPLog)-Static: isSBSettingEnabled false
07-05 20:08:59.656 25618 25925 I System.out: (HTTPLog)-Thread-1918-50842305: getTransferStream : ContentLength=69990400, method=GET, HTTPVersion=http/1.1
07-05 20:09:20.977 25618 25618 V NearbyFragment: Transfer to Endpoint{id=Qd2N, name=Nexus 5X [34d8]} complete
07-05 20:09:21.304 25618 25618 D NearbyFragment: onPayloadReceived(endpointId=Qd2N, payload=com.google.android.gms.nearby.connection.Payload@c5e5266)
07-05 20:09:21.311 25618 25618 D NearbyFragment: Endpoint{id=Qd2N, name=Nexus 5X [34d8]} has finished downloading 20200312_150944.mp4
07-05 20:09:21.318 25618 25618 V VideoManager: Retrieving video from /storage/emulated/0/Movies/raw/20200312_150944.mp4
07-05 20:09:21.342 25618 25618 V VideoManager: videoFromCursor
07-05 20:09:21.347 25618 25618 V ProcessingVideosEventHandler: onAdd
07-05 20:09:21.348 25618 25618 V RawFootageEventHandler: onRemove
07-05 20:09:21.351 25618 25618 I NearbyFragment: Transfer queue is empty
07-05 20:09:21.383 25618 25618 V NearbyFragment: Transfer to Endpoint{id=Qd2N, name=Nexus 5X [34d8]} complete
07-05 20:09:23.952 25618 25618 D NearbyFragment: onPayloadReceived(endpointId=Qd2N, payload=com.google.android.gms.nearby.connection.Payload@60551fd)
07-05 20:09:23.959 25618 25618 V NearbyFragment: Started downloading 20200312_150844.mp4 from Endpoint{id=Qd2N, name=Nexus 5X [34d8]}
07-05 20:09:23.963 25618 25618 I NearbyFragment: Transfer queue is empty
07-05 20:09:23.970 25618 25618 V NearbyFragment: Transfer to Endpoint{id=Qd2N, name=Nexus 5X [34d8]} complete
07-05 20:09:24.364 25618 25618 D NearbyFragment: onPayloadReceived(endpointId=Qd2N, payload=com.google.android.gms.nearby.connection.Payload@5ed2ef2)
07-05 20:09:27.588 25618 25925 V VideoManager: Retrieving video from /storage/emulated/0/Movies/raw/20200312_151044.mp4
07-05 20:09:27.604 25618 25925 D VideoManager: videoCursor is null
07-05 20:09:27.681 25618 25925 V VideoManager: videoFromCursor
07-05 20:09:27.688 25618 25925 W DashDownloadManager: Successfully downloaded 20200312_151044.mp4 in 27.954s
07-05 20:09:27.689 25618 25925 V DownloadTestVideosTask: Entering callback for download completion of 20200312_151044.mp4
07-05 20:09:27.691 25618 25925 V RawFootageEventHandler: onAdd
07-05 20:09:27.694 25618 25925 V NearbyFragment: nextTransfer with selected algorithm: least_busy
07-05 20:09:27.699 25618 25925 W NearbyFragment: Sending 20200312_151044.mp4 to Nexus 5X [34d8]
07-05 20:09:27.719 25618 25618 V NearbyFragment: Transfer to Endpoint{id=Qd2N, name=Nexus 5X [34d8]} complete
07-05 20:09:28.483 25618 25618 D NearbyFragment: onPayloadReceived(endpointId=Rc4h, payload=com.google.android.gms.nearby.connection.Payload@b1b483e)
07-05 20:09:28.486 25618 25618 V NearbyFragment: Started downloading 20200312_150744.mp4 from Endpoint{id=Rc4h, name=Nexus 5 [1825]}
07-05 20:09:28.487 25618 25618 I NearbyFragment: Transfer queue is empty
07-05 20:09:28.515 25618 25618 V NearbyFragment: Transfer to Endpoint{id=Rc4h, name=Nexus 5 [1825]} complete
07-05 20:09:28.706 25618 25925 V DownloadTestVideosTask: Starting DownloadTestVideosTask
07-05 20:09:28.711 25618 25925 V DashDownloadManager: Started downloading: 20200312_193528.mp4
07-05 20:09:28.715 25618 25925 I System.out: (HTTPLog)-Static: isSBSettingEnabled false
07-05 20:09:28.716 25618 25925 I System.out: (HTTPLog)-Static: isSBSettingEnabled false
07-05 20:09:28.849 25618 25925 I System.out: (HTTPLog)-Thread-1918-143971999: getTransferStream : ContentLength=69990400, method=GET, HTTPVersion=http/1.1
07-05 20:09:29.023 25618 25618 D NearbyFragment: onPayloadReceived(endpointId=Rc4h, payload=com.google.android.gms.nearby.connection.Payload@ebe03ec)
07-05 20:09:30.994 25618 25618 V NearbyFragment: Transfer to Endpoint{id=Rc4h, name=Nexus 5 [1825]} complete
07-05 20:09:30.996 25618 25618 W NearbyFragment: Completed downloading 20200312_150744.mp4 from Endpoint{id=Rc4h, name=Nexus 5 [1825]} in 02.508s
07-05 20:09:31.081 25618 25618 V VideoManager: Retrieving video from /storage/emulated/0/Movies/summarised/20200312_150744.mp4
07-05 20:09:31.094 25618 25618 D VideoManager: videoCursor is null
07-05 20:09:31.130 25618 25618 V VideoManager: videoFromCursor
07-05 20:09:31.133 25618 25618 V SummarisedVideosEventHandler: onAdd
07-05 20:09:31.133 25618 25618 V ProcessingVideosEventHandler: removeByName
07-05 20:09:49.837 25618 25618 V NearbyFragment: Transfer to Endpoint{id=Qd2N, name=Nexus 5X [34d8]} complete
07-05 20:09:50.894 25618 25618 D NearbyFragment: onPayloadReceived(endpointId=Qd2N, payload=com.google.android.gms.nearby.connection.Payload@c67ed4d)
07-05 20:09:50.897 25618 25618 D NearbyFragment: Endpoint{id=Qd2N, name=Nexus 5X [34d8]} has finished downloading 20200312_151044.mp4
07-05 20:09:50.899 25618 25618 V VideoManager: Retrieving video from /storage/emulated/0/Movies/raw/20200312_151044.mp4
07-05 20:09:50.911 25618 25618 V VideoManager: videoFromCursor
07-05 20:09:50.915 25618 25618 V ProcessingVideosEventHandler: onAdd
07-05 20:09:50.916 25618 25618 V RawFootageEventHandler: onRemove
07-05 20:09:50.917 25618 25618 I NearbyFragment: Transfer queue is empty
07-05 20:09:50.919 25618 25618 V NearbyFragment: Transfer to Endpoint{id=Qd2N, name=Nexus 5X [34d8]} complete
07-05 20:09:51.628 25618 25628 W System  : A resource failed to call close. 
07-05 20:09:51.629 25618 25628 W System  : A resource failed to call close. 
07-05 20:09:51.635 25618 25628 I chatty  : uid=10568(com.example.edgesum) FinalizerDaemon identical 1 line
07-05 20:09:51.635 25618 25628 W System  : A resource failed to call close. 
07-05 20:09:51.639 25618 25628 W System  : A resource failed to call close. 
07-05 20:09:51.640 25618 25628 W System  : A resource failed to call close. 
07-05 20:09:51.643 25618 25628 W System  : A resource failed to call close. 
07-05 20:09:51.648 25618 25628 I chatty  : uid=10568(com.example.edgesum) FinalizerDaemon identical 5 lines
07-05 20:09:51.649 25618 25628 W System  : A resource failed to call close. 
07-05 20:09:51.654 25618 25628 W System  : A resource failed to call close. 
07-05 20:09:59.329 25618 25618 V NearbyFragment: Transfer to Endpoint{id=Qd2N, name=Nexus 5X [34d8]} complete
07-05 20:09:59.332 25618 25618 W NearbyFragment: Completed downloading 20200312_150844.mp4 from Endpoint{id=Qd2N, name=Nexus 5X [34d8]} in 35.369s
07-05 20:10:01.332 25618 25618 V VideoManager: Retrieving video from /storage/emulated/0/Movies/summarised/20200312_150844.mp4
07-05 20:10:01.351 25618 25618 D VideoManager: videoCursor is null
07-05 20:10:01.403 25618 25618 V VideoManager: videoFromCursor
07-05 20:10:01.407 25618 25618 V SummarisedVideosEventHandler: onAdd
07-05 20:10:01.408 25618 25618 V ProcessingVideosEventHandler: removeByName
07-05 20:10:06.106 25618 25925 V VideoManager: Retrieving video from /storage/emulated/0/Movies/raw/20200312_193528.mp4
07-05 20:10:06.122 25618 25925 D VideoManager: videoCursor is null
07-05 20:10:06.175 25618 25925 V VideoManager: videoFromCursor
07-05 20:10:06.181 25618 25925 W DashDownloadManager: Successfully downloaded 20200312_193528.mp4 in 37.393s
07-05 20:10:06.182 25618 25925 V DownloadTestVideosTask: Entering callback for download completion of 20200312_193528.mp4
07-05 20:10:06.183 25618 25925 V RawFootageEventHandler: onAdd
07-05 20:10:06.186 25618 25925 V NearbyFragment: nextTransfer with selected algorithm: least_busy
07-05 20:10:06.191 25618 25925 W NearbyFragment: Sending 20200312_193528.mp4 to Nexus 5 [1825]
07-05 20:10:06.220 25618 25618 V NearbyFragment: Transfer to Endpoint{id=Rc4h, name=Nexus 5 [1825]} complete
07-05 20:10:07.197 25618 25925 V DownloadTestVideosTask: Starting DownloadTestVideosTask
07-05 20:10:07.201 25618 25925 V DashDownloadManager: Started downloading: 20200312_193628.mp4
07-05 20:10:07.206 25618 25925 I System.out: (HTTPLog)-Static: isSBSettingEnabled false
07-05 20:10:07.206 25618 25925 I System.out: (HTTPLog)-Static: isSBSettingEnabled false
07-05 20:10:07.253 25618 25925 I System.out: (HTTPLog)-Thread-1918-117546363: getTransferStream : ContentLength=69990400, method=GET, HTTPVersion=http/1.1
07-05 20:10:23.912 25618 25618 D NearbyFragment: onPayloadReceived(endpointId=Qd2N, payload=com.google.android.gms.nearby.connection.Payload@1cdb798)
07-05 20:10:23.915 25618 25618 V NearbyFragment: Started downloading 20200312_150944.mp4 from Endpoint{id=Qd2N, name=Nexus 5X [34d8]}
07-05 20:10:23.917 25618 25618 I NearbyFragment: Transfer queue is empty
07-05 20:10:23.920 25618 25618 V NearbyFragment: Transfer to Endpoint{id=Qd2N, name=Nexus 5X [34d8]} complete
07-05 20:10:24.370 25618 25618 D NearbyFragment: onPayloadReceived(endpointId=Qd2N, payload=com.google.android.gms.nearby.connection.Payload@a17abf1)
07-05 20:10:26.046 25618 25618 V NearbyFragment: Transfer to Endpoint{id=Qd2N, name=Nexus 5X [34d8]} complete
07-05 20:10:26.050 25618 25618 W NearbyFragment: Completed downloading 20200312_150944.mp4 from Endpoint{id=Qd2N, name=Nexus 5X [34d8]} in 02.130s
07-05 20:10:26.142 25618 25618 V VideoManager: Retrieving video from /storage/emulated/0/Movies/summarised/20200312_150944.mp4
07-05 20:10:26.154 25618 25618 D VideoManager: videoCursor is null
07-05 20:10:26.198 25618 25618 V VideoManager: videoFromCursor
07-05 20:10:26.202 25618 25618 V SummarisedVideosEventHandler: onAdd
07-05 20:10:26.203 25618 25618 V ProcessingVideosEventHandler: removeByName
07-05 20:10:29.943 25618 25618 V NearbyFragment: Transfer to Endpoint{id=Rc4h, name=Nexus 5 [1825]} complete
07-05 20:10:30.227 25618 25618 D NearbyFragment: onPayloadReceived(endpointId=Rc4h, payload=com.google.android.gms.nearby.connection.Payload@429e49d)
07-05 20:10:30.230 25618 25618 D NearbyFragment: Endpoint{id=Rc4h, name=Nexus 5 [1825]} has finished downloading 20200312_193528.mp4
07-05 20:10:30.233 25618 25618 V VideoManager: Retrieving video from /storage/emulated/0/Movies/raw/20200312_193528.mp4
07-05 20:10:30.253 25618 25618 V VideoManager: videoFromCursor
07-05 20:10:30.260 25618 25618 V ProcessingVideosEventHandler: onAdd
07-05 20:10:30.261 25618 25618 V RawFootageEventHandler: onRemove
07-05 20:10:30.264 25618 25618 I NearbyFragment: Transfer queue is empty
07-05 20:10:30.412 25618 25618 V NearbyFragment: Transfer to Endpoint{id=Rc4h, name=Nexus 5 [1825]} complete
07-05 20:10:36.943 25618 25925 V VideoManager: Retrieving video from /storage/emulated/0/Movies/raw/20200312_193628.mp4
07-05 20:10:36.954 25618 25925 D VideoManager: videoCursor is null
07-05 20:10:36.998 25618 25925 V VideoManager: videoFromCursor
07-05 20:10:37.002 25618 25925 W DashDownloadManager: Successfully downloaded 20200312_193628.mp4 in 29.741s
07-05 20:10:37.003 25618 25925 V DownloadTestVideosTask: Entering callback for download completion of 20200312_193628.mp4
07-05 20:10:37.004 25618 25925 V RawFootageEventHandler: onAdd
07-05 20:10:37.006 25618 25925 V NearbyFragment: nextTransfer with selected algorithm: least_busy
07-05 20:10:37.009 25618 25925 W NearbyFragment: Sending 20200312_193628.mp4 to Nexus 5X [34d8]
07-05 20:10:37.031 25618 25618 V NearbyFragment: Transfer to Endpoint{id=Qd2N, name=Nexus 5X [34d8]} complete
07-05 20:10:38.014 25618 25925 V DownloadTestVideosTask: Starting DownloadTestVideosTask
07-05 20:10:38.018 25618 25925 V DashDownloadManager: Started downloading: 20200312_193728.mp4
07-05 20:10:38.022 25618 25925 I System.out: (HTTPLog)-Static: isSBSettingEnabled false
07-05 20:10:38.023 25618 25925 I System.out: (HTTPLog)-Static: isSBSettingEnabled false
07-05 20:10:38.050 25618 25925 I System.out: (HTTPLog)-Thread-1918-159110207: getTransferStream : ContentLength=69990400, method=GET, HTTPVersion=http/1.1
07-05 20:10:56.535 25618 25618 D NearbyFragment: onPayloadReceived(endpointId=Rc4h, payload=com.google.android.gms.nearby.connection.Payload@c1ec10c)
07-05 20:10:56.537 25618 25618 D NearbyFragment: 20200312_193528.mp4 from Endpoint{id=Rc4h, name=Nexus 5 [1825]} contained no activity
07-05 20:10:56.539 25618 25618 V VideoManager: Retrieving video from /storage/emulated/0/Movies/raw/20200312_193528.mp4
07-05 20:10:56.553 25618 25618 V VideoManager: videoFromCursor
07-05 20:10:56.557 25618 25618 V ProcessingVideosEventHandler: onRemove
07-05 20:10:56.558 25618 25618 I NearbyFragment: Transfer queue is empty
07-05 20:10:56.581 25618 25618 V NearbyFragment: Transfer to Endpoint{id=Rc4h, name=Nexus 5 [1825]} complete
07-05 20:10:57.081 25618 25618 D NearbyFragment: onPayloadReceived(endpointId=Qd2N, payload=com.google.android.gms.nearby.connection.Payload@e327c6a)
07-05 20:10:57.082 25618 25618 D NearbyFragment: 20200312_151044.mp4 from Endpoint{id=Qd2N, name=Nexus 5X [34d8]} contained no activity
07-05 20:10:57.084 25618 25618 V VideoManager: Retrieving video from /storage/emulated/0/Movies/raw/20200312_151044.mp4
07-05 20:10:57.094 25618 25618 V VideoManager: videoFromCursor
07-05 20:10:57.098 25618 25618 V ProcessingVideosEventHandler: onRemove
07-05 20:10:57.099 25618 25618 I NearbyFragment: Transfer queue is empty
07-05 20:10:57.130 25618 25618 V NearbyFragment: Transfer to Endpoint{id=Qd2N, name=Nexus 5X [34d8]} complete
07-05 20:10:57.263 25618 25624 I example.edgesu: Compiler allocated 4MB to compile void android.view.ViewRootImpl.performTraversals()
07-05 20:11:00.390 25618 25618 V NearbyFragment: Transfer to Endpoint{id=Qd2N, name=Nexus 5X [34d8]} complete
07-05 20:11:00.533 25618 25618 D NearbyFragment: onPayloadReceived(endpointId=Qd2N, payload=com.google.android.gms.nearby.connection.Payload@47ce1f8)
07-05 20:11:00.535 25618 25618 D NearbyFragment: Endpoint{id=Qd2N, name=Nexus 5X [34d8]} has finished downloading 20200312_193628.mp4
07-05 20:11:00.538 25618 25618 V VideoManager: Retrieving video from /storage/emulated/0/Movies/raw/20200312_193628.mp4
07-05 20:11:00.552 25618 25618 V VideoManager: videoFromCursor
07-05 20:11:00.557 25618 25618 V ProcessingVideosEventHandler: onAdd
07-05 20:11:00.558 25618 25618 V RawFootageEventHandler: onRemove
07-05 20:11:00.560 25618 25618 I NearbyFragment: Transfer queue is empty
07-05 20:11:00.663 25618 25618 V NearbyFragment: Transfer to Endpoint{id=Qd2N, name=Nexus 5X [34d8]} complete
07-05 20:11:01.869 25618 25925 V VideoManager: Retrieving video from /storage/emulated/0/Movies/raw/20200312_193728.mp4
07-05 20:11:01.882 25618 25925 D VideoManager: videoCursor is null
07-05 20:11:01.937 25618 25925 V VideoManager: videoFromCursor
07-05 20:11:01.942 25618 25925 W DashDownloadManager: Successfully downloaded 20200312_193728.mp4 in 23.850s
07-05 20:11:01.943 25618 25925 V DownloadTestVideosTask: Entering callback for download completion of 20200312_193728.mp4
07-05 20:11:01.944 25618 25925 V RawFootageEventHandler: onAdd
07-05 20:11:01.946 25618 25925 V NearbyFragment: nextTransfer with selected algorithm: least_busy
07-05 20:11:01.950 25618 25925 W NearbyFragment: Sending 20200312_193728.mp4 to Nexus 5 [1825]
07-05 20:11:01.972 25618 25618 V NearbyFragment: Transfer to Endpoint{id=Rc4h, name=Nexus 5 [1825]} complete
07-05 20:11:02.956 25618 25925 V DownloadTestVideosTask: Starting DownloadTestVideosTask
07-05 20:11:02.961 25618 25925 V DashDownloadManager: Started downloading: 20200312_193828.mp4
07-05 20:11:02.967 25618 25925 I System.out: (HTTPLog)-Static: isSBSettingEnabled false
07-05 20:11:02.968 25618 25925 I System.out: (HTTPLog)-Static: isSBSettingEnabled false
07-05 20:11:03.255 25618 25925 I System.out: (HTTPLog)-Thread-1918-159526594: getTransferStream : ContentLength=69990400, method=GET, HTTPVersion=http/1.1
07-05 20:11:23.006 25618 25618 V NearbyFragment: Transfer to Endpoint{id=Rc4h, name=Nexus 5 [1825]} complete
07-05 20:11:23.555 25618 25618 D NearbyFragment: onPayloadReceived(endpointId=Rc4h, payload=com.google.android.gms.nearby.connection.Payload@2b934d3)
07-05 20:11:23.559 25618 25618 D NearbyFragment: Endpoint{id=Rc4h, name=Nexus 5 [1825]} has finished downloading 20200312_193728.mp4
07-05 20:11:23.562 25618 25618 V VideoManager: Retrieving video from /storage/emulated/0/Movies/raw/20200312_193728.mp4
07-05 20:11:23.583 25618 25618 V VideoManager: videoFromCursor
07-05 20:11:23.589 25618 25618 V ProcessingVideosEventHandler: onAdd
07-05 20:11:23.590 25618 25618 V RawFootageEventHandler: onRemove
07-05 20:11:23.592 25618 25618 I NearbyFragment: Transfer queue is empty
07-05 20:11:23.595 25618 25618 V NearbyFragment: Transfer to Endpoint{id=Rc4h, name=Nexus 5 [1825]} complete
07-05 20:11:32.939 25618 25925 V VideoManager: Retrieving video from /storage/emulated/0/Movies/raw/20200312_193828.mp4
07-05 20:11:32.952 25618 25925 D VideoManager: videoCursor is null
07-05 20:11:33.050 25618 25925 V VideoManager: videoFromCursor
07-05 20:11:33.055 25618 25925 W DashDownloadManager: Successfully downloaded 20200312_193828.mp4 in 29.977s
07-05 20:11:33.056 25618 25925 V DownloadTestVideosTask: Entering callback for download completion of 20200312_193828.mp4
07-05 20:11:33.058 25618 25925 V RawFootageEventHandler: onAdd
07-05 20:11:33.060 25618 25925 V NearbyFragment: nextTransfer with selected algorithm: least_busy
07-05 20:11:33.064 25618 25925 W NearbyFragment: Sending 20200312_193828.mp4 to Nexus 5X [34d8]
07-05 20:11:33.093 25618 25618 V NearbyFragment: Transfer to Endpoint{id=Qd2N, name=Nexus 5X [34d8]} complete
07-05 20:11:34.069 25618 25925 V DownloadTestVideosTask: Starting DownloadTestVideosTask
07-05 20:11:34.073 25618 25925 V DashDownloadManager: Started downloading: 20200312_193928.mp4
07-05 20:11:34.080 25618 25925 I System.out: (HTTPLog)-Static: isSBSettingEnabled false
07-05 20:11:34.081 25618 25925 I System.out: (HTTPLog)-Static: isSBSettingEnabled false
07-05 20:11:34.090 25618 25925 I System.out: (HTTPLog)-Thread-1918-126563013: getTransferStream : ContentLength=69990400, method=GET, HTTPVersion=http/1.1
07-05 20:11:58.983 25618 25925 V VideoManager: Retrieving video from /storage/emulated/0/Movies/raw/20200312_193928.mp4
07-05 20:11:58.997 25618 25925 D VideoManager: videoCursor is null
07-05 20:11:59.048 25618 25925 V VideoManager: videoFromCursor
07-05 20:11:59.054 25618 25925 W DashDownloadManager: Successfully downloaded 20200312_193928.mp4 in 24.908s
07-05 20:11:59.054 25618 25925 V DownloadTestVideosTask: Entering callback for download completion of 20200312_193928.mp4
07-05 20:11:59.055 25618 25925 V RawFootageEventHandler: onAdd
07-05 20:11:59.059 25618 25925 V NearbyFragment: nextTransfer with selected algorithm: least_busy
07-05 20:11:59.062 25618 25925 W NearbyFragment: Sending 20200312_193928.mp4 to Nexus 5 [1825]
07-05 20:11:59.083 25618 25618 V NearbyFragment: Transfer to Endpoint{id=Rc4h, name=Nexus 5 [1825]} complete
07-05 20:12:00.066 25618 25925 V DownloadTestVideosTask: Starting DownloadTestVideosTask
07-05 20:12:00.071 25618 25925 V DashDownloadManager: Started downloading: 20200312_194129.mp4
07-05 20:12:00.078 25618 25925 I System.out: (HTTPLog)-Static: isSBSettingEnabled false
07-05 20:12:00.079 25618 25925 I System.out: (HTTPLog)-Static: isSBSettingEnabled false
07-05 20:12:00.114 25618 25925 I System.out: (HTTPLog)-Thread-1918-191968833: getTransferStream : ContentLength=69990400, method=GET, HTTPVersion=http/1.1
07-05 20:12:00.258 25618 25618 V NearbyFragment: Transfer to Endpoint{id=Qd2N, name=Nexus 5X [34d8]} complete
07-05 20:12:00.840 25618 25618 D NearbyFragment: onPayloadReceived(endpointId=Qd2N, payload=com.google.android.gms.nearby.connection.Payload@50217e6)
07-05 20:12:00.842 25618 25618 D NearbyFragment: Endpoint{id=Qd2N, name=Nexus 5X [34d8]} has finished downloading 20200312_193828.mp4
07-05 20:12:00.844 25618 25618 V VideoManager: Retrieving video from /storage/emulated/0/Movies/raw/20200312_193828.mp4
07-05 20:12:00.860 25618 25618 V VideoManager: videoFromCursor
07-05 20:12:00.865 25618 25618 V ProcessingVideosEventHandler: onAdd
07-05 20:12:00.866 25618 25618 V RawFootageEventHandler: onRemove
07-05 20:12:00.868 25618 25618 I NearbyFragment: Transfer queue is empty
07-05 20:12:00.962 25618 25618 V NearbyFragment: Transfer to Endpoint{id=Qd2N, name=Nexus 5X [34d8]} complete
07-05 20:12:01.713 25618 25618 D NearbyFragment: onPayloadReceived(endpointId=Rc4h, payload=com.google.android.gms.nearby.connection.Payload@659f57d)
07-05 20:12:01.715 25618 25618 V NearbyFragment: Started downloading 20200312_193728.mp4 from Endpoint{id=Rc4h, name=Nexus 5 [1825]}
07-05 20:12:01.716 25618 25618 I NearbyFragment: Transfer queue is empty
07-05 20:12:01.794 25618 25618 V NearbyFragment: Transfer to Endpoint{id=Rc4h, name=Nexus 5 [1825]} complete
07-05 20:12:01.934 25618 25618 D NearbyFragment: onPayloadReceived(endpointId=Rc4h, payload=com.google.android.gms.nearby.connection.Payload@8c7cc72)
07-05 20:12:29.252 25618 25618 V NearbyFragment: Transfer to Endpoint{id=Rc4h, name=Nexus 5 [1825]} complete
07-05 20:12:29.921 25618 25618 D NearbyFragment: onPayloadReceived(endpointId=Rc4h, payload=com.google.android.gms.nearby.connection.Payload@f88f8c3)
07-05 20:12:29.923 25618 25618 D NearbyFragment: Endpoint{id=Rc4h, name=Nexus 5 [1825]} has finished downloading 20200312_193928.mp4
07-05 20:12:29.925 25618 25618 V VideoManager: Retrieving video from /storage/emulated/0/Movies/raw/20200312_193928.mp4
07-05 20:12:29.940 25618 25618 V VideoManager: videoFromCursor
07-05 20:12:29.945 25618 25618 V ProcessingVideosEventHandler: onAdd
07-05 20:12:29.946 25618 25618 V RawFootageEventHandler: onRemove
07-05 20:12:29.948 25618 25618 I NearbyFragment: Transfer queue is empty
07-05 20:12:29.997 25618 25618 V NearbyFragment: Transfer to Endpoint{id=Rc4h, name=Nexus 5 [1825]} complete
07-05 20:12:32.098 25618 25618 D NearbyFragment: onPayloadReceived(endpointId=Qd2N, payload=com.google.android.gms.nearby.connection.Payload@c23dbe)
07-05 20:12:32.100 25618 25618 V NearbyFragment: Started downloading 20200312_193628.mp4 from Endpoint{id=Qd2N, name=Nexus 5X [34d8]}
07-05 20:12:32.101 25618 25618 I NearbyFragment: Transfer queue is empty
07-05 20:12:32.106 25618 25618 V NearbyFragment: Transfer to Endpoint{id=Qd2N, name=Nexus 5X [34d8]} complete
07-05 20:12:32.185 25618 25618 D NearbyFragment: onPayloadReceived(endpointId=Qd2N, payload=com.google.android.gms.nearby.connection.Payload@785e1f)
07-05 20:12:32.529 25618 25618 V NearbyFragment: Transfer to Endpoint{id=Qd2N, name=Nexus 5X [34d8]} complete
07-05 20:12:32.531 25618 25618 W NearbyFragment: Completed downloading 20200312_193628.mp4 from Endpoint{id=Qd2N, name=Nexus 5X [34d8]} in 00.430s
07-05 20:12:32.591 25618 25618 V VideoManager: Retrieving video from /storage/emulated/0/Movies/summarised/20200312_193628.mp4
07-05 20:12:32.603 25618 25618 D VideoManager: videoCursor is null
07-05 20:12:32.663 25618 25618 V VideoManager: videoFromCursor
07-05 20:12:32.667 25618 25618 V SummarisedVideosEventHandler: onAdd
07-05 20:12:32.667 25618 25618 V ProcessingVideosEventHandler: removeByName
07-05 20:12:48.050 25618 25925 V VideoManager: Retrieving video from /storage/emulated/0/Movies/raw/20200312_194129.mp4
07-05 20:12:48.082 25618 25925 D VideoManager: videoCursor is null
07-05 20:12:48.161 25618 25925 V VideoManager: videoFromCursor
07-05 20:12:48.165 25618 25925 W DashDownloadManager: Successfully downloaded 20200312_194129.mp4 in 47.977s
07-05 20:12:48.166 25618 25925 V DownloadTestVideosTask: Entering callback for download completion of 20200312_194129.mp4
07-05 20:12:48.167 25618 25925 V RawFootageEventHandler: onAdd
07-05 20:12:48.170 25618 25925 V NearbyFragment: nextTransfer with selected algorithm: least_busy
07-05 20:12:48.175 25618 25925 W NearbyFragment: Sending 20200312_194129.mp4 to Nexus 5X [34d8]
07-05 20:12:48.199 25618 25618 V NearbyFragment: Transfer to Endpoint{id=Qd2N, name=Nexus 5X [34d8]} complete
07-05 20:12:49.182 25618 25925 V DownloadTestVideosTask: Starting DownloadTestVideosTask
07-05 20:12:49.186 25618 25925 V DashDownloadManager: Started downloading: 20200312_194229.mp4
07-05 20:12:49.191 25618 25925 I System.out: (HTTPLog)-Static: isSBSettingEnabled false
07-05 20:12:49.191 25618 25925 I System.out: (HTTPLog)-Static: isSBSettingEnabled false
07-05 20:12:49.245 25618 25925 I System.out: (HTTPLog)-Thread-1918-23822662: getTransferStream : ContentLength=69990400, method=GET, HTTPVersion=http/1.1
07-05 20:12:50.049 25618 25618 V NearbyFragment: Transfer to Endpoint{id=Rc4h, name=Nexus 5 [1825]} complete
07-05 20:12:50.050 25618 25618 W NearbyFragment: Completed downloading 20200312_193728.mp4 from Endpoint{id=Rc4h, name=Nexus 5 [1825]} in 48.334s
07-05 20:12:52.037 25618 25618 V VideoManager: Retrieving video from /storage/emulated/0/Movies/summarised/20200312_193728.mp4
07-05 20:12:52.050 25618 25618 D VideoManager: videoCursor is null
07-05 20:12:52.148 25618 25618 V VideoManager: videoFromCursor
07-05 20:12:52.153 25618 25618 V SummarisedVideosEventHandler: onAdd
07-05 20:12:52.154 25618 25618 V ProcessingVideosEventHandler: removeByName
07-05 20:12:58.224 25618 25618 D NearbyFragment: onPayloadReceived(endpointId=Rc4h, payload=com.google.android.gms.nearby.connection.Payload@3e56d82)
07-05 20:12:58.226 25618 25618 D NearbyFragment: 20200312_193928.mp4 from Endpoint{id=Rc4h, name=Nexus 5 [1825]} contained no activity
07-05 20:12:58.227 25618 25618 V VideoManager: Retrieving video from /storage/emulated/0/Movies/raw/20200312_193928.mp4
07-05 20:12:58.239 25618 25618 V VideoManager: videoFromCursor
07-05 20:12:58.243 25618 25618 V ProcessingVideosEventHandler: onRemove
07-05 20:12:58.245 25618 25618 I NearbyFragment: Transfer queue is empty
07-05 20:12:58.413 25618 25618 V NearbyFragment: Transfer to Endpoint{id=Rc4h, name=Nexus 5 [1825]} complete
07-05 20:13:14.152 25618 25618 V NearbyFragment: Transfer to Endpoint{id=Qd2N, name=Nexus 5X [34d8]} complete
07-05 20:13:15.311 25618 25618 D NearbyFragment: onPayloadReceived(endpointId=Qd2N, payload=com.google.android.gms.nearby.connection.Payload@11a34d0)
07-05 20:13:15.313 25618 25618 D NearbyFragment: Endpoint{id=Qd2N, name=Nexus 5X [34d8]} has finished downloading 20200312_194129.mp4
07-05 20:13:15.315 25618 25618 V VideoManager: Retrieving video from /storage/emulated/0/Movies/raw/20200312_194129.mp4
07-05 20:13:15.336 25618 25618 V VideoManager: videoFromCursor
07-05 20:13:15.343 25618 25618 V ProcessingVideosEventHandler: onAdd
07-05 20:13:15.344 25618 25618 V RawFootageEventHandler: onRemove
07-05 20:13:15.348 25618 25618 I NearbyFragment: Transfer queue is empty
07-05 20:13:15.350 25618 25618 V NearbyFragment: Transfer to Endpoint{id=Qd2N, name=Nexus 5X [34d8]} complete
07-05 20:13:16.326 25618 25925 V VideoManager: Retrieving video from /storage/emulated/0/Movies/raw/20200312_194229.mp4
07-05 20:13:16.339 25618 25925 D VideoManager: videoCursor is null
07-05 20:13:16.405 25618 25925 V VideoManager: videoFromCursor
07-05 20:13:16.409 25618 25925 W DashDownloadManager: Successfully downloaded 20200312_194229.mp4 in 27.138s
07-05 20:13:16.410 25618 25925 V DownloadTestVideosTask: Entering callback for download completion of 20200312_194229.mp4
07-05 20:13:16.411 25618 25925 V RawFootageEventHandler: onAdd
07-05 20:13:16.414 25618 25925 V NearbyFragment: nextTransfer with selected algorithm: least_busy
07-05 20:13:16.417 25618 25925 W NearbyFragment: Sending 20200312_194229.mp4 to Nexus 5 [1825]
07-05 20:13:16.444 25618 25618 V NearbyFragment: Transfer to Endpoint{id=Rc4h, name=Nexus 5 [1825]} complete
07-05 20:13:17.423 25618 25925 V DownloadTestVideosTask: Starting DownloadTestVideosTask
07-05 20:13:17.426 25618 25925 V DashDownloadManager: Started downloading: 20200312_194330.mp4
07-05 20:13:17.430 25618 25925 I System.out: (HTTPLog)-Static: isSBSettingEnabled false
07-05 20:13:17.431 25618 25925 I System.out: (HTTPLog)-Static: isSBSettingEnabled false
07-05 20:13:17.685 25618 25925 I System.out: (HTTPLog)-Thread-1918-256846554: getTransferStream : ContentLength=69990400, method=GET, HTTPVersion=http/1.1
07-05 20:13:36.634 25618 25618 V NearbyFragment: Transfer to Endpoint{id=Rc4h, name=Nexus 5 [1825]} complete
07-05 20:13:37.058 25618 25618 D NearbyFragment: onPayloadReceived(endpointId=Rc4h, payload=com.google.android.gms.nearby.connection.Payload@25fdb0b)
07-05 20:13:37.063 25618 25618 D NearbyFragment: Endpoint{id=Rc4h, name=Nexus 5 [1825]} has finished downloading 20200312_194229.mp4
07-05 20:13:37.067 25618 25618 V VideoManager: Retrieving video from /storage/emulated/0/Movies/raw/20200312_194229.mp4
07-05 20:13:37.094 25618 25618 V VideoManager: videoFromCursor
07-05 20:13:37.102 25618 25618 V ProcessingVideosEventHandler: onAdd
07-05 20:13:37.102 25618 25618 V RawFootageEventHandler: onRemove
07-05 20:13:37.107 25618 25618 I NearbyFragment: Transfer queue is empty
07-05 20:13:37.128 25618 25618 V NearbyFragment: Transfer to Endpoint{id=Rc4h, name=Nexus 5 [1825]} complete
07-05 20:13:47.375 25618 25925 V VideoManager: Retrieving video from /storage/emulated/0/Movies/raw/20200312_194330.mp4
07-05 20:13:47.393 25618 25925 D VideoManager: videoCursor is null
07-05 20:13:47.493 25618 25925 V VideoManager: videoFromCursor
07-05 20:13:47.499 25618 25925 W DashDownloadManager: Successfully downloaded 20200312_194330.mp4 in 29.948s
07-05 20:13:47.500 25618 25925 V DownloadTestVideosTask: Entering callback for download completion of 20200312_194330.mp4
07-05 20:13:47.501 25618 25925 V RawFootageEventHandler: onAdd
07-05 20:13:47.503 25618 25925 V NearbyFragment: nextTransfer with selected algorithm: least_busy
07-05 20:13:47.507 25618 25925 W NearbyFragment: Sending 20200312_194330.mp4 to Nexus 5 [1825]
07-05 20:13:47.526 25618 25618 V NearbyFragment: Transfer to Endpoint{id=Rc4h, name=Nexus 5 [1825]} complete
07-05 20:13:48.511 25618 25925 V DownloadTestVideosTask: Starting DownloadTestVideosTask
07-05 20:13:48.514 25618 25925 V DashDownloadManager: Started downloading: 20200312_194730.mp4
07-05 20:13:48.520 25618 25925 I System.out: (HTTPLog)-Static: isSBSettingEnabled false
07-05 20:13:48.520 25618 25925 I System.out: (HTTPLog)-Static: isSBSettingEnabled false
07-05 20:13:48.545 25618 25925 I System.out: (HTTPLog)-Thread-1918-54519613: getTransferStream : ContentLength=69990400, method=GET, HTTPVersion=http/1.1
07-05 20:14:08.146 25618 25618 V NearbyFragment: Transfer to Endpoint{id=Rc4h, name=Nexus 5 [1825]} complete
07-05 20:14:08.605 25618 25618 D NearbyFragment: onPayloadReceived(endpointId=Rc4h, payload=com.google.android.gms.nearby.connection.Payload@d83b32)
07-05 20:14:08.607 25618 25618 D NearbyFragment: Endpoint{id=Rc4h, name=Nexus 5 [1825]} has finished downloading 20200312_194330.mp4
07-05 20:14:08.609 25618 25618 V VideoManager: Retrieving video from /storage/emulated/0/Movies/raw/20200312_194330.mp4
07-05 20:14:08.630 25618 25618 V VideoManager: videoFromCursor
07-05 20:14:08.636 25618 25618 V ProcessingVideosEventHandler: onAdd
07-05 20:14:08.637 25618 25618 V RawFootageEventHandler: onRemove
07-05 20:14:08.639 25618 25618 I NearbyFragment: Transfer queue is empty
07-05 20:14:08.915 25618 25618 D NearbyFragment: onPayloadReceived(endpointId=Qd2N, payload=com.google.android.gms.nearby.connection.Payload@2c8ba39)
07-05 20:14:08.917 25618 25618 V NearbyFragment: Started downloading 20200312_193828.mp4 from Endpoint{id=Qd2N, name=Nexus 5X [34d8]}
07-05 20:14:08.919 25618 25618 I NearbyFragment: Transfer queue is empty
07-05 20:14:08.921 25618 25618 V NearbyFragment: Transfer to Endpoint{id=Qd2N, name=Nexus 5X [34d8]} complete
07-05 20:14:08.934 25618 25618 V NearbyFragment: Transfer to Endpoint{id=Rc4h, name=Nexus 5 [1825]} complete
07-05 20:14:09.012 25618 25618 D NearbyFragment: onPayloadReceived(endpointId=Qd2N, payload=com.google.android.gms.nearby.connection.Payload@94ad87e)
07-05 20:14:09.649 25618 25618 V NearbyFragment: Transfer to Endpoint{id=Qd2N, name=Nexus 5X [34d8]} complete
07-05 20:14:09.651 25618 25618 W NearbyFragment: Completed downloading 20200312_193828.mp4 from Endpoint{id=Qd2N, name=Nexus 5X [34d8]} in 00.731s
07-05 20:14:09.801 25618 25618 V VideoManager: Retrieving video from /storage/emulated/0/Movies/summarised/20200312_193828.mp4
07-05 20:14:09.814 25618 25618 D VideoManager: videoCursor is null
07-05 20:14:09.873 25618 25618 V VideoManager: videoFromCursor
07-05 20:14:09.877 25618 25618 V SummarisedVideosEventHandler: onAdd
07-05 20:14:09.878 25618 25618 V ProcessingVideosEventHandler: removeByName
07-05 20:14:19.239 25618 25925 V VideoManager: Retrieving video from /storage/emulated/0/Movies/raw/20200312_194730.mp4
07-05 20:14:19.249 25618 25925 D VideoManager: videoCursor is null
07-05 20:14:19.310 25618 25925 V VideoManager: videoFromCursor
07-05 20:14:19.314 25618 25925 W DashDownloadManager: Successfully downloaded 20200312_194730.mp4 in 30.724s
07-05 20:14:19.315 25618 25925 V DownloadTestVideosTask: Entering callback for download completion of 20200312_194730.mp4
07-05 20:14:19.315 25618 25925 V RawFootageEventHandler: onAdd
07-05 20:14:19.318 25618 25925 V NearbyFragment: nextTransfer with selected algorithm: least_busy
07-05 20:14:19.321 25618 25925 W NearbyFragment: Sending 20200312_194730.mp4 to Nexus 5X [34d8]
07-05 20:14:19.347 25618 25618 V NearbyFragment: Transfer to Endpoint{id=Qd2N, name=Nexus 5X [34d8]} complete
07-05 20:14:20.327 25618 25925 V DownloadTestVideosTask: Starting DownloadTestVideosTask
07-05 20:14:20.337 25618 25925 V DashDownloadManager: Started downloading: 20200312_194830.mp4
07-05 20:14:20.350 25618 25925 I System.out: (HTTPLog)-Static: isSBSettingEnabled false
07-05 20:14:20.351 25618 25925 I System.out: (HTTPLog)-Static: isSBSettingEnabled false
07-05 20:14:20.363 25618 25925 I System.out: (HTTPLog)-Thread-1918-200744673: getTransferStream : ContentLength=69990400, method=GET, HTTPVersion=http/1.1
07-05 20:14:42.175 25618 25925 V VideoManager: Retrieving video from /storage/emulated/0/Movies/raw/20200312_194830.mp4
07-05 20:14:42.191 25618 25925 D VideoManager: videoCursor is null
07-05 20:14:42.269 25618 25925 V VideoManager: videoFromCursor
07-05 20:14:42.275 25618 25925 W DashDownloadManager: Successfully downloaded 20200312_194830.mp4 in 21.836s
07-05 20:14:42.276 25618 25925 V DownloadTestVideosTask: Entering callback for download completion of 20200312_194830.mp4
07-05 20:14:42.277 25618 25925 V RawFootageEventHandler: onAdd
07-05 20:14:42.280 25618 25925 V NearbyFragment: nextTransfer with selected algorithm: least_busy
07-05 20:14:42.283 25618 25925 W NearbyFragment: Sending 20200312_194830.mp4 to Nexus 5X [34d8]
07-05 20:14:42.743 25618 25618 V NearbyFragment: Transfer to Endpoint{id=Qd2N, name=Nexus 5X [34d8]} complete
07-05 20:14:43.290 25618 25925 V DownloadTestVideosTask: Starting DownloadTestVideosTask
07-05 20:14:43.298 25618 25925 V DashDownloadManager: Started downloading: 20200312_194930.mp4
07-05 20:14:43.311 25618 25925 I System.out: (HTTPLog)-Static: isSBSettingEnabled false
07-05 20:14:43.313 25618 25925 I System.out: (HTTPLog)-Static: isSBSettingEnabled false
07-05 20:14:43.324 25618 25925 I System.out: (HTTPLog)-Thread-1918-23447581: getTransferStream : ContentLength=69990400, method=GET, HTTPVersion=http/1.1
07-05 20:15:03.621 25618 25925 V VideoManager: Retrieving video from /storage/emulated/0/Movies/raw/20200312_194930.mp4
07-05 20:15:03.644 25618 25925 D VideoManager: videoCursor is null
07-05 20:15:03.720 25618 25925 V VideoManager: videoFromCursor
07-05 20:15:03.724 25618 25925 W DashDownloadManager: Successfully downloaded 20200312_194930.mp4 in 20.321s
07-05 20:15:03.725 25618 25925 V DownloadTestVideosTask: Entering callback for download completion of 20200312_194930.mp4
07-05 20:15:03.725 25618 25925 V RawFootageEventHandler: onAdd
07-05 20:15:03.728 25618 25925 V NearbyFragment: nextTransfer with selected algorithm: least_busy
07-05 20:15:03.731 25618 25925 W NearbyFragment: Sending 20200312_194930.mp4 to Nexus 5 [1825]
07-05 20:15:03.747 25618 25618 V NearbyFragment: Transfer to Endpoint{id=Rc4h, name=Nexus 5 [1825]} complete
07-05 20:15:04.735 25618 25925 V DownloadTestVideosTask: Starting DownloadTestVideosTask
07-05 20:15:04.744 25618 25925 V DashDownloadManager: Started downloading: 20200312_195230.mp4
07-05 20:15:04.756 25618 25925 I System.out: (HTTPLog)-Static: isSBSettingEnabled false
07-05 20:15:04.757 25618 25925 I System.out: (HTTPLog)-Static: isSBSettingEnabled false
07-05 20:15:04.843 25618 25925 I System.out: (HTTPLog)-Thread-1918-52152601: getTransferStream : ContentLength=69990400, method=GET, HTTPVersion=http/1.1
07-05 20:15:15.611 25618 25618 V NearbyFragment: Transfer to Endpoint{id=Qd2N, name=Nexus 5X [34d8]} complete
07-05 20:15:18.094 25618 25618 D NearbyFragment: onPayloadReceived(endpointId=Qd2N, payload=com.google.android.gms.nearby.connection.Payload@c706dde)
07-05 20:15:18.096 25618 25618 D NearbyFragment: Endpoint{id=Qd2N, name=Nexus 5X [34d8]} has finished downloading 20200312_194730.mp4
07-05 20:15:18.098 25618 25618 V VideoManager: Retrieving video from /storage/emulated/0/Movies/raw/20200312_194730.mp4
07-05 20:15:18.113 25618 25618 V VideoManager: videoFromCursor
07-05 20:15:18.117 25618 25618 V ProcessingVideosEventHandler: onAdd
07-05 20:15:18.118 25618 25618 V RawFootageEventHandler: onRemove
07-05 20:15:18.120 25618 25618 I NearbyFragment: Transfer queue is empty
07-05 20:15:18.141 25618 25618 V NearbyFragment: Transfer to Endpoint{id=Qd2N, name=Nexus 5X [34d8]} complete
07-05 20:15:25.988 25618 25925 V VideoManager: Retrieving video from /storage/emulated/0/Movies/raw/20200312_195230.mp4
07-05 20:15:26.003 25618 25925 D VideoManager: videoCursor is null
07-05 20:15:26.073 25618 25925 V VideoManager: videoFromCursor
07-05 20:15:26.081 25618 25925 W DashDownloadManager: Successfully downloaded 20200312_195230.mp4 in 21.242s
07-05 20:15:26.083 25618 25925 V DownloadTestVideosTask: Entering callback for download completion of 20200312_195230.mp4
07-05 20:15:26.083 25618 25925 V RawFootageEventHandler: onAdd
07-05 20:15:26.088 25618 25925 V NearbyFragment: nextTransfer with selected algorithm: least_busy
07-05 20:15:26.093 25618 25925 W NearbyFragment: Sending 20200312_195230.mp4 to Nexus 5X [34d8]
07-05 20:15:26.116 25618 25618 V NearbyFragment: Transfer to Endpoint{id=Qd2N, name=Nexus 5X [34d8]} complete
07-05 20:15:27.097 25618 25925 V DownloadTestVideosTask: Starting DownloadTestVideosTask
07-05 20:15:27.101 25618 25925 V DashDownloadManager: Started downloading: 20200312_195330.mp4
07-05 20:15:27.106 25618 25925 I System.out: (HTTPLog)-Static: isSBSettingEnabled false
07-05 20:15:27.107 25618 25925 I System.out: (HTTPLog)-Static: isSBSettingEnabled false
07-05 20:15:27.213 25618 25925 I System.out: (HTTPLog)-Thread-1918-93875064: getTransferStream : ContentLength=69990400, method=GET, HTTPVersion=http/1.1
07-05 20:15:34.218 25618 25618 D NearbyFragment: onPayloadReceived(endpointId=Rc4h, payload=com.google.android.gms.nearby.connection.Payload@9748251)
07-05 20:15:34.219 25618 25618 V NearbyFragment: Started downloading 20200312_194229.mp4 from Endpoint{id=Rc4h, name=Nexus 5 [1825]}
07-05 20:15:34.220 25618 25618 I NearbyFragment: Transfer queue is empty
07-05 20:15:34.578 25618 25618 V NearbyFragment: Transfer to Endpoint{id=Rc4h, name=Nexus 5 [1825]} complete
07-05 20:15:34.614 25618 25618 D NearbyFragment: onPayloadReceived(endpointId=Rc4h, payload=com.google.android.gms.nearby.connection.Payload@1f65ab6)
07-05 20:15:35.325 25618 25618 V NearbyFragment: Transfer to Endpoint{id=Rc4h, name=Nexus 5 [1825]} complete
07-05 20:15:35.327 25618 25618 W NearbyFragment: Completed downloading 20200312_194229.mp4 from Endpoint{id=Rc4h, name=Nexus 5 [1825]} in 01.106s
07-05 20:15:35.452 25618 25618 V VideoManager: Retrieving video from /storage/emulated/0/Movies/summarised/20200312_194229.mp4
07-05 20:15:35.464 25618 25618 D VideoManager: videoCursor is null
07-05 20:15:35.519 25618 25618 V VideoManager: videoFromCursor
07-05 20:15:35.523 25618 25618 V SummarisedVideosEventHandler: onAdd
07-05 20:15:35.524 25618 25618 V ProcessingVideosEventHandler: removeByName
07-05 20:15:44.407 25618 25618 D NearbyFragment: onPayloadReceived(endpointId=Qd2N, payload=com.google.android.gms.nearby.connection.Payload@65569f2)
07-05 20:15:44.408 25618 25618 V NearbyFragment: Started downloading 20200312_194129.mp4 from Endpoint{id=Qd2N, name=Nexus 5X [34d8]}
07-05 20:15:44.409 25618 25618 I NearbyFragment: Transfer queue is empty
07-05 20:15:44.420 25618 25618 V NearbyFragment: Transfer to Endpoint{id=Qd2N, name=Nexus 5X [34d8]} complete
07-05 20:15:44.474 25618 25618 D NearbyFragment: onPayloadReceived(endpointId=Qd2N, payload=com.google.android.gms.nearby.connection.Payload@bd20843)
07-05 20:15:46.200 25618 25618 V NearbyFragment: Transfer to Endpoint{id=Qd2N, name=Nexus 5X [34d8]} complete
07-05 20:15:46.203 25618 25618 W NearbyFragment: Completed downloading 20200312_194129.mp4 from Endpoint{id=Qd2N, name=Nexus 5X [34d8]} in 01.793s
07-05 20:15:46.288 25618 25618 V VideoManager: Retrieving video from /storage/emulated/0/Movies/summarised/20200312_194129.mp4
07-05 20:15:46.304 25618 25618 D VideoManager: videoCursor is null
07-05 20:15:46.352 25618 25618 V VideoManager: videoFromCursor
07-05 20:15:46.356 25618 25618 V SummarisedVideosEventHandler: onAdd
07-05 20:15:46.357 25618 25618 V ProcessingVideosEventHandler: removeByName
07-05 20:15:49.790 25618 25925 V VideoManager: Retrieving video from /storage/emulated/0/Movies/raw/20200312_195330.mp4
07-05 20:15:49.807 25618 25925 D VideoManager: videoCursor is null
07-05 20:15:49.854 25618 25925 V VideoManager: videoFromCursor
07-05 20:15:49.859 25618 25925 W DashDownloadManager: Successfully downloaded 20200312_195330.mp4 in 22.687s
07-05 20:15:49.860 25618 25925 V DownloadTestVideosTask: Entering callback for download completion of 20200312_195330.mp4
07-05 20:15:49.861 25618 25925 V RawFootageEventHandler: onAdd
07-05 20:15:49.864 25618 25925 V NearbyFragment: nextTransfer with selected algorithm: least_busy
07-05 20:15:49.869 25618 25925 W NearbyFragment: Sending 20200312_195330.mp4 to Nexus 5 [1825]
07-05 20:15:49.891 25618 25618 V NearbyFragment: Transfer to Endpoint{id=Rc4h, name=Nexus 5 [1825]} complete
07-05 20:15:50.876 25618 25925 V DownloadTestVideosTask: Starting DownloadTestVideosTask
07-05 20:15:50.886 25618 25925 V DashDownloadManager: Started downloading: 20200312_195430.mp4
07-05 20:15:50.900 25618 25925 I System.out: (HTTPLog)-Static: isSBSettingEnabled false
07-05 20:15:50.902 25618 25925 I System.out: (HTTPLog)-Static: isSBSettingEnabled false
07-05 20:15:50.914 25618 25925 I System.out: (HTTPLog)-Thread-1918-170956026: getTransferStream : ContentLength=69990400, method=GET, HTTPVersion=http/1.1
07-05 20:16:11.472 25618 25925 V VideoManager: Retrieving video from /storage/emulated/0/Movies/raw/20200312_195430.mp4
07-05 20:16:11.486 25618 25925 D VideoManager: videoCursor is null
07-05 20:16:11.550 25618 25925 V VideoManager: videoFromCursor
07-05 20:16:11.555 25618 25925 W DashDownloadManager: Successfully downloaded 20200312_195430.mp4 in 20.584s
07-05 20:16:11.555 25618 25925 V DownloadTestVideosTask: Entering callback for download completion of 20200312_195430.mp4
07-05 20:16:11.557 25618 25925 V RawFootageEventHandler: onAdd
07-05 20:16:11.559 25618 25925 V NearbyFragment: nextTransfer with selected algorithm: least_busy
07-05 20:16:11.564 25618 25925 W NearbyFragment: Sending 20200312_195430.mp4 to Nexus 5X [34d8]
07-05 20:16:12.334 25618 25618 V NearbyFragment: Transfer to Endpoint{id=Qd2N, name=Nexus 5X [34d8]} complete
07-05 20:16:12.568 25618 25925 V DownloadTestVideosTask: Starting DownloadTestVideosTask
07-05 20:16:12.570 25618 25925 D DownloadTestVideosTask: No new videos
07-05 20:16:12.571 25618 25925 W NearbyFragment: Stopped downloading from dashcam
07-05 20:16:13.062 25618 25618 D NearbyFragment: onPayloadReceived(endpointId=Rc4h, payload=com.google.android.gms.nearby.connection.Payload@76306c6)
07-05 20:16:13.065 25618 25618 D NearbyFragment: 20200312_194330.mp4 from Endpoint{id=Rc4h, name=Nexus 5 [1825]} contained no activity
07-05 20:16:13.067 25618 25618 V VideoManager: Retrieving video from /storage/emulated/0/Movies/raw/20200312_194330.mp4
07-05 20:16:13.088 25618 25618 V VideoManager: videoFromCursor
07-05 20:16:13.094 25618 25618 V ProcessingVideosEventHandler: onRemove
07-05 20:16:13.097 25618 25618 I NearbyFragment: Transfer queue is empty
07-05 20:16:13.099 25618 25618 V NearbyFragment: Transfer to Endpoint{id=Rc4h, name=Nexus 5 [1825]} complete
07-05 20:16:15.500 25618 25618 V NearbyFragment: Transfer to Endpoint{id=Qd2N, name=Nexus 5X [34d8]} complete
07-05 20:16:17.457 25618 25618 D NearbyFragment: onPayloadReceived(endpointId=Qd2N, payload=com.google.android.gms.nearby.connection.Payload@2d8f9b4)
07-05 20:16:17.458 25618 25618 D NearbyFragment: Endpoint{id=Qd2N, name=Nexus 5X [34d8]} has finished downloading 20200312_194830.mp4
07-05 20:16:17.460 25618 25618 V VideoManager: Retrieving video from /storage/emulated/0/Movies/raw/20200312_194830.mp4
07-05 20:16:17.473 25618 25618 V VideoManager: videoFromCursor
07-05 20:16:17.479 25618 25618 V ProcessingVideosEventHandler: onAdd
07-05 20:16:17.479 25618 25618 V RawFootageEventHandler: onRemove
07-05 20:16:17.481 25618 25618 I NearbyFragment: Transfer queue is empty
07-05 20:16:17.604 25618 25618 V NearbyFragment: Transfer to Endpoint{id=Qd2N, name=Nexus 5X [34d8]} complete
07-05 20:16:17.771 25618 25618 D NearbyFragment: onPayloadReceived(endpointId=Qd2N, payload=com.google.android.gms.nearby.connection.Payload@eb0e423)
07-05 20:16:17.773 25618 25618 D NearbyFragment: 20200312_194730.mp4 from Endpoint{id=Qd2N, name=Nexus 5X [34d8]} contained no activity
07-05 20:16:17.775 25618 25618 V VideoManager: Retrieving video from /storage/emulated/0/Movies/raw/20200312_194730.mp4
07-05 20:16:17.788 25618 25618 V VideoManager: videoFromCursor
07-05 20:16:17.793 25618 25618 V ProcessingVideosEventHandler: onRemove
07-05 20:16:17.795 25618 25618 I NearbyFragment: Transfer queue is empty
07-05 20:16:17.851 25618 25618 V NearbyFragment: Transfer to Endpoint{id=Qd2N, name=Nexus 5X [34d8]} complete
07-05 20:16:30.440 25618 25618 V NearbyFragment: Transfer to Endpoint{id=Rc4h, name=Nexus 5 [1825]} complete
07-05 20:16:30.719 25618 25618 D NearbyFragment: onPayloadReceived(endpointId=Rc4h, payload=com.google.android.gms.nearby.connection.Payload@7ccb6d9)
07-05 20:16:30.721 25618 25618 D NearbyFragment: Endpoint{id=Rc4h, name=Nexus 5 [1825]} has finished downloading 20200312_194930.mp4
07-05 20:16:30.722 25618 25618 V VideoManager: Retrieving video from /storage/emulated/0/Movies/raw/20200312_194930.mp4
07-05 20:16:30.737 25618 25618 V VideoManager: videoFromCursor
07-05 20:16:30.743 25618 25618 V ProcessingVideosEventHandler: onAdd
07-05 20:16:30.744 25618 25618 V RawFootageEventHandler: onRemove
07-05 20:16:30.746 25618 25618 I NearbyFragment: Transfer queue is empty
07-05 20:16:30.762 25618 25618 V NearbyFragment: Transfer to Endpoint{id=Rc4h, name=Nexus 5 [1825]} complete
07-05 20:16:57.334 25618 25618 V NearbyFragment: Transfer to Endpoint{id=Qd2N, name=Nexus 5X [34d8]} complete
07-05 20:16:57.726 25618 25618 D NearbyFragment: onPayloadReceived(endpointId=Qd2N, payload=com.google.android.gms.nearby.connection.Payload@8fdcb4c)
07-05 20:16:57.728 25618 25618 D NearbyFragment: Endpoint{id=Qd2N, name=Nexus 5X [34d8]} has finished downloading 20200312_195230.mp4
07-05 20:16:57.729 25618 25618 V VideoManager: Retrieving video from /storage/emulated/0/Movies/raw/20200312_195230.mp4
07-05 20:16:57.743 25618 25618 V VideoManager: videoFromCursor
07-05 20:16:57.748 25618 25618 V ProcessingVideosEventHandler: onAdd
07-05 20:16:57.749 25618 25618 V RawFootageEventHandler: onRemove
07-05 20:16:57.751 25618 25618 I NearbyFragment: Transfer queue is empty
07-05 20:16:57.775 25618 25618 V NearbyFragment: Transfer to Endpoint{id=Qd2N, name=Nexus 5X [34d8]} complete
07-05 20:17:20.099 25618 25618 V NearbyFragment: Transfer to Endpoint{id=Rc4h, name=Nexus 5 [1825]} complete
07-05 20:17:20.961 25618 25618 D NearbyFragment: onPayloadReceived(endpointId=Rc4h, payload=com.google.android.gms.nearby.connection.Payload@7dcb49b)
07-05 20:17:20.963 25618 25618 D NearbyFragment: Endpoint{id=Rc4h, name=Nexus 5 [1825]} has finished downloading 20200312_195330.mp4
07-05 20:17:20.966 25618 25618 V VideoManager: Retrieving video from /storage/emulated/0/Movies/raw/20200312_195330.mp4
07-05 20:17:20.992 25618 25618 V VideoManager: videoFromCursor
07-05 20:17:21.000 25618 25618 V ProcessingVideosEventHandler: onAdd
07-05 20:17:21.002 25618 25618 V RawFootageEventHandler: onRemove
07-05 20:17:21.006 25618 25618 I NearbyFragment: Transfer queue is empty
07-05 20:17:21.014 25618 25618 V NearbyFragment: Transfer to Endpoint{id=Rc4h, name=Nexus 5 [1825]} complete
07-05 20:17:37.946 25618 25618 V NearbyFragment: Transfer to Endpoint{id=Qd2N, name=Nexus 5X [34d8]} complete
07-05 20:17:38.945 25618 25618 D NearbyFragment: onPayloadReceived(endpointId=Qd2N, payload=com.google.android.gms.nearby.connection.Payload@a60ad76)
07-05 20:17:38.946 25618 25618 D NearbyFragment: Endpoint{id=Qd2N, name=Nexus 5X [34d8]} has finished downloading 20200312_195430.mp4
07-05 20:17:38.947 25618 25618 V VideoManager: Retrieving video from /storage/emulated/0/Movies/raw/20200312_195430.mp4
07-05 20:17:38.961 25618 25618 V VideoManager: videoFromCursor
07-05 20:17:38.966 25618 25618 V ProcessingVideosEventHandler: onAdd
07-05 20:17:38.967 25618 25618 V RawFootageEventHandler: onRemove
07-05 20:17:38.968 25618 25618 I NearbyFragment: Transfer queue is empty
07-05 20:17:38.992 25618 25618 V NearbyFragment: Transfer to Endpoint{id=Qd2N, name=Nexus 5X [34d8]} complete
07-05 20:18:52.248 25618 25618 D NearbyFragment: onPayloadReceived(endpointId=Qd2N, payload=com.google.android.gms.nearby.connection.Payload@f5f744d)
07-05 20:18:52.251 25618 25618 V NearbyFragment: Started downloading 20200312_194830.mp4 from Endpoint{id=Qd2N, name=Nexus 5X [34d8]}
07-05 20:18:52.253 25618 25618 I NearbyFragment: Transfer queue is empty
07-05 20:18:52.262 25618 25618 V NearbyFragment: Transfer to Endpoint{id=Qd2N, name=Nexus 5X [34d8]} complete
07-05 20:18:52.307 25618 25618 D NearbyFragment: onPayloadReceived(endpointId=Qd2N, payload=com.google.android.gms.nearby.connection.Payload@1a22b02)
07-05 20:18:53.154 25618 25618 V NearbyFragment: Transfer to Endpoint{id=Qd2N, name=Nexus 5X [34d8]} complete
07-05 20:18:53.155 25618 25618 W NearbyFragment: Completed downloading 20200312_194830.mp4 from Endpoint{id=Qd2N, name=Nexus 5X [34d8]} in 00.902s
07-05 20:18:53.343 25618 25618 V VideoManager: Retrieving video from /storage/emulated/0/Movies/summarised/20200312_194830.mp4
07-05 20:18:53.404 25618 25618 D VideoManager: videoCursor is null
07-05 20:18:53.504 25618 25618 V VideoManager: videoFromCursor
07-05 20:18:53.507 25618 25618 V SummarisedVideosEventHandler: onAdd
07-05 20:18:53.508 25618 25618 V ProcessingVideosEventHandler: removeByName
07-05 20:19:00.532 25618 25618 D NearbyFragment: onPayloadReceived(endpointId=Rc4h, payload=com.google.android.gms.nearby.connection.Payload@7864dfe)
07-05 20:19:00.536 25618 25618 V NearbyFragment: Started downloading 20200312_194930.mp4 from Endpoint{id=Rc4h, name=Nexus 5 [1825]}
07-05 20:19:00.539 25618 25618 I NearbyFragment: Transfer queue is empty
07-05 20:19:00.542 25618 25618 V NearbyFragment: Transfer to Endpoint{id=Rc4h, name=Nexus 5 [1825]} complete
07-05 20:19:00.599 25618 25618 D NearbyFragment: onPayloadReceived(endpointId=Rc4h, payload=com.google.android.gms.nearby.connection.Payload@66c95f)
07-05 20:19:01.849 25618 25618 V NearbyFragment: Transfer to Endpoint{id=Rc4h, name=Nexus 5 [1825]} complete
07-05 20:19:01.850 25618 25618 W NearbyFragment: Completed downloading 20200312_194930.mp4 from Endpoint{id=Rc4h, name=Nexus 5 [1825]} in 01.312s
07-05 20:19:02.039 25618 25618 V VideoManager: Retrieving video from /storage/emulated/0/Movies/summarised/20200312_194930.mp4
07-05 20:19:02.058 25618 25618 D VideoManager: videoCursor is null
07-05 20:19:02.143 25618 25618 V VideoManager: videoFromCursor
07-05 20:19:02.148 25618 25618 V SummarisedVideosEventHandler: onAdd
07-05 20:19:02.149 25618 25618 V ProcessingVideosEventHandler: removeByName
07-05 20:20:00.367 25618 25618 D NearbyFragment: onPayloadReceived(endpointId=Qd2N, payload=com.google.android.gms.nearby.connection.Payload@ef189c8)
07-05 20:20:00.368 25618 25618 V NearbyFragment: Started downloading 20200312_195230.mp4 from Endpoint{id=Qd2N, name=Nexus 5X [34d8]}
07-05 20:20:00.369 25618 25618 I NearbyFragment: Transfer queue is empty
07-05 20:20:00.377 25618 25618 V NearbyFragment: Transfer to Endpoint{id=Qd2N, name=Nexus 5X [34d8]} complete
07-05 20:20:00.431 25618 25618 D NearbyFragment: onPayloadReceived(endpointId=Qd2N, payload=com.google.android.gms.nearby.connection.Payload@d82ca61)
07-05 20:20:01.289 25618 25618 V NearbyFragment: Transfer to Endpoint{id=Qd2N, name=Nexus 5X [34d8]} complete
07-05 20:20:01.292 25618 25618 W NearbyFragment: Completed downloading 20200312_195230.mp4 from Endpoint{id=Qd2N, name=Nexus 5X [34d8]} in 00.922s
07-05 20:20:01.378 25618 25618 V VideoManager: Retrieving video from /storage/emulated/0/Movies/summarised/20200312_195230.mp4
07-05 20:20:01.408 25618 25618 D VideoManager: videoCursor is null
07-05 20:20:01.475 25618 25618 V VideoManager: videoFromCursor
07-05 20:20:01.479 25618 25618 V SummarisedVideosEventHandler: onAdd
07-05 20:20:01.480 25618 25618 V ProcessingVideosEventHandler: removeByName
07-05 20:21:22.820 25618 25618 D NearbyFragment: onPayloadReceived(endpointId=Rc4h, payload=com.google.android.gms.nearby.connection.Payload@d48b60d)
07-05 20:21:22.823 25618 25618 V NearbyFragment: Started downloading 20200312_195330.mp4 from Endpoint{id=Rc4h, name=Nexus 5 [1825]}
07-05 20:21:22.826 25618 25618 I NearbyFragment: Transfer queue is empty
07-05 20:21:22.833 25618 25618 V NearbyFragment: Transfer to Endpoint{id=Rc4h, name=Nexus 5 [1825]} complete
07-05 20:21:22.863 25618 25618 D NearbyFragment: onPayloadReceived(endpointId=Rc4h, payload=com.google.android.gms.nearby.connection.Payload@a7ba9c2)
07-05 20:21:23.622 25618 25618 V NearbyFragment: Transfer to Endpoint{id=Rc4h, name=Nexus 5 [1825]} complete
07-05 20:21:23.623 25618 25618 W NearbyFragment: Completed downloading 20200312_195330.mp4 from Endpoint{id=Rc4h, name=Nexus 5 [1825]} in 00.798s
07-05 20:21:23.795 25618 25618 V VideoManager: Retrieving video from /storage/emulated/0/Movies/summarised/20200312_195330.mp4
07-05 20:21:23.850 25618 25618 D VideoManager: videoCursor is null
07-05 20:21:23.939 25618 25618 V VideoManager: videoFromCursor
07-05 20:21:23.943 25618 25618 V SummarisedVideosEventHandler: onAdd
07-05 20:21:23.943 25618 25618 V ProcessingVideosEventHandler: removeByName
07-05 20:21:59.635 25618 25618 D NearbyFragment: onPayloadReceived(endpointId=Qd2N, payload=com.google.android.gms.nearby.connection.Payload@4d7a609)
07-05 20:21:59.639 25618 25618 V NearbyFragment: Started downloading 20200312_195430.mp4 from Endpoint{id=Qd2N, name=Nexus 5X [34d8]}
07-05 20:21:59.642 25618 25618 I NearbyFragment: Transfer queue is empty
07-05 20:21:59.649 25618 25618 V NearbyFragment: Transfer to Endpoint{id=Qd2N, name=Nexus 5X [34d8]} complete
07-05 20:21:59.688 25618 25618 D NearbyFragment: onPayloadReceived(endpointId=Qd2N, payload=com.google.android.gms.nearby.connection.Payload@85ea00e)
07-05 20:22:00.526 25618 25618 V NearbyFragment: Transfer to Endpoint{id=Qd2N, name=Nexus 5X [34d8]} complete
07-05 20:22:00.528 25618 25618 W NearbyFragment: Completed downloading 20200312_195430.mp4 from Endpoint{id=Qd2N, name=Nexus 5X [34d8]} in 00.887s
07-05 20:22:00.647 25618 25628 W System  : A resource failed to call close. 
07-05 20:22:00.652 25618 25628 I chatty  : uid=10568(com.example.edgesum) FinalizerDaemon identical 3 lines
07-05 20:22:00.653 25618 25628 W System  : A resource failed to call close. 
07-05 20:22:00.666 25618 25628 W System  : A resource failed to call close. 
07-05 20:22:00.666 25618 25628 W System  : A resource failed to call close. 
07-05 20:22:00.667 25618 25628 W System  : A resource failed to call close. 
07-05 20:22:00.675 25618 25628 W System  : A resource failed to call close. 
07-05 20:22:00.675 25618 25628 I chatty  : uid=10568(com.example.edgesum) FinalizerDaemon identical 1 line
07-05 20:22:00.676 25618 25628 W System  : A resource failed to call close. 
07-05 20:22:00.678 25618 25628 W System  : A resource failed to call close. 
07-05 20:22:00.679 25618 25628 I chatty  : uid=10568(com.example.edgesum) FinalizerDaemon identical 2 lines
07-05 20:22:00.679 25618 25628 W System  : A resource failed to call close. 
07-05 20:22:00.681 25618 25628 W System  : A resource failed to call close. 
07-05 20:22:00.682 25618 25628 W System  : A resource failed to call close. 
07-05 20:22:00.687 25618 25628 W System  : A resource failed to call close. 
07-05 20:22:00.696 25618 25628 I chatty  : uid=10568(com.example.edgesum) FinalizerDaemon identical 6 lines
07-05 20:22:00.697 25618 25628 W System  : A resource failed to call close. 
07-05 20:22:00.699 25618 25628 W System  : A resource failed to call close. 
07-05 20:22:00.699 25618 25628 W System  : A resource failed to call close. 
07-05 20:22:00.703 25618 25618 V VideoManager: Retrieving video from /storage/emulated/0/Movies/summarised/20200312_195430.mp4
07-05 20:22:00.703 25618 25628 W System  : A resource failed to call close. 
07-05 20:22:00.703 25618 25628 W System  : A resource failed to call close. 
07-05 20:22:00.707 25618 25628 W System  : A resource failed to call close. 
07-05 20:22:00.708 25618 25628 I chatty  : uid=10568(com.example.edgesum) FinalizerDaemon identical 1 line
07-05 20:22:00.711 25618 25628 W System  : A resource failed to call close. 
07-05 20:22:00.719 25618 25628 W System  : A resource failed to call close. 
07-05 20:22:00.725 25618 25628 I chatty  : uid=10568(com.example.edgesum) FinalizerDaemon identical 5 lines
07-05 20:22:00.733 25618 25628 W System  : A resource failed to call close. 
07-05 20:22:00.737 25618 25618 D VideoManager: videoCursor is null
07-05 20:22:00.737 25618 25628 W System  : A resource failed to call close. 
07-05 20:22:00.738 25618 25628 I chatty  : uid=10568(com.example.edgesum) FinalizerDaemon identical 1 line
07-05 20:22:00.741 25618 25628 W System  : A resource failed to call close. 
07-05 20:22:00.748 25618 25628 W System  : A resource failed to call close. 
07-05 20:22:00.762 25618 25628 I chatty  : uid=10568(com.example.edgesum) FinalizerDaemon identical 10 lines
07-05 20:22:00.763 25618 25628 W System  : A resource failed to call close. 
07-05 20:22:00.767 25618 25628 W System  : A resource failed to call close. 
07-05 20:22:00.776 25618 25628 I chatty  : uid=10568(com.example.edgesum) FinalizerDaemon identical 3 lines
07-05 20:22:00.776 25618 25628 W System  : A resource failed to call close. 
07-05 20:22:00.783 25618 25628 W System  : A resource failed to call close. 
07-05 20:22:00.790 25618 25628 W System  : A resource failed to call close. 
07-05 20:22:00.806 25618 25618 V VideoManager: videoFromCursor
07-05 20:22:00.811 25618 25618 V SummarisedVideosEventHandler: onAdd
07-05 20:22:00.811 25618 25618 V ProcessingVideosEventHandler: removeByName
