--------- beginning of main
06-29 21:23:57.231 22582 22582 E Zygote  : isWhitelistProcess - Process is Whitelisted
06-29 21:23:57.232 22582 22582 E Zygote  : accessInfo : 1
06-29 21:23:57.902 22582 22582 W example.edgesu: Accessing hidden method Landroid/graphics/drawable/Drawable;->getOpticalInsets()Landroid/graphics/Insets; (light greylist, linking)
06-29 21:23:57.903 22582 22582 W example.edgesu: Accessing hidden field Landroid/graphics/Insets;->left:I (light greylist, linking)
06-29 21:23:57.903 22582 22582 W example.edgesu: Accessing hidden field Landroid/graphics/Insets;->right:I (light greylist, linking)
06-29 21:23:57.903 22582 22582 W example.edgesu: Accessing hidden field Landroid/graphics/Insets;->top:I (light greylist, linking)
06-29 21:23:57.903 22582 22582 W example.edgesu: Accessing hidden field Landroid/graphics/Insets;->bottom:I (light greylist, linking)
06-29 21:23:57.948 22582 22582 W example.edgesu: Accessing hidden method Landroid/view/View;->computeFitSystemWindows(Landroid/graphics/Rect;Landroid/graphics/Rect;)Z (light greylist, reflection)
06-29 21:23:57.949 22582 22582 W example.edgesu: Accessing hidden method Landroid/view/ViewGroup;->makeOptionalFitsSystemWindows()V (light greylist, reflection)
06-29 21:23:58.053 22582 22582 W example.edgesu: Accessing hidden method Landroid/widget/TextView;->getTextDirectionHeuristic()Landroid/text/TextDirectionHeuristic; (light greylist, linking)
06-29 21:23:58.062 22582 22582 W example.edgesu: Accessing hidden field Landroid/view/View;->mAccessibilityDelegate:Landroid/view/View$AccessibilityDelegate; (light greylist, reflection)
06-29 21:23:58.482 22582 22582 W LogFactory: Truncating log tag length as it exceed 23, the limit imposed by Android on certain API Levels
06-29 21:23:58.512 22582 22582 E TransferService: No notification is passed in the intent. Unable to transition to foreground.
06-29 21:23:58.555 22582 22582 W StaticLayout: maxLineHeight should not be -1.  maxLines:1 lineCount:1
06-29 21:23:58.564 22582 22582 W StaticLayout: maxLineHeight should not be -1.  maxLines:1 lineCount:1
06-29 21:23:58.572 22582 22582 W StaticLayout: maxLineHeight should not be -1.  maxLines:1 lineCount:1
06-29 21:23:58.590 22582 22582 W StaticLayout: maxLineHeight should not be -1.  maxLines:1 lineCount:1
06-29 21:23:58.595 22582 22582 W StaticLayout: maxLineHeight should not be -1.  maxLines:1 lineCount:1
06-29 21:24:07.397 22582 22582 W example.edgesu: Accessing hidden method Landroid/graphics/FontFamily;-><init>()V (light greylist, reflection)
06-29 21:24:07.397 22582 22582 W example.edgesu: Accessing hidden method Landroid/graphics/FontFamily;->addFontFromAssetManager(Landroid/content/res/AssetManager;Ljava/lang/String;IZIII[Landroid/graphics/fonts/FontVariationAxis;)Z (light greylist, reflection)
06-29 21:24:07.398 22582 22582 W example.edgesu: Accessing hidden method Landroid/graphics/FontFamily;->addFontFromBuffer(Ljava/nio/ByteBuffer;I[Landroid/graphics/fonts/FontVariationAxis;II)Z (light greylist, reflection)
06-29 21:24:07.398 22582 22582 W example.edgesu: Accessing hidden method Landroid/graphics/FontFamily;->freeze()Z (light greylist, reflection)
06-29 21:24:07.398 22582 22582 W example.edgesu: Accessing hidden method Landroid/graphics/FontFamily;->abortCreation()V (light greylist, reflection)
06-29 21:24:07.399 22582 22582 W example.edgesu: Accessing hidden method Landroid/graphics/Typeface;->createFromFamiliesWithDefault([Landroid/graphics/FontFamily;Ljava/lang/String;II)Landroid/graphics/Typeface; (light greylist, reflection)
06-29 21:24:17.676 22582 22625 W libEGL  : EGLNativeWindowType 0x707529c010 disconnect failed
06-29 21:24:20.170 22582 22625 W libEGL  : EGLNativeWindowType 0x707529c010 disconnect failed
06-29 21:24:20.247 22582 22582 E ViewRootImpl: sendUserActionEvent() returned.
06-29 21:25:30.337 22582 22582 W NearbyFragment: Completed downloading 20200312_150643!000.mp4 from Endpoint{id=Rz_x, name=Nexus 5X [34d8]} in 01.757s
06-29 21:25:32.561 22582 23586 W Summariser: No activity detected
06-29 21:25:32.618 22582 23586 W Summariser: Summarisation completed
06-29 21:25:32.618 22582 23586 W Summariser:   filename: 20200312_150643!000.mp4
06-29 21:25:32.618 22582 23586 W Summariser:   active sections: 0
06-29 21:25:32.618 22582 23586 W Summariser:   time: 02.042s
06-29 21:25:32.618 22582 23586 W Summariser:   original duration: 16.07
06-29 21:25:32.618 22582 23586 W Summariser:   summarised duration: -1.00
06-29 21:25:32.618 22582 23586 W Summariser:   noise tolerance: 45.00
06-29 21:25:32.618 22582 23586 W Summariser:   quality: 23
06-29 21:25:32.618 22582 23586 W Summariser:   speed: medium
06-29 21:25:32.618 22582 23586 W Summariser:   freeze duration: 1.00
06-29 21:25:36.568 22582 22582 W NearbyFragment: Completed downloading 20200312_150643!002.mp4 from Endpoint{id=Rz_x, name=Nexus 5X [34d8]} in 03.887s
06-29 21:25:38.635 22582 23621 W Summariser: No activity detected
06-29 21:25:38.695 22582 23621 W Summariser: Summarisation completed
06-29 21:25:38.695 22582 23621 W Summariser:   filename: 20200312_150643!002.mp4
06-29 21:25:38.695 22582 23621 W Summariser:   active sections: 0
06-29 21:25:38.695 22582 23621 W Summariser:   time: 01.966s
06-29 21:25:38.695 22582 23621 W Summariser:   original duration: 16.01
06-29 21:25:38.695 22582 23621 W Summariser:   summarised duration: -1.00
06-29 21:25:38.695 22582 23621 W Summariser:   noise tolerance: 45.00
06-29 21:25:38.695 22582 23621 W Summariser:   quality: 23
06-29 21:25:38.695 22582 23621 W Summariser:   speed: medium
06-29 21:25:38.695 22582 23621 W Summariser:   freeze duration: 1.00
06-29 21:26:02.172 22582 22582 W NearbyFragment: Completed downloading 20200312_150744!000.mp4 from Endpoint{id=Rz_x, name=Nexus 5X [34d8]} in 01.994s
06-29 21:26:04.256 22582 23684 W Summariser: No activity detected
06-29 21:26:04.304 22582 23684 W Summariser: Summarisation completed
06-29 21:26:04.304 22582 23684 W Summariser:   filename: 20200312_150744!000.mp4
06-29 21:26:04.304 22582 23684 W Summariser:   active sections: 0
06-29 21:26:04.304 22582 23684 W Summariser:   time: 01.980s
06-29 21:26:04.304 22582 23684 W Summariser:   original duration: 16.07
06-29 21:26:04.304 22582 23684 W Summariser:   summarised duration: -1.00
06-29 21:26:04.304 22582 23684 W Summariser:   noise tolerance: 45.00
06-29 21:26:04.304 22582 23684 W Summariser:   quality: 23
06-29 21:26:04.304 22582 23684 W Summariser:   speed: medium
06-29 21:26:04.304 22582 23684 W Summariser:   freeze duration: 1.00
06-29 21:26:09.038 22582 22582 W NearbyFragment: Completed downloading 20200312_150744!002.mp4 from Endpoint{id=Rz_x, name=Nexus 5X [34d8]} in 04.666s
06-29 21:26:10.982 22582 23717 W Summariser: No activity detected
06-29 21:26:11.041 22582 23717 W Summariser: Summarisation completed
06-29 21:26:11.041 22582 23717 W Summariser:   filename: 20200312_150744!002.mp4
06-29 21:26:11.041 22582 23717 W Summariser:   active sections: 0
06-29 21:26:11.041 22582 23717 W Summariser:   time: 01.845s
06-29 21:26:11.041 22582 23717 W Summariser:   original duration: 16.01
06-29 21:26:11.041 22582 23717 W Summariser:   summarised duration: -1.00
06-29 21:26:11.041 22582 23717 W Summariser:   noise tolerance: 45.00
06-29 21:26:11.041 22582 23717 W Summariser:   quality: 23
06-29 21:26:11.041 22582 23717 W Summariser:   speed: medium
06-29 21:26:11.041 22582 23717 W Summariser:   freeze duration: 1.00
06-29 21:26:36.279 22582 22594 W System  : A resource failed to call close. 
06-29 21:26:36.284 22582 22594 W System  : A resource failed to call close. 
06-29 21:26:37.418 22582 22582 W NearbyFragment: Completed downloading 20200312_150844!000.mp4 from Endpoint{id=Rz_x, name=Nexus 5X [34d8]} in 01.811s
06-29 21:26:39.438 22582 23763 W Summariser: Whole video is active
06-29 21:26:39.973 22582 23763 W Summariser: Summarisation completed
06-29 21:26:39.973 22582 23763 W Summariser:   filename: 20200312_150844!000.mp4
06-29 21:26:39.973 22582 23763 W Summariser:   active sections: -1
06-29 21:26:39.973 22582 23763 W Summariser:   time: 02.364s
06-29 21:26:39.973 22582 23763 W Summariser:   original duration: 16.06
06-29 21:26:39.973 22582 23763 W Summariser:   summarised duration: 16.06
06-29 21:26:39.973 22582 23763 W Summariser:   noise tolerance: 45.00
06-29 21:26:39.973 22582 23763 W Summariser:   quality: 23
06-29 21:26:39.973 22582 23763 W Summariser:   speed: medium
06-29 21:26:39.973 22582 23763 W Summariser:   freeze duration: 1.00
06-29 21:26:40.044 22582 23763 W NearbyFragment: Sending 20200312_150844!000.mp4 to Nexus 5X [34d8]
06-29 21:26:45.140 22582 22582 W NearbyFragment: Completed downloading 20200312_150844!002.mp4 from Endpoint{id=Rz_x, name=Nexus 5X [34d8]} in 04.975s
06-29 21:26:47.123 22582 23795 W Summariser: Whole video is active
06-29 21:26:47.625 22582 23795 W Summariser: Summarisation completed
06-29 21:26:47.625 22582 23795 W Summariser:   filename: 20200312_150844!002.mp4
06-29 21:26:47.625 22582 23795 W Summariser:   active sections: -1
06-29 21:26:47.625 22582 23795 W Summariser:   time: 02.276s
06-29 21:26:47.625 22582 23795 W Summariser:   original duration: 16.01
06-29 21:26:47.625 22582 23795 W Summariser:   summarised duration: 16.01
06-29 21:26:47.625 22582 23795 W Summariser:   noise tolerance: 45.00
06-29 21:26:47.625 22582 23795 W Summariser:   quality: 23
06-29 21:26:47.625 22582 23795 W Summariser:   speed: medium
06-29 21:26:47.625 22582 23795 W Summariser:   freeze duration: 1.00
06-29 21:26:47.675 22582 23795 W NearbyFragment: Sending 20200312_150844!002.mp4 to Nexus 5X [34d8]
06-29 21:27:19.304 22582 22582 W NearbyFragment: Completed downloading 20200312_150944!000.mp4 from Endpoint{id=Rz_x, name=Nexus 5X [34d8]} in 01.920s
06-29 21:27:21.429 22582 23854 W Summariser: 1 active sections found
06-29 21:27:28.587 22582 23854 W Summariser: Summarisation completed
06-29 21:27:28.587 22582 23854 W Summariser:   filename: 20200312_150944!000.mp4
06-29 21:27:28.587 22582 23854 W Summariser:   active sections: 1
06-29 21:27:28.587 22582 23854 W Summariser:   time: 09.089s
06-29 21:27:28.587 22582 23854 W Summariser:   original duration: 16.06
06-29 21:27:28.587 22582 23854 W Summariser:   summarised duration: 7.07
06-29 21:27:28.587 22582 23854 W Summariser:   noise tolerance: 45.00
06-29 21:27:28.587 22582 23854 W Summariser:   quality: 23
06-29 21:27:28.587 22582 23854 W Summariser:   speed: medium
06-29 21:27:28.587 22582 23854 W Summariser:   freeze duration: 1.00
06-29 21:27:28.675 22582 23854 W NearbyFragment: Sending 20200312_150944!000.mp4 to Nexus 5X [34d8]
06-29 21:27:34.833 22582 22582 W NearbyFragment: Completed downloading 20200312_150944!003.mp4 from Endpoint{id=Rz_x, name=Nexus 5X [34d8]} in 05.879s
06-29 21:27:36.390 22582 23920 W Summariser: No activity detected
06-29 21:27:36.439 22582 23920 W Summariser: Summarisation completed
06-29 21:27:36.439 22582 23920 W Summariser:   filename: 20200312_150944!003.mp4
06-29 21:27:36.439 22582 23920 W Summariser:   active sections: 0
06-29 21:27:36.439 22582 23920 W Summariser:   time: 01.458s
06-29 21:27:36.439 22582 23920 W Summariser:   original duration: 12.01
06-29 21:27:36.439 22582 23920 W Summariser:   summarised duration: -1.00
06-29 21:27:36.439 22582 23920 W Summariser:   noise tolerance: 45.00
06-29 21:27:36.439 22582 23920 W Summariser:   quality: 23
06-29 21:27:36.439 22582 23920 W Summariser:   speed: medium
06-29 21:27:36.439 22582 23920 W Summariser:   freeze duration: 1.00
06-29 21:27:49.060 22582 22582 W NearbyFragment: Completed downloading 20200312_151044!000.mp4 from Endpoint{id=Rz_x, name=Nexus 5X [34d8]} in 02.041s
06-29 21:27:51.145 22582 23970 W Summariser: No activity detected
06-29 21:27:51.194 22582 23970 W Summariser: Summarisation completed
06-29 21:27:51.194 22582 23970 W Summariser:   filename: 20200312_151044!000.mp4
06-29 21:27:51.194 22582 23970 W Summariser:   active sections: 0
06-29 21:27:51.194 22582 23970 W Summariser:   time: 01.992s
06-29 21:27:51.194 22582 23970 W Summariser:   original duration: 16.07
06-29 21:27:51.194 22582 23970 W Summariser:   summarised duration: -1.00
06-29 21:27:51.194 22582 23970 W Summariser:   noise tolerance: 45.00
06-29 21:27:51.194 22582 23970 W Summariser:   quality: 23
06-29 21:27:51.194 22582 23970 W Summariser:   speed: medium
06-29 21:27:51.194 22582 23970 W Summariser:   freeze duration: 1.00
06-29 21:27:58.607 22582 22582 W NearbyFragment: Completed downloading 20200312_151044!002.mp4 from Endpoint{id=Rz_x, name=Nexus 5X [34d8]} in 07.268s
06-29 21:28:00.642 22582 24021 W Summariser: No activity detected
06-29 21:28:00.702 22582 24021 W Summariser: Summarisation completed
06-29 21:28:00.702 22582 24021 W Summariser:   filename: 20200312_151044!002.mp4
06-29 21:28:00.702 22582 24021 W Summariser:   active sections: 0
06-29 21:28:00.702 22582 24021 W Summariser:   time: 01.934s
06-29 21:28:00.702 22582 24021 W Summariser:   original duration: 16.01
06-29 21:28:00.702 22582 24021 W Summariser:   summarised duration: -1.00
06-29 21:28:00.702 22582 24021 W Summariser:   noise tolerance: 45.00
06-29 21:28:00.702 22582 24021 W Summariser:   quality: 23
06-29 21:28:00.702 22582 24021 W Summariser:   speed: medium
06-29 21:28:00.702 22582 24021 W Summariser:   freeze duration: 1.00
06-29 21:28:20.350 22582 22582 W NearbyFragment: Completed downloading 20200312_193528!000.mp4 from Endpoint{id=Rz_x, name=Nexus 5X [34d8]} in 01.858s
06-29 21:28:22.391 22582 24062 W Summariser: No activity detected
06-29 21:28:22.439 22582 24062 W Summariser: Summarisation completed
06-29 21:28:22.439 22582 24062 W Summariser:   filename: 20200312_193528!000.mp4
06-29 21:28:22.439 22582 24062 W Summariser:   active sections: 0
06-29 21:28:22.439 22582 24062 W Summariser:   time: 01.949s
06-29 21:28:22.439 22582 24062 W Summariser:   original duration: 16.06
06-29 21:28:22.439 22582 24062 W Summariser:   summarised duration: -1.00
06-29 21:28:22.439 22582 24062 W Summariser:   noise tolerance: 45.00
06-29 21:28:22.439 22582 24062 W Summariser:   quality: 23
06-29 21:28:22.439 22582 24062 W Summariser:   speed: medium
06-29 21:28:22.439 22582 24062 W Summariser:   freeze duration: 1.00
06-29 21:28:22.469 22582 22594 W System  : A resource failed to call close. 
06-29 21:28:22.471 22582 22594 W System  : A resource failed to call close. 
06-29 21:28:26.995 22582 22582 W NearbyFragment: Completed downloading 20200312_193528!002.mp4 from Endpoint{id=Rz_x, name=Nexus 5X [34d8]} in 04.439s
06-29 21:28:29.084 22582 24094 W Summariser: No activity detected
06-29 21:28:29.132 22582 24094 W Summariser: Summarisation completed
06-29 21:28:29.132 22582 24094 W Summariser:   filename: 20200312_193528!002.mp4
06-29 21:28:29.132 22582 24094 W Summariser:   active sections: 0
06-29 21:28:29.132 22582 24094 W Summariser:   time: 02.049s
06-29 21:28:29.132 22582 24094 W Summariser:   original duration: 16.06
06-29 21:28:29.132 22582 24094 W Summariser:   summarised duration: -1.00
06-29 21:28:29.132 22582 24094 W Summariser:   noise tolerance: 45.00
06-29 21:28:29.132 22582 24094 W Summariser:   quality: 23
06-29 21:28:29.132 22582 24094 W Summariser:   speed: medium
06-29 21:28:29.132 22582 24094 W Summariser:   freeze duration: 1.00
06-29 21:28:50.759 22582 22582 W NearbyFragment: Completed downloading 20200312_193628!000.mp4 from Endpoint{id=Rz_x, name=Nexus 5X [34d8]} in 02.040s
06-29 21:28:52.773 22582 24135 W Summariser: No activity detected
06-29 21:28:52.819 22582 24135 W Summariser: Summarisation completed
06-29 21:28:52.819 22582 24135 W Summariser:   filename: 20200312_193628!000.mp4
06-29 21:28:52.819 22582 24135 W Summariser:   active sections: 0
06-29 21:28:52.819 22582 24135 W Summariser:   time: 01.931s
06-29 21:28:52.819 22582 24135 W Summariser:   original duration: 16.07
06-29 21:28:52.819 22582 24135 W Summariser:   summarised duration: -1.00
06-29 21:28:52.819 22582 24135 W Summariser:   noise tolerance: 45.00
06-29 21:28:52.819 22582 24135 W Summariser:   quality: 23
06-29 21:28:52.819 22582 24135 W Summariser:   speed: medium
06-29 21:28:52.819 22582 24135 W Summariser:   freeze duration: 1.00
06-29 21:28:58.080 22582 22582 W NearbyFragment: Completed downloading 20200312_193628!002.mp4 from Endpoint{id=Rz_x, name=Nexus 5X [34d8]} in 05.179s
06-29 21:29:00.077 22582 24165 W Summariser: No activity detected
06-29 21:29:00.134 22582 24165 W Summariser: Summarisation completed
06-29 21:29:00.134 22582 24165 W Summariser:   filename: 20200312_193628!002.mp4
06-29 21:29:00.134 22582 24165 W Summariser:   active sections: 0
06-29 21:29:00.134 22582 24165 W Summariser:   time: 01.903s
06-29 21:29:00.134 22582 24165 W Summariser:   original duration: 16.02
06-29 21:29:00.134 22582 24165 W Summariser:   summarised duration: -1.00
06-29 21:29:00.134 22582 24165 W Summariser:   noise tolerance: 45.00
06-29 21:29:00.134 22582 24165 W Summariser:   quality: 23
06-29 21:29:00.134 22582 24165 W Summariser:   speed: medium
06-29 21:29:00.134 22582 24165 W Summariser:   freeze duration: 1.00
06-29 21:29:22.944 22582 22582 W NearbyFragment: Completed downloading 20200312_193728!000.mp4 from Endpoint{id=Rz_x, name=Nexus 5X [34d8]} in 01.971s
06-29 21:29:24.972 22582 24332 W Summariser: Whole video is active
06-29 21:29:25.473 22582 24332 W Summariser: Summarisation completed
06-29 21:29:25.473 22582 24332 W Summariser:   filename: 20200312_193728!000.mp4
06-29 21:29:25.473 22582 24332 W Summariser:   active sections: -1
06-29 21:29:25.473 22582 24332 W Summariser:   time: 02.337s
06-29 21:29:25.473 22582 24332 W Summariser:   original duration: 16.06
06-29 21:29:25.473 22582 24332 W Summariser:   summarised duration: 16.06
06-29 21:29:25.473 22582 24332 W Summariser:   noise tolerance: 45.00
06-29 21:29:25.473 22582 24332 W Summariser:   quality: 23
06-29 21:29:25.473 22582 24332 W Summariser:   speed: medium
06-29 21:29:25.473 22582 24332 W Summariser:   freeze duration: 1.00
06-29 21:29:25.557 22582 24332 W NearbyFragment: Sending 20200312_193728!000.mp4 to Nexus 5X [34d8]
06-29 21:29:32.315 22582 22582 W NearbyFragment: Completed downloading 20200312_193728!003.mp4 from Endpoint{id=Rz_x, name=Nexus 5X [34d8]} in 06.591s
06-29 21:29:34.012 22582 24366 W Summariser: Whole video is active
06-29 21:29:34.414 22582 24366 W Summariser: Summarisation completed
06-29 21:29:34.414 22582 24366 W Summariser:   filename: 20200312_193728!003.mp4
06-29 21:29:34.414 22582 24366 W Summariser:   active sections: -1
06-29 21:29:34.414 22582 24366 W Summariser:   time: 01.877s
06-29 21:29:34.414 22582 24366 W Summariser:   original duration: 11.98
06-29 21:29:34.414 22582 24366 W Summariser:   summarised duration: 11.98
06-29 21:29:34.414 22582 24366 W Summariser:   noise tolerance: 45.00
06-29 21:29:34.414 22582 24366 W Summariser:   quality: 23
06-29 21:29:34.414 22582 24366 W Summariser:   speed: medium
06-29 21:29:34.414 22582 24366 W Summariser:   freeze duration: 1.00
06-29 21:29:34.474 22582 24366 W NearbyFragment: Sending 20200312_193728!003.mp4 to Nexus 5X [34d8]
06-29 21:30:06.017 22582 22582 W NearbyFragment: Completed downloading 20200312_193828!000.mp4 from Endpoint{id=Rz_x, name=Nexus 5X [34d8]} in 01.723s
06-29 21:30:07.989 22582 24411 W Summariser: 1 active sections found
06-29 21:30:22.018 22582 24411 W Summariser: Summarisation completed
06-29 21:30:22.018 22582 24411 W Summariser:   filename: 20200312_193828!000.mp4
06-29 21:30:22.018 22582 24411 W Summariser:   active sections: 1
06-29 21:30:22.018 22582 24411 W Summariser:   time: 15.843s
06-29 21:30:22.018 22582 24411 W Summariser:   original duration: 16.06
06-29 21:30:22.018 22582 24411 W Summariser:   summarised duration: 14.28
06-29 21:30:22.018 22582 24411 W Summariser:   noise tolerance: 45.00
06-29 21:30:22.018 22582 24411 W Summariser:   quality: 23
06-29 21:30:22.018 22582 24411 W Summariser:   speed: medium
06-29 21:30:22.018 22582 24411 W Summariser:   freeze duration: 1.00
06-29 21:30:22.081 22582 24411 W NearbyFragment: Sending 20200312_193828!000.mp4 to Nexus 5X [34d8]
06-29 21:30:43.643 22582 22582 W NearbyFragment: Completed downloading 20200312_193928!000.mp4 from Endpoint{id=Rz_x, name=Nexus 5X [34d8]} in 01.931s
06-29 21:30:45.644 22582 24485 W Summariser: No activity detected
06-29 21:30:45.653 22582 22594 W System  : A resource failed to call close. 
06-29 21:30:45.655 22582 22594 W System  : A resource failed to call close. 
06-29 21:30:45.691 22582 24485 W Summariser: Summarisation completed
06-29 21:30:45.691 22582 24485 W Summariser:   filename: 20200312_193928!000.mp4
06-29 21:30:45.691 22582 24485 W Summariser:   active sections: 0
06-29 21:30:45.691 22582 24485 W Summariser:   time: 01.904s
06-29 21:30:45.691 22582 24485 W Summariser:   original duration: 16.90
06-29 21:30:45.691 22582 24485 W Summariser:   summarised duration: -1.00
06-29 21:30:45.691 22582 24485 W Summariser:   noise tolerance: 45.00
06-29 21:30:45.691 22582 24485 W Summariser:   quality: 23
06-29 21:30:45.691 22582 24485 W Summariser:   speed: medium
06-29 21:30:45.691 22582 24485 W Summariser:   freeze duration: 1.00
06-29 21:30:54.310 22582 22582 W NearbyFragment: Completed downloading 20200312_193928!002.mp4 from Endpoint{id=Rz_x, name=Nexus 5X [34d8]} in 08.556s
06-29 21:30:56.417 22582 24517 W Summariser: No activity detected
06-29 21:30:56.464 22582 24517 W Summariser: Summarisation completed
06-29 21:30:56.464 22582 24517 W Summariser:   filename: 20200312_193928!002.mp4
06-29 21:30:56.464 22582 24517 W Summariser:   active sections: 0
06-29 21:30:56.464 22582 24517 W Summariser:   time: 01.998s
06-29 21:30:56.464 22582 24517 W Summariser:   original duration: 16.06
06-29 21:30:56.464 22582 24517 W Summariser:   summarised duration: -1.00
06-29 21:30:56.464 22582 24517 W Summariser:   noise tolerance: 45.00
06-29 21:30:56.464 22582 24517 W Summariser:   quality: 23
06-29 21:30:56.464 22582 24517 W Summariser:   speed: medium
06-29 21:30:56.464 22582 24517 W Summariser:   freeze duration: 1.00
06-29 21:31:11.427 22582 22582 W NearbyFragment: Completed downloading 20200312_194129!000.mp4 from Endpoint{id=Rz_x, name=Nexus 5X [34d8]} in 01.738s
06-29 21:31:13.471 22582 24580 W Summariser: No activity detected
06-29 21:31:13.515 22582 24580 W Summariser: Summarisation completed
06-29 21:31:13.515 22582 24580 W Summariser:   filename: 20200312_194129!000.mp4
06-29 21:31:13.515 22582 24580 W Summariser:   active sections: 0
06-29 21:31:13.515 22582 24580 W Summariser:   time: 01.933s
06-29 21:31:13.515 22582 24580 W Summariser:   original duration: 16.07
06-29 21:31:13.515 22582 24580 W Summariser:   summarised duration: -1.00
06-29 21:31:13.515 22582 24580 W Summariser:   noise tolerance: 45.00
06-29 21:31:13.515 22582 24580 W Summariser:   quality: 23
06-29 21:31:13.515 22582 24580 W Summariser:   speed: medium
06-29 21:31:13.515 22582 24580 W Summariser:   freeze duration: 1.00
06-29 21:31:17.468 22582 22582 W NearbyFragment: Completed downloading 20200312_194129!002.mp4 from Endpoint{id=Rz_x, name=Nexus 5X [34d8]} in 03.713s
06-29 21:31:19.527 22582 24612 W Summariser: 1 active sections found
06-29 21:31:26.694 22582 24612 W Summariser: Summarisation completed
06-29 21:31:26.694 22582 24612 W Summariser:   filename: 20200312_194129!002.mp4
06-29 21:31:26.694 22582 24612 W Summariser:   active sections: 1
06-29 21:31:26.694 22582 24612 W Summariser:   time: 09.042s
06-29 21:31:26.694 22582 24612 W Summariser:   original duration: 16.01
06-29 21:31:26.694 22582 24612 W Summariser:   summarised duration: 7.37
06-29 21:31:26.694 22582 24612 W Summariser:   noise tolerance: 45.00
06-29 21:31:26.694 22582 24612 W Summariser:   quality: 23
06-29 21:31:26.694 22582 24612 W Summariser:   speed: medium
06-29 21:31:26.694 22582 24612 W Summariser:   freeze duration: 1.00
06-29 21:31:26.785 22582 24612 W NearbyFragment: Sending 20200312_194129!002.mp4 to Nexus 5X [34d8]
06-29 21:31:38.827 22582 22582 W NearbyFragment: Completed downloading 20200312_194229!000.mp4 from Endpoint{id=Rz_x, name=Nexus 5X [34d8]} in 01.856s
06-29 21:31:40.944 22582 24686 W Summariser: 1 active sections found
06-29 21:31:47.562 22582 24686 W Summariser: Summarisation completed
06-29 21:31:47.562 22582 24686 W Summariser:   filename: 20200312_194229!000.mp4
06-29 21:31:47.562 22582 24686 W Summariser:   active sections: 1
06-29 21:31:47.562 22582 24686 W Summariser:   time: 08.552s
06-29 21:31:47.562 22582 24686 W Summariser:   original duration: 16.06
06-29 21:31:47.562 22582 24686 W Summariser:   summarised duration: 5.62
06-29 21:31:47.562 22582 24686 W Summariser:   noise tolerance: 45.00
06-29 21:31:47.562 22582 24686 W Summariser:   quality: 23
06-29 21:31:47.562 22582 24686 W Summariser:   speed: medium
06-29 21:31:47.562 22582 24686 W Summariser:   freeze duration: 1.00
06-29 21:31:47.630 22582 24686 W NearbyFragment: Sending 20200312_194229!000.mp4 to Nexus 5X [34d8]
06-29 21:31:51.361 22582 22582 W NearbyFragment: Completed downloading 20200312_194229!003.mp4 from Endpoint{id=Rz_x, name=Nexus 5X [34d8]} in 03.657s
06-29 21:31:52.918 22582 24753 W Summariser: No activity detected
06-29 21:31:52.942 22582 24753 W Summariser: Summarisation completed
06-29 21:31:52.942 22582 24753 W Summariser:   filename: 20200312_194229!003.mp4
06-29 21:31:52.942 22582 24753 W Summariser:   active sections: 0
06-29 21:31:52.942 22582 24753 W Summariser:   time: 01.471s
06-29 21:31:52.942 22582 24753 W Summariser:   original duration: 11.98
06-29 21:31:52.942 22582 24753 W Summariser:   summarised duration: -1.00
06-29 21:31:52.942 22582 24753 W Summariser:   noise tolerance: 45.00
06-29 21:31:52.942 22582 24753 W Summariser:   quality: 23
06-29 21:31:52.942 22582 24753 W Summariser:   speed: medium
06-29 21:31:52.942 22582 24753 W Summariser:   freeze duration: 1.00
06-29 21:32:08.896 22582 22582 W NearbyFragment: Completed downloading 20200312_194330!000.mp4 from Endpoint{id=Rz_x, name=Nexus 5X [34d8]} in 03.215s
06-29 21:32:10.842 22582 24784 W Summariser: No activity detected
06-29 21:32:10.887 22582 24784 W Summariser: Summarisation completed
06-29 21:32:10.887 22582 24784 W Summariser:   filename: 20200312_194330!000.mp4
06-29 21:32:10.887 22582 24784 W Summariser:   active sections: 0
06-29 21:32:10.887 22582 24784 W Summariser:   time: 01.849s
06-29 21:32:10.887 22582 24784 W Summariser:   original duration: 16.07
06-29 21:32:10.887 22582 24784 W Summariser:   summarised duration: -1.00
06-29 21:32:10.887 22582 24784 W Summariser:   noise tolerance: 45.00
06-29 21:32:10.887 22582 24784 W Summariser:   quality: 23
06-29 21:32:10.887 22582 24784 W Summariser:   speed: medium
06-29 21:32:10.887 22582 24784 W Summariser:   freeze duration: 1.00
06-29 21:32:17.758 22582 22582 W NearbyFragment: Completed downloading 20200312_194330!002.mp4 from Endpoint{id=Rz_x, name=Nexus 5X [34d8]} in 06.804s
06-29 21:32:19.424 22582 22582 W NearbyFragment: Completed downloading 20200312_194330!003.mp4 from Endpoint{id=Rz_x, name=Nexus 5X [34d8]} in 02.963s
06-29 21:32:19.975 22582 24815 W Summariser: No activity detected
06-29 21:32:20.033 22582 24815 W Summariser: Summarisation completed
06-29 21:32:20.033 22582 24815 W Summariser:   filename: 20200312_194330!002.mp4
06-29 21:32:20.033 22582 24815 W Summariser:   active sections: 0
06-29 21:32:20.033 22582 24815 W Summariser:   time: 02.115s
06-29 21:32:20.033 22582 24815 W Summariser:   original duration: 16.01
06-29 21:32:20.033 22582 24815 W Summariser:   summarised duration: -1.00
06-29 21:32:20.033 22582 24815 W Summariser:   noise tolerance: 45.00
06-29 21:32:20.033 22582 24815 W Summariser:   quality: 23
06-29 21:32:20.033 22582 24815 W Summariser:   speed: medium
06-29 21:32:20.033 22582 24815 W Summariser:   freeze duration: 1.00
06-29 21:32:20.035 22582 22594 W System  : A resource failed to call close. 
06-29 21:32:20.037 22582 22594 W System  : A resource failed to call close. 
06-29 21:32:21.403 22582 24815 W Summariser: No activity detected
06-29 21:32:21.449 22582 24815 W Summariser: Summarisation completed
06-29 21:32:21.449 22582 24815 W Summariser:   filename: 20200312_194330!003.mp4
06-29 21:32:21.449 22582 24815 W Summariser:   active sections: 0
06-29 21:32:21.449 22582 24815 W Summariser:   time: 01.342s
06-29 21:32:21.449 22582 24815 W Summariser:   original duration: 12.01
06-29 21:32:21.449 22582 24815 W Summariser:   summarised duration: -1.00
06-29 21:32:21.449 22582 24815 W Summariser:   noise tolerance: 45.00
06-29 21:32:21.449 22582 24815 W Summariser:   quality: 23
06-29 21:32:21.449 22582 24815 W Summariser:   speed: medium
06-29 21:32:21.449 22582 24815 W Summariser:   freeze duration: 1.00
06-29 21:32:35.455 22582 22582 W NearbyFragment: Completed downloading 20200312_194730!000.mp4 from Endpoint{id=Rz_x, name=Nexus 5X [34d8]} in 01.770s
06-29 21:32:37.576 22582 24875 W Summariser: No activity detected
06-29 21:32:37.600 22582 24875 W Summariser: Summarisation completed
06-29 21:32:37.600 22582 24875 W Summariser:   filename: 20200312_194730!000.mp4
06-29 21:32:37.600 22582 24875 W Summariser:   active sections: 0
06-29 21:32:37.600 22582 24875 W Summariser:   time: 02.022s
06-29 21:32:37.600 22582 24875 W Summariser:   original duration: 16.07
06-29 21:32:37.600 22582 24875 W Summariser:   summarised duration: -1.00
06-29 21:32:37.600 22582 24875 W Summariser:   noise tolerance: 45.00
06-29 21:32:37.600 22582 24875 W Summariser:   quality: 23
06-29 21:32:37.600 22582 24875 W Summariser:   speed: medium
06-29 21:32:37.600 22582 24875 W Summariser:   freeze duration: 1.00
06-29 21:32:43.297 22582 22582 W NearbyFragment: Completed downloading 20200312_194730!002.mp4 from Endpoint{id=Rz_x, name=Nexus 5X [34d8]} in 05.580s
06-29 21:32:45.450 22582 24907 W Summariser: No activity detected
06-29 21:32:45.505 22582 24907 W Summariser: Summarisation completed
06-29 21:32:45.505 22582 24907 W Summariser:   filename: 20200312_194730!002.mp4
06-29 21:32:45.505 22582 24907 W Summariser:   active sections: 0
06-29 21:32:45.505 22582 24907 W Summariser:   time: 02.024s
06-29 21:32:45.505 22582 24907 W Summariser:   original duration: 16.01
06-29 21:32:45.505 22582 24907 W Summariser:   summarised duration: -1.00
06-29 21:32:45.505 22582 24907 W Summariser:   noise tolerance: 45.00
06-29 21:32:45.505 22582 24907 W Summariser:   quality: 23
06-29 21:32:45.505 22582 24907 W Summariser:   speed: medium
06-29 21:32:45.505 22582 24907 W Summariser:   freeze duration: 1.00
06-29 21:33:04.966 22582 22582 W NearbyFragment: Completed downloading 20200312_194830!000.mp4 from Endpoint{id=Rz_x, name=Nexus 5X [34d8]} in 01.881s
06-29 21:33:07.017 22582 24941 W Summariser: 1 active sections found
06-29 21:33:12.182 22582 24941 W Summariser: Summarisation completed
06-29 21:33:12.182 22582 24941 W Summariser:   filename: 20200312_194830!000.mp4
06-29 21:33:12.182 22582 24941 W Summariser:   active sections: 1
06-29 21:33:12.182 22582 24941 W Summariser:   time: 07.041s
06-29 21:33:12.182 22582 24941 W Summariser:   original duration: 16.06
06-29 21:33:12.182 22582 24941 W Summariser:   summarised duration: 3.97
06-29 21:33:12.182 22582 24941 W Summariser:   noise tolerance: 45.00
06-29 21:33:12.182 22582 24941 W Summariser:   quality: 23
06-29 21:33:12.182 22582 24941 W Summariser:   speed: medium
06-29 21:33:12.182 22582 24941 W Summariser:   freeze duration: 1.00
06-29 21:33:12.242 22582 24941 W NearbyFragment: Sending 20200312_194830!000.mp4 to Nexus 5X [34d8]
06-29 21:33:18.020 22582 22582 W NearbyFragment: Completed downloading 20200312_194830!003.mp4 from Endpoint{id=Rz_x, name=Nexus 5X [34d8]} in 05.715s
06-29 21:33:19.540 22582 25011 W Summariser: No activity detected
06-29 21:33:19.584 22582 25011 W Summariser: Summarisation completed
06-29 21:33:19.584 22582 25011 W Summariser:   filename: 20200312_194830!003.mp4
06-29 21:33:19.584 22582 25011 W Summariser:   active sections: 0
06-29 21:33:19.584 22582 25011 W Summariser:   time: 01.462s
06-29 21:33:19.584 22582 25011 W Summariser:   original duration: 11.98
06-29 21:33:19.584 22582 25011 W Summariser:   summarised duration: -1.00
06-29 21:33:19.584 22582 25011 W Summariser:   noise tolerance: 45.00
06-29 21:33:19.584 22582 25011 W Summariser:   quality: 23
06-29 21:33:19.584 22582 25011 W Summariser:   speed: medium
06-29 21:33:19.584 22582 25011 W Summariser:   freeze duration: 1.00
06-29 21:33:37.098 22582 22582 W NearbyFragment: Completed downloading 20200312_194930!000.mp4 from Endpoint{id=Rz_x, name=Nexus 5X [34d8]} in 02.068s
06-29 21:33:39.218 22582 22582 W NearbyFragment: Completed downloading 20200312_194930!001.mp4 from Endpoint{id=Rz_x, name=Nexus 5X [34d8]} in 02.018s
06-29 21:33:39.559 22582 25046 W Summariser: 1 active sections found
06-29 21:33:41.613 22582 22582 W NearbyFragment: Completed downloading 20200312_194930!002.mp4 from Endpoint{id=Rz_x, name=Nexus 5X [34d8]} in 02.295s
06-29 21:33:49.260 22582 25046 W Summariser: Summarisation completed
06-29 21:33:49.260 22582 25046 W Summariser:   filename: 20200312_194930!000.mp4
06-29 21:33:49.260 22582 25046 W Summariser:   active sections: 1
06-29 21:33:49.260 22582 25046 W Summariser:   time: 11.979s
06-29 21:33:49.260 22582 25046 W Summariser:   original duration: 16.07
06-29 21:33:49.260 22582 25046 W Summariser:   summarised duration: 9.36
06-29 21:33:49.260 22582 25046 W Summariser:   noise tolerance: 45.00
06-29 21:33:49.260 22582 25046 W Summariser:   quality: 23
06-29 21:33:49.260 22582 25046 W Summariser:   speed: medium
06-29 21:33:49.260 22582 25046 W Summariser:   freeze duration: 1.00
06-29 21:33:49.321 22582 25046 W NearbyFragment: Sending 20200312_194930!000.mp4 to Nexus 5X [34d8]
06-29 21:33:51.315 22582 25046 W Summariser: 1 active sections found
06-29 21:33:53.511 22582 25046 W Summariser: Summarisation completed
06-29 21:33:53.511 22582 25046 W Summariser:   filename: 20200312_194930!001.mp4
06-29 21:33:53.511 22582 25046 W Summariser:   active sections: 1
06-29 21:33:53.511 22582 25046 W Summariser:   time: 04.067s
06-29 21:33:53.511 22582 25046 W Summariser:   original duration: 16.01
06-29 21:33:53.511 22582 25046 W Summariser:   summarised duration: 2.02
06-29 21:33:53.511 22582 25046 W Summariser:   noise tolerance: 45.00
06-29 21:33:53.511 22582 25046 W Summariser:   quality: 23
06-29 21:33:53.511 22582 25046 W Summariser:   speed: medium
06-29 21:33:53.511 22582 25046 W Summariser:   freeze duration: 1.00
06-29 21:33:53.602 22582 25046 W NearbyFragment: Sending 20200312_194930!001.mp4 to Nexus 5X [34d8]
06-29 21:33:55.591 22582 25046 W Summariser: No activity detected
06-29 21:33:55.646 22582 25046 W Summariser: Summarisation completed
06-29 21:33:55.646 22582 25046 W Summariser:   filename: 20200312_194930!002.mp4
06-29 21:33:55.646 22582 25046 W Summariser:   active sections: 0
06-29 21:33:55.646 22582 25046 W Summariser:   time: 01.963s
06-29 21:33:55.646 22582 25046 W Summariser:   original duration: 16.01
06-29 21:33:55.646 22582 25046 W Summariser:   summarised duration: -1.00
06-29 21:33:55.646 22582 25046 W Summariser:   noise tolerance: 45.00
06-29 21:33:55.646 22582 25046 W Summariser:   quality: 23
06-29 21:33:55.646 22582 25046 W Summariser:   speed: medium
06-29 21:33:55.646 22582 25046 W Summariser:   freeze duration: 1.00
06-29 21:34:01.372 22582 22594 W System  : A resource failed to call close. 
06-29 21:34:01.375 22582 22594 W System  : A resource failed to call close. 
06-29 21:34:01.377 22582 22594 W System  : A resource failed to call close. 
06-29 21:34:01.378 22582 22594 W System  : A resource failed to call close. 
06-29 21:34:01.378 22582 22594 W System  : A resource failed to call close. 
06-29 21:34:01.379 22582 22594 W System  : A resource failed to call close. 
06-29 21:34:01.383 22582 22594 W System  : A resource failed to call close. 
06-29 21:34:01.388 22582 22594 W System  : A resource failed to call close. 
06-29 21:34:01.388 22582 22594 W System  : A resource failed to call close. 
06-29 21:34:01.392 22582 22594 W System  : A resource failed to call close. 
06-29 21:34:01.392 22582 22594 W System  : A resource failed to call close. 
06-29 21:34:01.397 22582 22594 W System  : A resource failed to call close. 
06-29 21:34:02.800 22582 22582 W NearbyFragment: Completed downloading 20200312_195230!000.mp4 from Endpoint{id=Rz_x, name=Nexus 5X [34d8]} in 01.926s
06-29 21:34:04.840 22582 25203 W Summariser: No activity detected
06-29 21:34:04.885 22582 25203 W Summariser: Summarisation completed
06-29 21:34:04.885 22582 25203 W Summariser:   filename: 20200312_195230!000.mp4
06-29 21:34:04.885 22582 25203 W Summariser:   active sections: 0
06-29 21:34:04.885 22582 25203 W Summariser:   time: 01.927s
06-29 21:34:04.885 22582 25203 W Summariser:   original duration: 16.07
06-29 21:34:04.885 22582 25203 W Summariser:   summarised duration: -1.00
06-29 21:34:04.885 22582 25203 W Summariser:   noise tolerance: 45.00
06-29 21:34:04.885 22582 25203 W Summariser:   quality: 23
06-29 21:34:04.885 22582 25203 W Summariser:   speed: medium
06-29 21:34:04.885 22582 25203 W Summariser:   freeze duration: 1.00
06-29 21:34:09.185 22582 22582 W NearbyFragment: Completed downloading 20200312_195230!002.mp4 from Endpoint{id=Rz_x, name=Nexus 5X [34d8]} in 03.979s
06-29 21:34:10.815 22582 22582 W NearbyFragment: Completed downloading 20200312_195230!003.mp4 from Endpoint{id=Rz_x, name=Nexus 5X [34d8]} in 02.926s
06-29 21:34:11.332 22582 25236 W Summariser: No activity detected
06-29 21:34:11.387 22582 25236 W Summariser: Summarisation completed
06-29 21:34:11.387 22582 25236 W Summariser:   filename: 20200312_195230!002.mp4
06-29 21:34:11.387 22582 25236 W Summariser:   active sections: 0
06-29 21:34:11.387 22582 25236 W Summariser:   time: 02.047s
06-29 21:34:11.387 22582 25236 W Summariser:   original duration: 16.01
06-29 21:34:11.387 22582 25236 W Summariser:   summarised duration: -1.00
06-29 21:34:11.387 22582 25236 W Summariser:   noise tolerance: 45.00
06-29 21:34:11.387 22582 25236 W Summariser:   quality: 23
06-29 21:34:11.387 22582 25236 W Summariser:   speed: medium
06-29 21:34:11.387 22582 25236 W Summariser:   freeze duration: 1.00
06-29 21:34:12.768 22582 25236 W Summariser: No activity detected
06-29 21:34:12.813 22582 25236 W Summariser: Summarisation completed
06-29 21:34:12.813 22582 25236 W Summariser:   filename: 20200312_195230!003.mp4
06-29 21:34:12.813 22582 25236 W Summariser:   active sections: 0
06-29 21:34:12.813 22582 25236 W Summariser:   time: 01.367s
06-29 21:34:12.813 22582 25236 W Summariser:   original duration: 12.01
06-29 21:34:12.813 22582 25236 W Summariser:   summarised duration: -1.00
06-29 21:34:12.813 22582 25236 W Summariser:   noise tolerance: 45.00
06-29 21:34:12.813 22582 25236 W Summariser:   quality: 23
06-29 21:34:12.813 22582 25236 W Summariser:   speed: medium
06-29 21:34:12.813 22582 25236 W Summariser:   freeze duration: 1.00
06-29 21:34:28.380 22582 22582 W NearbyFragment: Completed downloading 20200312_195330!000.mp4 from Endpoint{id=Rz_x, name=Nexus 5X [34d8]} in 02.144s
06-29 21:34:30.754 22582 25299 W Summariser: 1 active sections found
06-29 21:34:30.767 22582 22582 W NearbyFragment: Completed downloading 20200312_195330!001.mp4 from Endpoint{id=Rz_x, name=Nexus 5X [34d8]} in 02.315s
06-29 21:34:33.444 22582 25299 W Summariser: Summarisation completed
06-29 21:34:33.444 22582 25299 W Summariser:   filename: 20200312_195330!000.mp4
06-29 21:34:33.444 22582 25299 W Summariser:   active sections: 1
06-29 21:34:33.444 22582 25299 W Summariser:   time: 04.921s
06-29 21:34:33.444 22582 25299 W Summariser:   original duration: 16.07
06-29 21:34:33.444 22582 25299 W Summariser:   summarised duration: 1.11
06-29 21:34:33.444 22582 25299 W Summariser:   noise tolerance: 45.00
06-29 21:34:33.444 22582 25299 W Summariser:   quality: 23
06-29 21:34:33.444 22582 25299 W Summariser:   speed: medium
06-29 21:34:33.444 22582 25299 W Summariser:   freeze duration: 1.00
06-29 21:34:33.512 22582 25299 W NearbyFragment: Sending 20200312_195330!000.mp4 to Nexus 5X [34d8]
06-29 21:34:35.468 22582 25299 W Summariser: 2 active sections found
06-29 21:34:37.441 22582 22582 W NearbyFragment: Completed downloading 20200312_195330!003.mp4 from Endpoint{id=Rz_x, name=Nexus 5X [34d8]} in 06.624s
06-29 21:34:46.358 22582 25299 W Summariser: Summarisation completed
06-29 21:34:46.358 22582 25299 W Summariser:   filename: 20200312_195330!001.mp4
06-29 21:34:46.358 22582 25299 W Summariser:   active sections: 2
06-29 21:34:46.358 22582 25299 W Summariser:   time: 12.733s
06-29 21:34:46.358 22582 25299 W Summariser:   original duration: 16.02
06-29 21:34:46.358 22582 25299 W Summariser:   summarised duration: 10.91
06-29 21:34:46.358 22582 25299 W Summariser:   noise tolerance: 45.00
06-29 21:34:46.358 22582 25299 W Summariser:   quality: 23
06-29 21:34:46.358 22582 25299 W Summariser:   speed: medium
06-29 21:34:46.358 22582 25299 W Summariser:   freeze duration: 1.00
06-29 21:34:46.437 22582 25299 W NearbyFragment: Sending 20200312_195330!001.mp4 to Nexus 5X [34d8]
06-29 21:34:47.992 22582 25299 W Summariser: 1 active sections found
06-29 21:34:51.897 22582 25299 W Summariser: Summarisation completed
06-29 21:34:51.897 22582 25299 W Summariser:   filename: 20200312_195330!003.mp4
06-29 21:34:51.897 22582 25299 W Summariser:   active sections: 1
06-29 21:34:51.897 22582 25299 W Summariser:   time: 05.357s
06-29 21:34:51.897 22582 25299 W Summariser:   original duration: 12.03
06-29 21:34:51.897 22582 25299 W Summariser:   summarised duration: 3.53
06-29 21:34:51.897 22582 25299 W Summariser:   noise tolerance: 45.00
06-29 21:34:51.897 22582 25299 W Summariser:   quality: 23
06-29 21:34:51.897 22582 25299 W Summariser:   speed: medium
06-29 21:34:51.897 22582 25299 W Summariser:   freeze duration: 1.00
06-29 21:34:52.013 22582 25299 W NearbyFragment: Sending 20200312_195330!003.mp4 to Nexus 5X [34d8]
06-29 21:34:58.866 22582 22582 W NearbyFragment: Completed downloading 20200312_195430!001.mp4 from Endpoint{id=Rz_x, name=Nexus 5X [34d8]} in 06.518s
06-29 21:35:00.812 22582 22582 W NearbyFragment: Completed downloading 20200312_195430!002.mp4 from Endpoint{id=Rz_x, name=Nexus 5X [34d8]} in 02.789s
06-29 21:35:01.218 22582 25493 W Summariser: 2 active sections found
06-29 21:35:01.235 22582 22594 W System  : A resource failed to call close. 
06-29 21:35:01.237 22582 22594 W System  : A resource failed to call close. 
06-29 21:35:02.554 22582 22582 W NearbyFragment: Completed downloading 20200312_195430!003.mp4 from Endpoint{id=Rz_x, name=Nexus 5X [34d8]} in 03.480s
06-29 21:35:07.308 22582 25493 W Summariser: Summarisation completed
06-29 21:35:07.308 22582 25493 W Summariser:   filename: 20200312_195430!001.mp4
06-29 21:35:07.308 22582 25493 W Summariser:   active sections: 2
06-29 21:35:07.308 22582 25493 W Summariser:   time: 08.271s
06-29 21:35:07.308 22582 25493 W Summariser:   original duration: 16.01
06-29 21:35:07.308 22582 25493 W Summariser:   summarised duration: 5.90
06-29 21:35:07.308 22582 25493 W Summariser:   noise tolerance: 45.00
06-29 21:35:07.308 22582 25493 W Summariser:   quality: 23
06-29 21:35:07.308 22582 25493 W Summariser:   speed: medium
06-29 21:35:07.308 22582 25493 W Summariser:   freeze duration: 1.00
06-29 21:35:07.381 22582 25493 W NearbyFragment: Sending 20200312_195430!001.mp4 to Nexus 5X [34d8]
06-29 21:35:09.369 22582 25493 W Summariser: 2 active sections found
06-29 21:35:15.259 22582 25493 W Summariser: Summarisation completed
06-29 21:35:15.259 22582 25493 W Summariser:   filename: 20200312_195430!002.mp4
06-29 21:35:15.259 22582 25493 W Summariser:   active sections: 2
06-29 21:35:15.259 22582 25493 W Summariser:   time: 07.752s
06-29 21:35:15.259 22582 25493 W Summariser:   original duration: 16.01
06-29 21:35:15.259 22582 25493 W Summariser:   summarised duration: 6.17
06-29 21:35:15.259 22582 25493 W Summariser:   noise tolerance: 45.00
06-29 21:35:15.259 22582 25493 W Summariser:   quality: 23
06-29 21:35:15.259 22582 25493 W Summariser:   speed: medium
06-29 21:35:15.259 22582 25493 W Summariser:   freeze duration: 1.00
06-29 21:35:15.341 22582 25493 W NearbyFragment: Sending 20200312_195430!002.mp4 to Nexus 5X [34d8]
06-29 21:35:16.863 22582 25493 W Summariser: 1 active sections found
06-29 21:35:21.131 22582 25493 W Summariser: Summarisation completed
06-29 21:35:21.131 22582 25493 W Summariser:   filename: 20200312_195430!003.mp4
06-29 21:35:21.131 22582 25493 W Summariser:   active sections: 1
06-29 21:35:21.131 22582 25493 W Summariser:   time: 05.681s
06-29 21:35:21.131 22582 25493 W Summariser:   original duration: 11.98
06-29 21:35:21.131 22582 25493 W Summariser:   summarised duration: 4.54
06-29 21:35:21.131 22582 25493 W Summariser:   noise tolerance: 45.00
06-29 21:35:21.131 22582 25493 W Summariser:   quality: 23
06-29 21:35:21.131 22582 25493 W Summariser:   speed: medium
06-29 21:35:21.131 22582 25493 W Summariser:   freeze duration: 1.00
06-29 21:35:21.219 22582 25493 W NearbyFragment: Sending 20200312_195430!003.mp4 to Nexus 5X [34d8]
06-29 21:38:04.366 22582 22625 W libEGL  : EGLNativeWindowType 0x708d9f9010 disconnect failed
