--------- beginning of main
--------- beginning of system
06-30 03:34:42.246  8461  8461 W LogFactory: Truncating log tag length as it exceed 23, the limit imposed by Android on certain API Levels
06-30 03:36:21.709  8461  8461 E TransferService: No notification is passed in the intent. Unable to transition to foreground.
06-30 03:37:59.489  8461  8461 W NearbyFragment: Completed downloading 20200312_150643!002.mp4 from Endpoint{id=jfM6, name=Nexus 5X [34d8]} in 09.939s
06-30 03:38:02.417  8461  8889 W Summariser: No activity detected
06-30 03:38:02.502  8461  8889 W Summariser: Summarisation completed
06-30 03:38:02.502  8461  8889 W Summariser:   filename: 20200312_150643!002.mp4
06-30 03:38:02.502  8461  8889 W Summariser:   active sections: 0
06-30 03:38:02.502  8461  8889 W Summariser:   time: 02.853s
06-30 03:38:02.502  8461  8889 W Summariser:   original duration: 16.01
06-30 03:38:02.502  8461  8889 W Summariser:   summarised duration: -1.00
06-30 03:38:02.502  8461  8889 W Summariser:   noise tolerance: 45.00
06-30 03:38:02.502  8461  8889 W Summariser:   quality: 23
06-30 03:38:02.502  8461  8889 W Summariser:   speed: medium
06-30 03:38:02.502  8461  8889 W Summariser:   freeze duration: 1.00
06-30 03:38:20.796  8461  8461 W NearbyFragment: Completed downloading 20200312_150744!000.mp4 from Endpoint{id=jfM6, name=Nexus 5X [34d8]} in 05.248s
06-30 03:38:23.614  8461  8915 W Summariser: No activity detected
06-30 03:38:23.675  8461  8915 W Summariser: Summarisation completed
06-30 03:38:23.675  8461  8915 W Summariser:   filename: 20200312_150744!000.mp4
06-30 03:38:23.675  8461  8915 W Summariser:   active sections: 0
06-30 03:38:23.675  8461  8915 W Summariser:   time: 02.774s
06-30 03:38:23.675  8461  8915 W Summariser:   original duration: 16.07
06-30 03:38:23.675  8461  8915 W Summariser:   summarised duration: -1.00
06-30 03:38:23.675  8461  8915 W Summariser:   noise tolerance: 45.00
06-30 03:38:23.675  8461  8915 W Summariser:   quality: 23
06-30 03:38:23.675  8461  8915 W Summariser:   speed: medium
06-30 03:38:23.675  8461  8915 W Summariser:   freeze duration: 1.00
06-30 03:38:57.036  8461  8461 W NearbyFragment: Completed downloading 20200312_150744!003.mp4 from Endpoint{id=jfM6, name=Nexus 5X [34d8]} in 15.061s
06-30 03:38:59.250  8461  8946 W Summariser: 1 active sections found
06-30 03:39:10.052  8461  8946 W Summariser: Summarisation completed
06-30 03:39:10.052  8461  8946 W Summariser:   filename: 20200312_150744!003.mp4
06-30 03:39:10.052  8461  8946 W Summariser:   active sections: 1
06-30 03:39:10.052  8461  8946 W Summariser:   time: 12.836s
06-30 03:39:10.052  8461  8946 W Summariser:   original duration: 12.03
06-30 03:39:10.052  8461  8946 W Summariser:   summarised duration: 4.89
06-30 03:39:10.052  8461  8946 W Summariser:   noise tolerance: 45.00
06-30 03:39:10.052  8461  8946 W Summariser:   quality: 23
06-30 03:39:10.052  8461  8946 W Summariser:   speed: medium
06-30 03:39:10.052  8461  8946 W Summariser:   freeze duration: 1.00
06-30 03:39:10.105  8461  8946 W NearbyFragment: Sending 20200312_150744!003.mp4 to Nexus 5X [34d8]
06-30 03:39:21.469  8461  8461 W NearbyFragment: Completed downloading 20200312_150844!003.mp4 from Endpoint{id=jfM6, name=Nexus 5X [34d8]} in 08.785s
06-30 03:39:23.688  8461  8991 W Summariser: Whole video is active
06-30 03:39:24.257  8461  8991 W Summariser: Summarisation completed
06-30 03:39:24.257  8461  8991 W Summariser:   filename: 20200312_150844!003.mp4
06-30 03:39:24.257  8461  8991 W Summariser:   active sections: -1
06-30 03:39:24.257  8461  8991 W Summariser:   time: 02.612s
06-30 03:39:24.257  8461  8991 W Summariser:   original duration: 11.98
06-30 03:39:24.257  8461  8991 W Summariser:   summarised duration: 11.98
06-30 03:39:24.257  8461  8991 W Summariser:   noise tolerance: 45.00
06-30 03:39:24.257  8461  8991 W Summariser:   quality: 23
06-30 03:39:24.257  8461  8991 W Summariser:   speed: medium
06-30 03:39:24.257  8461  8991 W Summariser:   freeze duration: 1.00
06-30 03:39:24.322  8461  8991 W NearbyFragment: Sending 20200312_150844!003.mp4 to Nexus 5X [34d8]
06-30 03:40:05.686  8461  8461 W NearbyFragment: Completed downloading 20200312_150944!002.mp4 from Endpoint{id=jfM6, name=Nexus 5X [34d8]} in 07.326s
06-30 03:40:08.547  8461  9022 W Summariser: No activity detected
06-30 03:40:08.626  8461  9022 W Summariser: Summarisation completed
06-30 03:40:08.626  8461  9022 W Summariser:   filename: 20200312_150944!002.mp4
06-30 03:40:08.626  8461  9022 W Summariser:   active sections: 0
06-30 03:40:08.626  8461  9022 W Summariser:   time: 02.799s
06-30 03:40:08.626  8461  9022 W Summariser:   original duration: 16.01
06-30 03:40:08.626  8461  9022 W Summariser:   summarised duration: -1.00
06-30 03:40:08.626  8461  9022 W Summariser:   noise tolerance: 45.00
06-30 03:40:08.626  8461  9022 W Summariser:   quality: 23
06-30 03:40:08.626  8461  9022 W Summariser:   speed: medium
06-30 03:40:08.626  8461  9022 W Summariser:   freeze duration: 1.00
06-30 03:40:21.884  8461  8461 W NearbyFragment: Completed downloading 20200312_151044!001.mp4 from Endpoint{id=jfM6, name=Nexus 5X [34d8]} in 07.631s
06-30 03:40:24.862  8461  9044 W Summariser: No activity detected
06-30 03:40:24.943  8461  9044 W Summariser: Summarisation completed
06-30 03:40:24.943  8461  9044 W Summariser:   filename: 20200312_151044!001.mp4
06-30 03:40:24.943  8461  9044 W Summariser:   active sections: 0
06-30 03:40:24.943  8461  9044 W Summariser:   time: 02.926s
06-30 03:40:24.943  8461  9044 W Summariser:   original duration: 16.02
06-30 03:40:24.943  8461  9044 W Summariser:   summarised duration: -1.00
06-30 03:40:24.943  8461  9044 W Summariser:   noise tolerance: 45.00
06-30 03:40:24.943  8461  9044 W Summariser:   quality: 23
06-30 03:40:24.943  8461  9044 W Summariser:   speed: medium
06-30 03:40:24.943  8461  9044 W Summariser:   freeze duration: 1.00
06-30 03:40:49.591  8461  8461 W NearbyFragment: Completed downloading 20200312_193528!000.mp4 from Endpoint{id=jfM6, name=Nexus 5X [34d8]} in 03.058s
06-30 03:40:52.488  8461  9068 W Summariser: No activity detected
06-30 03:40:52.550  8461  9068 W Summariser: Summarisation completed
06-30 03:40:52.550  8461  9068 W Summariser:   filename: 20200312_193528!000.mp4
06-30 03:40:52.550  8461  9068 W Summariser:   active sections: 0
06-30 03:40:52.550  8461  9068 W Summariser:   time: 02.856s
06-30 03:40:52.550  8461  9068 W Summariser:   original duration: 16.06
06-30 03:40:52.550  8461  9068 W Summariser:   summarised duration: -1.00
06-30 03:40:52.550  8461  9068 W Summariser:   noise tolerance: 45.00
06-30 03:40:52.550  8461  9068 W Summariser:   quality: 23
06-30 03:40:52.550  8461  9068 W Summariser:   speed: medium
06-30 03:40:52.550  8461  9068 W Summariser:   freeze duration: 1.00
06-30 03:41:15.297  8461  8461 W NearbyFragment: Completed downloading 20200312_193528!003.mp4 from Endpoint{id=jfM6, name=Nexus 5X [34d8]} in 07.091s
06-30 03:41:17.493  8461  9092 W Summariser: No activity detected
06-30 03:41:17.570  8461  9092 W Summariser: Summarisation completed
06-30 03:41:17.570  8461  9092 W Summariser:   filename: 20200312_193528!003.mp4
06-30 03:41:17.570  8461  9092 W Summariser:   active sections: 0
06-30 03:41:17.570  8461  9092 W Summariser:   time: 02.154s
06-30 03:41:17.570  8461  9092 W Summariser:   original duration: 12.01
06-30 03:41:17.570  8461  9092 W Summariser:   summarised duration: -1.00
06-30 03:41:17.570  8461  9092 W Summariser:   noise tolerance: 45.00
06-30 03:41:17.570  8461  9092 W Summariser:   quality: 23
06-30 03:41:17.570  8461  9092 W Summariser:   speed: medium
06-30 03:41:17.570  8461  9092 W Summariser:   freeze duration: 1.00
06-30 03:41:46.393  8461  8461 W NearbyFragment: Completed downloading 20200312_193628!002.mp4 from Endpoint{id=jfM6, name=Nexus 5X [34d8]} in 06.276s
06-30 03:41:49.281  8461  9115 W Summariser: No activity detected
06-30 03:41:49.358  8461  9115 W Summariser: Summarisation completed
06-30 03:41:49.358  8461  9115 W Summariser:   filename: 20200312_193628!002.mp4
06-30 03:41:49.358  8461  9115 W Summariser:   active sections: 0
06-30 03:41:49.358  8461  9115 W Summariser:   time: 02.827s
06-30 03:41:49.358  8461  9115 W Summariser:   original duration: 16.02
06-30 03:41:49.358  8461  9115 W Summariser:   summarised duration: -1.00
06-30 03:41:49.358  8461  9115 W Summariser:   noise tolerance: 45.00
06-30 03:41:49.358  8461  9115 W Summariser:   quality: 23
06-30 03:41:49.358  8461  9115 W Summariser:   speed: medium
06-30 03:41:49.358  8461  9115 W Summariser:   freeze duration: 1.00
06-30 03:42:11.924  8461  8461 W NearbyFragment: Completed downloading 20200312_193728!001.mp4 from Endpoint{id=jfM6, name=Nexus 5X [34d8]} in 10.576s
06-30 03:42:14.821  8461  9138 W Summariser: Whole video is active
06-30 03:42:15.457  8461  9138 W Summariser: Summarisation completed
06-30 03:42:15.457  8461  9138 W Summariser:   filename: 20200312_193728!001.mp4
06-30 03:42:15.457  8461  9138 W Summariser:   active sections: -1
06-30 03:42:15.457  8461  9138 W Summariser:   time: 03.331s
06-30 03:42:15.457  8461  9138 W Summariser:   original duration: 16.01
06-30 03:42:15.457  8461  9138 W Summariser:   summarised duration: 16.01
06-30 03:42:15.457  8461  9138 W Summariser:   noise tolerance: 45.00
06-30 03:42:15.457  8461  9138 W Summariser:   quality: 23
06-30 03:42:15.457  8461  9138 W Summariser:   speed: medium
06-30 03:42:15.457  8461  9138 W Summariser:   freeze duration: 1.00
06-30 03:42:15.491  8461  9138 W NearbyFragment: Sending 20200312_193728!001.mp4 to Nexus 5X [34d8]
06-30 03:42:53.720  8461  8461 W NearbyFragment: Completed downloading 20200312_193828!000.mp4 from Endpoint{id=jfM6, name=Nexus 5X [34d8]} in 04.766s
06-30 03:42:56.732  8461  9167 W Summariser: 1 active sections found
06-30 03:43:28.291  8461  9167 W Summariser: Summarisation completed
06-30 03:43:28.291  8461  9167 W Summariser:   filename: 20200312_193828!000.mp4
06-30 03:43:28.291  8461  9167 W Summariser:   active sections: 1
06-30 03:43:28.291  8461  9167 W Summariser:   time: 34.395s
06-30 03:43:28.291  8461  9167 W Summariser:   original duration: 16.06
06-30 03:43:28.291  8461  9167 W Summariser:   summarised duration: 14.28
06-30 03:43:28.291  8461  9167 W Summariser:   noise tolerance: 45.00
06-30 03:43:28.291  8461  9167 W Summariser:   quality: 23
06-30 03:43:28.291  8461  9167 W Summariser:   speed: medium
06-30 03:43:28.291  8461  9167 W Summariser:   freeze duration: 1.00
06-30 03:43:28.334  8461  9167 W NearbyFragment: Sending 20200312_193828!000.mp4 to Nexus 5X [34d8]
06-30 03:43:46.848  8461  8461 W NearbyFragment: Completed downloading 20200312_193928!000.mp4 from Endpoint{id=jfM6, name=Nexus 5X [34d8]} in 07.958s
06-30 03:43:49.879  8461  9223 W Summariser: No activity detected
06-30 03:43:49.943  8461  9223 W Summariser: Summarisation completed
06-30 03:43:49.943  8461  9223 W Summariser:   filename: 20200312_193928!000.mp4
06-30 03:43:49.943  8461  9223 W Summariser:   active sections: 0
06-30 03:43:49.943  8461  9223 W Summariser:   time: 02.980s
06-30 03:43:49.943  8461  9223 W Summariser:   original duration: 16.90
06-30 03:43:49.943  8461  9223 W Summariser:   summarised duration: -1.00
06-30 03:43:49.943  8461  9223 W Summariser:   noise tolerance: 45.00
06-30 03:43:49.943  8461  9223 W Summariser:   quality: 23
06-30 03:43:49.943  8461  9223 W Summariser:   speed: medium
06-30 03:43:49.943  8461  9223 W Summariser:   freeze duration: 1.00
06-30 03:44:02.713  8461  8461 W NearbyFragment: Completed downloading 20200312_193928!003.mp4 from Endpoint{id=jfM6, name=Nexus 5X [34d8]} in 06.176s
06-30 03:44:05.096  8461  9249 W Summariser: No activity detected
06-30 03:44:05.171  8461  9249 W Summariser: Summarisation completed
06-30 03:44:05.171  8461  9249 W Summariser:   filename: 20200312_193928!003.mp4
06-30 03:44:05.171  8461  9249 W Summariser:   active sections: 0
06-30 03:44:05.171  8461  9249 W Summariser:   time: 02.317s
06-30 03:44:05.171  8461  9249 W Summariser:   original duration: 12.01
06-30 03:44:05.171  8461  9249 W Summariser:   summarised duration: -1.00
06-30 03:44:05.171  8461  9249 W Summariser:   noise tolerance: 45.00
06-30 03:44:05.171  8461  9249 W Summariser:   quality: 23
06-30 03:44:05.171  8461  9249 W Summariser:   speed: medium
06-30 03:44:05.171  8461  9249 W Summariser:   freeze duration: 1.00
06-30 03:44:20.598  8461  8461 W NearbyFragment: Completed downloading 20200312_194129!002.mp4 from Endpoint{id=jfM6, name=Nexus 5X [34d8]} in 09.302s
06-30 03:44:23.779  8461  9270 W Summariser: 1 active sections found
06-30 03:44:39.453  8461  9270 W Summariser: Summarisation completed
06-30 03:44:39.453  8461  9270 W Summariser:   filename: 20200312_194129!002.mp4
06-30 03:44:39.453  8461  9270 W Summariser:   active sections: 1
06-30 03:44:39.453  8461  9270 W Summariser:   time: 18.648s
06-30 03:44:39.453  8461  9270 W Summariser:   original duration: 16.01
06-30 03:44:39.453  8461  9270 W Summariser:   summarised duration: 7.37
06-30 03:44:39.453  8461  9270 W Summariser:   noise tolerance: 45.00
06-30 03:44:39.453  8461  9270 W Summariser:   quality: 23
06-30 03:44:39.453  8461  9270 W Summariser:   speed: medium
06-30 03:44:39.453  8461  9270 W Summariser:   freeze duration: 1.00
06-30 03:44:39.486  8461  9270 W NearbyFragment: Sending 20200312_194129!002.mp4 to Nexus 5X [34d8]
06-30 03:45:20.177  8461  8461 W NearbyFragment: Completed downloading 20200312_194229!002.mp4 from Endpoint{id=jfM6, name=Nexus 5X [34d8]} in 09.088s
06-30 03:45:23.258  8461  9324 W Summariser: No activity detected
06-30 03:45:23.333  8461  9324 W Summariser: Summarisation completed
06-30 03:45:23.333  8461  9324 W Summariser:   filename: 20200312_194229!002.mp4
06-30 03:45:23.333  8461  9324 W Summariser:   active sections: 0
06-30 03:45:23.333  8461  9324 W Summariser:   time: 03.031s
06-30 03:45:23.333  8461  9324 W Summariser:   original duration: 16.01
06-30 03:45:23.333  8461  9324 W Summariser:   summarised duration: -1.00
06-30 03:45:23.333  8461  9324 W Summariser:   noise tolerance: 45.00
06-30 03:45:23.333  8461  9324 W Summariser:   quality: 23
06-30 03:45:23.333  8461  9324 W Summariser:   speed: medium
06-30 03:45:23.333  8461  9324 W Summariser:   freeze duration: 1.00
06-30 03:45:30.511  8461  8461 W NearbyFragment: Completed downloading 20200312_194330!000.mp4 from Endpoint{id=jfM6, name=Nexus 5X [34d8]} in 05.759s
06-30 03:45:33.740  8461  9348 W Summariser: No activity detected
06-30 03:45:33.799  8461  9348 W Summariser: Summarisation completed
06-30 03:45:33.799  8461  9348 W Summariser:   filename: 20200312_194330!000.mp4
06-30 03:45:33.799  8461  9348 W Summariser:   active sections: 0
06-30 03:45:33.799  8461  9348 W Summariser:   time: 03.186s
06-30 03:45:33.799  8461  9348 W Summariser:   original duration: 16.07
06-30 03:45:33.799  8461  9348 W Summariser:   summarised duration: -1.00
06-30 03:45:33.799  8461  9348 W Summariser:   noise tolerance: 45.00
06-30 03:45:33.799  8461  9348 W Summariser:   quality: 23
06-30 03:45:33.799  8461  9348 W Summariser:   speed: medium
06-30 03:45:33.799  8461  9348 W Summariser:   freeze duration: 1.00
06-30 03:45:45.463  8461  8461 W NearbyFragment: Completed downloading 20200312_194330!003.mp4 from Endpoint{id=jfM6, name=Nexus 5X [34d8]} in 06.804s
06-30 03:45:47.799  8461  9370 W Summariser: No activity detected
06-30 03:45:47.891  8461  9370 W Summariser: Summarisation completed
06-30 03:45:47.891  8461  9370 W Summariser:   filename: 20200312_194330!003.mp4
06-30 03:45:47.891  8461  9370 W Summariser:   active sections: 0
06-30 03:45:47.891  8461  9370 W Summariser:   time: 02.292s
06-30 03:45:47.891  8461  9370 W Summariser:   original duration: 12.01
06-30 03:45:47.891  8461  9370 W Summariser:   summarised duration: -1.00
06-30 03:45:47.891  8461  9370 W Summariser:   noise tolerance: 45.00
06-30 03:45:47.891  8461  9370 W Summariser:   quality: 23
06-30 03:45:47.891  8461  9370 W Summariser:   speed: medium
06-30 03:45:47.891  8461  9370 W Summariser:   freeze duration: 1.00
06-30 03:46:08.882  8461  8461 W NearbyFragment: Completed downloading 20200312_194730!001.mp4 from Endpoint{id=jfM6, name=Nexus 5X [34d8]} in 07.619s
06-30 03:46:12.101  8461  9394 W Summariser: No activity detected
06-30 03:46:12.177  8461  9394 W Summariser: Summarisation completed
06-30 03:46:12.177  8461  9394 W Summariser:   filename: 20200312_194730!001.mp4
06-30 03:46:12.177  8461  9394 W Summariser:   active sections: 0
06-30 03:46:12.177  8461  9394 W Summariser:   time: 02.955s
06-30 03:46:12.177  8461  9394 W Summariser:   original duration: 16.02
06-30 03:46:12.177  8461  9394 W Summariser:   summarised duration: -1.00
06-30 03:46:12.177  8461  9394 W Summariser:   noise tolerance: 45.00
06-30 03:46:12.177  8461  9394 W Summariser:   quality: 23
06-30 03:46:12.177  8461  9394 W Summariser:   speed: medium
06-30 03:46:12.177  8461  9394 W Summariser:   freeze duration: 1.00
06-30 03:46:39.859  8461  8461 W NearbyFragment: Completed downloading 20200312_194830!000.mp4 from Endpoint{id=jfM6, name=Nexus 5X [34d8]} in 06.015s
06-30 03:46:42.851  8461  9415 W Summariser: 1 active sections found
06-30 03:46:53.702  8461  9415 W Summariser: Summarisation completed
06-30 03:46:53.702  8461  9415 W Summariser:   filename: 20200312_194830!000.mp4
06-30 03:46:53.702  8461  9415 W Summariser:   active sections: 1
06-30 03:46:53.702  8461  9415 W Summariser:   time: 13.657s
06-30 03:46:53.702  8461  9415 W Summariser:   original duration: 16.06
06-30 03:46:53.702  8461  9415 W Summariser:   summarised duration: 3.97
06-30 03:46:53.702  8461  9415 W Summariser:   noise tolerance: 45.00
06-30 03:46:53.702  8461  9415 W Summariser:   quality: 23
06-30 03:46:53.702  8461  9415 W Summariser:   speed: medium
06-30 03:46:53.702  8461  9415 W Summariser:   freeze duration: 1.00
06-30 03:46:53.755  8461  9415 W NearbyFragment: Sending 20200312_194830!000.mp4 to Nexus 5X [34d8]
06-30 03:47:24.711  8461  8461 W NearbyFragment: Completed downloading 20200312_194830!003.mp4 from Endpoint{id=jfM6, name=Nexus 5X [34d8]} in 02.463s
06-30 03:47:27.031  8461  9465 W Summariser: No activity detected
06-30 03:47:27.087  8461  9465 W Summariser: Summarisation completed
06-30 03:47:27.087  8461  9465 W Summariser:   filename: 20200312_194830!003.mp4
06-30 03:47:27.087  8461  9465 W Summariser:   active sections: 0
06-30 03:47:27.087  8461  9465 W Summariser:   time: 02.268s
06-30 03:47:27.087  8461  9465 W Summariser:   original duration: 11.98
06-30 03:47:27.087  8461  9465 W Summariser:   summarised duration: -1.00
06-30 03:47:27.087  8461  9465 W Summariser:   noise tolerance: 45.00
06-30 03:47:27.087  8461  9465 W Summariser:   quality: 23
06-30 03:47:27.087  8461  9465 W Summariser:   speed: medium
06-30 03:47:27.087  8461  9465 W Summariser:   freeze duration: 1.00
06-30 03:47:46.386  8461  8461 W NearbyFragment: Completed downloading 20200312_194930!002.mp4 from Endpoint{id=jfM6, name=Nexus 5X [34d8]} in 03.510s
06-30 03:47:49.497  8461  9489 W Summariser: No activity detected
06-30 03:47:49.580  8461  9489 W Summariser: Summarisation completed
06-30 03:47:49.580  8461  9489 W Summariser:   filename: 20200312_194930!002.mp4
06-30 03:47:49.580  8461  9489 W Summariser:   active sections: 0
06-30 03:47:49.580  8461  9489 W Summariser:   time: 03.070s
06-30 03:47:49.580  8461  9489 W Summariser:   original duration: 16.01
06-30 03:47:49.580  8461  9489 W Summariser:   summarised duration: -1.00
06-30 03:47:49.580  8461  9489 W Summariser:   noise tolerance: 45.00
06-30 03:47:49.580  8461  9489 W Summariser:   quality: 23
06-30 03:47:49.580  8461  9489 W Summariser:   speed: medium
06-30 03:47:49.580  8461  9489 W Summariser:   freeze duration: 1.00
06-30 03:47:53.306  8461  8461 W NearbyFragment: Completed downloading 20200312_195230!000.mp4 from Endpoint{id=jfM6, name=Nexus 5X [34d8]} in 03.601s
06-30 03:47:56.852  8461  9515 W Summariser: No activity detected
06-30 03:47:56.914  8461  9515 W Summariser: Summarisation completed
06-30 03:47:56.914  8461  9515 W Summariser:   filename: 20200312_195230!000.mp4
06-30 03:47:56.914  8461  9515 W Summariser:   active sections: 0
06-30 03:47:56.914  8461  9515 W Summariser:   time: 03.493s
06-30 03:47:56.914  8461  9515 W Summariser:   original duration: 16.07
06-30 03:47:56.914  8461  9515 W Summariser:   summarised duration: -1.00
06-30 03:47:56.914  8461  9515 W Summariser:   noise tolerance: 45.00
06-30 03:47:56.914  8461  9515 W Summariser:   quality: 23
06-30 03:47:56.914  8461  9515 W Summariser:   speed: medium
06-30 03:47:56.914  8461  9515 W Summariser:   freeze duration: 1.00
06-30 03:48:00.389  8461  8461 W NearbyFragment: Completed downloading 20200312_195230!002.mp4 from Endpoint{id=jfM6, name=Nexus 5X [34d8]} in 03.334s
06-30 03:48:04.222  8461  9538 W Summariser: No activity detected
06-30 03:48:04.357  8461  9538 W Summariser: Summarisation completed
06-30 03:48:04.357  8461  9538 W Summariser:   filename: 20200312_195230!002.mp4
06-30 03:48:04.357  8461  9538 W Summariser:   active sections: 0
06-30 03:48:04.357  8461  9538 W Summariser:   time: 03.782s
06-30 03:48:04.357  8461  9538 W Summariser:   original duration: 16.01
06-30 03:48:04.357  8461  9538 W Summariser:   summarised duration: -1.00
06-30 03:48:04.357  8461  9538 W Summariser:   noise tolerance: 45.00
06-30 03:48:04.357  8461  9538 W Summariser:   quality: 23
06-30 03:48:04.357  8461  9538 W Summariser:   speed: medium
06-30 03:48:04.357  8461  9538 W Summariser:   freeze duration: 1.00
06-30 03:48:33.772  8461  8461 W NearbyFragment: Completed downloading 20200312_195330!000.mp4 from Endpoint{id=jfM6, name=Nexus 5X [34d8]} in 08.701s
06-30 03:48:36.890  8461  9562 W Summariser: 1 active sections found
06-30 03:48:41.739  8461  9562 W Summariser: Summarisation completed
06-30 03:48:41.739  8461  9562 W Summariser:   filename: 20200312_195330!000.mp4
06-30 03:48:41.739  8461  9562 W Summariser:   active sections: 1
06-30 03:48:41.739  8461  9562 W Summariser:   time: 07.795s
06-30 03:48:41.739  8461  9562 W Summariser:   original duration: 16.07
06-30 03:48:41.739  8461  9562 W Summariser:   summarised duration: 1.11
06-30 03:48:41.739  8461  9562 W Summariser:   noise tolerance: 45.00
06-30 03:48:41.739  8461  9562 W Summariser:   quality: 23
06-30 03:48:41.739  8461  9562 W Summariser:   speed: medium
06-30 03:48:41.739  8461  9562 W Summariser:   freeze duration: 1.00
06-30 03:48:41.770  8461  9562 W NearbyFragment: Sending 20200312_195330!000.mp4 to Nexus 5X [34d8]
06-30 03:48:51.069  8461  8461 W NearbyFragment: Completed downloading 20200312_195330!003.mp4 from Endpoint{id=jfM6, name=Nexus 5X [34d8]} in 02.410s
06-30 03:48:53.660  8461  9610 W Summariser: 1 active sections found
06-30 03:49:01.509  8461  9610 W Summariser: Summarisation completed
06-30 03:49:01.509  8461  9610 W Summariser:   filename: 20200312_195330!003.mp4
06-30 03:49:01.509  8461  9610 W Summariser:   active sections: 1
06-30 03:49:01.509  8461  9610 W Summariser:   time: 10.275s
06-30 03:49:01.509  8461  9610 W Summariser:   original duration: 12.03
06-30 03:49:01.509  8461  9610 W Summariser:   summarised duration: 3.53
06-30 03:49:01.509  8461  9610 W Summariser:   noise tolerance: 45.00
06-30 03:49:01.509  8461  9610 W Summariser:   quality: 23
06-30 03:49:01.509  8461  9610 W Summariser:   speed: medium
06-30 03:49:01.509  8461  9610 W Summariser:   freeze duration: 1.00
06-30 03:49:01.543  8461  9610 W NearbyFragment: Sending 20200312_195330!003.mp4 to Nexus 5X [34d8]
06-30 03:49:08.989  8461  8461 W NearbyFragment: Completed downloading 20200312_195430!001.mp4 from Endpoint{id=jfM6, name=Nexus 5X [34d8]} in 05.855s
06-30 03:49:12.911  8461  9658 W Summariser: 2 active sections found
06-30 03:49:26.874  8461  9658 W Summariser: Summarisation completed
06-30 03:49:26.874  8461  9658 W Summariser:   filename: 20200312_195430!001.mp4
06-30 03:49:26.874  8461  9658 W Summariser:   active sections: 2
06-30 03:49:26.874  8461  9658 W Summariser:   time: 17.662s
06-30 03:49:26.874  8461  9658 W Summariser:   original duration: 16.01
06-30 03:49:26.874  8461  9658 W Summariser:   summarised duration: 5.90
06-30 03:49:26.874  8461  9658 W Summariser:   noise tolerance: 45.00
06-30 03:49:26.874  8461  9658 W Summariser:   quality: 23
06-30 03:49:26.874  8461  9658 W Summariser:   speed: medium
06-30 03:49:26.874  8461  9658 W Summariser:   freeze duration: 1.00
06-30 03:49:26.911  8461  9658 W NearbyFragment: Sending 20200312_195430!001.mp4 to Nexus 5X [34d8]
