--------- beginning of main
--------- beginning of system
07-06 00:48:54.073  1542  1542 W LogFactory: Truncating log tag length as it exceed 23, the limit imposed by Android on certain API Levels
07-06 00:48:57.611  1542  1542 E TransferService: No notification is passed in the intent. Unable to transition to foreground.
07-06 00:48:57.722  1542  1542 W StaticLayout: maxLineHeight should not be -1.  maxLines:1 lineCount:1
07-06 00:48:57.738  1542  1542 W StaticLayout: maxLineHeight should not be -1.  maxLines:1 lineCount:1
07-06 00:48:57.757  1542  1542 W StaticLayout: maxLineHeight should not be -1.  maxLines:1 lineCount:1
07-06 00:48:57.795  1542  1578 W Adreno-EGL: <qeglDrvAPI_eglGetConfigAttrib:607>: EGL_BAD_ATTRIBUTE
07-06 00:48:57.805  1542  1542 W StaticLayout: maxLineHeight should not be -1.  maxLines:1 lineCount:1
07-06 00:48:57.806  1542  1578 W Adreno-EGL: <qeglDrvAPI_eglGetConfigAttrib:607>: EGL_BAD_ATTRIBUTE
07-06 00:48:57.818  1542  1542 W StaticLayout: maxLineHeight should not be -1.  maxLines:1 lineCount:1
07-06 00:49:26.999  1542  1578 W Adreno-EGL: <qeglDrvAPI_eglGetConfigAttrib:607>: EGL_BAD_ATTRIBUTE
07-06 00:49:31.098  1542  1578 W Adreno-EGL: <qeglDrvAPI_eglGetConfigAttrib:607>: EGL_BAD_ATTRIBUTE
07-06 00:51:31.515  1542  1542 W NearbyFragment: Completed downloading 20200312_150643!001.mp4 from Endpoint{id=vMbk, name=Galaxy S8 [2802]} in 05.326s
07-06 00:51:31.882  1542  1826 W mobile-ffmpeg: [graph 0 input from stream 0:0 @ 0xa53a3e80] sws_param option is deprecated and ignored
07-06 00:51:37.772  1542  1825 W Summariser: No activity detected
07-06 00:51:37.873  1542  1825 W Summariser: Summarisation completed
07-06 00:51:37.873  1542  1825 W Summariser:   filename: 20200312_150643!001.mp4
07-06 00:51:37.873  1542  1825 W Summariser:   active sections: 0
07-06 00:51:37.873  1542  1825 W Summariser:   time: 06.098s
07-06 00:51:37.873  1542  1825 W Summariser:   original duration: 16.01
07-06 00:51:37.873  1542  1825 W Summariser:   summarised duration: -1.00
07-06 00:51:37.873  1542  1825 W Summariser:   noise tolerance: 45.00
07-06 00:51:37.873  1542  1825 W Summariser:   quality: 23
07-06 00:51:37.873  1542  1825 W Summariser:   speed: medium
07-06 00:51:37.873  1542  1825 W Summariser:   freeze duration: 1.00
07-06 00:51:58.995  1542  1542 W NearbyFragment: Completed downloading 20200312_150744!001.mp4 from Endpoint{id=vMbk, name=Galaxy S8 [2802]} in 06.120s
07-06 00:51:59.153  1542  1826 W mobile-ffmpeg: [graph 0 input from stream 0:0 @ 0x92553040] sws_param option is deprecated and ignored
07-06 00:52:05.110  1542  1879 W Summariser: No activity detected
07-06 00:52:05.200  1542  1879 W Summariser: Summarisation completed
07-06 00:52:05.200  1542  1879 W Summariser:   filename: 20200312_150744!001.mp4
07-06 00:52:05.200  1542  1879 W Summariser:   active sections: 0
07-06 00:52:05.200  1542  1879 W Summariser:   time: 06.080s
07-06 00:52:05.200  1542  1879 W Summariser:   original duration: 16.02
07-06 00:52:05.200  1542  1879 W Summariser:   summarised duration: -1.00
07-06 00:52:05.200  1542  1879 W Summariser:   noise tolerance: 45.00
07-06 00:52:05.200  1542  1879 W Summariser:   quality: 23
07-06 00:52:05.200  1542  1879 W Summariser:   speed: medium
07-06 00:52:05.200  1542  1879 W Summariser:   freeze duration: 1.00
07-06 00:52:24.007  1542  1542 W NearbyFragment: Completed downloading 20200312_150844!001.mp4 from Endpoint{id=vMbk, name=Galaxy S8 [2802]} in 05.516s
07-06 00:52:24.193  1542  1826 W mobile-ffmpeg: [graph 0 input from stream 0:0 @ 0xa53dc560] sws_param option is deprecated and ignored
07-06 00:52:29.913  1542  1931 W Summariser: Whole video is active
07-06 00:52:31.403  1542  1931 W Summariser: Summarisation completed
07-06 00:52:31.403  1542  1931 W Summariser:   filename: 20200312_150844!001.mp4
07-06 00:52:31.403  1542  1931 W Summariser:   active sections: -1
07-06 00:52:31.403  1542  1931 W Summariser:   time: 07.175s
07-06 00:52:31.403  1542  1931 W Summariser:   original duration: 16.01
07-06 00:52:31.403  1542  1931 W Summariser:   summarised duration: 16.01
07-06 00:52:31.403  1542  1931 W Summariser:   noise tolerance: 45.00
07-06 00:52:31.403  1542  1931 W Summariser:   quality: 23
07-06 00:52:31.403  1542  1931 W Summariser:   speed: medium
07-06 00:52:31.403  1542  1931 W Summariser:   freeze duration: 1.00
07-06 00:52:31.414  1542  1931 W NearbyFragment: Sending 20200312_150844!001.mp4 to Galaxy S8 [2802]
07-06 00:53:10.592  1542  1542 W NearbyFragment: Completed downloading 20200312_150944!001.mp4 from Endpoint{id=vMbk, name=Galaxy S8 [2802]} in 05.647s
07-06 00:53:10.748  1542  1826 W mobile-ffmpeg: [graph 0 input from stream 0:0 @ 0xa53a3d00] sws_param option is deprecated and ignored
07-06 00:53:16.575  1542  2050 W Summariser: No activity detected
07-06 00:53:16.657  1542  2050 W Summariser: Summarisation completed
07-06 00:53:16.657  1542  2050 W Summariser:   filename: 20200312_150944!001.mp4
07-06 00:53:16.657  1542  2050 W Summariser:   active sections: 0
07-06 00:53:16.657  1542  2050 W Summariser:   time: 05.947s
07-06 00:53:16.657  1542  2050 W Summariser:   original duration: 16.01
07-06 00:53:16.657  1542  2050 W Summariser:   summarised duration: -1.00
07-06 00:53:16.657  1542  2050 W Summariser:   noise tolerance: 45.00
07-06 00:53:16.657  1542  2050 W Summariser:   quality: 23
07-06 00:53:16.657  1542  2050 W Summariser:   speed: medium
07-06 00:53:16.657  1542  2050 W Summariser:   freeze duration: 1.00
07-06 00:53:34.800  1542  1542 W NearbyFragment: Completed downloading 20200312_151044!000.mp4 from Endpoint{id=vMbk, name=Galaxy S8 [2802]} in 08.930s
07-06 00:53:34.998  1542  1826 W mobile-ffmpeg: [graph 0 input from stream 0:0 @ 0xa53dd280] sws_param option is deprecated and ignored
07-06 00:53:40.800  1542  2080 W Summariser: No activity detected
07-06 00:53:40.861  1542  2080 W Summariser: Summarisation completed
07-06 00:53:40.861  1542  2080 W Summariser:   filename: 20200312_151044!000.mp4
07-06 00:53:40.861  1542  2080 W Summariser:   active sections: 0
07-06 00:53:40.861  1542  2080 W Summariser:   time: 05.949s
07-06 00:53:40.861  1542  2080 W Summariser:   original duration: 16.07
07-06 00:53:40.861  1542  2080 W Summariser:   summarised duration: -1.00
07-06 00:53:40.861  1542  2080 W Summariser:   noise tolerance: 45.00
07-06 00:53:40.861  1542  2080 W Summariser:   quality: 23
07-06 00:53:40.861  1542  2080 W Summariser:   speed: medium
07-06 00:53:40.861  1542  2080 W Summariser:   freeze duration: 1.00
07-06 00:54:00.277  1542  1542 W NearbyFragment: Completed downloading 20200312_193528!000.mp4 from Endpoint{id=vMbk, name=Galaxy S8 [2802]} in 05.257s
07-06 00:54:00.450  1542  1826 W mobile-ffmpeg: [graph 0 input from stream 0:0 @ 0x925525c0] sws_param option is deprecated and ignored
07-06 00:54:06.314  1542  2136 W Summariser: No activity detected
07-06 00:54:06.378  1542  2136 W Summariser: Summarisation completed
07-06 00:54:06.378  1542  2136 W Summariser:   filename: 20200312_193528!000.mp4
07-06 00:54:06.378  1542  2136 W Summariser:   active sections: 0
07-06 00:54:06.378  1542  2136 W Summariser:   time: 06.009s
07-06 00:54:06.378  1542  2136 W Summariser:   original duration: 16.06
07-06 00:54:06.378  1542  2136 W Summariser:   summarised duration: -1.00
07-06 00:54:06.378  1542  2136 W Summariser:   noise tolerance: 45.00
07-06 00:54:06.378  1542  2136 W Summariser:   quality: 23
07-06 00:54:06.378  1542  2136 W Summariser:   speed: medium
07-06 00:54:06.378  1542  2136 W Summariser:   freeze duration: 1.00
07-06 00:54:26.390  1542  1542 W NearbyFragment: Completed downloading 20200312_193628!000.mp4 from Endpoint{id=vMbk, name=Galaxy S8 [2802]} in 04.848s
07-06 00:54:26.533  1542  1826 W mobile-ffmpeg: [graph 0 input from stream 0:0 @ 0x936399c0] sws_param option is deprecated and ignored
07-06 00:54:32.460  1542  2186 W Summariser: No activity detected
07-06 00:54:32.516  1542  2186 W Summariser: Summarisation completed
07-06 00:54:32.516  1542  2186 W Summariser:   filename: 20200312_193628!000.mp4
07-06 00:54:32.516  1542  2186 W Summariser:   active sections: 0
07-06 00:54:32.516  1542  2186 W Summariser:   time: 06.038s
07-06 00:54:32.516  1542  2186 W Summariser:   original duration: 16.07
07-06 00:54:32.516  1542  2186 W Summariser:   summarised duration: -1.00
07-06 00:54:32.516  1542  2186 W Summariser:   noise tolerance: 45.00
07-06 00:54:32.516  1542  2186 W Summariser:   quality: 23
07-06 00:54:32.516  1542  2186 W Summariser:   speed: medium
07-06 00:54:32.516  1542  2186 W Summariser:   freeze duration: 1.00
07-06 00:54:53.884  1542  1542 W NearbyFragment: Completed downloading 20200312_193728!000.mp4 from Endpoint{id=vMbk, name=Galaxy S8 [2802]} in 05.318s
07-06 00:54:54.037  1542  1826 W mobile-ffmpeg: [graph 0 input from stream 0:0 @ 0x9363bd00] sws_param option is deprecated and ignored
07-06 00:55:00.073  1542  2261 W Summariser: Whole video is active
07-06 00:55:01.300  1542  2261 W Summariser: Summarisation completed
07-06 00:55:01.300  1542  2261 W Summariser:   filename: 20200312_193728!000.mp4
07-06 00:55:01.300  1542  2261 W Summariser:   active sections: -1
07-06 00:55:01.300  1542  2261 W Summariser:   time: 07.268s
07-06 00:55:01.300  1542  2261 W Summariser:   original duration: 16.06
07-06 00:55:01.300  1542  2261 W Summariser:   summarised duration: 16.06
07-06 00:55:01.300  1542  2261 W Summariser:   noise tolerance: 45.00
07-06 00:55:01.300  1542  2261 W Summariser:   quality: 23
07-06 00:55:01.300  1542  2261 W Summariser:   speed: medium
07-06 00:55:01.300  1542  2261 W Summariser:   freeze duration: 1.00
07-06 00:55:01.312  1542  2261 W NearbyFragment: Sending 20200312_193728!000.mp4 to Galaxy S8 [2802]
07-06 00:55:18.353  1542  1542 W NearbyFragment: Completed downloading 20200312_193728!003.mp4 from Endpoint{id=vMbk, name=Galaxy S8 [2802]} in 16.943s
07-06 00:55:18.542  1542  1826 W mobile-ffmpeg: [graph 0 input from stream 0:0 @ 0x9363bd00] sws_param option is deprecated and ignored
07-06 00:55:22.686  1542  2356 W Summariser: Whole video is active
07-06 00:55:23.594  1542  2356 W Summariser: Summarisation completed
07-06 00:55:23.594  1542  2356 W Summariser:   filename: 20200312_193728!003.mp4
07-06 00:55:23.594  1542  2356 W Summariser:   active sections: -1
07-06 00:55:23.594  1542  2356 W Summariser:   time: 05.098s
07-06 00:55:23.594  1542  2356 W Summariser:   original duration: 11.98
07-06 00:55:23.594  1542  2356 W Summariser:   summarised duration: 11.98
07-06 00:55:23.594  1542  2356 W Summariser:   noise tolerance: 45.00
07-06 00:55:23.594  1542  2356 W Summariser:   quality: 23
07-06 00:55:23.594  1542  2356 W Summariser:   speed: medium
07-06 00:55:23.594  1542  2356 W Summariser:   freeze duration: 1.00
07-06 00:55:23.608  1542  2356 W NearbyFragment: Sending 20200312_193728!003.mp4 to Galaxy S8 [2802]
07-06 00:55:51.430  1542  1542 W NearbyFragment: Completed downloading 20200312_193828!001.mp4 from Endpoint{id=vMbk, name=Galaxy S8 [2802]} in 06.727s
07-06 00:55:51.583  1542  1826 W mobile-ffmpeg: [graph 0 input from stream 0:0 @ 0x9363bd00] sws_param option is deprecated and ignored
07-06 00:55:57.349  1542  2465 W Summariser: No activity detected
07-06 00:55:57.423  1542  2465 W Summariser: Summarisation completed
07-06 00:55:57.423  1542  2465 W Summariser:   filename: 20200312_193828!001.mp4
07-06 00:55:57.423  1542  2465 W Summariser:   active sections: 0
07-06 00:55:57.423  1542  2465 W Summariser:   time: 05.895s
07-06 00:55:57.423  1542  2465 W Summariser:   original duration: 16.01
07-06 00:55:57.423  1542  2465 W Summariser:   summarised duration: -1.00
07-06 00:55:57.423  1542  2465 W Summariser:   noise tolerance: 45.00
07-06 00:55:57.423  1542  2465 W Summariser:   quality: 23
07-06 00:55:57.423  1542  2465 W Summariser:   speed: medium
07-06 00:55:57.423  1542  2465 W Summariser:   freeze duration: 1.00
07-06 00:56:08.918  1542  1542 W NearbyFragment: Completed downloading 20200312_193928!000.mp4 from Endpoint{id=vMbk, name=Galaxy S8 [2802]} in 08.262s
07-06 00:56:09.090  1542  1826 W mobile-ffmpeg: [graph 0 input from stream 0:0 @ 0xa53a3d00] sws_param option is deprecated and ignored
07-06 00:56:14.765  1542  2525 W Summariser: No activity detected
07-06 00:56:14.821  1542  2525 W Summariser: Summarisation completed
07-06 00:56:14.821  1542  2525 W Summariser:   filename: 20200312_193928!000.mp4
07-06 00:56:14.821  1542  2525 W Summariser:   active sections: 0
07-06 00:56:14.821  1542  2525 W Summariser:   time: 05.814s
07-06 00:56:14.821  1542  2525 W Summariser:   original duration: 16.90
07-06 00:56:14.821  1542  2525 W Summariser:   summarised duration: -1.00
07-06 00:56:14.821  1542  2525 W Summariser:   noise tolerance: 45.00
07-06 00:56:14.821  1542  2525 W Summariser:   quality: 23
07-06 00:56:14.821  1542  2525 W Summariser:   speed: medium
07-06 00:56:14.821  1542  2525 W Summariser:   freeze duration: 1.00
07-06 00:56:35.549  1542  1542 W NearbyFragment: Completed downloading 20200312_194129!000.mp4 from Endpoint{id=vMbk, name=Galaxy S8 [2802]} in 06.429s
07-06 00:56:35.692  1542  1826 W mobile-ffmpeg: [graph 0 input from stream 0:0 @ 0xa53dd340] sws_param option is deprecated and ignored
07-06 00:56:41.456  1542  2579 W Summariser: No activity detected
07-06 00:56:41.512  1542  2579 W Summariser: Summarisation completed
07-06 00:56:41.512  1542  2579 W Summariser:   filename: 20200312_194129!000.mp4
07-06 00:56:41.512  1542  2579 W Summariser:   active sections: 0
07-06 00:56:41.512  1542  2579 W Summariser:   time: 05.877s
07-06 00:56:41.512  1542  2579 W Summariser:   original duration: 16.07
07-06 00:56:41.512  1542  2579 W Summariser:   summarised duration: -1.00
07-06 00:56:41.512  1542  2579 W Summariser:   noise tolerance: 45.00
07-06 00:56:41.512  1542  2579 W Summariser:   quality: 23
07-06 00:56:41.512  1542  2579 W Summariser:   speed: medium
07-06 00:56:41.512  1542  2579 W Summariser:   freeze duration: 1.00
07-06 00:57:06.773  1542  1542 W NearbyFragment: Completed downloading 20200312_194229!000.mp4 from Endpoint{id=vMbk, name=Galaxy S8 [2802]} in 11.019s
07-06 00:57:07.179  1542  1826 W mobile-ffmpeg: [graph 0 input from stream 0:0 @ 0x9363a6e0] sws_param option is deprecated and ignored
07-06 00:57:13.345  1542  2612 W Summariser: 1 active sections found
07-06 00:57:13.460  1542  1826 W mobile-ffmpeg: [graph 0 input from stream 0:0 @ 0x925519c0] sws_param option is deprecated and ignored
07-06 00:57:31.601  1542  2612 W Summariser: Summarisation completed
07-06 00:57:31.601  1542  2612 W Summariser:   filename: 20200312_194229!000.mp4
07-06 00:57:31.601  1542  2612 W Summariser:   active sections: 1
07-06 00:57:31.601  1542  2612 W Summariser:   time: 24.421s
07-06 00:57:31.601  1542  2612 W Summariser:   original duration: 16.06
07-06 00:57:31.601  1542  2612 W Summariser:   summarised duration: 5.62
07-06 00:57:31.601  1542  2612 W Summariser:   noise tolerance: 45.00
07-06 00:57:31.601  1542  2612 W Summariser:   quality: 23
07-06 00:57:31.601  1542  2612 W Summariser:   speed: medium
07-06 00:57:31.601  1542  2612 W Summariser:   freeze duration: 1.00
07-06 00:57:31.618  1542  2612 W NearbyFragment: Sending 20200312_194229!000.mp4 to Galaxy S8 [2802]
07-06 00:58:03.279  1542  1542 W NearbyFragment: Completed downloading 20200312_194330!002.mp4 from Endpoint{id=vMbk, name=Galaxy S8 [2802]} in 31.477s
07-06 00:58:03.509  1542  1826 W mobile-ffmpeg: [graph 0 input from stream 0:0 @ 0x92551a20] sws_param option is deprecated and ignored
07-06 00:58:10.005  1542  2739 W Summariser: No activity detected
07-06 00:58:10.090  1542  2739 W Summariser: Summarisation completed
07-06 00:58:10.090  1542  2739 W Summariser:   filename: 20200312_194330!002.mp4
07-06 00:58:10.090  1542  2739 W Summariser:   active sections: 0
07-06 00:58:10.090  1542  2739 W Summariser:   time: 06.656s
07-06 00:58:10.090  1542  2739 W Summariser:   original duration: 16.01
07-06 00:58:10.090  1542  2739 W Summariser:   summarised duration: -1.00
07-06 00:58:10.090  1542  2739 W Summariser:   noise tolerance: 45.00
07-06 00:58:10.090  1542  2739 W Summariser:   quality: 23
07-06 00:58:10.090  1542  2739 W Summariser:   speed: medium
07-06 00:58:10.090  1542  2739 W Summariser:   freeze duration: 1.00
07-06 00:58:55.480  1542  1542 W NearbyFragment: Completed downloading 20200312_194830!000.mp4 from Endpoint{id=vMbk, name=Galaxy S8 [2802]} in 42.838s
07-06 00:58:55.630  1542  1826 W mobile-ffmpeg: [graph 0 input from stream 0:0 @ 0x92553e20] sws_param option is deprecated and ignored
07-06 00:59:01.698  1542  2795 W Summariser: 1 active sections found
07-06 00:59:01.831  1542  1826 W mobile-ffmpeg: [graph 0 input from stream 0:0 @ 0x936400a0] sws_param option is deprecated and ignored
07-06 00:59:14.701  1542  2795 W Summariser: Summarisation completed
07-06 00:59:14.701  1542  2795 W Summariser:   filename: 20200312_194830!000.mp4
07-06 00:59:14.701  1542  2795 W Summariser:   active sections: 1
07-06 00:59:14.701  1542  2795 W Summariser:   time: 19.089s
07-06 00:59:14.701  1542  2795 W Summariser:   original duration: 16.06
07-06 00:59:14.701  1542  2795 W Summariser:   summarised duration: 3.97
07-06 00:59:14.701  1542  2795 W Summariser:   noise tolerance: 45.00
07-06 00:59:14.701  1542  2795 W Summariser:   quality: 23
07-06 00:59:14.701  1542  2795 W Summariser:   speed: medium
07-06 00:59:14.701  1542  2795 W Summariser:   freeze duration: 1.00
07-06 00:59:14.713  1542  2795 W NearbyFragment: Sending 20200312_194830!000.mp4 to Galaxy S8 [2802]
07-06 01:00:21.811  1542  1542 W NearbyFragment: Completed downloading 20200312_195230!002.mp4 from Endpoint{id=vMbk, name=Galaxy S8 [2802]} in 66.860s
07-06 01:00:22.026  1542  1826 W mobile-ffmpeg: [graph 0 input from stream 0:0 @ 0x936400a0] sws_param option is deprecated and ignored
07-06 01:00:27.626  1542  2902 W Summariser: No activity detected
07-06 01:00:27.704  1542  2902 W Summariser: Summarisation completed
07-06 01:00:27.704  1542  2902 W Summariser:   filename: 20200312_195230!002.mp4
07-06 01:00:27.704  1542  2902 W Summariser:   active sections: 0
07-06 01:00:27.704  1542  2902 W Summariser:   time: 05.715s
07-06 01:00:27.704  1542  2902 W Summariser:   original duration: 16.01
07-06 01:00:27.704  1542  2902 W Summariser:   summarised duration: -1.00
07-06 01:00:27.704  1542  2902 W Summariser:   noise tolerance: 45.00
07-06 01:00:27.704  1542  2902 W Summariser:   quality: 23
07-06 01:00:27.704  1542  2902 W Summariser:   speed: medium
07-06 01:00:27.704  1542  2902 W Summariser:   freeze duration: 1.00
