--------- beginning of main
07-06 00:48:53.947 19922 19922 E Zygote  : isWhitelistProcess - Process is Whitelisted
07-06 00:48:53.950 19922 19922 E Zygote  : accessInfo : 1
--------- beginning of system
07-06 00:48:55.494 19922 19922 W LogFactory: Truncating log tag length as it exceed 23, the limit imposed by Android on certain API Levels
07-06 00:48:57.085 19922 19922 W ActivityThread: handleWindowVisibility: no activity for token android.os.BinderProxy@5e6eb33
07-06 00:48:57.162 19922 19922 W example.edgesu: Accessing hidden method Landroid/graphics/drawable/Drawable;->getOpticalInsets()Landroid/graphics/Insets; (light greylist, linking)
07-06 00:48:57.162 19922 19922 W example.edgesu: Accessing hidden field Landroid/graphics/Insets;->left:I (light greylist, linking)
07-06 00:48:57.162 19922 19922 W example.edgesu: Accessing hidden field Landroid/graphics/Insets;->right:I (light greylist, linking)
07-06 00:48:57.162 19922 19922 W example.edgesu: Accessing hidden field Landroid/graphics/Insets;->top:I (light greylist, linking)
07-06 00:48:57.162 19922 19922 W example.edgesu: Accessing hidden field Landroid/graphics/Insets;->bottom:I (light greylist, linking)
07-06 00:48:57.209 19922 19922 W example.edgesu: Accessing hidden method Landroid/view/View;->computeFitSystemWindows(Landroid/graphics/Rect;Landroid/graphics/Rect;)Z (light greylist, reflection)
07-06 00:48:57.209 19922 19922 W example.edgesu: Accessing hidden method Landroid/view/ViewGroup;->makeOptionalFitsSystemWindows()V (light greylist, reflection)
07-06 00:48:57.315 19922 19922 W example.edgesu: Accessing hidden method Landroid/widget/TextView;->getTextDirectionHeuristic()Landroid/text/TextDirectionHeuristic; (light greylist, linking)
07-06 00:48:57.325 19922 19922 W example.edgesu: Accessing hidden field Landroid/view/View;->mAccessibilityDelegate:Landroid/view/View$AccessibilityDelegate; (light greylist, reflection)
07-06 00:48:57.653 19922 19922 E TransferService: No notification is passed in the intent. Unable to transition to foreground.
07-06 00:48:57.704 19922 19922 W StaticLayout: maxLineHeight should not be -1.  maxLines:1 lineCount:1
07-06 00:48:57.713 19922 19922 W StaticLayout: maxLineHeight should not be -1.  maxLines:1 lineCount:1
07-06 00:48:57.718 19922 19922 W StaticLayout: maxLineHeight should not be -1.  maxLines:1 lineCount:1
07-06 00:48:57.722 19922 19922 W StaticLayout: maxLineHeight should not be -1.  maxLines:1 lineCount:1
07-06 00:48:57.738 19922 19922 W StaticLayout: maxLineHeight should not be -1.  maxLines:1 lineCount:1
07-06 00:48:57.742 19922 19922 W StaticLayout: maxLineHeight should not be -1.  maxLines:1 lineCount:1
07-06 00:49:25.910 19922 19922 W example.edgesu: Accessing hidden method Landroid/graphics/FontFamily;-><init>()V (light greylist, reflection)
07-06 00:49:25.910 19922 19922 W example.edgesu: Accessing hidden method Landroid/graphics/FontFamily;->addFontFromAssetManager(Landroid/content/res/AssetManager;Ljava/lang/String;IZIII[Landroid/graphics/fonts/FontVariationAxis;)Z (light greylist, reflection)
07-06 00:49:25.910 19922 19922 W example.edgesu: Accessing hidden method Landroid/graphics/FontFamily;->addFontFromBuffer(Ljava/nio/ByteBuffer;I[Landroid/graphics/fonts/FontVariationAxis;II)Z (light greylist, reflection)
07-06 00:49:25.910 19922 19922 W example.edgesu: Accessing hidden method Landroid/graphics/FontFamily;->freeze()Z (light greylist, reflection)
07-06 00:49:25.910 19922 19922 W example.edgesu: Accessing hidden method Landroid/graphics/FontFamily;->abortCreation()V (light greylist, reflection)
07-06 00:49:25.910 19922 19922 W example.edgesu: Accessing hidden method Landroid/graphics/Typeface;->createFromFamiliesWithDefault([Landroid/graphics/FontFamily;Ljava/lang/String;II)Landroid/graphics/Typeface; (light greylist, reflection)
07-06 00:49:27.612 19922 19948 W libEGL  : EGLNativeWindowType 0x78d6883010 disconnect failed
07-06 00:49:27.711 19922 19922 E ViewRootImpl: sendUserActionEvent() returned.
07-06 00:49:34.493 19922 19948 W libEGL  : EGLNativeWindowType 0x78e8a7e010 disconnect failed
07-06 00:49:34.601 19922 19922 E ViewRootImpl: sendUserActionEvent() returned.
07-06 00:49:42.960 19922 19948 W libEGL  : EGLNativeWindowType 0x78d69dc010 disconnect failed
07-06 00:49:43.071 19922 19922 E ViewRootImpl: sendUserActionEvent() returned.
07-06 00:50:58.944 19922 19922 W example.edgesu: Accessing hidden method Landroid/view/View;->getTransitionAlpha()F (light greylist, linking)
07-06 00:50:58.944 19922 19922 W example.edgesu: Accessing hidden method Landroid/view/View;->setTransitionAlpha(F)V (light greylist, linking)
07-06 00:50:58.944 19922 19922 W example.edgesu: Accessing hidden method Landroid/view/View;->setAnimationMatrix(Landroid/graphics/Matrix;)V (light greylist, linking)
07-06 00:50:58.945 19922 19922 W example.edgesu: Accessing hidden method Landroid/view/View;->transformMatrixToGlobal(Landroid/graphics/Matrix;)V (light greylist, linking)
07-06 00:50:58.945 19922 19922 W example.edgesu: Accessing hidden method Landroid/view/View;->transformMatrixToLocal(Landroid/graphics/Matrix;)V (light greylist, linking)
07-06 00:50:58.945 19922 19922 W example.edgesu: Accessing hidden method Landroid/view/View;->setLeftTopRightBottom(IIII)V (light greylist, linking)
07-06 00:50:58.945 19922 19922 W example.edgesu: Accessing hidden method Landroid/view/View;->setTransitionVisibility(I)V (dark greylist, linking)
07-06 00:50:58.979 19922 19922 W StaticLayout: maxLineHeight should not be -1.  maxLines:1 lineCount:1
07-06 00:50:58.984 19922 19922 W StaticLayout: maxLineHeight should not be -1.  maxLines:1 lineCount:1
07-06 00:50:58.996 19922 19922 W example.edgesu: Accessing hidden field Landroid/view/View;->mViewFlags:I (light greylist, reflection)
07-06 00:50:58.998 19922 19922 W example.edgesu: Accessing hidden method Landroid/view/ViewGroup;->suppressLayout(Z)V (light greylist, linking)
07-06 00:51:05.735 19922 19922 W NearbyFragment: Preferences:
07-06 00:51:05.735 19922 19922 W NearbyFragment:   Auto download: true
07-06 00:51:05.735 19922 19922 W NearbyFragment:   Algorithm: best
07-06 00:51:05.735 19922 19922 W NearbyFragment:   Fast scheduling: true
07-06 00:51:05.735 19922 19922 W NearbyFragment:   Segmentation: true
07-06 00:51:05.735 19922 19922 W NearbyFragment:   Auto segmentation: false
07-06 00:51:05.735 19922 19922 W NearbyFragment:   Segment number: 4
07-06 00:51:05.735 19922 19922 W NearbyFragment:   Noise tolerance: 45.00
07-06 00:51:05.735 19922 19922 W NearbyFragment:   Quality: 23
07-06 00:51:05.735 19922 19922 W NearbyFragment:   Speed: medium
07-06 00:51:05.735 19922 19922 W NearbyFragment:   Freeze duration: 1.00
07-06 00:51:05.735 19922 19922 W NearbyFragment: Download delay: 1s
07-06 00:51:05.735 19922 19922 W NearbyFragment: Started downloading from dashcam
07-06 00:51:23.294 19922 20803 W DashDownloadManager: Successfully downloaded 20200312_150643.mp4 in 17.327s
07-06 00:51:23.457 19922 20824 W mobile-ffmpeg: [mov,mp4,m4a,3gp,3g2,mj2 @ 0x78d1292600] Found duplicated MOOV Atom. Skipped it
07-06 00:51:23.621 19922 20824 W mobile-ffmpeg: [mov,mp4,m4a,3gp,3g2,mj2 @ 0x78d1292600] Found duplicated MOOV Atom. Skipped it
07-06 00:51:23.983 19922 20803 W NearbyFragment: Sending 20200312_150643!000.mp4 to Nexus 5X [34d8]
07-06 00:51:27.848 19922 19922 W NearbyFragment: Sending 20200312_150643!001.mp4 to Nexus 5 [1825]
07-06 00:51:31.015 19922 19922 W NearbyFragment: Sending 20200312_150643!002.mp4 to Nexus 5X [34d8]
07-06 00:51:33.492 19922 19922 W NearbyFragment: Sending 20200312_150643!003.mp4 to Nexus 5X [9c8f]
07-06 00:51:50.937 19922 20803 W DashDownloadManager: Successfully downloaded 20200312_150744.mp4 in 25.896s
07-06 00:51:50.943 19922 20824 W mobile-ffmpeg: [mov,mp4,m4a,3gp,3g2,mj2 @ 0x78d1292600] Found duplicated MOOV Atom. Skipped it
07-06 00:51:51.010 19922 20824 W mobile-ffmpeg: [mov,mp4,m4a,3gp,3g2,mj2 @ 0x78d1292600] Found duplicated MOOV Atom. Skipped it
07-06 00:51:51.315 19922 20803 W NearbyFragment: Sending 20200312_150744!000.mp4 to Nexus 5X [34d8]
07-06 00:51:54.755 19922 19922 W NearbyFragment: Sending 20200312_150744!001.mp4 to Nexus 5 [1825]
07-06 00:51:58.253 19922 19922 W NearbyFragment: Sending 20200312_150744!002.mp4 to Nexus 5X [34d8]
07-06 00:52:00.971 19922 19922 W NearbyFragment: Sending 20200312_150744!003.mp4 to Nexus 5X [9c8f]
07-06 00:52:17.420 19922 20803 W DashDownloadManager: Successfully downloaded 20200312_150844.mp4 in 25.040s
07-06 00:52:17.430 19922 20824 W mobile-ffmpeg: [mov,mp4,m4a,3gp,3g2,mj2 @ 0x78d1292000] Found duplicated MOOV Atom. Skipped it
07-06 00:52:17.528 19922 20824 W mobile-ffmpeg: [mov,mp4,m4a,3gp,3g2,mj2 @ 0x78d1292000] Found duplicated MOOV Atom. Skipped it
07-06 00:52:17.845 19922 20803 W NearbyFragment: Sending 20200312_150844!000.mp4 to Nexus 5X [34d8]
07-06 00:52:20.344 19922 19922 W NearbyFragment: Sending 20200312_150844!001.mp4 to Nexus 5 [1825]
07-06 00:52:21.417 19922 19922 W NearbyFragment: Sending 20200312_150844!002.mp4 to Nexus 5X [9c8f]
07-06 00:52:24.186 19922 19922 W NearbyFragment: Completed downloading 20200312_150744!003.mp4 from Endpoint{id=weVh, name=Nexus 5X [9c8f]} in 02.779s
07-06 00:52:24.321 19922 19922 W FfmpegTools: Single segment returned, duration of 20200312_150744: 4.89
07-06 00:52:24.779 19922 19922 W NearbyFragment: Sending 20200312_150844!003.mp4 to Nexus 5X [34d8]
07-06 00:52:38.560 19922 19922 W NearbyFragment: Completed downloading 20200312_150844!000.mp4 from Endpoint{id=Qd2N, name=Nexus 5X [34d8]} in 13.782s
07-06 00:52:40.747 19922 19922 W NearbyFragment: Completed downloading 20200312_150844!002.mp4 from Endpoint{id=weVh, name=Nexus 5X [9c8f]} in 05.777s
07-06 00:52:43.763 19922 19922 W NearbyFragment: Completed downloading 20200312_150844!003.mp4 from Endpoint{id=Qd2N, name=Nexus 5X [34d8]} in 04.555s
07-06 00:52:48.327 19922 19922 W NearbyFragment: Completed downloading 20200312_150844!001.mp4 from Endpoint{id=w2Lc, name=Nexus 5 [1825]} in 14.928s
07-06 00:52:49.335 19922 19922 W FfmpegTools: Merged duration of 20200312_150844: 60.08
07-06 00:52:49.456 19922 19931 W System  : A resource failed to call close. 
07-06 00:52:49.456 19922 19931 W System  : A resource failed to call close. 
07-06 00:52:49.460 19922 19931 W System  : A resource failed to call close. 
07-06 00:52:49.465 19922 19931 W System  : A resource failed to call close. 
07-06 00:52:59.544 19922 20803 W DashDownloadManager: Successfully downloaded 20200312_150944.mp4 in 40.607s
07-06 00:52:59.556 19922 20824 W mobile-ffmpeg: [mov,mp4,m4a,3gp,3g2,mj2 @ 0x78d1292000] Found duplicated MOOV Atom. Skipped it
07-06 00:52:59.671 19922 20824 W mobile-ffmpeg: [mov,mp4,m4a,3gp,3g2,mj2 @ 0x78d1292000] Found duplicated MOOV Atom. Skipped it
07-06 00:53:00.062 19922 20803 W NearbyFragment: Sending 20200312_150944!000.mp4 to Nexus 5X [34d8]
07-06 00:53:06.777 19922 19922 W NearbyFragment: Sending 20200312_150944!001.mp4 to Nexus 5 [1825]
07-06 00:53:12.582 19922 19922 W NearbyFragment: Sending 20200312_150944!002.mp4 to Nexus 5X [9c8f]
07-06 00:53:17.042 19922 19922 W NearbyFragment: Sending 20200312_150944!003.mp4 to Nexus 5X [34d8]
07-06 00:53:27.175 19922 20803 W DashDownloadManager: Successfully downloaded 20200312_151044.mp4 in 25.991s
07-06 00:53:27.189 19922 20824 W mobile-ffmpeg: [mov,mp4,m4a,3gp,3g2,mj2 @ 0x78d1292000] Found duplicated MOOV Atom. Skipped it
07-06 00:53:27.279 19922 20824 W mobile-ffmpeg: [mov,mp4,m4a,3gp,3g2,mj2 @ 0x78d1292000] Found duplicated MOOV Atom. Skipped it
07-06 00:53:27.665 19922 20803 W NearbyFragment: Sending 20200312_151044!000.mp4 to Nexus 5 [1825]
07-06 00:53:27.933 19922 19922 W NearbyFragment: Sending 20200312_151044!001.mp4 to Nexus 5X [9c8f]
07-06 00:53:28.413 19922 19922 W NearbyFragment: Completed downloading 20200312_150944!000.mp4 from Endpoint{id=Qd2N, name=Nexus 5X [34d8]} in 00.488s
07-06 00:53:32.642 19922 19922 W NearbyFragment: Sending 20200312_151044!002.mp4 to Nexus 5X [34d8]
07-06 00:53:36.922 19922 19922 W NearbyFragment: Sending 20200312_151044!003.mp4 to Nexus 5X [34d8]
07-06 00:53:37.204 19922 19922 W FfmpegTools: Single segment returned, duration of 20200312_150944: 7.07
07-06 00:53:56.240 19922 20803 W DashDownloadManager: Successfully downloaded 20200312_193528.mp4 in 27.487s
07-06 00:53:56.252 19922 20824 W mobile-ffmpeg: [mov,mp4,m4a,3gp,3g2,mj2 @ 0x78d1292000] Found duplicated MOOV Atom. Skipped it
07-06 00:53:56.331 19922 20824 W mobile-ffmpeg: [mov,mp4,m4a,3gp,3g2,mj2 @ 0x78d1292000] Found duplicated MOOV Atom. Skipped it
07-06 00:53:56.697 19922 20803 W NearbyFragment: Sending 20200312_193528!000.mp4 to Nexus 5 [1825]
07-06 00:53:57.844 19922 19922 W NearbyFragment: Sending 20200312_193528!001.mp4 to Nexus 5X [9c8f]
07-06 00:54:02.207 19922 19922 W NearbyFragment: Sending 20200312_193528!002.mp4 to Nexus 5X [34d8]
07-06 00:54:02.257 19922 19922 W NearbyFragment: Sending 20200312_193528!003.mp4 to Nexus 5X [34d8]
07-06 00:54:23.003 19922 20803 W DashDownloadManager: Successfully downloaded 20200312_193628.mp4 in 25.196s
07-06 00:54:23.010 19922 20824 W mobile-ffmpeg: [mov,mp4,m4a,3gp,3g2,mj2 @ 0x78d1292000] Found duplicated MOOV Atom. Skipped it
07-06 00:54:23.089 19922 20824 W mobile-ffmpeg: [mov,mp4,m4a,3gp,3g2,mj2 @ 0x78d1292000] Found duplicated MOOV Atom. Skipped it
07-06 00:54:23.425 19922 20803 W NearbyFragment: Sending 20200312_193628!000.mp4 to Nexus 5 [1825]
07-06 00:54:25.549 19922 19922 W NearbyFragment: Sending 20200312_193628!001.mp4 to Nexus 5X [34d8]
07-06 00:54:28.372 19922 19922 W NearbyFragment: Sending 20200312_193628!002.mp4 to Nexus 5X [9c8f]
07-06 00:54:34.010 19922 19922 W NearbyFragment: Sending 20200312_193628!003.mp4 to Nexus 5X [34d8]
07-06 00:54:49.970 19922 20803 W DashDownloadManager: Successfully downloaded 20200312_193728.mp4 in 25.420s
07-06 00:54:49.976 19922 20824 W mobile-ffmpeg: [mov,mp4,m4a,3gp,3g2,mj2 @ 0x78d1292000] Found duplicated MOOV Atom. Skipped it
07-06 00:54:50.061 19922 20824 W mobile-ffmpeg: [mov,mp4,m4a,3gp,3g2,mj2 @ 0x78d1292000] Found duplicated MOOV Atom. Skipped it
07-06 00:54:50.404 19922 20803 W NearbyFragment: Sending 20200312_193728!000.mp4 to Nexus 5 [1825]
07-06 00:54:55.866 19922 19922 W NearbyFragment: Sending 20200312_193728!001.mp4 to Nexus 5X [9c8f]
07-06 00:55:01.005 19922 19922 W NearbyFragment: Sending 20200312_193728!002.mp4 to Nexus 5X [34d8]
07-06 00:55:03.325 19922 19922 W NearbyFragment: Sending 20200312_193728!003.mp4 to Nexus 5 [1825]
07-06 00:55:10.339 19922 19922 W NearbyFragment: Completed downloading 20200312_193728!001.mp4 from Endpoint{id=weVh, name=Nexus 5X [9c8f]} in 05.547s
07-06 00:55:17.859 19922 19922 W NearbyFragment: Completed downloading 20200312_193628!003.mp4 from Endpoint{id=Qd2N, name=Nexus 5X [34d8]} in 00.936s
07-06 00:55:17.977 19922 19922 W FfmpegTools: Single segment returned, duration of 20200312_193628: 6.16
07-06 00:55:28.167 19922 19922 W NearbyFragment: Completed downloading 20200312_193728!002.mp4 from Endpoint{id=Qd2N, name=Nexus 5X [34d8]} in 04.112s
07-06 00:55:28.714 19922 19922 W NearbyFragment: Completed downloading 20200312_193728!000.mp4 from Endpoint{id=w2Lc, name=Nexus 5 [1825]} in 25.401s
07-06 00:55:32.512 19922 19922 W NearbyFragment: Completed downloading 20200312_193728!003.mp4 from Endpoint{id=w2Lc, name=Nexus 5 [1825]} in 06.523s
07-06 00:55:33.546 19922 19922 W FfmpegTools: Merged duration of 20200312_193728: 60.07
07-06 00:55:33.845 19922 20803 W DashDownloadManager: Successfully downloaded 20200312_193828.mp4 in 42.388s
07-06 00:55:33.854 19922 20824 W mobile-ffmpeg: [mov,mp4,m4a,3gp,3g2,mj2 @ 0x78d1292000] Found duplicated MOOV Atom. Skipped it
07-06 00:55:33.958 19922 20824 W mobile-ffmpeg: [mov,mp4,m4a,3gp,3g2,mj2 @ 0x78d1292000] Found duplicated MOOV Atom. Skipped it
07-06 00:55:34.306 19922 20803 W NearbyFragment: Sending 20200312_193828!000.mp4 to Nexus 5X [34d8]
07-06 00:55:46.370 19922 19922 W NearbyFragment: Sending 20200312_193828!001.mp4 to Nexus 5 [1825]
07-06 00:55:53.418 19922 19922 W NearbyFragment: Sending 20200312_193828!002.mp4 to Nexus 5X [9c8f]
07-06 00:55:57.887 19922 19922 W NearbyFragment: Sending 20200312_193828!003.mp4 to Nexus 5X [34d8]
07-06 00:56:02.137 19922 20803 W DashDownloadManager: Successfully downloaded 20200312_193928.mp4 in 26.714s
07-06 00:56:02.150 19922 20824 W mobile-ffmpeg: [mov,mp4,m4a,3gp,3g2,mj2 @ 0x78d1292600] Found duplicated MOOV Atom. Skipped it
07-06 00:56:02.235 19922 20824 W mobile-ffmpeg: [mov,mp4,m4a,3gp,3g2,mj2 @ 0x78d1292600] Found duplicated MOOV Atom. Skipped it
07-06 00:56:02.573 19922 20803 W NearbyFragment: Sending 20200312_193928!000.mp4 to Nexus 5 [1825]
07-06 00:56:04.143 19922 19922 W NearbyFragment: Sending 20200312_193928!001.mp4 to Nexus 5X [9c8f]
07-06 00:56:10.931 19922 19922 W NearbyFragment: Sending 20200312_193928!002.mp4 to Nexus 5X [34d8]
07-06 00:56:15.936 19922 19922 W NearbyFragment: Sending 20200312_193928!003.mp4 to Nexus 5X [34d8]
07-06 00:56:30.632 19922 20803 W DashDownloadManager: Successfully downloaded 20200312_194129.mp4 in 26.964s
07-06 00:56:30.643 19922 20824 W mobile-ffmpeg: [mov,mp4,m4a,3gp,3g2,mj2 @ 0x78e6611800] Found duplicated MOOV Atom. Skipped it
07-06 00:56:30.710 19922 20824 W mobile-ffmpeg: [mov,mp4,m4a,3gp,3g2,mj2 @ 0x78e6611800] Found duplicated MOOV Atom. Skipped it
07-06 00:56:31.035 19922 20803 W NearbyFragment: Sending 20200312_194129!000.mp4 to Nexus 5 [1825]
07-06 00:56:31.689 19922 19922 W NearbyFragment: Sending 20200312_194129!001.mp4 to Nexus 5X [9c8f]
07-06 00:56:37.531 19922 19922 W NearbyFragment: Sending 20200312_194129!002.mp4 to Nexus 5X [34d8]
07-06 00:56:43.483 19922 19922 W NearbyFragment: Sending 20200312_194129!003.mp4 to Nexus 5X [34d8]
07-06 00:56:50.291 19922 19922 W NearbyFragment: Completed downloading 20200312_193828!000.mp4 from Endpoint{id=Qd2N, name=Nexus 5X [34d8]} in 02.528s
07-06 00:56:52.477 19922 19922 W FfmpegTools: Single segment returned, duration of 20200312_193828: 14.28
07-06 00:56:55.682 19922 19922 W NearbyFragment: Completed downloading 20200312_194129!001.mp4 from Endpoint{id=weVh, name=Nexus 5X [9c8f]} in 00.627s
07-06 00:56:57.094 19922 20803 W DashDownloadManager: Successfully downloaded 20200312_194229.mp4 in 25.010s
07-06 00:56:57.104 19922 20824 W mobile-ffmpeg: [mov,mp4,m4a,3gp,3g2,mj2 @ 0x78e6611800] Found duplicated MOOV Atom. Skipped it
07-06 00:56:57.196 19922 20824 W mobile-ffmpeg: [mov,mp4,m4a,3gp,3g2,mj2 @ 0x78e6611800] Found duplicated MOOV Atom. Skipped it
07-06 00:56:57.528 19922 20803 W NearbyFragment: Sending 20200312_194229!000.mp4 to Nexus 5 [1825]
07-06 00:56:58.261 19922 19922 W NearbyFragment: Sending 20200312_194229!001.mp4 to Nexus 5X [9c8f]
07-06 00:56:58.719 19922 19922 W NearbyFragment: Sending 20200312_194229!002.mp4 to Nexus 5X [34d8]
07-06 00:57:03.169 19922 19922 W NearbyFragment: Sending 20200312_194229!003.mp4 to Nexus 5X [34d8]
07-06 00:57:24.181 19922 20803 W DashDownloadManager: Successfully downloaded 20200312_194330.mp4 in 25.558s
07-06 00:57:24.191 19922 20824 W mobile-ffmpeg: [mov,mp4,m4a,3gp,3g2,mj2 @ 0x78e6611800] Found duplicated MOOV Atom. Skipped it
07-06 00:57:24.269 19922 20824 W mobile-ffmpeg: [mov,mp4,m4a,3gp,3g2,mj2 @ 0x78e6611800] Found duplicated MOOV Atom. Skipped it
07-06 00:57:24.647 19922 20803 W NearbyFragment: Sending 20200312_194330!000.mp4 to Nexus 5X [34d8]
07-06 00:57:25.657 19922 19922 W NearbyFragment: Sending 20200312_194330!001.mp4 to Nexus 5X [34d8]
07-06 00:57:33.710 19922 19922 W NearbyFragment: Sending 20200312_194330!002.mp4 to Nexus 5 [1825]
07-06 00:57:34.124 19922 19922 W NearbyFragment: Completed downloading 20200312_194229!000.mp4 from Endpoint{id=w2Lc, name=Nexus 5 [1825]} in 00.417s
07-06 00:57:35.517 19922 19922 W NearbyFragment: Sending 20200312_194330!003.mp4 to Nexus 5X [34d8]
07-06 00:57:38.203 19922 19922 W NearbyFragment: Completed downloading 20200312_194229!001.mp4 from Endpoint{id=weVh, name=Nexus 5X [9c8f]} in 01.548s
07-06 00:57:38.307 19922 19922 W NearbyFragment: Completed downloading 20200312_194129!002.mp4 from Endpoint{id=Qd2N, name=Nexus 5X [34d8]} in 01.207s
07-06 00:57:45.148 19922 19922 W NearbyFragment: Completed downloading 20200312_194129!003.mp4 from Endpoint{id=Qd2N, name=Nexus 5X [34d8]} in 00.164s
07-06 00:57:45.371 19922 19922 W FfmpegTools: Merged duration of 20200312_194129: 11.04
07-06 00:57:49.033 19922 20803 W DashDownloadManager: Successfully downloaded 20200312_194730.mp4 in 23.292s
07-06 00:57:49.044 19922 20824 W mobile-ffmpeg: [mov,mp4,m4a,3gp,3g2,mj2 @ 0x78e6611800] Found duplicated MOOV Atom. Skipped it
07-06 00:57:49.134 19922 20824 W mobile-ffmpeg: [mov,mp4,m4a,3gp,3g2,mj2 @ 0x78e6611800] Found duplicated MOOV Atom. Skipped it
07-06 00:57:49.159 19922 19931 W System  : A resource failed to call close. 
07-06 00:57:49.169 19922 19931 W System  : A resource failed to call close. 
07-06 00:57:49.172 19922 19931 W System  : A resource failed to call close. 
07-06 00:57:49.172 19922 19931 W System  : A resource failed to call close. 
07-06 00:57:49.172 19922 19931 W System  : A resource failed to call close. 
07-06 00:57:49.178 19922 19931 W System  : A resource failed to call close. 
07-06 00:57:49.180 19922 19931 W System  : A resource failed to call close. 
07-06 00:57:49.185 19922 19931 W System  : A resource failed to call close. 
07-06 00:57:49.189 19922 19931 W System  : A resource failed to call close. 
07-06 00:57:49.190 19922 19931 W System  : A resource failed to call close. 
07-06 00:57:49.190 19922 19931 W System  : A resource failed to call close. 
07-06 00:57:49.194 19922 19931 W System  : A resource failed to call close. 
07-06 00:57:49.201 19922 19931 W System  : A resource failed to call close. 
07-06 00:57:49.204 19922 19931 W System  : A resource failed to call close. 
07-06 00:57:49.210 19922 19931 W System  : A resource failed to call close. 
07-06 00:57:49.573 19922 20803 W NearbyFragment: Sending 20200312_194730!000.mp4 to Nexus 5X [9c8f]
07-06 00:57:51.690 19922 19922 W NearbyFragment: Sending 20200312_194730!001.mp4 to Nexus 5X [34d8]
07-06 00:57:57.175 19922 19922 W FfmpegTools: Merged duration of 20200312_194229: 14.35
07-06 00:57:57.229 19922 19922 W NearbyFragment: Sending 20200312_194730!002.mp4 to Nexus 5X [34d8]
07-06 00:58:03.461 19922 19922 W NearbyFragment: Sending 20200312_194730!003.mp4 to Nexus 5X [34d8]
07-06 00:58:14.028 19922 20803 W DashDownloadManager: Successfully downloaded 20200312_194830.mp4 in 23.343s
07-06 00:58:14.042 19922 20824 W mobile-ffmpeg: [mov,mp4,m4a,3gp,3g2,mj2 @ 0x78e6611800] Found duplicated MOOV Atom. Skipped it
07-06 00:58:14.159 19922 20824 W mobile-ffmpeg: [mov,mp4,m4a,3gp,3g2,mj2 @ 0x78e6611800] Found duplicated MOOV Atom. Skipped it
07-06 00:58:14.548 19922 20803 W NearbyFragment: Sending 20200312_194830!000.mp4 to Nexus 5 [1825]
07-06 00:58:18.002 19922 19922 W NearbyFragment: Sending 20200312_194830!001.mp4 to Nexus 5X [34d8]
07-06 00:58:20.402 19922 19922 W NearbyFragment: Sending 20200312_194830!002.mp4 to Nexus 5X [34d8]
07-06 00:58:21.192 19922 19922 W NearbyFragment: Sending 20200312_194830!003.mp4 to Nexus 5X [9c8f]
07-06 00:58:37.409 19922 20803 W DashDownloadManager: Successfully downloaded 20200312_194930.mp4 in 21.783s
07-06 00:58:37.419 19922 20824 W mobile-ffmpeg: [mov,mp4,m4a,3gp,3g2,mj2 @ 0x78e6611800] Found duplicated MOOV Atom. Skipped it
07-06 00:58:37.513 19922 20824 W mobile-ffmpeg: [mov,mp4,m4a,3gp,3g2,mj2 @ 0x78e6611800] Found duplicated MOOV Atom. Skipped it
07-06 00:58:37.852 19922 20803 W NearbyFragment: Sending 20200312_194930!000.mp4 to Nexus 5X [34d8]
07-06 00:58:44.803 19922 19922 W NearbyFragment: Sending 20200312_194930!001.mp4 to Nexus 5X [34d8]
07-06 00:58:46.031 19922 19922 W NearbyFragment: Sending 20200312_194930!002.mp4 to Nexus 5X [34d8]
07-06 00:58:52.438 19922 19922 W NearbyFragment: Sending 20200312_194930!003.mp4 to Nexus 5X [34d8]
07-06 00:59:02.664 19922 20803 W DashDownloadManager: Successfully downloaded 20200312_195230.mp4 in 23.725s
07-06 00:59:02.674 19922 20824 W mobile-ffmpeg: [mov,mp4,m4a,3gp,3g2,mj2 @ 0x78e6611800] Found duplicated MOOV Atom. Skipped it
07-06 00:59:02.749 19922 20824 W mobile-ffmpeg: [mov,mp4,m4a,3gp,3g2,mj2 @ 0x78e6611800] Found duplicated MOOV Atom. Skipped it
07-06 00:59:03.087 19922 20803 W NearbyFragment: Sending 20200312_195230!000.mp4 to Nexus 5X [34d8]
07-06 00:59:09.045 19922 19922 W NearbyFragment: Sending 20200312_195230!001.mp4 to Nexus 5X [34d8]
07-06 00:59:16.713 19922 19922 W NearbyFragment: Sending 20200312_195230!002.mp4 to Nexus 5 [1825]
07-06 00:59:17.231 19922 19922 W NearbyFragment: Completed downloading 20200312_194830!000.mp4 from Endpoint{id=w2Lc, name=Nexus 5 [1825]} in 00.522s
07-06 00:59:25.036 19922 20803 W DashDownloadManager: Successfully downloaded 20200312_195330.mp4 in 20.862s
07-06 00:59:25.046 19922 20824 W mobile-ffmpeg: [mov,mp4,m4a,3gp,3g2,mj2 @ 0x78e6611800] Found duplicated MOOV Atom. Skipped it
07-06 00:59:25.127 19922 20824 W mobile-ffmpeg: [mov,mp4,m4a,3gp,3g2,mj2 @ 0x78e6611800] Found duplicated MOOV Atom. Skipped it
07-06 00:59:25.502 19922 20803 W NearbyFragment: Sending 20200312_195230!003.mp4 to Nexus 5X [34d8]
07-06 00:59:26.223 19922 19922 W NearbyFragment: Sending 20200312_195330!000.mp4 to Nexus 5X [34d8]
07-06 00:59:27.702 19922 19922 W NearbyFragment: Sending 20200312_195330!001.mp4 to Nexus 5X [34d8]
07-06 00:59:30.066 19922 19922 W NearbyFragment: Sending 20200312_195330!002.mp4 to Nexus 5X [9c8f]
07-06 00:59:46.840 19922 20803 W DashDownloadManager: Successfully downloaded 20200312_195430.mp4 in 20.259s
07-06 00:59:46.849 19922 20824 W mobile-ffmpeg: [mov,mp4,m4a,3gp,3g2,mj2 @ 0x78e6611800] Found duplicated MOOV Atom. Skipped it
07-06 00:59:46.955 19922 20824 W mobile-ffmpeg: [mov,mp4,m4a,3gp,3g2,mj2 @ 0x78e6611800] Found duplicated MOOV Atom. Skipped it
07-06 00:59:47.297 19922 20803 W NearbyFragment: Sending 20200312_195330!003.mp4 to Nexus 5X [34d8]
07-06 00:59:48.300 19922 20803 W NearbyFragment: Stopped downloading from dashcam
07-06 00:59:49.058 19922 19922 W NearbyFragment: Sending 20200312_195430!000.mp4 to Nexus 5X [34d8]
07-06 00:59:50.954 19922 19922 W NearbyFragment: Sending 20200312_195430!001.mp4 to Nexus 5X [34d8]
07-06 00:59:52.946 19922 19922 W NearbyFragment: Completed downloading 20200312_194830!001.mp4 from Endpoint{id=Qd2N, name=Nexus 5X [34d8]} in 01.993s
07-06 00:59:53.008 19922 19922 W NearbyFragment: Sending 20200312_195430!002.mp4 to Nexus 5X [34d8]
07-06 00:59:57.269 19922 19922 W NearbyFragment: Sending 20200312_195430!003.mp4 to Nexus 5X [34d8]
07-06 01:00:51.892 19922 19922 W NearbyFragment: Completed downloading 20200312_194830!002.mp4 from Endpoint{id=Qd2N, name=Nexus 5X [34d8]} in 00.840s
07-06 01:00:52.166 19922 19922 W FfmpegTools: Merged duration of 20200312_194830: 20.90
07-06 01:00:57.380 19922 19922 W NearbyFragment: Completed downloading 20200312_195330!002.mp4 from Endpoint{id=weVh, name=Nexus 5X [9c8f]} in 00.563s
07-06 01:01:50.889 19922 19922 W NearbyFragment: Completed downloading 20200312_194930!000.mp4 from Endpoint{id=Qd2N, name=Nexus 5X [34d8]} in 00.567s
07-06 01:02:05.753 19922 19922 W NearbyFragment: Completed downloading 20200312_194930!001.mp4 from Endpoint{id=Qd2N, name=Nexus 5X [34d8]} in 00.230s
07-06 01:02:57.472 19922 19922 W NearbyFragment: Completed downloading 20200312_194930!003.mp4 from Endpoint{id=Qd2N, name=Nexus 5X [34d8]} in 00.409s
07-06 01:02:57.792 19922 19922 W FfmpegTools: Merged duration of 20200312_194930: 22.33
07-06 01:03:38.166 19922 19922 W NearbyFragment: Completed downloading 20200312_195230!001.mp4 from Endpoint{id=Qd2N, name=Nexus 5X [34d8]} in 00.183s
07-06 01:03:42.658 19922 19922 W FfmpegTools: Single segment returned, duration of 20200312_195230: 6.97
07-06 01:03:57.700 19922 19922 W NearbyFragment: Completed downloading 20200312_195330!000.mp4 from Endpoint{id=Qd2N, name=Nexus 5X [34d8]} in 00.220s
07-06 01:04:49.946 19922 19922 W NearbyFragment: Completed downloading 20200312_195330!001.mp4 from Endpoint{id=Qd2N, name=Nexus 5X [34d8]} in 00.662s
07-06 01:05:08.993 19922 19922 W NearbyFragment: Completed downloading 20200312_195330!003.mp4 from Endpoint{id=Qd2N, name=Nexus 5X [34d8]} in 00.119s
07-06 01:05:09.214 19922 19922 W FfmpegTools: Merged duration of 20200312_195330: 24.63
07-06 01:05:37.172 19922 19922 W NearbyFragment: Completed downloading 20200312_195430!000.mp4 from Endpoint{id=Qd2N, name=Nexus 5X [34d8]} in 00.171s
07-06 01:06:08.234 19922 19922 W NearbyFragment: Completed downloading 20200312_195430!001.mp4 from Endpoint{id=Qd2N, name=Nexus 5X [34d8]} in 00.406s
07-06 01:06:37.369 19922 19922 W NearbyFragment: Completed downloading 20200312_195430!002.mp4 from Endpoint{id=Qd2N, name=Nexus 5X [34d8]} in 00.130s
07-06 01:06:58.664 19922 19922 W NearbyFragment: Completed downloading 20200312_195430!003.mp4 from Endpoint{id=Qd2N, name=Nexus 5X [34d8]} in 00.235s
07-06 01:06:58.928 19922 19922 W FfmpegTools: Merged duration of 20200312_195430: 21.94
