--------- beginning of main
06-28 23:13:55.159  7068  7068 W LogFactory: Truncating log tag length as it exceed 23, the limit imposed by Android on certain API Levels
06-28 23:14:01.553  7068  7068 E TransferService: No notification is passed in the intent. Unable to transition to foreground.
06-28 23:24:17.066  7068  7068 W NearbyFragment: Completed downloading 20200312_194930.mp4 from Endpoint{id=jKt9, name=Nexus 5X [34d8]} in 11.093s
06-28 23:24:17.195  7068  7482 W mobile-ffmpeg: 
06-28 23:24:17.195  7068  7482 W mobile-ffmpeg: [mov,mp4,m4a,3gp,3g2,mj2 @ 0x71a36b7400] 
06-28 23:24:17.195  7068  7482 W mobile-ffmpeg: 
06-28 23:24:17.195  7068  7482 W mobile-ffmpeg: Found duplicated MOOV Atom. Skipped it
06-28 23:24:29.817  7068  7481 W Summariser: 2 active sections found
06-28 23:24:29.824  7068  7482 W mobile-ffmpeg: 
06-28 23:24:29.824  7068  7482 W mobile-ffmpeg: [mov,mp4,m4a,3gp,3g2,mj2 @ 0x71a36b7400] 
06-28 23:24:29.824  7068  7482 W mobile-ffmpeg: 
06-28 23:24:29.824  7068  7482 W mobile-ffmpeg: Found duplicated MOOV Atom. Skipped it
06-28 23:25:29.061  7068  7481 W Summariser: Summarisation completed
06-28 23:25:29.061  7068  7481 W Summariser:   filename: 20200312_194930.mp4
06-28 23:25:29.061  7068  7481 W Summariser:   active sections: 2
06-28 23:25:29.061  7068  7481 W Summariser:   time: 71.718s
06-28 23:25:29.061  7068  7481 W Summariser:   original duration: 60.02
06-28 23:25:29.061  7068  7481 W Summariser:   summarised duration: 22.25
06-28 23:25:29.061  7068  7481 W Summariser:   noise tolerance: 45.00
06-28 23:25:29.061  7068  7481 W Summariser:   quality: 23
06-28 23:25:29.061  7068  7481 W Summariser:   speed: medium
06-28 23:25:29.061  7068  7481 W Summariser:   freeze duration: 1.00
06-28 23:25:29.134  7068  7481 W NearbyFragment: Sending 20200312_194930.mp4 to Nexus 5X [34d8]
