--------- beginning of main
--------- beginning of system
07-12 19:33:52.587  7204  7204 W LogFactory: Truncating log tag length as it exceed 23, the limit imposed by Android on certain API Levels
07-12 19:34:11.948  7204  7225 W LogFactory: Truncating log tag length as it exceed 23, the limit imposed by Android on certain API Levels
07-12 19:34:11.949  7204  7225 W LogFactory: Truncating log tag length as it exceed 23, the limit imposed by Android on certain API Levels
07-12 19:34:12.205  7204  7225 W LogFactory: Truncating log tag length as it exceed 23, the limit imposed by Android on certain API Levels
07-12 19:34:12.639  7204  7204 W System.err: org.json.JSONException: No value for manufacturer
07-12 19:34:12.640  7204  7204 W System.err: 	at org.json.JSONObject.get(JSONObject.java:392)
07-12 19:34:12.640  7204  7204 W System.err: 	at org.json.JSONObject.getString(JSONObject.java:553)
07-12 19:34:12.640  7204  7204 W System.err: 	at com.jaredrummler.android.device.DeviceName$DeviceInfo.<init>(DeviceName.java:374)
07-12 19:34:12.640  7204  7204 W System.err: 	at com.jaredrummler.android.device.DeviceName$DeviceInfo.<init>(DeviceName.java:347)
07-12 19:34:12.640  7204  7204 W System.err: 	at com.jaredrummler.android.device.DeviceName.getDeviceInfo(DeviceName.java:186)
07-12 19:34:12.640  7204  7204 W System.err: 	at com.jaredrummler.android.device.DeviceName.getDeviceName(DeviceName.java:138)
07-12 19:34:12.640  7204  7204 W System.err: 	at com.jaredrummler.android.device.DeviceName.getDeviceName(DeviceName.java:111)
07-12 19:34:12.640  7204  7204 W System.err: 	at com.example.edgesum.util.nearby.NearbyFragment.setLocalName(NearbyFragment.java:118)
07-12 19:34:12.640  7204  7204 W System.err: 	at com.example.edgesum.util.nearby.NearbyFragment.onCreate(NearbyFragment.java:110)
07-12 19:34:12.640  7204  7204 W System.err: 	at com.example.edgesum.page.main.ConnectionFragment.onCreate(ConnectionFragment.java:30)
07-12 19:34:12.641  7204  7204 W System.err: 	at androidx.fragment.app.Fragment.performCreate(Fragment.java:2684)
07-12 19:34:12.641  7204  7204 W System.err: 	at androidx.fragment.app.FragmentStateManager.create(FragmentStateManager.java:280)
07-12 19:34:12.641  7204  7204 W System.err: 	at androidx.fragment.app.FragmentManager.moveToState(FragmentManager.java:1175)
07-12 19:34:12.641  7204  7204 W System.err: 	at androidx.fragment.app.FragmentTransition.addToFirstInLastOut(FragmentTransition.java:1255)
07-12 19:34:12.641  7204  7204 W System.err: 	at androidx.fragment.app.FragmentTransition.calculateFragments(FragmentTransition.java:1138)
07-12 19:34:12.641  7204  7204 W System.err: 	at androidx.fragment.app.FragmentTransition.startTransitions(FragmentTransition.java:136)
07-12 19:34:12.641  7204  7204 W System.err: 	at androidx.fragment.app.FragmentManager.executeOpsTogether(FragmentManager.java:1989)
07-12 19:34:12.641  7204  7204 W System.err: 	at androidx.fragment.app.FragmentManager.removeRedundantOperationsAndExecute(FragmentManager.java:1947)
07-12 19:34:12.641  7204  7204 W System.err: 	at androidx.fragment.app.FragmentManager.execPendingActions(FragmentManager.java:1849)
07-12 19:34:12.641  7204  7204 W System.err: 	at androidx.fragment.app.FragmentManager.dispatchStateChange(FragmentManager.java:2629)
07-12 19:34:12.641  7204  7204 W System.err: 	at androidx.fragment.app.FragmentManager.dispatchActivityCreated(FragmentManager.java:2577)
07-12 19:34:12.641  7204  7204 W System.err: 	at androidx.fragment.app.FragmentController.dispatchActivityCreated(FragmentController.java:247)
07-12 19:34:12.641  7204  7204 W System.err: 	at androidx.fragment.app.FragmentActivity.onStart(FragmentActivity.java:541)
07-12 19:34:12.641  7204  7204 W System.err: 	at androidx.appcompat.app.AppCompatActivity.onStart(AppCompatActivity.java:201)
07-12 19:34:12.642  7204  7204 W System.err: 	at com.example.edgesum.page.main.MainActivity.onStart(MainActivity.java:88)
07-12 19:34:12.642  7204  7204 W System.err: 	at android.app.Instrumentation.callActivityOnStart(Instrumentation.java:1334)
07-12 19:34:12.642  7204  7204 W System.err: 	at android.app.Activity.performStart(Activity.java:7029)
07-12 19:34:12.642  7204  7204 W System.err: 	at android.app.ActivityThread.performLaunchActivity(ActivityThread.java:2741)
07-12 19:34:12.642  7204  7204 W System.err: 	at android.app.ActivityThread.handleLaunchActivity(ActivityThread.java:2856)
07-12 19:34:12.642  7204  7204 W System.err: 	at android.app.ActivityThread.-wrap11(Unknown Source:0)
07-12 19:34:12.642  7204  7204 W System.err: 	at android.app.ActivityThread$H.handleMessage(ActivityThread.java:1589)
07-12 19:34:12.642  7204  7204 W System.err: 	at android.os.Handler.dispatchMessage(Handler.java:106)
07-12 19:34:12.642  7204  7204 W System.err: 	at android.os.Looper.loop(Looper.java:164)
07-12 19:34:12.642  7204  7204 W System.err: 	at android.app.ActivityThread.main(ActivityThread.java:6494)
07-12 19:34:12.642  7204  7204 W System.err: 	at java.lang.reflect.Method.invoke(Native Method)
07-12 19:34:12.642  7204  7204 W System.err: 	at com.android.internal.os.RuntimeInit$MethodAndArgsCaller.run(RuntimeInit.java:438)
07-12 19:34:12.643  7204  7204 W System.err: 	at com.android.internal.os.ZygoteInit.main(ZygoteInit.java:807)
07-12 19:34:12.870  7204  7204 E TransferService: No notification is passed in the intent. Unable to transition to foreground.
07-12 19:35:48.231  7204  7204 W NearbyFragment: Completed downloading 20200312_150643!001.mp4 from Endpoint{id=y2y7, name=Nexus 5 [1825]} in 06.611s
07-12 19:35:48.655  7204  7471 W mobile-ffmpeg: [graph 0 input from stream 0:0 @ 0x769383d140] sws_param option is deprecated and ignored
07-12 19:35:51.556  7204  7470 W Summariser: No activity detected
07-12 19:35:51.627  7204  7470 W Summariser: Summarisation completed
07-12 19:35:51.627  7204  7470 W Summariser:   filename: 20200312_150643!001.mp4
07-12 19:35:51.627  7204  7470 W Summariser:   active sections: 0
07-12 19:35:51.627  7204  7470 W Summariser:   time: 03.256s
07-12 19:35:51.627  7204  7470 W Summariser:   original duration: 16.01
07-12 19:35:51.627  7204  7470 W Summariser:   summarised duration: -1.00
07-12 19:35:51.627  7204  7470 W Summariser:   noise tolerance: 45.00
07-12 19:35:51.627  7204  7470 W Summariser:   quality: 23
07-12 19:35:51.627  7204  7470 W Summariser:   speed: medium
07-12 19:35:51.627  7204  7470 W Summariser:   freeze duration: 1.00
07-12 19:36:14.875  7204  7204 W NearbyFragment: Completed downloading 20200312_150744!001.mp4 from Endpoint{id=y2y7, name=Nexus 5 [1825]} in 05.818s
07-12 19:36:15.037  7204  7471 W mobile-ffmpeg: [graph 0 input from stream 0:0 @ 0x769383d140] sws_param option is deprecated and ignored
07-12 19:36:17.966  7204  7508 W Summariser: No activity detected
07-12 19:36:18.035  7204  7508 W Summariser: Summarisation completed
07-12 19:36:18.035  7204  7508 W Summariser:   filename: 20200312_150744!001.mp4
07-12 19:36:18.035  7204  7508 W Summariser:   active sections: 0
07-12 19:36:18.035  7204  7508 W Summariser:   time: 03.039s
07-12 19:36:18.035  7204  7508 W Summariser:   original duration: 16.02
07-12 19:36:18.035  7204  7508 W Summariser:   summarised duration: -1.00
07-12 19:36:18.035  7204  7508 W Summariser:   noise tolerance: 45.00
07-12 19:36:18.035  7204  7508 W Summariser:   quality: 23
07-12 19:36:18.035  7204  7508 W Summariser:   speed: medium
07-12 19:36:18.035  7204  7508 W Summariser:   freeze duration: 1.00
07-12 19:36:48.756  7204  7204 W NearbyFragment: Completed downloading 20200312_150844!001.mp4 from Endpoint{id=y2y7, name=Nexus 5 [1825]} in 04.243s
07-12 19:36:48.959  7204  7471 W mobile-ffmpeg: [graph 0 input from stream 0:0 @ 0x769383d140] sws_param option is deprecated and ignored
07-12 19:36:51.895  7204  7556 W Summariser: Whole video is active
07-12 19:36:52.599  7204  7556 W Summariser: Summarisation completed
07-12 19:36:52.599  7204  7556 W Summariser:   filename: 20200312_150844!001.mp4
07-12 19:36:52.599  7204  7556 W Summariser:   active sections: -1
07-12 19:36:52.599  7204  7556 W Summariser:   time: 03.666s
07-12 19:36:52.599  7204  7556 W Summariser:   original duration: 16.01
07-12 19:36:52.599  7204  7556 W Summariser:   summarised duration: 16.01
07-12 19:36:52.599  7204  7556 W Summariser:   noise tolerance: 45.00
07-12 19:36:52.599  7204  7556 W Summariser:   quality: 23
07-12 19:36:52.599  7204  7556 W Summariser:   speed: medium
07-12 19:36:52.599  7204  7556 W Summariser:   freeze duration: 1.00
07-12 19:36:52.610  7204  7556 W NearbyFragment: Sending 20200312_150844!001.mp4 to Nexus 5 [1825]
07-12 19:37:34.282  7204  7204 W NearbyFragment: Completed downloading 20200312_150944!001.mp4 from Endpoint{id=y2y7, name=Nexus 5 [1825]} in 03.494s
07-12 19:37:34.496  7204  7471 W mobile-ffmpeg: [graph 0 input from stream 0:0 @ 0x769383d140] sws_param option is deprecated and ignored
07-12 19:37:37.357  7204  7593 W Summariser: No activity detected
07-12 19:37:37.424  7204  7593 W Summariser: Summarisation completed
07-12 19:37:37.424  7204  7593 W Summariser:   filename: 20200312_150944!001.mp4
07-12 19:37:37.424  7204  7593 W Summariser:   active sections: 0
07-12 19:37:37.424  7204  7593 W Summariser:   time: 03.020s
07-12 19:37:37.424  7204  7593 W Summariser:   original duration: 16.01
07-12 19:37:37.424  7204  7593 W Summariser:   summarised duration: -1.00
07-12 19:37:37.424  7204  7593 W Summariser:   noise tolerance: 45.00
07-12 19:37:37.424  7204  7593 W Summariser:   quality: 23
07-12 19:37:37.424  7204  7593 W Summariser:   speed: medium
07-12 19:37:37.424  7204  7593 W Summariser:   freeze duration: 1.00
07-12 19:37:48.239  7204  7204 W NearbyFragment: Completed downloading 20200312_150944!003.mp4 from Endpoint{id=y2y7, name=Nexus 5 [1825]} in 10.682s
07-12 19:37:48.385  7204  7471 W mobile-ffmpeg: [graph 0 input from stream 0:0 @ 0x769383d140] sws_param option is deprecated and ignored
07-12 19:37:50.599  7204  7649 W Summariser: No activity detected
07-12 19:37:50.645  7204  7649 W Summariser: Summarisation completed
07-12 19:37:50.645  7204  7649 W Summariser:   filename: 20200312_150944!003.mp4
07-12 19:37:50.645  7204  7649 W Summariser:   active sections: 0
07-12 19:37:50.645  7204  7649 W Summariser:   time: 02.308s
07-12 19:37:50.645  7204  7649 W Summariser:   original duration: 12.01
07-12 19:37:50.645  7204  7649 W Summariser:   summarised duration: -1.00
07-12 19:37:50.645  7204  7649 W Summariser:   noise tolerance: 45.00
07-12 19:37:50.645  7204  7649 W Summariser:   quality: 23
07-12 19:37:50.645  7204  7649 W Summariser:   speed: medium
07-12 19:37:50.645  7204  7649 W Summariser:   freeze duration: 1.00
07-12 19:38:07.983  7204  7204 W NearbyFragment: Completed downloading 20200312_151044!001.mp4 from Endpoint{id=y2y7, name=Nexus 5 [1825]} in 06.872s
07-12 19:38:08.135  7204  7471 W mobile-ffmpeg: [graph 0 input from stream 0:0 @ 0x769383d140] sws_param option is deprecated and ignored
07-12 19:38:11.146  7204  7679 W Summariser: No activity detected
07-12 19:38:11.209  7204  7679 W Summariser: Summarisation completed
07-12 19:38:11.209  7204  7679 W Summariser:   filename: 20200312_151044!001.mp4
07-12 19:38:11.209  7204  7679 W Summariser:   active sections: 0
07-12 19:38:11.209  7204  7679 W Summariser:   time: 03.128s
07-12 19:38:11.209  7204  7679 W Summariser:   original duration: 16.02
07-12 19:38:11.209  7204  7679 W Summariser:   summarised duration: -1.00
07-12 19:38:11.209  7204  7679 W Summariser:   noise tolerance: 45.00
07-12 19:38:11.209  7204  7679 W Summariser:   quality: 23
07-12 19:38:11.209  7204  7679 W Summariser:   speed: medium
07-12 19:38:11.209  7204  7679 W Summariser:   freeze duration: 1.00
07-12 19:38:36.252  7204  7204 W NearbyFragment: Completed downloading 20200312_193528!001.mp4 from Endpoint{id=y2y7, name=Nexus 5 [1825]} in 05.188s
07-12 19:38:36.365  7204  7471 W mobile-ffmpeg: [graph 0 input from stream 0:0 @ 0x769383d140] sws_param option is deprecated and ignored
07-12 19:38:39.339  7204  7709 W Summariser: No activity detected
07-12 19:38:39.381  7204  7709 W Summariser: Summarisation completed
07-12 19:38:39.381  7204  7709 W Summariser:   filename: 20200312_193528!001.mp4
07-12 19:38:39.381  7204  7709 W Summariser:   active sections: 0
07-12 19:38:39.381  7204  7709 W Summariser:   time: 03.050s
07-12 19:38:39.381  7204  7709 W Summariser:   original duration: 16.01
07-12 19:38:39.381  7204  7709 W Summariser:   summarised duration: -1.00
07-12 19:38:39.381  7204  7709 W Summariser:   noise tolerance: 45.00
07-12 19:38:39.381  7204  7709 W Summariser:   quality: 23
07-12 19:38:39.381  7204  7709 W Summariser:   speed: medium
07-12 19:38:39.381  7204  7709 W Summariser:   freeze duration: 1.00
07-12 19:39:09.559  7204  7204 W NearbyFragment: Completed downloading 20200312_193628!001.mp4 from Endpoint{id=y2y7, name=Nexus 5 [1825]} in 06.738s
07-12 19:39:09.734  7204  7471 W mobile-ffmpeg: [graph 0 input from stream 0:0 @ 0x769383d140] sws_param option is deprecated and ignored
07-12 19:39:12.709  7204  7748 W Summariser: No activity detected
07-12 19:39:12.767  7204  7748 W Summariser: Summarisation completed
07-12 19:39:12.767  7204  7748 W Summariser:   filename: 20200312_193628!001.mp4
07-12 19:39:12.767  7204  7748 W Summariser:   active sections: 0
07-12 19:39:12.767  7204  7748 W Summariser:   time: 03.111s
07-12 19:39:12.767  7204  7748 W Summariser:   original duration: 16.01
07-12 19:39:12.767  7204  7748 W Summariser:   summarised duration: -1.00
07-12 19:39:12.767  7204  7748 W Summariser:   noise tolerance: 45.00
07-12 19:39:12.767  7204  7748 W Summariser:   quality: 23
07-12 19:39:12.767  7204  7748 W Summariser:   speed: medium
07-12 19:39:12.767  7204  7748 W Summariser:   freeze duration: 1.00
07-12 19:39:45.048  7204  7204 W NearbyFragment: Completed downloading 20200312_193728!001.mp4 from Endpoint{id=y2y7, name=Nexus 5 [1825]} in 10.079s
07-12 19:39:45.228  7204  7471 W mobile-ffmpeg: [graph 0 input from stream 0:0 @ 0x769383d140] sws_param option is deprecated and ignored
07-12 19:39:48.250  7204  7779 W Summariser: Whole video is active
07-12 19:39:48.913  7204  7779 W Summariser: Summarisation completed
07-12 19:39:48.913  7204  7779 W Summariser:   filename: 20200312_193728!001.mp4
07-12 19:39:48.913  7204  7779 W Summariser:   active sections: -1
07-12 19:39:48.913  7204  7779 W Summariser:   time: 03.691s
07-12 19:39:48.913  7204  7779 W Summariser:   original duration: 16.01
07-12 19:39:48.913  7204  7779 W Summariser:   summarised duration: 16.01
07-12 19:39:48.913  7204  7779 W Summariser:   noise tolerance: 45.00
07-12 19:39:48.913  7204  7779 W Summariser:   quality: 23
07-12 19:39:48.913  7204  7779 W Summariser:   speed: medium
07-12 19:39:48.913  7204  7779 W Summariser:   freeze duration: 1.00
07-12 19:39:48.922  7204  7779 W NearbyFragment: Sending 20200312_193728!001.mp4 to Nexus 5 [1825]
07-12 19:40:32.679  7204  7204 W NearbyFragment: Completed downloading 20200312_193828!001.mp4 from Endpoint{id=y2y7, name=Nexus 5 [1825]} in 06.294s
07-12 19:40:32.838  7204  7471 W mobile-ffmpeg: [graph 0 input from stream 0:0 @ 0x769383d140] sws_param option is deprecated and ignored
07-12 19:40:35.845  7204  7820 W Summariser: No activity detected
07-12 19:40:35.904  7204  7820 W Summariser: Summarisation completed
07-12 19:40:35.904  7204  7820 W Summariser:   filename: 20200312_193828!001.mp4
07-12 19:40:35.904  7204  7820 W Summariser:   active sections: 0
07-12 19:40:35.904  7204  7820 W Summariser:   time: 03.129s
07-12 19:40:35.904  7204  7820 W Summariser:   original duration: 16.01
07-12 19:40:35.904  7204  7820 W Summariser:   summarised duration: -1.00
07-12 19:40:35.904  7204  7820 W Summariser:   noise tolerance: 45.00
07-12 19:40:35.904  7204  7820 W Summariser:   quality: 23
07-12 19:40:35.904  7204  7820 W Summariser:   speed: medium
07-12 19:40:35.904  7204  7820 W Summariser:   freeze duration: 1.00
07-12 19:40:42.651  7204  7204 W NearbyFragment: Completed downloading 20200312_193828!003.mp4 from Endpoint{id=y2y7, name=Nexus 5 [1825]} in 06.670s
07-12 19:40:42.807  7204  7471 W mobile-ffmpeg: [graph 0 input from stream 0:0 @ 0x769383d140] sws_param option is deprecated and ignored
07-12 19:40:45.096  7204  7855 W Summariser: No activity detected
07-12 19:40:45.139  7204  7855 W Summariser: Summarisation completed
07-12 19:40:45.139  7204  7855 W Summariser:   filename: 20200312_193828!003.mp4
07-12 19:40:45.139  7204  7855 W Summariser:   active sections: 0
07-12 19:40:45.139  7204  7855 W Summariser:   time: 02.402s
07-12 19:40:45.139  7204  7855 W Summariser:   original duration: 12.01
07-12 19:40:45.139  7204  7855 W Summariser:   summarised duration: -1.00
07-12 19:40:45.139  7204  7855 W Summariser:   noise tolerance: 45.00
07-12 19:40:45.139  7204  7855 W Summariser:   quality: 23
07-12 19:40:45.139  7204  7855 W Summariser:   speed: medium
07-12 19:40:45.139  7204  7855 W Summariser:   freeze duration: 1.00
07-12 19:41:05.099  7204  7204 W NearbyFragment: Completed downloading 20200312_193928!001.mp4 from Endpoint{id=y2y7, name=Nexus 5 [1825]} in 04.720s
07-12 19:41:05.245  7204  7471 W mobile-ffmpeg: [graph 0 input from stream 0:0 @ 0x769383d140] sws_param option is deprecated and ignored
07-12 19:41:08.250  7204  7907 W Summariser: No activity detected
07-12 19:41:08.341  7204  7907 W Summariser: Summarisation completed
07-12 19:41:08.341  7204  7907 W Summariser:   filename: 20200312_193928!001.mp4
07-12 19:41:08.341  7204  7907 W Summariser:   active sections: 0
07-12 19:41:08.341  7204  7907 W Summariser:   time: 03.116s
07-12 19:41:08.341  7204  7907 W Summariser:   original duration: 16.05
07-12 19:41:08.341  7204  7907 W Summariser:   summarised duration: -1.00
07-12 19:41:08.341  7204  7907 W Summariser:   noise tolerance: 45.00
07-12 19:41:08.341  7204  7907 W Summariser:   quality: 23
07-12 19:41:08.341  7204  7907 W Summariser:   speed: medium
07-12 19:41:08.341  7204  7907 W Summariser:   freeze duration: 1.00
07-12 19:41:37.761  7204  7204 W NearbyFragment: Completed downloading 20200312_194129!001.mp4 from Endpoint{id=y2y7, name=Nexus 5 [1825]} in 06.018s
07-12 19:41:37.949  7204  7471 W mobile-ffmpeg: [graph 0 input from stream 0:0 @ 0x769383d140] sws_param option is deprecated and ignored
07-12 19:41:41.068  7204  7939 W Summariser: 1 active sections found
07-12 19:41:41.193  7204  7471 W mobile-ffmpeg: [graph 0 input from stream 0:0 @ 0x769383d080] sws_param option is deprecated and ignored
07-12 19:41:49.838  7204  7939 W Summariser: Summarisation completed
07-12 19:41:49.838  7204  7939 W Summariser:   filename: 20200312_194129!001.mp4
07-12 19:41:49.838  7204  7939 W Summariser:   active sections: 1
07-12 19:41:49.838  7204  7939 W Summariser:   time: 11.929s
07-12 19:41:49.838  7204  7939 W Summariser:   original duration: 16.02
07-12 19:41:49.838  7204  7939 W Summariser:   summarised duration: 2.97
07-12 19:41:49.838  7204  7939 W Summariser:   noise tolerance: 45.00
07-12 19:41:49.838  7204  7939 W Summariser:   quality: 23
07-12 19:41:49.838  7204  7939 W Summariser:   speed: medium
07-12 19:41:49.838  7204  7939 W Summariser:   freeze duration: 1.00
07-12 19:41:49.852  7204  7939 W NearbyFragment: Sending 20200312_194129!001.mp4 to Nexus 5 [1825]
07-12 19:42:08.297  7204  7204 W NearbyFragment: Completed downloading 20200312_194229!001.mp4 from Endpoint{id=y2y7, name=Nexus 5 [1825]} in 03.690s
07-12 19:42:08.535  7204  7471 W mobile-ffmpeg: [graph 0 input from stream 0:0 @ 0x769383d140] sws_param option is deprecated and ignored
07-12 19:42:11.845  7204  7995 W Summariser: 2 active sections found
07-12 19:42:11.940  7204  7471 W mobile-ffmpeg: [graph 0 input from stream 0:0 @ 0x769383d380] sws_param option is deprecated and ignored
07-12 19:42:11.940  7204  7471 W mobile-ffmpeg: [graph 0 input from stream 0:0 @ 0x769383d500] sws_param option is deprecated and ignored
07-12 19:42:32.623  7204  7995 W Summariser: Summarisation completed
07-12 19:42:32.623  7204  7995 W Summariser:   filename: 20200312_194229!001.mp4
07-12 19:42:32.623  7204  7995 W Summariser:   active sections: 2
07-12 19:42:32.623  7204  7995 W Summariser:   time: 24.097s
07-12 19:42:32.623  7204  7995 W Summariser:   original duration: 16.01
07-12 19:42:32.623  7204  7995 W Summariser:   summarised duration: 8.74
07-12 19:42:32.623  7204  7995 W Summariser:   noise tolerance: 45.00
07-12 19:42:32.623  7204  7995 W Summariser:   quality: 23
07-12 19:42:32.623  7204  7995 W Summariser:   speed: medium
07-12 19:42:32.623  7204  7995 W Summariser:   freeze duration: 1.00
07-12 19:42:32.643  7204  7995 W NearbyFragment: Sending 20200312_194229!001.mp4 to Nexus 5 [1825]
07-12 19:42:41.019  7204  7204 W NearbyFragment: Completed downloading 20200312_194330!001.mp4 from Endpoint{id=y2y7, name=Nexus 5 [1825]} in 08.237s
07-12 19:42:41.287  7204  7471 W mobile-ffmpeg: [graph 0 input from stream 0:0 @ 0x769383d140] sws_param option is deprecated and ignored
07-12 19:42:46.727  7204  8051 W Summariser: No activity detected
07-12 19:42:46.837  7204  8051 W Summariser: Summarisation completed
07-12 19:42:46.837  7204  8051 W Summariser:   filename: 20200312_194330!001.mp4
07-12 19:42:46.837  7204  8051 W Summariser:   active sections: 0
07-12 19:42:46.837  7204  8051 W Summariser:   time: 05.655s
07-12 19:42:46.837  7204  8051 W Summariser:   original duration: 16.01
07-12 19:42:46.837  7204  8051 W Summariser:   summarised duration: -1.00
07-12 19:42:46.837  7204  8051 W Summariser:   noise tolerance: 45.00
07-12 19:42:46.837  7204  8051 W Summariser:   quality: 23
07-12 19:42:46.837  7204  8051 W Summariser:   speed: medium
07-12 19:42:46.837  7204  8051 W Summariser:   freeze duration: 1.00
07-12 19:43:15.830  7204  7204 W NearbyFragment: Completed downloading 20200312_194730!001.mp4 from Endpoint{id=y2y7, name=Nexus 5 [1825]} in 06.651s
07-12 19:43:16.008  7204  7471 W mobile-ffmpeg: [graph 0 input from stream 0:0 @ 0x769383d140] sws_param option is deprecated and ignored
07-12 19:43:18.967  7204  8074 W Summariser: No activity detected
07-12 19:43:19.028  7204  8074 W Summariser: Summarisation completed
07-12 19:43:19.028  7204  8074 W Summariser:   filename: 20200312_194730!001.mp4
07-12 19:43:19.028  7204  8074 W Summariser:   active sections: 0
07-12 19:43:19.028  7204  8074 W Summariser:   time: 03.094s
07-12 19:43:19.028  7204  8074 W Summariser:   original duration: 16.02
07-12 19:43:19.028  7204  8074 W Summariser:   summarised duration: -1.00
07-12 19:43:19.028  7204  8074 W Summariser:   noise tolerance: 45.00
07-12 19:43:19.028  7204  8074 W Summariser:   quality: 23
07-12 19:43:19.028  7204  8074 W Summariser:   speed: medium
07-12 19:43:19.028  7204  8074 W Summariser:   freeze duration: 1.00
07-12 19:43:48.606  7204  7204 W NearbyFragment: Completed downloading 20200312_194830!001.mp4 from Endpoint{id=y2y7, name=Nexus 5 [1825]} in 06.447s
07-12 19:43:48.776  7204  7471 W mobile-ffmpeg: [graph 0 input from stream 0:0 @ 0x769383d140] sws_param option is deprecated and ignored
07-12 19:43:51.917  7204  8107 W Summariser: 2 active sections found
07-12 19:43:52.019  7204  7471 W mobile-ffmpeg: [graph 0 input from stream 0:0 @ 0x769383d140] sws_param option is deprecated and ignored
07-12 19:43:52.019  7204  7471 W mobile-ffmpeg: [graph 0 input from stream 0:0 @ 0x769383d500] sws_param option is deprecated and ignored
07-12 19:44:12.881  7204  8107 W Summariser: Summarisation completed
07-12 19:44:12.881  7204  8107 W Summariser:   filename: 20200312_194830!001.mp4
07-12 19:44:12.881  7204  8107 W Summariser:   active sections: 2
07-12 19:44:12.881  7204  8107 W Summariser:   time: 24.087s
07-12 19:44:12.881  7204  8107 W Summariser:   original duration: 16.01
07-12 19:44:12.881  7204  8107 W Summariser:   summarised duration: 8.10
07-12 19:44:12.881  7204  8107 W Summariser:   noise tolerance: 45.00
07-12 19:44:12.881  7204  8107 W Summariser:   quality: 23
07-12 19:44:12.881  7204  8107 W Summariser:   speed: medium
07-12 19:44:12.881  7204  8107 W Summariser:   freeze duration: 1.00
07-12 19:44:12.895  7204  8107 W NearbyFragment: Sending 20200312_194830!001.mp4 to Nexus 5 [1825]
07-12 19:44:21.731  7204  7204 W NearbyFragment: Completed downloading 20200312_194930!001.mp4 from Endpoint{id=y2y7, name=Nexus 5 [1825]} in 08.673s
07-12 19:44:22.016  7204  7471 W mobile-ffmpeg: [graph 0 input from stream 0:0 @ 0x769383d140] sws_param option is deprecated and ignored
07-12 19:44:27.459  7204  8163 W Summariser: 1 active sections found
07-12 19:44:27.620  7204  7471 W mobile-ffmpeg: [graph 0 input from stream 0:0 @ 0x769383d080] sws_param option is deprecated and ignored
07-12 19:44:35.080  7204  8163 W Summariser: Summarisation completed
07-12 19:44:35.080  7204  8163 W Summariser:   filename: 20200312_194930!001.mp4
07-12 19:44:35.080  7204  8163 W Summariser:   active sections: 1
07-12 19:44:35.080  7204  8163 W Summariser:   time: 13.142s
07-12 19:44:35.080  7204  8163 W Summariser:   original duration: 16.01
07-12 19:44:35.080  7204  8163 W Summariser:   summarised duration: 2.02
07-12 19:44:35.080  7204  8163 W Summariser:   noise tolerance: 45.00
07-12 19:44:35.080  7204  8163 W Summariser:   quality: 23
07-12 19:44:35.080  7204  8163 W Summariser:   speed: medium
07-12 19:44:35.080  7204  8163 W Summariser:   freeze duration: 1.00
07-12 19:44:35.094  7204  8163 W NearbyFragment: Sending 20200312_194930!001.mp4 to Nexus 5 [1825]
07-12 19:44:51.204  7204  7204 W NearbyFragment: Completed downloading 20200312_195230!001.mp4 from Endpoint{id=y2y7, name=Nexus 5 [1825]} in 03.360s
07-12 19:44:51.482  7204  7471 W mobile-ffmpeg: [graph 0 input from stream 0:0 @ 0x769383d140] sws_param option is deprecated and ignored
07-12 19:44:55.849  7204  8210 W Summariser: 1 active sections found
07-12 19:44:56.006  7204  7471 W mobile-ffmpeg: [graph 0 input from stream 0:0 @ 0x769383d080] sws_param option is deprecated and ignored
07-12 19:45:20.654  7204  8210 W Summariser: Summarisation completed
07-12 19:45:20.654  7204  8210 W Summariser:   filename: 20200312_195230!001.mp4
07-12 19:45:20.654  7204  8210 W Summariser:   active sections: 1
07-12 19:45:20.654  7204  8210 W Summariser:   time: 29.229s
07-12 19:45:20.654  7204  8210 W Summariser:   original duration: 16.01
07-12 19:45:20.654  7204  8210 W Summariser:   summarised duration: 6.97
07-12 19:45:20.654  7204  8210 W Summariser:   noise tolerance: 45.00
07-12 19:45:20.654  7204  8210 W Summariser:   quality: 23
07-12 19:45:20.654  7204  8210 W Summariser:   speed: medium
07-12 19:45:20.654  7204  8210 W Summariser:   freeze duration: 1.00
07-12 19:45:20.713  7204  8210 W NearbyFragment: Sending 20200312_195230!001.mp4 to Nexus 5 [1825]
07-12 19:45:30.071  7204  7204 W NearbyFragment: Completed downloading 20200312_195330!002.mp4 from Endpoint{id=y2y7, name=Nexus 5 [1825]} in 09.275s
07-12 19:45:30.344  7204  7471 W mobile-ffmpeg: [graph 0 input from stream 0:0 @ 0x769383d140] sws_param option is deprecated and ignored
07-12 19:45:35.959  7204  8273 W Summariser: 2 active sections found
07-12 19:45:36.120  7204  7471 W mobile-ffmpeg: [graph 0 input from stream 0:0 @ 0x769383d140] sws_param option is deprecated and ignored
07-12 19:45:36.120  7204  7471 W mobile-ffmpeg: [graph 0 input from stream 0:0 @ 0x769383d500] sws_param option is deprecated and ignored
07-12 19:46:05.287  7204  8273 W Summariser: Summarisation completed
07-12 19:46:05.287  7204  8273 W Summariser:   filename: 20200312_195330!002.mp4
07-12 19:46:05.287  7204  8273 W Summariser:   active sections: 2
07-12 19:46:05.287  7204  8273 W Summariser:   time: 34.998s
07-12 19:46:05.287  7204  8273 W Summariser:   original duration: 16.01
07-12 19:46:05.287  7204  8273 W Summariser:   summarised duration: 9.07
07-12 19:46:05.287  7204  8273 W Summariser:   noise tolerance: 45.00
07-12 19:46:05.287  7204  8273 W Summariser:   quality: 23
07-12 19:46:05.287  7204  8273 W Summariser:   speed: medium
07-12 19:46:05.287  7204  8273 W Summariser:   freeze duration: 1.00
07-12 19:46:05.333  7204  8273 W NearbyFragment: Sending 20200312_195330!002.mp4 to Nexus 5 [1825]
