--------- beginning of main
--------- beginning of system
06-29 21:41:47.584  7987  7987 W LogFactory: Truncating log tag length as it exceed 23, the limit imposed by Android on certain API Levels
06-29 21:42:03.072  7987  7987 E TransferService: No notification is passed in the intent. Unable to transition to foreground.
06-29 21:42:03.212  7987  7987 W StaticLayout: maxLineHeight should not be -1.  maxLines:1 lineCount:1
06-29 21:42:03.246  7987  7987 W StaticLayout: maxLineHeight should not be -1.  maxLines:1 lineCount:1
06-29 21:42:03.290  7987  8058 W Adreno-EGL: <qeglDrvAPI_eglGetConfigAttrib:607>: EGL_BAD_ATTRIBUTE
06-29 21:42:03.293  7987  8058 W Adreno-EGL: <qeglDrvAPI_eglGetConfigAttrib:607>: EGL_BAD_ATTRIBUTE
06-29 21:42:03.297  7987  7987 W StaticLayout: maxLineHeight should not be -1.  maxLines:1 lineCount:1
06-29 21:42:03.310  7987  7987 W StaticLayout: maxLineHeight should not be -1.  maxLines:1 lineCount:1
06-29 21:42:27.453  7987  8058 W Adreno-EGL: <qeglDrvAPI_eglGetConfigAttrib:607>: EGL_BAD_ATTRIBUTE
06-29 21:42:35.754  7987  8058 W Adreno-EGL: <qeglDrvAPI_eglGetConfigAttrib:607>: EGL_BAD_ATTRIBUTE
06-29 21:43:50.380  7987  7987 W NearbyFragment: Completed downloading 20200312_150643!001.mp4 from Endpoint{id=Rz_x, name=Nexus 5X [34d8]} in 03.226s
06-29 21:43:55.596  7987  8381 W Summariser: No activity detected
06-29 21:43:55.711  7987  8381 W Summariser: Summarisation completed
06-29 21:43:55.711  7987  8381 W Summariser:   filename: 20200312_150643!001.mp4
06-29 21:43:55.711  7987  8381 W Summariser:   active sections: 0
06-29 21:43:55.711  7987  8381 W Summariser:   time: 05.162s
06-29 21:43:55.711  7987  8381 W Summariser:   original duration: 16.01
06-29 21:43:55.711  7987  8381 W Summariser:   summarised duration: -1.00
06-29 21:43:55.711  7987  8381 W Summariser:   noise tolerance: 45.00
06-29 21:43:55.711  7987  8381 W Summariser:   quality: 23
06-29 21:43:55.711  7987  8381 W Summariser:   speed: medium
06-29 21:43:55.711  7987  8381 W Summariser:   freeze duration: 1.00
06-29 21:44:14.866  7987  7987 W NearbyFragment: Completed downloading 20200312_150744!001.mp4 from Endpoint{id=Rz_x, name=Nexus 5X [34d8]} in 03.578s
06-29 21:44:20.123  7987  8448 W Summariser: No activity detected
06-29 21:44:20.234  7987  8448 W Summariser: Summarisation completed
06-29 21:44:20.234  7987  8448 W Summariser:   filename: 20200312_150744!001.mp4
06-29 21:44:20.234  7987  8448 W Summariser:   active sections: 0
06-29 21:44:20.234  7987  8448 W Summariser:   time: 05.224s
06-29 21:44:20.234  7987  8448 W Summariser:   original duration: 16.02
06-29 21:44:20.234  7987  8448 W Summariser:   summarised duration: -1.00
06-29 21:44:20.234  7987  8448 W Summariser:   noise tolerance: 45.00
06-29 21:44:20.234  7987  8448 W Summariser:   quality: 23
06-29 21:44:20.234  7987  8448 W Summariser:   speed: medium
06-29 21:44:20.234  7987  8448 W Summariser:   freeze duration: 1.00
06-29 21:44:41.350  7987  7987 W NearbyFragment: Completed downloading 20200312_150844!001.mp4 from Endpoint{id=Rz_x, name=Nexus 5X [34d8]} in 06.715s
06-29 21:44:47.398  7987  8515 W Summariser: Whole video is active
06-29 21:44:48.842  7987  8515 W Summariser: Summarisation completed
06-29 21:44:48.842  7987  8515 W Summariser:   filename: 20200312_150844!001.mp4
06-29 21:44:48.842  7987  8515 W Summariser:   active sections: -1
06-29 21:44:48.842  7987  8515 W Summariser:   time: 07.247s
06-29 21:44:48.842  7987  8515 W Summariser:   original duration: 16.01
06-29 21:44:48.842  7987  8515 W Summariser:   summarised duration: 16.01
06-29 21:44:48.842  7987  8515 W Summariser:   noise tolerance: 45.00
06-29 21:44:48.842  7987  8515 W Summariser:   quality: 23
06-29 21:44:48.842  7987  8515 W Summariser:   speed: medium
06-29 21:44:48.842  7987  8515 W Summariser:   freeze duration: 1.00
06-29 21:44:48.867  7987  8515 W NearbyFragment: Sending 20200312_150844!001.mp4 to Nexus 5X [34d8]
06-29 21:45:18.393  7987  7987 W NearbyFragment: Completed downloading 20200312_150944!001.mp4 from Endpoint{id=Rz_x, name=Nexus 5X [34d8]} in 04.007s
06-29 21:45:24.187  7987  8631 W Summariser: No activity detected
06-29 21:45:24.287  7987  8631 W Summariser: Summarisation completed
06-29 21:45:24.287  7987  8631 W Summariser:   filename: 20200312_150944!001.mp4
06-29 21:45:24.287  7987  8631 W Summariser:   active sections: 0
06-29 21:45:24.287  7987  8631 W Summariser:   time: 05.767s
06-29 21:45:24.287  7987  8631 W Summariser:   original duration: 16.01
06-29 21:45:24.287  7987  8631 W Summariser:   summarised duration: -1.00
06-29 21:45:24.287  7987  8631 W Summariser:   noise tolerance: 45.00
06-29 21:45:24.287  7987  8631 W Summariser:   quality: 23
06-29 21:45:24.287  7987  8631 W Summariser:   speed: medium
06-29 21:45:24.287  7987  8631 W Summariser:   freeze duration: 1.00
06-29 21:45:46.870  7987  7987 W NearbyFragment: Completed downloading 20200312_151044!001.mp4 from Endpoint{id=Rz_x, name=Nexus 5X [34d8]} in 03.739s
06-29 21:45:52.995  7987  8680 W Summariser: No activity detected
06-29 21:45:53.095  7987  8680 W Summariser: Summarisation completed
06-29 21:45:53.095  7987  8680 W Summariser:   filename: 20200312_151044!001.mp4
06-29 21:45:53.095  7987  8680 W Summariser:   active sections: 0
06-29 21:45:53.095  7987  8680 W Summariser:   time: 06.058s
06-29 21:45:53.095  7987  8680 W Summariser:   original duration: 16.02
06-29 21:45:53.095  7987  8680 W Summariser:   summarised duration: -1.00
06-29 21:45:53.095  7987  8680 W Summariser:   noise tolerance: 45.00
06-29 21:45:53.095  7987  8680 W Summariser:   quality: 23
06-29 21:45:53.095  7987  8680 W Summariser:   speed: medium
06-29 21:45:53.095  7987  8680 W Summariser:   freeze duration: 1.00
06-29 21:46:13.434  7987  7987 W NearbyFragment: Completed downloading 20200312_193528!001.mp4 from Endpoint{id=Rz_x, name=Nexus 5X [34d8]} in 03.866s
06-29 21:46:19.412  7987  8739 W Summariser: No activity detected
06-29 21:46:19.484  7987  8739 W Summariser: Summarisation completed
06-29 21:46:19.484  7987  8739 W Summariser:   filename: 20200312_193528!001.mp4
06-29 21:46:19.484  7987  8739 W Summariser:   active sections: 0
06-29 21:46:19.484  7987  8739 W Summariser:   time: 05.936s
06-29 21:46:19.484  7987  8739 W Summariser:   original duration: 16.01
06-29 21:46:19.484  7987  8739 W Summariser:   summarised duration: -1.00
06-29 21:46:19.484  7987  8739 W Summariser:   noise tolerance: 45.00
06-29 21:46:19.484  7987  8739 W Summariser:   quality: 23
06-29 21:46:19.484  7987  8739 W Summariser:   speed: medium
06-29 21:46:19.484  7987  8739 W Summariser:   freeze duration: 1.00
06-29 21:46:40.360  7987  7987 W NearbyFragment: Completed downloading 20200312_193628!001.mp4 from Endpoint{id=Rz_x, name=Nexus 5X [34d8]} in 04.028s
06-29 21:46:46.388  7987  8810 W Summariser: No activity detected
06-29 21:46:46.472  7987  8810 W Summariser: Summarisation completed
06-29 21:46:46.472  7987  8810 W Summariser:   filename: 20200312_193628!001.mp4
06-29 21:46:46.472  7987  8810 W Summariser:   active sections: 0
06-29 21:46:46.472  7987  8810 W Summariser:   time: 05.994s
06-29 21:46:46.472  7987  8810 W Summariser:   original duration: 16.01
06-29 21:46:46.472  7987  8810 W Summariser:   summarised duration: -1.00
06-29 21:46:46.472  7987  8810 W Summariser:   noise tolerance: 45.00
06-29 21:46:46.472  7987  8810 W Summariser:   quality: 23
06-29 21:46:46.472  7987  8810 W Summariser:   speed: medium
06-29 21:46:46.472  7987  8810 W Summariser:   freeze duration: 1.00
06-29 21:47:09.001  7987  7987 W NearbyFragment: Completed downloading 20200312_193728!001.mp4 from Endpoint{id=Rz_x, name=Nexus 5X [34d8]} in 05.998s
06-29 21:47:15.014  7987  8876 W Summariser: Whole video is active
06-29 21:47:16.284  7987  8876 W Summariser: Summarisation completed
06-29 21:47:16.284  7987  8876 W Summariser:   filename: 20200312_193728!001.mp4
06-29 21:47:16.284  7987  8876 W Summariser:   active sections: -1
06-29 21:47:16.284  7987  8876 W Summariser:   time: 07.076s
06-29 21:47:16.284  7987  8876 W Summariser:   original duration: 16.01
06-29 21:47:16.284  7987  8876 W Summariser:   summarised duration: 16.01
06-29 21:47:16.284  7987  8876 W Summariser:   noise tolerance: 45.00
06-29 21:47:16.284  7987  8876 W Summariser:   quality: 23
06-29 21:47:16.284  7987  8876 W Summariser:   speed: medium
06-29 21:47:16.284  7987  8876 W Summariser:   freeze duration: 1.00
06-29 21:47:16.305  7987  8876 W NearbyFragment: Sending 20200312_193728!001.mp4 to Nexus 5X [34d8]
06-29 21:47:43.113  7987  7987 W NearbyFragment: Completed downloading 20200312_193828!001.mp4 from Endpoint{id=Rz_x, name=Nexus 5X [34d8]} in 03.860s
06-29 21:47:49.566  7987  8969 W Summariser: No activity detected
06-29 21:47:49.663  7987  8969 W Summariser: Summarisation completed
06-29 21:47:49.663  7987  8969 W Summariser:   filename: 20200312_193828!001.mp4
06-29 21:47:49.663  7987  8969 W Summariser:   active sections: 0
06-29 21:47:49.663  7987  8969 W Summariser:   time: 06.408s
06-29 21:47:49.663  7987  8969 W Summariser:   original duration: 16.01
06-29 21:47:49.663  7987  8969 W Summariser:   summarised duration: -1.00
06-29 21:47:49.663  7987  8969 W Summariser:   noise tolerance: 45.00
06-29 21:47:49.663  7987  8969 W Summariser:   quality: 23
06-29 21:47:49.663  7987  8969 W Summariser:   speed: medium
06-29 21:47:49.663  7987  8969 W Summariser:   freeze duration: 1.00
06-29 21:48:13.588  7987  7987 W NearbyFragment: Completed downloading 20200312_193928!001.mp4 from Endpoint{id=Rz_x, name=Nexus 5X [34d8]} in 04.025s
06-29 21:48:19.464  7987  9049 W Summariser: No activity detected
06-29 21:48:19.556  7987  9049 W Summariser: Summarisation completed
06-29 21:48:19.556  7987  9049 W Summariser:   filename: 20200312_193928!001.mp4
06-29 21:48:19.556  7987  9049 W Summariser:   active sections: 0
06-29 21:48:19.556  7987  9049 W Summariser:   time: 05.851s
06-29 21:48:19.556  7987  9049 W Summariser:   original duration: 16.05
06-29 21:48:19.556  7987  9049 W Summariser:   summarised duration: -1.00
06-29 21:48:19.556  7987  9049 W Summariser:   noise tolerance: 45.00
06-29 21:48:19.556  7987  9049 W Summariser:   quality: 23
06-29 21:48:19.556  7987  9049 W Summariser:   speed: medium
06-29 21:48:19.556  7987  9049 W Summariser:   freeze duration: 1.00
06-29 21:48:42.641  7987  7987 W NearbyFragment: Completed downloading 20200312_194129!001.mp4 from Endpoint{id=Rz_x, name=Nexus 5X [34d8]} in 03.642s
06-29 21:48:48.750  7987  9110 W Summariser: 1 active sections found
06-29 21:48:58.845  7987  9110 W Summariser: Summarisation completed
06-29 21:48:58.845  7987  9110 W Summariser:   filename: 20200312_194129!001.mp4
06-29 21:48:58.845  7987  9110 W Summariser:   active sections: 1
06-29 21:48:58.845  7987  9110 W Summariser:   time: 15.985s
06-29 21:48:58.845  7987  9110 W Summariser:   original duration: 16.02
06-29 21:48:58.845  7987  9110 W Summariser:   summarised duration: 2.97
06-29 21:48:58.845  7987  9110 W Summariser:   noise tolerance: 45.00
06-29 21:48:58.845  7987  9110 W Summariser:   quality: 23
06-29 21:48:58.845  7987  9110 W Summariser:   speed: medium
06-29 21:48:58.845  7987  9110 W Summariser:   freeze duration: 1.00
06-29 21:48:58.869  7987  9110 W NearbyFragment: Sending 20200312_194129!001.mp4 to Nexus 5X [34d8]
06-29 21:49:11.155  7987  7987 W NearbyFragment: Completed downloading 20200312_194229!001.mp4 from Endpoint{id=Rz_x, name=Nexus 5X [34d8]} in 03.120s
06-29 21:49:17.832  7987  9234 W Summariser: 2 active sections found
06-29 21:49:45.511  7987  9234 W Summariser: Summarisation completed
06-29 21:49:45.511  7987  9234 W Summariser:   filename: 20200312_194229!001.mp4
06-29 21:49:45.511  7987  9234 W Summariser:   active sections: 2
06-29 21:49:45.511  7987  9234 W Summariser:   time: 34.084s
06-29 21:49:45.511  7987  9234 W Summariser:   original duration: 16.01
06-29 21:49:45.511  7987  9234 W Summariser:   summarised duration: 8.74
06-29 21:49:45.511  7987  9234 W Summariser:   noise tolerance: 45.00
06-29 21:49:45.511  7987  9234 W Summariser:   quality: 23
06-29 21:49:45.511  7987  9234 W Summariser:   speed: medium
06-29 21:49:45.511  7987  9234 W Summariser:   freeze duration: 1.00
06-29 21:49:45.545  7987  9234 W NearbyFragment: Sending 20200312_194229!001.mp4 to Nexus 5X [34d8]
06-29 21:50:11.310  7987  7987 W NearbyFragment: Completed downloading 20200312_194730!003.mp4 from Endpoint{id=Rz_x, name=Nexus 5X [34d8]} in 03.866s
06-29 21:50:16.244  7987  9352 W Summariser: No activity detected
06-29 21:50:16.335  7987  9352 W Summariser: Summarisation completed
06-29 21:50:16.335  7987  9352 W Summariser:   filename: 20200312_194730!003.mp4
06-29 21:50:16.335  7987  9352 W Summariser:   active sections: 0
06-29 21:50:16.335  7987  9352 W Summariser:   time: 04.880s
06-29 21:50:16.335  7987  9352 W Summariser:   original duration: 12.03
06-29 21:50:16.335  7987  9352 W Summariser:   summarised duration: -1.00
06-29 21:50:16.335  7987  9352 W Summariser:   noise tolerance: 45.00
06-29 21:50:16.335  7987  9352 W Summariser:   quality: 23
06-29 21:50:16.335  7987  9352 W Summariser:   speed: medium
06-29 21:50:16.335  7987  9352 W Summariser:   freeze duration: 1.00
06-29 21:50:38.448  7987  7987 W NearbyFragment: Completed downloading 20200312_194830!002.mp4 from Endpoint{id=Rz_x, name=Nexus 5X [34d8]} in 04.194s
06-29 21:50:45.420  7987  9399 W Summariser: 2 active sections found
06-29 21:51:15.456  7987  9399 W Summariser: Summarisation completed
06-29 21:51:15.456  7987  9399 W Summariser:   filename: 20200312_194830!002.mp4
06-29 21:51:15.456  7987  9399 W Summariser:   active sections: 2
06-29 21:51:15.456  7987  9399 W Summariser:   time: 36.640s
06-29 21:51:15.456  7987  9399 W Summariser:   original duration: 16.01
06-29 21:51:15.456  7987  9399 W Summariser:   summarised duration: 8.84
06-29 21:51:15.456  7987  9399 W Summariser:   noise tolerance: 45.00
06-29 21:51:15.456  7987  9399 W Summariser:   quality: 23
06-29 21:51:15.456  7987  9399 W Summariser:   speed: medium
06-29 21:51:15.456  7987  9399 W Summariser:   freeze duration: 1.00
06-29 21:51:15.537  7987  9399 W NearbyFragment: Sending 20200312_194830!002.mp4 to Nexus 5X [34d8]
06-29 21:51:34.084  7987  7987 W NearbyFragment: Completed downloading 20200312_195230!001.mp4 from Endpoint{id=Rz_x, name=Nexus 5X [34d8]} in 04.203s
06-29 21:51:42.216  7987  9540 W Summariser: 1 active sections found
06-29 21:52:07.981  7987  9540 W Summariser: Summarisation completed
06-29 21:52:07.981  7987  9540 W Summariser:   filename: 20200312_195230!001.mp4
06-29 21:52:07.981  7987  9540 W Summariser:   active sections: 1
06-29 21:52:07.981  7987  9540 W Summariser:   time: 33.667s
06-29 21:52:07.981  7987  9540 W Summariser:   original duration: 16.01
06-29 21:52:07.981  7987  9540 W Summariser:   summarised duration: 6.97
06-29 21:52:07.981  7987  9540 W Summariser:   noise tolerance: 45.00
06-29 21:52:07.981  7987  9540 W Summariser:   quality: 23
06-29 21:52:07.981  7987  9540 W Summariser:   speed: medium
06-29 21:52:07.981  7987  9540 W Summariser:   freeze duration: 1.00
06-29 21:52:08.008  7987  9540 W NearbyFragment: Sending 20200312_195230!001.mp4 to Nexus 5X [34d8]
06-29 21:52:34.771  7987  7987 W NearbyFragment: Completed downloading 20200312_195430!001.mp4 from Endpoint{id=Rz_x, name=Nexus 5X [34d8]} in 05.095s
06-29 21:52:41.101  7987  7987 W NearbyFragment: Completed downloading 20200312_195430!003.mp4 from Endpoint{id=Rz_x, name=Nexus 5X [34d8]} in 03.859s
06-29 21:52:42.079  7987  9616 W Summariser: 2 active sections found
06-29 21:53:02.908  7987  9616 W Summariser: Summarisation completed
06-29 21:53:02.908  7987  9616 W Summariser:   filename: 20200312_195430!001.mp4
06-29 21:53:02.908  7987  9616 W Summariser:   active sections: 2
06-29 21:53:02.908  7987  9616 W Summariser:   time: 27.839s
06-29 21:53:02.908  7987  9616 W Summariser:   original duration: 16.01
06-29 21:53:02.908  7987  9616 W Summariser:   summarised duration: 5.90
06-29 21:53:02.908  7987  9616 W Summariser:   noise tolerance: 45.00
06-29 21:53:02.908  7987  9616 W Summariser:   quality: 23
06-29 21:53:02.908  7987  9616 W Summariser:   speed: medium
06-29 21:53:02.908  7987  9616 W Summariser:   freeze duration: 1.00
06-29 21:53:02.958  7987  9616 W NearbyFragment: Sending 20200312_195430!001.mp4 to Nexus 5X [34d8]
06-29 21:53:11.290  7987  9616 W Summariser: 1 active sections found
06-29 21:53:29.128  7987  9616 W Summariser: Summarisation completed
06-29 21:53:29.128  7987  9616 W Summariser:   filename: 20200312_195430!003.mp4
06-29 21:53:29.128  7987  9616 W Summariser:   active sections: 1
06-29 21:53:29.128  7987  9616 W Summariser:   time: 25.924s
06-29 21:53:29.128  7987  9616 W Summariser:   original duration: 11.98
06-29 21:53:29.128  7987  9616 W Summariser:   summarised duration: 4.54
06-29 21:53:29.128  7987  9616 W Summariser:   noise tolerance: 45.00
06-29 21:53:29.128  7987  9616 W Summariser:   quality: 23
06-29 21:53:29.128  7987  9616 W Summariser:   speed: medium
06-29 21:53:29.128  7987  9616 W Summariser:   freeze duration: 1.00
06-29 21:53:29.174  7987  9616 W NearbyFragment: Sending 20200312_195430!003.mp4 to Nexus 5X [34d8]
