--------- beginning of main
--------- beginning of system
06-29 22:02:07.501 10452 10452 W LogFactory: Truncating log tag length as it exceed 23, the limit imposed by Android on certain API Levels
06-29 22:02:24.624 10452 10452 E TransferService: No notification is passed in the intent. Unable to transition to foreground.
06-29 22:02:24.756 10452 10452 W StaticLayout: maxLineHeight should not be -1.  maxLines:1 lineCount:1
06-29 22:02:24.780 10452 10452 W StaticLayout: maxLineHeight should not be -1.  maxLines:1 lineCount:1
06-29 22:02:24.792 10452 10452 W StaticLayout: maxLineHeight should not be -1.  maxLines:1 lineCount:1
06-29 22:02:24.839 10452 10484 W Adreno-EGL: <qeglDrvAPI_eglGetConfigAttrib:607>: EGL_BAD_ATTRIBUTE
06-29 22:02:24.842 10452 10484 W Adreno-EGL: <qeglDrvAPI_eglGetConfigAttrib:607>: EGL_BAD_ATTRIBUTE
06-29 22:02:24.858 10452 10452 W StaticLayout: maxLineHeight should not be -1.  maxLines:1 lineCount:1
06-29 22:02:24.867 10452 10452 W StaticLayout: maxLineHeight should not be -1.  maxLines:1 lineCount:1
06-29 22:02:42.754 10452 10484 W Adreno-EGL: <qeglDrvAPI_eglGetConfigAttrib:607>: EGL_BAD_ATTRIBUTE
06-29 22:02:48.033 10452 10484 W Adreno-EGL: <qeglDrvAPI_eglGetConfigAttrib:607>: EGL_BAD_ATTRIBUTE
06-29 22:04:30.694 10452 10452 W NearbyFragment: Completed downloading 20200312_150643!001.mp4 from Endpoint{id=MHNk, name=Nexus 5X [34d8]} in 04.704s
06-29 22:04:36.012 10452 10832 W Summariser: No activity detected
06-29 22:04:36.123 10452 10832 W Summariser: Summarisation completed
06-29 22:04:36.123 10452 10832 W Summariser:   filename: 20200312_150643!001.mp4
06-29 22:04:36.123 10452 10832 W Summariser:   active sections: 0
06-29 22:04:36.123 10452 10832 W Summariser:   time: 05.265s
06-29 22:04:36.123 10452 10832 W Summariser:   original duration: 16.01
06-29 22:04:36.123 10452 10832 W Summariser:   summarised duration: -1.00
06-29 22:04:36.123 10452 10832 W Summariser:   noise tolerance: 45.00
06-29 22:04:36.123 10452 10832 W Summariser:   quality: 23
06-29 22:04:36.123 10452 10832 W Summariser:   speed: medium
06-29 22:04:36.123 10452 10832 W Summariser:   freeze duration: 1.00
06-29 22:04:53.834 10452 10452 W NearbyFragment: Completed downloading 20200312_150744!001.mp4 from Endpoint{id=MHNk, name=Nexus 5X [34d8]} in 03.819s
06-29 22:04:59.255 10452 10897 W Summariser: No activity detected
06-29 22:04:59.367 10452 10897 W Summariser: Summarisation completed
06-29 22:04:59.367 10452 10897 W Summariser:   filename: 20200312_150744!001.mp4
06-29 22:04:59.367 10452 10897 W Summariser:   active sections: 0
06-29 22:04:59.367 10452 10897 W Summariser:   time: 05.390s
06-29 22:04:59.367 10452 10897 W Summariser:   original duration: 16.02
06-29 22:04:59.367 10452 10897 W Summariser:   summarised duration: -1.00
06-29 22:04:59.367 10452 10897 W Summariser:   noise tolerance: 45.00
06-29 22:04:59.367 10452 10897 W Summariser:   quality: 23
06-29 22:04:59.367 10452 10897 W Summariser:   speed: medium
06-29 22:04:59.367 10452 10897 W Summariser:   freeze duration: 1.00
06-29 22:05:20.259 10452 10452 W NearbyFragment: Completed downloading 20200312_150844!001.mp4 from Endpoint{id=MHNk, name=Nexus 5X [34d8]} in 05.151s
06-29 22:05:25.486 10452 10988 W Summariser: Whole video is active
06-29 22:05:26.993 10452 10988 W Summariser: Summarisation completed
06-29 22:05:26.993 10452 10988 W Summariser:   filename: 20200312_150844!001.mp4
06-29 22:05:26.993 10452 10988 W Summariser:   active sections: -1
06-29 22:05:26.993 10452 10988 W Summariser:   time: 06.488s
06-29 22:05:26.993 10452 10988 W Summariser:   original duration: 16.01
06-29 22:05:26.993 10452 10988 W Summariser:   summarised duration: 16.01
06-29 22:05:26.993 10452 10988 W Summariser:   noise tolerance: 45.00
06-29 22:05:26.993 10452 10988 W Summariser:   quality: 23
06-29 22:05:26.993 10452 10988 W Summariser:   speed: medium
06-29 22:05:26.993 10452 10988 W Summariser:   freeze duration: 1.00
06-29 22:05:27.012 10452 10988 W NearbyFragment: Sending 20200312_150844!001.mp4 to Nexus 5X [34d8]
06-29 22:05:53.827 10452 10452 W NearbyFragment: Completed downloading 20200312_150944!001.mp4 from Endpoint{id=MHNk, name=Nexus 5X [34d8]} in 04.300s
06-29 22:05:59.916 10452 11057 W Summariser: No activity detected
06-29 22:06:00.019 10452 11057 W Summariser: Summarisation completed
06-29 22:06:00.019 10452 11057 W Summariser:   filename: 20200312_150944!001.mp4
06-29 22:06:00.019 10452 11057 W Summariser:   active sections: 0
06-29 22:06:00.019 10452 11057 W Summariser:   time: 06.064s
06-29 22:06:00.019 10452 11057 W Summariser:   original duration: 16.01
06-29 22:06:00.019 10452 11057 W Summariser:   summarised duration: -1.00
06-29 22:06:00.019 10452 11057 W Summariser:   noise tolerance: 45.00
06-29 22:06:00.019 10452 11057 W Summariser:   quality: 23
06-29 22:06:00.019 10452 11057 W Summariser:   speed: medium
06-29 22:06:00.019 10452 11057 W Summariser:   freeze duration: 1.00
06-29 22:06:18.656 10452 10452 W NearbyFragment: Completed downloading 20200312_151044!001.mp4 from Endpoint{id=MHNk, name=Nexus 5X [34d8]} in 04.677s
06-29 22:06:23.806 10452 11138 W Summariser: No activity detected
06-29 22:06:23.907 10452 11138 W Summariser: Summarisation completed
06-29 22:06:23.907 10452 11138 W Summariser:   filename: 20200312_151044!001.mp4
06-29 22:06:23.907 10452 11138 W Summariser:   active sections: 0
06-29 22:06:23.907 10452 11138 W Summariser:   time: 05.123s
06-29 22:06:23.907 10452 11138 W Summariser:   original duration: 16.02
06-29 22:06:23.907 10452 11138 W Summariser:   summarised duration: -1.00
06-29 22:06:23.907 10452 11138 W Summariser:   noise tolerance: 45.00
06-29 22:06:23.907 10452 11138 W Summariser:   quality: 23
06-29 22:06:23.907 10452 11138 W Summariser:   speed: medium
06-29 22:06:23.907 10452 11138 W Summariser:   freeze duration: 1.00
06-29 22:06:43.297 10452 10452 W NearbyFragment: Completed downloading 20200312_193528!001.mp4 from Endpoint{id=MHNk, name=Nexus 5X [34d8]} in 04.493s
06-29 22:06:49.262 10452 11213 W Summariser: No activity detected
06-29 22:06:49.335 10452 11213 W Summariser: Summarisation completed
06-29 22:06:49.335 10452 11213 W Summariser:   filename: 20200312_193528!001.mp4
06-29 22:06:49.335 10452 11213 W Summariser:   active sections: 0
06-29 22:06:49.335 10452 11213 W Summariser:   time: 05.926s
06-29 22:06:49.335 10452 11213 W Summariser:   original duration: 16.01
06-29 22:06:49.335 10452 11213 W Summariser:   summarised duration: -1.00
06-29 22:06:49.335 10452 11213 W Summariser:   noise tolerance: 45.00
06-29 22:06:49.335 10452 11213 W Summariser:   quality: 23
06-29 22:06:49.335 10452 11213 W Summariser:   speed: medium
06-29 22:06:49.335 10452 11213 W Summariser:   freeze duration: 1.00
06-29 22:07:10.479 10452 10452 W NearbyFragment: Completed downloading 20200312_193628!001.mp4 from Endpoint{id=MHNk, name=Nexus 5X [34d8]} in 03.434s
06-29 22:07:16.580 10452 11266 W Summariser: No activity detected
06-29 22:07:16.677 10452 11266 W Summariser: Summarisation completed
06-29 22:07:16.677 10452 11266 W Summariser:   filename: 20200312_193628!001.mp4
06-29 22:07:16.677 10452 11266 W Summariser:   active sections: 0
06-29 22:07:16.677 10452 11266 W Summariser:   time: 06.075s
06-29 22:07:16.677 10452 11266 W Summariser:   original duration: 16.01
06-29 22:07:16.677 10452 11266 W Summariser:   summarised duration: -1.00
06-29 22:07:16.677 10452 11266 W Summariser:   noise tolerance: 45.00
06-29 22:07:16.677 10452 11266 W Summariser:   quality: 23
06-29 22:07:16.677 10452 11266 W Summariser:   speed: medium
06-29 22:07:16.677 10452 11266 W Summariser:   freeze duration: 1.00
06-29 22:07:40.798 10452 10452 W NearbyFragment: Completed downloading 20200312_193728!001.mp4 from Endpoint{id=MHNk, name=Nexus 5X [34d8]} in 04.793s
06-29 22:07:46.276 10452 11332 W Summariser: Whole video is active
06-29 22:07:47.510 10452 11332 W Summariser: Summarisation completed
06-29 22:07:47.510 10452 11332 W Summariser:   filename: 20200312_193728!001.mp4
06-29 22:07:47.510 10452 11332 W Summariser:   active sections: -1
06-29 22:07:47.510 10452 11332 W Summariser:   time: 06.476s
06-29 22:07:47.510 10452 11332 W Summariser:   original duration: 16.01
06-29 22:07:47.510 10452 11332 W Summariser:   summarised duration: 16.01
06-29 22:07:47.510 10452 11332 W Summariser:   noise tolerance: 45.00
06-29 22:07:47.510 10452 11332 W Summariser:   quality: 23
06-29 22:07:47.510 10452 11332 W Summariser:   speed: medium
06-29 22:07:47.510 10452 11332 W Summariser:   freeze duration: 1.00
06-29 22:07:47.529 10452 11332 W NearbyFragment: Sending 20200312_193728!001.mp4 to Nexus 5X [34d8]
06-29 22:08:28.896 10452 10452 W NearbyFragment: Completed downloading 20200312_193828!001.mp4 from Endpoint{id=MHNk, name=Nexus 5X [34d8]} in 04.764s
06-29 22:08:34.165 10452 11550 W Summariser: No activity detected
06-29 22:08:34.269 10452 11550 W Summariser: Summarisation completed
06-29 22:08:34.269 10452 11550 W Summariser:   filename: 20200312_193828!001.mp4
06-29 22:08:34.269 10452 11550 W Summariser:   active sections: 0
06-29 22:08:34.269 10452 11550 W Summariser:   time: 05.240s
06-29 22:08:34.269 10452 11550 W Summariser:   original duration: 16.01
06-29 22:08:34.269 10452 11550 W Summariser:   summarised duration: -1.00
06-29 22:08:34.269 10452 11550 W Summariser:   noise tolerance: 45.00
06-29 22:08:34.269 10452 11550 W Summariser:   quality: 23
06-29 22:08:34.269 10452 11550 W Summariser:   speed: medium
06-29 22:08:34.269 10452 11550 W Summariser:   freeze duration: 1.00
06-29 22:08:39.559 10452 10452 W NearbyFragment: Completed downloading 20200312_193828!003.mp4 from Endpoint{id=MHNk, name=Nexus 5X [34d8]} in 05.222s
06-29 22:08:44.191 10452 11616 W Summariser: No activity detected
06-29 22:08:44.265 10452 11616 W Summariser: Summarisation completed
06-29 22:08:44.265 10452 11616 W Summariser:   filename: 20200312_193828!003.mp4
06-29 22:08:44.265 10452 11616 W Summariser:   active sections: 0
06-29 22:08:44.265 10452 11616 W Summariser:   time: 04.605s
06-29 22:08:44.265 10452 11616 W Summariser:   original duration: 12.01
06-29 22:08:44.265 10452 11616 W Summariser:   summarised duration: -1.00
06-29 22:08:44.265 10452 11616 W Summariser:   noise tolerance: 45.00
06-29 22:08:44.265 10452 11616 W Summariser:   quality: 23
06-29 22:08:44.265 10452 11616 W Summariser:   speed: medium
06-29 22:08:44.265 10452 11616 W Summariser:   freeze duration: 1.00
06-29 22:09:01.533 10452 10452 W NearbyFragment: Completed downloading 20200312_193928!001.mp4 from Endpoint{id=MHNk, name=Nexus 5X [34d8]} in 03.526s
06-29 22:09:08.360 10452 11652 W Summariser: No activity detected
06-29 22:09:08.464 10452 11652 W Summariser: Summarisation completed
06-29 22:09:08.464 10452 11652 W Summariser:   filename: 20200312_193928!001.mp4
06-29 22:09:08.464 10452 11652 W Summariser:   active sections: 0
06-29 22:09:08.464 10452 11652 W Summariser:   time: 06.796s
06-29 22:09:08.464 10452 11652 W Summariser:   original duration: 16.05
06-29 22:09:08.464 10452 11652 W Summariser:   summarised duration: -1.00
06-29 22:09:08.464 10452 11652 W Summariser:   noise tolerance: 45.00
06-29 22:09:08.464 10452 11652 W Summariser:   quality: 23
06-29 22:09:08.464 10452 11652 W Summariser:   speed: medium
06-29 22:09:08.464 10452 11652 W Summariser:   freeze duration: 1.00
06-29 22:09:31.569 10452 10452 W NearbyFragment: Completed downloading 20200312_194129!001.mp4 from Endpoint{id=MHNk, name=Nexus 5X [34d8]} in 04.015s
06-29 22:09:37.610 10452 11694 W Summariser: 1 active sections found
06-29 22:09:48.565 10452 11694 W Summariser: Summarisation completed
06-29 22:09:48.565 10452 11694 W Summariser:   filename: 20200312_194129!001.mp4
06-29 22:09:48.565 10452 11694 W Summariser:   active sections: 1
06-29 22:09:48.565 10452 11694 W Summariser:   time: 16.777s
06-29 22:09:48.565 10452 11694 W Summariser:   original duration: 16.02
06-29 22:09:48.565 10452 11694 W Summariser:   summarised duration: 2.97
06-29 22:09:48.565 10452 11694 W Summariser:   noise tolerance: 45.00
06-29 22:09:48.565 10452 11694 W Summariser:   quality: 23
06-29 22:09:48.565 10452 11694 W Summariser:   speed: medium
06-29 22:09:48.565 10452 11694 W Summariser:   freeze duration: 1.00
06-29 22:09:48.588 10452 11694 W NearbyFragment: Sending 20200312_194129!001.mp4 to Nexus 5X [34d8]
06-29 22:10:00.156 10452 10452 W NearbyFragment: Completed downloading 20200312_194229!001.mp4 from Endpoint{id=MHNk, name=Nexus 5X [34d8]} in 04.226s
06-29 22:10:06.701 10452 11798 W Summariser: 2 active sections found
06-29 22:10:34.337 10452 11798 W Summariser: Summarisation completed
06-29 22:10:34.337 10452 11798 W Summariser:   filename: 20200312_194229!001.mp4
06-29 22:10:34.337 10452 11798 W Summariser:   active sections: 2
06-29 22:10:34.337 10452 11798 W Summariser:   time: 33.951s
06-29 22:10:34.337 10452 11798 W Summariser:   original duration: 16.01
06-29 22:10:34.337 10452 11798 W Summariser:   summarised duration: 8.74
06-29 22:10:34.337 10452 11798 W Summariser:   noise tolerance: 45.00
06-29 22:10:34.337 10452 11798 W Summariser:   quality: 23
06-29 22:10:34.337 10452 11798 W Summariser:   speed: medium
06-29 22:10:34.337 10452 11798 W Summariser:   freeze duration: 1.00
06-29 22:10:34.364 10452 11798 W NearbyFragment: Sending 20200312_194229!001.mp4 to Nexus 5X [34d8]
06-29 22:10:55.697 10452 10452 W NearbyFragment: Completed downloading 20200312_194730!001.mp4 from Endpoint{id=MHNk, name=Nexus 5X [34d8]} in 03.688s
06-29 22:11:03.760 10452 11882 W Summariser: No activity detected
06-29 22:11:03.881 10452 11882 W Summariser: Summarisation completed
06-29 22:11:03.881 10452 11882 W Summariser:   filename: 20200312_194730!001.mp4
06-29 22:11:03.881 10452 11882 W Summariser:   active sections: 0
06-29 22:11:03.881 10452 11882 W Summariser:   time: 08.022s
06-29 22:11:03.881 10452 11882 W Summariser:   original duration: 16.02
06-29 22:11:03.881 10452 11882 W Summariser:   summarised duration: -1.00
06-29 22:11:03.881 10452 11882 W Summariser:   noise tolerance: 45.00
06-29 22:11:03.881 10452 11882 W Summariser:   quality: 23
06-29 22:11:03.881 10452 11882 W Summariser:   speed: medium
06-29 22:11:03.881 10452 11882 W Summariser:   freeze duration: 1.00
06-29 22:11:25.360 10452 10452 W NearbyFragment: Completed downloading 20200312_194830!001.mp4 from Endpoint{id=MHNk, name=Nexus 5X [34d8]} in 04.588s
06-29 22:11:31.053 10452 11948 W Summariser: 2 active sections found
06-29 22:11:58.406 10452 11948 W Summariser: Summarisation completed
06-29 22:11:58.406 10452 11948 W Summariser:   filename: 20200312_194830!001.mp4
06-29 22:11:58.406 10452 11948 W Summariser:   active sections: 2
06-29 22:11:58.406 10452 11948 W Summariser:   time: 32.796s
06-29 22:11:58.406 10452 11948 W Summariser:   original duration: 16.01
06-29 22:11:58.406 10452 11948 W Summariser:   summarised duration: 8.10
06-29 22:11:58.406 10452 11948 W Summariser:   noise tolerance: 45.00
06-29 22:11:58.406 10452 11948 W Summariser:   quality: 23
06-29 22:11:58.406 10452 11948 W Summariser:   speed: medium
06-29 22:11:58.406 10452 11948 W Summariser:   freeze duration: 1.00
06-29 22:11:58.447 10452 11948 W NearbyFragment: Sending 20200312_194830!001.mp4 to Nexus 5X [34d8]
06-29 22:11:59.805 10452 10452 W NearbyFragment: Completed downloading 20200312_194930!002.mp4 from Endpoint{id=MHNk, name=Nexus 5X [34d8]} in 04.825s
06-29 22:12:05.830 10452 10452 W NearbyFragment: Completed downloading 20200312_194930!003.mp4 from Endpoint{id=MHNk, name=Nexus 5X [34d8]} in 06.663s
06-29 22:12:09.290 10452 12035 W Summariser: No activity detected
06-29 22:12:09.449 10452 12035 W Summariser: Summarisation completed
06-29 22:12:09.449 10452 12035 W Summariser:   filename: 20200312_194930!002.mp4
06-29 22:12:09.449 10452 12035 W Summariser:   active sections: 0
06-29 22:12:09.449 10452 12035 W Summariser:   time: 09.380s
06-29 22:12:09.449 10452 12035 W Summariser:   original duration: 16.01
06-29 22:12:09.449 10452 12035 W Summariser:   summarised duration: -1.00
06-29 22:12:09.449 10452 12035 W Summariser:   noise tolerance: 45.00
06-29 22:12:09.449 10452 12035 W Summariser:   quality: 23
06-29 22:12:09.449 10452 12035 W Summariser:   speed: medium
06-29 22:12:09.449 10452 12035 W Summariser:   freeze duration: 1.00
06-29 22:12:17.814 10452 12035 W Summariser: 1 active sections found
06-29 22:13:08.898 10452 12035 W Summariser: Summarisation completed
06-29 22:13:08.898 10452 12035 W Summariser:   filename: 20200312_194930!003.mp4
06-29 22:13:08.898 10452 12035 W Summariser:   active sections: 1
06-29 22:13:08.898 10452 12035 W Summariser:   time: 59.200s
06-29 22:13:08.898 10452 12035 W Summariser:   original duration: 12.01
06-29 22:13:08.898 10452 12035 W Summariser:   summarised duration: 10.95
06-29 22:13:08.898 10452 12035 W Summariser:   noise tolerance: 45.00
06-29 22:13:08.898 10452 12035 W Summariser:   quality: 23
06-29 22:13:08.898 10452 12035 W Summariser:   speed: medium
06-29 22:13:08.898 10452 12035 W Summariser:   freeze duration: 1.00
06-29 22:13:08.991 10452 12035 W NearbyFragment: Sending 20200312_194930!003.mp4 to Nexus 5X [34d8]
06-29 22:13:09.064 10452 10452 W NearbyFragment: Completed downloading 20200312_195330!002.mp4 from Endpoint{id=MHNk, name=Nexus 5X [34d8]} in 07.932s
06-29 22:13:18.000 10452 12151 W Summariser: 2 active sections found
06-29 22:13:41.140 10452 10452 W NearbyFragment: Completed downloading 20200312_195430!003.mp4 from Endpoint{id=MHNk, name=Nexus 5X [34d8]} in 03.657s
06-29 22:13:55.761 10452 12151 W Summariser: Summarisation completed
06-29 22:13:55.761 10452 12151 W Summariser:   filename: 20200312_195330!002.mp4
06-29 22:13:55.761 10452 12151 W Summariser:   active sections: 2
06-29 22:13:55.761 10452 12151 W Summariser:   time: 46.390s
06-29 22:13:55.761 10452 12151 W Summariser:   original duration: 16.01
06-29 22:13:55.761 10452 12151 W Summariser:   summarised duration: 9.07
06-29 22:13:55.761 10452 12151 W Summariser:   noise tolerance: 45.00
06-29 22:13:55.761 10452 12151 W Summariser:   quality: 23
06-29 22:13:55.761 10452 12151 W Summariser:   speed: medium
06-29 22:13:55.761 10452 12151 W Summariser:   freeze duration: 1.00
06-29 22:13:55.821 10452 12151 W NearbyFragment: Sending 20200312_195330!002.mp4 to Nexus 5X [34d8]
06-29 22:14:04.162 10452 12151 W Summariser: 1 active sections found
06-29 22:14:21.617 10452 12151 W Summariser: Summarisation completed
06-29 22:14:21.617 10452 12151 W Summariser:   filename: 20200312_195430!003.mp4
06-29 22:14:21.617 10452 12151 W Summariser:   active sections: 1
06-29 22:14:21.617 10452 12151 W Summariser:   time: 25.545s
06-29 22:14:21.617 10452 12151 W Summariser:   original duration: 11.98
06-29 22:14:21.617 10452 12151 W Summariser:   summarised duration: 4.54
06-29 22:14:21.617 10452 12151 W Summariser:   noise tolerance: 45.00
06-29 22:14:21.617 10452 12151 W Summariser:   quality: 23
06-29 22:14:21.617 10452 12151 W Summariser:   speed: medium
06-29 22:14:21.617 10452 12151 W Summariser:   freeze duration: 1.00
06-29 22:14:21.645 10452 12151 W NearbyFragment: Sending 20200312_195430!003.mp4 to Nexus 5X [34d8]
