--------- beginning of main
06-29 22:02:08.641 30753 30753 E Zygote  : isWhitelistProcess - Process is Whitelisted
06-29 22:02:08.645 30753 30753 E Zygote  : accessInfo : 1
06-29 22:02:13.781 30753 30753 W LogFactory: Truncating log tag length as it exceed 23, the limit imposed by Android on certain API Levels
06-29 22:02:23.933 30753 30753 W ActivityThread: handleWindowVisibility: no activity for token android.os.BinderProxy@32de078
06-29 22:02:24.012 30753 30753 W example.edgesu: Accessing hidden method Landroid/graphics/drawable/Drawable;->getOpticalInsets()Landroid/graphics/Insets; (light greylist, linking)
06-29 22:02:24.012 30753 30753 W example.edgesu: Accessing hidden field Landroid/graphics/Insets;->left:I (light greylist, linking)
06-29 22:02:24.012 30753 30753 W example.edgesu: Accessing hidden field Landroid/graphics/Insets;->right:I (light greylist, linking)
06-29 22:02:24.012 30753 30753 W example.edgesu: Accessing hidden field Landroid/graphics/Insets;->top:I (light greylist, linking)
06-29 22:02:24.012 30753 30753 W example.edgesu: Accessing hidden field Landroid/graphics/Insets;->bottom:I (light greylist, linking)
06-29 22:02:24.061 30753 30753 W example.edgesu: Accessing hidden method Landroid/view/View;->computeFitSystemWindows(Landroid/graphics/Rect;Landroid/graphics/Rect;)Z (light greylist, reflection)
06-29 22:02:24.062 30753 30753 W example.edgesu: Accessing hidden method Landroid/view/ViewGroup;->makeOptionalFitsSystemWindows()V (light greylist, reflection)
06-29 22:02:24.166 30753 30753 W example.edgesu: Accessing hidden method Landroid/widget/TextView;->getTextDirectionHeuristic()Landroid/text/TextDirectionHeuristic; (light greylist, linking)
06-29 22:02:24.175 30753 30753 W example.edgesu: Accessing hidden field Landroid/view/View;->mAccessibilityDelegate:Landroid/view/View$AccessibilityDelegate; (light greylist, reflection)
06-29 22:02:24.505 30753 30753 E TransferService: No notification is passed in the intent. Unable to transition to foreground.
06-29 22:02:24.552 30753 30753 W StaticLayout: maxLineHeight should not be -1.  maxLines:1 lineCount:1
06-29 22:02:24.564 30753 30753 W StaticLayout: maxLineHeight should not be -1.  maxLines:1 lineCount:1
06-29 22:02:24.568 30753 30753 W StaticLayout: maxLineHeight should not be -1.  maxLines:1 lineCount:1
06-29 22:02:24.572 30753 30753 W StaticLayout: maxLineHeight should not be -1.  maxLines:1 lineCount:1
06-29 22:02:24.591 30753 30753 W StaticLayout: maxLineHeight should not be -1.  maxLines:1 lineCount:1
06-29 22:02:24.595 30753 30753 W StaticLayout: maxLineHeight should not be -1.  maxLines:1 lineCount:1
06-29 22:02:34.467 30753 30753 W example.edgesu: Accessing hidden method Landroid/graphics/FontFamily;-><init>()V (light greylist, reflection)
06-29 22:02:34.468 30753 30753 W example.edgesu: Accessing hidden method Landroid/graphics/FontFamily;->addFontFromAssetManager(Landroid/content/res/AssetManager;Ljava/lang/String;IZIII[Landroid/graphics/fonts/FontVariationAxis;)Z (light greylist, reflection)
06-29 22:02:34.468 30753 30753 W example.edgesu: Accessing hidden method Landroid/graphics/FontFamily;->addFontFromBuffer(Ljava/nio/ByteBuffer;I[Landroid/graphics/fonts/FontVariationAxis;II)Z (light greylist, reflection)
06-29 22:02:34.468 30753 30753 W example.edgesu: Accessing hidden method Landroid/graphics/FontFamily;->freeze()Z (light greylist, reflection)
06-29 22:02:34.468 30753 30753 W example.edgesu: Accessing hidden method Landroid/graphics/FontFamily;->abortCreation()V (light greylist, reflection)
06-29 22:02:34.469 30753 30753 W example.edgesu: Accessing hidden method Landroid/graphics/Typeface;->createFromFamiliesWithDefault([Landroid/graphics/FontFamily;Ljava/lang/String;II)Landroid/graphics/Typeface; (light greylist, reflection)
06-29 22:02:40.394 30753 30994 W libEGL  : EGLNativeWindowType 0x70750e2010 disconnect failed
06-29 22:02:42.664 30753 30994 W libEGL  : EGLNativeWindowType 0x70750e2010 disconnect failed
06-29 22:02:42.747 30753 30753 E ViewRootImpl: sendUserActionEvent() returned.
06-29 22:04:25.644 30753 30753 W NearbyFragment: Completed downloading 20200312_150643!000.mp4 from Endpoint{id=MHNk, name=Nexus 5X [34d8]} in 02.029s
06-29 22:04:27.677 30753 31565 W Summariser: No activity detected
06-29 22:04:27.733 30753 31565 W Summariser: Summarisation completed
06-29 22:04:27.733 30753 31565 W Summariser:   filename: 20200312_150643!000.mp4
06-29 22:04:27.733 30753 31565 W Summariser:   active sections: 0
06-29 22:04:27.733 30753 31565 W Summariser:   time: 01.911s
06-29 22:04:27.733 30753 31565 W Summariser:   original duration: 16.07
06-29 22:04:27.733 30753 31565 W Summariser:   summarised duration: -1.00
06-29 22:04:27.733 30753 31565 W Summariser:   noise tolerance: 45.00
06-29 22:04:27.733 30753 31565 W Summariser:   quality: 23
06-29 22:04:27.733 30753 31565 W Summariser:   speed: medium
06-29 22:04:27.733 30753 31565 W Summariser:   freeze duration: 1.00
06-29 22:04:33.372 30753 30753 W NearbyFragment: Completed downloading 20200312_150643!002.mp4 from Endpoint{id=MHNk, name=Nexus 5X [34d8]} in 05.553s
06-29 22:04:35.345 30753 31593 W Summariser: No activity detected
06-29 22:04:35.406 30753 31593 W Summariser: Summarisation completed
06-29 22:04:35.406 30753 31593 W Summariser:   filename: 20200312_150643!002.mp4
06-29 22:04:35.406 30753 31593 W Summariser:   active sections: 0
06-29 22:04:35.406 30753 31593 W Summariser:   time: 01.901s
06-29 22:04:35.406 30753 31593 W Summariser:   original duration: 16.01
06-29 22:04:35.406 30753 31593 W Summariser:   summarised duration: -1.00
06-29 22:04:35.406 30753 31593 W Summariser:   noise tolerance: 45.00
06-29 22:04:35.406 30753 31593 W Summariser:   quality: 23
06-29 22:04:35.406 30753 31593 W Summariser:   speed: medium
06-29 22:04:35.406 30753 31593 W Summariser:   freeze duration: 1.00
06-29 22:04:50.606 30753 30753 W NearbyFragment: Completed downloading 20200312_150744!000.mp4 from Endpoint{id=MHNk, name=Nexus 5X [34d8]} in 01.815s
06-29 22:04:52.626 30753 31622 W Summariser: No activity detected
06-29 22:04:52.675 30753 31622 W Summariser: Summarisation completed
06-29 22:04:52.675 30753 31622 W Summariser:   filename: 20200312_150744!000.mp4
06-29 22:04:52.675 30753 31622 W Summariser:   active sections: 0
06-29 22:04:52.675 30753 31622 W Summariser:   time: 01.957s
06-29 22:04:52.675 30753 31622 W Summariser:   original duration: 16.07
06-29 22:04:52.675 30753 31622 W Summariser:   summarised duration: -1.00
06-29 22:04:52.675 30753 31622 W Summariser:   noise tolerance: 45.00
06-29 22:04:52.675 30753 31622 W Summariser:   quality: 23
06-29 22:04:52.675 30753 31622 W Summariser:   speed: medium
06-29 22:04:52.675 30753 31622 W Summariser:   freeze duration: 1.00
06-29 22:04:56.323 30753 30753 W NearbyFragment: Completed downloading 20200312_150744!002.mp4 from Endpoint{id=MHNk, name=Nexus 5X [34d8]} in 03.494s
06-29 22:04:58.285 30753 31672 W Summariser: No activity detected
06-29 22:04:58.344 30753 31672 W Summariser: Summarisation completed
06-29 22:04:58.344 30753 31672 W Summariser:   filename: 20200312_150744!002.mp4
06-29 22:04:58.344 30753 31672 W Summariser:   active sections: 0
06-29 22:04:58.344 30753 31672 W Summariser:   time: 01.898s
06-29 22:04:58.344 30753 31672 W Summariser:   original duration: 16.01
06-29 22:04:58.344 30753 31672 W Summariser:   summarised duration: -1.00
06-29 22:04:58.344 30753 31672 W Summariser:   noise tolerance: 45.00
06-29 22:04:58.344 30753 31672 W Summariser:   quality: 23
06-29 22:04:58.344 30753 31672 W Summariser:   speed: medium
06-29 22:04:58.344 30753 31672 W Summariser:   freeze duration: 1.00
06-29 22:05:15.678 30753 30753 W NearbyFragment: Completed downloading 20200312_150844!000.mp4 from Endpoint{id=MHNk, name=Nexus 5X [34d8]} in 01.726s
06-29 22:05:17.784 30753 31718 W Summariser: Whole video is active
06-29 22:05:18.322 30753 30765 W System  : A resource failed to call close. 
06-29 22:05:18.323 30753 30765 W System  : A resource failed to call close. 
06-29 22:05:18.342 30753 31718 W Summariser: Summarisation completed
06-29 22:05:18.342 30753 31718 W Summariser:   filename: 20200312_150844!000.mp4
06-29 22:05:18.342 30753 31718 W Summariser:   active sections: -1
06-29 22:05:18.342 30753 31718 W Summariser:   time: 02.490s
06-29 22:05:18.342 30753 31718 W Summariser:   original duration: 16.06
06-29 22:05:18.342 30753 31718 W Summariser:   summarised duration: 16.06
06-29 22:05:18.342 30753 31718 W Summariser:   noise tolerance: 45.00
06-29 22:05:18.342 30753 31718 W Summariser:   quality: 23
06-29 22:05:18.342 30753 31718 W Summariser:   speed: medium
06-29 22:05:18.342 30753 31718 W Summariser:   freeze duration: 1.00
06-29 22:05:18.404 30753 31718 W NearbyFragment: Sending 20200312_150844!000.mp4 to Nexus 5X [34d8]
06-29 22:05:22.963 30753 30753 W NearbyFragment: Completed downloading 20200312_150844!002.mp4 from Endpoint{id=MHNk, name=Nexus 5X [34d8]} in 04.470s
06-29 22:05:24.920 30753 31753 W Summariser: Whole video is active
06-29 22:05:25.448 30753 31753 W Summariser: Summarisation completed
06-29 22:05:25.448 30753 31753 W Summariser:   filename: 20200312_150844!002.mp4
06-29 22:05:25.448 30753 31753 W Summariser:   active sections: -1
06-29 22:05:25.448 30753 31753 W Summariser:   time: 02.316s
06-29 22:05:25.448 30753 31753 W Summariser:   original duration: 16.01
06-29 22:05:25.448 30753 31753 W Summariser:   summarised duration: 16.01
06-29 22:05:25.448 30753 31753 W Summariser:   noise tolerance: 45.00
06-29 22:05:25.448 30753 31753 W Summariser:   quality: 23
06-29 22:05:25.448 30753 31753 W Summariser:   speed: medium
06-29 22:05:25.448 30753 31753 W Summariser:   freeze duration: 1.00
06-29 22:05:25.502 30753 31753 W NearbyFragment: Sending 20200312_150844!002.mp4 to Nexus 5X [34d8]
06-29 22:05:49.861 30753 30753 W NearbyFragment: Completed downloading 20200312_150944!000.mp4 from Endpoint{id=MHNk, name=Nexus 5X [34d8]} in 02.215s
06-29 22:05:51.838 30753 31790 W Summariser: 1 active sections found
06-29 22:05:59.026 30753 31790 W Summariser: Summarisation completed
06-29 22:05:59.026 30753 31790 W Summariser:   filename: 20200312_150944!000.mp4
06-29 22:05:59.026 30753 31790 W Summariser:   active sections: 1
06-29 22:05:59.026 30753 31790 W Summariser:   time: 09.013s
06-29 22:05:59.026 30753 31790 W Summariser:   original duration: 16.06
06-29 22:05:59.026 30753 31790 W Summariser:   summarised duration: 7.07
06-29 22:05:59.026 30753 31790 W Summariser:   noise tolerance: 45.00
06-29 22:05:59.026 30753 31790 W Summariser:   quality: 23
06-29 22:05:59.026 30753 31790 W Summariser:   speed: medium
06-29 22:05:59.026 30753 31790 W Summariser:   freeze duration: 1.00
06-29 22:05:59.064 30753 31790 W NearbyFragment: Sending 20200312_150944!000.mp4 to Nexus 5X [34d8]
06-29 22:06:02.679 30753 30753 W NearbyFragment: Completed downloading 20200312_150944!003.mp4 from Endpoint{id=MHNk, name=Nexus 5X [34d8]} in 03.440s
06-29 22:06:04.233 30753 31872 W Summariser: No activity detected
06-29 22:06:04.283 30753 31872 W Summariser: Summarisation completed
06-29 22:06:04.283 30753 31872 W Summariser:   filename: 20200312_150944!003.mp4
06-29 22:06:04.283 30753 31872 W Summariser:   active sections: 0
06-29 22:06:04.283 30753 31872 W Summariser:   time: 01.496s
06-29 22:06:04.283 30753 31872 W Summariser:   original duration: 12.01
06-29 22:06:04.283 30753 31872 W Summariser:   summarised duration: -1.00
06-29 22:06:04.283 30753 31872 W Summariser:   noise tolerance: 45.00
06-29 22:06:04.283 30753 31872 W Summariser:   quality: 23
06-29 22:06:04.283 30753 31872 W Summariser:   speed: medium
06-29 22:06:04.283 30753 31872 W Summariser:   freeze duration: 1.00
06-29 22:06:14.570 30753 30753 W NearbyFragment: Completed downloading 20200312_151044!000.mp4 from Endpoint{id=MHNk, name=Nexus 5X [34d8]} in 01.735s
06-29 22:06:16.682 30753 31899 W Summariser: No activity detected
06-29 22:06:16.731 30753 31899 W Summariser: Summarisation completed
06-29 22:06:16.731 30753 31899 W Summariser:   filename: 20200312_151044!000.mp4
06-29 22:06:16.731 30753 31899 W Summariser:   active sections: 0
06-29 22:06:16.731 30753 31899 W Summariser:   time: 02.048s
06-29 22:06:16.731 30753 31899 W Summariser:   original duration: 16.07
06-29 22:06:16.731 30753 31899 W Summariser:   summarised duration: -1.00
06-29 22:06:16.731 30753 31899 W Summariser:   noise tolerance: 45.00
06-29 22:06:16.731 30753 31899 W Summariser:   quality: 23
06-29 22:06:16.731 30753 31899 W Summariser:   speed: medium
06-29 22:06:16.731 30753 31899 W Summariser:   freeze duration: 1.00
06-29 22:06:21.058 30753 30753 W NearbyFragment: Completed downloading 20200312_151044!002.mp4 from Endpoint{id=MHNk, name=Nexus 5X [34d8]} in 04.070s
06-29 22:06:23.060 30753 31927 W Summariser: No activity detected
06-29 22:06:23.099 30753 31927 W Summariser: Summarisation completed
06-29 22:06:23.099 30753 31927 W Summariser:   filename: 20200312_151044!002.mp4
06-29 22:06:23.099 30753 31927 W Summariser:   active sections: 0
06-29 22:06:23.099 30753 31927 W Summariser:   time: 01.951s
06-29 22:06:23.099 30753 31927 W Summariser:   original duration: 16.01
06-29 22:06:23.099 30753 31927 W Summariser:   summarised duration: -1.00
06-29 22:06:23.099 30753 31927 W Summariser:   noise tolerance: 45.00
06-29 22:06:23.099 30753 31927 W Summariser:   quality: 23
06-29 22:06:23.099 30753 31927 W Summariser:   speed: medium
06-29 22:06:23.099 30753 31927 W Summariser:   freeze duration: 1.00
06-29 22:06:39.306 30753 30753 W NearbyFragment: Completed downloading 20200312_193528!000.mp4 from Endpoint{id=MHNk, name=Nexus 5X [34d8]} in 01.993s
06-29 22:06:41.349 30753 31964 W Summariser: No activity detected
06-29 22:06:41.398 30753 31964 W Summariser: Summarisation completed
06-29 22:06:41.398 30753 31964 W Summariser:   filename: 20200312_193528!000.mp4
06-29 22:06:41.398 30753 31964 W Summariser:   active sections: 0
06-29 22:06:41.398 30753 31964 W Summariser:   time: 01.986s
06-29 22:06:41.398 30753 31964 W Summariser:   original duration: 16.06
06-29 22:06:41.398 30753 31964 W Summariser:   summarised duration: -1.00
06-29 22:06:41.398 30753 31964 W Summariser:   noise tolerance: 45.00
06-29 22:06:41.398 30753 31964 W Summariser:   quality: 23
06-29 22:06:41.398 30753 31964 W Summariser:   speed: medium
06-29 22:06:41.398 30753 31964 W Summariser:   freeze duration: 1.00
06-29 22:06:45.188 30753 30753 W NearbyFragment: Completed downloading 20200312_193528!002.mp4 from Endpoint{id=MHNk, name=Nexus 5X [34d8]} in 03.534s
06-29 22:06:45.249 30753 30765 W System  : A resource failed to call close. 
06-29 22:06:45.256 30753 30765 W System  : A resource failed to call close. 
06-29 22:06:45.264 30753 30765 W System  : A resource failed to call close. 
06-29 22:06:45.272 30753 30765 W System  : A resource failed to call close. 
06-29 22:06:47.253 30753 31991 W Summariser: No activity detected
06-29 22:06:47.301 30753 31991 W Summariser: Summarisation completed
06-29 22:06:47.301 30753 31991 W Summariser:   filename: 20200312_193528!002.mp4
06-29 22:06:47.301 30753 31991 W Summariser:   active sections: 0
06-29 22:06:47.301 30753 31991 W Summariser:   time: 01.994s
06-29 22:06:47.301 30753 31991 W Summariser:   original duration: 16.06
06-29 22:06:47.301 30753 31991 W Summariser:   summarised duration: -1.00
06-29 22:06:47.301 30753 31991 W Summariser:   noise tolerance: 45.00
06-29 22:06:47.301 30753 31991 W Summariser:   quality: 23
06-29 22:06:47.301 30753 31991 W Summariser:   speed: medium
06-29 22:06:47.301 30753 31991 W Summariser:   freeze duration: 1.00
06-29 22:07:07.349 30753 30753 W NearbyFragment: Completed downloading 20200312_193628!000.mp4 from Endpoint{id=MHNk, name=Nexus 5X [34d8]} in 02.081s
06-29 22:07:09.306 30753 32023 W Summariser: No activity detected
06-29 22:07:09.352 30753 32023 W Summariser: Summarisation completed
06-29 22:07:09.352 30753 32023 W Summariser:   filename: 20200312_193628!000.mp4
06-29 22:07:09.352 30753 32023 W Summariser:   active sections: 0
06-29 22:07:09.352 30753 32023 W Summariser:   time: 01.899s
06-29 22:07:09.352 30753 32023 W Summariser:   original duration: 16.07
06-29 22:07:09.352 30753 32023 W Summariser:   summarised duration: -1.00
06-29 22:07:09.352 30753 32023 W Summariser:   noise tolerance: 45.00
06-29 22:07:09.352 30753 32023 W Summariser:   quality: 23
06-29 22:07:09.352 30753 32023 W Summariser:   speed: medium
06-29 22:07:09.352 30753 32023 W Summariser:   freeze duration: 1.00
06-29 22:07:12.845 30753 30753 W NearbyFragment: Completed downloading 20200312_193628!002.mp4 from Endpoint{id=MHNk, name=Nexus 5X [34d8]} in 03.434s
06-29 22:07:14.803 30753 32055 W Summariser: No activity detected
06-29 22:07:14.861 30753 32055 W Summariser: Summarisation completed
06-29 22:07:14.861 30753 32055 W Summariser:   filename: 20200312_193628!002.mp4
06-29 22:07:14.861 30753 32055 W Summariser:   active sections: 0
06-29 22:07:14.861 30753 32055 W Summariser:   time: 01.872s
06-29 22:07:14.861 30753 32055 W Summariser:   original duration: 16.02
06-29 22:07:14.861 30753 32055 W Summariser:   summarised duration: -1.00
06-29 22:07:14.861 30753 32055 W Summariser:   noise tolerance: 45.00
06-29 22:07:14.861 30753 32055 W Summariser:   quality: 23
06-29 22:07:14.861 30753 32055 W Summariser:   speed: medium
06-29 22:07:14.861 30753 32055 W Summariser:   freeze duration: 1.00
06-29 22:07:37.347 30753 30753 W NearbyFragment: Completed downloading 20200312_193728!000.mp4 from Endpoint{id=MHNk, name=Nexus 5X [34d8]} in 02.904s
06-29 22:07:39.476 30753 32085 W Summariser: Whole video is active
06-29 22:07:39.952 30753 32085 W Summariser: Summarisation completed
06-29 22:07:39.952 30753 32085 W Summariser:   filename: 20200312_193728!000.mp4
06-29 22:07:39.952 30753 32085 W Summariser:   active sections: -1
06-29 22:07:39.952 30753 32085 W Summariser:   time: 02.454s
06-29 22:07:39.952 30753 32085 W Summariser:   original duration: 16.06
06-29 22:07:39.952 30753 32085 W Summariser:   summarised duration: 16.06
06-29 22:07:39.952 30753 32085 W Summariser:   noise tolerance: 45.00
06-29 22:07:39.952 30753 32085 W Summariser:   quality: 23
06-29 22:07:39.952 30753 32085 W Summariser:   speed: medium
06-29 22:07:39.952 30753 32085 W Summariser:   freeze duration: 1.00
06-29 22:07:39.974 30753 32085 W NearbyFragment: Sending 20200312_193728!000.mp4 to Nexus 5X [34d8]
06-29 22:07:48.429 30753 30753 W NearbyFragment: Completed downloading 20200312_193728!003.mp4 from Endpoint{id=MHNk, name=Nexus 5X [34d8]} in 08.383s
06-29 22:07:50.135 30753 32119 W Summariser: Whole video is active
06-29 22:07:50.506 30753 32119 W Summariser: Summarisation completed
06-29 22:07:50.506 30753 32119 W Summariser:   filename: 20200312_193728!003.mp4
06-29 22:07:50.506 30753 32119 W Summariser:   active sections: -1
06-29 22:07:50.506 30753 32119 W Summariser:   time: 01.929s
06-29 22:07:50.506 30753 32119 W Summariser:   original duration: 11.98
06-29 22:07:50.506 30753 32119 W Summariser:   summarised duration: 11.98
06-29 22:07:50.506 30753 32119 W Summariser:   noise tolerance: 45.00
06-29 22:07:50.506 30753 32119 W Summariser:   quality: 23
06-29 22:07:50.506 30753 32119 W Summariser:   speed: medium
06-29 22:07:50.506 30753 32119 W Summariser:   freeze duration: 1.00
06-29 22:07:50.541 30753 32119 W NearbyFragment: Sending 20200312_193728!003.mp4 to Nexus 5X [34d8]
06-29 22:08:24.159 30753 30753 W NearbyFragment: Completed downloading 20200312_193828!000.mp4 from Endpoint{id=MHNk, name=Nexus 5X [34d8]} in 01.778s
06-29 22:08:26.289 30753 32200 W Summariser: 1 active sections found
06-29 22:08:39.671 30753 32200 W Summariser: Summarisation completed
06-29 22:08:39.671 30753 32200 W Summariser:   filename: 20200312_193828!000.mp4
06-29 22:08:39.671 30753 32200 W Summariser:   active sections: 1
06-29 22:08:39.671 30753 32200 W Summariser:   time: 15.354s
06-29 22:08:39.671 30753 32200 W Summariser:   original duration: 16.06
06-29 22:08:39.671 30753 32200 W Summariser:   summarised duration: 14.28
06-29 22:08:39.671 30753 32200 W Summariser:   noise tolerance: 45.00
06-29 22:08:39.671 30753 32200 W Summariser:   quality: 23
06-29 22:08:39.671 30753 32200 W Summariser:   speed: medium
06-29 22:08:39.671 30753 32200 W Summariser:   freeze duration: 1.00
06-29 22:08:39.752 30753 32200 W NearbyFragment: Sending 20200312_193828!000.mp4 to Nexus 5X [34d8]
06-29 22:08:57.644 30753 30753 W NearbyFragment: Completed downloading 20200312_193928!000.mp4 from Endpoint{id=MHNk, name=Nexus 5X [34d8]} in 02.194s
06-29 22:08:59.704 30753 32266 W Summariser: No activity detected
06-29 22:08:59.751 30753 32266 W Summariser: Summarisation completed
06-29 22:08:59.751 30753 32266 W Summariser:   filename: 20200312_193928!000.mp4
06-29 22:08:59.751 30753 32266 W Summariser:   active sections: 0
06-29 22:08:59.751 30753 32266 W Summariser:   time: 01.990s
06-29 22:08:59.751 30753 32266 W Summariser:   original duration: 16.90
06-29 22:08:59.751 30753 32266 W Summariser:   summarised duration: -1.00
06-29 22:08:59.751 30753 32266 W Summariser:   noise tolerance: 45.00
06-29 22:08:59.751 30753 32266 W Summariser:   quality: 23
06-29 22:08:59.751 30753 32266 W Summariser:   speed: medium
06-29 22:08:59.751 30753 32266 W Summariser:   freeze duration: 1.00
06-29 22:09:04.977 30753 30765 W System  : A resource failed to call close. 
06-29 22:09:04.983 30753 30765 W System  : A resource failed to call close. 
06-29 22:09:04.985 30753 30765 W System  : A resource failed to call close. 
06-29 22:09:04.988 30753 30765 W System  : A resource failed to call close. 
06-29 22:09:05.788 30753 30753 W NearbyFragment: Completed downloading 20200312_193928!002.mp4 from Endpoint{id=MHNk, name=Nexus 5X [34d8]} in 05.777s
06-29 22:09:07.835 30753 32294 W Summariser: No activity detected
06-29 22:09:07.862 30753 32294 W Summariser: Summarisation completed
06-29 22:09:07.862 30753 32294 W Summariser:   filename: 20200312_193928!002.mp4
06-29 22:09:07.862 30753 32294 W Summariser:   active sections: 0
06-29 22:09:07.862 30753 32294 W Summariser:   time: 01.993s
06-29 22:09:07.862 30753 32294 W Summariser:   original duration: 16.06
06-29 22:09:07.862 30753 32294 W Summariser:   summarised duration: -1.00
06-29 22:09:07.862 30753 32294 W Summariser:   noise tolerance: 45.00
06-29 22:09:07.862 30753 32294 W Summariser:   quality: 23
06-29 22:09:07.862 30753 32294 W Summariser:   speed: medium
06-29 22:09:07.862 30753 32294 W Summariser:   freeze duration: 1.00
06-29 22:09:27.552 30753 30753 W NearbyFragment: Completed downloading 20200312_194129!000.mp4 from Endpoint{id=MHNk, name=Nexus 5X [34d8]} in 02.294s
06-29 22:09:29.822 30753 32327 W Summariser: No activity detected
06-29 22:09:29.847 30753 32327 W Summariser: Summarisation completed
06-29 22:09:29.847 30753 32327 W Summariser:   filename: 20200312_194129!000.mp4
06-29 22:09:29.847 30753 32327 W Summariser:   active sections: 0
06-29 22:09:29.847 30753 32327 W Summariser:   time: 02.191s
06-29 22:09:29.847 30753 32327 W Summariser:   original duration: 16.07
06-29 22:09:29.847 30753 32327 W Summariser:   summarised duration: -1.00
06-29 22:09:29.847 30753 32327 W Summariser:   noise tolerance: 45.00
06-29 22:09:29.847 30753 32327 W Summariser:   quality: 23
06-29 22:09:29.847 30753 32327 W Summariser:   speed: medium
06-29 22:09:29.847 30753 32327 W Summariser:   freeze duration: 1.00
06-29 22:09:33.955 30753 30753 W NearbyFragment: Completed downloading 20200312_194129!002.mp4 from Endpoint{id=MHNk, name=Nexus 5X [34d8]} in 04.023s
06-29 22:09:36.006 30753 32355 W Summariser: 1 active sections found
06-29 22:09:42.967 30753 32355 W Summariser: Summarisation completed
06-29 22:09:42.967 30753 32355 W Summariser:   filename: 20200312_194129!002.mp4
06-29 22:09:42.967 30753 32355 W Summariser:   active sections: 1
06-29 22:09:42.967 30753 32355 W Summariser:   time: 08.907s
06-29 22:09:42.967 30753 32355 W Summariser:   original duration: 16.01
06-29 22:09:42.967 30753 32355 W Summariser:   summarised duration: 7.37
06-29 22:09:42.967 30753 32355 W Summariser:   noise tolerance: 45.00
06-29 22:09:42.967 30753 32355 W Summariser:   quality: 23
06-29 22:09:42.967 30753 32355 W Summariser:   speed: medium
06-29 22:09:42.967 30753 32355 W Summariser:   freeze duration: 1.00
06-29 22:09:42.989 30753 32355 W NearbyFragment: Sending 20200312_194129!002.mp4 to Nexus 5X [34d8]
06-29 22:09:56.393 30753 30753 W NearbyFragment: Completed downloading 20200312_194229!000.mp4 from Endpoint{id=MHNk, name=Nexus 5X [34d8]} in 01.755s
06-29 22:09:58.486 30753 32419 W Summariser: 1 active sections found
06-29 22:10:04.929 30753 32419 W Summariser: Summarisation completed
06-29 22:10:04.929 30753 32419 W Summariser:   filename: 20200312_194229!000.mp4
06-29 22:10:04.929 30753 32419 W Summariser:   active sections: 1
06-29 22:10:04.929 30753 32419 W Summariser:   time: 08.314s
06-29 22:10:04.929 30753 32419 W Summariser:   original duration: 16.06
06-29 22:10:04.929 30753 32419 W Summariser:   summarised duration: 5.62
06-29 22:10:04.929 30753 32419 W Summariser:   noise tolerance: 45.00
06-29 22:10:04.929 30753 32419 W Summariser:   quality: 23
06-29 22:10:04.929 30753 32419 W Summariser:   speed: medium
06-29 22:10:04.929 30753 32419 W Summariser:   freeze duration: 1.00
06-29 22:10:04.968 30753 32419 W NearbyFragment: Sending 20200312_194229!000.mp4 to Nexus 5X [34d8]
06-29 22:10:08.445 30753 30753 W NearbyFragment: Completed downloading 20200312_194229!003.mp4 from Endpoint{id=MHNk, name=Nexus 5X [34d8]} in 03.375s
06-29 22:10:09.995 30753 32482 W Summariser: No activity detected
06-29 22:10:10.040 30753 32482 W Summariser: Summarisation completed
06-29 22:10:10.040 30753 32482 W Summariser:   filename: 20200312_194229!003.mp4
06-29 22:10:10.040 30753 32482 W Summariser:   active sections: 0
06-29 22:10:10.040 30753 32482 W Summariser:   time: 01.488s
06-29 22:10:10.040 30753 32482 W Summariser:   original duration: 11.98
06-29 22:10:10.040 30753 32482 W Summariser:   summarised duration: -1.00
06-29 22:10:10.040 30753 32482 W Summariser:   noise tolerance: 45.00
06-29 22:10:10.040 30753 32482 W Summariser:   quality: 23
06-29 22:10:10.040 30753 32482 W Summariser:   speed: medium
06-29 22:10:10.040 30753 32482 W Summariser:   freeze duration: 1.00
06-29 22:10:24.134 30753 30753 W NearbyFragment: Completed downloading 20200312_194330!000.mp4 from Endpoint{id=MHNk, name=Nexus 5X [34d8]} in 01.950s
06-29 22:10:26.347 30753 32511 W Summariser: No activity detected
06-29 22:10:26.371 30753 32511 W Summariser: Summarisation completed
06-29 22:10:26.371 30753 32511 W Summariser:   filename: 20200312_194330!000.mp4
06-29 22:10:26.371 30753 32511 W Summariser:   active sections: 0
06-29 22:10:26.371 30753 32511 W Summariser:   time: 02.157s
06-29 22:10:26.371 30753 32511 W Summariser:   original duration: 16.07
06-29 22:10:26.371 30753 32511 W Summariser:   summarised duration: -1.00
06-29 22:10:26.371 30753 32511 W Summariser:   noise tolerance: 45.00
06-29 22:10:26.371 30753 32511 W Summariser:   quality: 23
06-29 22:10:26.371 30753 32511 W Summariser:   speed: medium
06-29 22:10:26.371 30753 32511 W Summariser:   freeze duration: 1.00
06-29 22:10:32.538 30753 30753 W NearbyFragment: Completed downloading 20200312_194330!002.mp4 from Endpoint{id=MHNk, name=Nexus 5X [34d8]} in 06.094s
06-29 22:10:33.966 30753 30753 W NearbyFragment: Completed downloading 20200312_194330!003.mp4 from Endpoint{id=MHNk, name=Nexus 5X [34d8]} in 02.521s
06-29 22:10:34.687 30753 32542 W Summariser: No activity detected
06-29 22:10:34.745 30753 32542 W Summariser: Summarisation completed
06-29 22:10:34.745 30753 32542 W Summariser:   filename: 20200312_194330!002.mp4
06-29 22:10:34.745 30753 32542 W Summariser:   active sections: 0
06-29 22:10:34.745 30753 32542 W Summariser:   time: 02.083s
06-29 22:10:34.745 30753 32542 W Summariser:   original duration: 16.01
06-29 22:10:34.745 30753 32542 W Summariser:   summarised duration: -1.00
06-29 22:10:34.745 30753 32542 W Summariser:   noise tolerance: 45.00
06-29 22:10:34.745 30753 32542 W Summariser:   quality: 23
06-29 22:10:34.745 30753 32542 W Summariser:   speed: medium
06-29 22:10:34.745 30753 32542 W Summariser:   freeze duration: 1.00
06-29 22:10:36.235 30753 32542 W Summariser: No activity detected
06-29 22:10:36.262 30753 32542 W Summariser: Summarisation completed
06-29 22:10:36.262 30753 32542 W Summariser:   filename: 20200312_194330!003.mp4
06-29 22:10:36.262 30753 32542 W Summariser:   active sections: 0
06-29 22:10:36.262 30753 32542 W Summariser:   time: 01.470s
06-29 22:10:36.262 30753 32542 W Summariser:   original duration: 12.01
06-29 22:10:36.262 30753 32542 W Summariser:   summarised duration: -1.00
06-29 22:10:36.262 30753 32542 W Summariser:   noise tolerance: 45.00
06-29 22:10:36.262 30753 32542 W Summariser:   quality: 23
06-29 22:10:36.262 30753 32542 W Summariser:   speed: medium
06-29 22:10:36.262 30753 32542 W Summariser:   freeze duration: 1.00
06-29 22:10:51.333 30753 30765 W System  : A resource failed to call close. 
06-29 22:10:51.336 30753 30765 W System  : A resource failed to call close. 
06-29 22:10:51.336 30753 30765 W System  : A resource failed to call close. 
06-29 22:10:51.337 30753 30765 W System  : A resource failed to call close. 
06-29 22:10:51.337 30753 30765 W System  : A resource failed to call close. 
06-29 22:10:51.339 30753 30765 W System  : A resource failed to call close. 
06-29 22:10:51.341 30753 30765 W System  : A resource failed to call close. 
06-29 22:10:51.347 30753 30765 W System  : A resource failed to call close. 
06-29 22:10:51.347 30753 30765 W System  : A resource failed to call close. 
06-29 22:10:51.348 30753 30765 W System  : A resource failed to call close. 
06-29 22:10:51.349 30753 30765 W System  : A resource failed to call close. 
06-29 22:10:52.196 30753 30753 W NearbyFragment: Completed downloading 20200312_194730!000.mp4 from Endpoint{id=MHNk, name=Nexus 5X [34d8]} in 01.796s
06-29 22:10:54.247 30753 32598 W Summariser: No activity detected
06-29 22:10:54.292 30753 32598 W Summariser: Summarisation completed
06-29 22:10:54.292 30753 32598 W Summariser:   filename: 20200312_194730!000.mp4
06-29 22:10:54.292 30753 32598 W Summariser:   active sections: 0
06-29 22:10:54.292 30753 32598 W Summariser:   time: 01.994s
06-29 22:10:54.292 30753 32598 W Summariser:   original duration: 16.07
06-29 22:10:54.292 30753 32598 W Summariser:   summarised duration: -1.00
06-29 22:10:54.292 30753 32598 W Summariser:   noise tolerance: 45.00
06-29 22:10:54.292 30753 32598 W Summariser:   quality: 23
06-29 22:10:54.292 30753 32598 W Summariser:   speed: medium
06-29 22:10:54.292 30753 32598 W Summariser:   freeze duration: 1.00
06-29 22:10:58.172 30753 30753 W NearbyFragment: Completed downloading 20200312_194730!002.mp4 from Endpoint{id=MHNk, name=Nexus 5X [34d8]} in 03.756s
06-29 22:11:00.284 30753 32674 W Summariser: No activity detected
06-29 22:11:00.341 30753 32674 W Summariser: Summarisation completed
06-29 22:11:00.341 30753 32674 W Summariser:   filename: 20200312_194730!002.mp4
06-29 22:11:00.341 30753 32674 W Summariser:   active sections: 0
06-29 22:11:00.341 30753 32674 W Summariser:   time: 02.053s
06-29 22:11:00.341 30753 32674 W Summariser:   original duration: 16.01
06-29 22:11:00.341 30753 32674 W Summariser:   summarised duration: -1.00
06-29 22:11:00.341 30753 32674 W Summariser:   noise tolerance: 45.00
06-29 22:11:00.341 30753 32674 W Summariser:   quality: 23
06-29 22:11:00.341 30753 32674 W Summariser:   speed: medium
06-29 22:11:00.341 30753 32674 W Summariser:   freeze duration: 1.00
06-29 22:11:21.355 30753 30753 W NearbyFragment: Completed downloading 20200312_194830!000.mp4 from Endpoint{id=MHNk, name=Nexus 5X [34d8]} in 01.826s
06-29 22:11:23.502 30753 32720 W Summariser: 1 active sections found
06-29 22:11:28.586 30753 32720 W Summariser: Summarisation completed
06-29 22:11:28.586 30753 32720 W Summariser:   filename: 20200312_194830!000.mp4
06-29 22:11:28.586 30753 32720 W Summariser:   active sections: 1
06-29 22:11:28.586 30753 32720 W Summariser:   time: 07.077s
06-29 22:11:28.586 30753 32720 W Summariser:   original duration: 16.06
06-29 22:11:28.586 30753 32720 W Summariser:   summarised duration: 3.97
06-29 22:11:28.586 30753 32720 W Summariser:   noise tolerance: 45.00
06-29 22:11:28.586 30753 32720 W Summariser:   quality: 23
06-29 22:11:28.586 30753 32720 W Summariser:   speed: medium
06-29 22:11:28.586 30753 32720 W Summariser:   freeze duration: 1.00
06-29 22:11:28.637 30753 32720 W NearbyFragment: Sending 20200312_194830!000.mp4 to Nexus 5X [34d8]
06-29 22:11:30.682 30753 30753 W NearbyFragment: Completed downloading 20200312_194830!003.mp4 from Endpoint{id=MHNk, name=Nexus 5X [34d8]} in 01.823s
06-29 22:11:32.257 30753   314 W Summariser: No activity detected
06-29 22:11:32.281 30753   314 W Summariser: Summarisation completed
06-29 22:11:32.281 30753   314 W Summariser:   filename: 20200312_194830!003.mp4
06-29 22:11:32.281 30753   314 W Summariser:   active sections: 0
06-29 22:11:32.281 30753   314 W Summariser:   time: 01.503s
06-29 22:11:32.281 30753   314 W Summariser:   original duration: 11.98
06-29 22:11:32.281 30753   314 W Summariser:   summarised duration: -1.00
06-29 22:11:32.281 30753   314 W Summariser:   noise tolerance: 45.00
06-29 22:11:32.281 30753   314 W Summariser:   quality: 23
06-29 22:11:32.281 30753   314 W Summariser:   speed: medium
06-29 22:11:32.281 30753   314 W Summariser:   freeze duration: 1.00
06-29 22:11:52.525 30753 30753 W NearbyFragment: Completed downloading 20200312_194930!000.mp4 from Endpoint{id=MHNk, name=Nexus 5X [34d8]} in 01.875s
06-29 22:11:54.597 30753 30753 W NearbyFragment: Completed downloading 20200312_194930!001.mp4 from Endpoint{id=MHNk, name=Nexus 5X [34d8]} in 01.979s
06-29 22:11:54.949 30753   367 W Summariser: 1 active sections found
06-29 22:12:04.332 30753   367 W Summariser: Summarisation completed
06-29 22:12:04.332 30753   367 W Summariser:   filename: 20200312_194930!000.mp4
06-29 22:12:04.332 30753   367 W Summariser:   active sections: 1
06-29 22:12:04.332 30753   367 W Summariser:   time: 11.651s
06-29 22:12:04.332 30753   367 W Summariser:   original duration: 16.07
06-29 22:12:04.332 30753   367 W Summariser:   summarised duration: 9.36
06-29 22:12:04.332 30753   367 W Summariser:   noise tolerance: 45.00
06-29 22:12:04.332 30753   367 W Summariser:   quality: 23
06-29 22:12:04.332 30753   367 W Summariser:   speed: medium
06-29 22:12:04.332 30753   367 W Summariser:   freeze duration: 1.00
06-29 22:12:04.388 30753   367 W NearbyFragment: Sending 20200312_194930!000.mp4 to Nexus 5X [34d8]
06-29 22:12:06.454 30753   367 W Summariser: 1 active sections found
06-29 22:12:08.604 30753   367 W Summariser: Summarisation completed
06-29 22:12:08.604 30753   367 W Summariser:   filename: 20200312_194930!001.mp4
06-29 22:12:08.604 30753   367 W Summariser:   active sections: 1
06-29 22:12:08.604 30753   367 W Summariser:   time: 04.103s
06-29 22:12:08.604 30753   367 W Summariser:   original duration: 16.01
06-29 22:12:08.604 30753   367 W Summariser:   summarised duration: 2.02
06-29 22:12:08.604 30753   367 W Summariser:   noise tolerance: 45.00
06-29 22:12:08.604 30753   367 W Summariser:   quality: 23
06-29 22:12:08.604 30753   367 W Summariser:   speed: medium
06-29 22:12:08.604 30753   367 W Summariser:   freeze duration: 1.00
06-29 22:12:08.689 30753   367 W NearbyFragment: Sending 20200312_194930!001.mp4 to Nexus 5X [34d8]
06-29 22:12:27.572 30753 30753 W NearbyFragment: Completed downloading 20200312_195230!000.mp4 from Endpoint{id=MHNk, name=Nexus 5X [34d8]} in 01.992s
06-29 22:12:29.731 30753   512 W Summariser: No activity detected
06-29 22:12:29.756 30753   512 W Summariser: Summarisation completed
06-29 22:12:29.756 30753   512 W Summariser:   filename: 20200312_195230!000.mp4
06-29 22:12:29.756 30753   512 W Summariser:   active sections: 0
06-29 22:12:29.756 30753   512 W Summariser:   time: 02.072s
06-29 22:12:29.756 30753   512 W Summariser:   original duration: 16.07
06-29 22:12:29.756 30753   512 W Summariser:   summarised duration: -1.00
06-29 22:12:29.756 30753   512 W Summariser:   noise tolerance: 45.00
06-29 22:12:29.756 30753   512 W Summariser:   quality: 23
06-29 22:12:29.756 30753   512 W Summariser:   speed: medium
06-29 22:12:29.756 30753   512 W Summariser:   freeze duration: 1.00
06-29 22:12:35.669 30753 30753 W NearbyFragment: Completed downloading 20200312_195230!002.mp4 from Endpoint{id=MHNk, name=Nexus 5X [34d8]} in 05.856s
06-29 22:12:35.842 30753 30765 W System  : A resource failed to call close. 
06-29 22:12:35.845 30753 30765 W System  : A resource failed to call close. 
06-29 22:12:37.026 30753 30753 W NearbyFragment: Completed downloading 20200312_195230!003.mp4 from Endpoint{id=MHNk, name=Nexus 5X [34d8]} in 02.453s
06-29 22:12:37.767 30753   541 W Summariser: No activity detected
06-29 22:12:37.823 30753   541 W Summariser: Summarisation completed
06-29 22:12:37.823 30753   541 W Summariser:   filename: 20200312_195230!002.mp4
06-29 22:12:37.823 30753   541 W Summariser:   active sections: 0
06-29 22:12:37.823 30753   541 W Summariser:   time: 02.044s
06-29 22:12:37.823 30753   541 W Summariser:   original duration: 16.01
06-29 22:12:37.823 30753   541 W Summariser:   summarised duration: -1.00
06-29 22:12:37.823 30753   541 W Summariser:   noise tolerance: 45.00
06-29 22:12:37.823 30753   541 W Summariser:   quality: 23
06-29 22:12:37.823 30753   541 W Summariser:   speed: medium
06-29 22:12:37.823 30753   541 W Summariser:   freeze duration: 1.00
06-29 22:12:39.275 30753   541 W Summariser: No activity detected
06-29 22:12:39.300 30753   541 W Summariser: Summarisation completed
06-29 22:12:39.300 30753   541 W Summariser:   filename: 20200312_195230!003.mp4
06-29 22:12:39.300 30753   541 W Summariser:   active sections: 0
06-29 22:12:39.300 30753   541 W Summariser:   time: 01.432s
06-29 22:12:39.300 30753   541 W Summariser:   original duration: 12.01
06-29 22:12:39.300 30753   541 W Summariser:   summarised duration: -1.00
06-29 22:12:39.300 30753   541 W Summariser:   noise tolerance: 45.00
06-29 22:12:39.300 30753   541 W Summariser:   quality: 23
06-29 22:12:39.300 30753   541 W Summariser:   speed: medium
06-29 22:12:39.300 30753   541 W Summariser:   freeze duration: 1.00
06-29 22:12:58.930 30753 30753 W NearbyFragment: Completed downloading 20200312_195330!000.mp4 from Endpoint{id=MHNk, name=Nexus 5X [34d8]} in 01.805s
06-29 22:13:00.927 30753 30753 W NearbyFragment: Completed downloading 20200312_195330!001.mp4 from Endpoint{id=MHNk, name=Nexus 5X [34d8]} in 01.918s
06-29 22:13:01.223 30753   598 W Summariser: 1 active sections found
06-29 22:13:03.959 30753   598 W Summariser: Summarisation completed
06-29 22:13:03.959 30753   598 W Summariser:   filename: 20200312_195330!000.mp4
06-29 22:13:03.959 30753   598 W Summariser:   active sections: 1
06-29 22:13:03.959 30753   598 W Summariser:   time: 04.897s
06-29 22:13:03.959 30753   598 W Summariser:   original duration: 16.07
06-29 22:13:03.959 30753   598 W Summariser:   summarised duration: 1.11
06-29 22:13:03.959 30753   598 W Summariser:   noise tolerance: 45.00
06-29 22:13:03.959 30753   598 W Summariser:   quality: 23
06-29 22:13:03.959 30753   598 W Summariser:   speed: medium
06-29 22:13:03.959 30753   598 W Summariser:   freeze duration: 1.00
06-29 22:13:04.003 30753   598 W NearbyFragment: Sending 20200312_195330!000.mp4 to Nexus 5X [34d8]
06-29 22:13:05.953 30753   598 W Summariser: 2 active sections found
06-29 22:13:11.024 30753 30753 W NearbyFragment: Completed downloading 20200312_195330!003.mp4 from Endpoint{id=MHNk, name=Nexus 5X [34d8]} in 06.949s
06-29 22:13:16.615 30753   598 W Summariser: Summarisation completed
06-29 22:13:16.615 30753   598 W Summariser:   filename: 20200312_195330!001.mp4
06-29 22:13:16.615 30753   598 W Summariser:   active sections: 2
06-29 22:13:16.615 30753   598 W Summariser:   time: 12.482s
06-29 22:13:16.615 30753   598 W Summariser:   original duration: 16.02
06-29 22:13:16.615 30753   598 W Summariser:   summarised duration: 10.91
06-29 22:13:16.615 30753   598 W Summariser:   noise tolerance: 45.00
06-29 22:13:16.615 30753   598 W Summariser:   quality: 23
06-29 22:13:16.615 30753   598 W Summariser:   speed: medium
06-29 22:13:16.615 30753   598 W Summariser:   freeze duration: 1.00
06-29 22:13:16.686 30753   598 W NearbyFragment: Sending 20200312_195330!001.mp4 to Nexus 5X [34d8]
06-29 22:13:18.266 30753   598 W Summariser: 1 active sections found
06-29 22:13:21.978 30753   598 W Summariser: Summarisation completed
06-29 22:13:21.978 30753   598 W Summariser:   filename: 20200312_195330!003.mp4
06-29 22:13:21.978 30753   598 W Summariser:   active sections: 1
06-29 22:13:21.978 30753   598 W Summariser:   time: 05.214s
06-29 22:13:21.978 30753   598 W Summariser:   original duration: 12.03
06-29 22:13:21.978 30753   598 W Summariser:   summarised duration: 3.53
06-29 22:13:21.978 30753   598 W Summariser:   noise tolerance: 45.00
06-29 22:13:21.978 30753   598 W Summariser:   quality: 23
06-29 22:13:21.978 30753   598 W Summariser:   speed: medium
06-29 22:13:21.978 30753   598 W Summariser:   freeze duration: 1.00
06-29 22:13:21.999 30753   598 W NearbyFragment: Sending 20200312_195330!003.mp4 to Nexus 5X [34d8]
06-29 22:13:30.910 30753 30753 W NearbyFragment: Completed downloading 20200312_195430!000.mp4 from Endpoint{id=MHNk, name=Nexus 5X [34d8]} in 01.743s
06-29 22:13:33.012 30753   800 W Summariser: 1 active sections found
06-29 22:13:36.826 30753 30753 W NearbyFragment: Completed downloading 20200312_195430!002.mp4 from Endpoint{id=MHNk, name=Nexus 5X [34d8]} in 02.036s
06-29 22:13:38.860 30753   800 W Summariser: Summarisation completed
06-29 22:13:38.860 30753   800 W Summariser:   filename: 20200312_195430!000.mp4
06-29 22:13:38.860 30753   800 W Summariser:   active sections: 1
06-29 22:13:38.860 30753   800 W Summariser:   time: 07.830s
06-29 22:13:38.860 30753   800 W Summariser:   original duration: 16.06
06-29 22:13:38.860 30753   800 W Summariser:   summarised duration: 5.34
06-29 22:13:38.860 30753   800 W Summariser:   noise tolerance: 45.00
06-29 22:13:38.860 30753   800 W Summariser:   quality: 23
06-29 22:13:38.860 30753   800 W Summariser:   speed: medium
06-29 22:13:38.860 30753   800 W Summariser:   freeze duration: 1.00
06-29 22:13:38.893 30753   800 W NearbyFragment: Sending 20200312_195430!000.mp4 to Nexus 5X [34d8]
06-29 22:13:40.834 30753   800 W Summariser: 2 active sections found
06-29 22:13:46.465 30753   800 W Summariser: Summarisation completed
06-29 22:13:46.465 30753   800 W Summariser:   filename: 20200312_195430!002.mp4
06-29 22:13:46.465 30753   800 W Summariser:   active sections: 2
06-29 22:13:46.465 30753   800 W Summariser:   time: 07.483s
06-29 22:13:46.465 30753   800 W Summariser:   original duration: 16.01
06-29 22:13:46.465 30753   800 W Summariser:   summarised duration: 6.17
06-29 22:13:46.465 30753   800 W Summariser:   noise tolerance: 45.00
06-29 22:13:46.465 30753   800 W Summariser:   quality: 23
06-29 22:13:46.465 30753   800 W Summariser:   speed: medium
06-29 22:13:46.465 30753   800 W Summariser:   freeze duration: 1.00
06-29 22:13:46.487 30753   800 W NearbyFragment: Sending 20200312_195430!002.mp4 to Nexus 5X [34d8]
