--------- beginning of main
07-05 22:11:14.748  2543  2543 E Zygote  : isWhitelistProcess - Process is Whitelisted
07-05 22:11:14.749  2543  2543 E Zygote  : accessInfo : 1
--------- beginning of system
07-05 22:11:16.302  2543  2543 W LogFactory: Truncating log tag length as it exceed 23, the limit imposed by Android on certain API Levels
07-05 22:11:19.447  2543  2543 W ActivityThread: handleWindowVisibility: no activity for token android.os.BinderProxy@b6ddef0
07-05 22:11:19.541  2543  2543 W example.edgesu: Accessing hidden method Landroid/graphics/drawable/Drawable;->getOpticalInsets()Landroid/graphics/Insets; (light greylist, linking)
07-05 22:11:19.541  2543  2543 W example.edgesu: Accessing hidden field Landroid/graphics/Insets;->left:I (light greylist, linking)
07-05 22:11:19.541  2543  2543 W example.edgesu: Accessing hidden field Landroid/graphics/Insets;->right:I (light greylist, linking)
07-05 22:11:19.541  2543  2543 W example.edgesu: Accessing hidden field Landroid/graphics/Insets;->top:I (light greylist, linking)
07-05 22:11:19.541  2543  2543 W example.edgesu: Accessing hidden field Landroid/graphics/Insets;->bottom:I (light greylist, linking)
07-05 22:11:19.592  2543  2543 W example.edgesu: Accessing hidden method Landroid/view/View;->computeFitSystemWindows(Landroid/graphics/Rect;Landroid/graphics/Rect;)Z (light greylist, reflection)
07-05 22:11:19.592  2543  2543 W example.edgesu: Accessing hidden method Landroid/view/ViewGroup;->makeOptionalFitsSystemWindows()V (light greylist, reflection)
07-05 22:11:19.696  2543  2543 W example.edgesu: Accessing hidden method Landroid/widget/TextView;->getTextDirectionHeuristic()Landroid/text/TextDirectionHeuristic; (light greylist, linking)
07-05 22:11:19.709  2543  2543 W example.edgesu: Accessing hidden field Landroid/view/View;->mAccessibilityDelegate:Landroid/view/View$AccessibilityDelegate; (light greylist, reflection)
07-05 22:11:20.031  2543  2543 E TransferService: No notification is passed in the intent. Unable to transition to foreground.
07-05 22:11:20.082  2543  2543 W StaticLayout: maxLineHeight should not be -1.  maxLines:1 lineCount:1
07-05 22:11:20.091  2543  2543 W StaticLayout: maxLineHeight should not be -1.  maxLines:1 lineCount:1
07-05 22:11:20.096  2543  2543 W StaticLayout: maxLineHeight should not be -1.  maxLines:1 lineCount:1
07-05 22:11:20.100  2543  2543 W StaticLayout: maxLineHeight should not be -1.  maxLines:1 lineCount:1
07-05 22:11:20.119  2543  2543 W StaticLayout: maxLineHeight should not be -1.  maxLines:1 lineCount:1
07-05 22:11:20.123  2543  2543 W StaticLayout: maxLineHeight should not be -1.  maxLines:1 lineCount:1
07-05 22:11:43.938  2543  2543 W example.edgesu: Accessing hidden method Landroid/graphics/FontFamily;-><init>()V (light greylist, reflection)
07-05 22:11:43.938  2543  2543 W example.edgesu: Accessing hidden method Landroid/graphics/FontFamily;->addFontFromAssetManager(Landroid/content/res/AssetManager;Ljava/lang/String;IZIII[Landroid/graphics/fonts/FontVariationAxis;)Z (light greylist, reflection)
07-05 22:11:43.938  2543  2543 W example.edgesu: Accessing hidden method Landroid/graphics/FontFamily;->addFontFromBuffer(Ljava/nio/ByteBuffer;I[Landroid/graphics/fonts/FontVariationAxis;II)Z (light greylist, reflection)
07-05 22:11:43.938  2543  2543 W example.edgesu: Accessing hidden method Landroid/graphics/FontFamily;->freeze()Z (light greylist, reflection)
07-05 22:11:43.938  2543  2543 W example.edgesu: Accessing hidden method Landroid/graphics/FontFamily;->abortCreation()V (light greylist, reflection)
07-05 22:11:43.938  2543  2543 W example.edgesu: Accessing hidden method Landroid/graphics/Typeface;->createFromFamiliesWithDefault([Landroid/graphics/FontFamily;Ljava/lang/String;II)Landroid/graphics/Typeface; (light greylist, reflection)
07-05 22:11:44.819  2543  2568 W libEGL  : EGLNativeWindowType 0x78d6889010 disconnect failed
07-05 22:11:44.836  2543  2543 E ViewRootImpl: sendUserActionEvent() returned.
07-05 22:11:53.909  2543  2568 W libEGL  : EGLNativeWindowType 0x78d693c010 disconnect failed
07-05 22:11:54.017  2543  2543 E ViewRootImpl: sendUserActionEvent() returned.
07-05 22:12:57.706  2543  2543 W NearbyFragment: Preferences:
07-05 22:12:57.706  2543  2543 W NearbyFragment:   Auto download: true
07-05 22:12:57.706  2543  2543 W NearbyFragment:   Algorithm: least_busy
07-05 22:12:57.706  2543  2543 W NearbyFragment:   Fast scheduling: true
07-05 22:12:57.706  2543  2543 W NearbyFragment:   Segmentation: true
07-05 22:12:57.706  2543  2543 W NearbyFragment:   Auto segmentation: false
07-05 22:12:57.706  2543  2543 W NearbyFragment:   Segment number: 4
07-05 22:12:57.706  2543  2543 W NearbyFragment:   Noise tolerance: 45.00
07-05 22:12:57.706  2543  2543 W NearbyFragment:   Quality: 23
07-05 22:12:57.706  2543  2543 W NearbyFragment:   Speed: medium
07-05 22:12:57.706  2543  2543 W NearbyFragment:   Freeze duration: 1.00
07-05 22:12:57.707  2543  2543 W NearbyFragment: Download delay: 1s
07-05 22:12:57.707  2543  2543 W NearbyFragment: Started downloading from dashcam
07-05 22:13:15.380  2543  3092 W DashDownloadManager: Successfully downloaded 20200312_150643.mp4 in 17.489s
07-05 22:13:15.504  2543  3105 W mobile-ffmpeg: [mov,mp4,m4a,3gp,3g2,mj2 @ 0x78e6763e00] Found duplicated MOOV Atom. Skipped it
07-05 22:13:15.627  2543  3105 W mobile-ffmpeg: [mov,mp4,m4a,3gp,3g2,mj2 @ 0x78e6763e00] Found duplicated MOOV Atom. Skipped it
07-05 22:13:15.961  2543  3092 W NearbyFragment: Sending 20200312_150643!000.mp4 to Nexus 5X [34d8]
07-05 22:13:19.542  2543  2543 W NearbyFragment: Sending 20200312_150643!001.mp4 to Nexus 5 [1825]
07-05 22:13:22.880  2543  2543 W NearbyFragment: Sending 20200312_150643!002.mp4 to Nexus 5X [34d8]
07-05 22:13:26.618  2543  2543 W NearbyFragment: Sending 20200312_150643!003.mp4 to Nexus 5X [34d8]
07-05 22:13:43.503  2543  3092 W DashDownloadManager: Successfully downloaded 20200312_150744.mp4 in 26.471s
07-05 22:13:43.513  2543  3105 W mobile-ffmpeg: [mov,mp4,m4a,3gp,3g2,mj2 @ 0x78e6763e00] Found duplicated MOOV Atom. Skipped it
07-05 22:13:43.584  2543  3105 W mobile-ffmpeg: [mov,mp4,m4a,3gp,3g2,mj2 @ 0x78e6763e00] Found duplicated MOOV Atom. Skipped it
07-05 22:13:43.956  2543  3092 W NearbyFragment: Sending 20200312_150744!000.mp4 to Nexus 5X [34d8]
07-05 22:13:46.677  2543  2543 W NearbyFragment: Sending 20200312_150744!001.mp4 to Nexus 5 [1825]
07-05 22:13:51.936  2543  2543 W NearbyFragment: Sending 20200312_150744!002.mp4 to Nexus 5X [34d8]
07-05 22:13:52.350  2543  2543 W NearbyFragment: Sending 20200312_150744!003.mp4 to Nexus 5X [34d8]
07-05 22:14:11.290  2543  3092 W DashDownloadManager: Successfully downloaded 20200312_150844.mp4 in 26.272s
07-05 22:14:11.300  2543  3105 W mobile-ffmpeg: [mov,mp4,m4a,3gp,3g2,mj2 @ 0x78d151a200] Found duplicated MOOV Atom. Skipped it
07-05 22:14:11.398  2543  3105 W mobile-ffmpeg: [mov,mp4,m4a,3gp,3g2,mj2 @ 0x78d151a200] Found duplicated MOOV Atom. Skipped it
07-05 22:14:11.717  2543  3092 W NearbyFragment: Sending 20200312_150844!000.mp4 to Nexus 5 [1825]
07-05 22:14:17.394  2543  2543 W NearbyFragment: Sending 20200312_150844!001.mp4 to Nexus 5X [34d8]
07-05 22:14:24.598  2543  2543 W NearbyFragment: Sending 20200312_150844!002.mp4 to Nexus 5 [1825]
07-05 22:14:27.679  2543  2543 W NearbyFragment: Sending 20200312_150844!003.mp4 to Nexus 5X [34d8]
07-05 22:14:29.409  2543  2543 W NearbyFragment: Completed downloading 20200312_150744!003.mp4 from Endpoint{id=Qd2N, name=Nexus 5X [34d8]} in 01.741s
07-05 22:14:29.563  2543  2543 W FfmpegTools: Single segment returned, duration of 20200312_150744: 4.89
07-05 22:14:29.786  2543  2552 W System  : A resource failed to call close. 
07-05 22:14:29.797  2543  2552 W System  : A resource failed to call close. 
07-05 22:14:41.772  2543  2543 W NearbyFragment: Completed downloading 20200312_150844!000.mp4 from Endpoint{id=Rc4h, name=Nexus 5 [1825]} in 17.178s
07-05 22:14:46.820  2543  2543 W example.edgesu: Accessing hidden method Landroid/view/View;->getTransitionAlpha()F (light greylist, linking)
07-05 22:14:46.820  2543  2543 W example.edgesu: Accessing hidden method Landroid/view/View;->setTransitionAlpha(F)V (light greylist, linking)
07-05 22:14:46.821  2543  2543 W example.edgesu: Accessing hidden method Landroid/view/View;->setAnimationMatrix(Landroid/graphics/Matrix;)V (light greylist, linking)
07-05 22:14:46.821  2543  2543 W example.edgesu: Accessing hidden method Landroid/view/View;->transformMatrixToGlobal(Landroid/graphics/Matrix;)V (light greylist, linking)
07-05 22:14:46.821  2543  2543 W example.edgesu: Accessing hidden method Landroid/view/View;->transformMatrixToLocal(Landroid/graphics/Matrix;)V (light greylist, linking)
07-05 22:14:46.821  2543  2543 W example.edgesu: Accessing hidden method Landroid/view/View;->setLeftTopRightBottom(IIII)V (light greylist, linking)
07-05 22:14:46.821  2543  2543 W example.edgesu: Accessing hidden method Landroid/view/View;->setTransitionVisibility(I)V (dark greylist, linking)
07-05 22:14:46.852  2543  2543 W StaticLayout: maxLineHeight should not be -1.  maxLines:1 lineCount:1
07-05 22:14:46.858  2543  2543 W StaticLayout: maxLineHeight should not be -1.  maxLines:1 lineCount:1
07-05 22:14:47.073  2543  2543 W example.edgesu: Accessing hidden field Landroid/view/View;->mViewFlags:I (light greylist, reflection)
07-05 22:14:47.075  2543  2543 W example.edgesu: Accessing hidden method Landroid/view/ViewGroup;->suppressLayout(Z)V (light greylist, linking)
07-05 22:14:47.665  2543  2543 W NearbyFragment: Completed downloading 20200312_150844!002.mp4 from Endpoint{id=Rc4h, name=Nexus 5 [1825]} in 05.294s
07-05 22:14:49.629  2543  2543 W NearbyFragment: Completed downloading 20200312_150844!001.mp4 from Endpoint{id=Qd2N, name=Nexus 5X [34d8]} in 14.731s
07-05 22:14:52.951  2543  2543 W NearbyFragment: Completed downloading 20200312_150844!003.mp4 from Endpoint{id=Qd2N, name=Nexus 5X [34d8]} in 02.793s
07-05 22:14:53.914  2543  2543 W FfmpegTools: Merged duration of 20200312_150844: 60.08
07-05 22:14:55.307  2543  3092 W DashDownloadManager: Successfully downloaded 20200312_150944.mp4 in 42.533s
07-05 22:14:55.317  2543  3105 W mobile-ffmpeg: [mov,mp4,m4a,3gp,3g2,mj2 @ 0x78d151a800] Found duplicated MOOV Atom. Skipped it
07-05 22:14:55.411  2543  3105 W mobile-ffmpeg: [mov,mp4,m4a,3gp,3g2,mj2 @ 0x78d151a800] Found duplicated MOOV Atom. Skipped it
07-05 22:14:55.734  2543  3092 W NearbyFragment: Sending 20200312_150944!000.mp4 to Nexus 5X [34d8]
07-05 22:15:11.792  2543  2543 W NearbyFragment: Sending 20200312_150944!001.mp4 to Nexus 5 [1825]
07-05 22:15:17.108  2543  2543 W NearbyFragment: Sending 20200312_150944!002.mp4 to Nexus 5X [34d8]
07-05 22:15:19.871  2543  3092 W DashDownloadManager: Successfully downloaded 20200312_151044.mp4 in 23.050s
07-05 22:15:19.880  2543  3105 W mobile-ffmpeg: [mov,mp4,m4a,3gp,3g2,mj2 @ 0x78d151a800] Found duplicated MOOV Atom. Skipped it
07-05 22:15:19.960  2543  3105 W mobile-ffmpeg: [mov,mp4,m4a,3gp,3g2,mj2 @ 0x78d151a800] Found duplicated MOOV Atom. Skipped it
07-05 22:15:20.300  2543  3092 W NearbyFragment: Sending 20200312_150944!003.mp4 to Nexus 5 [1825]
07-05 22:15:23.856  2543  2543 W NearbyFragment: Sending 20200312_151044!000.mp4 to Nexus 5 [1825]
07-05 22:15:33.404  2543  2543 W NearbyFragment: Sending 20200312_151044!001.mp4 to Nexus 5X [34d8]
07-05 22:15:35.807  2543  2543 W NearbyFragment: Sending 20200312_151044!002.mp4 to Nexus 5 [1825]
07-05 22:15:40.583  2543  2543 W NearbyFragment: Sending 20200312_151044!003.mp4 to Nexus 5 [1825]
07-05 22:15:44.235  2543  2543 W NearbyFragment: Completed downloading 20200312_150944!000.mp4 from Endpoint{id=Qd2N, name=Nexus 5X [34d8]} in 00.110s
07-05 22:15:46.312  2543  3092 W DashDownloadManager: Successfully downloaded 20200312_193528.mp4 in 24.889s
07-05 22:15:46.322  2543  3105 W mobile-ffmpeg: [mov,mp4,m4a,3gp,3g2,mj2 @ 0x78d2ffe800] Found duplicated MOOV Atom. Skipped it
07-05 22:15:46.414  2543  3105 W mobile-ffmpeg: [mov,mp4,m4a,3gp,3g2,mj2 @ 0x78d2ffe800] Found duplicated MOOV Atom. Skipped it
07-05 22:15:46.766  2543  3092 W NearbyFragment: Sending 20200312_193528!000.mp4 to Nexus 5X [34d8]
07-05 22:15:48.486  2543  2543 W NearbyFragment: Sending 20200312_193528!001.mp4 to Nexus 5 [1825]
07-05 22:15:50.174  2543  2543 W NearbyFragment: Sending 20200312_193528!002.mp4 to Nexus 5X [34d8]
07-05 22:15:50.721  2543  2543 W FfmpegTools: Single segment returned, duration of 20200312_150944: 7.07
07-05 22:15:50.827  2543  2543 W NearbyFragment: Sending 20200312_193528!003.mp4 to Nexus 5X [34d8]
07-05 22:16:18.668  2543  3092 W DashDownloadManager: Successfully downloaded 20200312_193628.mp4 in 30.786s
07-05 22:16:18.683  2543  3105 W mobile-ffmpeg: [mov,mp4,m4a,3gp,3g2,mj2 @ 0x78d2ffe800] Found duplicated MOOV Atom. Skipped it
07-05 22:16:18.787  2543  3105 W mobile-ffmpeg: [mov,mp4,m4a,3gp,3g2,mj2 @ 0x78d2ffe800] Found duplicated MOOV Atom. Skipped it
07-05 22:16:19.145  2543  3092 W NearbyFragment: Sending 20200312_193628!000.mp4 to Nexus 5 [1825]
07-05 22:16:20.147  2543  2543 W NearbyFragment: Sending 20200312_193628!001.mp4 to Nexus 5X [34d8]
07-05 22:16:20.642  2543  2543 W NearbyFragment: Sending 20200312_193628!002.mp4 to Nexus 5 [1825]
07-05 22:16:24.670  2543  2543 W NearbyFragment: Sending 20200312_193628!003.mp4 to Nexus 5 [1825]
07-05 22:16:51.033  2543  3092 W DashDownloadManager: Successfully downloaded 20200312_193728.mp4 in 30.778s
07-05 22:16:51.042  2543  3105 W mobile-ffmpeg: [mov,mp4,m4a,3gp,3g2,mj2 @ 0x78d2ffe800] Found duplicated MOOV Atom. Skipped it
07-05 22:16:51.146  2543  3105 W mobile-ffmpeg: [mov,mp4,m4a,3gp,3g2,mj2 @ 0x78d2ffe800] Found duplicated MOOV Atom. Skipped it
07-05 22:16:51.545  2543  3092 W NearbyFragment: Sending 20200312_193728!000.mp4 to Nexus 5X [34d8]
07-05 22:17:00.848  2543  2543 W NearbyFragment: Sending 20200312_193728!001.mp4 to Nexus 5X [34d8]
07-05 22:17:06.406  2543  2543 W NearbyFragment: Sending 20200312_193728!002.mp4 to Nexus 5 [1825]
07-05 22:17:08.529  2543  2543 W NearbyFragment: Sending 20200312_193728!003.mp4 to Nexus 5X [34d8]
07-05 22:17:14.202  2543  2543 W NearbyFragment: Completed downloading 20200312_193728!000.mp4 from Endpoint{id=Qd2N, name=Nexus 5X [34d8]} in 05.683s
07-05 22:17:19.883  2543  2543 W NearbyFragment: Completed downloading 20200312_193728!001.mp4 from Endpoint{id=Qd2N, name=Nexus 5X [34d8]} in 03.809s
07-05 22:17:20.400  2543  2543 W NearbyFragment: Completed downloading 20200312_193628!003.mp4 from Endpoint{id=Rc4h, name=Nexus 5 [1825]} in 01.232s
07-05 22:17:20.457  2543  2543 W FfmpegTools: Single segment returned, duration of 20200312_193628: 6.16
07-05 22:17:24.214  2543  3092 W DashDownloadManager: Successfully downloaded 20200312_193828.mp4 in 31.612s
07-05 22:17:24.225  2543  3105 W mobile-ffmpeg: [mov,mp4,m4a,3gp,3g2,mj2 @ 0x78e66ffe00] Found duplicated MOOV Atom. Skipped it
07-05 22:17:24.329  2543  3105 W mobile-ffmpeg: [mov,mp4,m4a,3gp,3g2,mj2 @ 0x78e66ffe00] Found duplicated MOOV Atom. Skipped it
07-05 22:17:24.698  2543  3092 W NearbyFragment: Sending 20200312_193828!000.mp4 to Nexus 5X [34d8]
07-05 22:17:26.345  2543  2543 W NearbyFragment: Sending 20200312_193828!001.mp4 to Nexus 5 [1825]
07-05 22:17:31.459  2543  2543 W NearbyFragment: Sending 20200312_193828!002.mp4 to Nexus 5X [34d8]
07-05 22:17:31.645  2543  2543 W NearbyFragment: Sending 20200312_193828!003.mp4 to Nexus 5 [1825]
07-05 22:17:40.133  2543  2543 W NearbyFragment: Completed downloading 20200312_193728!003.mp4 from Endpoint{id=Qd2N, name=Nexus 5X [34d8]} in 08.006s
07-05 22:17:46.481  2543  2543 W NearbyFragment: Completed downloading 20200312_193728!002.mp4 from Endpoint{id=Rc4h, name=Nexus 5 [1825]} in 14.839s
07-05 22:17:47.489  2543  2543 W FfmpegTools: Merged duration of 20200312_193728: 60.07
07-05 22:18:03.275  2543  3092 W DashDownloadManager: Successfully downloaded 20200312_193928.mp4 in 37.491s
07-05 22:18:03.283  2543  3105 W mobile-ffmpeg: [mov,mp4,m4a,3gp,3g2,mj2 @ 0x78e66ffe00] Found duplicated MOOV Atom. Skipped it
07-05 22:18:03.334  2543  3105 W mobile-ffmpeg: [mov,mp4,m4a,3gp,3g2,mj2 @ 0x78e66ffe00] Found duplicated MOOV Atom. Skipped it
07-05 22:18:03.617  2543  3092 W NearbyFragment: Sending 20200312_193928!000.mp4 to Nexus 5 [1825]
07-05 22:18:11.459  2543  2543 W NearbyFragment: Sending 20200312_193928!001.mp4 to Nexus 5 [1825]
07-05 22:18:17.635  2543  2543 W NearbyFragment: Sending 20200312_193928!002.mp4 to Nexus 5X [34d8]
07-05 22:18:18.569  2543  2543 W NearbyFragment: Sending 20200312_193928!003.mp4 to Nexus 5 [1825]
07-05 22:18:33.555  2543  3092 W DashDownloadManager: Successfully downloaded 20200312_194129.mp4 in 28.807s
07-05 22:18:33.565  2543  3105 W mobile-ffmpeg: [mov,mp4,m4a,3gp,3g2,mj2 @ 0x78e66ffe00] Found duplicated MOOV Atom. Skipped it
07-05 22:18:33.632  2543  3105 W mobile-ffmpeg: [mov,mp4,m4a,3gp,3g2,mj2 @ 0x78e66ffe00] Found duplicated MOOV Atom. Skipped it
07-05 22:18:33.975  2543  3092 W NearbyFragment: Sending 20200312_194129!000.mp4 to Nexus 5 [1825]
07-05 22:18:34.057  2543  2543 W NearbyFragment: Sending 20200312_194129!001.mp4 to Nexus 5 [1825]
07-05 22:18:38.733  2543  2543 W NearbyFragment: Sending 20200312_194129!002.mp4 to Nexus 5X [34d8]
07-05 22:18:39.810  2543  2543 W NearbyFragment: Sending 20200312_194129!003.mp4 to Nexus 5 [1825]
07-05 22:18:46.250  2543  2543 W NearbyFragment: Completed downloading 20200312_193828!000.mp4 from Endpoint{id=Qd2N, name=Nexus 5X [34d8]} in 07.521s
07-05 22:18:46.430  2543  2543 W FfmpegTools: Single segment returned, duration of 20200312_193828: 14.28
07-05 22:19:05.086  2543  3092 W DashDownloadManager: Successfully downloaded 20200312_194229.mp4 in 30.037s
07-05 22:19:05.095  2543  3105 W mobile-ffmpeg: [mov,mp4,m4a,3gp,3g2,mj2 @ 0x78e66ff200] Found duplicated MOOV Atom. Skipped it
07-05 22:19:05.185  2543  3105 W mobile-ffmpeg: [mov,mp4,m4a,3gp,3g2,mj2 @ 0x78e66ff200] Found duplicated MOOV Atom. Skipped it
07-05 22:19:05.512  2543  3092 W NearbyFragment: Sending 20200312_194229!000.mp4 to Nexus 5X [34d8]
07-05 22:19:12.989  2543  2543 W NearbyFragment: Sending 20200312_194229!001.mp4 to Nexus 5 [1825]
07-05 22:19:13.399  2543  2543 W NearbyFragment: Completed downloading 20200312_194129!001.mp4 from Endpoint{id=Rc4h, name=Nexus 5 [1825]} in 00.412s
07-05 22:19:16.837  2543  2543 W NearbyFragment: Sending 20200312_194229!002.mp4 to Nexus 5X [34d8]
07-05 22:19:21.841  2543  2543 W NearbyFragment: Sending 20200312_194229!003.mp4 to Nexus 5 [1825]
07-05 22:19:21.938  2543  2552 W System  : A resource failed to call close. 
07-05 22:19:21.974  2543  2552 W System  : A resource failed to call close. 
07-05 22:19:25.732  2543  2543 W NearbyFragment: Completed downloading 20200312_194129!003.mp4 from Endpoint{id=Rc4h, name=Nexus 5 [1825]} in 00.114s
07-05 22:19:34.673  2543  3092 W DashDownloadManager: Successfully downloaded 20200312_194330.mp4 in 28.021s
07-05 22:19:34.687  2543  3105 W mobile-ffmpeg: [mov,mp4,m4a,3gp,3g2,mj2 @ 0x78e66ff200] Found duplicated MOOV Atom. Skipped it
07-05 22:19:34.769  2543  3105 W mobile-ffmpeg: [mov,mp4,m4a,3gp,3g2,mj2 @ 0x78e66ff200] Found duplicated MOOV Atom. Skipped it
07-05 22:19:35.121  2543  3092 W NearbyFragment: Sending 20200312_194330!000.mp4 to Nexus 5 [1825]
07-05 22:19:42.412  2543  2543 W NearbyFragment: Sending 20200312_194330!001.mp4 to Nexus 5X [34d8]
07-05 22:19:43.612  2543  2543 W NearbyFragment: Sending 20200312_194330!002.mp4 to Nexus 5X [34d8]
07-05 22:19:44.064  2543  2543 W NearbyFragment: Completed downloading 20200312_194129!002.mp4 from Endpoint{id=Qd2N, name=Nexus 5X [34d8]} in 00.451s
07-05 22:19:44.353  2543  2543 W FfmpegTools: Merged duration of 20200312_194129: 11.04
07-05 22:19:53.064  2543  2543 W NearbyFragment: Sending 20200312_194330!003.mp4 to Nexus 5 [1825]
07-05 22:20:02.989  2543  3092 W DashDownloadManager: Successfully downloaded 20200312_194730.mp4 in 26.792s
07-05 22:20:02.995  2543  3105 W mobile-ffmpeg: [mov,mp4,m4a,3gp,3g2,mj2 @ 0x78e66ff200] Found duplicated MOOV Atom. Skipped it
07-05 22:20:03.057  2543  3105 W mobile-ffmpeg: [mov,mp4,m4a,3gp,3g2,mj2 @ 0x78e66ff200] Found duplicated MOOV Atom. Skipped it
07-05 22:20:03.393  2543  3092 W NearbyFragment: Sending 20200312_194730!000.mp4 to Nexus 5X [34d8]
07-05 22:20:05.344  2543  2543 W NearbyFragment: Sending 20200312_194730!001.mp4 to Nexus 5 [1825]
07-05 22:20:12.036  2543  2543 W NearbyFragment: Sending 20200312_194730!002.mp4 to Nexus 5X [34d8]
07-05 22:20:17.540  2543  2543 W NearbyFragment: Sending 20200312_194730!003.mp4 to Nexus 5 [1825]
07-05 22:20:18.475  2543  2543 W NearbyFragment: Completed downloading 20200312_194229!001.mp4 from Endpoint{id=Rc4h, name=Nexus 5 [1825]} in 00.943s
07-05 22:20:29.677  2543  2543 W NearbyFragment: Completed downloading 20200312_194229!000.mp4 from Endpoint{id=Qd2N, name=Nexus 5X [34d8]} in 00.422s
07-05 22:20:35.230  2543  3092 W DashDownloadManager: Successfully downloaded 20200312_194830.mp4 in 30.663s
07-05 22:20:35.240  2543  3105 W mobile-ffmpeg: [mov,mp4,m4a,3gp,3g2,mj2 @ 0x78e66ff200] Found duplicated MOOV Atom. Skipped it
07-05 22:20:35.343  2543  3105 W mobile-ffmpeg: [mov,mp4,m4a,3gp,3g2,mj2 @ 0x78e66ff200] Found duplicated MOOV Atom. Skipped it
07-05 22:20:35.670  2543  3092 W NearbyFragment: Sending 20200312_194830!000.mp4 to Nexus 5 [1825]
07-05 22:20:37.819  2543  2543 W FfmpegTools: Merged duration of 20200312_194229: 14.35
07-05 22:20:37.869  2543  2543 W NearbyFragment: Sending 20200312_194830!001.mp4 to Nexus 5X [34d8]
07-05 22:20:42.225  2543  2543 W NearbyFragment: Sending 20200312_194830!002.mp4 to Nexus 5 [1825]
07-05 22:20:43.411  2543  2543 W NearbyFragment: Sending 20200312_194830!003.mp4 to Nexus 5 [1825]
07-05 22:20:59.203  2543  3092 W DashDownloadManager: Successfully downloaded 20200312_194930.mp4 in 22.442s
07-05 22:20:59.215  2543  3105 W mobile-ffmpeg: [mov,mp4,m4a,3gp,3g2,mj2 @ 0x78e66ff200] Found duplicated MOOV Atom. Skipped it
07-05 22:20:59.328  2543  3105 W mobile-ffmpeg: [mov,mp4,m4a,3gp,3g2,mj2 @ 0x78e66ff200] Found duplicated MOOV Atom. Skipped it
07-05 22:20:59.683  2543  3092 W NearbyFragment: Sending 20200312_194930!000.mp4 to Nexus 5X [34d8]
07-05 22:21:00.702  2543  2543 W NearbyFragment: Sending 20200312_194930!001.mp4 to Nexus 5X [34d8]
07-05 22:21:02.984  2543  2543 W NearbyFragment: Sending 20200312_194930!002.mp4 to Nexus 5 [1825]
07-05 22:21:05.849  2543  2543 W NearbyFragment: Sending 20200312_194930!003.mp4 to Nexus 5X [34d8]
07-05 22:21:34.190  2543  3092 W DashDownloadManager: Successfully downloaded 20200312_195230.mp4 in 33.356s
07-05 22:21:34.202  2543  3105 W mobile-ffmpeg: [mov,mp4,m4a,3gp,3g2,mj2 @ 0x78e66ff200] Found duplicated MOOV Atom. Skipped it
07-05 22:21:34.270  2543  3105 W mobile-ffmpeg: [mov,mp4,m4a,3gp,3g2,mj2 @ 0x78e66ff200] Found duplicated MOOV Atom. Skipped it
07-05 22:21:34.607  2543  3092 W NearbyFragment: Sending 20200312_195230!000.mp4 to Nexus 5X [34d8]
07-05 22:21:35.011  2543  2543 W NearbyFragment: Sending 20200312_195230!001.mp4 to Nexus 5 [1825]
07-05 22:21:36.251  2543  2543 W NearbyFragment: Sending 20200312_195230!002.mp4 to Nexus 5 [1825]
07-05 22:21:36.673  2543  2543 W NearbyFragment: Completed downloading 20200312_194830!000.mp4 from Endpoint{id=Rc4h, name=Nexus 5 [1825]} in 00.422s
07-05 22:21:41.997  2543  2543 W NearbyFragment: Sending 20200312_195230!003.mp4 to Nexus 5X [34d8]
07-05 22:21:56.234  2543  2543 W NearbyFragment: Completed downloading 20200312_194830!001.mp4 from Endpoint{id=Qd2N, name=Nexus 5X [34d8]} in 00.911s
07-05 22:22:03.899  2543  3092 W DashDownloadManager: Successfully downloaded 20200312_195330.mp4 in 28.206s
07-05 22:22:03.908  2543  3105 W mobile-ffmpeg: [mov,mp4,m4a,3gp,3g2,mj2 @ 0x78e66ff200] Found duplicated MOOV Atom. Skipped it
07-05 22:22:03.980  2543  3105 W mobile-ffmpeg: [mov,mp4,m4a,3gp,3g2,mj2 @ 0x78e66ff200] Found duplicated MOOV Atom. Skipped it
07-05 22:22:04.306  2543  3092 W NearbyFragment: Sending 20200312_195330!000.mp4 to Nexus 5X [34d8]
07-05 22:22:04.802  2543  2543 W NearbyFragment: Sending 20200312_195330!001.mp4 to Nexus 5 [1825]
07-05 22:22:10.798  2543  2543 W NearbyFragment: Sending 20200312_195330!002.mp4 to Nexus 5X [34d8]
07-05 22:22:16.680  2543  2543 W NearbyFragment: Sending 20200312_195330!003.mp4 to Nexus 5 [1825]
07-05 22:22:32.545  2543  2543 W NearbyFragment: Completed downloading 20200312_194830!002.mp4 from Endpoint{id=Rc4h, name=Nexus 5 [1825]} in 00.752s
07-05 22:22:32.929  2543  3092 W DashDownloadManager: Successfully downloaded 20200312_195430.mp4 in 27.510s
07-05 22:22:32.935  2543  3105 W mobile-ffmpeg: [mov,mp4,m4a,3gp,3g2,mj2 @ 0x78e66ff200] Found duplicated MOOV Atom. Skipped it
07-05 22:22:33.020  2543  3105 W mobile-ffmpeg: [mov,mp4,m4a,3gp,3g2,mj2 @ 0x78e66ff200] Found duplicated MOOV Atom. Skipped it
07-05 22:22:33.375  2543  3092 W NearbyFragment: Sending 20200312_195430!000.mp4 to Nexus 5 [1825]
07-05 22:22:34.381  2543  3092 W NearbyFragment: Stopped downloading from dashcam
07-05 22:22:40.413  2543  2543 W NearbyFragment: Sending 20200312_195430!001.mp4 to Nexus 5X [34d8]
07-05 22:22:40.693  2543  2543 W FfmpegTools: Merged duration of 20200312_194830: 20.90
07-05 22:22:40.774  2543  2543 W NearbyFragment: Sending 20200312_195430!002.mp4 to Nexus 5 [1825]
07-05 22:22:46.730  2543  2543 W NearbyFragment: Sending 20200312_195430!003.mp4 to Nexus 5 [1825]
07-05 22:22:56.524  2543  2543 W NearbyFragment: Completed downloading 20200312_194930!000.mp4 from Endpoint{id=Qd2N, name=Nexus 5X [34d8]} in 01.075s
07-05 22:23:10.926  2543  2543 W NearbyFragment: Completed downloading 20200312_194930!001.mp4 from Endpoint{id=Qd2N, name=Nexus 5X [34d8]} in 00.352s
07-05 22:23:33.554  2543  2543 W NearbyFragment: Completed downloading 20200312_195230!001.mp4 from Endpoint{id=Rc4h, name=Nexus 5 [1825]} in 00.717s
07-05 22:23:57.713  2543  2543 W NearbyFragment: Completed downloading 20200312_194930!003.mp4 from Endpoint{id=Qd2N, name=Nexus 5X [34d8]} in 00.438s
07-05 22:23:58.015  2543  2543 W FfmpegTools: Merged duration of 20200312_194930: 22.33
07-05 22:24:07.449  2543  2543 W FfmpegTools: Single segment returned, duration of 20200312_195230: 6.97
07-05 22:24:21.583  2543  2543 W NearbyFragment: Completed downloading 20200312_195330!000.mp4 from Endpoint{id=Qd2N, name=Nexus 5X [34d8]} in 00.089s
07-05 22:24:39.661  2543  2543 W NearbyFragment: Completed downloading 20200312_195330!001.mp4 from Endpoint{id=Rc4h, name=Nexus 5 [1825]} in 01.055s
07-05 22:25:01.550  2543  2543 W NearbyFragment: Completed downloading 20200312_195330!002.mp4 from Endpoint{id=Qd2N, name=Nexus 5X [34d8]} in 00.306s
07-05 22:25:02.282  2543  2543 W NearbyFragment: Completed downloading 20200312_195330!003.mp4 from Endpoint{id=Rc4h, name=Nexus 5 [1825]} in 00.251s
07-05 22:25:02.584  2543  2543 W FfmpegTools: Merged duration of 20200312_195330: 24.63
07-05 22:25:33.373  2543  2543 W NearbyFragment: Completed downloading 20200312_195430!000.mp4 from Endpoint{id=Rc4h, name=Nexus 5 [1825]} in 00.406s
07-05 22:25:40.111  2543  2543 W NearbyFragment: Completed downloading 20200312_195430!001.mp4 from Endpoint{id=Qd2N, name=Nexus 5X [34d8]} in 00.664s
07-05 22:26:06.922  2543  2543 W NearbyFragment: Completed downloading 20200312_195430!002.mp4 from Endpoint{id=Rc4h, name=Nexus 5 [1825]} in 00.602s
07-05 22:26:32.035  2543  2543 W NearbyFragment: Completed downloading 20200312_195430!003.mp4 from Endpoint{id=Rc4h, name=Nexus 5 [1825]} in 00.219s
07-05 22:26:32.282  2543  2543 W FfmpegTools: Merged duration of 20200312_195430: 21.94
